 
****************************************
Report : clocks
Design : khu_sensor_pad
Version: F-2011.09-SP5-3
Date   : Thu Sep  3 02:17:46 2020
****************************************

Attributes:
    d - dont_touch_network
    f - fix_hold
    p - propagated_clock
    G - generated_clock
    g - lib_generated_clock

Clock          Period   Waveform            Attrs     Sources
--------------------------------------------------------------------------------
clk              4.80   {0 2.4}             f         {i_CLK}
clk_half         9.60   {0 4.8}             G f       {khu_sensor_top/divider_by_2/o_CLK_DIV_2}
--------------------------------------------------------------------------------

Generated     Master         Generated      Master         Waveform
Clock         Source         Source         Clock          Modification
--------------------------------------------------------------------------------
clk_half      i_CLK          {khu_sensor_top/divider_by_2/o_CLK_DIV_2}
                                            clk            divide_by(2)
--------------------------------------------------------------------------------
1
 
****************************************
Report : clock_skew
Design : khu_sensor_pad
Version: F-2011.09-SP5-3
Date   : Thu Sep  3 02:17:46 2020
****************************************

                 Rise      Fall  Min Rise  Min fall        Uncertainty
Object          Delay     Delay     Delay     Delay     Plus      Minus
--------------------------------------------------------------------------------
clk_half         0.05      0.05      0.05      0.05      0.20      0.96
clk              0.05      0.05      0.05      0.05      0.20      0.48
async_rstn_glitch_synchronizer/async_rstn_synchronizer/r_ff_reg/CK
                    -         -         -         -      0.09         -
async_rstn_glitch_synchronizer/async_rstn_synchronizer/o_RSTN_reg/CK
                    -         -         -         -      0.09         -
khu_sensor_top/async_rstn_glitch_synchronizer/async_rstn_synchronizer/r_ff_reg/CK
                    -         -         -         -      0.09         -
khu_sensor_top/async_rstn_glitch_synchronizer/async_rstn_synchronizer/o_RSTN_reg/CK
                    -         -         -         -      0.09         -
khu_sensor_top/uart_controller/async_rst_synchronizer/r_ff_reg/CK
                    -         -         -         -      0.09         -
khu_sensor_top/uart_controller/async_rst_synchronizer/o_RST_reg/CK
                    -         -         -         -      0.09         -
khu_sensor_top/uart_controller/async_rstn_synchronizer/r_ff_reg/CK
                    -         -         -         -      0.09         -
khu_sensor_top/uart_controller/async_rstn_synchronizer/o_RSTN_reg/CK
                    -         -         -         -      0.09         -
khu_sensor_top/sensor_core/async_rst_synchronizer/r_ff_reg/CK
                    -         -         -         -      0.09         -
khu_sensor_top/sensor_core/async_rst_synchronizer/o_RST_reg/CK
                    -         -         -         -      0.09         -
khu_sensor_top/mpr121_controller/async_rstn_synchronizer/r_ff_reg/CK
                    -         -         -         -      0.09         -
khu_sensor_top/mpr121_controller/async_rstn_synchronizer/o_RSTN_reg/CK
                    -         -         -         -      0.09         -
khu_sensor_top/ads1292_filter/async_rstn_synchronizer/r_ff_reg/CK
                    -         -         -         -      0.09         -
khu_sensor_top/ads1292_filter/async_rstn_synchronizer/o_RSTN_reg/CK
                    -         -         -         -      0.09         -
khu_sensor_top/ads1292_filter/async_rst_synchronizer/r_ff_reg/CK
                    -         -         -         -      0.09         -
khu_sensor_top/ads1292_filter/async_rst_synchronizer/o_RST_reg/CK
                    -         -         -         -      0.09         -
khu_sensor_top/ads1292_controller/async_rstn_synchronizer/r_ff_reg/CK
                    -         -         -         -      0.09         -
khu_sensor_top/ads1292_controller/async_rstn_synchronizer/o_RSTN_reg/CK
                    -         -         -         -      0.09         -
khu_sensor_top/uart_controller/uart_tx/async_rst_synchronizer/r_ff_reg/CK
                    -         -         -         -      0.09         -
khu_sensor_top/uart_controller/uart_tx/async_rst_synchronizer/o_RST_reg/CK
                    -         -         -         -      0.09         -
khu_sensor_top/uart_controller/uart_rx/async_rst_synchronizer/r_ff_reg/CK
                    -         -         -         -      0.09         -
khu_sensor_top/uart_controller/uart_rx/async_rst_synchronizer/o_RST_reg/CK
                    -         -         -         -      0.09         -
khu_sensor_top/mpr121_controller/i2c_master/async_rstn_synchronizer/r_ff_reg/CK
                    -         -         -         -      0.09         -
khu_sensor_top/mpr121_controller/i2c_master/async_rstn_synchronizer/o_RSTN_reg/CK
                    -         -         -         -      0.09         -
khu_sensor_top/ads1292_filter/iir_lpf/async_rstn_synchronizer/r_ff_reg/CK
                    -         -         -         -      0.09         -
khu_sensor_top/ads1292_filter/iir_lpf/async_rstn_synchronizer/o_RSTN_reg/CK
                    -         -         -         -      0.09         -
khu_sensor_top/ads1292_filter/iir_lpf/async_rst_synchronizer/r_ff_reg/CK
                    -         -         -         -      0.09         -
khu_sensor_top/ads1292_filter/iir_lpf/async_rst_synchronizer/o_RST_reg/CK
                    -         -         -         -      0.09         -
khu_sensor_top/ads1292_filter/iir_notch/async_rstn_synchronizer/r_ff_reg/CK
                    -         -         -         -      0.09         -
khu_sensor_top/ads1292_filter/iir_notch/async_rstn_synchronizer/o_RSTN_reg/CK
                    -         -         -         -      0.09         -
khu_sensor_top/ads1292_filter/iir_notch/async_rst_synchronizer/r_ff_reg/CK
                    -         -         -         -      0.09         -
khu_sensor_top/ads1292_filter/iir_notch/async_rst_synchronizer/o_RST_reg/CK
                    -         -         -         -      0.09         -
khu_sensor_top/ads1292_filter/iir_hpf/async_rstn_synchronizer/r_ff_reg/CK
                    -         -         -         -      0.09         -
khu_sensor_top/ads1292_filter/iir_hpf/async_rstn_synchronizer/o_RSTN_reg/CK
                    -         -         -         -      0.09         -
khu_sensor_top/ads1292_filter/iir_hpf/async_rst_synchronizer/r_ff_reg/CK
                    -         -         -         -      0.09         -
khu_sensor_top/ads1292_filter/iir_hpf/async_rst_synchronizer/o_RST_reg/CK
                    -         -         -         -      0.09         -
khu_sensor_top/ads1292_controller/spi_master/async_rstn_synchronizer/r_ff_reg/CK
                    -         -         -         -      0.09         -
khu_sensor_top/ads1292_controller/spi_master/async_rstn_synchronizer/o_RSTN_reg/CK
                    -         -         -         -      0.09         -

                 Max Source Latency                  Min Source Latency
            Early    Early    Late    Late      Early    Early    Late    Late
Object      Rise     Fall     Rise    Fall      Rise     Fall     Rise    Fall
--------------------------------------------------------------------------------
clk_half    0.70     0.70     0.70    0.70      0.70     0.70     0.70    0.70
clk         0.70     0.70     0.70    0.70      0.70     0.70     0.70    0.70

                 Max Transition      Min Transition
Object           Rise      Fall      Rise      Fall
-------------------------------------------------------
clk              0.80      0.80      0.80      0.80
clk_half         0.80      0.80      0.80      0.80
1
