***********************************************
Report          : create_qor_snapshot (chip_finish)
Design          : khu_sensor_pad
Version         : N-2017.09
Date            : Fri Aug 28 07:38:33 2020
Time unit       : 1.0e-09 Second(ns)
Capacitance unit: 1.0e-12 Farad(pF)
Voltage unit    : 1 Volt
Power unit      : 1.0e-03 Watt(mW)
Location        : /home/graduation_project3/2015103977/khu_sensor/Back_End/snapshot
***********************************************
No. of scenario = 1
--------------------------------------------------
WNS of each timing group:                
--------------------------------------------------
--------------------------------------------------
Setup WNS:                                  0.0126 
Setup TNS:                                     0.0
Number of setup violations:                      0  
Hold WNS:                                  -0.4971  
Hold TNS:                                 -29.2158  
Number of hold violations:                      70  
Number of max trans violations:                 21  
Number of max cap violations:                   10  
Number of min pulse width violations:            0  
Route drc violations:                           15
--------------------------------------------------
Area:                                       115866
Cell count:                                  37907
Buf/inv cell count:                          12211
Std cell utilization:                        6.46%
CPU/ELAPSE(hr):                          0.63/0.79
Mem(Mb):                                      1415
Host name:                               vlsi-dist.khu.ac.kr
--------------------------------------------------
Histogram:           
--------------------------------------------------
Max violations:         0 
   above ~ -0.7  ---    0 
    -0.6 ~ -0.7  ---    0 
    -0.5 ~ -0.6  ---    0 
    -0.4 ~ -0.5  ---    0 
    -0.3 ~ -0.4  ---    0 
    -0.2 ~ -0.3  ---    0 
    -0.1 ~ -0.2  ---    0 
       0 ~ -0.1  ---    0 
--------------------------------------------------
Min violations:        70 
  -0.06 ~ above  ---   68 
  -0.05 ~ -0.06  ---    0 
  -0.04 ~ -0.05  ---    0 
  -0.03 ~ -0.04  ---    0 
  -0.02 ~ -0.03  ---    0 
  -0.01 ~ -0.02  ---    1 
      0 ~ -0.01  ---    1 
--------------------------------------------------
Snapshot report (chip_finish.snap.rpt) is created and can be viewed using file "/home/graduation_project3/2015103977/khu_sensor/Back_End/snapshot/chip_finish.snap.rpt.html"
1
