
**********************************
Report : Zroute Shielding Ratio
       : -with_ground VSS
       : -nets all shielded
       : -per_layer false
       : -coaxial_below false
       : -coaxial_above false
       : -coaxial_below_skip_tracks 1
       : -coaxial_above_skip_tracks 1
Design : khu_sensor_pad
Version: 1
Date   : Fri Aug 28 07:38:47 2020
**********************************


Net VSS doesn't have shielding

Number of shielding nets = 0 are found
Shielded <1% side-wall of (khu_sensor_top/w_CLOCK_HALF_G4B3I1)
Shielded <1% side-wall of (khu_sensor_top/w_CLOCK_HALF_G4B3I2)
Shielded <1% side-wall of (khu_sensor_top/w_CLOCK_HALF_G4B2I1)
Shielded <1% side-wall of (khu_sensor_top/w_CLOCK_HALF_G4B1I1)
Shielded <1% side-wall of (khu_sensor_top/w_clk_p_G2B14I1)
Shielded <1% side-wall of (khu_sensor_top/w_clk_p_G2B14I2)
Shielded <1% side-wall of (khu_sensor_top/w_clk_p_G2B14I3)
Shielded <1% side-wall of (khu_sensor_top/w_clk_p_G2B14I4)
Shielded <1% side-wall of (khu_sensor_top/w_clk_p_G2B14I6)
Shielded <1% side-wall of (khu_sensor_top/w_clk_p_G2B14I7)
Shielded <1% side-wall of (khu_sensor_top/w_clk_p_G2B14I8)
Shielded <1% side-wall of (khu_sensor_top/w_clk_p_G2B14I10)
Shielded <1% side-wall of (khu_sensor_top/w_clk_p_G2B14I11)
Shielded <1% side-wall of (khu_sensor_top/w_clk_p_G2B14I12)
Shielded <1% side-wall of (khu_sensor_top/w_clk_p_G2B14I13)
Shielded <1% side-wall of (khu_sensor_top/w_clk_p_G2B14I14)
Shielded <1% side-wall of (khu_sensor_top/w_clk_p_G2B14I15)
Shielded <1% side-wall of (khu_sensor_top/w_clk_p_G2B14I16)
Shielded <1% side-wall of (khu_sensor_top/w_clk_p_G2B14I17)
Shielded <1% side-wall of (khu_sensor_top/w_clk_p_G2B14I18)
Shielded <1% side-wall of (khu_sensor_top/w_clk_p_G2B14I19)
Shielded <1% side-wall of (khu_sensor_top/w_clk_p_G2B14I20)
Shielded <1% side-wall of (khu_sensor_top/w_clk_p_G2B14I21)
Shielded <1% side-wall of (khu_sensor_top/w_clk_p_G2B14I22)
Shielded <1% side-wall of (khu_sensor_top/w_clk_p_G2B13I1)
Shielded <1% side-wall of (khu_sensor_top/w_clk_p_G2B13I2)
Shielded <1% side-wall of (khu_sensor_top/w_clk_p_G2B13I3)
Shielded <1% side-wall of (khu_sensor_top/w_clk_p_G2B13I4)
Shielded <1% side-wall of (khu_sensor_top/w_clk_p_G2B13I5)
Shielded <1% side-wall of (khu_sensor_top/w_clk_p_G2B13I6)
Shielded <1% side-wall of (khu_sensor_top/w_clk_p_G2B13I7)
Shielded <1% side-wall of (khu_sensor_top/w_clk_p_G2B13I8)
Shielded <1% side-wall of (khu_sensor_top/w_clk_p_G2B13I9)
Shielded <1% side-wall of (khu_sensor_top/w_clk_p_G2B13I10)
Shielded <1% side-wall of (khu_sensor_top/w_clk_p_G2B12I1)
Shielded <1% side-wall of (khu_sensor_top/w_clk_p_G2B12I2)
Shielded <1% side-wall of (khu_sensor_top/w_clk_p_G2B12I3)
Shielded <1% side-wall of (khu_sensor_top/w_clk_p_G2B12I4)
Shielded <1% side-wall of (khu_sensor_top/w_clk_p_G2B12I5)
Shielded <1% side-wall of (khu_sensor_top/w_clk_p_G2B12I6)
Shielded <1% side-wall of (khu_sensor_top/w_clk_p_G2B11I1)
Shielded <1% side-wall of (khu_sensor_top/w_clk_p_G2B11I2)
Shielded <1% side-wall of (khu_sensor_top/w_clk_p_G2B11I3)
Shielded <1% side-wall of (khu_sensor_top/w_clk_p_G2B10I1)
Shielded <1% side-wall of (khu_sensor_top/w_clk_p_G2B10I2)
Shielded <1% side-wall of (khu_sensor_top/w_clk_p_G2B9I1)
Shielded <1% side-wall of (khu_sensor_top/w_clk_p_G2B8I1)
Shielded <1% side-wall of (khu_sensor_top/w_clk_p_G2B7I1)
Shielded <1% side-wall of (khu_sensor_top/w_clk_p_G2B7I2)
Shielded <1% side-wall of (khu_sensor_top/w_clk_p_G2B6I1)
Shielded <1% side-wall of (khu_sensor_top/w_clk_p_G2B3I1)
Shielded <1% side-wall of (khu_sensor_top/ads1292_filter/w_clk_p_G2B14I5)
Shielded <1% side-wall of (khu_sensor_top/ads1292_filter/w_clk_p_G2B14I9)
Shielded <1% side-wall of (khu_sensor_top/divider_by_2/n13)
Shielded <1% side-wall of (khu_sensor_top/divider_by_2/o_CLK_DIV_2_G3B1I1)
Shielded <1% side-wall of (khu_sensor_top/divider_by_2/w_clk_p_G2B5I1)
Shielded <1% side-wall of (khu_sensor_top/divider_by_2/w_clk_p_G2B4I1)
Shielded <1% side-wall of (khu_sensor_top/w_CLOCK_HALF)
Shielded <1% side-wall of (w_clk_p)
Shielded 59 nets with average ratio as follows.
	1) 0.00%		(total shield ratio/number of shielded nets)
	2) 0.00%		(total shield length/total shielded net length)

**********************************

