 
****************************************
Report : net fanout
        -threshold 100
Design : khu_sensor_pad
Version: N-2017.09
Date   : Fri Aug 28 07:38:33 2020
****************************************


Operating Conditions: V105WTP1250   Library: std150e_wst_105_p125
Wire Load Model Mode: enclosed

Design        Wire Load Model            Library
------------------------------------------------


Attributes:
   dr - drc disabled
    c - annotated capacitance
    d - dont_touch
    i - ideal_net
    I - ideal_network
    p - includes pin load
    r - annotated resistance
    h - high fanout

Net                 Fanout   Attributes   Capacitance   Driver
--------------------------------------------------------------------------------
khu_sensor_top/ads1292_filter/net20528
                       190                    1.61      khu_sensor_top/ads1292_filter/*cell*165/**logic_1**
khu_sensor_top/ads1292_filter/iir_hpf/net20544
                       251                    2.13      khu_sensor_top/ads1292_filter/iir_hpf/*cell*181/**logic_1**
khu_sensor_top/ads1292_filter/iir_notch/net20545
                       648                    5.48      khu_sensor_top/ads1292_filter/iir_notch/*cell*182/**logic_1**
khu_sensor_top/ads1292_filter/iir_lpf/net20546
                       381                    3.22      khu_sensor_top/ads1292_filter/iir_lpf/*cell*183/**logic_1**
khu_sensor_top/ads1292_filter/converter_i2f/net20555
                       172                    0.80      khu_sensor_top/ads1292_filter/converter_i2f/*cell*192/**logic_1**
1
