 
****************************************
Report : net fanout
        -threshold 100
Design : khu_sensor_pad
Version: N-2017.09
Date   : Fri Aug 28 07:10:27 2020
****************************************


Operating Conditions: V105WTP1250   Library: std150e_wst_105_p125
Wire Load Model Mode: enclosed

Design        Wire Load Model            Library
------------------------------------------------


Attributes:
   dr - drc disabled
    c - annotated capacitance
    d - dont_touch
    i - ideal_net
    I - ideal_network
    p - includes pin load
    r - annotated resistance
    h - high fanout

Net                 Fanout   Attributes   Capacitance   Driver
--------------------------------------------------------------------------------
khu_sensor_top/ads1292_filter/net17526
                       190                    1.61      khu_sensor_top/ads1292_filter/*cell*1494/**logic_1**
khu_sensor_top/ads1292_filter/iir_hpf/net17542
                       251                    2.13      khu_sensor_top/ads1292_filter/iir_hpf/*cell*1510/**logic_1**
khu_sensor_top/ads1292_filter/iir_notch/net17543
                       648                    5.48      khu_sensor_top/ads1292_filter/iir_notch/*cell*1511/**logic_1**
khu_sensor_top/ads1292_filter/iir_lpf/net17544
                       381                    3.22      khu_sensor_top/ads1292_filter/iir_lpf/*cell*1512/**logic_1**
khu_sensor_top/ads1292_filter/converter_i2f/net17553
                       172                    0.80      khu_sensor_top/ads1292_filter/converter_i2f/*cell*1521/**logic_1**
1
