Information: Updating graph... (UID-83)

************************************************************
SI options:
Delta Delay Computation:           true
Static Noise Computation:          true
Timing window analysis for SI:     false
Min Delta Delay for SI:            true
Analysis Effort:                   medium
Max Transition Mode:               normal_slew
Static Noise Thresholds:           0.35 (0.37V) above low
                                   0.35 (0.37V) below high
Route xtalk prevention:            true
Route xtalk prevention threshold:  0.25
************************************************************

Information: Updating design information... (UID-85)

************************************************************
SI options:
Delta Delay Computation:           true
Static Noise Computation:          true
Timing window analysis for SI:     false
Min Delta Delay for SI:            true
Analysis Effort:                   medium
Max Transition Mode:               normal_slew
Static Noise Thresholds:           0.35 (0.37V) above low
                                   0.35 (0.37V) below high
Route xtalk prevention:            true
Route xtalk prevention threshold:  0.25
************************************************************

 
****************************************
Report : constraint
        -all_violators
Design : khu_sensor_pad
Version: N-2017.09
Date   : Fri Aug 28 07:20:21 2020
****************************************

	Parasitic source    : LPE
	Parasitic mode      : RealRC
	Extraction mode     : MIN_MAX
	Extraction derating : -40/25/125

   max_delay/setup ('clk_pad' group)

                             Required        Actual
   Endpoint                 Path Delay     Path Delay        Slack
   -----------------------------------------------------------------
   khu_sensor_top/ads1292_filter/iir_lpf/add/sum_reg_27_/D   9.3448   9.4134 r  -0.0686 (VIOLATED)
   khu_sensor_top/ads1292_filter/iir_notch/mult_2/product_reg_48_/D   9.3460   9.3893 f  -0.0434 (VIOLATED)
   khu_sensor_top/ads1292_filter/iir_lpf/mult_2/product_reg_48_/D   9.3328   9.3472 f  -0.0144 (VIOLATED)


   min_delay/hold ('clk_half' group)

                             Required        Actual
   Endpoint                 Path Delay     Path Delay        Slack
   -----------------------------------------------------------------
   khu_sensor_top/sensor_core/r_ads_ch2_data_out_reg_14_/D   0.9037   0.3448 f  -0.5589 (VIOLATED)
   khu_sensor_top/sensor_core/r_ads_ch2_data_out_reg_11_/D   0.9027   0.3588 f  -0.5438 (VIOLATED)
   khu_sensor_top/sensor_core/r_ads_ch2_data_out_reg_20_/D   0.9032   0.3601 f  -0.5431 (VIOLATED)
   khu_sensor_top/sensor_core/r_ads_ch2_data_out_reg_6_/D   0.9035   0.3621 f  -0.5413 (VIOLATED)
   khu_sensor_top/sensor_core/r_ads_ch2_data_out_reg_7_/D   0.9033   0.3753 f  -0.5280 (VIOLATED)
   khu_sensor_top/sensor_core/r_ads_ch2_data_out_reg_2_/D   0.9032   0.3775 f  -0.5257 (VIOLATED)
   khu_sensor_top/sensor_core/r_ads_ch2_data_out_reg_17_/D   0.9100   0.3855 r  -0.5245 (VIOLATED)
   khu_sensor_top/sensor_core/r_mpr_reg_data_reg_5_/D   0.9031   0.3788 f  -0.5244 (VIOLATED)
   khu_sensor_top/sensor_core/r_ads_reg_data_reg_3_/D   0.9034   0.3809 f  -0.5225 (VIOLATED)
   khu_sensor_top/sensor_core/r_mpr_reg_data_reg_2_/D   0.9033   0.3831 f  -0.5202 (VIOLATED)
   khu_sensor_top/sensor_core/r_ads_ch2_data_out_reg_16_/D   0.8960   0.3782 f  -0.5178 (VIOLATED)
   khu_sensor_top/sensor_core/r_ads_ch2_data_out_reg_18_/D   0.9033   0.3865 f  -0.5168 (VIOLATED)
   khu_sensor_top/sensor_core/r_ads_ch2_data_out_reg_23_/D   0.9031   0.3875 f  -0.5156 (VIOLATED)
   khu_sensor_top/sensor_core/r_ads_reg_data_reg_0_/D   0.9034   0.3930 f  -0.5104 (VIOLATED)
   khu_sensor_top/sensor_core/r_ads_ch2_data_out_reg_12_/D   0.9036   0.3948 f  -0.5088 (VIOLATED)
   khu_sensor_top/sensor_core/r_ads_ch2_data_out_reg_4_/D   0.9045   0.4021 f  -0.5024 (VIOLATED)
   khu_sensor_top/sensor_core/r_mpr_pstate_reg_5_/D   0.9100   0.4123 r  -0.4977 (VIOLATED)
   khu_sensor_top/sensor_core/r_ads_ch2_data_out_reg_5_/D   0.9002   0.4049 f  -0.4953 (VIOLATED)
   khu_sensor_top/sensor_core/r_mpr_reg_data_reg_6_/D   0.9034   0.4108 f  -0.4927 (VIOLATED)
   khu_sensor_top/sensor_core/r_mpr_pstate_reg_0_/D   0.9100   0.4199 r  -0.4901 (VIOLATED)
   khu_sensor_top/sensor_core/r_ads_ch2_data_out_reg_13_/D   0.9034   0.4224 f  -0.4810 (VIOLATED)
   khu_sensor_top/sensor_core/r_ads_ch2_data_out_reg_1_/D   0.9003   0.4207 f  -0.4796 (VIOLATED)
   khu_sensor_top/sensor_core/r_ads_ch2_data_out_reg_15_/D   0.9036   0.4299 f  -0.4736 (VIOLATED)
   khu_sensor_top/sensor_core/r_mpr_reg_data_reg_3_/D   0.9035   0.4325 f  -0.4710 (VIOLATED)
   khu_sensor_top/sensor_core/r_ads_ch2_data_out_reg_0_/D   0.9003   0.4345 f  -0.4658 (VIOLATED)
   khu_sensor_top/sensor_core/r_ads_reg_data_reg_2_/D   0.9012   0.4378 f  -0.4634 (VIOLATED)
   khu_sensor_top/sensor_core/r_mpr_touch_status_0_reg_5_/D   0.9003   0.4410 f  -0.4593 (VIOLATED)
   khu_sensor_top/sensor_core/r_mpr_reg_data_reg_4_/D   0.9032   0.4465 f  -0.4567 (VIOLATED)
   khu_sensor_top/sensor_core/r_ads_ch2_data_out_reg_3_/D   0.9003   0.4451 f  -0.4552 (VIOLATED)
   khu_sensor_top/sensor_core/r_mpr_reg_data_reg_7_/D   0.9042   0.4506 f  -0.4536 (VIOLATED)
   khu_sensor_top/sensor_core/r_ads_ch2_data_out_reg_21_/D   0.8884   0.4358 f  -0.4525 (VIOLATED)
   khu_sensor_top/sensor_core/r_mpr_reg_data_reg_1_/D   0.9039   0.4518 f  -0.4521 (VIOLATED)
   khu_sensor_top/sensor_core/r_ads_reg_data_reg_4_/D   0.9012   0.4497 f  -0.4515 (VIOLATED)
   khu_sensor_top/sensor_core/r_ads_reg_data_reg_5_/D   0.9013   0.4511 f  -0.4502 (VIOLATED)
   khu_sensor_top/sensor_core/r_ads_reg_data_reg_1_/D   0.9004   0.4505 f  -0.4499 (VIOLATED)
   khu_sensor_top/sensor_core/r_mpr_touch_status_0_reg_6_/D   0.9003   0.4595 f  -0.4408 (VIOLATED)
   khu_sensor_top/sensor_core/r_core_pstate_reg_1_/D   0.9035   0.4630 f  -0.4405 (VIOLATED)
   khu_sensor_top/sensor_core/r_mpr_reg_data_reg_0_/D   0.9032   0.4686 f  -0.4346 (VIOLATED)
   khu_sensor_top/sensor_core/r_mpr_touch_status_1_reg_2_/D   0.9011   0.4696 f  -0.4315 (VIOLATED)
   khu_sensor_top/sensor_core/r_mpr_touch_status_0_reg_2_/D   0.9010   0.4701 f  -0.4309 (VIOLATED)
   khu_sensor_top/sensor_core/r_mpr_pstate_reg_1_/D   0.9100   0.4802 r  -0.4298 (VIOLATED)
   khu_sensor_top/sensor_core/r_ads_reg_data_reg_7_/D   0.9013   0.4743 f  -0.4270 (VIOLATED)
   khu_sensor_top/sensor_core/r_ads_reg_data_reg_6_/D   0.9014   0.4745 f  -0.4269 (VIOLATED)
   khu_sensor_top/sensor_core/r_ads_ch2_data_out_reg_19_/D   0.9003   0.4736 f  -0.4267 (VIOLATED)
   khu_sensor_top/sensor_core/r_mpr_pstate_reg_2_/D   0.9100   0.4925 r  -0.4175 (VIOLATED)
   khu_sensor_top/sensor_core/r_mpr_touch_status_0_reg_7_/D   0.9003   0.4834 f  -0.4169 (VIOLATED)
   khu_sensor_top/sensor_core/r_ads_pstate_reg_0_/D   0.9100   0.4934 r  -0.4166 (VIOLATED)
   khu_sensor_top/sensor_core/r_ads_pstate_reg_2_/D   0.9100   0.4982 r  -0.4118 (VIOLATED)
   khu_sensor_top/sensor_core/r_mpr_pstate_reg_4_/D   0.9100   0.5036 r  -0.4064 (VIOLATED)
   khu_sensor_top/sensor_core/r_ads_ch2_data_out_reg_8_/D   0.9002   0.4949 f  -0.4053 (VIOLATED)
   khu_sensor_top/sensor_core/r_ads_ch2_data_out_reg_10_/D   0.9011   0.4999 f  -0.4013 (VIOLATED)
   khu_sensor_top/sensor_core/r_ads_pstate_reg_3_/D   0.9100   0.5109 r  -0.3991 (VIOLATED)
   khu_sensor_top/sensor_core/r_ads_ch2_data_out_reg_9_/D   0.9003   0.5036 f  -0.3967 (VIOLATED)
   khu_sensor_top/sensor_core/r_mpr_touch_status_0_reg_4_/D   0.9002   0.5039 f  -0.3963 (VIOLATED)
   khu_sensor_top/sensor_core/r_mpr_touch_status_1_reg_3_/D   0.9010   0.5074 f  -0.3936 (VIOLATED)
   khu_sensor_top/sensor_core/r_mpr_touch_status_0_reg_3_/D   0.9011   0.5112 f  -0.3899 (VIOLATED)
   khu_sensor_top/sensor_core/r_ads_ch2_data_out_reg_22_/D   0.9100   0.5206 r  -0.3894 (VIOLATED)
   khu_sensor_top/sensor_core/r_ads_pstate_reg_1_/D   0.9100   0.5261 r  -0.3839 (VIOLATED)
   khu_sensor_top/sensor_core/r_ads_read_reg_done_reg/D   0.9100   0.5314 r  -0.3786 (VIOLATED)
   khu_sensor_top/sensor_core/r_mpr_read_reg_done_reg/D   0.9100   0.5315 r  -0.3785 (VIOLATED)
   khu_sensor_top/sensor_core/r_mpr_touch_status_0_reg_1_/D   0.9009   0.5362 f  -0.3646 (VIOLATED)
   khu_sensor_top/sensor_core/r_mpr_touch_status_1_reg_1_/D   0.9009   0.5381 f  -0.3628 (VIOLATED)
   khu_sensor_top/sensor_core/r_core_pstate_reg_0_/D   0.9100   0.5607 r  -0.3493 (VIOLATED)
   khu_sensor_top/sensor_core/r_mpr_pstate_reg_3_/D   0.9100   0.5617 r  -0.3483 (VIOLATED)
   khu_sensor_top/sensor_core/r_mpr_touch_status_1_reg_0_/D   0.9009   0.5821 f  -0.3188 (VIOLATED)
   khu_sensor_top/sensor_core/r_mpr_touch_status_0_reg_0_/D   0.9016   0.5889 f  -0.3127 (VIOLATED)
   khu_sensor_top/sensor_core/r_ads_data_send_ready_reg/D   0.9100   0.6245 r  -0.2855 (VIOLATED)
   khu_sensor_top/sensor_core/o_ADS1292_FILTERED_DATA_ACK_reg/D   0.9100   0.7201 r  -0.1899 (VIOLATED)
   khu_sensor_top/sensor_core/r_ads_pstate_reg_0_/SN   1.0522   1.0474 r  -0.0048 (VIOLATED)


   min_delay/hold ('clk_pad' group)

                             Required        Actual
   Endpoint                 Path Delay     Path Delay        Slack
   -----------------------------------------------------------------
   khu_sensor_top/ads1292_filter/iir_notch/mult_2/o_Z_reg_30_/D   0.2500   0.2257 f  -0.0243 (VIOLATED)
   khu_sensor_top/ads1292_filter/iir_notch/mult_2/b_reg_8_/D   0.2500   0.2299 f  -0.0201 (VIOLATED)
   khu_sensor_top/ads1292_filter/iir_notch/mult_2/b_reg_11_/D   0.2500   0.2318 f  -0.0182 (VIOLATED)
   khu_sensor_top/ads1292_controller/o_SPI_CSN_reg/SN   0.3750   0.3604 r  -0.0146 (VIOLATED)
   khu_sensor_top/ads1292_filter/iir_notch/mult_2/b_reg_19_/D   0.2500   0.2405 f  -0.0095 (VIOLATED)
   khu_sensor_top/ads1292_controller/spi_master/r_RX_Bit_Count_reg_0_/SN   0.3743   0.3663 r  -0.0080 (VIOLATED)
   khu_sensor_top/ads1292_controller/spi_master/r_RX_Bit_Count_reg_1_/SN   0.3744   0.3668 r  -0.0076 (VIOLATED)
   khu_sensor_top/ads1292_controller/spi_master/r_RX_Bit_Count_reg_2_/SN   0.3744   0.3668 r  -0.0075 (VIOLATED)
   khu_sensor_top/ads1292_filter/iir_notch/mult_2/b_reg_20_/D   0.2500   0.2456 f  -0.0044 (VIOLATED)
   khu_sensor_top/ads1292_filter/converter_i2f/z_m_reg_8_/D   0.2500   0.2463 f  -0.0037 (VIOLATED)
   khu_sensor_top/ads1292_filter/iir_hpf/mult/o_Z_reg_31_/D   0.2500   0.2463 f  -0.0037 (VIOLATED)
   khu_sensor_top/ads1292_filter/converter_f2i/a_m_reg_16_/D   0.2500   0.2469 f  -0.0031 (VIOLATED)
   khu_sensor_top/ads1292_filter/iir_lpf/r_mult_1_B_reg_12_/D   0.2453   0.2423 f  -0.0030 (VIOLATED)
   khu_sensor_top/ads1292_filter/iir_lpf/add/b_m_reg_9_/D   0.2500   0.2495 f  -0.0005 (VIOLATED)
   khu_sensor_top/ads1292_filter/iir_notch/mult_2/b_m_reg_12_/D   0.2500   0.2498 f  -0.0002 (VIOLATED)
   khu_sensor_top/ads1292_filter/iir_notch/add_1/b_m_reg_14_/D   0.2500   0.2499 f  -0.0001 (VIOLATED)


   max_transition

                             Required        Actual
   Net                      Transition     Transition        Slack
   -----------------------------------------------------------------
   khu_sensor_top/w_clk_p_G2B14I11 (dont_touch)   0.9000   1.0447  -0.1447 (VIOLATED)
       PIN :   khu_sensor_top/ads1292_filter/iir_notch/mult_2/ivd6_hd_G2B1I58/A   0.9000   1.0447  -0.1447 (VIOLATED)
       PIN :   khu_sensor_top/ads1292_filter/iir_notch/ivd12_hd_G2B1I40/A   0.9000   1.0445  -0.1445 (VIOLATED)
       PIN :   khu_sensor_top/ivd24_hd_G2B1I103/A   0.9000   1.0443  -0.1443 (VIOLATED)
       PIN :   khu_sensor_top/ivd24_hd_G2B1I88/A   0.9000   1.0443  -0.1443 (VIOLATED)
       PIN :   khu_sensor_top/ivd24_hd_G2B1I97/A   0.9000   1.0440  -0.1440 (VIOLATED)
       PIN :   khu_sensor_top/ivd24_hd_G2B2I11/Y   0.9000   1.0436  -0.1436 (VIOLATED)
       PIN :   khu_sensor_top/ads1292_filter/ivd20_hd_G2B1I4/A   0.9000   1.0444  -0.1444 (VIOLATED)
   khu_sensor_top/w_clk_p_G2B14I15 (dont_touch)   0.9000   1.0111  -0.1111 (VIOLATED)
       PIN :   khu_sensor_top/ads1292_filter/iir_hpf/ivd16_hd_G2B1I11/A   0.9000   1.0073  -0.1073 (VIOLATED)
       PIN :   khu_sensor_top/ads1292_filter/iir_hpf/ivd24_hd_G2B1I17/A   0.9000   1.0073  -0.1073 (VIOLATED)
       PIN :   khu_sensor_top/ads1292_filter/iir_hpf/ivd24_hd_G2B1I57/A   0.9000   1.0111  -0.1111 (VIOLATED)
       PIN :   khu_sensor_top/ivd24_hd_G2B1I84/A   0.9000   1.0072  -0.1072 (VIOLATED)
       PIN :   khu_sensor_top/ivd24_hd_G2B1I74/A   0.9000   1.0072  -0.1072 (VIOLATED)
       PIN :   khu_sensor_top/ivd24_hd_G2B2I15/Y   0.9000   1.0070  -0.1070 (VIOLATED)
       PIN :   khu_sensor_top/ads1292_filter/ivd12_hd_G2B1I56/A   0.9000   1.0073  -0.1073 (VIOLATED)

   -----------------------------------------------------------------
   Total                      2                -0.2558  

   max_net_length

                             Required        Actual
   Net                      Net length     Net length        Slack
   -----------------------------------------------------------------
   n53                      800.0000       1718.6600      -918.6600 (VIOLATED)
   n51                      800.0000       1710.6801      -910.6801 (VIOLATED)
   n43                      800.0000       1672.3800      -872.3800 (VIOLATED)
   n6                       800.0000       1598.8400      -798.8400 (VIOLATED)
   n52                      800.0000       1597.5500      -797.5500 (VIOLATED)
   n26                      800.0000       1242.1700      -442.1700 (VIOLATED)
   khu_sensor_top/w_clk_p_G2B14I11 (dont_touch) 800.0000 1173.1801 -373.1801 (VIOLATED)
   khu_sensor_top/ads1292_filter/iir_notch/mult_2/n242 800.0000 1152.7000 -352.7000 (VIOLATED)
   khu_sensor_top/w_clk_p_G2B13I6 (dont_touch) 800.0000 1134.1200 -334.1200 (VIOLATED)
   khu_sensor_top/ads1292_filter/n271 800.0000 1132.1200  -332.1200 (VIOLATED)
   khu_sensor_top/w_clk_p_G2B13I10 (dont_touch) 800.0000 1081.3600 -281.3600 (VIOLATED)
   khu_sensor_top/w_clk_p_G2B14I15 (dont_touch) 800.0000 1077.6300 -277.6300 (VIOLATED)
   khu_sensor_top/w_clk_p_G2B3I1 (dont_touch) 800.0000 1073.7400 -273.7400 (VIOLATED)
   khu_sensor_top/ads1292_filter/iir_lpf/n811 800.0000 954.5800 -154.5800 (VIOLATED)
   khu_sensor_top/w_clk_p_G2B14I16 (dont_touch) 800.0000 951.4100 -151.4100 (VIOLATED)
   khu_sensor_top/divider_by_2/w_clk_p_G2B4I1 (dont_touch) 800.0000 932.7400 -132.7400 (VIOLATED)
   khu_sensor_top/w_clk_p_G2B7I1 (dont_touch) 800.0000 903.1900 -103.1900 (VIOLATED)
   khu_sensor_top/w_clk_p_G2B14I12 (dont_touch) 800.0000 897.7400 -97.7400 (VIOLATED)
   khu_sensor_top/w_clk_p_G2B13I4 (dont_touch) 800.0000 893.9800 -93.9800 (VIOLATED)
   khu_sensor_top/ads1292_filter/iir_lpf/n717 800.0000 882.3500 -82.3500 (VIOLATED)
   khu_sensor_top/w_clk_p_G2B14I18 (dont_touch) 800.0000 873.8800 -73.8800 (VIOLATED)
   khu_sensor_top/w_clk_p_G2B14I6 (dont_touch) 800.0000 859.8100 -59.8100 (VIOLATED)
   khu_sensor_top/ads1292_filter/iir_notch/n417 800.0000 852.1500 -52.1500 (VIOLATED)
   khu_sensor_top/ads1292_filter/iir_notch/mult_3/N199 800.0000 845.1200 -45.1200 (VIOLATED)
   khu_sensor_top/w_clk_p_G2B14I17 (dont_touch) 800.0000 841.6800 -41.6800 (VIOLATED)
   khu_sensor_top/ads1292_filter/n646 800.0000 837.2000   -37.2000  (VIOLATED)
   khu_sensor_top/ads1292_filter/n314 800.0000 820.8000   -20.8000  (VIOLATED)
   khu_sensor_top/ads1292_filter/n399 800.0000 817.5200   -17.5200  (VIOLATED)
   khu_sensor_top/w_clk_p_G2B6I1 (dont_touch) 800.0000 815.5700 -15.5700 (VIOLATED)
   khu_sensor_top/ads1292_filter/n307 800.0000 814.1200   -14.1200  (VIOLATED)
   khu_sensor_top/ads1292_filter/iir_hpf/mult/n62 800.0000 809.1800  -9.1800 (VIOLATED)
   khu_sensor_top/ads1292_filter/iir_notch/mult_2/n230 800.0000 808.2800  -8.2800 (VIOLATED)
   khu_sensor_top/ads1292_filter/iir_notch/mult_1/n224 800.0000 806.2000  -6.2000 (VIOLATED)
   khu_sensor_top/w_CLOCK_HALF_G4B3I2 (dont_touch) 800.0000 805.6100  -5.6100 (VIOLATED)
   khu_sensor_top/ads1292_filter/iir_notch/w_rstn 800.0000 803.7200  -3.7200 (VIOLATED)
   khu_sensor_top/ads1292_filter/n250 800.0000 803.6400    -3.6400  (VIOLATED)

   -----------------------------------------------------------------
   Total                      36              -8195.6016

1
