 
****************************************
Report : clock_gating
        -style
Design : khu_sensor_pad
Version: N-2017.09
Date   : Thu Nov 19 08:32:42 2020
****************************************



 Information:  No Clock Gating Cell Found


                             Clock Gating Summary
          ------------------------------------------------------------
          |    Number of Clock gating elements    |        0         |
          |                                       |                  |
          |    Number of Gated registers          |     0 (0.00%)    |
          |                                       |                  |
          |    Number of Ungated registers        |  5213 (100.00%)  |
          |                                       |                  |
          |    Total number of registers          |     5213         |
          ------------------------------------------------------------



1
 
****************************************
Report : clock gating check
Design : khu_sensor_pad
Scenario(s): func1_wst
Version: N-2017.09
Date   : Thu Nov 19 08:32:42 2020
****************************************

                                    Rise            Fall
    Cell     Enable  Clock     Setup   Hold    Setup  Hold     Low/High  Attr
--------------------------------------------------------------------------------

    khu_sensor_top/ads1292_controller/clk_gate_o_ADS1292_BUSY_reg/latch
             EN      CK        0.0650    -     0.0111   -      -         i l
    khu_sensor_top/ads1292_controller/clk_gate_o_ADS1292_BUSY_reg/latch
             EN      CK          -     0.0100    -    0.0857   -         i l
    khu_sensor_top/ads1292_controller/clk_gate_o_ADS1292_REG_DATA_OUT_reg_0/latch
             EN      CK        0.0907    -     0.0100   -      -         i l
    khu_sensor_top/ads1292_controller/clk_gate_o_ADS1292_REG_DATA_OUT_reg_0/latch
             EN      CK          -     0.0100    -    0.0895   -         i l
    khu_sensor_top/ads1292_controller/clk_gate_r_ads_command_reg_0/latch
             EN      CK        0.0661    -     0.0100   -      -         i l
    khu_sensor_top/ads1292_controller/clk_gate_r_ads_command_reg_0/latch
             EN      CK          -     0.0100    -    0.0821   -         i l
    khu_sensor_top/ads1292_controller/clk_gate_r_spi_data_in_reg_0/latch
             EN      CK        0.0701    -     0.0100   -      -         i l
    khu_sensor_top/ads1292_controller/clk_gate_r_spi_data_in_reg_0/latch
             EN      CK          -     0.0100    -    0.0770   -         i l
    khu_sensor_top/ads1292_controller/clk_gate_r_ads_reg_addr_reg/latch
             EN      CK        0.1162    -     0.0246   -      -         i l
    khu_sensor_top/ads1292_controller/clk_gate_r_ads_reg_addr_reg/latch
             EN      CK          -     0.0100    -    0.0525   -         i l
    khu_sensor_top/ads1292_controller/clk_gate_o_ADS1292_DATA_OUT_reg_0/latch
             EN      CK        0.1088    -     0.0133   -      -         i l
    khu_sensor_top/ads1292_controller/clk_gate_o_ADS1292_DATA_OUT_reg_0/latch
             EN      CK          -     0.0100    -    0.0749   -         i l
    khu_sensor_top/ads1292_controller/clk_gate_r_ads_data_out_reg_0/latch
             EN      CK        0.1210    -     0.0177   -      -         i l
    khu_sensor_top/ads1292_controller/clk_gate_r_ads_data_out_reg_0/latch
             EN      CK          -     0.0100    -    0.0645   -         i l
    khu_sensor_top/ads1292_controller/clk_gate_r_clk_counter_reg_0/latch
             EN      CK        0.0654    -     0.0103   -      -         i l
    khu_sensor_top/ads1292_controller/clk_gate_r_clk_counter_reg_0/latch
             EN      CK          -     0.0100    -    0.0826   -         i l
    khu_sensor_top/ads1292_filter/clk_gate_r_converter_f2i_a_stb_reg/latch
             EN      CK        0.0753    -     0.0108   -      -         i l
    khu_sensor_top/ads1292_filter/clk_gate_r_converter_f2i_a_stb_reg/latch
             EN      CK          -     0.0100    -    0.0814   -         i l
    khu_sensor_top/ads1292_filter/clk_gate_r_counter_reg_0/latch
             EN      CK        0.0567    -     0.0100   -      -         i l
    khu_sensor_top/ads1292_filter/clk_gate_r_counter_reg_0/latch
             EN      CK          -     0.0100    -    0.0752   -         i l
    khu_sensor_top/ads1292_filter/clk_gate_o_ADS1292_FILTERED_DATA_reg_0/latch
             EN      CK        0.1071    -     0.0144   -      -         i l
    khu_sensor_top/ads1292_filter/clk_gate_o_ADS1292_FILTERED_DATA_reg_0/latch
             EN      CK          -     0.0100    -    0.0675   -         i l
    khu_sensor_top/ads1292_filter/clk_gate_r_converter_i2f_a_reg_0/latch
             EN      CK        0.0850    -     0.0116   -      -         i l
    khu_sensor_top/ads1292_filter/clk_gate_r_converter_i2f_a_reg_0/latch
             EN      CK          -     0.0100    -    0.0672   -         i l
    khu_sensor_top/ads1292_filter/clk_gate_r_converter_f2i_a_reg_0/latch
             EN      CK        0.0908    -     0.0180   -      -         i l
    khu_sensor_top/ads1292_filter/clk_gate_r_converter_f2i_a_reg_0/latch
             EN      CK          -     0.0100    -    0.0647   -         i l
    khu_sensor_top/ads1292_filter/clk_gate_r_iir_hpf_x_reg_0/latch
             EN      CK        0.0966    -     0.0148   -      -         i l
    khu_sensor_top/ads1292_filter/clk_gate_r_iir_hpf_x_reg_0/latch
             EN      CK          -     0.0100    -    0.0684   -         i l
    khu_sensor_top/ads1292_filter/clk_gate_r_iir_lpf_x_reg_0/latch
             EN      CK        0.1077    -     0.0233   -      -         i l
    khu_sensor_top/ads1292_filter/clk_gate_r_iir_lpf_x_reg_0/latch
             EN      CK          -     0.0100    -    0.0576   -         i l
    khu_sensor_top/ads1292_filter/clk_gate_r_iir_notch_x_reg_0/latch
             EN      CK        0.0967    -     0.0148   -      -         i l
    khu_sensor_top/ads1292_filter/clk_gate_r_iir_notch_x_reg_0/latch
             EN      CK          -     0.0100    -    0.0684   -         i l
    khu_sensor_top/mpr121_controller/clk_gate_r_i2c_write_reg/latch
             EN      CK        0.0578    -     0.0100   -      -         i l
    khu_sensor_top/mpr121_controller/clk_gate_r_i2c_write_reg/latch
             EN      CK          -     0.0100    -    0.0853   -         i l
    khu_sensor_top/mpr121_controller/clk_gate_o_MPR121_DATA_OUT_reg_0/latch
             EN      CK        0.0794    -     0.0104   -      -         i l
    khu_sensor_top/mpr121_controller/clk_gate_o_MPR121_DATA_OUT_reg_0/latch
             EN      CK          -     0.0100    -    0.0687   -         i l
    khu_sensor_top/mpr121_controller/clk_gate_r_i2c_data_in_reg_0/latch
             EN      CK        0.0863    -     0.0139   -      -         i l
    khu_sensor_top/mpr121_controller/clk_gate_r_i2c_data_in_reg_0/latch
             EN      CK          -     0.0100    -    0.0647   -         i l
    khu_sensor_top/mpr121_controller/clk_gate_o_MPR121_INIT_SET_reg/latch
             EN      CK        0.0636    -     0.0100   -      -         i l
    khu_sensor_top/mpr121_controller/clk_gate_o_MPR121_INIT_SET_reg/latch
             EN      CK          -     0.0100    -    0.0859   -         i l
    khu_sensor_top/mpr121_controller/clk_gate_r_i2c_reg_data_in_reg_0/latch
             EN      CK        0.0509    -     0.0100   -      -         i l
    khu_sensor_top/mpr121_controller/clk_gate_r_i2c_reg_data_in_reg_0/latch
             EN      CK          -     0.0100    -    0.0896   -         i l
    khu_sensor_top/sensor_core/clk_gate_r_mpr_read_reg_done_reg/latch
             EN      CK        0.0938    -     0.0143   -      -         i l
    khu_sensor_top/sensor_core/clk_gate_r_mpr_read_reg_done_reg/latch
             EN      CK          -     0.0100    -    0.0642   -         i l
    khu_sensor_top/sensor_core/clk_gate_r_mpr_touch_status_reg_0/latch
             EN      CK        0.0683    -     0.0100   -      -         i l
    khu_sensor_top/sensor_core/clk_gate_r_mpr_touch_status_reg_0/latch
             EN      CK          -     0.0100    -    0.0788   -         i l
    khu_sensor_top/sensor_core/clk_gate_r_ads_second_param_reg_0/latch
             EN      CK        0.0585    -     0.0100   -      -         i l
    khu_sensor_top/sensor_core/clk_gate_r_ads_second_param_reg_0/latch
             EN      CK          -     0.0100    -    0.0886   -         i l
    khu_sensor_top/sensor_core/clk_gate_r_uart_clk_counter_reg/latch
             EN      CK        0.0533    -     0.0100   -      -         i l
    khu_sensor_top/sensor_core/clk_gate_r_uart_clk_counter_reg/latch
             EN      CK          -     0.0100    -    0.0877   -         i l
    khu_sensor_top/sensor_core/clk_gate_r_ads_ch2_data_out_reg_0/latch
             EN      CK        0.0757    -     0.0100   -      -         i l
    khu_sensor_top/sensor_core/clk_gate_r_ads_ch2_data_out_reg_0/latch
             EN      CK          -     0.0100    -    0.0713   -         i l
    khu_sensor_top/sensor_core/clk_gate_o_UART_DATA_TX_reg_0/latch
             EN      CK        0.0861    -     0.0135   -      -         i l
    khu_sensor_top/sensor_core/clk_gate_o_UART_DATA_TX_reg_0/latch
             EN      CK          -     0.0100    -    0.0664   -         i l
    khu_sensor_top/sensor_core/clk_gate_o_ADS1292_DATA_IN_reg_0/latch
             EN      CK        0.1062    -     0.0119   -      -         i l
    khu_sensor_top/sensor_core/clk_gate_o_ADS1292_DATA_IN_reg_0/latch
             EN      CK          -     0.0100    -    0.0679   -         i l
    khu_sensor_top/sensor_core/clk_gate_o_ADS1292_REG_ADDR_reg_0/latch
             EN      CK        0.0770    -     0.0113   -      -         i l
    khu_sensor_top/sensor_core/clk_gate_o_ADS1292_REG_ADDR_reg_0/latch
             EN      CK          -     0.0100    -    0.0685   -         i l
    khu_sensor_top/sensor_core/clk_gate_o_MPR121_REG_ADDR_reg_0/latch
             EN      CK        0.0731    -     0.0100   -      -         i l
    khu_sensor_top/sensor_core/clk_gate_o_MPR121_REG_ADDR_reg_0/latch
             EN      CK          -     0.0100    -    0.0736   -         i l
    khu_sensor_top/sensor_core/clk_gate_r_ads_reg_addr_reg_0/latch
             EN      CK        0.0680    -     0.0104   -      -         i l
    khu_sensor_top/sensor_core/clk_gate_r_ads_reg_addr_reg_0/latch
             EN      CK          -     0.0100    -    0.0769   -         i l
    khu_sensor_top/sensor_core/clk_gate_r_mpr_first_param_reg_0/latch
             EN      CK        0.0727    -     0.0105   -      -         i l
    khu_sensor_top/sensor_core/clk_gate_r_mpr_first_param_reg_0/latch
             EN      CK          -     0.0100    -    0.0779   -         i l
    khu_sensor_top/sensor_core/clk_gate_r_mpr_reg_addr_reg_0/latch
             EN      CK        0.1090    -     0.0227   -      -         i l
    khu_sensor_top/sensor_core/clk_gate_r_mpr_reg_addr_reg_0/latch
             EN      CK          -     0.0100    -    0.0550   -         i l
    khu_sensor_top/sensor_core/clk_gate_r_mpr_touch_status_0_reg_0/latch
             EN      CK        0.0675    -     0.0100   -      -         i l
    khu_sensor_top/sensor_core/clk_gate_r_mpr_touch_status_0_reg_0/latch
             EN      CK          -     0.0100    -    0.0806   -         i l
    khu_sensor_top/sensor_core/clk_gate_r_ads_read_reg_done_reg/latch
             EN      CK        0.0713    -     0.0100   -      -         i l
    khu_sensor_top/sensor_core/clk_gate_r_ads_read_reg_done_reg/latch
             EN      CK          -     0.0100    -    0.0778   -         i l
    khu_sensor_top/sensor_core/clk_gate_r_ads_clk_counter_reg_0/latch
             EN      CK        0.0912    -     0.0188   -      -         i l
    khu_sensor_top/sensor_core/clk_gate_r_ads_clk_counter_reg_0/latch
             EN      CK          -     0.0100    -    0.0615   -         i l
    khu_sensor_top/sensor_core/clk_gate_o_ADS1292_FILTERED_DATA_ACK_reg/latch
             EN      CK        0.0829    -     0.0156   -      -         i l
    khu_sensor_top/sensor_core/clk_gate_o_ADS1292_FILTERED_DATA_ACK_reg/latch
             EN      CK          -     0.0100    -    0.0668   -         i l
    khu_sensor_top/sensor_core/clk_gate_r_mpr_chip_set_done_reg/latch
             EN      CK        0.0468    -     0.0100   -      -         i l
    khu_sensor_top/sensor_core/clk_gate_r_mpr_chip_set_done_reg/latch
             EN      CK          -     0.0100    -    0.0901   -         i l
    khu_sensor_top/sensor_core/clk_gate_r_ads_run_set_done_reg/latch
             EN      CK        0.0796    -     0.0117   -      -         i l
    khu_sensor_top/sensor_core/clk_gate_r_ads_run_set_done_reg/latch
             EN      CK          -     0.0100    -    0.0725   -         i l
    khu_sensor_top/sensor_core/clk_gate_r_mpr_lstate_reg_0/latch
             EN      CK        0.0489    -     0.0100   -      -         i l
    khu_sensor_top/sensor_core/clk_gate_r_mpr_lstate_reg_0/latch
             EN      CK          -     0.0100    -    0.0856   -         i l
    khu_sensor_top/sensor_core/clk_gate_r_mpr_touch_status_1_reg_0/latch
             EN      CK        0.0606    -     0.0100   -      -         i l
    khu_sensor_top/sensor_core/clk_gate_r_mpr_touch_status_1_reg_0/latch
             EN      CK          -     0.0100    -    0.0840   -         i l
    khu_sensor_top/sensor_core/clk_gate_o_MPR121_DATA_IN_reg_0/latch
             EN      CK        0.0600    -     0.0100   -      -         i l
    khu_sensor_top/sensor_core/clk_gate_o_MPR121_DATA_IN_reg_0/latch
             EN      CK          -     0.0100    -    0.0867   -         i l
    khu_sensor_top/sensor_core/clk_gate_r_mpr_second_param_reg_0/latch
             EN      CK        0.0639    -     0.0100   -      -         i l
    khu_sensor_top/sensor_core/clk_gate_r_mpr_second_param_reg_0/latch
             EN      CK          -     0.0100    -    0.0849   -         i l
    khu_sensor_top/uart_controller/clk_gate_o_UART_DATA_RX_reg_1/latch
             EN      CK        0.0539    -     0.0100   -      -         i l
    khu_sensor_top/uart_controller/clk_gate_o_UART_DATA_RX_reg_1/latch
             EN      CK          -     0.0100    -    0.0875   -         i l
    khu_sensor_top/uart_controller/clk_gate_o_UART_DATA_RX_reg_2/latch
             EN      CK        0.0888    -     0.0100   -      -         i l
    khu_sensor_top/uart_controller/clk_gate_o_UART_DATA_RX_reg_2/latch
             EN      CK          -     0.0100    -    0.0747   -         i l
    khu_sensor_top/uart_controller/clk_gate_r_uart_data_tx_valid_reg/latch
             EN      CK        0.0635    -     0.0100   -      -         i l
    khu_sensor_top/uart_controller/clk_gate_r_uart_data_tx_valid_reg/latch
             EN      CK          -     0.0100    -    0.0826   -         i l
    khu_sensor_top/uart_controller/clk_gate_r_uart_data_tx_shift_reg_0/latch
             EN      CK        0.0930    -     0.0150   -      -         i l
    khu_sensor_top/uart_controller/clk_gate_r_uart_data_tx_shift_reg_0/latch
             EN      CK          -     0.0100    -    0.0695   -         i l
    khu_sensor_top/ads1292_controller/spi_master/clk_gate_r_SPI_Clk_Edges_reg_0/latch
             EN      CK        0.0658    -     0.0100   -      -         i l
    khu_sensor_top/ads1292_controller/spi_master/clk_gate_r_SPI_Clk_Edges_reg_0/latch
             EN      CK          -     0.0100    -    0.0792   -         i l
    khu_sensor_top/ads1292_controller/spi_master/clk_gate_o_RX_Byte_reg/latch
             EN      CK        0.0587    -     0.0100   -      -         i l
    khu_sensor_top/ads1292_controller/spi_master/clk_gate_o_RX_Byte_reg/latch
             EN      CK          -     0.0100    -    0.0850   -         i l
    khu_sensor_top/ads1292_controller/spi_master/clk_gate_r_SPI_Clk_Count_reg_0/latch
             EN      CK        0.0677    -     0.0100   -      -         i l
    khu_sensor_top/ads1292_controller/spi_master/clk_gate_r_SPI_Clk_Count_reg_0/latch
             EN      CK          -     0.0100    -    0.0771   -         i l
    khu_sensor_top/ads1292_controller/spi_master/clk_gate_r_TX_Byte_reg_0/latch
             EN      CK        0.1123    -     0.0181   -      -         i l
    khu_sensor_top/ads1292_controller/spi_master/clk_gate_r_TX_Byte_reg_0/latch
             EN      CK          -     0.0100    -    0.0594   -         i l
    khu_sensor_top/ads1292_filter/converter_f2i/clk_gate_o_Z_reg_0/latch
             EN      CK        0.0696    -     0.0100   -      -         i l
    khu_sensor_top/ads1292_filter/converter_f2i/clk_gate_o_Z_reg_0/latch
             EN      CK          -     0.0100    -    0.0793   -         i l
    khu_sensor_top/ads1292_filter/converter_f2i/clk_gate_z_reg_0/latch
             EN      CK        0.0711    -     0.0100   -      -         i l
    khu_sensor_top/ads1292_filter/converter_f2i/clk_gate_z_reg_0/latch
             EN      CK          -     0.0100    -    0.0779   -         i l
    khu_sensor_top/ads1292_filter/converter_f2i/clk_gate_a_reg_0/latch
             EN      CK        0.1075    -     0.0122   -      -         i l
    khu_sensor_top/ads1292_filter/converter_f2i/clk_gate_a_reg_0/latch
             EN      CK          -     0.0100    -    0.0677   -         i l
    khu_sensor_top/ads1292_filter/converter_f2i/clk_gate_a_s_reg/latch
             EN      CK        0.1066    -     0.0184   -      -         i l
    khu_sensor_top/ads1292_filter/converter_f2i/clk_gate_a_s_reg/latch
             EN      CK          -     0.0100    -    0.0666   -         i l
    khu_sensor_top/ads1292_filter/iir_hpf/clk_gate_o_Y_DATA_reg_0/latch
             EN      CK        0.0527    -     0.0100   -      -         i l
    khu_sensor_top/ads1292_filter/iir_hpf/clk_gate_o_Y_DATA_reg_0/latch
             EN      CK          -     0.0100    -    0.0873   -         i l
    khu_sensor_top/ads1292_filter/iir_hpf/clk_gate_r_mult_A_reg/latch
             EN      CK        0.1174    -     0.0190   -      -         i l
    khu_sensor_top/ads1292_filter/iir_hpf/clk_gate_r_mult_A_reg/latch
             EN      CK          -     0.0100    -    0.0584   -         i l
    khu_sensor_top/ads1292_filter/iir_hpf/clk_gate_r_add_B_reg_0/latch
             EN      CK        0.1033    -     0.0142   -      -         i l
    khu_sensor_top/ads1292_filter/iir_hpf/clk_gate_r_add_B_reg_0/latch
             EN      CK          -     0.0100    -    0.0654   -         i l
    khu_sensor_top/ads1292_filter/iir_hpf/clk_gate_r_y_data_reg/latch
             EN      CK        0.1007    -     0.0155   -      -         i l
    khu_sensor_top/ads1292_filter/iir_hpf/clk_gate_r_y_data_reg/latch
             EN      CK          -     0.0100    -    0.0627   -         i l
    khu_sensor_top/ads1292_filter/iir_notch/clk_gate_r_mult_1_A_reg/latch
             EN      CK        0.0854    -     0.0127   -      -         i l
    khu_sensor_top/ads1292_filter/iir_notch/clk_gate_r_mult_1_A_reg/latch
             EN      CK          -     0.0100    -    0.0659   -         i l
    khu_sensor_top/ads1292_filter/iir_notch/clk_gate_r_mult_3_AB_STB_reg/latch
             EN      CK        0.0655    -     0.0100   -      -         i l
    khu_sensor_top/ads1292_filter/iir_notch/clk_gate_r_mult_3_AB_STB_reg/latch
             EN      CK          -     0.0100    -    0.0763   -         i l
    khu_sensor_top/ads1292_filter/iir_notch/clk_gate_o_Y_DATA_reg_0/latch
             EN      CK        0.1004    -     0.0162   -      -         i l
    khu_sensor_top/ads1292_filter/iir_notch/clk_gate_o_Y_DATA_reg_0/latch
             EN      CK          -     0.0100    -    0.0664   -         i l
    khu_sensor_top/ads1292_filter/iir_notch/clk_gate_r_mult_3_A_reg_0/latch
             EN      CK        0.1163    -     0.0174   -      -         i l
    khu_sensor_top/ads1292_filter/iir_notch/clk_gate_r_mult_3_A_reg_0/latch
             EN      CK          -     0.0100    -    0.0624   -         i l
    khu_sensor_top/ads1292_filter/iir_notch/clk_gate_r_add_1_B_reg/latch
             EN      CK        0.0868    -     0.0126   -      -         i l
    khu_sensor_top/ads1292_filter/iir_notch/clk_gate_r_add_1_B_reg/latch
             EN      CK          -     0.0100    -    0.0661   -         i l
    khu_sensor_top/ads1292_filter/iir_notch/clk_gate_r_add_2_A_reg/latch
             EN      CK        0.0684    -     0.0100   -      -         i l
    khu_sensor_top/ads1292_filter/iir_notch/clk_gate_r_add_2_A_reg/latch
             EN      CK          -     0.0100    -    0.0763   -         i l
    khu_sensor_top/ads1292_filter/iir_notch/clk_gate_r_x_data_reg_1/latch
             EN      CK        0.0941    -     0.0138   -      -         i l
    khu_sensor_top/ads1292_filter/iir_notch/clk_gate_r_x_data_reg_1/latch
             EN      CK          -     0.0100    -    0.0648   -         i l
    khu_sensor_top/ads1292_filter/iir_notch/clk_gate_r_y_data_reg_0/latch
             EN      CK        0.0941    -     0.0138   -      -         i l
    khu_sensor_top/ads1292_filter/iir_notch/clk_gate_r_y_data_reg_0/latch
             EN      CK          -     0.0100    -    0.0648   -         i l
    khu_sensor_top/ads1292_filter/iir_notch/clk_gate_r_x_data_reg_2/latch
             EN      CK        0.0941    -     0.0138   -      -         i l
    khu_sensor_top/ads1292_filter/iir_notch/clk_gate_r_x_data_reg_2/latch
             EN      CK          -     0.0100    -    0.0648   -         i l
    khu_sensor_top/ads1292_filter/iir_lpf/clk_gate_o_Y_DATA_reg_0/latch
             EN      CK        0.1153    -     0.0213   -      -         i l
    khu_sensor_top/ads1292_filter/iir_lpf/clk_gate_o_Y_DATA_reg_0/latch
             EN      CK          -     0.0100    -    0.0590   -         i l
    khu_sensor_top/ads1292_filter/iir_lpf/clk_gate_r_add_B_reg/latch
             EN      CK        0.1099    -     0.0183   -      -         i l
    khu_sensor_top/ads1292_filter/iir_lpf/clk_gate_r_add_B_reg/latch
             EN      CK          -     0.0100    -    0.0671   -         i l
    khu_sensor_top/ads1292_filter/iir_lpf/clk_gate_r_y_data_reg_0/latch
             EN      CK        0.1237    -     0.0211   -      -         i l
    khu_sensor_top/ads1292_filter/iir_lpf/clk_gate_r_y_data_reg_0/latch
             EN      CK          -     0.0100    -    0.0563   -         i l
    khu_sensor_top/ads1292_filter/iir_lpf/clk_gate_r_x_data_reg_0/latch
             EN      CK        0.1237    -     0.0211   -      -         i l
    khu_sensor_top/ads1292_filter/iir_lpf/clk_gate_r_x_data_reg_0/latch
             EN      CK          -     0.0100    -    0.0563   -         i l
    khu_sensor_top/ads1292_filter/iir_lpf/clk_gate_r_mult_2_A_reg/latch
             EN      CK        0.0935    -     0.0135   -      -         i l
    khu_sensor_top/ads1292_filter/iir_lpf/clk_gate_r_mult_2_A_reg/latch
             EN      CK          -     0.0100    -    0.0648   -         i l
    khu_sensor_top/ads1292_filter/converter_i2f/clk_gate_a_reg_0/latch
             EN      CK        0.0967    -     0.0132   -      -         i l
    khu_sensor_top/ads1292_filter/converter_i2f/clk_gate_a_reg_0/latch
             EN      CK          -     0.0100    -    0.0686   -         i l
    khu_sensor_top/ads1292_filter/converter_i2f/clk_gate_value_reg_0/latch
             EN      CK        0.0786    -     0.0100   -      -         i l
    khu_sensor_top/ads1292_filter/converter_i2f/clk_gate_value_reg_0/latch
             EN      CK          -     0.0100    -    0.0730   -         i l
    khu_sensor_top/ads1292_filter/converter_i2f/clk_gate_z_e_reg/latch
             EN      CK        0.0794    -     0.0100   -      -         i l
    khu_sensor_top/ads1292_filter/converter_i2f/clk_gate_z_e_reg/latch
             EN      CK          -     0.0100    -    0.0774   -         i l
    khu_sensor_top/ads1292_filter/converter_i2f/clk_gate_o_Z_reg_0/latch
             EN      CK        0.1089    -     0.0159   -      -         i l
    khu_sensor_top/ads1292_filter/converter_i2f/clk_gate_o_Z_reg_0/latch
             EN      CK          -     0.0100    -    0.0622   -         i l
    khu_sensor_top/ads1292_filter/converter_i2f/clk_gate_z_reg_0/latch
             EN      CK        0.1082    -     0.0140   -      -         i l
    khu_sensor_top/ads1292_filter/converter_i2f/clk_gate_z_reg_0/latch
             EN      CK          -     0.0100    -    0.0672   -         i l
    khu_sensor_top/mpr121_controller/i2c_master/clk_gate_phy_rx_data_reg_reg_0/latch
             EN      CK        0.0701    -     0.0130   -      -         i l
    khu_sensor_top/mpr121_controller/i2c_master/clk_gate_phy_rx_data_reg_reg_0/latch
             EN      CK          -     0.0100    -    0.0817   -         i l
    khu_sensor_top/mpr121_controller/i2c_master/clk_gate_data_out_reg_reg_0/latch
             EN      CK        0.0802    -     0.0104   -      -         i l
    khu_sensor_top/mpr121_controller/i2c_master/clk_gate_data_out_reg_reg_0/latch
             EN      CK          -     0.0100    -    0.0688   -         i l
    khu_sensor_top/mpr121_controller/i2c_master/clk_gate_last_reg_reg/latch
             EN      CK        0.1014    -     0.0133   -      -         i l
    khu_sensor_top/mpr121_controller/i2c_master/clk_gate_last_reg_reg/latch
             EN      CK          -     0.0100    -    0.0759   -         i l
    khu_sensor_top/uart_controller/uart_rx/clk_gate_r_Bit_Index_reg/latch
             EN      CK        0.0677    -     0.0100   -      -         i l
    khu_sensor_top/uart_controller/uart_rx/clk_gate_r_Bit_Index_reg/latch
             EN      CK          -     0.0100    -    0.0811   -         i l
    khu_sensor_top/uart_controller/uart_tx/clk_gate_o_Tx_Serial_reg/latch
             EN      CK        0.0590    -     0.0100   -      -         i l
    khu_sensor_top/uart_controller/uart_tx/clk_gate_o_Tx_Serial_reg/latch
             EN      CK          -     0.0100    -    0.0917   -         i l
    khu_sensor_top/uart_controller/uart_tx/clk_gate_r_Tx_Data_reg_0/latch
             EN      CK        0.0460    -     0.0100   -      -         i l
    khu_sensor_top/uart_controller/uart_tx/clk_gate_r_Tx_Data_reg_0/latch
             EN      CK          -     0.0100    -    0.0926   -         i l
    khu_sensor_top/ads1292_filter/iir_hpf/mult/clk_gate_b_reg/latch
             EN      CK        0.0962    -     0.0188   -      -         i l
    khu_sensor_top/ads1292_filter/iir_hpf/mult/clk_gate_b_reg/latch
             EN      CK          -     0.0100    -    0.0605   -         i l
    khu_sensor_top/ads1292_filter/iir_hpf/mult/clk_gate_a_e_reg/latch
             EN      CK        0.0670    -     0.0100   -      -         i l
    khu_sensor_top/ads1292_filter/iir_hpf/mult/clk_gate_a_e_reg/latch
             EN      CK          -     0.0100    -    0.0827   -         i l
    khu_sensor_top/ads1292_filter/iir_hpf/mult/clk_gate_z_e_reg_0/latch
             EN      CK        0.0998    -     0.0154   -      -         i l
    khu_sensor_top/ads1292_filter/iir_hpf/mult/clk_gate_z_e_reg_0/latch
             EN      CK          -     0.0100    -    0.0641   -         i l
    khu_sensor_top/ads1292_filter/iir_hpf/mult/clk_gate_guard_reg/latch
             EN      CK        0.0868    -     0.0138   -      -         i l
    khu_sensor_top/ads1292_filter/iir_hpf/mult/clk_gate_guard_reg/latch
             EN      CK          -     0.0100    -    0.0647   -         i l
    khu_sensor_top/ads1292_filter/iir_hpf/mult/clk_gate_a_e_reg_0/latch
             EN      CK        0.1019    -     0.0154   -      -         i l
    khu_sensor_top/ads1292_filter/iir_hpf/mult/clk_gate_a_e_reg_0/latch
             EN      CK          -     0.0100    -    0.0646   -         i l
    khu_sensor_top/ads1292_filter/iir_hpf/mult/clk_gate_b_e_reg/latch
             EN      CK        0.0845    -     0.0124   -      -         i l
    khu_sensor_top/ads1292_filter/iir_hpf/mult/clk_gate_b_e_reg/latch
             EN      CK          -     0.0100    -    0.0757   -         i l
    khu_sensor_top/ads1292_filter/iir_hpf/mult/clk_gate_R_39/latch
             EN      CK        0.1232    -     0.0271   -      -         i l
    khu_sensor_top/ads1292_filter/iir_hpf/mult/clk_gate_R_39/latch
             EN      CK          -     0.0100    -    0.0495   -         i l
    khu_sensor_top/ads1292_filter/iir_hpf/mult/clk_gate_o_Z_reg_0/latch
             EN      CK        0.0674    -     0.0100   -      -         i l
    khu_sensor_top/ads1292_filter/iir_hpf/mult/clk_gate_o_Z_reg_0/latch
             EN      CK          -     0.0100    -    0.0718   -         i l
    khu_sensor_top/ads1292_filter/iir_hpf/mult/clk_gate_z_reg_0/latch
             EN      CK        0.0825    -     0.0106   -      -         i l
    khu_sensor_top/ads1292_filter/iir_hpf/mult/clk_gate_z_reg_0/latch
             EN      CK          -     0.0100    -    0.0684   -         i l
    khu_sensor_top/ads1292_filter/iir_hpf/add/clk_gate_b_reg/latch
             EN      CK        0.0928    -     0.0199   -      -         i l
    khu_sensor_top/ads1292_filter/iir_hpf/add/clk_gate_b_reg/latch
             EN      CK          -     0.0100    -    0.0615   -         i l
    khu_sensor_top/ads1292_filter/iir_hpf/add/clk_gate_a_e_reg_1/latch
             EN      CK        0.0873    -     0.0120   -      -         i l
    khu_sensor_top/ads1292_filter/iir_hpf/add/clk_gate_a_e_reg_1/latch
             EN      CK          -     0.0100    -    0.0758   -         i l
    khu_sensor_top/ads1292_filter/iir_hpf/add/clk_gate_z_e_reg_0/latch
             EN      CK        0.1168    -     0.0211   -      -         i l
    khu_sensor_top/ads1292_filter/iir_hpf/add/clk_gate_z_e_reg_0/latch
             EN      CK          -     0.0100    -    0.0578   -         i l
    khu_sensor_top/ads1292_filter/iir_hpf/add/clk_gate_sticky_reg/latch
             EN      CK        0.1025    -     0.0133   -      -         i l
    khu_sensor_top/ads1292_filter/iir_hpf/add/clk_gate_sticky_reg/latch
             EN      CK          -     0.0100    -    0.0653   -         i l
    khu_sensor_top/ads1292_filter/iir_hpf/add/clk_gate_b_s_reg/latch
             EN      CK        0.0847    -     0.0125   -      -         i l
    khu_sensor_top/ads1292_filter/iir_hpf/add/clk_gate_b_s_reg/latch
             EN      CK          -     0.0100    -    0.0665   -         i l
    khu_sensor_top/ads1292_filter/iir_hpf/add/clk_gate_b_m_reg_0/latch
             EN      CK        0.0774    -     0.0110   -      -         i l
    khu_sensor_top/ads1292_filter/iir_hpf/add/clk_gate_b_m_reg_0/latch
             EN      CK          -     0.0100    -    0.0679   -         i l
    khu_sensor_top/ads1292_filter/iir_hpf/add/clk_gate_sum_reg_0/latch
             EN      CK        0.0926    -     0.0116   -      -         i l
    khu_sensor_top/ads1292_filter/iir_hpf/add/clk_gate_sum_reg_0/latch
             EN      CK          -     0.0100    -    0.0702   -         i l
    khu_sensor_top/ads1292_filter/iir_hpf/add/clk_gate_o_Z_reg_0/latch
             EN      CK        0.1254    -     0.0179   -      -         i l
    khu_sensor_top/ads1292_filter/iir_hpf/add/clk_gate_o_Z_reg_0/latch
             EN      CK          -     0.0100    -    0.0643   -         i l
    khu_sensor_top/ads1292_filter/iir_hpf/add/clk_gate_z_reg_0/latch
             EN      CK        0.0818    -     0.0116   -      -         i l
    khu_sensor_top/ads1292_filter/iir_hpf/add/clk_gate_z_reg_0/latch
             EN      CK          -     0.0100    -    0.0686   -         i l
    khu_sensor_top/ads1292_filter/iir_notch/mult_3/clk_gate_R_43/latch
             EN      CK        0.1171    -     0.0137   -      -         i l
    khu_sensor_top/ads1292_filter/iir_notch/mult_3/clk_gate_R_43/latch
             EN      CK          -     0.0100    -    0.0657   -         i l
    khu_sensor_top/ads1292_filter/iir_notch/mult_3/clk_gate_a_e_reg/latch
             EN      CK        0.0937    -     0.0128   -      -         i l
    khu_sensor_top/ads1292_filter/iir_notch/mult_3/clk_gate_a_e_reg/latch
             EN      CK          -     0.0100    -    0.0680   -         i l
    khu_sensor_top/ads1292_filter/iir_notch/mult_3/clk_gate_z_e_reg_0/latch
             EN      CK        0.0956    -     0.0143   -      -         i l
    khu_sensor_top/ads1292_filter/iir_notch/mult_3/clk_gate_z_e_reg_0/latch
             EN      CK          -     0.0100    -    0.0656   -         i l
    khu_sensor_top/ads1292_filter/iir_notch/mult_3/clk_gate_guard_reg/latch
             EN      CK        0.0836    -     0.0130   -      -         i l
    khu_sensor_top/ads1292_filter/iir_notch/mult_3/clk_gate_guard_reg/latch
             EN      CK          -     0.0100    -    0.0659   -         i l
    khu_sensor_top/ads1292_filter/iir_notch/mult_3/clk_gate_a_e_reg_0/latch
             EN      CK        0.0893    -     0.0140   -      -         i l
    khu_sensor_top/ads1292_filter/iir_notch/mult_3/clk_gate_a_e_reg_0/latch
             EN      CK          -     0.0100    -    0.0663   -         i l
    khu_sensor_top/ads1292_filter/iir_notch/mult_3/clk_gate_R_23/latch
             EN      CK        0.0944    -     0.0154   -      -         i l
    khu_sensor_top/ads1292_filter/iir_notch/mult_3/clk_gate_R_23/latch
             EN      CK          -     0.0100    -    0.0682   -         i l
    khu_sensor_top/ads1292_filter/iir_notch/mult_3/clk_gate_R_38/latch
             EN      CK        0.1250    -     0.0273   -      -         i l
    khu_sensor_top/ads1292_filter/iir_notch/mult_3/clk_gate_R_38/latch
             EN      CK          -     0.0100    -    0.0494   -         i l
    khu_sensor_top/ads1292_filter/iir_notch/mult_3/clk_gate_o_Z_reg_0/latch
             EN      CK        0.0764    -     0.0100   -      -         i l
    khu_sensor_top/ads1292_filter/iir_notch/mult_3/clk_gate_o_Z_reg_0/latch
             EN      CK          -     0.0100    -    0.0728   -         i l
    khu_sensor_top/ads1292_filter/iir_notch/mult_3/clk_gate_z_reg_0/latch
             EN      CK        0.0874    -     0.0122   -      -         i l
    khu_sensor_top/ads1292_filter/iir_notch/mult_3/clk_gate_z_reg_0/latch
             EN      CK          -     0.0100    -    0.0666   -         i l
    khu_sensor_top/ads1292_filter/iir_notch/mult_2/clk_gate_R_42/latch
             EN      CK        0.1171    -     0.0142   -      -         i l
    khu_sensor_top/ads1292_filter/iir_notch/mult_2/clk_gate_R_42/latch
             EN      CK          -     0.0100    -    0.0650   -         i l
    khu_sensor_top/ads1292_filter/iir_notch/mult_2/clk_gate_a_e_reg/latch
             EN      CK        0.0686    -     0.0100   -      -         i l
    khu_sensor_top/ads1292_filter/iir_notch/mult_2/clk_gate_a_e_reg/latch
             EN      CK          -     0.0100    -    0.0826   -         i l
    khu_sensor_top/ads1292_filter/iir_notch/mult_2/clk_gate_z_e_reg_0/latch
             EN      CK        0.1024    -     0.0162   -      -         i l
    khu_sensor_top/ads1292_filter/iir_notch/mult_2/clk_gate_z_e_reg_0/latch
             EN      CK          -     0.0100    -    0.0632   -         i l
    khu_sensor_top/ads1292_filter/iir_notch/mult_2/clk_gate_guard_reg/latch
             EN      CK        0.0839    -     0.0130   -      -         i l
    khu_sensor_top/ads1292_filter/iir_notch/mult_2/clk_gate_guard_reg/latch
             EN      CK          -     0.0100    -    0.0657   -         i l
    khu_sensor_top/ads1292_filter/iir_notch/mult_2/clk_gate_a_e_reg_0/latch
             EN      CK        0.1101    -     0.0199   -      -         i l
    khu_sensor_top/ads1292_filter/iir_notch/mult_2/clk_gate_a_e_reg_0/latch
             EN      CK          -     0.0100    -    0.0621   -         i l
    khu_sensor_top/ads1292_filter/iir_notch/mult_2/clk_gate_R_17/latch
             EN      CK        0.0901    -     0.0165   -      -         i l
    khu_sensor_top/ads1292_filter/iir_notch/mult_2/clk_gate_R_17/latch
             EN      CK          -     0.0100    -    0.0699   -         i l
    khu_sensor_top/ads1292_filter/iir_notch/mult_2/clk_gate_R_37/latch
             EN      CK        0.1267    -     0.0282   -      -         i l
    khu_sensor_top/ads1292_filter/iir_notch/mult_2/clk_gate_R_37/latch
             EN      CK          -     0.0100    -    0.0494   -         i l
    khu_sensor_top/ads1292_filter/iir_notch/mult_2/clk_gate_o_Z_reg_0/latch
             EN      CK        0.0693    -     0.0104   -      -         i l
    khu_sensor_top/ads1292_filter/iir_notch/mult_2/clk_gate_o_Z_reg_0/latch
             EN      CK          -     0.0100    -    0.0685   -         i l
    khu_sensor_top/ads1292_filter/iir_notch/mult_2/clk_gate_z_reg_0/latch
             EN      CK        0.0761    -     0.0100   -      -         i l
    khu_sensor_top/ads1292_filter/iir_notch/mult_2/clk_gate_z_reg_0/latch
             EN      CK          -     0.0100    -    0.0725   -         i l
    khu_sensor_top/ads1292_filter/iir_notch/mult_1/clk_gate_R_41/latch
             EN      CK        0.1051    -     0.0119   -      -         i l
    khu_sensor_top/ads1292_filter/iir_notch/mult_1/clk_gate_R_41/latch
             EN      CK          -     0.0100    -    0.0683   -         i l
    khu_sensor_top/ads1292_filter/iir_notch/mult_1/clk_gate_a_e_reg/latch
             EN      CK        0.0765    -     0.0114   -      -         i l
    khu_sensor_top/ads1292_filter/iir_notch/mult_1/clk_gate_a_e_reg/latch
             EN      CK          -     0.0100    -    0.0691   -         i l
    khu_sensor_top/ads1292_filter/iir_notch/mult_1/clk_gate_z_e_reg_0/latch
             EN      CK        0.1073    -     0.0173   -      -         i l
    khu_sensor_top/ads1292_filter/iir_notch/mult_1/clk_gate_z_e_reg_0/latch
             EN      CK          -     0.0100    -    0.0617   -         i l
    khu_sensor_top/ads1292_filter/iir_notch/mult_1/clk_gate_guard_reg/latch
             EN      CK        0.0927    -     0.0156   -      -         i l
    khu_sensor_top/ads1292_filter/iir_notch/mult_1/clk_gate_guard_reg/latch
             EN      CK          -     0.0100    -    0.0626   -         i l
    khu_sensor_top/ads1292_filter/iir_notch/mult_1/clk_gate_a_e_reg_0/latch
             EN      CK        0.0935    -     0.0152   -      -         i l
    khu_sensor_top/ads1292_filter/iir_notch/mult_1/clk_gate_a_e_reg_0/latch
             EN      CK          -     0.0100    -    0.0682   -         i l
    khu_sensor_top/ads1292_filter/iir_notch/mult_1/clk_gate_R_11/latch
             EN      CK        0.0983    -     0.0162   -      -         i l
    khu_sensor_top/ads1292_filter/iir_notch/mult_1/clk_gate_R_11/latch
             EN      CK          -     0.0100    -    0.0672   -         i l
    khu_sensor_top/ads1292_filter/iir_notch/mult_1/clk_gate_R_36/latch
             EN      CK        0.0954    -     0.0137   -      -         i l
    khu_sensor_top/ads1292_filter/iir_notch/mult_1/clk_gate_R_36/latch
             EN      CK          -     0.0100    -    0.0665   -         i l
    khu_sensor_top/ads1292_filter/iir_notch/mult_1/clk_gate_o_Z_reg_0/latch
             EN      CK        0.0699    -     0.0100   -      -         i l
    khu_sensor_top/ads1292_filter/iir_notch/mult_1/clk_gate_o_Z_reg_0/latch
             EN      CK          -     0.0100    -    0.0786   -         i l
    khu_sensor_top/ads1292_filter/iir_notch/mult_1/clk_gate_z_reg_0/latch
             EN      CK        0.0728    -     0.0102   -      -         i l
    khu_sensor_top/ads1292_filter/iir_notch/mult_1/clk_gate_z_reg_0/latch
             EN      CK          -     0.0100    -    0.0689   -         i l
    khu_sensor_top/ads1292_filter/iir_notch/add_2/clk_gate_b_reg/latch
             EN      CK        0.1177    -     0.0271   -      -         i l
    khu_sensor_top/ads1292_filter/iir_notch/add_2/clk_gate_b_reg/latch
             EN      CK          -     0.0100    -    0.0533   -         i l
    khu_sensor_top/ads1292_filter/iir_notch/add_2/clk_gate_a_e_reg_1/latch
             EN      CK        0.0611    -     0.0100   -      -         i l
    khu_sensor_top/ads1292_filter/iir_notch/add_2/clk_gate_a_e_reg_1/latch
             EN      CK          -     0.0100    -    0.0830   -         i l
    khu_sensor_top/ads1292_filter/iir_notch/add_2/clk_gate_z_e_reg_0/latch
             EN      CK        0.1062    -     0.0188   -      -         i l
    khu_sensor_top/ads1292_filter/iir_notch/add_2/clk_gate_z_e_reg_0/latch
             EN      CK          -     0.0100    -    0.0611   -         i l
    khu_sensor_top/ads1292_filter/iir_notch/add_2/clk_gate_sticky_reg/latch
             EN      CK        0.0913    -     0.0120   -      -         i l
    khu_sensor_top/ads1292_filter/iir_notch/add_2/clk_gate_sticky_reg/latch
             EN      CK          -     0.0100    -    0.0675   -         i l
    khu_sensor_top/ads1292_filter/iir_notch/add_2/clk_gate_a_s_reg/latch
             EN      CK        0.1058    -     0.0151   -      -         i l
    khu_sensor_top/ads1292_filter/iir_notch/add_2/clk_gate_a_s_reg/latch
             EN      CK          -     0.0100    -    0.0652   -         i l
    khu_sensor_top/ads1292_filter/iir_notch/add_2/clk_gate_b_m_reg_0/latch
             EN      CK        0.1052    -     0.0158   -      -         i l
    khu_sensor_top/ads1292_filter/iir_notch/add_2/clk_gate_b_m_reg_0/latch
             EN      CK          -     0.0100    -    0.0625   -         i l
    khu_sensor_top/ads1292_filter/iir_notch/add_2/clk_gate_sum_reg_0/latch
             EN      CK        0.1237    -     0.0274   -      -         i l
    khu_sensor_top/ads1292_filter/iir_notch/add_2/clk_gate_sum_reg_0/latch
             EN      CK          -     0.0100    -    0.0500   -         i l
    khu_sensor_top/ads1292_filter/iir_notch/add_2/clk_gate_o_Z_reg_0/latch
             EN      CK        0.1306    -     0.0173   -      -         i l
    khu_sensor_top/ads1292_filter/iir_notch/add_2/clk_gate_o_Z_reg_0/latch
             EN      CK          -     0.0100    -    0.0613   -         i l
    khu_sensor_top/ads1292_filter/iir_notch/add_2/clk_gate_z_reg_0/latch
             EN      CK        0.1097    -     0.0175   -      -         i l
    khu_sensor_top/ads1292_filter/iir_notch/add_2/clk_gate_z_reg_0/latch
             EN      CK          -     0.0100    -    0.0633   -         i l
    khu_sensor_top/ads1292_filter/iir_notch/add_1/clk_gate_b_reg/latch
             EN      CK        0.0936    -     0.0186   -      -         i l
    khu_sensor_top/ads1292_filter/iir_notch/add_1/clk_gate_b_reg/latch
             EN      CK          -     0.0100    -    0.0616   -         i l
    khu_sensor_top/ads1292_filter/iir_notch/add_1/clk_gate_a_e_reg_1/latch
             EN      CK        0.0734    -     0.0100   -      -         i l
    khu_sensor_top/ads1292_filter/iir_notch/add_1/clk_gate_a_e_reg_1/latch
             EN      CK          -     0.0100    -    0.0846   -         i l
    khu_sensor_top/ads1292_filter/iir_notch/add_1/clk_gate_z_e_reg_0/latch
             EN      CK        0.0864    -     0.0141   -      -         i l
    khu_sensor_top/ads1292_filter/iir_notch/add_1/clk_gate_z_e_reg_0/latch
             EN      CK          -     0.0100    -    0.0675   -         i l
    khu_sensor_top/ads1292_filter/iir_notch/add_1/clk_gate_sticky_reg/latch
             EN      CK        0.0922    -     0.0118   -      -         i l
    khu_sensor_top/ads1292_filter/iir_notch/add_1/clk_gate_sticky_reg/latch
             EN      CK          -     0.0100    -    0.0676   -         i l
    khu_sensor_top/ads1292_filter/iir_notch/add_1/clk_gate_b_s_reg/latch
             EN      CK        0.1017    -     0.0164   -      -         i l
    khu_sensor_top/ads1292_filter/iir_notch/add_1/clk_gate_b_s_reg/latch
             EN      CK          -     0.0100    -    0.0619   -         i l
    khu_sensor_top/ads1292_filter/iir_notch/add_1/clk_gate_b_m_reg_0/latch
             EN      CK        0.0839    -     0.0133   -      -         i l
    khu_sensor_top/ads1292_filter/iir_notch/add_1/clk_gate_b_m_reg_0/latch
             EN      CK          -     0.0100    -    0.0652   -         i l
    khu_sensor_top/ads1292_filter/iir_notch/add_1/clk_gate_sum_reg_0/latch
             EN      CK        0.1268    -     0.0275   -      -         i l
    khu_sensor_top/ads1292_filter/iir_notch/add_1/clk_gate_sum_reg_0/latch
             EN      CK          -     0.0100    -    0.0485   -         i l
    khu_sensor_top/ads1292_filter/iir_notch/add_1/clk_gate_o_Z_reg_0/latch
             EN      CK        0.0906    -     0.0179   -      -         i l
    khu_sensor_top/ads1292_filter/iir_notch/add_1/clk_gate_o_Z_reg_0/latch
             EN      CK          -     0.0100    -    0.0633   -         i l
    khu_sensor_top/ads1292_filter/iir_notch/add_1/clk_gate_z_reg_0/latch
             EN      CK        0.1027    -     0.0156   -      -         i l
    khu_sensor_top/ads1292_filter/iir_notch/add_1/clk_gate_z_reg_0/latch
             EN      CK          -     0.0100    -    0.0643   -         i l
    khu_sensor_top/ads1292_filter/iir_lpf/mult_2/clk_gate_R_40/latch
             EN      CK        0.1071    -     0.0116   -      -         i l
    khu_sensor_top/ads1292_filter/iir_lpf/mult_2/clk_gate_R_40/latch
             EN      CK          -     0.0100    -    0.0674   -         i l
    khu_sensor_top/ads1292_filter/iir_lpf/mult_2/clk_gate_a_e_reg/latch
             EN      CK        0.0840    -     0.0110   -      -         i l
    khu_sensor_top/ads1292_filter/iir_lpf/mult_2/clk_gate_a_e_reg/latch
             EN      CK          -     0.0100    -    0.0754   -         i l
    khu_sensor_top/ads1292_filter/iir_lpf/mult_2/clk_gate_z_e_reg_0/latch
             EN      CK        0.1035    -     0.0165   -      -         i l
    khu_sensor_top/ads1292_filter/iir_lpf/mult_2/clk_gate_z_e_reg_0/latch
             EN      CK          -     0.0100    -    0.0628   -         i l
    khu_sensor_top/ads1292_filter/iir_lpf/mult_2/clk_gate_guard_reg/latch
             EN      CK        0.0881    -     0.0143   -      -         i l
    khu_sensor_top/ads1292_filter/iir_lpf/mult_2/clk_gate_guard_reg/latch
             EN      CK          -     0.0100    -    0.0642   -         i l
    khu_sensor_top/ads1292_filter/iir_lpf/mult_2/clk_gate_a_e_reg_0/latch
             EN      CK        0.1097    -     0.0173   -      -         i l
    khu_sensor_top/ads1292_filter/iir_lpf/mult_2/clk_gate_a_e_reg_0/latch
             EN      CK          -     0.0100    -    0.0633   -         i l
    khu_sensor_top/ads1292_filter/iir_lpf/mult_2/clk_gate_R_5/latch
             EN      CK        0.0847    -     0.0132   -      -         i l
    khu_sensor_top/ads1292_filter/iir_lpf/mult_2/clk_gate_R_5/latch
             EN      CK          -     0.0100    -    0.0752   -         i l
    khu_sensor_top/ads1292_filter/iir_lpf/mult_2/clk_gate_R_35/latch
             EN      CK        0.1176    -     0.0250   -      -         i l
    khu_sensor_top/ads1292_filter/iir_lpf/mult_2/clk_gate_R_35/latch
             EN      CK          -     0.0100    -    0.0522   -         i l
    khu_sensor_top/ads1292_filter/iir_lpf/mult_2/clk_gate_o_Z_reg_0/latch
             EN      CK        0.0750    -     0.0100   -      -         i l
    khu_sensor_top/ads1292_filter/iir_lpf/mult_2/clk_gate_o_Z_reg_0/latch
             EN      CK          -     0.0100    -    0.0755   -         i l
    khu_sensor_top/ads1292_filter/iir_lpf/mult_2/clk_gate_z_reg_0/latch
             EN      CK        0.0764    -     0.0100   -      -         i l
    khu_sensor_top/ads1292_filter/iir_lpf/mult_2/clk_gate_z_reg_0/latch
             EN      CK          -     0.0100    -    0.0724   -         i l
    khu_sensor_top/ads1292_filter/iir_lpf/mult_1/clk_gate_b_reg/latch
             EN      CK        0.1274    -     0.0157   -      -         i l
    khu_sensor_top/ads1292_filter/iir_lpf/mult_1/clk_gate_b_reg/latch
             EN      CK          -     0.0100    -    0.0637   -         i l
    khu_sensor_top/ads1292_filter/iir_lpf/mult_1/clk_gate_a_e_reg/latch
             EN      CK        0.0656    -     0.0100   -      -         i l
    khu_sensor_top/ads1292_filter/iir_lpf/mult_1/clk_gate_a_e_reg/latch
             EN      CK          -     0.0100    -    0.0843   -         i l
    khu_sensor_top/ads1292_filter/iir_lpf/mult_1/clk_gate_z_e_reg_0/latch
             EN      CK        0.0971    -     0.0147   -      -         i l
    khu_sensor_top/ads1292_filter/iir_lpf/mult_1/clk_gate_z_e_reg_0/latch
             EN      CK          -     0.0100    -    0.0650   -         i l
    khu_sensor_top/ads1292_filter/iir_lpf/mult_1/clk_gate_guard_reg/latch
             EN      CK        0.0835    -     0.0129   -      -         i l
    khu_sensor_top/ads1292_filter/iir_lpf/mult_1/clk_gate_guard_reg/latch
             EN      CK          -     0.0100    -    0.0659   -         i l
    khu_sensor_top/ads1292_filter/iir_lpf/mult_1/clk_gate_a_e_reg_0/latch
             EN      CK        0.0897    -     0.0143   -      -         i l
    khu_sensor_top/ads1292_filter/iir_lpf/mult_1/clk_gate_a_e_reg_0/latch
             EN      CK          -     0.0100    -    0.0676   -         i l
    khu_sensor_top/ads1292_filter/iir_lpf/mult_1/clk_gate_b_e_reg/latch
             EN      CK        0.0836    -     0.0132   -      -         i l
    khu_sensor_top/ads1292_filter/iir_lpf/mult_1/clk_gate_b_e_reg/latch
             EN      CK          -     0.0100    -    0.0780   -         i l
    khu_sensor_top/ads1292_filter/iir_lpf/mult_1/clk_gate_z_s_reg/latch
             EN      CK        0.1158    -     0.0256   -      -         i l
    khu_sensor_top/ads1292_filter/iir_lpf/mult_1/clk_gate_z_s_reg/latch
             EN      CK          -     0.0100    -    0.0513   -         i l
    khu_sensor_top/ads1292_filter/iir_lpf/mult_1/clk_gate_o_Z_reg_0/latch
             EN      CK        0.0800    -     0.0100   -      -         i l
    khu_sensor_top/ads1292_filter/iir_lpf/mult_1/clk_gate_o_Z_reg_0/latch
             EN      CK          -     0.0100    -    0.0708   -         i l
    khu_sensor_top/ads1292_filter/iir_lpf/mult_1/clk_gate_z_reg_0/latch
             EN      CK        0.0766    -     0.0100   -      -         i l
    khu_sensor_top/ads1292_filter/iir_lpf/mult_1/clk_gate_z_reg_0/latch
             EN      CK          -     0.0100    -    0.0720   -         i l
    khu_sensor_top/ads1292_filter/iir_lpf/add/clk_gate_b_reg/latch
             EN      CK        0.1126    -     0.0140   -      -         i l
    khu_sensor_top/ads1292_filter/iir_lpf/add/clk_gate_b_reg/latch
             EN      CK          -     0.0100    -    0.0662   -         i l
    khu_sensor_top/ads1292_filter/iir_lpf/add/clk_gate_a_e_reg_1/latch
             EN      CK        0.0706    -     0.0100   -      -         i l
    khu_sensor_top/ads1292_filter/iir_lpf/add/clk_gate_a_e_reg_1/latch
             EN      CK          -     0.0100    -    0.0866   -         i l
    khu_sensor_top/ads1292_filter/iir_lpf/add/clk_gate_z_e_reg_0/latch
             EN      CK        0.1015    -     0.0179   -      -         i l
    khu_sensor_top/ads1292_filter/iir_lpf/add/clk_gate_z_e_reg_0/latch
             EN      CK          -     0.0100    -    0.0631   -         i l
    khu_sensor_top/ads1292_filter/iir_lpf/add/clk_gate_sticky_reg/latch
             EN      CK        0.1048    -     0.0143   -      -         i l
    khu_sensor_top/ads1292_filter/iir_lpf/add/clk_gate_sticky_reg/latch
             EN      CK          -     0.0100    -    0.0644   -         i l
    khu_sensor_top/ads1292_filter/iir_lpf/add/clk_gate_a_s_reg/latch
             EN      CK        0.0851    -     0.0129   -      -         i l
    khu_sensor_top/ads1292_filter/iir_lpf/add/clk_gate_a_s_reg/latch
             EN      CK          -     0.0100    -    0.0661   -         i l
    khu_sensor_top/ads1292_filter/iir_lpf/add/clk_gate_b_m_reg_0/latch
             EN      CK        0.0847    -     0.0117   -      -         i l
    khu_sensor_top/ads1292_filter/iir_lpf/add/clk_gate_b_m_reg_0/latch
             EN      CK          -     0.0100    -    0.0672   -         i l
    khu_sensor_top/ads1292_filter/iir_lpf/add/clk_gate_sum_reg_0/latch
             EN      CK        0.1259    -     0.0272   -      -         i l
    khu_sensor_top/ads1292_filter/iir_lpf/add/clk_gate_sum_reg_0/latch
             EN      CK          -     0.0100    -    0.0489   -         i l
    khu_sensor_top/ads1292_filter/iir_lpf/add/clk_gate_o_Z_reg_0/latch
             EN      CK        0.0971    -     0.0203   -      -         i l
    khu_sensor_top/ads1292_filter/iir_lpf/add/clk_gate_o_Z_reg_0/latch
             EN      CK          -     0.0100    -    0.0609   -         i l
    khu_sensor_top/ads1292_filter/iir_lpf/add/clk_gate_z_reg_0/latch
             EN      CK        0.1155    -     0.0179   -      -         i l
    khu_sensor_top/ads1292_filter/iir_lpf/add/clk_gate_z_reg_0/latch
             EN      CK          -     0.0100    -    0.0619   -         i l
Disabled:
    None

Attr: 
i:auto inferred, p:power compiler inserted, l:library cell defined
1
 
****************************************
Report : clock_gating
        -structure
Design : khu_sensor_pad
Scenario(s): func1_wst
Version: N-2017.09
Date   : Thu Nov 19 08:32:43 2020
****************************************



                             Clock Gating Summary
          ------------------------------------------------------------
          |    Number of Clock gating elements    |        0         |
          |                                       |                  |
          |    Number of Gated registers          |     0 (0.00%)    |
          |                                       |                  |
          |    Number of Ungated registers        |  5213 (100.00%)  |
          |                                       |                  |
          |    Maximum number of stages           |        -         |
          |                                       |                  |
          |    Total number of registers          |     5213         |
          ------------------------------------------------------------



1
