 
****************************************
Report : net fanout
        -threshold 100
Design : khu_sensor_pad
Scenario(s): func1_wst
Version: N-2017.09
Date   : Thu Nov 19 02:17:04 2020
****************************************


Operating Conditions: V105WTP1250   Library: std150e_wst_105_p125
Wire Load Model Mode: enclosed

Design        Wire Load Model            Library
------------------------------------------------
async_rstn_glitch_synchronizer
                       l13_e_5000_4lm    std150e_wst_105_p125
ads1292_filter         l13_e_100k_4lm    std150e_wst_105_p125
divider_by_2           l13_e_5000_4lm    std150e_wst_105_p125
async_rstn_glitch_synchronizer_0
                       l13_e_5000_4lm    std150e_wst_105_p125
async_rstn_synchronizer
                       l13_e_5000_4lm    std150e_wst_105_p125
ads1292_controller_DW01_inc_0
                       l13_e_5000_4lm    std150e_wst_105_p125
async_rstn_synchronizer_1
                       l13_e_5000_4lm    std150e_wst_105_p125
SNPS_CLOCK_GATE_HIGH_ads1292_controller_7
                       l13_e_5000_4lm    std150e_wst_105_p125
SNPS_CLOCK_GATE_HIGH_ads1292_controller_6
                       l13_e_5000_4lm    std150e_wst_105_p125
SNPS_CLOCK_GATE_HIGH_ads1292_controller_5
                       l13_e_5000_4lm    std150e_wst_105_p125
SNPS_CLOCK_GATE_HIGH_ads1292_controller_4
                       l13_e_5000_4lm    std150e_wst_105_p125
SNPS_CLOCK_GATE_HIGH_ads1292_controller_3
                       l13_e_5000_4lm    std150e_wst_105_p125
SNPS_CLOCK_GATE_HIGH_ads1292_controller_2
                       l13_e_5000_4lm    std150e_wst_105_p125
SNPS_CLOCK_GATE_HIGH_ads1292_controller_1
                       l13_e_5000_4lm    std150e_wst_105_p125
SNPS_CLOCK_GATE_HIGH_ads1292_controller_0
                       l13_e_5000_4lm    std150e_wst_105_p125
iir_hpf                l13_e_50k_4lm     std150e_wst_105_p125
converter_i2f          l13_e_5000_4lm    std150e_wst_105_p125
async_rst_synchronizer_3
                       l13_e_5000_4lm    std150e_wst_105_p125
async_rstn_synchronizer_5
                       l13_e_5000_4lm    std150e_wst_105_p125
SNPS_CLOCK_GATE_HIGH_ads1292_filter_7
                       l13_e_5000_4lm    std150e_wst_105_p125
SNPS_CLOCK_GATE_HIGH_ads1292_filter_6
                       l13_e_5000_4lm    std150e_wst_105_p125
SNPS_CLOCK_GATE_HIGH_ads1292_filter_5
                       l13_e_5000_4lm    std150e_wst_105_p125
SNPS_CLOCK_GATE_HIGH_ads1292_filter_4
                       l13_e_5000_4lm    std150e_wst_105_p125
SNPS_CLOCK_GATE_HIGH_ads1292_filter_3
                       l13_e_5000_4lm    std150e_wst_105_p125
SNPS_CLOCK_GATE_HIGH_ads1292_filter_2
                       l13_e_5000_4lm    std150e_wst_105_p125
SNPS_CLOCK_GATE_HIGH_ads1292_filter_1
                       l13_e_5000_4lm    std150e_wst_105_p125
SNPS_CLOCK_GATE_HIGH_ads1292_filter_0
                       l13_e_5000_4lm    std150e_wst_105_p125
SNPS_CLOCK_GATE_HIGH_mpr121_controller_4
                       l13_e_5000_4lm    std150e_wst_105_p125
SNPS_CLOCK_GATE_HIGH_mpr121_controller_3
                       l13_e_5000_4lm    std150e_wst_105_p125
SNPS_CLOCK_GATE_HIGH_mpr121_controller_2
                       l13_e_5000_4lm    std150e_wst_105_p125
SNPS_CLOCK_GATE_HIGH_mpr121_controller_1
                       l13_e_5000_4lm    std150e_wst_105_p125
SNPS_CLOCK_GATE_HIGH_mpr121_controller_0
                       l13_e_5000_4lm    std150e_wst_105_p125
mpr121_controller_DW01_inc_0
                       l13_e_5000_4lm    std150e_wst_105_p125
async_rstn_synchronizer_7
                       l13_e_5000_4lm    std150e_wst_105_p125
SNPS_CLOCK_GATE_HIGH_sensor_core_5
                       l13_e_5000_4lm    std150e_wst_105_p125
SNPS_CLOCK_GATE_HIGH_sensor_core_4
                       l13_e_5000_4lm    std150e_wst_105_p125
SNPS_CLOCK_GATE_HIGH_sensor_core_3
                       l13_e_5000_4lm    std150e_wst_105_p125
SNPS_CLOCK_GATE_HIGH_sensor_core_2
                       l13_e_5000_4lm    std150e_wst_105_p125
SNPS_CLOCK_GATE_HIGH_sensor_core_1
                       l13_e_5000_4lm    std150e_wst_105_p125
SNPS_CLOCK_GATE_HIGH_sensor_core_0
                       l13_e_5000_4lm    std150e_wst_105_p125
async_rst_synchronizer_4
                       l13_e_5000_4lm    std150e_wst_105_p125
SNPS_CLOCK_GATE_HIGH_sensor_core_13
                       l13_e_5000_4lm    std150e_wst_105_p125
SNPS_CLOCK_GATE_HIGH_sensor_core_12
                       l13_e_5000_4lm    std150e_wst_105_p125
SNPS_CLOCK_GATE_HIGH_sensor_core_11
                       l13_e_5000_4lm    std150e_wst_105_p125
SNPS_CLOCK_GATE_HIGH_sensor_core_10
                       l13_e_5000_4lm    std150e_wst_105_p125
SNPS_CLOCK_GATE_HIGH_sensor_core_9
                       l13_e_5000_4lm    std150e_wst_105_p125
SNPS_CLOCK_GATE_HIGH_sensor_core_8
                       l13_e_5000_4lm    std150e_wst_105_p125
SNPS_CLOCK_GATE_HIGH_sensor_core_7
                       l13_e_5000_4lm    std150e_wst_105_p125
SNPS_CLOCK_GATE_HIGH_sensor_core_6
                       l13_e_5000_4lm    std150e_wst_105_p125
SNPS_CLOCK_GATE_HIGH_sensor_core_39
                       l13_e_5000_4lm    std150e_wst_105_p125
SNPS_CLOCK_GATE_HIGH_sensor_core_23
                       l13_e_5000_4lm    std150e_wst_105_p125
SNPS_CLOCK_GATE_HIGH_sensor_core_22
                       l13_e_5000_4lm    std150e_wst_105_p125
SNPS_CLOCK_GATE_HIGH_sensor_core_19
                       l13_e_5000_4lm    std150e_wst_105_p125
SNPS_CLOCK_GATE_HIGH_sensor_core_17
                       l13_e_5000_4lm    std150e_wst_105_p125
SNPS_CLOCK_GATE_HIGH_sensor_core_16
                       l13_e_5000_4lm    std150e_wst_105_p125
SNPS_CLOCK_GATE_HIGH_sensor_core_15
                       l13_e_5000_4lm    std150e_wst_105_p125
SNPS_CLOCK_GATE_HIGH_sensor_core_14
                       l13_e_5000_4lm    std150e_wst_105_p125
SNPS_CLOCK_GATE_HIGH_uart_controller_3
                       l13_e_5000_4lm    std150e_wst_105_p125
SNPS_CLOCK_GATE_HIGH_uart_controller_2
                       l13_e_5000_4lm    std150e_wst_105_p125
SNPS_CLOCK_GATE_HIGH_uart_controller_1
                       l13_e_5000_4lm    std150e_wst_105_p125
SNPS_CLOCK_GATE_HIGH_uart_controller_0
                       l13_e_5000_4lm    std150e_wst_105_p125
uart_rx                l13_e_5000_4lm    std150e_wst_105_p125
async_rstn_synchronizer_8
                       l13_e_5000_4lm    std150e_wst_105_p125
async_rst_synchronizer l13_e_5000_4lm    std150e_wst_105_p125
async_rstn_synchronizer_9
                       l13_e_5000_4lm    std150e_wst_105_p125
SNPS_CLOCK_GATE_HIGH_spi_master_3
                       l13_e_5000_4lm    std150e_wst_105_p125
SNPS_CLOCK_GATE_HIGH_spi_master_2
                       l13_e_5000_4lm    std150e_wst_105_p125
SNPS_CLOCK_GATE_HIGH_spi_master_0
                       l13_e_5000_4lm    std150e_wst_105_p125
spi_master_DW01_inc_0  l13_e_5000_4lm    std150e_wst_105_p125
async_rstn_synchronizer_0
                       l13_e_5000_4lm    std150e_wst_105_p125
SNPS_CLOCK_GATE_HIGH_converter_f2i_3
                       l13_e_5000_4lm    std150e_wst_105_p125
SNPS_CLOCK_GATE_HIGH_converter_f2i_2
                       l13_e_5000_4lm    std150e_wst_105_p125
SNPS_CLOCK_GATE_HIGH_converter_f2i_1
                       l13_e_5000_4lm    std150e_wst_105_p125
SNPS_CLOCK_GATE_HIGH_converter_f2i_0
                       l13_e_5000_4lm    std150e_wst_105_p125
converter_f2i_DP_OP_17_124_5628_0
                       l13_e_5000_4lm    std150e_wst_105_p125
converter_f2i_DP_OP_16_123_4860_0
                       l13_e_5000_4lm    std150e_wst_105_p125
converter_f2i_DW01_sub_0
                       l13_e_5000_4lm    std150e_wst_105_p125
SNPS_CLOCK_GATE_HIGH_iir_hpf_3
                       l13_e_5000_4lm    std150e_wst_105_p125
SNPS_CLOCK_GATE_HIGH_iir_hpf_2
                       l13_e_5000_4lm    std150e_wst_105_p125
SNPS_CLOCK_GATE_HIGH_iir_hpf_1
                       l13_e_5000_4lm    std150e_wst_105_p125
SNPS_CLOCK_GATE_HIGH_iir_hpf_0
                       l13_e_5000_4lm    std150e_wst_105_p125
async_rst_synchronizer_0
                       l13_e_5000_4lm    std150e_wst_105_p125
async_rstn_synchronizer_2
                       l13_e_5000_4lm    std150e_wst_105_p125
SNPS_CLOCK_GATE_HIGH_iir_notch_0
                       l13_e_5000_4lm    std150e_wst_105_p125
async_rst_synchronizer_1
                       l13_e_5000_4lm    std150e_wst_105_p125
async_rstn_synchronizer_3
                       l13_e_5000_4lm    std150e_wst_105_p125
SNPS_CLOCK_GATE_HIGH_iir_notch_8
                       l13_e_5000_4lm    std150e_wst_105_p125
SNPS_CLOCK_GATE_HIGH_iir_notch_7
                       l13_e_5000_4lm    std150e_wst_105_p125
SNPS_CLOCK_GATE_HIGH_iir_notch_6
                       l13_e_5000_4lm    std150e_wst_105_p125
SNPS_CLOCK_GATE_HIGH_iir_notch_5
                       l13_e_5000_4lm    std150e_wst_105_p125
SNPS_CLOCK_GATE_HIGH_iir_notch_4
                       l13_e_5000_4lm    std150e_wst_105_p125
SNPS_CLOCK_GATE_HIGH_iir_notch_3
                       l13_e_5000_4lm    std150e_wst_105_p125
SNPS_CLOCK_GATE_HIGH_iir_notch_2
                       l13_e_5000_4lm    std150e_wst_105_p125
SNPS_CLOCK_GATE_HIGH_iir_notch_1
                       l13_e_5000_4lm    std150e_wst_105_p125
async_rst_synchronizer_2
                       l13_e_5000_4lm    std150e_wst_105_p125
async_rstn_synchronizer_4
                       l13_e_5000_4lm    std150e_wst_105_p125
SNPS_CLOCK_GATE_HIGH_iir_lpf_4
                       l13_e_5000_4lm    std150e_wst_105_p125
SNPS_CLOCK_GATE_HIGH_iir_lpf_3
                       l13_e_5000_4lm    std150e_wst_105_p125
SNPS_CLOCK_GATE_HIGH_iir_lpf_2
                       l13_e_5000_4lm    std150e_wst_105_p125
SNPS_CLOCK_GATE_HIGH_iir_lpf_1
                       l13_e_5000_4lm    std150e_wst_105_p125
SNPS_CLOCK_GATE_HIGH_iir_lpf_0
                       l13_e_5000_4lm    std150e_wst_105_p125
float_multiplier_5     l13_e_10k_4lm     std150e_wst_105_p125
SNPS_CLOCK_GATE_HIGH_converter_i2f_4
                       l13_e_5000_4lm    std150e_wst_105_p125
SNPS_CLOCK_GATE_HIGH_converter_i2f_3
                       l13_e_5000_4lm    std150e_wst_105_p125
SNPS_CLOCK_GATE_HIGH_converter_i2f_2
                       l13_e_5000_4lm    std150e_wst_105_p125
SNPS_CLOCK_GATE_HIGH_converter_i2f_1
                       l13_e_5000_4lm    std150e_wst_105_p125
SNPS_CLOCK_GATE_HIGH_converter_i2f_0
                       l13_e_5000_4lm    std150e_wst_105_p125
converter_i2f_DP_OP_47_125_1108_0
                       l13_e_5000_4lm    std150e_wst_105_p125
converter_i2f_DW01_inc_0
                       l13_e_5000_4lm    std150e_wst_105_p125
SNPS_CLOCK_GATE_HIGH_i2c_master_3
                       l13_e_5000_4lm    std150e_wst_105_p125
SNPS_CLOCK_GATE_HIGH_i2c_master_1
                       l13_e_5000_4lm    std150e_wst_105_p125
SNPS_CLOCK_GATE_HIGH_i2c_master_0
                       l13_e_5000_4lm    std150e_wst_105_p125
i2c_master_DW01_dec_0  l13_e_5000_4lm    std150e_wst_105_p125
async_rstn_synchronizer_6
                       l13_e_5000_4lm    std150e_wst_105_p125
SNPS_CLOCK_GATE_HIGH_uart_rx_0
                       l13_e_5000_4lm    std150e_wst_105_p125
uart_rx_DW01_inc_0     l13_e_5000_4lm    std150e_wst_105_p125
async_rst_synchronizer_5
                       l13_e_5000_4lm    std150e_wst_105_p125
SNPS_CLOCK_GATE_HIGH_uart_tx_1
                       l13_e_5000_4lm    std150e_wst_105_p125
SNPS_CLOCK_GATE_HIGH_uart_tx_0
                       l13_e_5000_4lm    std150e_wst_105_p125
uart_tx_DW01_inc_0     l13_e_5000_4lm    std150e_wst_105_p125
async_rst_synchronizer_6
                       l13_e_5000_4lm    std150e_wst_105_p125
SNPS_CLOCK_GATE_HIGH_float_multiplier_0_0
                       l13_e_5000_4lm    std150e_wst_105_p125
float_multiplier_0_DP_OP_119_173_3501_0
                       l13_e_5000_4lm    std150e_wst_105_p125
float_multiplier_0_DW01_inc_0
                       l13_e_5000_4lm    std150e_wst_105_p125
SNPS_CLOCK_GATE_HIGH_float_multiplier_0_9
                       l13_e_5000_4lm    std150e_wst_105_p125
SNPS_CLOCK_GATE_HIGH_float_multiplier_0_7
                       l13_e_5000_4lm    std150e_wst_105_p125
SNPS_CLOCK_GATE_HIGH_float_multiplier_0_6
                       l13_e_5000_4lm    std150e_wst_105_p125
SNPS_CLOCK_GATE_HIGH_float_multiplier_0_5
                       l13_e_5000_4lm    std150e_wst_105_p125
SNPS_CLOCK_GATE_HIGH_float_multiplier_0_4
                       l13_e_5000_4lm    std150e_wst_105_p125
SNPS_CLOCK_GATE_HIGH_float_multiplier_0_3
                       l13_e_5000_4lm    std150e_wst_105_p125
SNPS_CLOCK_GATE_HIGH_float_multiplier_0_2
                       l13_e_5000_4lm    std150e_wst_105_p125
SNPS_CLOCK_GATE_HIGH_float_multiplier_0_1
                       l13_e_5000_4lm    std150e_wst_105_p125
float_adder_0_DW01_inc_0
                       l13_e_5000_4lm    std150e_wst_105_p125
SNPS_CLOCK_GATE_HIGH_float_adder_0_0
                       l13_e_5000_4lm    std150e_wst_105_p125
float_adder_0_DW_cmp_6 l13_e_5000_4lm    std150e_wst_105_p125
float_adder_0_DP_OP_139_212_6578_0
                       l13_e_5000_4lm    std150e_wst_105_p125
float_adder_0_DP_OP_124_135_3630_0
                       l13_e_5000_4lm    std150e_wst_105_p125
float_adder_0_DP_OP_128_133_6503_0
                       l13_e_5000_4lm    std150e_wst_105_p125
float_adder_0_DP_OP_127_132_7863_0
                       l13_e_5000_4lm    std150e_wst_105_p125
SNPS_CLOCK_GATE_HIGH_float_adder_0_11
                       l13_e_5000_4lm    std150e_wst_105_p125
SNPS_CLOCK_GATE_HIGH_float_adder_0_7
                       l13_e_5000_4lm    std150e_wst_105_p125
SNPS_CLOCK_GATE_HIGH_float_adder_0_6
                       l13_e_5000_4lm    std150e_wst_105_p125
SNPS_CLOCK_GATE_HIGH_float_adder_0_5
                       l13_e_5000_4lm    std150e_wst_105_p125
SNPS_CLOCK_GATE_HIGH_float_adder_0_4
                       l13_e_5000_4lm    std150e_wst_105_p125
SNPS_CLOCK_GATE_HIGH_float_adder_0_3
                       l13_e_5000_4lm    std150e_wst_105_p125
SNPS_CLOCK_GATE_HIGH_float_adder_0_2
                       l13_e_5000_4lm    std150e_wst_105_p125
SNPS_CLOCK_GATE_HIGH_float_adder_0_1
                       l13_e_5000_4lm    std150e_wst_105_p125
SNPS_CLOCK_GATE_HIGH_float_multiplier_1_0
                       l13_e_5000_4lm    std150e_wst_105_p125
float_multiplier_1_DP_OP_119_180_3191_0
                       l13_e_5000_4lm    std150e_wst_105_p125
float_multiplier_1_DW01_inc_0
                       l13_e_5000_4lm    std150e_wst_105_p125
SNPS_CLOCK_GATE_HIGH_float_multiplier_1_9
                       l13_e_5000_4lm    std150e_wst_105_p125
SNPS_CLOCK_GATE_HIGH_float_multiplier_1_7
                       l13_e_5000_4lm    std150e_wst_105_p125
SNPS_CLOCK_GATE_HIGH_float_multiplier_1_6
                       l13_e_5000_4lm    std150e_wst_105_p125
SNPS_CLOCK_GATE_HIGH_float_multiplier_1_5
                       l13_e_5000_4lm    std150e_wst_105_p125
SNPS_CLOCK_GATE_HIGH_float_multiplier_1_4
                       l13_e_5000_4lm    std150e_wst_105_p125
SNPS_CLOCK_GATE_HIGH_float_multiplier_1_3
                       l13_e_5000_4lm    std150e_wst_105_p125
SNPS_CLOCK_GATE_HIGH_float_multiplier_1_2
                       l13_e_5000_4lm    std150e_wst_105_p125
SNPS_CLOCK_GATE_HIGH_float_multiplier_1_1
                       l13_e_5000_4lm    std150e_wst_105_p125
SNPS_CLOCK_GATE_HIGH_float_multiplier_2_0
                       l13_e_5000_4lm    std150e_wst_105_p125
float_multiplier_2_DW01_inc_0
                       l13_e_5000_4lm    std150e_wst_105_p125
SNPS_CLOCK_GATE_HIGH_float_multiplier_2_9
                       l13_e_5000_4lm    std150e_wst_105_p125
SNPS_CLOCK_GATE_HIGH_float_multiplier_2_7
                       l13_e_5000_4lm    std150e_wst_105_p125
SNPS_CLOCK_GATE_HIGH_float_multiplier_2_6
                       l13_e_5000_4lm    std150e_wst_105_p125
SNPS_CLOCK_GATE_HIGH_float_multiplier_2_5
                       l13_e_5000_4lm    std150e_wst_105_p125
SNPS_CLOCK_GATE_HIGH_float_multiplier_2_4
                       l13_e_5000_4lm    std150e_wst_105_p125
SNPS_CLOCK_GATE_HIGH_float_multiplier_2_3
                       l13_e_5000_4lm    std150e_wst_105_p125
SNPS_CLOCK_GATE_HIGH_float_multiplier_2_2
                       l13_e_5000_4lm    std150e_wst_105_p125
SNPS_CLOCK_GATE_HIGH_float_multiplier_2_1
                       l13_e_5000_4lm    std150e_wst_105_p125
SNPS_CLOCK_GATE_HIGH_float_multiplier_3_0
                       l13_e_5000_4lm    std150e_wst_105_p125
float_multiplier_3_DW01_inc_0
                       l13_e_5000_4lm    std150e_wst_105_p125
SNPS_CLOCK_GATE_HIGH_float_multiplier_3_9
                       l13_e_5000_4lm    std150e_wst_105_p125
SNPS_CLOCK_GATE_HIGH_float_multiplier_3_7
                       l13_e_5000_4lm    std150e_wst_105_p125
SNPS_CLOCK_GATE_HIGH_float_multiplier_3_6
                       l13_e_5000_4lm    std150e_wst_105_p125
SNPS_CLOCK_GATE_HIGH_float_multiplier_3_5
                       l13_e_5000_4lm    std150e_wst_105_p125
SNPS_CLOCK_GATE_HIGH_float_multiplier_3_4
                       l13_e_5000_4lm    std150e_wst_105_p125
SNPS_CLOCK_GATE_HIGH_float_multiplier_3_3
                       l13_e_5000_4lm    std150e_wst_105_p125
SNPS_CLOCK_GATE_HIGH_float_multiplier_3_2
                       l13_e_5000_4lm    std150e_wst_105_p125
SNPS_CLOCK_GATE_HIGH_float_multiplier_3_1
                       l13_e_5000_4lm    std150e_wst_105_p125
float_adder_1_DW01_inc_0
                       l13_e_5000_4lm    std150e_wst_105_p125
SNPS_CLOCK_GATE_HIGH_float_adder_1_0
                       l13_e_5000_4lm    std150e_wst_105_p125
float_adder_1_DW_cmp_6 l13_e_5000_4lm    std150e_wst_105_p125
float_adder_1_DP_OP_139_215_3862_0
                       l13_e_5000_4lm    std150e_wst_105_p125
float_adder_1_DP_OP_124_150_2934_0
                       l13_e_5000_4lm    std150e_wst_105_p125
float_adder_1_DP_OP_128_148_9478_0
                       l13_e_5000_4lm    std150e_wst_105_p125
float_adder_1_DP_OP_127_147_5666_0
                       l13_e_5000_4lm    std150e_wst_105_p125
SNPS_CLOCK_GATE_HIGH_float_adder_1_11
                       l13_e_5000_4lm    std150e_wst_105_p125
SNPS_CLOCK_GATE_HIGH_float_adder_1_7
                       l13_e_5000_4lm    std150e_wst_105_p125
SNPS_CLOCK_GATE_HIGH_float_adder_1_6
                       l13_e_5000_4lm    std150e_wst_105_p125
SNPS_CLOCK_GATE_HIGH_float_adder_1_5
                       l13_e_5000_4lm    std150e_wst_105_p125
SNPS_CLOCK_GATE_HIGH_float_adder_1_4
                       l13_e_5000_4lm    std150e_wst_105_p125
SNPS_CLOCK_GATE_HIGH_float_adder_1_3
                       l13_e_5000_4lm    std150e_wst_105_p125
SNPS_CLOCK_GATE_HIGH_float_adder_1_2
                       l13_e_5000_4lm    std150e_wst_105_p125
SNPS_CLOCK_GATE_HIGH_float_adder_1_1
                       l13_e_5000_4lm    std150e_wst_105_p125
float_adder_2_DW01_inc_0
                       l13_e_5000_4lm    std150e_wst_105_p125
SNPS_CLOCK_GATE_HIGH_float_adder_2_0
                       l13_e_5000_4lm    std150e_wst_105_p125
float_adder_2_DW_cmp_6 l13_e_5000_4lm    std150e_wst_105_p125
float_adder_2_DP_OP_139_218_18_0
                       l13_e_5000_4lm    std150e_wst_105_p125
float_adder_2_DP_OP_124_156_2886_0
                       l13_e_5000_4lm    std150e_wst_105_p125
float_adder_2_DP_OP_128_154_1832_0
                       l13_e_5000_4lm    std150e_wst_105_p125
float_adder_2_DP_OP_127_153_5618_0
                       l13_e_5000_4lm    std150e_wst_105_p125
SNPS_CLOCK_GATE_HIGH_float_adder_2_11
                       l13_e_5000_4lm    std150e_wst_105_p125
SNPS_CLOCK_GATE_HIGH_float_adder_2_7
                       l13_e_5000_4lm    std150e_wst_105_p125
SNPS_CLOCK_GATE_HIGH_float_adder_2_6
                       l13_e_5000_4lm    std150e_wst_105_p125
SNPS_CLOCK_GATE_HIGH_float_adder_2_5
                       l13_e_5000_4lm    std150e_wst_105_p125
SNPS_CLOCK_GATE_HIGH_float_adder_2_4
                       l13_e_5000_4lm    std150e_wst_105_p125
SNPS_CLOCK_GATE_HIGH_float_adder_2_3
                       l13_e_5000_4lm    std150e_wst_105_p125
SNPS_CLOCK_GATE_HIGH_float_adder_2_2
                       l13_e_5000_4lm    std150e_wst_105_p125
SNPS_CLOCK_GATE_HIGH_float_adder_2_1
                       l13_e_5000_4lm    std150e_wst_105_p125
SNPS_CLOCK_GATE_HIGH_float_multiplier_4_0
                       l13_e_5000_4lm    std150e_wst_105_p125
float_multiplier_4_DW01_inc_0
                       l13_e_5000_4lm    std150e_wst_105_p125
SNPS_CLOCK_GATE_HIGH_float_multiplier_4_9
                       l13_e_5000_4lm    std150e_wst_105_p125
SNPS_CLOCK_GATE_HIGH_float_multiplier_4_7
                       l13_e_5000_4lm    std150e_wst_105_p125
SNPS_CLOCK_GATE_HIGH_float_multiplier_4_6
                       l13_e_5000_4lm    std150e_wst_105_p125
SNPS_CLOCK_GATE_HIGH_float_multiplier_4_5
                       l13_e_5000_4lm    std150e_wst_105_p125
SNPS_CLOCK_GATE_HIGH_float_multiplier_4_4
                       l13_e_5000_4lm    std150e_wst_105_p125
SNPS_CLOCK_GATE_HIGH_float_multiplier_4_3
                       l13_e_5000_4lm    std150e_wst_105_p125
SNPS_CLOCK_GATE_HIGH_float_multiplier_4_2
                       l13_e_5000_4lm    std150e_wst_105_p125
SNPS_CLOCK_GATE_HIGH_float_multiplier_4_1
                       l13_e_5000_4lm    std150e_wst_105_p125
SNPS_CLOCK_GATE_HIGH_float_multiplier_5_0
                       l13_e_5000_4lm    std150e_wst_105_p125
float_multiplier_5_DP_OP_119_208_9725_0
                       l13_e_5000_4lm    std150e_wst_105_p125
float_multiplier_5_DW01_inc_0
                       l13_e_5000_4lm    std150e_wst_105_p125
SNPS_CLOCK_GATE_HIGH_float_multiplier_5_9
                       l13_e_5000_4lm    std150e_wst_105_p125
SNPS_CLOCK_GATE_HIGH_float_multiplier_5_7
                       l13_e_5000_4lm    std150e_wst_105_p125
SNPS_CLOCK_GATE_HIGH_float_multiplier_5_6
                       l13_e_5000_4lm    std150e_wst_105_p125
SNPS_CLOCK_GATE_HIGH_float_multiplier_5_5
                       l13_e_5000_4lm    std150e_wst_105_p125
SNPS_CLOCK_GATE_HIGH_float_multiplier_5_4
                       l13_e_5000_4lm    std150e_wst_105_p125
SNPS_CLOCK_GATE_HIGH_float_multiplier_5_3
                       l13_e_5000_4lm    std150e_wst_105_p125
SNPS_CLOCK_GATE_HIGH_float_multiplier_5_2
                       l13_e_5000_4lm    std150e_wst_105_p125
SNPS_CLOCK_GATE_HIGH_float_multiplier_5_1
                       l13_e_5000_4lm    std150e_wst_105_p125
float_adder_3_DW01_inc_0
                       l13_e_5000_4lm    std150e_wst_105_p125
SNPS_CLOCK_GATE_HIGH_float_adder_3_0
                       l13_e_5000_4lm    std150e_wst_105_p125
float_adder_3_DW_cmp_6 l13_e_5000_4lm    std150e_wst_105_p125
float_adder_3_DP_OP_139_221_5626_0
                       l13_e_5000_4lm    std150e_wst_105_p125
float_adder_3_DP_OP_124_168_2670_0
                       l13_e_5000_4lm    std150e_wst_105_p125
float_adder_3_DP_OP_128_166_4319_0
                       l13_e_5000_4lm    std150e_wst_105_p125
float_adder_3_DP_OP_127_165_6903_0
                       l13_e_5000_4lm    std150e_wst_105_p125
SNPS_CLOCK_GATE_HIGH_float_adder_3_11
                       l13_e_5000_4lm    std150e_wst_105_p125
SNPS_CLOCK_GATE_HIGH_float_adder_3_7
                       l13_e_5000_4lm    std150e_wst_105_p125
SNPS_CLOCK_GATE_HIGH_float_adder_3_6
                       l13_e_5000_4lm    std150e_wst_105_p125
SNPS_CLOCK_GATE_HIGH_float_adder_3_5
                       l13_e_5000_4lm    std150e_wst_105_p125
SNPS_CLOCK_GATE_HIGH_float_adder_3_4
                       l13_e_5000_4lm    std150e_wst_105_p125
SNPS_CLOCK_GATE_HIGH_float_adder_3_3
                       l13_e_5000_4lm    std150e_wst_105_p125
SNPS_CLOCK_GATE_HIGH_float_adder_3_2
                       l13_e_5000_4lm    std150e_wst_105_p125
SNPS_CLOCK_GATE_HIGH_float_adder_3_1
                       l13_e_5000_4lm    std150e_wst_105_p125


Attributes:
   dr - drc disabled
    c - annotated capacitance
    d - dont_touch
    i - ideal_net
    I - ideal_network
    p - includes pin load
    r - annotated resistance
    h - high fanout

Net                 Fanout   Attributes   Capacitance   Driver
--------------------------------------------------------------------------------
khu_sensor_top/ads1292_controller/N79
                       115   c, d, I          0.00      khu_sensor_top/ads1292_controller/async_rstn_synchronizer/o_RSTN_reg/Q
khu_sensor_top/ads1292_filter/N17
                       215   c, d, I          0.00      khu_sensor_top/ads1292_filter/async_rstn_synchronizer/o_RSTN_reg/Q
khu_sensor_top/sensor_core/N116
                       273   c, d, I          0.00      khu_sensor_top/sensor_core/U641/Y
khu_sensor_top/ads1292_filter/iir_hpf/w_rstn
                       254   c, d, I          0.00      khu_sensor_top/ads1292_filter/iir_hpf/async_rstn_synchronizer/o_RSTN_reg/Q
khu_sensor_top/ads1292_filter/iir_notch/w_rstn
                       651   c, d, I          0.00      khu_sensor_top/ads1292_filter/iir_notch/async_rstn_synchronizer/o_RSTN_reg/Q
khu_sensor_top/ads1292_filter/iir_lpf/w_rstn
                       383   c, d, I          0.00      khu_sensor_top/ads1292_filter/iir_lpf/async_rstn_synchronizer/o_RSTN_reg/Q
khu_sensor_top/ads1292_filter/converter_i2f/net15702
                       114                    0.66      khu_sensor_top/ads1292_filter/converter_i2f/*cell*44/**logic_1**
khu_sensor_top/ads1292_filter/iir_hpf/mult/net15763
                       243                    3.70      khu_sensor_top/ads1292_filter/iir_hpf/mult/*cell*105/**logic_1**
khu_sensor_top/ads1292_filter/iir_hpf/add/net15764
                       219                    3.15      khu_sensor_top/ads1292_filter/iir_hpf/add/*cell*106/**logic_1**
khu_sensor_top/ads1292_filter/iir_notch/mult_3/net15768
                       253                    3.96      khu_sensor_top/ads1292_filter/iir_notch/mult_3/*cell*110/**logic_1**
khu_sensor_top/ads1292_filter/iir_notch/mult_2/net15769
                       249                    3.86      khu_sensor_top/ads1292_filter/iir_notch/mult_2/*cell*111/**logic_1**
khu_sensor_top/ads1292_filter/iir_notch/mult_1/net15770
                       254                    3.98      khu_sensor_top/ads1292_filter/iir_notch/mult_1/*cell*112/**logic_1**
khu_sensor_top/ads1292_filter/iir_notch/add_2/net15771
                       175                    2.01      khu_sensor_top/ads1292_filter/iir_notch/add_2/*cell*113/**logic_1**
khu_sensor_top/ads1292_filter/iir_notch/add_1/net15772
                       174                    1.96      khu_sensor_top/ads1292_filter/iir_notch/add_1/*cell*114/**logic_1**
khu_sensor_top/ads1292_filter/iir_lpf/mult_2/net15790
                       248                    3.83      khu_sensor_top/ads1292_filter/iir_lpf/mult_2/*cell*132/**logic_1**
khu_sensor_top/ads1292_filter/iir_lpf/mult_1/net15791
                       222                    3.18      khu_sensor_top/ads1292_filter/iir_lpf/mult_1/*cell*133/**logic_1**
khu_sensor_top/ads1292_filter/iir_lpf/add/net15792
                       223                    3.29      khu_sensor_top/ads1292_filter/iir_lpf/add/*cell*134/**logic_1**
1
