Warning: duplicate option '-derate' overrides previous value. (CMD-018)
 
****************************************
Report : timing
        -path full_clock_expanded
        -delay max
        -physical
        -derate
        -input_pins
        -nets
        -slack_lesser_than 0.0100
        -max_paths 100
        -transition_time
        -crosstalk_delta
        -capacitance
Design : khu_sensor_pad
Scenario(s): func1_wst
Version: N-2017.09
Date   : Tue Sep  8 19:24:45 2020
****************************************

 * Some/all delay information is back-annotated.
	Scenario            : func1_wst
	Parasitic source    : LPE
	Parasitic mode      : RealRC
	Extraction mode     : MIN_MAX
	Extraction derating : 125/125

Information: Percent of Arnoldi-based delays = 94.74% on scenario func1_wst

  Startpoint: khu_sensor_top/ads1292_filter/iir_hpf/add/a_m_reg_5_
              (rising edge-triggered flip-flop clocked by clk)
  Endpoint: khu_sensor_top/ads1292_filter/iir_hpf/add/sum_reg_27_
            (rising edge-triggered flip-flop clocked by clk)
  Scenario: func1_wst
  Path Group: clk
  Path Type: max

Attributes:
    d - dont_touch
    u - dont_use
   mo - map_only
   so - size_only
    i - ideal_net or ideal_network

  Point                                       Fanout       Cap     DTran     Trans     Delta     Derate      Incr       Path      Location / Load        Attributes     Voltage
  ---------------------------------------------------------------------------------------------------------------------------------------------------------------------------
  clock clk (rise edge)                                                                                    0.0000     0.0000                                            
  clock network delay (ideal)                                                                              0.7500     0.7500                                            
  khu_sensor_top/ads1292_filter/iir_hpf/add/a_m_reg_5_/CK (fd1qd1_hd)   0.0000   0.8000   0.0000   1.1440   0.0000    0.7500 r    (879.91,884.28)                       1.05
  khu_sensor_top/ads1292_filter/iir_hpf/add/a_m_reg_5_/Q (fd1qd1_hd)        0.5497               1.1440    0.8255 @   1.5755 r    (886.12,884.14)                       1.05
  khu_sensor_top/ads1292_filter/iir_hpf/add/a_m[5] (net)     6   0.0283                          1.1440    0.0000     1.5755 r    [0.01,0.03]                           
  khu_sensor_top/ads1292_filter/iir_hpf/add/gte_x_3/A[5] (float_adder_0_DW_cmp_6)                1.1440    0.0000     1.5755 r    (netlink)                             
  khu_sensor_top/ads1292_filter/iir_hpf/add/gte_x_3/A[5] (net)   0.0283                          1.1440    0.0000     1.5755 r    [0.01,0.03]                           
  khu_sensor_top/ads1292_filter/iir_hpf/add/gte_x_3/U182/B (nr2d1_hd)   0.0000   0.5497   0.0286   1.1440   0.0337 @   1.6092 r   (897.56,894.82)                       1.05
  khu_sensor_top/ads1292_filter/iir_hpf/add/gte_x_3/U182/Y (nr2d1_hd)       0.2057               1.1440    0.2236 @   1.8329 f    (896.97,894.84)                       1.05
  khu_sensor_top/ads1292_filter/iir_hpf/add/gte_x_3/n89 (net)     2   0.0075                     1.1440    0.0000     1.8329 f    [0.00,0.01]                           
  khu_sensor_top/ads1292_filter/iir_hpf/add/gte_x_3/U160/A (oa21d1_hd)   0.0000   0.2057   0.0073   1.1440   0.0084 @   1.8413 f  (899.34,894.98)                       1.05
  khu_sensor_top/ads1292_filter/iir_hpf/add/gte_x_3/U160/Y (oa21d1_hd)      0.2906               1.1440    0.2276 @   2.0689 r    (898.74,895.17)                       1.05
  khu_sensor_top/ads1292_filter/iir_hpf/add/gte_x_3/n88 (net)     1   0.0057                     1.1440    0.0000     2.0689 r    [0.00,0.01]                           
  khu_sensor_top/ads1292_filter/iir_hpf/add/gte_x_3/U159/B (ao21d1_hd)   0.0000   0.2906   0.0406   1.1440   0.0465 @   2.1154 r  (903.38,891.23)                       1.05
  khu_sensor_top/ads1292_filter/iir_hpf/add/gte_x_3/U159/Y (ao21d1_hd)      0.2057               1.1440    0.1989 @   2.3143 f    (904.72,891.28)                       1.05
  khu_sensor_top/ads1292_filter/iir_hpf/add/gte_x_3/n80 (net)     1   0.0096                     1.1440    0.0000     2.3143 f    [0.00,0.01]                           
  khu_sensor_top/ads1292_filter/iir_hpf/add/gte_x_3/U174/C (oa21d4_hd)   0.0000   0.2057   0.0000   1.1440   0.0000 @   2.3143 f  (906.31,895.28)                       1.05
  khu_sensor_top/ads1292_filter/iir_hpf/add/gte_x_3/U174/Y (oa21d4_hd)      0.2880               1.1440    0.1586 @   2.4729 r    (905.91,894.91)                       1.05
  khu_sensor_top/ads1292_filter/iir_hpf/add/gte_x_3/n78 (net)     1   0.0259                     1.1440    0.0000     2.4729 r    [0.02,0.03]                           
  khu_sensor_top/ads1292_filter/iir_hpf/add/gte_x_3/U175/A (ao21d4_hd)   0.0000   0.2880   0.0131   1.1440   0.0156 @   2.4885 r  (963.35,895.03)                       1.05
  khu_sensor_top/ads1292_filter/iir_hpf/add/gte_x_3/U175/Y (ao21d4_hd)      0.1635               1.1440    0.1660 @   2.6544 f    (961.81,895.41)                       1.05
  khu_sensor_top/ads1292_filter/iir_hpf/add/gte_x_3/n1 (net)     1   0.0223                      1.1440    0.0000     2.6544 f    [0.01,0.02]                           
  khu_sensor_top/ads1292_filter/iir_hpf/add/gte_x_3/U189/A (oa21d4_hd)   0.0000   0.1635   0.0025   1.1440   0.0032 @   2.6577 f  (924.99,916.91)                       1.05
  khu_sensor_top/ads1292_filter/iir_hpf/add/gte_x_3/U189/Y (oa21d4_hd)      0.2416               1.1440    0.1857 @   2.8433 r    (923.53,916.51)                       1.05
  khu_sensor_top/ads1292_filter/iir_hpf/add/gte_x_3/GE_LT_GT_LE (net)     2   0.0181             1.1440    0.0000     2.8433 r    [0.01,0.02]                           
  khu_sensor_top/ads1292_filter/iir_hpf/add/gte_x_3/GE_LT_GT_LE (float_adder_0_DW_cmp_6)         1.1440    0.0000     2.8433 r    (netlink)                             
  khu_sensor_top/ads1292_filter/iir_hpf/add/N220 (net)   0.0181                                  1.1440    0.0000     2.8433 r    [0.01,0.02]                           
  khu_sensor_top/ads1292_filter/iir_hpf/add/U120/A (ivd4_hd)      0.0000    0.2416    0.0105     1.1440    0.0122 @   2.8556 r    (910.80,948.79)                       1.05
  khu_sensor_top/ads1292_filter/iir_hpf/add/U120/Y (ivd4_hd)                0.1016               1.1440    0.1071 @   2.9627 f    (911.28,948.54)                       1.05
  khu_sensor_top/ads1292_filter/iir_hpf/add/n63 (net)     2   0.0199                             1.1440    0.0000     2.9627 f    [0.00,0.02]                           
  khu_sensor_top/ads1292_filter/iir_hpf/add/U125/A (nd2d8_hd)     0.0000    0.1016    0.0000     1.1440    0.0001 @   2.9628 f    (915.85,945.39)                       1.05
  khu_sensor_top/ads1292_filter/iir_hpf/add/U125/Y (nd2d8_hd)               0.3839               1.1440    0.2044 @   3.1671 r    (915.66,945.39)                       1.05
  khu_sensor_top/ads1292_filter/iir_hpf/add/n69 (net)    23   0.1134                             1.1440    0.0000     3.1671 r    [0.03,0.11]                           
  khu_sensor_top/ads1292_filter/iir_hpf/add/icc_place54/A (ivd8_hd)   0.0000   0.3829   0.0067   1.1440    0.0091 @   3.1762 r    (941.03,938.42)                       1.05
  khu_sensor_top/ads1292_filter/iir_hpf/add/icc_place54/Y (ivd8_hd)         0.1982               1.1440    0.2044 @   3.3807 f    (940.43,938.38)                       1.05
  khu_sensor_top/ads1292_filter/iir_hpf/add/n78 (net)    24   0.1078                             1.1440    0.0000     3.3807 f    [0.04,0.11]                           
  khu_sensor_top/ads1292_filter/iir_hpf/add/icc_place51/A (ivd6_hd)   0.0000   0.1987   0.0000   1.1440    0.0012 @   3.3819 f    (964.11,934.41)                       1.05
  khu_sensor_top/ads1292_filter/iir_hpf/add/icc_place51/Y (ivd6_hd)         0.4433               1.1440    0.2880 @   3.6698 r    (964.67,934.46)                       1.05
  khu_sensor_top/ads1292_filter/iir_hpf/add/n73 (net)    33   0.1434                             1.1440    0.0000     3.6698 r    [0.05,0.14]                           
  khu_sensor_top/ads1292_filter/iir_hpf/add/U735/D (ao22d1_hd)    0.0000    0.4439    0.0000     1.1440    0.0030 @   3.6729 r    (912.07,941.52)                       1.05
  khu_sensor_top/ads1292_filter/iir_hpf/add/U735/Y (ao22d1_hd)              0.2977               1.1440    0.2863 @   3.9591 f    (910.57,941.53)                       1.05
  khu_sensor_top/ads1292_filter/iir_hpf/add/C2_Z_1 (net)     1   0.0137                          1.1440    0.0000     3.9591 f    [0.00,0.01]                           
  khu_sensor_top/ads1292_filter/iir_hpf/add/DP_OP_43_235_1646/I1[1] (float_adder_0_DP_OP_43_235_1646_0)   1.1440   0.0000   3.9591 f (netlink)                          
  khu_sensor_top/ads1292_filter/iir_hpf/add/DP_OP_43_235_1646/I1[1] (net)   0.0137               1.1440    0.0000     3.9591 f    [0.00,0.01]                           
  khu_sensor_top/ads1292_filter/iir_hpf/add/DP_OP_43_235_1646/U175/B (fad4_hd)   0.0000   0.2977   0.0000   1.1440   0.0001 @   3.9593 f (909.56,960.08)                1.05
  khu_sensor_top/ads1292_filter/iir_hpf/add/DP_OP_43_235_1646/U175/CO (fad4_hd)   0.0969         1.1440    0.4875 @   4.4468 f    (896.69,959.98)                       1.05
  khu_sensor_top/ads1292_filter/iir_hpf/add/DP_OP_43_235_1646/n26 (net)     1   0.0061           1.1440    0.0000     4.4468 f    [0.00,0.01]                           
  khu_sensor_top/ads1292_filter/iir_hpf/add/DP_OP_43_235_1646/U178/CI (fad2_hd)   0.0000   0.0969   0.0000   1.1440   0.0000 @   4.4468 f (899.32,967.29)               1.05
  khu_sensor_top/ads1292_filter/iir_hpf/add/DP_OP_43_235_1646/U178/CO (fad2_hd)   0.1159         1.1440    0.2797 @   4.7265 f    (898.44,966.89)                       1.05
  khu_sensor_top/ads1292_filter/iir_hpf/add/DP_OP_43_235_1646/n25 (net)     1   0.0072           1.1440    0.0000     4.7265 f    [0.00,0.01]                           
  khu_sensor_top/ads1292_filter/iir_hpf/add/DP_OP_43_235_1646/U177/CI (fad2_hd)   0.0000   0.1159   0.0000   1.1440   0.0001 @   4.7265 f (911.64,960.09)               1.05
  khu_sensor_top/ads1292_filter/iir_hpf/add/DP_OP_43_235_1646/U177/CO (fad2_hd)   0.1190         1.1440    0.2898 @   5.0163 f    (910.76,959.69)                       1.05
  khu_sensor_top/ads1292_filter/iir_hpf/add/DP_OP_43_235_1646/n24 (net)     1   0.0080           1.1440    0.0000     5.0163 f    [0.01,0.01]                           
  khu_sensor_top/ads1292_filter/iir_hpf/add/DP_OP_43_235_1646/U182/CI (fad1_hd)   0.0000   0.1190   0.0000   1.1440   0.0001 @   5.0164 f (918.22,934.35)               1.05
  khu_sensor_top/ads1292_filter/iir_hpf/add/DP_OP_43_235_1646/U182/CO (fad1_hd)   0.1641         1.1440    0.3697 @   5.3861 f    (920.02,934.47)                       1.05
  khu_sensor_top/ads1292_filter/iir_hpf/add/DP_OP_43_235_1646/n23 (net)     1   0.0044           1.1440    0.0000     5.3861 f    [0.00,0.00]                           
  khu_sensor_top/ads1292_filter/iir_hpf/add/DP_OP_43_235_1646/U179/CI (fad1_hd)   0.0000   0.1641   0.0000   1.1440   0.0000 @   5.3861 f (928.78,934.35)               1.05
  khu_sensor_top/ads1292_filter/iir_hpf/add/DP_OP_43_235_1646/U179/CO (fad1_hd)   0.2340         1.1440    0.4614 @   5.8475 f    (930.58,934.47)                       1.05
  khu_sensor_top/ads1292_filter/iir_hpf/add/DP_OP_43_235_1646/n22 (net)     3   0.0122           1.1440    0.0000     5.8475 f    [0.00,0.01]                           
  khu_sensor_top/ads1292_filter/iir_hpf/add/DP_OP_43_235_1646/U64/A (nd2d1_hd)   0.0000   0.2340   0.0037   1.1440   0.0043 @   5.8518 f (920.39,931.26)                1.05
  khu_sensor_top/ads1292_filter/iir_hpf/add/DP_OP_43_235_1646/U64/Y (nd2d1_hd)   0.1933          1.1440    0.1453 @   5.9971 r    (920.15,931.44)                       1.05
  khu_sensor_top/ads1292_filter/iir_hpf/add/DP_OP_43_235_1646/n144 (net)     1   0.0041          1.1440    0.0000     5.9971 r    [0.00,0.00]                           
  khu_sensor_top/ads1292_filter/iir_hpf/add/DP_OP_43_235_1646/U66/B (nd3d1_hd)   0.0000   0.1933   0.0102   1.1440   0.0117 @   6.0088 r (921.46,927.32)                1.05
  khu_sensor_top/ads1292_filter/iir_hpf/add/DP_OP_43_235_1646/U66/Y (nd3d1_hd)   0.1512          1.1440    0.1487 @   6.1575 f    (922.20,927.52)                       1.05
  khu_sensor_top/ads1292_filter/iir_hpf/add/DP_OP_43_235_1646/n21 (net)     1   0.0048           1.1440    0.0000     6.1575 f    [0.00,0.00]                           
  khu_sensor_top/ads1292_filter/iir_hpf/add/DP_OP_43_235_1646/U67/CI (fad1_hd)   0.0000   0.1512   0.0032   1.1440   0.0036 @   6.1611 f (933.17,927.15)                1.05
  khu_sensor_top/ads1292_filter/iir_hpf/add/DP_OP_43_235_1646/U67/CO (fad1_hd)   0.1686          1.1440    0.3862 @   6.5473 f    (934.97,927.27)                       1.05
  khu_sensor_top/ads1292_filter/iir_hpf/add/DP_OP_43_235_1646/n20 (net)     1   0.0048           1.1440    0.0000     6.5473 f    [0.00,0.00]                           
  khu_sensor_top/ads1292_filter/iir_hpf/add/DP_OP_43_235_1646/U186/CI (fad1_hd)   0.0000   0.1686   0.0000   1.1440   0.0000 @   6.5474 f (944.17,924.09)               1.05
  khu_sensor_top/ads1292_filter/iir_hpf/add/DP_OP_43_235_1646/U186/CO (fad1_hd)   0.2234         1.1440    0.4528 @   7.0002 f    (945.97,923.97)                       1.05
  khu_sensor_top/ads1292_filter/iir_hpf/add/DP_OP_43_235_1646/n19 (net)     2   0.0109           1.1440    0.0000     7.0002 f    [0.01,0.01]                           
  khu_sensor_top/ads1292_filter/iir_hpf/add/DP_OP_43_235_1646/U160/A (ivd1_hd)   0.0000   0.2234   0.0062   1.1440   0.0072 @   7.0074 f (971.92,920.03)                1.05
  khu_sensor_top/ads1292_filter/iir_hpf/add/DP_OP_43_235_1646/U160/Y (ivd1_hd)   0.1317          1.1440    0.1203 @   7.1277 r    (972.35,920.17)                       1.05
  khu_sensor_top/ads1292_filter/iir_hpf/add/DP_OP_43_235_1646/n166 (net)     1   0.0033          1.1440    0.0000     7.1277 r    [0.00,0.00]                           
  khu_sensor_top/ads1292_filter/iir_hpf/add/DP_OP_43_235_1646/U159/A (oa21d1_hd)   0.0000   0.1317   0.0000   1.1440   0.0000 @   7.1277 r (972.34,916.59)              1.05
  khu_sensor_top/ads1292_filter/iir_hpf/add/DP_OP_43_235_1646/U159/Y (oa21d1_hd)   0.1660        1.1440    0.1418 @   7.2695 f    (972.94,916.77)                       1.05
  khu_sensor_top/ads1292_filter/iir_hpf/add/DP_OP_43_235_1646/n18 (net)     2   0.0081           1.1440    0.0000     7.2695 f    [0.00,0.01]                           
  khu_sensor_top/ads1292_filter/iir_hpf/add/DP_OP_43_235_1646/U73/A (nd2d1_hd)   0.0000   0.1660   0.0000   1.1440   0.0000 @   7.2695 f (979.79,912.78)                1.05
  khu_sensor_top/ads1292_filter/iir_hpf/add/DP_OP_43_235_1646/U73/Y (nd2d1_hd)   0.1250          1.1440    0.1157 @   7.3852 r    (979.55,912.60)                       1.05
  khu_sensor_top/ads1292_filter/iir_hpf/add/DP_OP_43_235_1646/n163 (net)     1   0.0030          1.1440    0.0000     7.3852 r    [0.00,0.00]                           
  khu_sensor_top/ads1292_filter/iir_hpf/add/DP_OP_43_235_1646/U76/A (nd2d1_hd)   0.0000   0.1250   0.0000   1.1440   0.0000 @   7.3852 r (979.79,916.86)                1.05
  khu_sensor_top/ads1292_filter/iir_hpf/add/DP_OP_43_235_1646/U76/Y (nd2d1_hd)   0.1411          1.1440    0.1234 @   7.5086 f    (979.55,917.04)                       1.05
  khu_sensor_top/ads1292_filter/iir_hpf/add/DP_OP_43_235_1646/n17 (net)     2   0.0083           1.1440    0.0000     7.5086 f    [0.00,0.01]                           
  khu_sensor_top/ads1292_filter/iir_hpf/add/DP_OP_43_235_1646/U162/A (ivd1_hd)   0.0000   0.1411   0.0000   1.1440   0.0000 @   7.5086 f (986.44,912.83)                1.05
  khu_sensor_top/ads1292_filter/iir_hpf/add/DP_OP_43_235_1646/U162/Y (ivd1_hd)   0.1475          1.1440    0.1234 @   7.6320 r    (986.01,912.97)                       1.05
  khu_sensor_top/ads1292_filter/iir_hpf/add/DP_OP_43_235_1646/n168 (net)     1   0.0057          1.1440    0.0000     7.6320 r    [0.00,0.01]                           
  khu_sensor_top/ads1292_filter/iir_hpf/add/DP_OP_43_235_1646/U161/A (oa21d2_hd)   0.0000   0.1475   0.0000   1.1440   0.0000 @   7.6320 r (987.85,912.82)              1.05
  khu_sensor_top/ads1292_filter/iir_hpf/add/DP_OP_43_235_1646/U161/Y (oa21d2_hd)   0.1368        1.1440    0.1196 @   7.7516 f    (988.99,913.28)                       1.05
  khu_sensor_top/ads1292_filter/iir_hpf/add/DP_OP_43_235_1646/n16 (net)     2   0.0097           1.1440    0.0000     7.7516 f    [0.00,0.01]                           
  khu_sensor_top/ads1292_filter/iir_hpf/add/DP_OP_43_235_1646/U132/A (ivd1_hd)   0.0000   0.1368   0.0000   1.1440   0.0000 @   7.7516 f (997.44,916.81)                1.05
  khu_sensor_top/ads1292_filter/iir_hpf/add/DP_OP_43_235_1646/U132/Y (ivd1_hd)   0.1627          1.1440    0.1309 @   7.8825 r    (997.88,916.67)                       1.05
  khu_sensor_top/ads1292_filter/iir_hpf/add/DP_OP_43_235_1646/n199 (net)     2   0.0067          1.1440    0.0000     7.8825 r    [0.00,0.01]                           
  khu_sensor_top/ads1292_filter/iir_hpf/add/DP_OP_43_235_1646/U163/A (oa21d1_hd)   0.0000   0.1627   0.0000   1.1440   0.0000 @   7.8825 r (1002.30,916.59)             1.05
  khu_sensor_top/ads1292_filter/iir_hpf/add/DP_OP_43_235_1646/U163/Y (oa21d1_hd)   0.1706        1.1440    0.1546 @   8.0371 f    (1001.70,916.77)                      1.05
  khu_sensor_top/ads1292_filter/iir_hpf/add/DP_OP_43_235_1646/n14 (net)     2   0.0087           1.1440    0.0000     8.0371 f    [0.00,0.01]                           
  khu_sensor_top/ads1292_filter/iir_hpf/add/DP_OP_43_235_1646/U130/A (ivd1_hd)   0.0000   0.1706   0.0035   1.1440   0.0040 @   8.0411 f (998.76,927.23)                1.05
  khu_sensor_top/ads1292_filter/iir_hpf/add/DP_OP_43_235_1646/U130/Y (ivd1_hd)   0.1866          1.1440    0.1522 @   8.1933 r    (998.33,927.37)                       1.05
  khu_sensor_top/ads1292_filter/iir_hpf/add/DP_OP_43_235_1646/n191 (net)     2   0.0078          1.1440    0.0000     8.1933 r    [0.00,0.01]                           
  khu_sensor_top/ads1292_filter/iir_hpf/add/DP_OP_43_235_1646/U58/A (oa21d1_hd)   0.0000   0.1866   0.0000   1.1440   0.0000 @   8.1934 r (992.18,930.98)               1.05
  khu_sensor_top/ads1292_filter/iir_hpf/add/DP_OP_43_235_1646/U58/Y (oa21d1_hd)   0.1580         1.1440    0.1532 @   8.3465 f    (991.58,931.17)                       1.05
  khu_sensor_top/ads1292_filter/iir_hpf/add/DP_OP_43_235_1646/n12 (net)     2   0.0077           1.1440    0.0000     8.3465 f    [0.00,0.01]                           
  khu_sensor_top/ads1292_filter/iir_hpf/add/DP_OP_43_235_1646/U68/A (ivd1_hd)   0.0000   0.1580   0.0000   1.1440   0.0000 @   8.3466 f (985.12,927.23)                 1.05
  khu_sensor_top/ads1292_filter/iir_hpf/add/DP_OP_43_235_1646/U68/Y (ivd1_hd)   0.1246           1.1440    0.1112 @   8.4578 r    (984.68,927.37)                       1.05
  khu_sensor_top/ads1292_filter/iir_hpf/add/DP_OP_43_235_1646/n177 (net)     1   0.0039          1.1440    0.0000     8.4578 r    [0.00,0.00]                           
  khu_sensor_top/ads1292_filter/iir_hpf/add/DP_OP_43_235_1646/U72/A (oa21d1_hd)   0.0000   0.1246   0.0000   1.1440   0.0000 @   8.4578 r (980.26,927.46)               1.05
  khu_sensor_top/ads1292_filter/iir_hpf/add/DP_OP_43_235_1646/U72/Y (oa21d1_hd)   0.1570         1.1440    0.1358 @   8.5937 f    (980.86,927.27)                       1.05
  khu_sensor_top/ads1292_filter/iir_hpf/add/DP_OP_43_235_1646/n11 (net)     2   0.0075           1.1440    0.0000     8.5937 f    [0.00,0.01]                           
  khu_sensor_top/ads1292_filter/iir_hpf/add/DP_OP_43_235_1646/U71/A (ivd1_hd)   0.0000   0.1570   0.0000   1.1440   0.0000 @   8.5937 f (978.96,927.23)                 1.05
  khu_sensor_top/ads1292_filter/iir_hpf/add/DP_OP_43_235_1646/U71/Y (ivd1_hd)   0.1816           1.1440    0.1461 @   8.7398 r    (978.53,927.37)                       1.05
  khu_sensor_top/ads1292_filter/iir_hpf/add/DP_OP_43_235_1646/n182 (net)     2   0.0076          1.1440    0.0000     8.7398 r    [0.00,0.01]                           
  khu_sensor_top/ads1292_filter/iir_hpf/add/DP_OP_43_235_1646/U59/A (oa21d1_hd)   0.0000   0.1816   0.0000   1.1440   0.0000 @   8.7399 r (975.91,930.98)               1.05
  khu_sensor_top/ads1292_filter/iir_hpf/add/DP_OP_43_235_1646/U59/Y (oa21d1_hd)   0.1146         1.1440    0.1265 @   8.8663 f    (975.30,931.17)                       1.05
  khu_sensor_top/ads1292_filter/iir_hpf/add/DP_OP_43_235_1646/n9 (net)     1   0.0041            1.1440    0.0000     8.8663 f    [0.00,0.00]                           
  khu_sensor_top/ads1292_filter/iir_hpf/add/DP_OP_43_235_1646/U185/CI (fad1_hd)   0.0000   0.1146   0.0028   1.1440   0.0032 @   8.8695 f (972.34,927.15)               1.05
  khu_sensor_top/ads1292_filter/iir_hpf/add/DP_OP_43_235_1646/U185/CO (fad1_hd)   0.1869         1.1440    0.3956 @   9.2652 f    (974.14,927.27)                       1.05
  khu_sensor_top/ads1292_filter/iir_hpf/add/DP_OP_43_235_1646/n8 (net)     1   0.0068            1.1440    0.0000     9.2652 f    [0.00,0.01]                           
  khu_sensor_top/ads1292_filter/iir_hpf/add/DP_OP_43_235_1646/U176/CI (fad1_hd)   0.0000   0.1869   0.0072   1.1440   0.0083 @   9.2735 f (960.90,938.49)               1.05
  khu_sensor_top/ads1292_filter/iir_hpf/add/DP_OP_43_235_1646/U176/CO (fad1_hd)   0.1739         1.1440    0.4038 @   9.6772 f    (962.70,938.37)                       1.05
  khu_sensor_top/ads1292_filter/iir_hpf/add/DP_OP_43_235_1646/n7 (net)     1   0.0053            1.1440    0.0000     9.6772 f    [0.00,0.01]                           
  khu_sensor_top/ads1292_filter/iir_hpf/add/DP_OP_43_235_1646/U181/CI (fad1_hd)   0.0000   0.1739   0.0140   1.1440   0.0161 @   9.6933 f (953.85,931.29)               1.05
  khu_sensor_top/ads1292_filter/iir_hpf/add/DP_OP_43_235_1646/U181/CO (fad1_hd)   0.1624         1.1440    0.3852 @  10.0785 f    (955.66,931.17)                       1.05
  khu_sensor_top/ads1292_filter/iir_hpf/add/DP_OP_43_235_1646/n6 (net)     1   0.0042            1.1440    0.0000    10.0785 f    [0.00,0.00]                           
  khu_sensor_top/ads1292_filter/iir_hpf/add/DP_OP_43_235_1646/U180/CI (fad1_hd)   0.0000   0.1624   0.0000   1.1440   0.0000 @  10.0785 f (950.78,934.35)               1.05
  khu_sensor_top/ads1292_filter/iir_hpf/add/DP_OP_43_235_1646/U180/CO (fad1_hd)   0.1696         1.1440    0.3911 @  10.4697 f    (952.58,934.47)                       1.05
  khu_sensor_top/ads1292_filter/iir_hpf/add/DP_OP_43_235_1646/n5 (net)     1   0.0049            1.1440    0.0000    10.4697 f    [0.00,0.00]                           
  khu_sensor_top/ads1292_filter/iir_hpf/add/DP_OP_43_235_1646/U184/CI (fad1_hd)   0.0000   0.1696   0.0000   1.1440   0.0000 @  10.4697 f (939.78,934.35)               1.05
  khu_sensor_top/ads1292_filter/iir_hpf/add/DP_OP_43_235_1646/U184/CO (fad1_hd)   0.1617         1.1440    0.3830 @  10.8526 f    (941.58,934.47)                       1.05
  khu_sensor_top/ads1292_filter/iir_hpf/add/DP_OP_43_235_1646/n4 (net)     1   0.0041            1.1440    0.0000    10.8526 f    [0.00,0.00]                           
  khu_sensor_top/ads1292_filter/iir_hpf/add/DP_OP_43_235_1646/U183/CI (fad1_hd)   0.0000   0.1617   0.0000   1.1440   0.0000 @  10.8527 f (936.26,938.49)               1.05
  khu_sensor_top/ads1292_filter/iir_hpf/add/DP_OP_43_235_1646/U183/CO (fad1_hd)   0.1645         1.1440    0.3841 @  11.2368 f    (938.05,938.37)                       1.05
  khu_sensor_top/ads1292_filter/iir_hpf/add/DP_OP_43_235_1646/n3 (net)     1   0.0044            1.1440    0.0000    11.2368 f    [0.00,0.00]                           
  khu_sensor_top/ads1292_filter/iir_hpf/add/DP_OP_43_235_1646/U189/CI (fad1_hd)   0.0000   0.1645   0.0047   1.1440   0.0054 @  11.2422 f (930.97,941.55)               1.05
  khu_sensor_top/ads1292_filter/iir_hpf/add/DP_OP_43_235_1646/U189/CO (fad1_hd)   0.1666         1.1440    0.3878 @  11.6300 f    (932.78,941.67)                       1.05
  khu_sensor_top/ads1292_filter/iir_hpf/add/DP_OP_43_235_1646/n2 (net)     1   0.0046            1.1440    0.0000    11.6300 f    [0.00,0.00]                           
  khu_sensor_top/ads1292_filter/iir_hpf/add/DP_OP_43_235_1646/U188/CI (fad1_hd)   0.0000   0.1666   0.0025   1.1440   0.0029 @  11.6329 f (927.90,948.75)               1.05
  khu_sensor_top/ads1292_filter/iir_hpf/add/DP_OP_43_235_1646/U188/CO (fad1_hd)   0.1893         1.1440    0.4151 @  12.0480 f    (929.70,948.87)                       1.05
  khu_sensor_top/ads1292_filter/iir_hpf/add/DP_OP_43_235_1646/n1 (net)     1   0.0071            1.1440    0.0000    12.0480 f    [0.00,0.01]                           
  khu_sensor_top/ads1292_filter/iir_hpf/add/DP_OP_43_235_1646/U187/B (xn2d2_hd)   0.0000   0.1893   0.0078   1.1440   0.0089 @  12.0569 f (922.60,952.78)               1.05
  khu_sensor_top/ads1292_filter/iir_hpf/add/DP_OP_43_235_1646/U187/Y (xn2d2_hd)   0.1368         1.1440    0.3435 @  12.4004 r    (921.76,952.60)                       1.05
  khu_sensor_top/ads1292_filter/iir_hpf/add/DP_OP_43_235_1646/O1[27] (net)     1   0.0098        1.1440    0.0000    12.4004 r    [0.01,0.01]                           
  khu_sensor_top/ads1292_filter/iir_hpf/add/DP_OP_43_235_1646/O1[27] (float_adder_0_DP_OP_43_235_1646_0)   1.1440   0.0000  12.4004 r (netlink)                         
  khu_sensor_top/ads1292_filter/iir_hpf/add/N335 (net)   0.0098                                  1.1440    0.0000    12.4004 r    [0.01,0.01]                           
  khu_sensor_top/ads1292_filter/iir_hpf/add/U124/A (scg14d1_hd)   0.0000    0.1368    0.0051     1.1440    0.0060 @  12.4063 r    (916.60,994.85)                       1.05
  khu_sensor_top/ads1292_filter/iir_hpf/add/U124/Y (scg14d1_hd)             0.1379               1.1440    0.2042 @  12.6105 r    (917.54,996.30)                       1.05
  khu_sensor_top/ads1292_filter/iir_hpf/add/n72 (net)     1   0.0027                             1.1440    0.0000    12.6105 r    [0.00,0.00]                           
  khu_sensor_top/ads1292_filter/iir_hpf/add/sum_reg_27_/D (fd3d1_hd)   0.0000   0.1379   0.0000   1.1440   0.0000 @  12.6105 r    (916.12,1003.55)                      1.05
  data arrival time                                                                                                  12.6105                                            

  clock clk (rise edge)                                                                                   12.0000    12.0000                                            
  clock network delay (ideal)                                                                              0.7500    12.7500                                            
  clock reconvergence pessimism                                                                            0.0000    12.7500                                            
  clock uncertainty                                                                                       -0.1920    12.5580                                            
  khu_sensor_top/ads1292_filter/iir_hpf/add/sum_reg_27_/CK (fd3d1_hd)                                      0.0000    12.5580 r                                          
  library setup time                                                                                      -0.0301    12.5279                                            
  data required time                                                                                                 12.5279                                            
  ---------------------------------------------------------------------------------------------------------------------------------------------------------------------------
  data required time                                                                                                 12.5279                                            
  data arrival time                                                                                                 -12.6105                                            
  ---------------------------------------------------------------------------------------------------------------------------------------------------------------------------
  slack (VIOLATED)                                                                                                   -0.0827                                            


1
