Warning: The following library cells don't have power description:iofillerh5_p  iofillerh10_p  iofillerh30_p   (PWR-682)
Information: Propagating switching activity (low effort zero delay simulation). (PWR-6)
Warning: Design has unannotated primary inputs. (PWR-414)
Warning: Design has unannotated sequential cell outputs. (PWR-415)
Warning: Design has unannotated black box outputs. (PWR-428)
 
****************************************
Report : power
        -analysis_effort low
        -verbose
Design : khu_sensor_pad
Scenario(s): func1_wst
Version: N-2017.09
Date   : Thu Nov 19 02:17:26 2020
****************************************


Library(s) Used:

    std150e_wst_105_p125 (File: /home/VLSI_graduated_2020/2015104027/khu_sensor/03_Physical_Synthesis/MilkyWay/std150e_60poi_io_6lm_071011/LM/std150e_wst_105_p125_astro.db)
    std150e_wst_105_p125 (File: /Tools/Library/samsung013/sec050915_0050_STD150E_regular_DK_Synopsys_N/sec150e_synopsys/syn/STD150E/std150e_wst_105_p125.db)


Global Operating Voltage = 1.05 
Power-specific unit information :
    Voltage Units = 1V
    Capacitance Units = 1.000000pf
    Time Units = 1ns
    Dynamic Power Units = 1mW    (derived from V,C,T units)
    Leakage Power Units = 1mW


  Cell Internal Power  = N/A (disabled by scenario option)
  Net Switching Power  = N/A (disabled by scenario option)
                         ---------
Total Dynamic Power    = N/A (disabled by scenario option)

Cell Leakage Power     = N/A (disabled by scenario option)

                 Internal         Switching           Leakage            Total                         Cell
Power Group      Power            Power               Power              Power   (   %    )  Attrs  Count
---------------------------------------------------------------------------------------------------------
io_pad                N/A               N/A               N/A               N/A  (     N/A)             56
memory                N/A               N/A               N/A               N/A  (     N/A)            0
black_box             N/A               N/A               N/A               N/A  (     N/A)            0
clock_network         N/A               N/A               N/A               N/A  (     N/A)           717
register              N/A               N/A               N/A               N/A  (     N/A)            5213
sequential            N/A               N/A               N/A               N/A  (     N/A)            0
combinational         N/A               N/A               N/A               N/A  (     N/A)            23617
---------------------------------------------------------------------------------------------------------
Total                 N/A mW            N/A mW            N/A mW            N/A mW
1
