Information: Scenario funccts_wst either not exists or is inactive. report_qor will skip it. (UID-1059)
 
****************************************
Report : qor
Design : khu_sensor_pad
Scenario(s): func1_wst funccts_wst
Version: N-2017.09
Date   : Thu Nov 19 02:17:04 2020
****************************************


  Scenario 'func1_wst'
  Timing Path Group '**clock_gating_default**'
  -----------------------------------
  Levels of Logic:            22.0000
  Critical Path Length:        6.4013
  Critical Path Slack:         3.3087
  Critical Path Clk Period:   10.2000
  Total Negative Slack:        0.0000
  No. of Violating Paths:      0.0000
  Worst Hold Violation:        0.0000
  Total Hold Violation:        0.0000
  No. of Hold Violations:      0.0000
  -----------------------------------

  Scenario 'func1_wst'
  Timing Path Group 'REGIN'
  -----------------------------------
  Levels of Logic:             5.0000
  Critical Path Length:        2.7750
  Critical Path Slack:         6.5850
  Critical Path Clk Period:   10.2000
  Total Negative Slack:        0.0000
  No. of Violating Paths:      0.0000
  Worst Hold Violation:        0.0000
  Total Hold Violation:        0.0000
  No. of Hold Violations:      0.0000
  -----------------------------------

  Scenario 'func1_wst'
  Timing Path Group 'REGOUT'
  -----------------------------------
  Levels of Logic:             3.0000
  Critical Path Length:        4.8671
  Critical Path Slack:         4.3529
  Critical Path Clk Period:   10.2000
  Total Negative Slack:        0.0000
  No. of Violating Paths:      0.0000
  Worst Hold Violation:        0.0000
  Total Hold Violation:        0.0000
  No. of Hold Violations:      0.0000
  -----------------------------------

  Scenario 'func1_wst'
  Timing Path Group 'clk'
  -----------------------------------
  Levels of Logic:            40.0000
  Critical Path Length:        9.6656
  Critical Path Slack:         0.0444
  Critical Path Clk Period:   10.2000
  Total Negative Slack:        0.0000
  No. of Violating Paths:      0.0000
  Worst Hold Violation:        0.0000
  Total Hold Violation:        0.0000
  No. of Hold Violations:      0.0000
  -----------------------------------

  Scenario 'func1_wst'
  Timing Path Group 'clk_half'
  -----------------------------------
  Levels of Logic:             9.0000
  Critical Path Length:        2.5808
  Critical Path Slack:         6.6180
  Critical Path Clk Period:   20.4000
  Total Negative Slack:        0.0000
  No. of Violating Paths:      0.0000
  Worst Hold Violation:        0.0000
  Total Hold Violation:        0.0000
  No. of Hold Violations:      0.0000
  -----------------------------------


  Cell Count
  -----------------------------------
  Hierarchical Cell Count:        284
  Hierarchical Port Count:       6556
  Leaf Cell Count:              29603
  Buf/Inv Cell Count:            6559
  Buf Cell Count:                1496
  Inv Cell Count:                5063
  CT Buf/Inv Cell Count:          543
  Combinational Cell Count:     24216
  Sequential Cell Count:         5387
  Macro Count:                      0
  -----------------------------------


  Area
  -----------------------------------
  Combinational Area:      54045.0133
  Noncombinational Area:   37101.9998
  Buf/Inv Area:             6544.6730
  Total Buffer Area:        2041.9952
  Total Inverter Area:      4502.6777
  Macro/Black Box Area:        0.0000
  Net Area:                  848.6294
  Net XLength        :    589193.5625
  Net YLength        :    601079.1875
  -----------------------------------
  Cell Area:               91147.0131
  Design Area:             91995.6425
  Net Length        :    1190272.7500


  Design Rules
  -----------------------------------
  Total Number of Nets:         32239
  Nets With Violations:             1
  Max Trans Violations:             1
  Max Cap Violations:               0
  -----------------------------------


  Hostname: vlsi-dist.khu.ac.kr

  Compile CPU Statistics
  -----------------------------------------
  Resource Sharing:                  0.0000
  Logic Optimization:                0.0000
  Mapping Optimization:            227.3734
  -----------------------------------------
  Overall Compile Time:            230.0020
  Overall Compile Wall Clock Time: 230.5395

  --------------------------------------------------------------------

  Scenario: func1_wst   WNS: 0.0000  TNS: 0.0000  Number of Violating Paths: 0  (with Crosstalk delta delays)
  Design  WNS: 0.0000  TNS: 0.0000  Number of Violating Paths: 0  (with Crosstalk delta delays)


  Scenario: func1_wst  (Hold)  WNS: 0.0000  TNS: 0.0000  Number of Violating Paths: 0  (with Crosstalk delta delays)
  Design (Hold)  WNS: 0.0000  TNS: 0.0000  Number of Violating Paths: 0  (with Crosstalk delta delays)

  --------------------------------------------------------------------


1
