
**********************************
Report : Zroute Shielding Ratio
       : -with_ground VSS
       : -nets all shielded
       : -per_layer false
       : -coaxial_below false
       : -coaxial_above false
       : -coaxial_below_skip_tracks 1
       : -coaxial_above_skip_tracks 1
Design : khu_sensor_pad
Version: 1
Date   : Thu Nov 19 02:17:19 2020
**********************************


Net VSS doesn't have shielding

Number of shielding nets = 0 are found
Shielded <1% side-wall of (khu_sensor_top/ads1292_filter/iir_lpf/add/clk_gate_a_e_reg_0/n3)
Shielded <1% side-wall of (khu_sensor_top/ads1292_filter/iir_lpf/mult_2/clk_gate_a_e_reg/n3)
Shielded <1% side-wall of (khu_sensor_top/ads1292_filter/iir_notch/mult_1/clk_gate_a_e_reg/n3)
Shielded <1% side-wall of (khu_sensor_top/ads1292_filter/iir_notch/add_2/clk_gate_a_e_reg_0/n3)
Shielded <1% side-wall of (khu_sensor_top/ads1292_filter/iir_notch/add_1/clk_gate_a_e_reg_0/n3)
Shielded <1% side-wall of (khu_sensor_top/ads1292_filter/iir_lpf/mult_2/clk_gate_R_40/n3)
Shielded <1% side-wall of (khu_sensor_top/ads1292_filter/iir_notch/mult_2/clk_gate_a_e_reg/n3)
Shielded <1% side-wall of (khu_sensor_top/ads1292_filter/iir_notch/mult_1/clk_gate_R_41/n3)
Shielded <1% side-wall of (khu_sensor_top/ads1292_filter/iir_notch/mult_3/clk_gate_a_e_reg/n3)
Shielded <1% side-wall of (khu_sensor_top/ads1292_filter/iir_notch/mult_3/clk_gate_R_23/n3)
Shielded <1% side-wall of (khu_sensor_top/ads1292_filter/iir_notch/mult_2/clk_gate_R_42/n3)
Shielded <1% side-wall of (khu_sensor_top/ads1292_filter/iir_notch/mult_2/clk_gate_R_42/n1)
Shielded <1% side-wall of (khu_sensor_top/w_CLOCK_HALF_G4B10I1)
Shielded <1% side-wall of (khu_sensor_top/ads1292_filter/iir_notch/mult_3/clk_gate_R_43/n3)
Shielded <1% side-wall of (khu_sensor_top/ads1292_filter/iir_notch/mult_3/clk_gate_R_43/n1)
Shielded <1% side-wall of (khu_sensor_top/ads1292_filter/iir_hpf/mult/clk_gate_a_e_reg/n3)
Shielded <1% side-wall of (khu_sensor_top/ads1292_filter/iir_hpf/add/clk_gate_b_reg/n3)
Shielded <1% side-wall of (khu_sensor_top/ads1292_filter/converter_i2f/clk_gate_a_reg_0/n3)
Shielded <1% side-wall of (khu_sensor_top/ads1292_filter/converter_i2f/clk_gate_value_reg_0/n3)
Shielded <1% side-wall of (khu_sensor_top/uart_controller/uart_tx/clk_gate_o_Tx_Serial_reg/n3)
Shielded <1% side-wall of (khu_sensor_top/ads1292_filter/iir_hpf/mult/clk_gate_b_reg/n3)
Shielded <1% side-wall of (khu_sensor_top/ads1292_filter/iir_hpf/mult/clk_gate_b_reg/n1)
Shielded <1% side-wall of (khu_sensor_top/ads1292_filter/iir_lpf/add/n26)
Shielded <1% side-wall of (khu_sensor_top/w_CLOCK_HALF_G4B9I1)
Shielded <1% side-wall of (khu_sensor_top/w_CLOCK_HALF_G4B4I1)
Shielded <1% side-wall of (khu_sensor_top/w_CLOCK_HALF_G4B4I2)
Shielded <1% side-wall of (khu_sensor_top/w_CLOCK_HALF_G4B3I1)
Shielded <1% side-wall of (khu_sensor_top/w_clk_p_G2B11I1)
Shielded <1% side-wall of (khu_sensor_top/ads1292_filter/iir_lpf/mult_1/n27)
Shielded <1% side-wall of (khu_sensor_top/w_clk_p_G2B11I2)
Shielded <1% side-wall of (khu_sensor_top/w_clk_p_G2B10I1)
Shielded <1% side-wall of (khu_sensor_top/w_clk_p_G2B9I1)
Shielded <1% side-wall of (khu_sensor_top/w_clk_p_G2B8I2)
Shielded <1% side-wall of (khu_sensor_top/w_clk_p_G2B8I7)
Shielded <1% side-wall of (khu_sensor_top/w_clk_p_G2B8I8)
Shielded <1% side-wall of (khu_sensor_top/w_clk_p_G2B8I9)
Shielded <1% side-wall of (khu_sensor_top/w_clk_p_G2B7I1)
Shielded <1% side-wall of (khu_sensor_top/w_clk_p_G2B7I3)
Shielded <1% side-wall of (khu_sensor_top/w_clk_p_G2B6I1)
Shielded <1% side-wall of (khu_sensor_top/w_clk_p_G2B6I2)
Shielded <1% side-wall of (khu_sensor_top/w_clk_p_G2B5I1)
Shielded <1% side-wall of (khu_sensor_top/w_clk_p_G2B4I1)
Shielded <1% side-wall of (khu_sensor_top/w_clk_p_G2B1I1)
Shielded <1% side-wall of (khu_sensor_top/ads1292_controller/ENCLK_G3B1I15)
Shielded <1% side-wall of (khu_sensor_top/ads1292_controller/ENCLK_G3B1I14)
Shielded 100% side-wall of (khu_sensor_top/ads1292_controller/ENCLK_G3B1I13)
Shielded 100% side-wall of (khu_sensor_top/ads1292_controller/ENCLK_G3B1I12)
Shielded <1% side-wall of (khu_sensor_top/ads1292_filter/iir_lpf/clk_gate_r_x_data_reg_0/n3)
Shielded <1% side-wall of (khu_sensor_top/ads1292_filter/iir_lpf/clk_gate_r_mult_2_A_reg/n3)
Shielded <1% side-wall of (khu_sensor_top/ads1292_filter/iir_lpf/clk_gate_r_mult_2_A_reg/n1)
Shielded <1% side-wall of (khu_sensor_top/ads1292_filter/iir_lpf/mult_2/n2)
Shielded <1% side-wall of (khu_sensor_top/ads1292_filter/iir_lpf/mult_2/n22)
Shielded <1% side-wall of (khu_sensor_top/ads1292_controller/ENCLK_G3B1I1)
Shielded <1% side-wall of (khu_sensor_top/ads1292_filter/iir_notch/clk_gate_r_add_1_B_reg/n3)
Shielded <1% side-wall of (khu_sensor_top/ads1292_filter/iir_notch/clk_gate_r_add_2_A_reg/n3)
Shielded <1% side-wall of (khu_sensor_top/ads1292_filter/ENCLK_G3B1I15)
Shielded <1% side-wall of (khu_sensor_top/ads1292_filter/ENCLK_G3B1I14)
Shielded <1% side-wall of (khu_sensor_top/ads1292_filter/ENCLK_G3B1I13)
Shielded <1% side-wall of (khu_sensor_top/ads1292_filter/ENCLK_G3B1I12)
Shielded 100% side-wall of (khu_sensor_top/ads1292_filter/ENCLK_G3B1I1)
Shielded <1% side-wall of (khu_sensor_top/ads1292_filter/w_clk_p_G2B8I1)
Shielded <1% side-wall of (khu_sensor_top/ads1292_filter/w_clk_p_G2B8I3)
Shielded <1% side-wall of (khu_sensor_top/ads1292_filter/w_clk_p_G2B8I6)
Shielded <1% side-wall of (khu_sensor_top/ads1292_filter/w_clk_p_G2B7I2)
Shielded <1% side-wall of (khu_sensor_top/ads1292_filter/w_clk_p_G2B6I3)
Shielded <1% side-wall of (khu_sensor_top/mpr121_controller/ENCLK_G3B1I12)
Shielded <1% side-wall of (khu_sensor_top/mpr121_controller/ENCLK_G3B1I11)
Shielded 100% side-wall of (khu_sensor_top/sensor_core/ENCLK_G5B1I110)
Shielded <1% side-wall of (khu_sensor_top/sensor_core/ENCLK_G5B1I19)
Shielded <1% side-wall of (khu_sensor_top/ads1292_filter/iir_notch/mult_1/n2)
Shielded <1% side-wall of (khu_sensor_top/ads1292_filter/iir_notch/mult_1/n9)
Shielded <1% side-wall of (khu_sensor_top/ads1292_filter/iir_notch/mult_1/n22)
Shielded <1% side-wall of (khu_sensor_top/sensor_core/ENCLK_G5B1I18)
Shielded <1% side-wall of (khu_sensor_top/sensor_core/ENCLK_G5B1I17)
Shielded 100% side-wall of (khu_sensor_top/sensor_core/ENCLK_G5B1I16)
Shielded <1% side-wall of (khu_sensor_top/sensor_core/ENCLK_G5B1I15)
Shielded 100% side-wall of (khu_sensor_top/sensor_core/ENCLK_G5B1I14)
Shielded 100% side-wall of (khu_sensor_top/sensor_core/ENCLK_G5B1I13)
Shielded <1% side-wall of (khu_sensor_top/ads1292_filter/iir_notch/mult_2/n15)
Shielded <1% side-wall of (khu_sensor_top/ads1292_filter/iir_notch/mult_2/n22)
Shielded <1% side-wall of (khu_sensor_top/sensor_core/ENCLK_G5B1I12)
Shielded <1% side-wall of (khu_sensor_top/sensor_core/ENCLK_G5B1I11)
Shielded <1% side-wall of (khu_sensor_top/ads1292_filter/iir_notch/mult_3/n20)
Shielded <1% side-wall of (khu_sensor_top/sensor_core/ENCLK_G5B1I1)
Shielded <1% side-wall of (khu_sensor_top/uart_controller/ENCLK_G5B1I13)
Shielded <1% side-wall of (khu_sensor_top/ads1292_filter/iir_notch/clk_gate_r_mult_1_A_reg/n3)
Shielded <1% side-wall of (khu_sensor_top/ads1292_filter/iir_notch/clk_gate_r_mult_1_A_reg/n1)
Shielded <1% side-wall of (khu_sensor_top/uart_controller/ENCLK_G5B1I12)
Shielded <1% side-wall of (khu_sensor_top/ads1292_filter/iir_hpf/add/n29)
Shielded <1% side-wall of (khu_sensor_top/uart_controller/ENCLK_G5B1I11)
Shielded <1% side-wall of (khu_sensor_top/uart_controller/ENCLK_G5B1I1)
Shielded <1% side-wall of (khu_sensor_top/ads1292_controller/spi_master/ENCLK_G3B1I12)
Shielded <1% side-wall of (khu_sensor_top/ads1292_controller/spi_master/ENCLK_G3B1I11)
Shielded <1% side-wall of (khu_sensor_top/ads1292_controller/spi_master/ENCLK_G3B1I1)
Shielded <1% side-wall of (khu_sensor_top/ads1292_filter/iir_hpf/mult/n15)
Shielded <1% side-wall of (khu_sensor_top/ads1292_filter/iir_hpf/mult/n21)
Shielded <1% side-wall of (khu_sensor_top/ads1292_controller/clk_gate_r_ads_reg_addr_reg/n3_G3B1I1)
Shielded <1% side-wall of (khu_sensor_top/ads1292_controller/clk_gate_r_ads_data_out_reg_0/n3_G3B1I1)
Shielded <1% side-wall of (khu_sensor_top/ads1292_filter/converter_f2i/ENCLK_G3B1I12)
Shielded <1% side-wall of (khu_sensor_top/ads1292_filter/converter_f2i/ENCLK_G3B1I11)
Shielded <1% side-wall of (khu_sensor_top/ads1292_filter/converter_f2i/ENCLK_G3B1I1)
Shielded <1% side-wall of (khu_sensor_top/sensor_core/clk_gate_r_ads_second_param_reg_0/n3)
Shielded <1% side-wall of (khu_sensor_top/sensor_core/clk_gate_r_uart_clk_counter_reg/n3)
Shielded <1% side-wall of (khu_sensor_top/sensor_core/clk_gate_r_ads_ch2_data_out_reg_0/n3)
Shielded <1% side-wall of (khu_sensor_top/sensor_core/clk_gate_o_ADS1292_FILTERED_DATA_ACK_reg/n3)
Shielded <1% side-wall of (khu_sensor_top/sensor_core/clk_gate_r_mpr_chip_set_done_reg/n3)
Shielded <1% side-wall of (khu_sensor_top/ads1292_controller/spi_master/clk_gate_r_SPI_Clk_Count_reg_0/n6)
Shielded <1% side-wall of (khu_sensor_top/ads1292_filter/converter_f2i/clk_gate_o_Z_reg_0/n3)
Shielded <1% side-wall of (khu_sensor_top/ads1292_filter/iir_hpf/clk_gate_r_mult_A_reg/n3)
Shielded <1% side-wall of (khu_sensor_top/ads1292_filter/iir_hpf/mult/n2)
Shielded <1% side-wall of (khu_sensor_top/ads1292_filter/clk_gate_o_ADS1292_FILTERED_DATA_reg_0/n3)
Shielded <1% side-wall of (khu_sensor_top/ads1292_filter/clk_gate_r_converter_i2f_a_reg_0/n3)
Shielded <1% side-wall of (khu_sensor_top/mpr121_controller/clk_gate_o_MPR121_INIT_SET_reg/n3)
Shielded <1% side-wall of (khu_sensor_top/mpr121_controller/clk_gate_r_i2c_reg_data_in_reg_0/n3)
Shielded <1% side-wall of (khu_sensor_top/ads1292_filter/iir_lpf/n2)
Shielded <1% side-wall of (khu_sensor_top/ads1292_filter/iir_lpf/n11)
Shielded <1% side-wall of (khu_sensor_top/ads1292_filter/iir_lpf/n17)
Shielded <1% side-wall of (khu_sensor_top/ads1292_filter/iir_hpf/ENCLK_G3B1I11)
Shielded <1% side-wall of (khu_sensor_top/ads1292_filter/iir_hpf/ENCLK_G3B1I1)
Shielded <1% side-wall of (khu_sensor_top/ads1292_filter/iir_hpf/net23752)
Shielded <1% side-wall of (khu_sensor_top/ads1292_filter/iir_notch/ENCLK_G5B1I1)
Shielded <1% side-wall of (khu_sensor_top/ads1292_filter/iir_notch/n1_G4B2I1)
Shielded <1% side-wall of (khu_sensor_top/ads1292_filter/iir_notch/ENCLK_G3B2I13)
Shielded <1% side-wall of (khu_sensor_top/ads1292_filter/iir_notch/ENCLK_G3B1I13)
Shielded <1% side-wall of (khu_sensor_top/ads1292_filter/iir_notch/ENCLK_G3B2I12)
Shielded <1% side-wall of (khu_sensor_top/ads1292_filter/iir_notch/ENCLK_G3B1I12)
Shielded <1% side-wall of (khu_sensor_top/ads1292_filter/iir_notch/ENCLK_G3B1I11)
Shielded <1% side-wall of (khu_sensor_top/ads1292_filter/iir_notch/ENCLK_G3B1I1)
Shielded <1% side-wall of (khu_sensor_top/ads1292_filter/iir_notch/w_clk_p_G2B8I5)
Shielded <1% side-wall of (khu_sensor_top/ads1292_filter/iir_notch/net23719)
Shielded <1% side-wall of (khu_sensor_top/ads1292_filter/iir_notch/net23730)
Shielded <1% side-wall of (khu_sensor_top/ads1292_filter/iir_notch/n93)
Shielded <1% side-wall of (khu_sensor_top/ads1292_filter/iir_notch/n96)
Shielded <1% side-wall of (khu_sensor_top/ads1292_filter/iir_notch/n1)
Shielded <1% side-wall of (khu_sensor_top/ads1292_filter/iir_notch/n4)
Shielded <1% side-wall of (khu_sensor_top/ads1292_filter/iir_notch/n36)
Shielded <1% side-wall of (khu_sensor_top/ads1292_filter/iir_notch/n49)
Shielded <1% side-wall of (khu_sensor_top/ads1292_filter/iir_notch/n52)
Shielded <1% side-wall of (khu_sensor_top/ads1292_filter/iir_notch/n69)
Shielded <1% side-wall of (khu_sensor_top/ads1292_filter/iir_notch/n80)
Shielded <1% side-wall of (khu_sensor_top/ads1292_filter/iir_lpf/ENCLK_G3B1I11)
Shielded <1% side-wall of (khu_sensor_top/ads1292_filter/iir_lpf/ENCLK_G3B1I1)
Shielded <1% side-wall of (khu_sensor_top/ads1292_filter/iir_lpf/w_clk_p_G2B8I4)
Shielded <1% side-wall of (khu_sensor_top/ads1292_filter/iir_lpf/net23697)
Shielded <1% side-wall of (khu_sensor_top/ads1292_controller/clk_gate_r_ads_reg_addr_reg/n3)
Shielded <1% side-wall of (khu_sensor_top/ads1292_controller/clk_gate_r_ads_data_out_reg_0/n3)
Shielded <1% side-wall of (khu_sensor_top/ads1292_filter/converter_i2f/ENCLK_G3B1I12)
Shielded <1% side-wall of (khu_sensor_top/ads1292_filter/converter_i2f/ENCLK_G3B1I11)
Shielded <1% side-wall of (khu_sensor_top/ads1292_filter/converter_i2f/ENCLK_G3B1I1)
Shielded <1% side-wall of (khu_sensor_top/ads1292_filter/clk_gate_o_ADS1292_FILTERED_DATA_reg_0/n3_G3B1I1)
Shielded <1% side-wall of (khu_sensor_top/ads1292_filter/clk_gate_r_converter_i2f_a_reg_0/n3_G3B1I1)
Shielded <1% side-wall of (khu_sensor_top/mpr121_controller/clk_gate_o_MPR121_INIT_SET_reg/n3_G3B1I1)
Shielded <1% side-wall of (khu_sensor_top/mpr121_controller/clk_gate_r_i2c_reg_data_in_reg_0/n3_G3B1I1)
Shielded <1% side-wall of (khu_sensor_top/mpr121_controller/i2c_master/ENCLK_G3B3I1)
Shielded <1% side-wall of (khu_sensor_top/mpr121_controller/i2c_master/ENCLK_G3B2I12)
Shielded <1% side-wall of (khu_sensor_top/mpr121_controller/i2c_master/ENCLK_G3B1I12)
Shielded <1% side-wall of (khu_sensor_top/mpr121_controller/i2c_master/ENCLK_G3B1I11)
Shielded <1% side-wall of (khu_sensor_top/mpr121_controller/i2c_master/ENCLK_G3B1I1)
Shielded <1% side-wall of (khu_sensor_top/sensor_core/clk_gate_r_ads_second_param_reg_0/n3_G5B1I1)
Shielded <1% side-wall of (khu_sensor_top/sensor_core/clk_gate_r_uart_clk_counter_reg/n3_G5B1I1)
Shielded <1% side-wall of (khu_sensor_top/sensor_core/clk_gate_r_ads_ch2_data_out_reg_0/n3_G5B1I1)
Shielded <1% side-wall of (khu_sensor_top/sensor_core/clk_gate_o_ADS1292_FILTERED_DATA_ACK_reg/n3_G5B1I1)
Shielded <1% side-wall of (khu_sensor_top/sensor_core/clk_gate_r_mpr_chip_set_done_reg/n3_G5B1I1)
Shielded <1% side-wall of (khu_sensor_top/uart_controller/uart_rx/ENCLK_G5B1I1)
Shielded 100% side-wall of (khu_sensor_top/uart_controller/uart_tx/ENCLK_G5B1I1)
Shielded <1% side-wall of (khu_sensor_top/ads1292_controller/spi_master/clk_gate_r_SPI_Clk_Count_reg_0/n6_G3B1I1)
Shielded <1% side-wall of (khu_sensor_top/ads1292_filter/converter_f2i/clk_gate_o_Z_reg_0/n3_G3B1I1)
Shielded <1% side-wall of (khu_sensor_top/ads1292_filter/iir_hpf/clk_gate_r_mult_A_reg/n3_G3B1I1)
Shielded <1% side-wall of (khu_sensor_top/uart_controller/uart_tx/n142)
Shielded <1% side-wall of (khu_sensor_top/ads1292_filter/iir_hpf/mult/ENCLK_G3B3I1)
Shielded <1% side-wall of (khu_sensor_top/ads1292_filter/iir_hpf/mult/ENCLK_G3B1I15)
Shielded <1% side-wall of (khu_sensor_top/ads1292_filter/iir_hpf/mult/ENCLK_G3B1I14)
Shielded <1% side-wall of (khu_sensor_top/ads1292_filter/iir_hpf/mult/ENCLK_G3B1I13)
Shielded <1% side-wall of (khu_sensor_top/uart_controller/n258)
Shielded <1% side-wall of (khu_sensor_top/uart_controller/n260)
Shielded <1% side-wall of (khu_sensor_top/uart_controller/n271)
Shielded <1% side-wall of (khu_sensor_top/uart_controller/n327)
Shielded <1% side-wall of (khu_sensor_top/uart_controller/uart_rx/n88)
Shielded <1% side-wall of (khu_sensor_top/ads1292_filter/iir_hpf/mult/ENCLK_G3B1I11)
Shielded <1% side-wall of (khu_sensor_top/ads1292_filter/iir_hpf/mult/ENCLK_G3B1I1)
Shielded <1% side-wall of (khu_sensor_top/ads1292_filter/iir_hpf/add/ENCLK_G3B1I17)
Shielded <1% side-wall of (khu_sensor_top/ads1292_filter/iir_hpf/add/ENCLK_G3B1I16)
Shielded <1% side-wall of (khu_sensor_top/ads1292_filter/iir_hpf/add/ENCLK_G3B1I15)
Shielded <1% side-wall of (khu_sensor_top/ads1292_filter/iir_hpf/add/ENCLK_G3B1I14)
Shielded <1% side-wall of (khu_sensor_top/sensor_core/n654)
Shielded <1% side-wall of (khu_sensor_top/sensor_core/n656)
Shielded <1% side-wall of (khu_sensor_top/sensor_core/n658)
Shielded <1% side-wall of (khu_sensor_top/sensor_core/n668)
Shielded <1% side-wall of (khu_sensor_top/sensor_core/n679)
Shielded <1% side-wall of (khu_sensor_top/sensor_core/n690)
Shielded <1% side-wall of (khu_sensor_top/sensor_core/n700)
Shielded <1% side-wall of (khu_sensor_top/sensor_core/n712)
Shielded <1% side-wall of (khu_sensor_top/sensor_core/n723)
Shielded <1% side-wall of (khu_sensor_top/sensor_core/n737)
Shielded <1% side-wall of (khu_sensor_top/sensor_core/n841)
Shielded <1% side-wall of (khu_sensor_top/ads1292_filter/iir_hpf/add/ENCLK_G3B1I13)
Shielded <1% side-wall of (khu_sensor_top/w_CLOCK_HALF)
Shielded <1% side-wall of (khu_sensor_top/ads1292_filter/iir_hpf/add/ENCLK_G3B1I12)
Shielded <1% side-wall of (khu_sensor_top/ads1292_filter/iir_hpf/add/ENCLK_G3B1I11)
Shielded <1% side-wall of (khu_sensor_top/mpr121_controller/i2c_master/n606)
Shielded <1% side-wall of (khu_sensor_top/mpr121_controller/i2c_master/n621)
Shielded <1% side-wall of (khu_sensor_top/mpr121_controller/i2c_master/n630)
Shielded <1% side-wall of (khu_sensor_top/ads1292_filter/iir_notch/mult_3/ENCLK_G3B1I15)
Shielded <1% side-wall of (khu_sensor_top/mpr121_controller/n219)
Shielded <1% side-wall of (khu_sensor_top/mpr121_controller/n229)
Shielded <1% side-wall of (khu_sensor_top/ads1292_filter/iir_notch/mult_3/ENCLK_G3B1I14)
Shielded <1% side-wall of (khu_sensor_top/ads1292_filter/iir_notch/mult_3/ENCLK_G3B1I13)
Shielded <1% side-wall of (khu_sensor_top/ads1292_filter/iir_notch/mult_3/ENCLK_G3B1I12)
Shielded <1% side-wall of (khu_sensor_top/ads1292_filter/iir_notch/mult_3/ENCLK_G3B1I1)
Shielded <1% side-wall of (khu_sensor_top/ads1292_filter/iir_notch/mult_2/ENCLK_G3B1I16)
Shielded <1% side-wall of (khu_sensor_top/ads1292_filter/iir_notch/mult_2/ENCLK_G3B1I15)
Shielded <1% side-wall of (khu_sensor_top/ads1292_filter/converter_i2f/n409)
Shielded <1% side-wall of (khu_sensor_top/ads1292_filter/converter_i2f/n410)
Shielded <1% side-wall of (khu_sensor_top/ads1292_filter/converter_i2f/n411)
Shielded <1% side-wall of (khu_sensor_top/ads1292_filter/iir_notch/mult_2/ENCLK_G3B1I14)
Shielded <1% side-wall of (khu_sensor_top/ads1292_filter/iir_notch/mult_2/ENCLK_G3B1I13)
Shielded <1% side-wall of (khu_sensor_top/ads1292_filter/iir_notch/mult_2/ENCLK_G3B1I12)
Shielded <1% side-wall of (khu_sensor_top/ads1292_filter/iir_notch/mult_2/ENCLK_G3B1I11)
Shielded <1% side-wall of (khu_sensor_top/ads1292_filter/iir_notch/mult_2/ENCLK_G3B1I1)
Shielded <1% side-wall of (khu_sensor_top/ads1292_filter/iir_notch/mult_1/ENCLK_G3B1I16)
Shielded <1% side-wall of (khu_sensor_top/ads1292_filter/iir_notch/mult_1/ENCLK_G3B1I15)
Shielded <1% side-wall of (khu_sensor_top/ads1292_filter/iir_notch/mult_1/ENCLK_G3B1I13)
Shielded <1% side-wall of (khu_sensor_top/ads1292_filter/iir_notch/mult_1/ENCLK_G3B1I11)
Shielded <1% side-wall of (khu_sensor_top/ads1292_filter/iir_notch/add_2/ENCLK_G3B1I17)
Shielded <1% side-wall of (khu_sensor_top/ads1292_filter/iir_notch/add_2/ENCLK_G3B1I16)
Shielded <1% side-wall of (khu_sensor_top/ads1292_filter/iir_notch/add_2/ENCLK_G3B1I15)
Shielded <1% side-wall of (khu_sensor_top/ads1292_filter/iir_notch/add_2/ENCLK_G3B1I14)
Shielded <1% side-wall of (khu_sensor_top/ads1292_filter/iir_notch/add_2/ENCLK_G3B1I13)
Shielded <1% side-wall of (khu_sensor_top/ads1292_filter/iir_notch/add_2/ENCLK_G3B1I12)
Shielded <1% side-wall of (khu_sensor_top/ads1292_filter/iir_notch/add_2/ENCLK_G3B1I11)
Shielded <1% side-wall of (khu_sensor_top/ads1292_filter/iir_notch/add_2/ENCLK_G3B1I1)
Shielded <1% side-wall of (khu_sensor_top/ads1292_filter/iir_notch/add_1/ENCLK_G3B1I17)
Shielded <1% side-wall of (khu_sensor_top/ads1292_filter/iir_notch/add_1/ENCLK_G3B1I16)
Shielded <1% side-wall of (khu_sensor_top/ads1292_filter/iir_notch/add_1/ENCLK_G3B1I15)
Shielded <1% side-wall of (khu_sensor_top/ads1292_filter/iir_notch/add_1/ENCLK_G3B1I14)
Shielded <1% side-wall of (khu_sensor_top/ads1292_filter/iir_notch/add_1/ENCLK_G3B1I13)
Shielded <1% side-wall of (khu_sensor_top/ads1292_filter/iir_notch/add_1/ENCLK_G3B1I12)
Shielded <1% side-wall of (khu_sensor_top/ads1292_filter/iir_notch/add_1/ENCLK_G3B1I11)
Shielded <1% side-wall of (khu_sensor_top/ads1292_filter/iir_notch/add_1/ENCLK_G3B1I1)
Shielded <1% side-wall of (khu_sensor_top/ads1292_filter/iir_notch/clk_gate_r_add_1_B_reg/n3_G3B1I1)
Shielded <1% side-wall of (khu_sensor_top/ads1292_filter/iir_notch/clk_gate_r_add_2_A_reg/n3_G3B1I1)
Shielded <1% side-wall of (khu_sensor_top/ads1292_filter/iir_lpf/clk_gate_r_x_data_reg_0/n3_G3B1I1)
Shielded <1% side-wall of (khu_sensor_top/ads1292_filter/iir_lpf/mult_2/ENCLK_G3B1I16)
Shielded <1% side-wall of (khu_sensor_top/ads1292_filter/iir_lpf/mult_2/ENCLK_G3B1I15)
Shielded <1% side-wall of (khu_sensor_top/ads1292_filter/iir_lpf/mult_2/ENCLK_G3B1I14)
Shielded <1% side-wall of (khu_sensor_top/ads1292_filter/iir_lpf/mult_2/ENCLK_G3B1I13)
Shielded <1% side-wall of (khu_sensor_top/ads1292_filter/iir_lpf/mult_2/ENCLK_G3B1I12)
Shielded <1% side-wall of (khu_sensor_top/ads1292_filter/iir_lpf/mult_2/ENCLK_G3B1I11)
Shielded <1% side-wall of (khu_sensor_top/ads1292_filter/iir_lpf/mult_2/ENCLK_G3B1I1)
Shielded <1% side-wall of (khu_sensor_top/ads1292_filter/iir_lpf/mult_1/ENCLK_G3B1I17)
Shielded <1% side-wall of (khu_sensor_top/ads1292_filter/iir_lpf/mult_1/ENCLK_G3B1I16)
Shielded <1% side-wall of (khu_sensor_top/ads1292_filter/iir_lpf/mult_1/ENCLK_G3B1I15)
Shielded <1% side-wall of (khu_sensor_top/ads1292_filter/iir_lpf/mult_1/ENCLK_G3B1I14)
Shielded <1% side-wall of (khu_sensor_top/ads1292_filter/iir_lpf/mult_1/ENCLK_G3B1I13)
Shielded <1% side-wall of (khu_sensor_top/ads1292_filter/iir_lpf/mult_1/ENCLK_G3B1I12)
Shielded <1% side-wall of (khu_sensor_top/ads1292_filter/iir_lpf/mult_1/ENCLK_G3B1I1)
Shielded <1% side-wall of (khu_sensor_top/ads1292_filter/iir_lpf/mult_1/net23686)
Shielded <1% side-wall of (khu_sensor_top/ads1292_filter/iir_lpf/add/ENCLK_G3B1I15)
Shielded <1% side-wall of (khu_sensor_top/ads1292_filter/iir_lpf/add/ENCLK_G3B1I14)
Shielded <1% side-wall of (khu_sensor_top/ads1292_filter/iir_lpf/add/ENCLK_G3B1I13)
Shielded <1% side-wall of (khu_sensor_top/ads1292_filter/iir_lpf/add/ENCLK_G3B1I12)
Shielded <1% side-wall of (khu_sensor_top/ads1292_filter/iir_lpf/add/ENCLK_G3B1I11)
Shielded <1% side-wall of (khu_sensor_top/ads1292_filter/iir_lpf/add/ENCLK_G3B1I1)
Shielded <1% side-wall of (khu_sensor_top/ads1292_filter/iir_lpf/add/net23675)
Shielded <1% side-wall of (khu_sensor_top/ads1292_filter/converter_i2f/clk_gate_a_reg_0/n3_G3B1I1)
Shielded <1% side-wall of (khu_sensor_top/ads1292_filter/converter_i2f/clk_gate_value_reg_0/n3_G3B1I1)
Shielded <1% side-wall of (khu_sensor_top/uart_controller/uart_tx/clk_gate_o_Tx_Serial_reg/n3_G5B1I1)
Shielded <1% side-wall of (khu_sensor_top/ads1292_filter/iir_hpf/mult/clk_gate_a_e_reg/n3_G3B1I1)
Shielded <1% side-wall of (khu_sensor_top/ads1292_filter/iir_hpf/add/clk_gate_b_reg/n3_G3B1I1)
Shielded <1% side-wall of (khu_sensor_top/ads1292_filter/iir_notch/mult_3/clk_gate_a_e_reg/n3_G3B1I1)
Shielded <1% side-wall of (khu_sensor_top/ads1292_filter/iir_notch/mult_3/clk_gate_R_23/n3_G3B1I1)
Shielded <1% side-wall of (khu_sensor_top/ads1292_filter/iir_notch/mult_2/clk_gate_a_e_reg/n3_G3B1I1)
Shielded <1% side-wall of (khu_sensor_top/ads1292_filter/iir_notch/mult_1/clk_gate_R_41/n3_G3B1I1)
Shielded <1% side-wall of (khu_sensor_top/ads1292_filter/iir_notch/mult_1/clk_gate_a_e_reg/n3_G3B1I1)
Shielded <1% side-wall of (khu_sensor_top/ads1292_filter/iir_notch/add_2/clk_gate_a_e_reg_0/n3_G3B1I1)
Shielded <1% side-wall of (khu_sensor_top/ads1292_filter/iir_notch/add_1/clk_gate_a_e_reg_0/n3_G3B1I1)
Shielded <1% side-wall of (khu_sensor_top/ads1292_filter/iir_lpf/mult_2/clk_gate_R_40/n3_G3B1I1)
Shielded <1% side-wall of (khu_sensor_top/ads1292_filter/iir_lpf/add/n1395)
Shielded <1% side-wall of (khu_sensor_top/ads1292_filter/iir_lpf/add/n1420)
Shielded <1% side-wall of (khu_sensor_top/ads1292_filter/iir_lpf/add/n1448)
Shielded <1% side-wall of (khu_sensor_top/ads1292_filter/iir_lpf/add/n1475)
Shielded <1% side-wall of (khu_sensor_top/ads1292_filter/iir_lpf/add/n1478)
Shielded <1% side-wall of (khu_sensor_top/ads1292_filter/iir_lpf/add/n1479)
Shielded <1% side-wall of (khu_sensor_top/ads1292_filter/iir_lpf/add/n1509)
Shielded <1% side-wall of (khu_sensor_top/ads1292_filter/iir_lpf/mult_2/clk_gate_a_e_reg/n3_G3B1I1)
Shielded <1% side-wall of (khu_sensor_top/ads1292_filter/iir_lpf/add/clk_gate_a_e_reg_0/n3_G3B1I1)
Shielded <1% side-wall of (khu_sensor_top/ads1292_filter/iir_lpf/mult_1/n954)
Shielded <1% side-wall of (khu_sensor_top/ads1292_filter/iir_lpf/mult_1/n983)
Shielded <1% side-wall of (khu_sensor_top/ads1292_filter/iir_lpf/mult_1/n1008)
Shielded <1% side-wall of (khu_sensor_top/ads1292_filter/iir_lpf/mult_1/n1033)
Shielded <1% side-wall of (khu_sensor_top/ads1292_filter/iir_lpf/mult_1/n1035)
Shielded <1% side-wall of (khu_sensor_top/ads1292_filter/iir_lpf/mult_1/n1036)
Shielded <1% side-wall of (khu_sensor_top/ads1292_filter/iir_lpf/mult_1/n1068)
Shielded <1% side-wall of (khu_sensor_top/ads1292_filter/iir_lpf/mult_2/n1206)
Shielded <1% side-wall of (khu_sensor_top/ads1292_filter/iir_lpf/mult_2/n1208)
Shielded <1% side-wall of (khu_sensor_top/ads1292_filter/iir_lpf/mult_2/n1209)
Shielded <1% side-wall of (khu_sensor_top/ads1292_filter/iir_lpf/mult_2/n1219)
Shielded <1% side-wall of (khu_sensor_top/ads1292_filter/iir_lpf/n1125)
Shielded <1% side-wall of (khu_sensor_top/ads1292_filter/iir_lpf/n1191)
Shielded <1% side-wall of (khu_sensor_top/ads1292_filter/iir_lpf/n1196)
Shielded <1% side-wall of (khu_sensor_top/ads1292_filter/iir_lpf/n1290)
Shielded <1% side-wall of (khu_sensor_top/ads1292_filter/iir_lpf/mult_2/n1137)
Shielded <1% side-wall of (khu_sensor_top/ads1292_filter/iir_lpf/mult_2/n1160)
Shielded <1% side-wall of (khu_sensor_top/ads1292_filter/iir_lpf/mult_2/n1181)
Shielded <1% side-wall of (khu_sensor_top/ads1292_filter/iir_notch/add_1/n1328)
Shielded <1% side-wall of (khu_sensor_top/ads1292_filter/iir_notch/add_1/n1353)
Shielded <1% side-wall of (khu_sensor_top/ads1292_filter/iir_notch/add_1/n1381)
Shielded <1% side-wall of (khu_sensor_top/ads1292_filter/iir_notch/add_1/n1408)
Shielded <1% side-wall of (khu_sensor_top/ads1292_filter/iir_notch/add_1/n1411)
Shielded <1% side-wall of (khu_sensor_top/ads1292_filter/iir_notch/add_1/n1412)
Shielded <1% side-wall of (khu_sensor_top/ads1292_filter/iir_notch/add_1/n1442)
Shielded <1% side-wall of (khu_sensor_top/ads1292_filter/iir_notch/add_1/n1444)
Shielded <1% side-wall of (khu_sensor_top/ads1292_filter/iir_notch/add_2/n1333)
Shielded <1% side-wall of (khu_sensor_top/ads1292_filter/iir_notch/add_2/n1358)
Shielded <1% side-wall of (khu_sensor_top/ads1292_filter/iir_notch/add_2/n1386)
Shielded <1% side-wall of (khu_sensor_top/ads1292_filter/iir_notch/add_2/n1413)
Shielded <1% side-wall of (khu_sensor_top/ads1292_filter/iir_notch/add_2/n1416)
Shielded <1% side-wall of (khu_sensor_top/ads1292_filter/iir_notch/add_2/n1417)
Shielded <1% side-wall of (khu_sensor_top/ads1292_filter/iir_notch/add_2/n1447)
Shielded <1% side-wall of (khu_sensor_top/ads1292_filter/iir_notch/add_2/n1449)
Shielded <1% side-wall of (khu_sensor_top/ads1292_filter/iir_notch/mult_1/n1177)
Shielded <1% side-wall of (khu_sensor_top/ads1292_filter/iir_notch/mult_1/n1202)
Shielded <1% side-wall of (khu_sensor_top/ads1292_filter/iir_notch/mult_1/n1227)
Shielded <1% side-wall of (khu_sensor_top/ads1292_filter/iir_notch/mult_1/n1230)
Shielded <1% side-wall of (khu_sensor_top/ads1292_filter/iir_notch/mult_1/n1240)
Shielded <1% side-wall of (khu_sensor_top/ads1292_filter/iir_notch/mult_2/n1137)
Shielded <1% side-wall of (khu_sensor_top/ads1292_filter/iir_notch/mult_2/n1160)
Shielded <1% side-wall of (khu_sensor_top/ads1292_filter/iir_notch/mult_2/n1182)
Shielded <1% side-wall of (khu_sensor_top/ads1292_filter/iir_notch/mult_2/n1207)
Shielded <1% side-wall of (khu_sensor_top/ads1292_filter/iir_notch/mult_2/n1209)
Shielded <1% side-wall of (khu_sensor_top/ads1292_filter/iir_notch/mult_2/n1210)
Shielded <1% side-wall of (khu_sensor_top/ads1292_filter/iir_notch/mult_2/n1220)
Shielded <1% side-wall of (khu_sensor_top/ads1292_filter/iir_notch/mult_2/n1222)
Shielded <1% side-wall of (khu_sensor_top/ads1292_filter/iir_notch/mult_3/n1201)
Shielded <1% side-wall of (khu_sensor_top/ads1292_filter/iir_notch/mult_3/n1228)
Shielded <1% side-wall of (khu_sensor_top/ads1292_filter/iir_notch/mult_3/n1229)
Shielded <1% side-wall of (khu_sensor_top/ads1292_filter/iir_notch/mult_3/n1239)
Shielded <1% side-wall of (khu_sensor_top/ads1292_filter/iir_notch/mult_3/n1241)
Shielded <1% side-wall of (khu_sensor_top/ads1292_filter/iir_notch/n1930)
Shielded <1% side-wall of (khu_sensor_top/ads1292_filter/iir_notch/n1965)
Shielded <1% side-wall of (khu_sensor_top/ads1292_filter/iir_notch/n2136)
Shielded <1% side-wall of (khu_sensor_top/ads1292_filter/iir_notch/n2141)
Shielded <1% side-wall of (khu_sensor_top/ads1292_filter/iir_notch/n2143)
Shielded <1% side-wall of (khu_sensor_top/ads1292_filter/iir_notch/n2248)
Shielded <1% side-wall of (khu_sensor_top/ads1292_filter/iir_notch/mult_3/n1153)
Shielded <1% side-wall of (khu_sensor_top/ads1292_filter/iir_notch/mult_3/n1176)
Shielded <1% side-wall of (khu_sensor_top/ads1292_filter/iir_hpf/n67)
Shielded <1% side-wall of (khu_sensor_top/ads1292_filter/iir_hpf/n205)
Shielded <1% side-wall of (khu_sensor_top/ads1292_filter/iir_hpf/add/n1397)
Shielded <1% side-wall of (khu_sensor_top/ads1292_filter/iir_hpf/add/n1425)
Shielded <1% side-wall of (khu_sensor_top/ads1292_filter/iir_hpf/add/n1452)
Shielded <1% side-wall of (khu_sensor_top/ads1292_filter/iir_hpf/add/n1455)
Shielded <1% side-wall of (khu_sensor_top/ads1292_filter/iir_hpf/add/n1456)
Shielded <1% side-wall of (khu_sensor_top/ads1292_filter/iir_hpf/add/n1486)
Shielded <1% side-wall of (khu_sensor_top/ads1292_filter/iir_hpf/add/n1488)
Shielded <1% side-wall of (khu_sensor_top/ads1292_filter/iir_hpf/add/n1355)
Shielded <1% side-wall of (khu_sensor_top/ads1292_filter/iir_hpf/add/n1372)
Shielded <1% side-wall of (khu_sensor_top/ads1292_filter/iir_hpf/mult/n1197)
Shielded <1% side-wall of (khu_sensor_top/ads1292_filter/iir_hpf/mult/n1198)
Shielded <1% side-wall of (khu_sensor_top/ads1292_filter/iir_hpf/mult/n1208)
Shielded <1% side-wall of (khu_sensor_top/ads1292_filter/iir_hpf/mult/n1210)
Shielded <1% side-wall of (khu_sensor_top/ads1292_filter/iir_hpf/n309)
Shielded <1% side-wall of (khu_sensor_top/ads1292_filter/iir_hpf/n364)
Shielded <1% side-wall of (khu_sensor_top/ads1292_filter/iir_hpf/n430)
Shielded <1% side-wall of (khu_sensor_top/ads1292_filter/iir_hpf/mult/n1133)
Shielded <1% side-wall of (khu_sensor_top/ads1292_filter/iir_hpf/mult/n1156)
Shielded <1% side-wall of (khu_sensor_top/ads1292_filter/iir_hpf/mult/n1171)
Shielded <1% side-wall of (khu_sensor_top/ads1292_filter/iir_hpf/mult/n1195)
Shielded <1% side-wall of (khu_sensor_top/ads1292_filter/converter_f2i/n415)
Shielded <1% side-wall of (khu_sensor_top/ads1292_filter/converter_f2i/n416)
Shielded <1% side-wall of (khu_sensor_top/ads1292_filter/converter_f2i/n448)
Shielded <1% side-wall of (khu_sensor_top/ads1292_filter/n107)
Shielded <1% side-wall of (khu_sensor_top/ads1292_filter/n123)
Shielded <1% side-wall of (khu_sensor_top/ads1292_filter/n125)
Shielded <1% side-wall of (khu_sensor_top/ads1292_filter/n127)
Shielded <1% side-wall of (khu_sensor_top/ads1292_filter/n129)
Shielded <1% side-wall of (khu_sensor_top/ads1292_controller/spi_master/n151)
Shielded <1% side-wall of (khu_sensor_top/ads1292_controller/spi_master/n139)
Shielded <1% side-wall of (khu_sensor_top/ads1292_controller/spi_master/n143)
Shielded <1% side-wall of (w_clk_p)
Shielded <1% side-wall of (khu_sensor_top/ads1292_controller/n514)
Shielded <1% side-wall of (khu_sensor_top/ads1292_controller/n527)
Shielded <1% side-wall of (khu_sensor_top/ads1292_controller/n532)
Shielded <1% side-wall of (khu_sensor_top/ads1292_controller/n536)
Shielded <1% side-wall of (khu_sensor_top/ads1292_controller/n562)
Shielded 385 nets with average ratio as follows.
	1) 2.08%		(total shield ratio/number of shielded nets)
	2) 0.00%		(total shield length/total shielded net length)

**********************************

