***********************************************
Report          : create_qor_snapshot (08_chip_finish)
Design          : khu_sensor_pad
Version         : N-2017.09
Date            : Tue Sep  8 19:24:30 2020
Time unit       : 1.0e-09 Second(ns)
Capacitance unit: 1.0e-12 Farad(pF)
Voltage unit    : 1 Volt
Power unit      : 1.0e-03 Watt(mW)
Location        : /home/graduation_project3/2015103977/03_Physical_Synthesis/snapshot
***********************************************
No. of scenario = 1
s1 = func1_wst
--------------------------------------------------
WNS of each timing group:                       s1 
--------------------------------------------------
clk                                        -0.0827 
--------------------------------------------------
Setup WNS:                                 -0.0827 
Setup TNS:                                 -0.0827
Number of setup violations:                      1  
Hold WNS:                                   0.0000  
Hold TNS:                                   0.0000  
Number of hold violations:                       0  
Number of max trans violations:                  0  
Number of max cap violations:                    0  
Number of min pulse width violations:            0  
Route drc violations:                            4
--------------------------------------------------
Area:                                        91408
Cell count:                                  28862
Buf/inv cell count:                           4587
Std cell utilization:                       64.77%
CPU/ELAPSE(hr):                          0.03/0.06
Mem(Mb):                                      1033
Host name:                               vlsi-dist.khu.ac.kr
--------------------------------------------------
Histogram:             s1 
--------------------------------------------------
Max violations:         1 
   above ~ -0.7  ---    0 
    -0.6 ~ -0.7  ---    0 
    -0.5 ~ -0.6  ---    0 
    -0.4 ~ -0.5  ---    0 
    -0.3 ~ -0.4  ---    0 
    -0.2 ~ -0.3  ---    0 
    -0.1 ~ -0.2  ---    0 
       0 ~ -0.1  ---    1 
--------------------------------------------------
Min violations:         0 
  -0.06 ~ above  ---    0 
  -0.05 ~ -0.06  ---    0 
  -0.04 ~ -0.05  ---    0 
  -0.03 ~ -0.04  ---    0 
  -0.02 ~ -0.03  ---    0 
  -0.01 ~ -0.02  ---    0 
      0 ~ -0.01  ---    0 
--------------------------------------------------
Snapshot report (snap.rpt) is created and can be viewed using file "/home/graduation_project3/2015103977/03_Physical_Synthesis/snapshot/snap.rpt.html"
1
