 
****************************************
Report : timing
        -path full
        -delay min
        -nworst 10
        -max_paths 10
Design : khu_sensor_pad
Version: F-2011.09-SP5-3
Date   : Tue Sep  8 19:13:11 2020
****************************************

 * Some/all delay information is back-annotated.

 # A fanout number of 1000 was used for high fanout net computations.

Operating Conditions: V105WTP1250   Library: std150e_wst_105_p125
Wire Load Model Mode: enclosed

  Startpoint: khu_sensor_top/ads1292_controller/spi_master/r_SPI_Clk_reg
              (rising edge-triggered flip-flop clocked by clk)
  Endpoint: khu_sensor_top/ads1292_controller/spi_master/o_SPI_Clk_reg
            (rising edge-triggered flip-flop clocked by clk)
  Path Group: clk
  Path Type: min

  Point                                                   Incr       Path
  --------------------------------------------------------------------------
  clock clk (rise edge)                                   0.00       0.00
  clock network delay (ideal)                             0.75       0.75
  khu_sensor_top/ads1292_controller/spi_master/r_SPI_Clk_reg/CK (fd4qd1_hd)
                                                          0.00 #     0.75 r
  khu_sensor_top/ads1292_controller/spi_master/r_SPI_Clk_reg/Q (fd4qd1_hd)
                                                          0.43       1.18 f
  khu_sensor_top/ads1292_controller/spi_master/o_SPI_Clk_reg/D (fd4qd1_hd)
                                                          0.00       1.18 f
  data arrival time                                                  1.18

  clock clk (rise edge)                                   0.00       0.00
  clock network delay (ideal)                             0.75       0.75
  khu_sensor_top/ads1292_controller/spi_master/o_SPI_Clk_reg/CK (fd4qd1_hd)
                                                          0.00       0.75 r
  library hold time                                       0.07       0.82
  data required time                                                 0.82
  --------------------------------------------------------------------------
  data required time                                                 0.82
  data arrival time                                                 -1.18
  --------------------------------------------------------------------------
  slack (MET)                                                        0.36


  Startpoint: khu_sensor_top/ads1292_filter/converter_f2i/a_reg[31]
              (rising edge-triggered flip-flop clocked by clk)
  Endpoint: khu_sensor_top/ads1292_filter/converter_f2i/a_s_reg
            (rising edge-triggered flip-flop clocked by clk)
  Path Group: clk
  Path Type: min

  Point                                                   Incr       Path
  --------------------------------------------------------------------------
  clock clk (rise edge)                                   0.00       0.00
  clock network delay (ideal)                             0.75       0.75
  khu_sensor_top/ads1292_filter/converter_f2i/a_reg[31]/CK (fds2eqd1_hd)
                                                          0.00 #     0.75 r
  khu_sensor_top/ads1292_filter/converter_f2i/a_reg[31]/Q (fds2eqd1_hd)
                                                          0.39       1.14 f
  khu_sensor_top/ads1292_filter/converter_f2i/a_s_reg/D (fds2eqd1_hd)
                                                          0.00       1.14 f
  data arrival time                                                  1.14

  clock clk (rise edge)                                   0.00       0.00
  clock network delay (ideal)                             0.75       0.75
  khu_sensor_top/ads1292_filter/converter_f2i/a_s_reg/CK (fds2eqd1_hd)
                                                          0.00       0.75 r
  library hold time                                       0.01       0.76
  data required time                                                 0.76
  --------------------------------------------------------------------------
  data required time                                                 0.76
  data arrival time                                                 -1.14
  --------------------------------------------------------------------------
  slack (MET)                                                        0.38


  Startpoint: khu_sensor_top/ads1292_filter/converter_i2f/z_reg[0]
              (rising edge-triggered flip-flop clocked by clk)
  Endpoint: khu_sensor_top/ads1292_filter/converter_i2f/o_Z_reg[0]
            (rising edge-triggered flip-flop clocked by clk)
  Path Group: clk
  Path Type: min

  Point                                                   Incr       Path
  --------------------------------------------------------------------------
  clock clk (rise edge)                                   0.00       0.00
  clock network delay (ideal)                             0.75       0.75
  khu_sensor_top/ads1292_filter/converter_i2f/z_reg[0]/CK (fds2eqd1_hd)
                                                          0.00 #     0.75 r
  khu_sensor_top/ads1292_filter/converter_i2f/z_reg[0]/Q (fds2eqd1_hd)
                                                          0.39       1.14 f
  khu_sensor_top/ads1292_filter/converter_i2f/o_Z_reg[0]/D (fds2eqd1_hd)
                                                          0.00       1.14 f
  data arrival time                                                  1.14

  clock clk (rise edge)                                   0.00       0.00
  clock network delay (ideal)                             0.75       0.75
  khu_sensor_top/ads1292_filter/converter_i2f/o_Z_reg[0]/CK (fds2eqd1_hd)
                                                          0.00       0.75 r
  library hold time                                       0.01       0.76
  data required time                                                 0.76
  --------------------------------------------------------------------------
  data required time                                                 0.76
  data arrival time                                                 -1.14
  --------------------------------------------------------------------------
  slack (MET)                                                        0.38


  Startpoint: khu_sensor_top/ads1292_filter/converter_i2f/z_reg[1]
              (rising edge-triggered flip-flop clocked by clk)
  Endpoint: khu_sensor_top/ads1292_filter/converter_i2f/o_Z_reg[1]
            (rising edge-triggered flip-flop clocked by clk)
  Path Group: clk
  Path Type: min

  Point                                                   Incr       Path
  --------------------------------------------------------------------------
  clock clk (rise edge)                                   0.00       0.00
  clock network delay (ideal)                             0.75       0.75
  khu_sensor_top/ads1292_filter/converter_i2f/z_reg[1]/CK (fds2eqd1_hd)
                                                          0.00 #     0.75 r
  khu_sensor_top/ads1292_filter/converter_i2f/z_reg[1]/Q (fds2eqd1_hd)
                                                          0.39       1.14 f
  khu_sensor_top/ads1292_filter/converter_i2f/o_Z_reg[1]/D (fds2eqd1_hd)
                                                          0.00       1.14 f
  data arrival time                                                  1.14

  clock clk (rise edge)                                   0.00       0.00
  clock network delay (ideal)                             0.75       0.75
  khu_sensor_top/ads1292_filter/converter_i2f/o_Z_reg[1]/CK (fds2eqd1_hd)
                                                          0.00       0.75 r
  library hold time                                       0.01       0.76
  data required time                                                 0.76
  --------------------------------------------------------------------------
  data required time                                                 0.76
  data arrival time                                                 -1.14
  --------------------------------------------------------------------------
  slack (MET)                                                        0.38


  Startpoint: khu_sensor_top/ads1292_filter/converter_i2f/z_reg[2]
              (rising edge-triggered flip-flop clocked by clk)
  Endpoint: khu_sensor_top/ads1292_filter/converter_i2f/o_Z_reg[2]
            (rising edge-triggered flip-flop clocked by clk)
  Path Group: clk
  Path Type: min

  Point                                                   Incr       Path
  --------------------------------------------------------------------------
  clock clk (rise edge)                                   0.00       0.00
  clock network delay (ideal)                             0.75       0.75
  khu_sensor_top/ads1292_filter/converter_i2f/z_reg[2]/CK (fds2eqd1_hd)
                                                          0.00 #     0.75 r
  khu_sensor_top/ads1292_filter/converter_i2f/z_reg[2]/Q (fds2eqd1_hd)
                                                          0.39       1.14 f
  khu_sensor_top/ads1292_filter/converter_i2f/o_Z_reg[2]/D (fds2eqd1_hd)
                                                          0.00       1.14 f
  data arrival time                                                  1.14

  clock clk (rise edge)                                   0.00       0.00
  clock network delay (ideal)                             0.75       0.75
  khu_sensor_top/ads1292_filter/converter_i2f/o_Z_reg[2]/CK (fds2eqd1_hd)
                                                          0.00       0.75 r
  library hold time                                       0.01       0.76
  data required time                                                 0.76
  --------------------------------------------------------------------------
  data required time                                                 0.76
  data arrival time                                                 -1.14
  --------------------------------------------------------------------------
  slack (MET)                                                        0.38


  Startpoint: khu_sensor_top/ads1292_filter/converter_i2f/z_reg[3]
              (rising edge-triggered flip-flop clocked by clk)
  Endpoint: khu_sensor_top/ads1292_filter/converter_i2f/o_Z_reg[3]
            (rising edge-triggered flip-flop clocked by clk)
  Path Group: clk
  Path Type: min

  Point                                                   Incr       Path
  --------------------------------------------------------------------------
  clock clk (rise edge)                                   0.00       0.00
  clock network delay (ideal)                             0.75       0.75
  khu_sensor_top/ads1292_filter/converter_i2f/z_reg[3]/CK (fds2eqd1_hd)
                                                          0.00 #     0.75 r
  khu_sensor_top/ads1292_filter/converter_i2f/z_reg[3]/Q (fds2eqd1_hd)
                                                          0.39       1.14 f
  khu_sensor_top/ads1292_filter/converter_i2f/o_Z_reg[3]/D (fds2eqd1_hd)
                                                          0.00       1.14 f
  data arrival time                                                  1.14

  clock clk (rise edge)                                   0.00       0.00
  clock network delay (ideal)                             0.75       0.75
  khu_sensor_top/ads1292_filter/converter_i2f/o_Z_reg[3]/CK (fds2eqd1_hd)
                                                          0.00       0.75 r
  library hold time                                       0.01       0.76
  data required time                                                 0.76
  --------------------------------------------------------------------------
  data required time                                                 0.76
  data arrival time                                                 -1.14
  --------------------------------------------------------------------------
  slack (MET)                                                        0.38


  Startpoint: khu_sensor_top/ads1292_filter/converter_i2f/z_reg[4]
              (rising edge-triggered flip-flop clocked by clk)
  Endpoint: khu_sensor_top/ads1292_filter/converter_i2f/o_Z_reg[4]
            (rising edge-triggered flip-flop clocked by clk)
  Path Group: clk
  Path Type: min

  Point                                                   Incr       Path
  --------------------------------------------------------------------------
  clock clk (rise edge)                                   0.00       0.00
  clock network delay (ideal)                             0.75       0.75
  khu_sensor_top/ads1292_filter/converter_i2f/z_reg[4]/CK (fds2eqd1_hd)
                                                          0.00 #     0.75 r
  khu_sensor_top/ads1292_filter/converter_i2f/z_reg[4]/Q (fds2eqd1_hd)
                                                          0.39       1.14 f
  khu_sensor_top/ads1292_filter/converter_i2f/o_Z_reg[4]/D (fds2eqd1_hd)
                                                          0.00       1.14 f
  data arrival time                                                  1.14

  clock clk (rise edge)                                   0.00       0.00
  clock network delay (ideal)                             0.75       0.75
  khu_sensor_top/ads1292_filter/converter_i2f/o_Z_reg[4]/CK (fds2eqd1_hd)
                                                          0.00       0.75 r
  library hold time                                       0.01       0.76
  data required time                                                 0.76
  --------------------------------------------------------------------------
  data required time                                                 0.76
  data arrival time                                                 -1.14
  --------------------------------------------------------------------------
  slack (MET)                                                        0.38


  Startpoint: khu_sensor_top/ads1292_filter/converter_i2f/z_reg[5]
              (rising edge-triggered flip-flop clocked by clk)
  Endpoint: khu_sensor_top/ads1292_filter/converter_i2f/o_Z_reg[5]
            (rising edge-triggered flip-flop clocked by clk)
  Path Group: clk
  Path Type: min

  Point                                                   Incr       Path
  --------------------------------------------------------------------------
  clock clk (rise edge)                                   0.00       0.00
  clock network delay (ideal)                             0.75       0.75
  khu_sensor_top/ads1292_filter/converter_i2f/z_reg[5]/CK (fds2eqd1_hd)
                                                          0.00 #     0.75 r
  khu_sensor_top/ads1292_filter/converter_i2f/z_reg[5]/Q (fds2eqd1_hd)
                                                          0.39       1.14 f
  khu_sensor_top/ads1292_filter/converter_i2f/o_Z_reg[5]/D (fds2eqd1_hd)
                                                          0.00       1.14 f
  data arrival time                                                  1.14

  clock clk (rise edge)                                   0.00       0.00
  clock network delay (ideal)                             0.75       0.75
  khu_sensor_top/ads1292_filter/converter_i2f/o_Z_reg[5]/CK (fds2eqd1_hd)
                                                          0.00       0.75 r
  library hold time                                       0.01       0.76
  data required time                                                 0.76
  --------------------------------------------------------------------------
  data required time                                                 0.76
  data arrival time                                                 -1.14
  --------------------------------------------------------------------------
  slack (MET)                                                        0.38


  Startpoint: khu_sensor_top/ads1292_filter/converter_i2f/z_reg[6]
              (rising edge-triggered flip-flop clocked by clk)
  Endpoint: khu_sensor_top/ads1292_filter/converter_i2f/o_Z_reg[6]
            (rising edge-triggered flip-flop clocked by clk)
  Path Group: clk
  Path Type: min

  Point                                                   Incr       Path
  --------------------------------------------------------------------------
  clock clk (rise edge)                                   0.00       0.00
  clock network delay (ideal)                             0.75       0.75
  khu_sensor_top/ads1292_filter/converter_i2f/z_reg[6]/CK (fds2eqd1_hd)
                                                          0.00 #     0.75 r
  khu_sensor_top/ads1292_filter/converter_i2f/z_reg[6]/Q (fds2eqd1_hd)
                                                          0.39       1.14 f
  khu_sensor_top/ads1292_filter/converter_i2f/o_Z_reg[6]/D (fds2eqd1_hd)
                                                          0.00       1.14 f
  data arrival time                                                  1.14

  clock clk (rise edge)                                   0.00       0.00
  clock network delay (ideal)                             0.75       0.75
  khu_sensor_top/ads1292_filter/converter_i2f/o_Z_reg[6]/CK (fds2eqd1_hd)
                                                          0.00       0.75 r
  library hold time                                       0.01       0.76
  data required time                                                 0.76
  --------------------------------------------------------------------------
  data required time                                                 0.76
  data arrival time                                                 -1.14
  --------------------------------------------------------------------------
  slack (MET)                                                        0.38


  Startpoint: khu_sensor_top/ads1292_filter/converter_i2f/z_reg[7]
              (rising edge-triggered flip-flop clocked by clk)
  Endpoint: khu_sensor_top/ads1292_filter/converter_i2f/o_Z_reg[7]
            (rising edge-triggered flip-flop clocked by clk)
  Path Group: clk
  Path Type: min

  Point                                                   Incr       Path
  --------------------------------------------------------------------------
  clock clk (rise edge)                                   0.00       0.00
  clock network delay (ideal)                             0.75       0.75
  khu_sensor_top/ads1292_filter/converter_i2f/z_reg[7]/CK (fds2eqd1_hd)
                                                          0.00 #     0.75 r
  khu_sensor_top/ads1292_filter/converter_i2f/z_reg[7]/Q (fds2eqd1_hd)
                                                          0.39       1.14 f
  khu_sensor_top/ads1292_filter/converter_i2f/o_Z_reg[7]/D (fds2eqd1_hd)
                                                          0.00       1.14 f
  data arrival time                                                  1.14

  clock clk (rise edge)                                   0.00       0.00
  clock network delay (ideal)                             0.75       0.75
  khu_sensor_top/ads1292_filter/converter_i2f/o_Z_reg[7]/CK (fds2eqd1_hd)
                                                          0.00       0.75 r
  library hold time                                       0.01       0.76
  data required time                                                 0.76
  --------------------------------------------------------------------------
  data required time                                                 0.76
  data arrival time                                                 -1.14
  --------------------------------------------------------------------------
  slack (MET)                                                        0.38


  Startpoint: khu_sensor_top/uart_controller/uart_rx/r_Rx_Data_R_reg
              (rising edge-triggered flip-flop clocked by clk_half)
  Endpoint: khu_sensor_top/uart_controller/uart_rx/r_Rx_Data_reg
            (rising edge-triggered flip-flop clocked by clk_half)
  Path Group: clk_half
  Path Type: min

  Point                                                   Incr       Path
  --------------------------------------------------------------------------
  clock clk_half (rise edge)                              0.00       0.00
  clock network delay (ideal)                             0.75       0.75
  khu_sensor_top/uart_controller/uart_rx/r_Rx_Data_R_reg/CK (fd3qd1_hd)
                                                          0.00       0.75 r
  khu_sensor_top/uart_controller/uart_rx/r_Rx_Data_R_reg/Q (fd3qd1_hd)
                                                          0.40       1.15 f
  khu_sensor_top/uart_controller/uart_rx/r_Rx_Data_reg/D (fd3qd1_hd)
                                                          0.00       1.15 f
  data arrival time                                                  1.15

  clock clk_half (rise edge)                              0.00       0.00
  clock network delay (ideal)                             0.75       0.75
  khu_sensor_top/uart_controller/uart_rx/r_Rx_Data_reg/CK (fd3qd1_hd)
                                                          0.00       0.75 r
  library hold time                                       0.08       0.83
  data required time                                                 0.83
  --------------------------------------------------------------------------
  data required time                                                 0.83
  data arrival time                                                 -1.15
  --------------------------------------------------------------------------
  slack (MET)                                                        0.32


  Startpoint: khu_sensor_top/uart_controller/uart_rx/r_Rx_Data_R_reg
              (rising edge-triggered flip-flop clocked by clk_half)
  Endpoint: khu_sensor_top/uart_controller/uart_rx/r_Rx_Data_reg
            (rising edge-triggered flip-flop clocked by clk_half)
  Path Group: clk_half
  Path Type: min

  Point                                                   Incr       Path
  --------------------------------------------------------------------------
  clock clk_half (rise edge)                              0.00       0.00
  clock network delay (ideal)                             0.75       0.75
  khu_sensor_top/uart_controller/uart_rx/r_Rx_Data_R_reg/CK (fd3qd1_hd)
                                                          0.00       0.75 r
  khu_sensor_top/uart_controller/uart_rx/r_Rx_Data_R_reg/Q (fd3qd1_hd)
                                                          0.50       1.25 r
  khu_sensor_top/uart_controller/uart_rx/r_Rx_Data_reg/D (fd3qd1_hd)
                                                          0.00       1.25 r
  data arrival time                                                  1.25

  clock clk_half (rise edge)                              0.00       0.00
  clock network delay (ideal)                             0.75       0.75
  khu_sensor_top/uart_controller/uart_rx/r_Rx_Data_reg/CK (fd3qd1_hd)
                                                          0.00       0.75 r
  library hold time                                       0.01       0.76
  data required time                                                 0.76
  --------------------------------------------------------------------------
  data required time                                                 0.76
  data arrival time                                                 -1.25
  --------------------------------------------------------------------------
  slack (MET)                                                        0.49


  Startpoint: khu_sensor_top/uart_controller/r_uart_data_tx_shift_reg[44]
              (rising edge-triggered flip-flop clocked by clk_half)
  Endpoint: khu_sensor_top/uart_controller/r_uart_data_tx_shift_reg[52]
            (rising edge-triggered flip-flop clocked by clk_half)
  Path Group: clk_half
  Path Type: min

  Point                                                   Incr       Path
  --------------------------------------------------------------------------
  clock clk_half (rise edge)                              0.00       0.00
  clock network delay (ideal)                             0.75       0.75
  khu_sensor_top/uart_controller/r_uart_data_tx_shift_reg[44]/CK (fd4qd1_hd)
                                                          0.00       0.75 r
  khu_sensor_top/uart_controller/r_uart_data_tx_shift_reg[44]/Q (fd4qd1_hd)
                                                          0.42       1.17 f
  khu_sensor_top/uart_controller/U21/Y (clknd2d1_hd)      0.08       1.26 r
  khu_sensor_top/uart_controller/U53/Y (scg14d1_hd)       0.07       1.33 f
  khu_sensor_top/uart_controller/r_uart_data_tx_shift_reg[52]/D (fd4qd1_hd)
                                                          0.00       1.33 f
  data arrival time                                                  1.33

  clock clk_half (rise edge)                              0.00       0.00
  clock network delay (ideal)                             0.75       0.75
  khu_sensor_top/uart_controller/r_uart_data_tx_shift_reg[52]/CK (fd4qd1_hd)
                                                          0.00       0.75 r
  library hold time                                       0.08       0.83
  data required time                                                 0.83
  --------------------------------------------------------------------------
  data required time                                                 0.83
  data arrival time                                                 -1.33
  --------------------------------------------------------------------------
  slack (MET)                                                        0.49


  Startpoint: khu_sensor_top/uart_controller/r_lstate_reg[1]
              (rising edge-triggered flip-flop clocked by clk_half)
  Endpoint: khu_sensor_top/uart_controller/r_lstate_reg[1]
            (rising edge-triggered flip-flop clocked by clk_half)
  Path Group: clk_half
  Path Type: min

  Point                                                   Incr       Path
  --------------------------------------------------------------------------
  clock clk_half (rise edge)                              0.00       0.00
  clock network delay (ideal)                             0.75       0.75
  khu_sensor_top/uart_controller/r_lstate_reg[1]/CK (fd4qd1_hd)
                                                          0.00       0.75 r
  khu_sensor_top/uart_controller/r_lstate_reg[1]/Q (fd4qd1_hd)
                                                          0.43       1.18 f
  khu_sensor_top/uart_controller/U3/Y (nd2bd1_hd)         0.15       1.33 f
  khu_sensor_top/uart_controller/r_lstate_reg[1]/D (fd4qd1_hd)
                                                          0.00       1.33 f
  data arrival time                                                  1.33

  clock clk_half (rise edge)                              0.00       0.00
  clock network delay (ideal)                             0.75       0.75
  khu_sensor_top/uart_controller/r_lstate_reg[1]/CK (fd4qd1_hd)
                                                          0.00       0.75 r
  library hold time                                       0.08       0.83
  data required time                                                 0.83
  --------------------------------------------------------------------------
  data required time                                                 0.83
  data arrival time                                                 -1.33
  --------------------------------------------------------------------------
  slack (MET)                                                        0.50


  Startpoint: khu_sensor_top/sensor_core/o_UART_DATA_TX_reg[53]
              (rising edge-triggered flip-flop clocked by clk_half)
  Endpoint: khu_sensor_top/sensor_core/o_UART_DATA_TX_reg[53]
            (rising edge-triggered flip-flop clocked by clk_half)
  Path Group: clk_half
  Path Type: min

  Point                                                   Incr       Path
  --------------------------------------------------------------------------
  clock clk_half (rise edge)                              0.00       0.00
  clock network delay (ideal)                             0.75       0.75
  khu_sensor_top/sensor_core/o_UART_DATA_TX_reg[53]/CK (fd4qd1_hd)
                                                          0.00       0.75 r
  khu_sensor_top/sensor_core/o_UART_DATA_TX_reg[53]/Q (fd4qd1_hd)
                                                          0.43       1.18 f
  khu_sensor_top/sensor_core/U4/Y (nd2bd1_hd)             0.15       1.34 f
  khu_sensor_top/sensor_core/o_UART_DATA_TX_reg[53]/D (fd4qd1_hd)
                                                          0.00       1.34 f
  data arrival time                                                  1.34

  clock clk_half (rise edge)                              0.00       0.00
  clock network delay (ideal)                             0.75       0.75
  khu_sensor_top/sensor_core/o_UART_DATA_TX_reg[53]/CK (fd4qd1_hd)
                                                          0.00       0.75 r
  library hold time                                       0.08       0.83
  data required time                                                 0.83
  --------------------------------------------------------------------------
  data required time                                                 0.83
  data arrival time                                                 -1.34
  --------------------------------------------------------------------------
  slack (MET)                                                        0.50


  Startpoint: khu_sensor_top/uart_controller/r_uart_data_tx_shift_reg[12]
              (rising edge-triggered flip-flop clocked by clk_half)
  Endpoint: khu_sensor_top/uart_controller/r_uart_data_tx_shift_reg[20]
            (rising edge-triggered flip-flop clocked by clk_half)
  Path Group: clk_half
  Path Type: min

  Point                                                   Incr       Path
  --------------------------------------------------------------------------
  clock clk_half (rise edge)                              0.00       0.00
  clock network delay (ideal)                             0.75       0.75
  khu_sensor_top/uart_controller/r_uart_data_tx_shift_reg[12]/CK (fd4qd1_hd)
                                                          0.00       0.75 r
  khu_sensor_top/uart_controller/r_uart_data_tx_shift_reg[12]/Q (fd4qd1_hd)
                                                          0.42       1.17 f
  khu_sensor_top/uart_controller/U89/Y (clknd2d1_hd)      0.07       1.25 r
  khu_sensor_top/uart_controller/U87/Y (clknd2d1_hd)      0.08       1.33 f
  khu_sensor_top/uart_controller/r_uart_data_tx_shift_reg[20]/D (fd4qd1_hd)
                                                          0.00       1.33 f
  data arrival time                                                  1.33

  clock clk_half (rise edge)                              0.00       0.00
  clock network delay (ideal)                             0.75       0.75
  khu_sensor_top/uart_controller/r_uart_data_tx_shift_reg[20]/CK (fd4qd1_hd)
                                                          0.00       0.75 r
  library hold time                                       0.08       0.83
  data required time                                                 0.83
  --------------------------------------------------------------------------
  data required time                                                 0.83
  data arrival time                                                 -1.33
  --------------------------------------------------------------------------
  slack (MET)                                                        0.51


  Startpoint: khu_sensor_top/uart_controller/r_uart_data_tx_shift_reg[13]
              (rising edge-triggered flip-flop clocked by clk_half)
  Endpoint: khu_sensor_top/uart_controller/r_uart_data_tx_shift_reg[21]
            (rising edge-triggered flip-flop clocked by clk_half)
  Path Group: clk_half
  Path Type: min

  Point                                                   Incr       Path
  --------------------------------------------------------------------------
  clock clk_half (rise edge)                              0.00       0.00
  clock network delay (ideal)                             0.75       0.75
  khu_sensor_top/uart_controller/r_uart_data_tx_shift_reg[13]/CK (fd4qd1_hd)
                                                          0.00       0.75 r
  khu_sensor_top/uart_controller/r_uart_data_tx_shift_reg[13]/Q (fd4qd1_hd)
                                                          0.42       1.17 f
  khu_sensor_top/uart_controller/U100/Y (clknd2d1_hd)     0.07       1.25 r
  khu_sensor_top/uart_controller/U90/Y (clknd2d1_hd)      0.08       1.33 f
  khu_sensor_top/uart_controller/r_uart_data_tx_shift_reg[21]/D (fd4qd1_hd)
                                                          0.00       1.33 f
  data arrival time                                                  1.33

  clock clk_half (rise edge)                              0.00       0.00
  clock network delay (ideal)                             0.75       0.75
  khu_sensor_top/uart_controller/r_uart_data_tx_shift_reg[21]/CK (fd4qd1_hd)
                                                          0.00       0.75 r
  library hold time                                       0.08       0.83
  data required time                                                 0.83
  --------------------------------------------------------------------------
  data required time                                                 0.83
  data arrival time                                                 -1.33
  --------------------------------------------------------------------------
  slack (MET)                                                        0.51


  Startpoint: khu_sensor_top/uart_controller/r_uart_data_tx_shift_reg[15]
              (rising edge-triggered flip-flop clocked by clk_half)
  Endpoint: khu_sensor_top/uart_controller/r_uart_data_tx_shift_reg[23]
            (rising edge-triggered flip-flop clocked by clk_half)
  Path Group: clk_half
  Path Type: min

  Point                                                   Incr       Path
  --------------------------------------------------------------------------
  clock clk_half (rise edge)                              0.00       0.00
  clock network delay (ideal)                             0.75       0.75
  khu_sensor_top/uart_controller/r_uart_data_tx_shift_reg[15]/CK (fd4qd1_hd)
                                                          0.00       0.75 r
  khu_sensor_top/uart_controller/r_uart_data_tx_shift_reg[15]/Q (fd4qd1_hd)
                                                          0.42       1.17 f
  khu_sensor_top/uart_controller/U256/Y (clknd2d1_hd)     0.07       1.25 r
  khu_sensor_top/uart_controller/U254/Y (clknd2d1_hd)     0.08       1.33 f
  khu_sensor_top/uart_controller/r_uart_data_tx_shift_reg[23]/D (fd4qd1_hd)
                                                          0.00       1.33 f
  data arrival time                                                  1.33

  clock clk_half (rise edge)                              0.00       0.00
  clock network delay (ideal)                             0.75       0.75
  khu_sensor_top/uart_controller/r_uart_data_tx_shift_reg[23]/CK (fd4qd1_hd)
                                                          0.00       0.75 r
  library hold time                                       0.08       0.83
  data required time                                                 0.83
  --------------------------------------------------------------------------
  data required time                                                 0.83
  data arrival time                                                 -1.33
  --------------------------------------------------------------------------
  slack (MET)                                                        0.51


  Startpoint: khu_sensor_top/uart_controller/r_uart_data_tx_shift_reg[20]
              (rising edge-triggered flip-flop clocked by clk_half)
  Endpoint: khu_sensor_top/uart_controller/r_uart_data_tx_shift_reg[20]
            (rising edge-triggered flip-flop clocked by clk_half)
  Path Group: clk_half
  Path Type: min

  Point                                                   Incr       Path
  --------------------------------------------------------------------------
  clock clk_half (rise edge)                              0.00       0.00
  clock network delay (ideal)                             0.75       0.75
  khu_sensor_top/uart_controller/r_uart_data_tx_shift_reg[20]/CK (fd4qd1_hd)
                                                          0.00       0.75 r
  khu_sensor_top/uart_controller/r_uart_data_tx_shift_reg[20]/Q (fd4qd1_hd)
                                                          0.42       1.17 f
  khu_sensor_top/uart_controller/U88/Y (clknd2d1_hd)      0.08       1.25 r
  khu_sensor_top/uart_controller/U87/Y (clknd2d1_hd)      0.08       1.34 f
  khu_sensor_top/uart_controller/r_uart_data_tx_shift_reg[20]/D (fd4qd1_hd)
                                                          0.00       1.34 f
  data arrival time                                                  1.34

  clock clk_half (rise edge)                              0.00       0.00
  clock network delay (ideal)                             0.75       0.75
  khu_sensor_top/uart_controller/r_uart_data_tx_shift_reg[20]/CK (fd4qd1_hd)
                                                          0.00       0.75 r
  library hold time                                       0.08       0.83
  data required time                                                 0.83
  --------------------------------------------------------------------------
  data required time                                                 0.83
  data arrival time                                                 -1.34
  --------------------------------------------------------------------------
  slack (MET)                                                        0.51


  Startpoint: khu_sensor_top/uart_controller/r_uart_data_tx_shift_reg[23]
              (rising edge-triggered flip-flop clocked by clk_half)
  Endpoint: khu_sensor_top/uart_controller/r_uart_data_tx_shift_reg[23]
            (rising edge-triggered flip-flop clocked by clk_half)
  Path Group: clk_half
  Path Type: min

  Point                                                   Incr       Path
  --------------------------------------------------------------------------
  clock clk_half (rise edge)                              0.00       0.00
  clock network delay (ideal)                             0.75       0.75
  khu_sensor_top/uart_controller/r_uart_data_tx_shift_reg[23]/CK (fd4qd1_hd)
                                                          0.00       0.75 r
  khu_sensor_top/uart_controller/r_uart_data_tx_shift_reg[23]/Q (fd4qd1_hd)
                                                          0.42       1.17 f
  khu_sensor_top/uart_controller/U255/Y (clknd2d1_hd)     0.08       1.25 r
  khu_sensor_top/uart_controller/U254/Y (clknd2d1_hd)     0.08       1.34 f
  khu_sensor_top/uart_controller/r_uart_data_tx_shift_reg[23]/D (fd4qd1_hd)
                                                          0.00       1.34 f
  data arrival time                                                  1.34

  clock clk_half (rise edge)                              0.00       0.00
  clock network delay (ideal)                             0.75       0.75
  khu_sensor_top/uart_controller/r_uart_data_tx_shift_reg[23]/CK (fd4qd1_hd)
                                                          0.00       0.75 r
  library hold time                                       0.08       0.83
  data required time                                                 0.83
  --------------------------------------------------------------------------
  data required time                                                 0.83
  data arrival time                                                 -1.34
  --------------------------------------------------------------------------
  slack (MET)                                                        0.51


1
