 
****************************************
Report : design
Design : khu_sensor_pad
Version: F-2011.09-SP5-3
Date   : Tue Oct  6 17:56:17 2020
****************************************

Design allows ideal nets on clock nets.

Library(s) Used:

    std150e_wst_105_p125 (File: /Tools/Library/samsung013/sec050915_0050_STD150E_regular_DK_Synopsys_N/sec150e_synopsys/syn/STD150E/std150e_wst_105_p125.db)

Local Link Library:

    {std150e_wst_105_p125.db, std150e_bst_135_n040.db}

Flip-Flop Types:

    No flip-flop types specified.

Latch Types:

    No latch types specified.

Operating Conditions:


    Operating Condition Name : V105WTP1250
    Library : std150e_wst_105_p125
    Process :   1.00
    Temperature : 125.00
    Voltage :  1.050
    Interconnect Model : worst_case_tree

Wire Loading Model:

    No wire loading specified.


Wire Loading Model Mode: enclosed.

Timing Ranges:

    No timing ranges specified.

Pin Input Delays:

    None specified.

Pin Output Delays:

    None specified.

Disabled Timing Arcs:

    Object         Name                From Pin       To Pin
    ----------------------------------------------------------
    Cell           async_rstn_glitch_synchronizer/async_rstn_synchronizer
    Cell           khu_sensor_top/async_rstn_glitch_synchronizer
    Cell           khu_sensor_top/async_rstn_glitch_synchronizer/async_rstn_synchronizer
    Cell           khu_sensor_top/uart_controller/async_rst_synchronizer
    Cell           khu_sensor_top/uart_controller/async_rstn_synchronizer
    Cell           khu_sensor_top/sensor_core/async_rst_synchronizer
    Cell           khu_sensor_top/mpr121_controller/async_rstn_synchronizer
    Cell           khu_sensor_top/ads1292_filter/async_rstn_synchronizer
    Cell           khu_sensor_top/ads1292_filter/async_rst_synchronizer
    Cell           khu_sensor_top/ads1292_controller/async_rstn_synchronizer
    Cell           khu_sensor_top/uart_controller/uart_tx/async_rst_synchronizer
    Cell           khu_sensor_top/uart_controller/uart_rx/async_rst_synchronizer
    Cell           khu_sensor_top/mpr121_controller/i2c_master/async_rstn_synchronizer
    Cell           khu_sensor_top/ads1292_filter/iir_lpf/async_rstn_synchronizer
    Cell           khu_sensor_top/ads1292_filter/iir_lpf/async_rst_synchronizer
    Cell           khu_sensor_top/ads1292_filter/iir_notch/async_rstn_synchronizer
    Cell           khu_sensor_top/ads1292_filter/iir_notch/async_rst_synchronizer
    Cell           khu_sensor_top/ads1292_filter/iir_hpf/async_rstn_synchronizer
    Cell           khu_sensor_top/ads1292_filter/iir_hpf/async_rst_synchronizer
    Cell           khu_sensor_top/ads1292_controller/spi_master/async_rstn_synchronizer

Required Licenses:

    None Required

Design Parameters:

    None specified.
1
