Information: Propagating switching activity (low effort zero delay simulation). (PWR-6)
Warning: Design has unannotated primary inputs. (PWR-414)
Warning: Design has unannotated sequential cell outputs. (PWR-415)
Warning: Design has unannotated black box outputs. (PWR-428)
 
****************************************
Report : power
        -analysis_effort low
Design : khu_sensor_pad
Version: L-2016.03-SP5-5
Date   : Sat Nov 14 04:39:43 2020
****************************************


Library(s) Used:

    std150e_wst_105_p125 (File: /Tools/Library/samsung013/sec050915_0050_STD150E_regular_DK_Synopsys_N/sec150e_synopsys/syn/STD150E/std150e_wst_105_p125.db)


Operating Conditions: V105WTP1250   Library: std150e_wst_105_p125
Wire Load Model Mode: enclosed

Design        Wire Load Model            Library
------------------------------------------------
async_rstn_glitch_synchronizer
                       l13_e_5000_4lm    std150e_wst_105_p125
async_rstn_synchronizer
                       l13_e_5000_4lm    std150e_wst_105_p125
async_rst_synchronizer l13_e_5000_4lm    std150e_wst_105_p125


Global Operating Voltage = 1.05 
Power-specific unit information :
    Voltage Units = 1V
    Capacitance Units = 1.000000pf
    Time Units = 1ns
    Dynamic Power Units = 1mW    (derived from V,C,T units)
    Leakage Power Units = 1mW


  Cell Internal Power  =   7.3101 mW    (7%)
  Net Switching Power  =  91.9714 mW   (93%)
                         ---------
Total Dynamic Power    =  99.2815 mW  (100%)

Cell Leakage Power     = 105.0635 uW


                 Internal         Switching           Leakage            Total
Power Group      Power            Power               Power              Power   (   %    )  Attrs
--------------------------------------------------------------------------------------------------
io_pad             2.8101           91.9671        9.0463e-04           94.7782  (  95.36%)
memory             0.0000            0.0000            0.0000            0.0000  (   0.00%)
black_box          0.0000            0.0000            0.0000            0.0000  (   0.00%)
clock_network      0.0000            0.0000            0.0000            0.0000  (   0.00%)
register           4.4922        1.6796e-03        3.8636e-02            4.5325  (   4.56%)
sequential         0.0000            0.0000            0.0000            0.0000  (   0.00%)
combinational  7.7246e-03        2.5723e-03        6.5523e-02        7.5820e-02  (   0.08%)
--------------------------------------------------------------------------------------------------
Total              7.3100 mW        91.9714 mW         0.1051 mW        99.3865 mW
1
