 
****************************************
Report : area
Design : khu_sensor_pad
Version: F-2011.09-SP5-3
Date   : Tue Sep  8 19:13:06 2020
****************************************

Library(s) Used:

    std150e_wst_105_p125 (File: /Tools/Library/samsung013/sec050915_0050_STD150E_regular_DK_Synopsys_N/sec150e_synopsys/syn/STD150E/std150e_wst_105_p125.db)

Number of ports:                           13
Number of nets:                            32
Number of cells:                           47
Number of combinational cells:             45
Number of sequential cells:                 0
Number of macros:                           0
Number of buf/inv:                          1
Number of references:                      13

Combinational area:       52161.682028
Buf/Inv area:             2014.008739
Noncombinational area:    38107.331623
Net Interconnect area:      undefined  (No wire load specified)

Total cell area:          90269.013651
Total area:                 undefined
1
