 
****************************************
Report : qor
Design : khu_sensor_pad
Version: F-2011.09-SP5-3
Date   : Thu Sep  3 02:27:47 2020
****************************************


  Timing Path Group 'REGIN'
  -----------------------------------
  Levels of Logic:               5.00
  Critical Path Length:          2.07
  Critical Path Slack:           1.90
  Critical Path Clk Period:      4.80
  Total Negative Slack:          0.00
  No. of Violating Paths:        0.00
  Worst Hold Violation:          0.00
  Total Hold Violation:          0.00
  No. of Hold Violations:        0.00
  -----------------------------------

  Timing Path Group 'REGOUT'
  -----------------------------------
  Levels of Logic:               2.00
  Critical Path Length:          3.68
  Critical Path Slack:           0.14
  Critical Path Clk Period:      4.80
  Total Negative Slack:          0.00
  No. of Violating Paths:        0.00
  Worst Hold Violation:          0.00
  Total Hold Violation:          0.00
  No. of Hold Violations:        0.00
  -----------------------------------

  Timing Path Group 'clk'
  -----------------------------------
  Levels of Logic:              19.00
  Critical Path Length:          4.32
  Critical Path Slack:           0.00
  Critical Path Clk Period:      4.80
  Total Negative Slack:          0.00
  No. of Violating Paths:        0.00
  Worst Hold Violation:          0.00
  Total Hold Violation:          0.00
  No. of Hold Violations:        0.00
  -----------------------------------

  Timing Path Group 'clk_half'
  -----------------------------------
  Levels of Logic:               6.00
  Critical Path Length:          2.05
  Critical Path Slack:           1.76
  Critical Path Clk Period:      9.60
  Total Negative Slack:          0.00
  No. of Violating Paths:        0.00
  Worst Hold Violation:          0.00
  Total Hold Violation:          0.00
  No. of Hold Violations:        0.00
  -----------------------------------


  Cell Count
  -----------------------------------
  Hierarchical Cell Count:        110
  Hierarchical Port Count:       4689
  Leaf Cell Count:              30280
  Buf/Inv Cell Count:            4436
  CT Buf/Inv Cell Count:            0
  Combinational Cell Count:     24900
  Sequential Cell Count:         5380
  Macro Count:                      0
  -----------------------------------


  Area
  -----------------------------------
  Combinational Area:    62217.353060
  Noncombinational Area: 37501.325663
  Buf/Inv Area:           4276.010674
  Net Area:                  0.000000
  -----------------------------------
  Cell Area:             99718.678723
  Design Area:           99718.678723


  Design Rules
  -----------------------------------
  Total Number of Nets:         32788
  Nets With Violations:             0
  Max Trans Violations:             0
  Max Cap Violations:               0
  -----------------------------------


  Hostname: vlsi-dist.khu.ac.kr

  Compile CPU Statistics
  -----------------------------------------
  Resource Sharing:                   21.05
  Logic Optimization:                 25.10
  Mapping Optimization:              459.92
  -----------------------------------------
  Overall Compile Time:              561.35
  Overall Compile Wall Clock Time:   562.58

1
