 
****************************************
Report : area
Design : khu_sensor_pad
Version: F-2011.09-SP5-3
Date   : Thu Sep  3 02:27:41 2020
****************************************

Library(s) Used:

    std150e_wst_105_p125 (File: /Tools/Library/samsung013/sec050915_0050_STD150E_regular_DK_Synopsys_N/sec150e_synopsys/syn/STD150E/std150e_wst_105_p125.db)

Number of ports:                           13
Number of nets:                            34
Number of cells:                          210
Number of combinational cells:            208
Number of sequential cells:                 0
Number of macros:                           0
Number of buf/inv:                          1
Number of references:                      12

Combinational area:       62217.353060
Buf/Inv area:             4276.010674
Noncombinational area:    37501.325663
Net Interconnect area:      undefined  (No wire load specified)

Total cell area:          99718.678723
Total area:                 undefined
1
