 
****************************************
Report : timing
        -path full_clock
        -delay min
        -physical
        -derate
        -input_pins
        -nets
        -max_paths 1
        -transition_time
        -crosstalk_delta
        -capacitance
Design : khu_sensor_pad
Version: N-2017.09
Date   : Fri Aug 28 07:38:33 2020
****************************************

 * Some/all delay information is back-annotated.

Operating Conditions: V135BTN0400   Library: std150e_bst_135_n040
	Parasitic source    : LPE
	Parasitic mode      : RealRC
	Extraction mode     : MIN_MAX
	Extraction derating : -40/25/125

Information: Percent of Arnoldi-based delays = 17.95%

  Startpoint: khu_sensor_top/ads1292_filter/o_ADS1292_FILTERED_DATA_reg_16_
              (rising edge-triggered flip-flop clocked by clk_pad)
  Endpoint: khu_sensor_top/sensor_core/r_ads_ch2_data_out_reg_16_
            (rising edge-triggered flip-flop clocked by clk_half)
  Path Group: clk_half
  Path Type: min

Attributes:
    d - dont_touch
    u - dont_use
   mo - map_only
   so - size_only
    i - ideal_net or ideal_network

  Point                                       Fanout       Cap     DTran     Trans     Delta     Derate      Incr       Path      Location / Load        Attributes
  -----------------------------------------------------------------------------------------------------------------------------------------------------------------
  clock clk_pad (rise edge)                                                                               20.0000    20.0000
  clock network delay (ideal)                                                                              0.0000    20.0000
  khu_sensor_top/ads1292_filter/o_ADS1292_FILTERED_DATA_reg_16_/CK (fd4qd1_hd)
                                                                  0.0000    0.9000    0.0000     0.9250    0.0000    20.0000 r    (3154.16,2342.84)      d 
  khu_sensor_top/ads1292_filter/o_ADS1292_FILTERED_DATA_reg_16_/Q (fd4qd1_hd)
                                                                            0.1133               0.9250    0.1992    20.1992 r    (3164.20,2342.50)      d 
  khu_sensor_top/ads1292_filter/o_ADS1292_FILTERED_DATA[16] (net)
                                                2       0.0110                                   0.9250    0.0000    20.1992 r    [0.01,0.01]
  khu_sensor_top/ads1292_filter/o_ADS1292_FILTERED_DATA[16] (ads1292_filter)                     0.9250    0.0000    20.1992 r    (netlink)
  khu_sensor_top/w_ads1292_filtered_data[16] (net)      0.0110                                   0.9250    0.0000    20.1992 r    [0.01,0.01]
  khu_sensor_top/sensor_core/i_ADS1292_FILTERED_DATA_OUT[16] (sensor_core)                       0.9250    0.0000    20.1992 r    (netlink)
  khu_sensor_top/sensor_core/i_ADS1292_FILTERED_DATA_OUT[16] (net)
                                                        0.0110                                   0.9250    0.0000    20.1992 r    [0.01,0.01]
  khu_sensor_top/sensor_core/U117/A (ad2d1_hd)                    0.0000    0.1133   -0.0023     0.9250   -0.0024 &  20.1968 r    (3176.97,2328.05)
  khu_sensor_top/sensor_core/U117/Y (ad2d1_hd)                              0.3175               0.9250    0.1723    20.3691 r    (3178.52,2328.28)
  khu_sensor_top/sensor_core/N974 (net)         1       0.0353                                   0.9250    0.0000    20.3691 r    [0.03,0.04]
  khu_sensor_top/sensor_core/U1331/D1 (mx2d1_hd)                  0.0000    0.3175   -0.0807     0.9250   -0.0860 &  20.2831 r    (3185.32,2130.06)
  khu_sensor_top/sensor_core/U1331/Y (mx2d1_hd)                             0.0762               0.9250    0.0932    20.3763 r    (3184.47,2130.11)
  khu_sensor_top/sensor_core/n335 (net)         1       0.0064                                   0.9250    0.0000    20.3763 r    [0.00,0.01]
  khu_sensor_top/sensor_core/icc_place144/A (nid8_hd)             0.0000    0.0762    0.0000     0.9250    0.0000 &  20.3763 r    (3183.92,2130.04)
  khu_sensor_top/sensor_core/icc_place144/Y (nid8_hd)                       0.0233               0.9250    0.0366    20.4129 r    (3181.68,2130.03)
  khu_sensor_top/sensor_core/n757 (net)         1       0.0044                                   0.9250    0.0000    20.4129 r    [0.00,0.00]
  khu_sensor_top/sensor_core/r_ads_ch2_data_out_reg_16_/D (fd2qd2_hd)
                                                                  0.0000    0.0233    0.0000     0.9250    0.0000 &  20.4129 r    (3177.38,2123.24)      d 
  data arrival time                                                                                                  20.4129

  clock clk_half (rise edge)                                                                              20.0000    20.0000
  clock network delay (ideal)                                                                              0.6600    20.6600
  clock reconvergence pessimism                                                                            0.0000    20.6600
  clock uncertainty                                                                                        0.2400    20.9000
  khu_sensor_top/sensor_core/r_ads_ch2_data_out_reg_16_/CK (fd2qd2_hd)                                     0.0000    20.9000 r
  library hold time                                                                                        0.0100    20.9100
  data required time                                                                                                 20.9100
  -----------------------------------------------------------------------------------------------------------------------------------------------------------------
  data required time                                                                                                 20.9100
  data arrival time                                                                                                 -20.4129
  -----------------------------------------------------------------------------------------------------------------------------------------------------------------
  slack (VIOLATED)                                                                                                   -0.4971


  Startpoint: khu_sensor_top/ads1292_controller/async_rstn_synchronizer/o_RSTN_reg
              (rising edge-triggered flip-flop clocked by clk_pad)
  Endpoint: khu_sensor_top/ads1292_controller/o_SPI_CSN_reg
            (rising-edge removal check against clock clk_pad)
  Path Group: clk_pad
  Path Type: min

Attributes:
    d - dont_touch
    u - dont_use
   mo - map_only
   so - size_only
    i - ideal_net or ideal_network

  Point                                       Fanout       Cap     DTran     Trans     Delta     Derate      Incr       Path      Location / Load        Attributes
  -----------------------------------------------------------------------------------------------------------------------------------------------------------------
  clock clk_pad (rise edge)                                                                                0.0000     0.0000
  clock network delay (ideal)                                                                              0.0000     0.0000
  khu_sensor_top/ads1292_controller/async_rstn_synchronizer/o_RSTN_reg/CK (fd2qd1_hd)
                                                                  0.0000    0.9000    0.0000     0.9250    0.0000     0.0000 r    (3118.99,2638.12)      d 
  khu_sensor_top/ads1292_controller/async_rstn_synchronizer/o_RSTN_reg/Q (fd2qd1_hd)
                                                                            0.0825               0.9250    0.1843     0.1843 r    (3128.12,2637.62)      d 
  khu_sensor_top/ads1292_controller/async_rstn_synchronizer/n2 (net)
                                                1       0.0071                                   0.9250    0.0000     0.1843 r    [0.00,0.01]
  khu_sensor_top/ads1292_controller/async_rstn_synchronizer/icc_place1/A (nid3_hd)
                                                                  0.0000    0.0825    0.0000     0.9250    0.0000 &   0.1844 r    (3145.18,2655.95)
  khu_sensor_top/ads1292_controller/async_rstn_synchronizer/icc_place1/Y (nid3_hd)
                                                                            0.3652               0.9250    0.1740 @   0.3584 r    (3146.14,2655.77)
  khu_sensor_top/ads1292_controller/async_rstn_synchronizer/o_RSTN (net)
                                               18       0.1242                                   0.9250    0.0000     0.3584 r    [0.09,0.12]
  khu_sensor_top/ads1292_controller/async_rstn_synchronizer/o_RSTN (async_rstn_synchronizer_1)   0.9250    0.0000     0.3584 r    (netlink)
  khu_sensor_top/ads1292_controller/w_rstn (net)        0.1242                                   0.9250    0.0000     0.3584 r    [0.09,0.12]
  khu_sensor_top/ads1292_controller/o_SPI_CSN_reg/SN (fd3qd1_hd)
                                                                  0.0000    0.3655   -0.0014     0.9250    0.0025 @   0.3609 r    (3235.66,2738.42)      d 
  data arrival time                                                                                                   0.3609

  clock clk_pad (rise edge)                                                                                0.0000     0.0000
  clock network delay (ideal)                                                                              0.0000     0.0000
  clock reconvergence pessimism                                                                            0.0000     0.0000
  clock uncertainty                                                                                        0.2400     0.2400
  khu_sensor_top/ads1292_controller/o_SPI_CSN_reg/CK (fd3qd1_hd)                                           0.0000     0.2400 r
  library removal time                                                                                     0.1350     0.3750
  data required time                                                                                                  0.3750
  -----------------------------------------------------------------------------------------------------------------------------------------------------------------
  data required time                                                                                                  0.3750
  data arrival time                                                                                                  -0.3609
  -----------------------------------------------------------------------------------------------------------------------------------------------------------------
  slack (VIOLATED)                                                                                                   -0.0141


1
