 
****************************************
Report : timing
        -path full_clock
        -delay max
        -physical
        -derate
        -input_pins
        -nets
        -max_paths 1
        -transition_time
        -crosstalk_delta
        -capacitance
Design : khu_sensor_pad
Version: N-2017.09
Date   : Fri Aug 28 07:38:33 2020
****************************************

 * Some/all delay information is back-annotated.

Operating Conditions: V105WTP1250   Library: std150e_wst_105_p125
	Parasitic source    : LPE
	Parasitic mode      : RealRC
	Extraction mode     : MIN_MAX
	Extraction derating : -40/25/125

Information: Percent of Arnoldi-based delays = 17.95%

  Startpoint: i_CLK (clock source 'clk')
  Endpoint: CLK_OUT (output port clocked by clk)
  Path Group: clk
  Path Type: max

Attributes:
    d - dont_touch
    u - dont_use
   mo - map_only
   so - size_only
    i - ideal_net or ideal_network

  Point                        Fanout       Cap     DTran     Trans     Delta     Derate      Incr       Path      Location / Load        Attributes
  --------------------------------------------------------------------------------------------------------------------------------------------------
  clock clk (fall edge)                                                                     5.0000     5.0000
  i_CLK (in)                                                 1.2000               1.1440    0.0000 @   5.0000 f    (13.40,1862.00)
  i_CLK (net)                    3       1.0288                                   1.1440    0.0000     5.0000 f    [0.97,1.03]            d 
  pad29/PADA (phsoscm3_p)                          0.0000    0.0001    0.0000     1.1440    0.0000 @   5.0000 f    (58.40,1890.00)        d u 
  pad29/PADY (phsoscm3_p)                                    0.4601               1.1440    0.6846     5.6847 r    (58.40,1830.00)        d u 
  CLK_OUT (net)                  1       0.0104                                   1.1440    0.0000     5.6847 r    [0.00,0.01]
  CLK_OUT (out)                                    0.0000    0.4601    0.0000     1.1440    0.0000     5.6847 r    (13.40,1802.00)
  data arrival time                                                                                    5.6847

  clock clk (rise edge)                                                                    10.0000    10.0000
  clock network delay (ideal)                                                               0.0000    10.0000
  clock reconvergence pessimism                                                             0.0000    10.0000
  clock uncertainty                                                                        -0.5000     9.5000
  output external delay                                                                    -1.0000     8.5000
  data required time                                                                                   8.5000
  --------------------------------------------------------------------------------------------------------------------------------------------------
  data required time                                                                                   8.5000
  data arrival time                                                                                   -5.6847
  --------------------------------------------------------------------------------------------------------------------------------------------------
  slack (MET)                                                                                          2.8153


  Startpoint: khu_sensor_top/ads1292_filter/o_ADS1292_FILTERED_DATA_VALID_reg
              (rising edge-triggered flip-flop clocked by clk_pad)
  Endpoint: khu_sensor_top/sensor_core/r_ads_ch2_data_out_reg_9_
            (rising edge-triggered flip-flop clocked by clk_half)
  Path Group: clk_half
  Path Type: max

Attributes:
    d - dont_touch
    u - dont_use
   mo - map_only
   so - size_only
    i - ideal_net or ideal_network

  Point                                       Fanout       Cap     DTran     Trans     Delta     Derate      Incr       Path      Location / Load        Attributes
  -----------------------------------------------------------------------------------------------------------------------------------------------------------------
  clock clk_pad (rise edge)                                                                               10.0000    10.0000
  clock network delay (ideal)                                                                              0.0000    10.0000
  khu_sensor_top/ads1292_filter/o_ADS1292_FILTERED_DATA_VALID_reg/CK (fd4qd1_hd)
                                                                  0.0000    0.9000    0.0000     1.1440    0.0000    10.0000 r    (2916.12,2537.25)      d 
  khu_sensor_top/ads1292_filter/o_ADS1292_FILTERED_DATA_VALID_reg/Q (fd4qd1_hd)
                                                                            0.1152               1.1440    0.6119    10.6119 r    (2926.16,2536.91)      d 
  khu_sensor_top/ads1292_filter/o_ADS1292_FILTERED_DATA_VALID (net)
                                                1       0.0031                                   1.1440    0.0000    10.6119 r    [0.00,0.00]
  khu_sensor_top/ads1292_filter/o_ADS1292_FILTERED_DATA_VALID (ads1292_filter)                   1.1440    0.0000    10.6119 r    (netlink)
  khu_sensor_top/w_ads1292_filtered_data_valid (net)    0.0031                                   1.1440    0.0000    10.6119 r    [0.00,0.00]
  khu_sensor_top/icc_place1/A (nid2_hd)                           0.0000    0.1152    0.0000     1.1440    0.0000 &  10.6120 r    (2929.17,2540.43)
  khu_sensor_top/icc_place1/Y (nid2_hd)                                     0.3545               1.1440    0.2894    10.9013 r    (2930.13,2540.48)
  khu_sensor_top/n2 (net)                       3       0.0378                                   1.1440    0.0000    10.9013 r    [0.03,0.04]
  khu_sensor_top/sensor_core/i_ADS1292_FILTERED_DATA_VALID (sensor_core)                         1.1440    0.0000    10.9013 r    (netlink)
  khu_sensor_top/sensor_core/i_ADS1292_FILTERED_DATA_VALID (net)
                                                        0.0378                                   1.1440    0.0000    10.9013 r    [0.03,0.04]
  khu_sensor_top/sensor_core/icc_place20/A (nid2_hd)              0.0000    0.3545    0.0000     1.1440    0.0017 &  10.9031 r    (2981.52,2475.62)
  khu_sensor_top/sensor_core/icc_place20/Y (nid2_hd)                        0.6321               1.1440    0.4958    11.3988 r    (2982.49,2475.68)
  khu_sensor_top/sensor_core/n658 (net)         2       0.0705                                   1.1440    0.0000    11.3988 r    [0.07,0.07]
  khu_sensor_top/sensor_core/U876/A (ad2d1_hd)                    0.0000    0.6321    0.0000     1.1440    0.0082 &  11.4070 r    (3270.25,2270.46)
  khu_sensor_top/sensor_core/U876/Y (ad2d1_hd)                              0.1784               1.1440    0.3366    11.7436 r    (3271.80,2270.68)
  khu_sensor_top/sensor_core/N933 (net)         2       0.0059                                   1.1440    0.0000    11.7436 r    [0.00,0.01]
  khu_sensor_top/sensor_core/U1065/B (clknd2d1_hd)                0.0000    0.1784    0.0000     1.1440    0.0000 &  11.7436 r    (3271.26,2273.69)
  khu_sensor_top/sensor_core/U1065/Y (clknd2d1_hd)                          0.4973               1.1440    0.2941    12.0377 f    (3271.80,2274.09)
  khu_sensor_top/sensor_core/n205 (net)         3       0.0160                                   1.1440    0.0000    12.0377 f    [0.01,0.02]
  khu_sensor_top/sensor_core/U773/B (nd2d2_hd)                    0.0000    0.4973    0.0081     1.1440    0.0094 &  12.0471 f    (3271.74,2263.43)
  khu_sensor_top/sensor_core/U773/Y (nd2d2_hd)                              0.7599               1.1440    0.5423    12.5894 r    (3271.31,2263.49)
  khu_sensor_top/sensor_core/N1017 (net)       11       0.0788                                   1.1440    0.0000    12.5894 r    [0.04,0.08]
  khu_sensor_top/sensor_core/icc_place136/A (nid2_hd)             0.0000    0.7599    0.0000     1.1440    0.0039 &  12.5933 r    (3166.76,2198.81)
  khu_sensor_top/sensor_core/icc_place136/Y (nid2_hd)                       0.8495               1.1440    0.6720    13.2653 r    (3167.73,2198.76)
  khu_sensor_top/sensor_core/n649 (net)        14       0.0959                                   1.1440    0.0000    13.2653 r    [0.05,0.10]
  khu_sensor_top/sensor_core/U1324/S (mx2d1_hd)                   0.0000    0.8495    0.0203     1.1440    0.0262 &  13.2915 r    (3179.91,2137.58)
  khu_sensor_top/sensor_core/U1324/Y (mx2d1_hd)                             0.1614               1.1440    0.5450    13.8366 f    (3177.43,2137.31)
  khu_sensor_top/sensor_core/n342 (net)         1       0.0056                                   1.1440    0.0000    13.8366 f    [0.00,0.01]
  khu_sensor_top/sensor_core/icc_cpts182/A (nid2_hd)              0.0000    0.1614    0.0071     1.1440    0.0082 &  13.8448 f    (3180.41,2151.62)
  khu_sensor_top/sensor_core/icc_cpts182/Y (nid2_hd)                        0.0603               1.1440    0.1821    14.0269 f    (3181.37,2151.68)
  khu_sensor_top/sensor_core/n818 (net)         1       0.0024                                   1.1440    0.0000    14.0269 f    [0.00,0.00]
  khu_sensor_top/sensor_core/r_ads_ch2_data_out_reg_9_/D (fd2qd1_hd)
                                                                  0.0000    0.0603    0.0000     1.1440    0.0000 &  14.0269 f    (3179.97,2148.54)      d 
  data arrival time                                                                                                  14.0269

  clock clk_half (rise edge)                                                                              20.0000    20.0000
  clock network delay (ideal)                                                                              0.6600    20.6600
  clock reconvergence pessimism                                                                            0.0000    20.6600
  clock uncertainty                                                                                       -1.0000    19.6600
  khu_sensor_top/sensor_core/r_ads_ch2_data_out_reg_9_/CK (fd2qd1_hd)                                      0.0000    19.6600 r
  library setup time                                                                                       0.0001    19.6601
  data required time                                                                                                 19.6601
  -----------------------------------------------------------------------------------------------------------------------------------------------------------------
  data required time                                                                                                 19.6601
  data arrival time                                                                                                 -14.0269
  -----------------------------------------------------------------------------------------------------------------------------------------------------------------
  slack (MET)                                                                                                         5.6332


  Startpoint: khu_sensor_top/ads1292_filter/iir_notch/add_1/a_m_reg_12_
              (rising edge-triggered flip-flop clocked by clk_pad)
  Endpoint: khu_sensor_top/ads1292_filter/iir_notch/add_1/sum_reg_27_
            (rising edge-triggered flip-flop clocked by clk_pad)
  Path Group: clk_pad
  Path Type: max

Attributes:
    d - dont_touch
    u - dont_use
   mo - map_only
   so - size_only
    i - ideal_net or ideal_network

  Point                                       Fanout       Cap     DTran     Trans     Delta     Derate      Incr       Path      Location / Load        Attributes
  -----------------------------------------------------------------------------------------------------------------------------------------------------------------
  clock clk_pad (rise edge)                                                                                0.0000     0.0000
  clock network delay (ideal)                                                                              0.0000     0.0000
  khu_sensor_top/ads1292_filter/iir_notch/add_1/a_m_reg_12_/CK (fd1eqd2_hd)
                                                                  0.0000    0.9000    0.0141     1.1440    0.0000     0.0000 r    (2677.96,2220.36)      d 
  khu_sensor_top/ads1292_filter/iir_notch/add_1/a_m_reg_12_/Q (fd1eqd2_hd)
                                                                            0.0776               1.1440    0.5572     0.5572 r    (2677.12,2220.11)      d 
  khu_sensor_top/ads1292_filter/iir_notch/add_1/a_m[12] (net)
                                                1       0.0023                                   1.1440    0.0000     0.5572 r    [0.00,0.00]
  khu_sensor_top/ads1292_filter/iir_notch/add_1/icc_place183/A (nid1_hd)
                                                                  0.0000    0.0776    0.0000     1.1440    0.0000 &   0.5573 r    (2676.31,2220.42)
  khu_sensor_top/ads1292_filter/iir_notch/add_1/icc_place183/Y (nid1_hd)    0.7791               1.1440    0.4932     1.0505 r    (2675.36,2220.36)
  khu_sensor_top/ads1292_filter/iir_notch/add_1/n756 (net)
                                                6       0.0414                                   1.1440    0.0000     1.0505 r    [0.02,0.04]
  khu_sensor_top/ads1292_filter/iir_notch/add_1/gte_x_3/A[12] (float_adder_DW_cmp_6_2)           1.1440    0.0000     1.0505 r    (netlink)
  khu_sensor_top/ads1292_filter/iir_notch/add_1/gte_x_3/A[12] (net)
                                                        0.0414                                   1.1440    0.0000     1.0505 r    [0.02,0.04]
  khu_sensor_top/ads1292_filter/iir_notch/add_1/gte_x_3/U239/B (nr2d1_hd)
                                                                  0.0000    0.7791    0.0358     1.1440    0.0411 &   1.0916 r    (2671.40,2216.82)
  khu_sensor_top/ads1292_filter/iir_notch/add_1/gte_x_3/U239/Y (nr2d1_hd)   0.2472               1.1440    0.2568     1.3484 f    (2670.81,2216.80)
  khu_sensor_top/ads1292_filter/iir_notch/add_1/gte_x_3/n62 (net)
                                                1       0.0066                                   1.1440    0.0000     1.3484 f    [0.00,0.01]
  khu_sensor_top/ads1292_filter/iir_notch/add_1/gte_x_3/U238/A (nr2d2_hd)
                                                                  0.0000    0.2472    0.0000     1.1440    0.0000 &   1.3484 f    (2667.53,2223.97)
  khu_sensor_top/ads1292_filter/iir_notch/add_1/gte_x_3/U238/Y (nr2d2_hd)   0.2079               1.1440    0.1618     1.5102 r    (2666.98,2223.78)
  khu_sensor_top/ads1292_filter/iir_notch/add_1/gte_x_3/n58 (net)
                                                1       0.0081                                   1.1440    0.0000     1.5102 r    [0.00,0.01]
  khu_sensor_top/ads1292_filter/iir_notch/add_1/gte_x_3/U159/A (clknd2d4_hd)
                                                                  0.0000    0.2079    0.0000     1.1440    0.0001 &   1.5103 r    (2664.05,2227.60)
  khu_sensor_top/ads1292_filter/iir_notch/add_1/gte_x_3/U159/Y (clknd2d4_hd)
                                                                            0.2008               1.1440    0.1753     1.6855 f    (2664.40,2227.18)
  khu_sensor_top/ads1292_filter/iir_notch/add_1/gte_x_3/n50 (net)
                                                2       0.0271                                   1.1440    0.0000     1.6855 f    [0.01,0.03]
  khu_sensor_top/ads1292_filter/iir_notch/add_1/gte_x_3/U156/B (oa21d4_hd)
                                                                  0.0000    0.2008    0.0000     1.1440    0.0005 &   1.6860 f    (2668.38,2259.76)
  khu_sensor_top/ads1292_filter/iir_notch/add_1/gte_x_3/U156/Y (oa21d4_hd)
                                                                            0.2634               1.1440    0.2194     1.9054 r    (2666.13,2259.93)
  khu_sensor_top/ads1292_filter/iir_notch/add_1/gte_x_3/n49 (net)
                                                1       0.0222                                   1.1440    0.0000     1.9054 r    [0.01,0.02]
  khu_sensor_top/ads1292_filter/iir_notch/add_1/gte_x_3/U48/C (ao21d8_hd)
                                                                  0.0000    0.2634    0.0000     1.1440    0.0003 &   1.9058 r    (2665.04,2295.58)
  khu_sensor_top/ads1292_filter/iir_notch/add_1/gte_x_3/U48/Y (ao21d8_hd)   0.1370               1.1440    0.1104     2.0162 f    (2667.26,2295.41)
  khu_sensor_top/ads1292_filter/iir_notch/add_1/gte_x_3/n1 (net)
                                                1       0.0278                                   1.1440    0.0000     2.0162 f    [0.01,0.03]
  khu_sensor_top/ads1292_filter/iir_notch/add_1/gte_x_3/U1/A (oa21d8_hd)
                                                                  0.0000    0.1370    0.0000     1.1440    0.0007 &   2.0168 f    (2731.00,2295.83)
  khu_sensor_top/ads1292_filter/iir_notch/add_1/gte_x_3/U1/Y (oa21d8_hd)    0.3161               1.1440    0.2178     2.2346 r    (2733.63,2296.26)
  khu_sensor_top/ads1292_filter/iir_notch/add_1/gte_x_3/GE_LT_GT_LE (net)
                                                4       0.0609                                   1.1440    0.0000     2.2346 r    [0.03,0.06]
  khu_sensor_top/ads1292_filter/iir_notch/add_1/gte_x_3/GE_LT_GT_LE (float_adder_DW_cmp_6_2)     1.1440    0.0000     2.2346 r    (netlink)
  khu_sensor_top/ads1292_filter/iir_notch/add_1/N220 (net)
                                                        0.0609                                   1.1440    0.0000     2.2346 r    [0.03,0.06]
  khu_sensor_top/ads1292_filter/iir_notch/add_1/icc_place116/A (nr2d2_hd)
                                                                  0.0000    0.3161    0.0000     1.1440    0.0038 &   2.2384 r    (2841.15,2367.97)
  khu_sensor_top/ads1292_filter/iir_notch/add_1/icc_place116/Y (nr2d2_hd)   0.1380               1.1440    0.1240     2.3625 f    (2841.70,2367.78)
  khu_sensor_top/ads1292_filter/iir_notch/add_1/n598 (net)
                                                1       0.0080                                   1.1440    0.0000     2.3625 f    [0.00,0.01]
  khu_sensor_top/ads1292_filter/iir_notch/add_1/icc_place115/A (nid12_hd)
                                                                  0.0000    0.1380    0.0000     1.1440    0.0000 &   2.3625 f    (2843.99,2367.61)
  khu_sensor_top/ads1292_filter/iir_notch/add_1/icc_place115/Y (nid12_hd)   0.0888               1.1440    0.1860     2.5485 f    (2846.78,2367.73)
  khu_sensor_top/ads1292_filter/iir_notch/add_1/n561 (net)
                                                4       0.0615                                   1.1440    0.0000     2.5485 f    [0.01,0.06]
  khu_sensor_top/ads1292_filter/iir_notch/add_1/U383/S (mx2id4_hd)
                                                                  0.0000    0.0888    0.0000     1.1440    0.0003 &   2.5488 f    (2852.72,2374.64)
  khu_sensor_top/ads1292_filter/iir_notch/add_1/U383/YN (mx2id4_hd)         0.2677               1.1440    0.2030     2.7518 r    (2850.76,2374.78)
  khu_sensor_top/ads1292_filter/iir_notch/add_1/C3_Z_2 (net)
                                                1       0.0111                                   1.1440    0.0000     2.7518 r    [0.00,0.01]
  khu_sensor_top/ads1292_filter/iir_notch/add_1/DP_OP_43_133_2142/I2[2] (float_adder_DP_OP_43_133_2142_0_2)
                                                                                                 1.1440    0.0000     2.7518 r    (netlink)
  khu_sensor_top/ads1292_filter/iir_notch/add_1/DP_OP_43_133_2142/I2[2] (net)
                                                        0.0111                                   1.1440    0.0000     2.7518 r    [0.00,0.01]
  khu_sensor_top/ads1292_filter/iir_notch/add_1/DP_OP_43_133_2142/U106/A (xo2d4_hd)
                                                                  0.0000    0.2677    0.0000     1.1440    0.0001 &   2.7520 r    (2875.59,2374.84)
  khu_sensor_top/ads1292_filter/iir_notch/add_1/DP_OP_43_133_2142/U106/Y (xo2d4_hd)
                                                                            0.1111               1.1440    0.3599     3.1119 f    (2876.80,2375.11)
  khu_sensor_top/ads1292_filter/iir_notch/add_1/DP_OP_43_133_2142/n56 (net)
                                                3       0.0214                                   1.1440    0.0000     3.1119 f    [0.00,0.02]
  khu_sensor_top/ads1292_filter/iir_notch/add_1/DP_OP_43_133_2142/icc_place38/A (clknd2d3_hd)
                                                                  0.0000    0.1111    0.0000     1.1440    0.0001 &   3.1121 f    (2884.91,2371.97)
  khu_sensor_top/ads1292_filter/iir_notch/add_1/DP_OP_43_133_2142/icc_place38/Y (clknd2d3_hd)
                                                                            0.1800               1.1440    0.1007     3.2127 r    (2885.23,2371.57)
  khu_sensor_top/ads1292_filter/iir_notch/add_1/DP_OP_43_133_2142/n82 (net)
                                                1       0.0135                                   1.1440    0.0000     3.2127 r    [0.00,0.01]
  khu_sensor_top/ads1292_filter/iir_notch/add_1/DP_OP_43_133_2142/icc_place39/C (nd3d6_hd)
                                                                  0.0000    0.1800    0.0000     1.1440    0.0001 &   3.2128 r    (2890.63,2371.28)
  khu_sensor_top/ads1292_filter/iir_notch/add_1/DP_OP_43_133_2142/icc_place39/Y (nd3d6_hd)
                                                                            0.1393               1.1440    0.1415     3.3543 f    (2890.08,2371.25)
  khu_sensor_top/ads1292_filter/iir_notch/add_1/DP_OP_43_133_2142/n25 (net)
                                                3       0.0225                                   1.1440    0.0000     3.3543 f    [0.00,0.02]
  khu_sensor_top/ads1292_filter/iir_notch/add_1/DP_OP_43_133_2142/icc_place50/A (clknd2d6_hd)
                                                                  0.0000    0.1393    0.0000     1.1440    0.0002 &   3.3545 f    (2889.01,2357.09)
  khu_sensor_top/ads1292_filter/iir_notch/add_1/DP_OP_43_133_2142/icc_place50/Y (clknd2d6_hd)
                                                                            0.1433               1.1440    0.0837     3.4382 r    (2888.80,2356.80)
  khu_sensor_top/ads1292_filter/iir_notch/add_1/DP_OP_43_133_2142/n92 (net)
                                                1       0.0133                                   1.1440    0.0000     3.4382 r    [0.00,0.01]
  khu_sensor_top/ads1292_filter/iir_notch/add_1/DP_OP_43_133_2142/icc_place52/B (nd3d6_hd)
                                                                  0.0000    0.1433    0.0000     1.1440    0.0001 &   3.4383 r    (2890.22,2349.86)
  khu_sensor_top/ads1292_filter/iir_notch/add_1/DP_OP_43_133_2142/icc_place52/Y (nd3d6_hd)
                                                                            0.1321               1.1440    0.1251     3.5634 f    (2889.20,2349.66)
  khu_sensor_top/ads1292_filter/iir_notch/add_1/DP_OP_43_133_2142/n24 (net)
                                                3       0.0211                                   1.1440    0.0000     3.5634 f    [0.01,0.02]
  khu_sensor_top/ads1292_filter/iir_notch/add_1/DP_OP_43_133_2142/icc_place55/A (clknd2d4_hd)
                                                                  0.0000    0.1321    0.0000     1.1440    0.0003 &   3.5637 f    (2892.15,2317.24)
  khu_sensor_top/ads1292_filter/iir_notch/add_1/DP_OP_43_133_2142/icc_place55/Y (clknd2d4_hd)
                                                                            0.1117               1.1440    0.0927     3.6564 r    (2891.80,2317.66)
  khu_sensor_top/ads1292_filter/iir_notch/add_1/DP_OP_43_133_2142/n94 (net)
                                                1       0.0134                                   1.1440    0.0000     3.6564 r    [0.00,0.01]
  khu_sensor_top/ads1292_filter/iir_notch/add_1/DP_OP_43_133_2142/icc_place56/B (nd3d6_hd)
                                                                  0.0000    0.1117    0.0000     1.1440    0.0001 &   3.6564 r    (2884.50,2317.38)
  khu_sensor_top/ads1292_filter/iir_notch/add_1/DP_OP_43_133_2142/icc_place56/Y (nd3d6_hd)
                                                                            0.1232               1.1440    0.1117     3.7682 f    (2883.48,2317.58)
  khu_sensor_top/ads1292_filter/iir_notch/add_1/DP_OP_43_133_2142/n23 (net)
                                                3       0.0179                                   1.1440    0.0000     3.7682 f    [0.00,0.02]
  khu_sensor_top/ads1292_filter/iir_notch/add_1/DP_OP_43_133_2142/icc_place58/A (clknd2d4_hd)
                                                                  0.0000    0.1232    0.0000     1.1440    0.0001 &   3.7683 f    (2879.39,2314.00)
  khu_sensor_top/ads1292_filter/iir_notch/add_1/DP_OP_43_133_2142/icc_place58/Y (clknd2d4_hd)
                                                                            0.1488               1.1440    0.0890     3.8572 r    (2879.04,2313.58)
  khu_sensor_top/ads1292_filter/iir_notch/add_1/DP_OP_43_133_2142/n97 (net)
                                                1       0.0129                                   1.1440    0.0000     3.8572 r    [0.00,0.01]
  khu_sensor_top/ads1292_filter/iir_notch/add_1/DP_OP_43_133_2142/icc_place61/A (nd3d6_hd)
                                                                  0.0000    0.1488    0.0000     1.1440    0.0001 &   3.8573 r    (2872.28,2316.99)
  khu_sensor_top/ads1292_filter/iir_notch/add_1/DP_OP_43_133_2142/icc_place61/Y (nd3d6_hd)
                                                                            0.1409               1.1440    0.1203     3.9776 f    (2871.16,2317.58)
  khu_sensor_top/ads1292_filter/iir_notch/add_1/DP_OP_43_133_2142/n22 (net)
                                                3       0.0230                                   1.1440    0.0000     3.9776 f    [0.00,0.02]
  khu_sensor_top/ads1292_filter/iir_notch/add_1/DP_OP_43_133_2142/icc_place66/A (clknd2d6_hd)
                                                                  0.0000    0.1409    0.0000     1.1440    0.0002 &   3.9779 f    (2851.11,2317.35)
  khu_sensor_top/ads1292_filter/iir_notch/add_1/DP_OP_43_133_2142/icc_place66/Y (clknd2d6_hd)
                                                                            0.1397               1.1440    0.0840     4.0619 r    (2851.32,2317.64)
  khu_sensor_top/ads1292_filter/iir_notch/add_1/DP_OP_43_133_2142/n103 (net)
                                                1       0.0133                                   1.1440    0.0000     4.0619 r    [0.00,0.01]
  khu_sensor_top/ads1292_filter/iir_notch/add_1/DP_OP_43_133_2142/icc_place68/B (nd3d6_hd)
                                                                  0.0000    0.1397    0.0000     1.1440    0.0001 &   4.0620 r    (2846.22,2321.06)
  khu_sensor_top/ads1292_filter/iir_notch/add_1/DP_OP_43_133_2142/icc_place68/Y (nd3d6_hd)
                                                                            0.1507               1.1440    0.1275     4.1894 f    (2845.20,2320.85)
  khu_sensor_top/ads1292_filter/iir_notch/add_1/DP_OP_43_133_2142/n21 (net)
                                                3       0.0228                                   1.1440    0.0000     4.1894 f    [0.01,0.02]
  khu_sensor_top/ads1292_filter/iir_notch/add_1/DP_OP_43_133_2142/icc_place71/A (clknd2d4_hd)
                                                                  0.0000    0.1507    0.0000     1.1440    0.0004 &   4.1899 f    (2800.19,2321.21)
  khu_sensor_top/ads1292_filter/iir_notch/add_1/DP_OP_43_133_2142/icc_place71/Y (clknd2d4_hd)
                                                                            0.1495               1.1440    0.0980     4.2879 r    (2799.84,2320.78)
  khu_sensor_top/ads1292_filter/iir_notch/add_1/DP_OP_43_133_2142/n105 (net)
                                                1       0.0134                                   1.1440    0.0000     4.2879 r    [0.00,0.01]
  khu_sensor_top/ads1292_filter/iir_notch/add_1/DP_OP_43_133_2142/icc_place73/B (nd3d6_hd)
                                                                  0.0000    0.1495    0.0000     1.1440    0.0001 &   4.2880 r    (2792.98,2324.58)
  khu_sensor_top/ads1292_filter/iir_notch/add_1/DP_OP_43_133_2142/icc_place73/Y (nd3d6_hd)
                                                                            0.1219               1.1440    0.1203     4.4083 f    (2791.96,2324.78)
  khu_sensor_top/ads1292_filter/iir_notch/add_1/DP_OP_43_133_2142/n20 (net)
                                                3       0.0177                                   1.1440    0.0000     4.4083 f    [0.00,0.02]
  khu_sensor_top/ads1292_filter/iir_notch/add_1/DP_OP_43_133_2142/icc_place77/A (clknd2d4_hd)
                                                                  0.0000    0.1219    0.0000     1.1440    0.0001 &   4.4084 f    (2786.99,2328.41)
  khu_sensor_top/ads1292_filter/iir_notch/add_1/DP_OP_43_133_2142/icc_place77/Y (clknd2d4_hd)
                                                                            0.1457               1.1440    0.0901     4.4985 r    (2786.64,2327.98)
  khu_sensor_top/ads1292_filter/iir_notch/add_1/DP_OP_43_133_2142/n110 (net)
                                                1       0.0135                                   1.1440    0.0000     4.4985 r    [0.00,0.01]
  khu_sensor_top/ads1292_filter/iir_notch/add_1/DP_OP_43_133_2142/icc_place75/B (nd3d6_hd)
                                                                  0.0000    0.1457    0.0000     1.1440    0.0001 &   4.4986 r    (2780.38,2324.58)
  khu_sensor_top/ads1292_filter/iir_notch/add_1/DP_OP_43_133_2142/icc_place75/Y (nd3d6_hd)
                                                                            0.1276               1.1440    0.1227     4.6213 f    (2781.40,2324.78)
  khu_sensor_top/ads1292_filter/iir_notch/add_1/DP_OP_43_133_2142/n145 (net)
                                                3       0.0195                                   1.1440    0.0000     4.6213 f    [0.00,0.02]
  khu_sensor_top/ads1292_filter/iir_notch/add_1/DP_OP_43_133_2142/icc_place81/A (clknd2d4_hd)
                                                                  0.0000    0.1276    0.0000     1.1440    0.0001 &   4.6214 f    (2781.09,2317.24)
  khu_sensor_top/ads1292_filter/iir_notch/add_1/DP_OP_43_133_2142/icc_place81/Y (clknd2d4_hd)
                                                                            0.1450               1.1440    0.0909     4.7123 r    (2781.44,2317.66)
  khu_sensor_top/ads1292_filter/iir_notch/add_1/DP_OP_43_133_2142/n116 (net)
                                                1       0.0132                                   1.1440    0.0000     4.7123 r    [0.00,0.01]
  khu_sensor_top/ads1292_filter/iir_notch/add_1/DP_OP_43_133_2142/icc_place87/B (nd3d6_hd)
                                                                  0.0000    0.1450    0.0000     1.1440    0.0001 &   4.7123 r    (2783.46,2310.18)
  khu_sensor_top/ads1292_filter/iir_notch/add_1/DP_OP_43_133_2142/icc_place87/Y (nd3d6_hd)
                                                                            0.1277               1.1440    0.1218     4.8341 f    (2784.48,2310.39)
  khu_sensor_top/ads1292_filter/iir_notch/add_1/DP_OP_43_133_2142/n18 (net)
                                                3       0.0191                                   1.1440    0.0000     4.8341 f    [0.00,0.02]
  khu_sensor_top/ads1292_filter/iir_notch/add_1/DP_OP_43_133_2142/icc_place92/A (clknd2d4_hd)
                                                                  0.0000    0.1277    0.0000     1.1440    0.0001 &   4.8342 f    (2786.10,2299.60)
  khu_sensor_top/ads1292_filter/iir_notch/add_1/DP_OP_43_133_2142/icc_place92/Y (clknd2d4_hd)
                                                                            0.1461               1.1440    0.0901     4.9243 r    (2785.76,2299.18)
  khu_sensor_top/ads1292_filter/iir_notch/add_1/DP_OP_43_133_2142/n120 (net)
                                                1       0.0129                                   1.1440    0.0000     4.9243 r    [0.00,0.01]
  khu_sensor_top/ads1292_filter/iir_notch/add_1/DP_OP_43_133_2142/icc_place94/B (nd3d6_hd)
                                                                  0.0000    0.1461    0.0000     1.1440    0.0001 &   4.9244 r    (2787.70,2295.78)
  khu_sensor_top/ads1292_filter/iir_notch/add_1/DP_OP_43_133_2142/icc_place94/Y (nd3d6_hd)
                                                                            0.1349               1.1440    0.1228     5.0472 f    (2786.68,2295.99)
  khu_sensor_top/ads1292_filter/iir_notch/add_1/DP_OP_43_133_2142/n17 (net)
                                                3       0.0195                                   1.1440    0.0000     5.0472 f    [0.00,0.02]
  khu_sensor_top/ads1292_filter/iir_notch/add_1/DP_OP_43_133_2142/icc_place99/A (clknd2d4_hd)
                                                                  0.0000    0.1349    0.0000     1.1440    0.0002 &   5.0473 f    (2788.57,2278.00)
  khu_sensor_top/ads1292_filter/iir_notch/add_1/DP_OP_43_133_2142/icc_place99/Y (clknd2d4_hd)
                                                                            0.1504               1.1440    0.0960     5.1433 r    (2788.92,2277.58)
  khu_sensor_top/ads1292_filter/iir_notch/add_1/DP_OP_43_133_2142/n125 (net)
                                                1       0.0144                                   1.1440    0.0000     5.1433 r    [0.00,0.01]
  khu_sensor_top/ads1292_filter/iir_notch/add_1/DP_OP_43_133_2142/icc_place101/B (nd3d6_hd)
                                                                  0.0000    0.1504    0.0000     1.1440    0.0001 &   5.1434 r    (2794.02,2270.66)
  khu_sensor_top/ads1292_filter/iir_notch/add_1/DP_OP_43_133_2142/icc_place101/Y (nd3d6_hd)
                                                                            0.1334               1.1440    0.1234     5.2669 f    (2795.04,2270.46)
  khu_sensor_top/ads1292_filter/iir_notch/add_1/DP_OP_43_133_2142/n16 (net)
                                                3       0.0193                                   1.1440    0.0000     5.2669 f    [0.00,0.02]
  khu_sensor_top/ads1292_filter/iir_notch/add_1/DP_OP_43_133_2142/icc_place104/A (clknd2d4_hd)
                                                                  0.0000    0.1334    0.0000     1.1440    0.0002 &   5.2670 f    (2799.14,2259.64)
  khu_sensor_top/ads1292_filter/iir_notch/add_1/DP_OP_43_133_2142/icc_place104/Y (clknd2d4_hd)
                                                                            0.1483               1.1440    0.0951     5.3621 r    (2799.48,2260.06)
  khu_sensor_top/ads1292_filter/iir_notch/add_1/DP_OP_43_133_2142/n128 (net)
                                                1       0.0142                                   1.1440    0.0000     5.3621 r    [0.00,0.01]
  khu_sensor_top/ads1292_filter/iir_notch/add_1/DP_OP_43_133_2142/icc_place106/B (nd3d6_hd)
                                                                  0.0000    0.1483    0.0033     1.1440    0.0038 &   5.3660 r    (2805.46,2256.26)
  khu_sensor_top/ads1292_filter/iir_notch/add_1/DP_OP_43_133_2142/icc_place106/Y (nd3d6_hd)
                                                                            0.1511               1.1440    0.1383     5.5043 f    (2806.48,2256.05)
  khu_sensor_top/ads1292_filter/iir_notch/add_1/DP_OP_43_133_2142/n15 (net)
                                                2       0.0276                                   1.1440    0.0000     5.5043 f    [0.01,0.03]
  khu_sensor_top/ads1292_filter/iir_notch/add_1/DP_OP_43_133_2142/icc_place63/CI (fad8_hd)
                                                                  0.0000    0.1511    0.0000     1.1440    0.0007 &   5.5050 f    (2868.25,2252.41)
  khu_sensor_top/ads1292_filter/iir_notch/add_1/DP_OP_43_133_2142/icc_place63/CO (fad8_hd)
                                                                            0.1154               1.1440    0.2781     5.7831 f    (2870.68,2252.48)
  khu_sensor_top/ads1292_filter/iir_notch/add_1/DP_OP_43_133_2142/n143 (net)
                                                2       0.0221                                   1.1440    0.0000     5.7831 f    [0.00,0.02]
  khu_sensor_top/ads1292_filter/iir_notch/add_1/DP_OP_43_133_2142/icc_place2/A (clknd2d6_hd)
                                                                  0.0000    0.1154    0.0000     1.1440    0.0002 &   5.7832 f    (2866.13,2249.09)
  khu_sensor_top/ads1292_filter/iir_notch/add_1/DP_OP_43_133_2142/icc_place2/Y (clknd2d6_hd)
                                                                            0.1270               1.1440    0.0830     5.8662 r    (2865.92,2248.80)
  khu_sensor_top/ads1292_filter/iir_notch/add_1/DP_OP_43_133_2142/n31 (net)
                                                2       0.0166                                   1.1440    0.0000     5.8662 r    [0.00,0.02]
  khu_sensor_top/ads1292_filter/iir_notch/add_1/DP_OP_43_133_2142/icc_place10/B (nd3d6_hd)
                                                                  0.0000    0.1270    0.0000     1.1440    0.0001 &   5.8663 r    (2865.14,2241.86)
  khu_sensor_top/ads1292_filter/iir_notch/add_1/DP_OP_43_133_2142/icc_place10/Y (nd3d6_hd)
                                                                            0.1162               1.1440    0.1081     5.9744 f    (2864.12,2241.66)
  khu_sensor_top/ads1292_filter/iir_notch/add_1/DP_OP_43_133_2142/n13 (net)
                                                2       0.0140                                   1.1440    0.0000     5.9744 f    [0.00,0.01]
  khu_sensor_top/ads1292_filter/iir_notch/add_1/DP_OP_43_133_2142/icc_place13/A (clknd2d3_hd)
                                                                  0.0000    0.1162    0.0000     1.1440    0.0001 &   5.9745 f    (2869.51,2237.68)
  khu_sensor_top/ads1292_filter/iir_notch/add_1/DP_OP_43_133_2142/icc_place13/Y (clknd2d3_hd)
                                                                            0.1571               1.1440    0.0989     6.0734 r    (2869.83,2238.07)
  khu_sensor_top/ads1292_filter/iir_notch/add_1/DP_OP_43_133_2142/n60 (net)
                                                1       0.0125                                   1.1440    0.0000     6.0734 r    [0.00,0.01]
  khu_sensor_top/ads1292_filter/iir_notch/add_1/DP_OP_43_133_2142/icc_place15/A (nd3d6_hd)
                                                                  0.0000    0.1571    0.0000     1.1440    0.0001 &   6.0735 r    (2872.68,2235.05)
  khu_sensor_top/ads1292_filter/iir_notch/add_1/DP_OP_43_133_2142/icc_place15/Y (nd3d6_hd)
                                                                            0.1202               1.1440    0.1079     6.1814 f    (2873.80,2234.46)
  khu_sensor_top/ads1292_filter/iir_notch/add_1/DP_OP_43_133_2142/n12 (net)
                                                1       0.0153                                   1.1440    0.0000     6.1814 f    [0.01,0.02]
  khu_sensor_top/ads1292_filter/iir_notch/add_1/DP_OP_43_133_2142/U69/CI (fad4_hd)
                                                                  0.0000    0.1202    0.0000     1.1440    0.0003 &   6.1817 f    (2906.77,2213.24)
  khu_sensor_top/ads1292_filter/iir_notch/add_1/DP_OP_43_133_2142/U69/CO (fad4_hd)
                                                                            0.1061               1.1440    0.2606     6.4422 f    (2907.67,2213.18)
  khu_sensor_top/ads1292_filter/iir_notch/add_1/DP_OP_43_133_2142/n11 (net)
                                                1       0.0097                                   1.1440    0.0000     6.4422 f    [0.00,0.01]
  khu_sensor_top/ads1292_filter/iir_notch/add_1/DP_OP_43_133_2142/U65/CI (fad4_hd)
                                                                  0.0000    0.1061    0.0000     1.1440    0.0001 &   6.4423 f    (2907.66,2198.84)
  khu_sensor_top/ads1292_filter/iir_notch/add_1/DP_OP_43_133_2142/U65/CO (fad4_hd)
                                                                            0.1113               1.1440    0.2623     6.7046 f    (2908.55,2198.78)
  khu_sensor_top/ads1292_filter/iir_notch/add_1/DP_OP_43_133_2142/n10 (net)
                                                1       0.0117                                   1.1440    0.0000     6.7046 f    [0.00,0.01]
  khu_sensor_top/ads1292_filter/iir_notch/add_1/DP_OP_43_133_2142/U73/CI (fad4_hd)
                                                                  0.0000    0.1113    0.0000     1.1440    0.0001 &   6.7048 f    (2901.05,2184.44)
  khu_sensor_top/ads1292_filter/iir_notch/add_1/DP_OP_43_133_2142/U73/CO (fad4_hd)
                                                                            0.1086               1.1440    0.2610     6.9658 f    (2901.95,2184.38)
  khu_sensor_top/ads1292_filter/iir_notch/add_1/DP_OP_43_133_2142/n9 (net)
                                                1       0.0107                                   1.1440    0.0000     6.9658 f    [0.00,0.01]
  khu_sensor_top/ads1292_filter/iir_notch/add_1/DP_OP_43_133_2142/U72/CI (fad4_hd)
                                                                  0.0000    0.1086    0.0000     1.1440    0.0001 &   6.9659 f    (2888.74,2177.24)
  khu_sensor_top/ads1292_filter/iir_notch/add_1/DP_OP_43_133_2142/U72/CO (fad4_hd)
                                                                            0.1111               1.1440    0.2631     7.2290 f    (2889.63,2177.18)
  khu_sensor_top/ads1292_filter/iir_notch/add_1/DP_OP_43_133_2142/n8 (net)
                                                1       0.0117                                   1.1440    0.0000     7.2290 f    [0.00,0.01]
  khu_sensor_top/ads1292_filter/iir_notch/add_1/DP_OP_43_133_2142/U92/CI (fad4_hd)
                                                                  0.0000    0.1111    0.0000     1.1440    0.0002 &   7.2292 f    (2883.01,2155.64)
  khu_sensor_top/ads1292_filter/iir_notch/add_1/DP_OP_43_133_2142/U92/CO (fad4_hd)
                                                                            0.1072               1.1440    0.2594     7.4886 f    (2883.91,2155.58)
  khu_sensor_top/ads1292_filter/iir_notch/add_1/DP_OP_43_133_2142/n7 (net)
                                                1       0.0102                                   1.1440    0.0000     7.4886 f    [0.00,0.01]
  khu_sensor_top/ads1292_filter/iir_notch/add_1/DP_OP_43_133_2142/U90/CI (fad4_hd)
                                                                  0.0000    0.1072    0.0000     1.1440    0.0001 &   7.4887 f    (2883.90,2137.20)
  khu_sensor_top/ads1292_filter/iir_notch/add_1/DP_OP_43_133_2142/U90/CO (fad4_hd)
                                                                            0.1066               1.1440    0.2577     7.7464 f    (2884.79,2137.26)
  khu_sensor_top/ads1292_filter/iir_notch/add_1/DP_OP_43_133_2142/n6 (net)
                                                1       0.0100                                   1.1440    0.0000     7.7464 f    [0.00,0.01]
  khu_sensor_top/ads1292_filter/iir_notch/add_1/DP_OP_43_133_2142/U88/CI (fad4_hd)
                                                                  0.0000    0.1066    0.0000     1.1440    0.0001 &   7.7465 f    (2892.25,2130.00)
  khu_sensor_top/ads1292_filter/iir_notch/add_1/DP_OP_43_133_2142/U88/CO (fad4_hd)
                                                                            0.1070               1.1440    0.2580     8.0044 f    (2893.15,2130.06)
  khu_sensor_top/ads1292_filter/iir_notch/add_1/DP_OP_43_133_2142/n5 (net)
                                                1       0.0101                                   1.1440    0.0000     8.0044 f    [0.00,0.01]
  khu_sensor_top/ads1292_filter/iir_notch/add_1/DP_OP_43_133_2142/U63/CI (fad4_hd)
                                                                  0.0000    0.1070    0.0000     1.1440    0.0001 &   8.0045 f    (2901.94,2126.84)
  khu_sensor_top/ads1292_filter/iir_notch/add_1/DP_OP_43_133_2142/U63/CO (fad4_hd)
                                                                            0.1134               1.1440    0.2655     8.2700 f    (2902.83,2126.78)
  khu_sensor_top/ads1292_filter/iir_notch/add_1/DP_OP_43_133_2142/n4 (net)
                                                1       0.0127                                   1.1440    0.0000     8.2700 f    [0.00,0.01]
  khu_sensor_top/ads1292_filter/iir_notch/add_1/DP_OP_43_133_2142/U64/CI (fad4_hd)
                                                                  0.0000    0.1134    0.0046     1.1440    0.0055 &   8.2755 f    (2929.22,2130.00)
  khu_sensor_top/ads1292_filter/iir_notch/add_1/DP_OP_43_133_2142/U64/CO (fad4_hd)
                                                                            0.1125               1.1440    0.2656     8.5411 f    (2930.11,2130.06)
  khu_sensor_top/ads1292_filter/iir_notch/add_1/DP_OP_43_133_2142/n3 (net)
                                                1       0.0121                                   1.1440    0.0000     8.5411 f    [0.00,0.01]
  khu_sensor_top/ads1292_filter/iir_notch/add_1/DP_OP_43_133_2142/U77/CI (fad4_hd)
                                                                  0.0000    0.1125    0.0000     1.1440    0.0002 &   8.5412 f    (2935.38,2108.40)
  khu_sensor_top/ads1292_filter/iir_notch/add_1/DP_OP_43_133_2142/U77/CO (fad4_hd)
                                                                            0.1050               1.1440    0.2572     8.7984 f    (2936.27,2108.46)
  khu_sensor_top/ads1292_filter/iir_notch/add_1/DP_OP_43_133_2142/n2 (net)
                                                1       0.0093                                   1.1440    0.0000     8.7984 f    [0.00,0.01]
  khu_sensor_top/ads1292_filter/iir_notch/add_1/DP_OP_43_133_2142/U76/CI (fad4_hd)
                                                                  0.0000    0.1050    0.0000     1.1440    0.0001 &   8.7985 f    (2930.98,2112.44)
  khu_sensor_top/ads1292_filter/iir_notch/add_1/DP_OP_43_133_2142/U76/CO (fad4_hd)
                                                                            0.1078               1.1440    0.2583     9.0567 f    (2931.87,2112.38)
  khu_sensor_top/ads1292_filter/iir_notch/add_1/DP_OP_43_133_2142/n1 (net)
                                                1       0.0104                                   1.1440    0.0000     9.0567 f    [0.00,0.01]
  khu_sensor_top/ads1292_filter/iir_notch/add_1/DP_OP_43_133_2142/U83/B (xn2d4_hd)
                                                                  0.0000    0.1078    0.0000     1.1440    0.0001 &   9.0568 f    (2916.53,2112.23)
  khu_sensor_top/ads1292_filter/iir_notch/add_1/DP_OP_43_133_2142/U83/Y (xn2d4_hd)
                                                                            0.0752               1.1440    0.2735     9.3304 r    (2911.72,2112.09)
  khu_sensor_top/ads1292_filter/iir_notch/add_1/DP_OP_43_133_2142/O1[27] (net)
                                                1       0.0058                                   1.1440    0.0000     9.3304 r    [0.00,0.01]
  khu_sensor_top/ads1292_filter/iir_notch/add_1/DP_OP_43_133_2142/O1[27] (float_adder_DP_OP_43_133_2142_0_2)
                                                                                                 1.1440    0.0000     9.3304 r    (netlink)
  khu_sensor_top/ads1292_filter/iir_notch/add_1/N335 (net)
                                                        0.0058                                   1.1440    0.0000     9.3304 r    [0.00,0.01]
  khu_sensor_top/ads1292_filter/iir_notch/add_1/sum_reg_27_/D (fd1ed2_hd)
                                                                  0.0000    0.0752    0.0000     1.1440    0.0001 &   9.3304 r    (2913.70,2083.65)      d 
  data arrival time                                                                                                   9.3304

  clock clk_pad (rise edge)                                                                               10.0000    10.0000
  clock network delay (ideal)                                                                              0.0000    10.0000
  clock reconvergence pessimism                                                                            0.0000    10.0000
  clock uncertainty                                                                                       -0.5000     9.5000
  khu_sensor_top/ads1292_filter/iir_notch/add_1/sum_reg_27_/CK (fd1ed2_hd)                                 0.0000     9.5000 r
  library setup time                                                                                      -0.1570     9.3430
  data required time                                                                                                  9.3430
  -----------------------------------------------------------------------------------------------------------------------------------------------------------------
  data required time                                                                                                  9.3430
  data arrival time                                                                                                  -9.3304
  -----------------------------------------------------------------------------------------------------------------------------------------------------------------
  slack (MET)                                                                                                         0.0126


1
