 
****************************************
Report : constraint
        -all_violators
        -max_delay
        -min_delay
        -max_capacitance
        -max_transition
Design : khu_sensor_pad
Version: N-2017.09
Date   : Fri Aug 28 07:38:33 2020
****************************************

	Parasitic source    : LPE
	Parasitic mode      : RealRC
	Extraction mode     : MIN_MAX
	Extraction derating : -40/25/125

   min_delay/hold ('clk_half' group)

                             Required        Actual
   Endpoint                 Path Delay     Path Delay        Slack
   -----------------------------------------------------------------
   khu_sensor_top/sensor_core/r_ads_ch2_data_out_reg_16_/D   0.9100   0.4129 r  -0.4971 (VIOLATED)
   khu_sensor_top/sensor_core/r_mpr_pstate_reg_5_/D   0.9100   0.4133 r  -0.4967 (VIOLATED)
   khu_sensor_top/sensor_core/r_mpr_reg_data_reg_5_/D   0.9009   0.4050 f  -0.4958 (VIOLATED)
   khu_sensor_top/sensor_core/r_mpr_reg_data_reg_2_/D   0.9009   0.4070 f  -0.4939 (VIOLATED)
   khu_sensor_top/sensor_core/r_ads_ch2_data_out_reg_20_/D   0.9013   0.4092 f  -0.4922 (VIOLATED)
   khu_sensor_top/sensor_core/r_mpr_pstate_reg_0_/D   0.9100   0.4198 r  -0.4902 (VIOLATED)
   khu_sensor_top/sensor_core/r_ads_ch2_data_out_reg_6_/D   0.9012   0.4116 f  -0.4896 (VIOLATED)
   khu_sensor_top/sensor_core/r_ads_ch2_data_out_reg_11_/D   0.9011   0.4135 f  -0.4877 (VIOLATED)
   khu_sensor_top/sensor_core/r_ads_ch2_data_out_reg_5_/D   0.8996   0.4139 f  -0.4857 (VIOLATED)
   khu_sensor_top/sensor_core/r_ads_ch2_data_out_reg_14_/D   0.8997   0.4164 f  -0.4834 (VIOLATED)
   khu_sensor_top/sensor_core/r_ads_reg_data_reg_3_/D   0.9010   0.4185 f  -0.4824 (VIOLATED)
   khu_sensor_top/sensor_core/r_mpr_reg_data_reg_6_/D   0.9034   0.4226 f  -0.4808 (VIOLATED)
   khu_sensor_top/sensor_core/r_ads_ch2_data_out_reg_13_/D   0.9034   0.4243 f  -0.4791 (VIOLATED)
   khu_sensor_top/sensor_core/r_ads_ch2_data_out_reg_17_/D   0.9100   0.4323 r  -0.4777 (VIOLATED)
   khu_sensor_top/sensor_core/r_ads_ch2_data_out_reg_1_/D   0.9003   0.4249 f  -0.4754 (VIOLATED)
   khu_sensor_top/sensor_core/r_ads_ch2_data_out_reg_7_/D   0.9014   0.4270 f  -0.4744 (VIOLATED)
   khu_sensor_top/sensor_core/r_ads_ch2_data_out_reg_2_/D   0.9015   0.4282 f  -0.4733 (VIOLATED)
   khu_sensor_top/sensor_core/r_mpr_reg_data_reg_3_/D   0.9036   0.4336 f  -0.4701 (VIOLATED)
   khu_sensor_top/sensor_core/r_ads_ch2_data_out_reg_15_/D   0.9036   0.4336 f  -0.4700 (VIOLATED)
   khu_sensor_top/sensor_core/r_ads_ch2_data_out_reg_18_/D   0.9011   0.4311 f  -0.4699 (VIOLATED)
   khu_sensor_top/sensor_core/r_ads_ch2_data_out_reg_0_/D   0.9003   0.4373 f  -0.4630 (VIOLATED)
   khu_sensor_top/sensor_core/r_ads_ch2_data_out_reg_23_/D   0.9014   0.4386 f  -0.4627 (VIOLATED)
   khu_sensor_top/sensor_core/r_ads_ch2_data_out_reg_12_/D   0.9014   0.4396 f  -0.4618 (VIOLATED)
   khu_sensor_top/sensor_core/r_ads_reg_data_reg_2_/D   0.9012   0.4412 f  -0.4600 (VIOLATED)
   khu_sensor_top/sensor_core/r_ads_reg_data_reg_0_/D   0.9015   0.4423 f  -0.4593 (VIOLATED)
   khu_sensor_top/sensor_core/r_ads_ch2_data_out_reg_21_/D   0.8884   0.4312 f  -0.4571 (VIOLATED)
   khu_sensor_top/sensor_core/r_mpr_reg_data_reg_4_/D   0.9032   0.4473 f  -0.4559 (VIOLATED)
   khu_sensor_top/sensor_core/r_ads_ch2_data_out_reg_4_/D   0.9027   0.4488 f  -0.4539 (VIOLATED)
   khu_sensor_top/sensor_core/r_ads_ch2_data_out_reg_3_/D   0.9003   0.4470 f  -0.4533 (VIOLATED)
   khu_sensor_top/sensor_core/r_ads_reg_data_reg_4_/D   0.9012   0.4513 f  -0.4499 (VIOLATED)
   khu_sensor_top/sensor_core/r_mpr_touch_status_0_reg_5_/D   0.9003   0.4515 f  -0.4487 (VIOLATED)
   khu_sensor_top/sensor_core/r_mpr_reg_data_reg_1_/D   0.9039   0.4558 f  -0.4481 (VIOLATED)
   khu_sensor_top/sensor_core/r_ads_reg_data_reg_1_/D   0.9004   0.4524 f  -0.4480 (VIOLATED)
   khu_sensor_top/sensor_core/r_ads_reg_data_reg_5_/D   0.9013   0.4537 f  -0.4476 (VIOLATED)
   khu_sensor_top/sensor_core/r_mpr_reg_data_reg_7_/D   0.9042   0.4569 f  -0.4472 (VIOLATED)
   khu_sensor_top/sensor_core/r_core_pstate_reg_1_/D   0.9035   0.4604 f  -0.4431 (VIOLATED)
   khu_sensor_top/sensor_core/r_mpr_reg_data_reg_0_/D   0.9032   0.4665 f  -0.4367 (VIOLATED)
   khu_sensor_top/sensor_core/r_mpr_touch_status_0_reg_6_/D   0.9003   0.4714 f  -0.4289 (VIOLATED)
   khu_sensor_top/sensor_core/r_ads_reg_data_reg_6_/D   0.9014   0.4751 f  -0.4263 (VIOLATED)
   khu_sensor_top/sensor_core/r_ads_reg_data_reg_7_/D   0.9013   0.4752 f  -0.4261 (VIOLATED)
   khu_sensor_top/sensor_core/r_mpr_pstate_reg_1_/D   0.9100   0.4839 r  -0.4261 (VIOLATED)
   khu_sensor_top/sensor_core/r_ads_ch2_data_out_reg_19_/D   0.9003   0.4742 f  -0.4261 (VIOLATED)
   khu_sensor_top/sensor_core/r_mpr_pstate_reg_2_/D   0.9100   0.4851 r  -0.4249 (VIOLATED)
   khu_sensor_top/sensor_core/r_ads_pstate_reg_0_/D   0.9100   0.4938 r  -0.4162 (VIOLATED)
   khu_sensor_top/sensor_core/r_mpr_pstate_reg_4_/D   0.9100   0.4972 r  -0.4128 (VIOLATED)
   khu_sensor_top/sensor_core/r_ads_pstate_reg_2_/D   0.9100   0.4992 r  -0.4108 (VIOLATED)
   khu_sensor_top/sensor_core/r_mpr_touch_status_0_reg_7_/D   0.9003   0.4896 f  -0.4106 (VIOLATED)
   khu_sensor_top/sensor_core/r_mpr_touch_status_1_reg_2_/D   0.9011   0.4908 f  -0.4103 (VIOLATED)
   khu_sensor_top/sensor_core/r_mpr_touch_status_0_reg_2_/D   0.9010   0.4913 f  -0.4097 (VIOLATED)
   khu_sensor_top/sensor_core/r_ads_ch2_data_out_reg_8_/D   0.9002   0.4950 f  -0.4053 (VIOLATED)
   khu_sensor_top/sensor_core/r_ads_ch2_data_out_reg_9_/D   0.9003   0.5003 f  -0.4000 (VIOLATED)
   khu_sensor_top/sensor_core/r_ads_pstate_reg_3_/D   0.9100   0.5111 r  -0.3989 (VIOLATED)
   khu_sensor_top/sensor_core/r_ads_ch2_data_out_reg_10_/D   0.9011   0.5022 f  -0.3989 (VIOLATED)
   khu_sensor_top/sensor_core/r_mpr_touch_status_0_reg_4_/D   0.9002   0.5052 f  -0.3951 (VIOLATED)
   khu_sensor_top/sensor_core/r_mpr_touch_status_1_reg_3_/D   0.9010   0.5075 f  -0.3934 (VIOLATED)
   khu_sensor_top/sensor_core/r_mpr_touch_status_0_reg_3_/D   0.9011   0.5114 f  -0.3897 (VIOLATED)
   khu_sensor_top/sensor_core/r_ads_ch2_data_out_reg_22_/D   0.9100   0.5245 r  -0.3855 (VIOLATED)
   khu_sensor_top/sensor_core/r_ads_pstate_reg_1_/D   0.9100   0.5264 r  -0.3836 (VIOLATED)
   khu_sensor_top/sensor_core/r_mpr_read_reg_done_reg/D   0.9100   0.5388 r  -0.3712 (VIOLATED)
   khu_sensor_top/sensor_core/r_ads_read_reg_done_reg/D   0.9100   0.5401 r  -0.3699 (VIOLATED)
   khu_sensor_top/sensor_core/r_mpr_touch_status_0_reg_1_/D   0.9009   0.5427 f  -0.3582 (VIOLATED)
   khu_sensor_top/sensor_core/r_mpr_touch_status_1_reg_1_/D   0.9009   0.5446 f  -0.3564 (VIOLATED)
   khu_sensor_top/sensor_core/r_core_pstate_reg_0_/D   0.9100   0.5595 r  -0.3505 (VIOLATED)
   khu_sensor_top/sensor_core/r_mpr_pstate_reg_3_/D   0.9100   0.5610 r  -0.3490 (VIOLATED)
   khu_sensor_top/sensor_core/r_mpr_touch_status_1_reg_0_/D   0.9009   0.5804 f  -0.3205 (VIOLATED)
   khu_sensor_top/sensor_core/r_mpr_touch_status_0_reg_0_/D   0.9016   0.5872 f  -0.3143 (VIOLATED)
   khu_sensor_top/sensor_core/r_ads_data_send_ready_reg/D   0.9100   0.6277 r  -0.2823 (VIOLATED)
   khu_sensor_top/sensor_core/o_ADS1292_FILTERED_DATA_ACK_reg/D   0.9100   0.7256 r  -0.1844 (VIOLATED)
   khu_sensor_top/sensor_core/r_ads_pstate_reg_0_/SN   1.0522   1.0483 r  -0.0039 (VIOLATED)


   min_delay/hold ('clk_pad' group)

                             Required        Actual
   Endpoint                 Path Delay     Path Delay        Slack
   -----------------------------------------------------------------
   khu_sensor_top/ads1292_controller/o_SPI_CSN_reg/SN   0.3750   0.3609 r  -0.0141 (VIOLATED)


   max_transition

                             Required        Actual
   Net                      Transition     Transition        Slack
   -----------------------------------------------------------------
   khu_sensor_top/ads1292_filter/iir_hpf/mult/n56   0.9000   1.8749  -0.9749 (VIOLATED)
       PIN :   khu_sensor_top/ads1292_filter/iir_hpf/mult/o_Z_reg_9_/D   0.9000   1.8749  -0.9749 (VIOLATED)
       PIN :   khu_sensor_top/ads1292_filter/iir_hpf/mult/icc_place8/Y   0.9000   1.8749  -0.9749 (VIOLATED)
   khu_sensor_top/ads1292_filter/iir_hpf/mult/n285   0.9000   1.8338  -0.9338 (VIOLATED)
       PIN :   khu_sensor_top/ads1292_filter/iir_hpf/mult/o_Z_reg_3_/D   0.9000   1.8338  -0.9338 (VIOLATED)
       PIN :   khu_sensor_top/ads1292_filter/iir_hpf/mult/icc_place99/Y   0.9000   1.8338  -0.9338 (VIOLATED)
   khu_sensor_top/ads1292_filter/iir_hpf/mult/n160   0.9000   1.7988  -0.8988 (VIOLATED)
       PIN :   khu_sensor_top/ads1292_filter/iir_hpf/mult/o_Z_reg_16_/D   0.9000   1.7988  -0.8988 (VIOLATED)
       PIN :   khu_sensor_top/ads1292_filter/iir_hpf/mult/icc_place29/Y   0.9000   1.7988  -0.8988 (VIOLATED)
   khu_sensor_top/ads1292_filter/iir_hpf/mult/n243   0.9000   1.7874  -0.8874 (VIOLATED)
       PIN :   khu_sensor_top/ads1292_filter/iir_hpf/mult/o_Z_reg_14_/D   0.9000   1.7874  -0.8874 (VIOLATED)
       PIN :   khu_sensor_top/ads1292_filter/iir_hpf/mult/icc_place57/Y   0.9000   1.7874  -0.8874 (VIOLATED)
   khu_sensor_top/ads1292_filter/iir_hpf/mult/n244   0.9000   1.7353  -0.8353 (VIOLATED)
       PIN :   khu_sensor_top/ads1292_filter/iir_hpf/mult/o_Z_reg_8_/D   0.9000   1.7353  -0.8353 (VIOLATED)
       PIN :   khu_sensor_top/ads1292_filter/iir_hpf/mult/icc_place58/Y   0.9000   1.7353  -0.8353 (VIOLATED)
   khu_sensor_top/ads1292_filter/iir_hpf/mult/n55   0.9000   1.6976  -0.7976 (VIOLATED)
       PIN :   khu_sensor_top/ads1292_filter/iir_hpf/mult/o_Z_reg_11_/D   0.9000   1.6976  -0.7976 (VIOLATED)
       PIN :   khu_sensor_top/ads1292_filter/iir_hpf/mult/icc_place7/Y   0.9000   1.6976  -0.7976 (VIOLATED)
   khu_sensor_top/ads1292_filter/iir_hpf/mult/n284   0.9000   1.6948  -0.7948 (VIOLATED)
       PIN :   khu_sensor_top/ads1292_filter/iir_hpf/mult/o_Z_reg_10_/D   0.9000   1.6948  -0.7948 (VIOLATED)
       PIN :   khu_sensor_top/ads1292_filter/iir_hpf/mult/icc_place98/Y   0.9000   1.6948  -0.7948 (VIOLATED)
   khu_sensor_top/ads1292_filter/iir_hpf/mult/n219   0.9000   1.6345  -0.7345 (VIOLATED)
       PIN :   khu_sensor_top/ads1292_filter/iir_hpf/mult/o_Z_reg_1_/D   0.9000   1.6345  -0.7345 (VIOLATED)
       PIN :   khu_sensor_top/ads1292_filter/iir_hpf/mult/icc_place33/Y   0.9000   1.6345  -0.7345 (VIOLATED)
   khu_sensor_top/ads1292_filter/iir_hpf/mult/n58   0.9000   1.6079  -0.7079 (VIOLATED)
       PIN :   khu_sensor_top/ads1292_filter/iir_hpf/mult/o_Z_reg_5_/D   0.9000   1.6079  -0.7079 (VIOLATED)
       PIN :   khu_sensor_top/ads1292_filter/iir_hpf/mult/icc_place10/Y   0.9000   1.6079  -0.7079 (VIOLATED)
   khu_sensor_top/ads1292_filter/iir_hpf/mult/n246   0.9000   1.5532  -0.6532 (VIOLATED)
       PIN :   khu_sensor_top/ads1292_filter/iir_hpf/mult/o_Z_reg_22_/D   0.9000   1.5532  -0.6532 (VIOLATED)
       PIN :   khu_sensor_top/ads1292_filter/iir_hpf/mult/icc_place60/Y   0.9000   1.5532  -0.6532 (VIOLATED)
   khu_sensor_top/ads1292_filter/iir_hpf/mult/n68   0.9000   1.4731  -0.5731 (VIOLATED)
       PIN :   khu_sensor_top/ads1292_filter/iir_hpf/mult/o_Z_reg_2_/D   0.9000   1.4731  -0.5731 (VIOLATED)
       PIN :   khu_sensor_top/ads1292_filter/iir_hpf/mult/icc_place20/Y   0.9000   1.4731  -0.5731 (VIOLATED)
   khu_sensor_top/ads1292_filter/iir_hpf/mult/n370   0.9000   1.4553  -0.5553 (VIOLATED)
       PIN :   khu_sensor_top/ads1292_filter/iir_hpf/mult/b_reg_12_/D   0.9000   1.4553  -0.5553 (VIOLATED)
       PIN :   khu_sensor_top/ads1292_filter/iir_hpf/mult/icc_place161/Y   0.9000   1.4553  -0.5553 (VIOLATED)
   khu_sensor_top/ads1292_filter/iir_notch/n5   0.9000   1.2080  -0.3080 (VIOLATED)
       PIN :   khu_sensor_top/ads1292_filter/iir_notch/U1701/B   0.9000   1.2080  -0.3080 (VIOLATED)
       PIN :   khu_sensor_top/ads1292_filter/iir_notch/U1608/C   0.9000   1.2080  -0.3080 (VIOLATED)
       PIN :   khu_sensor_top/ads1292_filter/iir_notch/U644/H   0.9000   1.2080  -0.3080 (VIOLATED)
       PIN :   khu_sensor_top/ads1292_filter/iir_notch/icc_place3/Y   0.9000   1.2080  -0.3080 (VIOLATED)
   khu_sensor_top/ads1292_filter/iir_hpf/mult/N450   0.9000   1.0111  -0.1111 (VIOLATED)
       PIN :   khu_sensor_top/ads1292_filter/iir_hpf/mult/z_reg_19_/D   0.9000   1.0111  -0.1111 (VIOLATED)
       PIN :   khu_sensor_top/ads1292_filter/iir_hpf/mult/U438/Y   0.9000   1.0111  -0.1111 (VIOLATED)
   khu_sensor_top/ads1292_filter/iir_lpf/mult_1/n261   0.9000   0.9895  -0.0895 (VIOLATED)
       PIN :   khu_sensor_top/ads1292_filter/iir_lpf/mult_1/U237/B   0.9000   0.9895  -0.0895 (VIOLATED)
       PIN :   khu_sensor_top/ads1292_filter/iir_lpf/mult_1/icc_place81/Y   0.9000   0.9895  -0.0895 (VIOLATED)
   khu_sensor_top/sensor_core/r_mpr_reg_addr[7]   0.9000   0.9518  -0.0518 (VIOLATED)
       PIN :   khu_sensor_top/sensor_core/U1359/D0   0.9000   0.9518  -0.0518 (VIOLATED)
       PIN :   khu_sensor_top/sensor_core/U399/B   0.9000   0.9518  -0.0518 (VIOLATED)
       PIN :   khu_sensor_top/sensor_core/r_mpr_reg_addr_reg_7_/Q   0.9000   0.9518  -0.0518 (VIOLATED)
   khu_sensor_top/ads1292_filter/iir_hpf/mult/n69   0.9000   0.9299  -0.0299 (VIOLATED)
       PIN :   khu_sensor_top/ads1292_filter/iir_hpf/mult/o_Z_reg_0_/D   0.9000   0.9299  -0.0299 (VIOLATED)
       PIN :   khu_sensor_top/ads1292_filter/iir_hpf/mult/icc_place21/Y   0.9000   0.9299  -0.0299 (VIOLATED)
   khu_sensor_top/ads1292_filter/iir_hpf/mult/N462   0.9000   0.9274  -0.0274 (VIOLATED)
       PIN :   khu_sensor_top/ads1292_filter/iir_hpf/mult/z_reg_31_/D   0.9000   0.9274  -0.0274 (VIOLATED)
       PIN :   khu_sensor_top/ads1292_filter/iir_hpf/mult/U249/Y   0.9000   0.9274  -0.0274 (VIOLATED)
   khu_sensor_top/sensor_core/n618   0.9000   0.9139       -0.0139  (VIOLATED)
       PIN :   khu_sensor_top/sensor_core/U1359/D1   0.9000   0.9139  -0.0139 (VIOLATED)
       PIN :   khu_sensor_top/sensor_core/icc_place120/Y   0.9000   0.9139  -0.0139 (VIOLATED)
   khu_sensor_top/sensor_core/r_ads_ch2_data_out[18]   0.9000   0.9081  -0.0081 (VIOLATED)
       PIN :   khu_sensor_top/sensor_core/U1333/D0   0.9000   0.9081  -0.0081 (VIOLATED)
       PIN :   khu_sensor_top/sensor_core/U404/D   0.9000   0.9081  -0.0081 (VIOLATED)
       PIN :   khu_sensor_top/sensor_core/r_ads_ch2_data_out_reg_18_/Q   0.9000   0.9081  -0.0081 (VIOLATED)
   khu_sensor_top/ads1292_filter/iir_lpf/add/N627   0.9000   0.9038  -0.0038 (VIOLATED)
       PIN :   khu_sensor_top/ads1292_filter/iir_lpf/add/z_reg_30_/D   0.9000   0.9038  -0.0038 (VIOLATED)
       PIN :   khu_sensor_top/ads1292_filter/iir_lpf/add/U345/Y   0.9000   0.9038  -0.0038 (VIOLATED)

   -----------------------------------------------------------------
   Total                      21               -9.9901  

   max_capacitance

                             Required        Actual
   Net                      Capacitance    Capacitance       Slack
   -----------------------------------------------------------------
   khu_sensor_top/ads1292_filter/iir_hpf/mult/n56   0.0820   0.1027  -0.0207 (VIOLATED)
   khu_sensor_top/ads1292_filter/iir_hpf/mult/n285   0.0820   0.1004  -0.0184 (VIOLATED)
   khu_sensor_top/ads1292_filter/iir_hpf/mult/n160   0.0820   0.0984  -0.0164 (VIOLATED)
   khu_sensor_top/ads1292_filter/iir_hpf/mult/n243   0.0820   0.0978  -0.0158 (VIOLATED)
   khu_sensor_top/ads1292_filter/iir_hpf/mult/n244   0.0820   0.0949  -0.0129 (VIOLATED)
   khu_sensor_top/ads1292_filter/iir_hpf/mult/n55   0.0820   0.0927  -0.0107 (VIOLATED)
   khu_sensor_top/ads1292_filter/iir_hpf/mult/n284   0.0820   0.0926  -0.0106 (VIOLATED)
   khu_sensor_top/ads1292_filter/iir_hpf/mult/n219   0.0820   0.0892  -0.0072 (VIOLATED)
   khu_sensor_top/ads1292_filter/iir_hpf/mult/n58   0.0820   0.0877  -0.0057 (VIOLATED)
   khu_sensor_top/ads1292_filter/iir_hpf/mult/n246   0.0820   0.0847  -0.0027 (VIOLATED)

   -----------------------------------------------------------------
   Total                      10               -0.1210  

1
