 
****************************************
Report : qor
Design : khu_sensor_pad
Version: N-2017.09
Date   : Fri Aug 28 07:14:07 2020
****************************************


  Timing Path Group 'clk'
  -----------------------------------
  Levels of Logic:             5.0000
  Critical Path Length:       11.0458
  Critical Path Slack:        -6.7655
  Critical Path Clk Period:   10.0000
  Total Negative Slack:      -26.4922
  No. of Violating Paths:      7.0000
  Worst Hold Violation:        0.0000
  Total Hold Violation:        0.0000
  No. of Hold Violations:      0.0000
  -----------------------------------

  Timing Path Group 'clk_half'
  -----------------------------------
  Levels of Logic:             8.0000
  Critical Path Length:        6.3626
  Critical Path Slack:         2.4547
  Critical Path Clk Period:   20.0000
  Total Negative Slack:        0.0000
  No. of Violating Paths:      0.0000
  Worst Hold Violation:       -0.0272
  Total Hold Violation:       -0.1702
  No. of Hold Violations:     22.0000
  -----------------------------------

  Timing Path Group 'clk_pad'
  -----------------------------------
  Levels of Logic:            17.0000
  Critical Path Length:       16.3012
  Critical Path Slack:        -7.0957
  Critical Path Clk Period:   10.0000
  Total Negative Slack:    -3203.4978
  No. of Violating Paths:   1257.0000
  Worst Hold Violation:       -0.0604
  Total Hold Violation:       -1.4999
  No. of Hold Violations:     85.0000
  -----------------------------------


  Cell Count
  -----------------------------------
  Hierarchical Cell Count:        110
  Hierarchical Port Count:       5422
  Leaf Cell Count:              36880
  Buf/Inv Cell Count:           11184
  Buf Cell Count:                5892
  Inv Cell Count:                5292
  CT Buf/Inv Cell Count:          174
  Combinational Cell Count:     31441
  Sequential Cell Count:         5439
  Macro Count:                      0
  -----------------------------------


  Area
  -----------------------------------
  Combinational Area:      73024.6884
  Noncombinational Area:   41291.3304
  Buf/Inv Area:            15329.3355
  Total Buffer Area:        9561.3225
  Total Inverter Area:      5768.0131
  Macro/Black Box Area:        0.0000
  Net Area:                 1121.0991
  Net XLength        :  20667850.0000
  Net YLength        :  42714668.0000
  -----------------------------------
  Cell Area:              114316.0188
  Design Area:            115437.1179
  Net Length        :   63382520.0000


  Design Rules
  -----------------------------------
  Total Number of Nets:         38813
  Nets With Violations:         23675
  Max Trans Violations:          4349
  Max Cap Violations:            1513
  Max Net Length Violations:    23246
  -----------------------------------


  Hostname: vlsi-dist.khu.ac.kr

  Compile CPU Statistics
  -----------------------------------------
  Resource Sharing:                  0.0000
  Logic Optimization:                0.0000
  Mapping Optimization:            345.6315
  -----------------------------------------
  Overall Compile Time:            346.8873
  Overall Compile Wall Clock Time: 347.3932

  --------------------------------------------------------------------

  Design  WNS: 7.0957  TNS: 3229.9902  Number of Violating Paths: 1264


  Design (Hold)  WNS: 0.0604  TNS: 1.6701  Number of Violating Paths: 107

  --------------------------------------------------------------------


1
