Warning: Clock network timing may not be up-to-date since only 33.333332 percentage of clock nets are routed. (TIM-233)
 
****************************************
Report : timing
        -path full_clock
        -delay max
        -physical
        -derate
        -input_pins
        -nets
        -max_paths 1
        -transition_time
        -crosstalk_delta
        -capacitance
Design : khu_sensor_pad
Version: N-2017.09
Date   : Fri Aug 28 07:08:22 2020
****************************************

 * Some/all delay information is back-annotated.

Operating Conditions: V105WTP1250   Library: std150e_wst_105_p125
	Parasitic source    : LPE
	Parasitic mode      : RealRVirtualC
	Extraction mode     : MIN_MAX
	Extraction derating : -40/25/125

Information: Percent of Arnoldi-based delays =  0.00%

  Startpoint: khu_sensor_top/ads1292_controller/o_SPI_CSN_reg
              (rising edge-triggered flip-flop clocked by clk_pad)
  Endpoint: ADS1292_CSN
            (output port clocked by clk)
  Path Group: clk
  Path Type: max

Attributes:
    d - dont_touch
    u - dont_use
   mo - map_only
   so - size_only
    i - ideal_net or ideal_network

  Point                                       Fanout       Cap     DTran     Trans     Delta     Derate      Incr       Path      Location / Load        Attributes
  -----------------------------------------------------------------------------------------------------------------------------------------------------------------
  clock clk_pad (rise edge)                                                                                0.0000     0.0000
  clock network delay (ideal)                                                                              0.0000     0.0000
  khu_sensor_top/ads1292_controller/o_SPI_CSN_reg/CK (fd3qd1_hd)
                                                                  0.0000    0.9000    0.0000     1.1440    0.0000     0.0000 r    (3230.29,2738.76)
  khu_sensor_top/ads1292_controller/o_SPI_CSN_reg/Q (fd3qd1_hd)            10.9255               1.1440    6.1418     6.1418 r    (3238.06,2739.17)
  khu_sensor_top/ads1292_controller/o_SPI_CSN (net)
                                                1       0.6097                                   1.1440    0.0000     6.1418 r    [0.61,0.61]
  khu_sensor_top/ads1292_controller/o_SPI_CSN (ads1292_controller)                               1.1440    0.0000     6.1418 r    (netlink)
  khu_sensor_top/ADS1292_CSN (net)                      0.6097                                   1.1440    0.0000     6.1418 r    [0.61,0.61]
  khu_sensor_top/ADS1292_CSN (khu_sensor_top)                                                    1.1440    0.0000     6.1418 r    (netlink)
  w_ads1292_csn_p (net)                                 0.6097                                   1.1440    0.0000     6.1418 r    [0.61,0.61]
  icc_place10/A (nid3_hd)                                         0.0000   10.9255    0.0000     1.1440    0.0000 *   6.1418 r    (3247.26,2745.69)
  icc_place10/Y (nid3_hd)                                                   0.7392               1.1440    1.7069     7.8488 r    (3248.22,2745.87)
  n10 (net)                                     2       0.1015                                   1.1440    0.0000     7.8488 r    [0.10,0.10]
  icc_place22/A (nid3_hd)                                         0.0000    0.7392    0.0000     1.1440    0.0139 *   7.8626 r    (2685.58,2774.49)
  icc_place22/Y (nid3_hd)                                                   0.5355               1.1440    0.5106     8.3733 r    (2684.62,2774.67)
  n24 (net)                                     1       0.0866                                   1.1440    0.0000     8.3733 r    [0.08,0.09]
  icc_place11/A (nid3_hd)                                         0.0000    0.5355    0.0000     1.1440    0.0103 *   8.3836 r    (2234.58,2828.75)
  icc_place11/Y (nid3_hd)                                                   0.6480               1.1440    0.5346     8.9181 r    (2233.62,2828.57)
  n11 (net)                                     1       0.1068                                   1.1440    0.0000     8.9181 r    [0.10,0.11]
  icc_place21/A (nid2_hd)                                         0.0000    0.6480    0.0000     1.1440    0.0151 *   8.9333 r    (2215.20,3408.42)
  icc_place21/Y (nid2_hd)                                                   0.6513               1.1440    0.5539     9.4871 r    (2214.23,3408.36)
  n23 (net)                                     1       0.0724                                   1.1440    0.0000     9.4871 r    [0.07,0.07]
  icc_place20/A (nid2_hd)                                         0.0000    0.6513    0.0000     1.1440    0.0082 *   9.4953 r    (1816.11,3487.61)
  icc_place20/Y (nid2_hd)                                                   0.7264               1.1440    0.5928    10.0882 r    (1815.15,3487.56)
  n22 (net)                                     1       0.0814                                   1.1440    0.0000    10.0882 r    [0.08,0.08]
  icc_place1/A (nid4_hd)                                          0.0000    0.7264    0.0000     1.1440    0.0088 *  10.0970 r    (1376.56,3498.00)
  icc_place1/Y (nid4_hd)                                                    0.7513               1.1440    0.6094    10.7064 r    (1375.63,3498.08)
  n38 (net)                                     1       0.1702                                   1.1440    0.0000    10.7064 r    [0.13,0.17]
  pad198/A (phob12_p)                                             0.0000    0.7513    0.0000     1.1440    0.0395 *  10.7459 r    (956.48,3862.48)       d u 
  pad198/PAD (phob12_p)                                                     0.5345               1.1440    2.9075    13.6535 r    (946.00,3941.60)       d u 
  ADS1292_CSN (net)                             1       0.0218                                   1.1440    0.0000    13.6535 r    [0.01,0.02]
  ADS1292_CSN (out)                                               0.0000    0.5345    0.0000     1.1440    0.0002 *  13.6537 r    (918.00,3896.60)
  data arrival time                                                                                                  13.6537

  clock clk (rise edge)                                                                                   10.0000    10.0000
  clock network delay (ideal)                                                                              0.0000    10.0000
  clock uncertainty                                                                                       -0.5000     9.5000
  output external delay                                                                                   -1.0000     8.5000
  data required time                                                                                                  8.5000
  -----------------------------------------------------------------------------------------------------------------------------------------------------------------
  data required time                                                                                                  8.5000
  data arrival time                                                                                                 -13.6537
  -----------------------------------------------------------------------------------------------------------------------------------------------------------------
  slack (VIOLATED)                                                                                                   -5.1537


  Startpoint: khu_sensor_top/ads1292_filter/o_ADS1292_FILTERED_DATA_VALID_reg
              (rising edge-triggered flip-flop clocked by clk_pad)
  Endpoint: khu_sensor_top/sensor_core/r_ads_ch2_data_out_reg_13_
            (rising edge-triggered flip-flop clocked by clk_half)
  Path Group: clk_half
  Path Type: max

Attributes:
    d - dont_touch
    u - dont_use
   mo - map_only
   so - size_only
    i - ideal_net or ideal_network

  Point                                       Fanout       Cap     DTran     Trans     Delta     Derate      Incr       Path      Location / Load        Attributes
  -----------------------------------------------------------------------------------------------------------------------------------------------------------------
  clock clk_pad (rise edge)                                                                                0.0000     0.0000
  clock network delay (ideal)                                                                              0.0000     0.0000
  khu_sensor_top/ads1292_filter/o_ADS1292_FILTERED_DATA_VALID_reg/CK (fd4qd1_hd)
                                                                  0.0000    0.9000    0.0000     1.1440    0.0000     0.0000 r    (2916.12,2537.25)
  khu_sensor_top/ads1292_filter/o_ADS1292_FILTERED_DATA_VALID_reg/Q (fd4qd1_hd)
                                                                            2.2573               1.1440    1.7250     1.7250 r    (2926.16,2536.91)
  khu_sensor_top/ads1292_filter/o_ADS1292_FILTERED_DATA_VALID (net)
                                                1       0.1240                                   1.1440    0.0000     1.7250 r    [0.12,0.12]
  khu_sensor_top/ads1292_filter/o_ADS1292_FILTERED_DATA_VALID (ads1292_filter)                   1.1440    0.0000     1.7250 r    (netlink)
  khu_sensor_top/w_ads1292_filtered_data_valid (net)    0.1240                                   1.1440    0.0000     1.7250 r    [0.12,0.12]
  khu_sensor_top/icc_place1/A (nid2_hd)                           0.0000    2.2573    0.0000     1.1440    0.0000 *   1.7250 r    (2926.24,2518.82)
  khu_sensor_top/icc_place1/Y (nid2_hd)                                     0.6186               1.1440    0.7010     2.4261 r    (2925.27,2518.88)
  khu_sensor_top/n2 (net)                       3       0.0661                                   1.1440    0.0000     2.4261 r    [0.06,0.07]
  khu_sensor_top/sensor_core/i_ADS1292_FILTERED_DATA_VALID (sensor_core)                         1.1440    0.0000     2.4261 r    (netlink)
  khu_sensor_top/sensor_core/i_ADS1292_FILTERED_DATA_VALID (net)
                                                        0.0661                                   1.1440    0.0000     2.4261 r    [0.06,0.07]
  khu_sensor_top/sensor_core/icc_place20/A (nid1_hd)              0.0000    0.6186    0.0000     1.1440    0.0030 *   2.4291 r    (3075.69,2400.42)
  khu_sensor_top/sensor_core/icc_place20/Y (nid1_hd)                        0.7865               1.1440    0.6065     3.0356 r    (3076.64,2400.36)
  khu_sensor_top/sensor_core/n658 (net)         2       0.0417                                   1.1440    0.0000     3.0356 r    [0.04,0.04]
  khu_sensor_top/sensor_core/U876/A (ad2d1_hd)                    0.0000    0.7865    0.0000     1.1440    0.0026 *   3.0382 r    (3235.04,2320.85)
  khu_sensor_top/sensor_core/U876/Y (ad2d1_hd)                              0.2983               1.1440    0.4262     3.4644 r    (3236.60,2321.08)
  khu_sensor_top/sensor_core/N933 (net)         2       0.0129                                   1.1440    0.0000     3.4644 r    [0.01,0.01]
  khu_sensor_top/sensor_core/U1065/B (clknd2d1_hd)                0.0000    0.2983    0.0000     1.1440    0.0000 *   3.4644 r    (3244.14,2309.69)
  khu_sensor_top/sensor_core/U1065/Y (clknd2d1_hd)                          0.8426               1.1440    0.4203     3.8847 f    (3243.60,2310.09)
  khu_sensor_top/sensor_core/n205 (net)         3       0.0238                                   1.1440    0.0000     3.8847 f    [0.01,0.02]
  khu_sensor_top/sensor_core/U773/B (nd2d2_hd)                    0.0000    0.8426    0.0000     1.1440    0.0000 *   3.8847 f    (3232.14,2277.83)
  khu_sensor_top/sensor_core/U773/Y (nd2d2_hd)                              1.6532               1.1440    1.1058     4.9905 r    (3231.71,2277.89)
  khu_sensor_top/sensor_core/N1017 (net)       11       0.1841                                   1.1440    0.0000     4.9905 r    [0.15,0.18]
  khu_sensor_top/sensor_core/icc_place136/A (nid2_hd)             0.0000    1.6532    0.0000     1.1440    0.0023 *   4.9928 r    (3166.03,2194.82)
  khu_sensor_top/sensor_core/icc_place136/Y (nid2_hd)                       0.8410               1.1440    0.7570     5.7498 r    (3165.07,2194.88)
  khu_sensor_top/sensor_core/n649 (net)        14       0.0940                                   1.1440    0.0000     5.7498 r    [0.05,0.09]
  khu_sensor_top/sensor_core/U1328/S (mx2d1_hd)                   0.0000    0.8410    0.0000     1.1440    0.0001 *   5.7498 r    (3156.15,2195.19)
  khu_sensor_top/sensor_core/U1328/Y (mx2d1_hd)                             0.2638               1.1440    0.5474     6.2972 r    (3153.67,2194.91)
  khu_sensor_top/sensor_core/n338 (net)         1       0.0110                                   1.1440    0.0000     6.2972 r    [0.01,0.01]
  khu_sensor_top/sensor_core/r_ads_ch2_data_out_reg_13_/D (fd2qd1_hd)
                                                                  0.0000    0.2638    0.0000     1.1440    0.0000 *   6.2972 r    (3133.77,2191.74)
  data arrival time                                                                                                   6.2972

  clock clk_half (rise edge)                                                                               5.0000     5.0000
  clock network delay (ideal)                                                                              0.6600     5.6600
  clock uncertainty                                                                                       -1.0000     4.6600
  khu_sensor_top/sensor_core/r_ads_ch2_data_out_reg_13_/CK (fd2qd1_hd)                                     0.0000     4.6600 r
  library setup time                                                                                      -0.0419     4.6181
  data required time                                                                                                  4.6181
  -----------------------------------------------------------------------------------------------------------------------------------------------------------------
  data required time                                                                                                  4.6181
  data arrival time                                                                                                  -6.2972
  -----------------------------------------------------------------------------------------------------------------------------------------------------------------
  slack (VIOLATED)                                                                                                   -1.6791


  Startpoint: khu_sensor_top/ads1292_filter/iir_notch/r_counter_reg_1_
              (rising edge-triggered flip-flop clocked by clk_pad)
  Endpoint: khu_sensor_top/ads1292_filter/iir_notch/r_add_1_B_reg_29_
            (rising edge-triggered flip-flop clocked by clk_pad)
  Path Group: clk_pad
  Path Type: max

Attributes:
    d - dont_touch
    u - dont_use
   mo - map_only
   so - size_only
    i - ideal_net or ideal_network

  Point                                       Fanout       Cap     DTran     Trans     Delta     Derate      Incr       Path      Location / Load        Attributes
  -----------------------------------------------------------------------------------------------------------------------------------------------------------------
  clock clk_pad (rise edge)                                                                                0.0000     0.0000
  clock network delay (ideal)                                                                              0.0000     0.0000
  khu_sensor_top/ads1292_filter/iir_notch/r_counter_reg_1_/CK (fd4qd1_hd)
                                                                  0.0000    0.9000    0.0000     1.1440    0.0000     0.0000 r    (2377.12,1251.59)
  khu_sensor_top/ads1292_filter/iir_notch/r_counter_reg_1_/Q (fd4qd1_hd)    0.6159               1.1440    0.8837     0.8837 r    (2387.16,1251.94)
  khu_sensor_top/ads1292_filter/iir_notch/r_counter[1] (net)
                                                1       0.0319                                   1.1440    0.0000     0.8837 r    [0.03,0.03]
  khu_sensor_top/ads1292_filter/iir_notch/icc_place291/A (nid2_hd)
                                                                  0.0000    0.6159    0.0000     1.1440    0.0000 *   0.8837 r    (2402.93,1251.62)
  khu_sensor_top/ads1292_filter/iir_notch/icc_place291/Y (nid2_hd)          0.4725               1.1440    0.4571     1.3409 r    (2403.89,1251.68)
  khu_sensor_top/ads1292_filter/iir_notch/n1144 (net)
                                                9       0.0511                                   1.1440    0.0000     1.3409 r    [0.03,0.05]
  khu_sensor_top/ads1292_filter/iir_notch/icc_place292/A (ivd1_hd)
                                                                  0.0000    0.4725    0.0000     1.1440    0.0025 *   1.3434 r    (2407.84,1309.23)
  khu_sensor_top/ads1292_filter/iir_notch/icc_place292/Y (ivd1_hd)          0.3082               1.1440    0.3108     1.6542 f    (2407.41,1309.37)
  khu_sensor_top/ads1292_filter/iir_notch/n1145 (net)
                                                6       0.0254                                   1.1440    0.0000     1.6542 f    [0.01,0.03]
  khu_sensor_top/ads1292_filter/iir_notch/U1236/B (ad2d1_hd)      0.0000    0.3082    0.0000     1.1440    0.0005 *   1.6547 f    (2401.10,1327.29)
  khu_sensor_top/ads1292_filter/iir_notch/U1236/Y (ad2d1_hd)                0.1448               1.1440    0.3605     2.0152 f    (2400.12,1327.48)
  khu_sensor_top/ads1292_filter/iir_notch/N714 (net)
                                                1       0.0091                                   1.1440    0.0000     2.0152 f    [0.01,0.01]
  khu_sensor_top/ads1292_filter/iir_notch/U1235/A (ad2d2_hd)      0.0000    0.1448    0.0000     1.1440    0.0000 *   2.0152 f    (2393.75,1331.19)
  khu_sensor_top/ads1292_filter/iir_notch/U1235/Y (ad2d2_hd)                0.2238               1.1440    0.3092     2.3244 f    (2392.20,1330.85)
  khu_sensor_top/ads1292_filter/iir_notch/N715 (net)
                                                5       0.0389                                   1.1440    0.0000     2.3244 f    [0.02,0.04]
  khu_sensor_top/ads1292_filter/iir_notch/icc_place441/A (ivd4_hd)
                                                                  0.0000    0.2238    0.0000     1.1440    0.0000 *   2.3244 f    (2400.40,1395.59)
  khu_sensor_top/ads1292_filter/iir_notch/icc_place441/Y (ivd4_hd)          0.7343               1.1440    0.4480     2.7724 r    (2400.88,1395.34)
  khu_sensor_top/ads1292_filter/iir_notch/n1325 (net)
                                               13       0.1670                                   1.1440    0.0000     2.7724 r    [0.12,0.17]
  khu_sensor_top/ads1292_filter/iir_notch/U2715/B (nr2d6_hd)      0.0000    0.7343    0.0000     1.1440    0.0042 *   2.7766 r    (2409.51,1467.50)
  khu_sensor_top/ads1292_filter/iir_notch/U2715/Y (nr2d6_hd)                1.2173               1.1440    0.9760     3.7527 f    (2409.85,1467.59)
  khu_sensor_top/ads1292_filter/iir_notch/n314 (net)
                                                8       0.7743                                   1.1440    0.0000     3.7527 f    [0.76,0.77]
  khu_sensor_top/ads1292_filter/iir_notch/icc_place478/A (nid3_hd)
                                                                  0.0000    1.2173    0.0000     1.1440    0.0000 *   3.7527 f    (2422.26,1453.55)
  khu_sensor_top/ads1292_filter/iir_notch/icc_place478/Y (nid3_hd)          0.4107               1.1440    0.6121     4.3648 f    (2423.22,1453.37)
  khu_sensor_top/ads1292_filter/iir_notch/n1362 (net)
                                                9       0.1212                                   1.1440    0.0000     4.3648 f    [0.10,0.12]
  khu_sensor_top/ads1292_filter/iir_notch/icc_place15/A (nid2_hd)
                                                                  0.0000    0.4107    0.0000     1.1440    0.0008 *   4.3656 f    (2479.04,1406.81)
  khu_sensor_top/ads1292_filter/iir_notch/icc_place15/Y (nid2_hd)           0.4249               1.1440    0.5010     4.8666 f    (2480.01,1406.76)
  khu_sensor_top/ads1292_filter/iir_notch/n1655 (net)
                                               10       0.0878                                   1.1440    0.0000     4.8666 f    [0.07,0.09]
  khu_sensor_top/ads1292_filter/iir_notch/icc_place479/A (ivd2_hd)
                                                                  0.0000    0.4249    0.0000     1.1440    0.0027 *   4.8693 f    (2480.94,1345.23)
  khu_sensor_top/ads1292_filter/iir_notch/icc_place479/Y (ivd2_hd)          0.7760               1.1440    0.5258     5.3951 r    (2480.45,1345.38)
  khu_sensor_top/ads1292_filter/iir_notch/n1363 (net)
                                                9       0.0856                                   1.1440    0.0000     5.3951 r    [0.07,0.09]
  khu_sensor_top/ads1292_filter/iir_notch/U1972/A (scg9d4_hd)     0.0000    0.7760    0.0000     1.1440    0.0027 *   5.3977 r    (2383.73,1349.26)
  khu_sensor_top/ads1292_filter/iir_notch/U1972/Y (scg9d4_hd)               0.4274               1.1440    0.4818     5.8795 r    (2382.16,1348.91)
  khu_sensor_top/ads1292_filter/iir_notch/n845 (net)
                                                4       0.0911                                   1.1440    0.0000     5.8795 r    [0.07,0.09]
  khu_sensor_top/ads1292_filter/iir_notch/U1974/B (clkad2d4_hd)   0.0000    0.4274    0.0000     1.1440    0.0000 *   5.8795 r    (2358.61,1385.27)
  khu_sensor_top/ads1292_filter/iir_notch/U1974/Y (clkad2d4_hd)             0.1888               1.1440    0.3411     6.2207 r    (2357.69,1385.19)
  khu_sensor_top/ads1292_filter/iir_notch/n847 (net)
                                                5       0.0306                                   1.1440    0.0000     6.2207 r    [0.01,0.03]
  khu_sensor_top/ads1292_filter/iir_notch/U1973/C (scg9d2_hd)     0.0000    0.1888    0.0000     1.1440    0.0000 *   6.2207 r    (2421.48,1385.25)
  khu_sensor_top/ads1292_filter/iir_notch/U1973/Y (scg9d2_hd)               0.6291               1.1440    0.4945     6.7152 r    (2420.38,1384.88)
  khu_sensor_top/ads1292_filter/iir_notch/n846 (net)
                                                3       0.0694                                   1.1440    0.0000     6.7152 r    [0.05,0.07]
  khu_sensor_top/ads1292_filter/iir_notch/U1244/A (clknd2d1_hd)   0.0000    0.6291    0.0000     1.1440    0.0000 *   6.7152 r    (2425.49,1424.32)
  khu_sensor_top/ads1292_filter/iir_notch/U1244/Y (clknd2d1_hd)            10.5804               1.1440    6.3362    13.0513 f    (2426.08,1424.49)
  khu_sensor_top/ads1292_filter/iir_notch/N1399 (net)
                                                1       0.5039                                   1.1440    0.0000    13.0513 f    [0.50,0.50]
  khu_sensor_top/ads1292_filter/iir_notch/icc_place480/A (nid2_hd)
                                                                  0.0000   10.5804    0.0000     1.1440    0.0000 *  13.0513 f    (2434.17,1507.61)
  khu_sensor_top/ads1292_filter/iir_notch/icc_place480/Y (nid2_hd)          0.6041               1.1440    2.1610    15.2124 f    (2435.13,1507.56)
  khu_sensor_top/ads1292_filter/iir_notch/n1694 (net)
                                                4       0.0836                                   1.1440    0.0000    15.2124 f    [0.07,0.08]
  khu_sensor_top/ads1292_filter/iir_notch/icc_place409/A (nid3_hd)
                                                                  0.0000    0.6041    0.0000     1.1440    0.0081 *  15.2205 f    (2436.34,1809.69)
  khu_sensor_top/ads1292_filter/iir_notch/icc_place409/Y (nid3_hd)          0.3352               1.1440    0.4740    15.6945 f    (2437.30,1809.87)
  khu_sensor_top/ads1292_filter/iir_notch/n1693 (net)
                                               11       0.0987                                   1.1440    0.0000    15.6945 f    [0.06,0.10]
  khu_sensor_top/ads1292_filter/iir_notch/icc_place244/A (nid3_hd)
                                                                  0.0000    0.3352    0.0000     1.1440    0.0090 *  15.7035 f    (2655.02,1827.95)
  khu_sensor_top/ads1292_filter/iir_notch/icc_place244/Y (nid3_hd)          0.3798               1.1440    0.4443    16.1478 f    (2655.98,1827.77)
  khu_sensor_top/ads1292_filter/iir_notch/n1411 (net)
                                               15       0.1167                                   1.1440    0.0000    16.1478 f    [0.07,0.12]
  khu_sensor_top/ads1292_filter/iir_notch/U1356/S (mx2d1_hd)      0.0000    0.3798    0.0000     1.1440    0.0141 *  16.1619 f    (2642.93,1554.39)
  khu_sensor_top/ads1292_filter/iir_notch/U1356/Y (mx2d1_hd)                0.4121               1.1440    0.5311    16.6930 r    (2645.41,1554.11)
  khu_sensor_top/ads1292_filter/iir_notch/n588 (net)
                                                1       0.0199                                   1.1440    0.0000    16.6930 r    [0.02,0.02]
  khu_sensor_top/ads1292_filter/iir_notch/r_add_1_B_reg_29_/D (fd4qd1_hd)
                                                                  0.0000    0.4121    0.0000     1.1440    0.0000 *  16.6930 r    (2670.44,1568.33)
  data arrival time                                                                                                  16.6930

  clock clk_pad (rise edge)                                                                               10.0000    10.0000
  clock network delay (ideal)                                                                              0.0000    10.0000
  clock uncertainty                                                                                       -0.5000     9.5000
  khu_sensor_top/ads1292_filter/iir_notch/r_add_1_B_reg_29_/CK (fd4qd1_hd)                                 0.0000     9.5000 r
  library setup time                                                                                      -0.0614     9.4386
  data required time                                                                                                  9.4386
  -----------------------------------------------------------------------------------------------------------------------------------------------------------------
  data required time                                                                                                  9.4386
  data arrival time                                                                                                 -16.6930
  -----------------------------------------------------------------------------------------------------------------------------------------------------------------
  slack (VIOLATED)                                                                                                   -7.2544


1
