 
****************************************
Report : constraint
        -all_violators
        -max_delay
        -min_delay
        -max_capacitance
        -max_transition
Design : khu_sensor_pad
Version: N-2017.09
Date   : Fri Aug 28 07:32:29 2020
****************************************

	Parasitic source    : LPE
	Parasitic mode      : RealRC
	Extraction mode     : MIN_MAX
	Extraction derating : -40/25/125

   max_delay/setup ('clk_pad' group)

                             Required        Actual
   Endpoint                 Path Delay     Path Delay        Slack
   -----------------------------------------------------------------
   khu_sensor_top/ads1292_filter/iir_notch/mult_3/product_reg_48_/D  12.5914  12.6098 f  -0.0183 (VIOLATED)
   khu_sensor_top/ads1292_filter/iir_notch/mult_3/product_reg_49_/D  12.6087  12.6190 f  -0.0103 (VIOLATED)
   khu_sensor_top/ads1292_filter/iir_lpf/mult_2/product_reg_48_/D  12.3528  12.3549 f  -0.0021 (VIOLATED)


   min_delay/hold ('clk_half' group)

                             Required        Actual
   Endpoint                 Path Delay     Path Delay        Slack
   -----------------------------------------------------------------
   khu_sensor_top/sensor_core/r_ads_run_set_reg/D   2.2167   2.2067 f  -0.0101 (VIOLATED)


   min_delay/hold ('clk_pad' group)

                             Required        Actual
   Endpoint                 Path Delay     Path Delay        Slack
   -----------------------------------------------------------------
   khu_sensor_top/ads1292_filter/iir_lpf/add/a_m_reg_19_/D   2.2216   2.1801 f  -0.0415 (VIOLATED)
   khu_sensor_top/ads1292_filter/iir_lpf/r_mult_2_B_reg_0_/D   2.1643   2.1471 f  -0.0172 (VIOLATED)
   khu_sensor_top/ads1292_filter/iir_hpf/mult/z_reg_19_/D   2.2512   2.2343 f  -0.0169 (VIOLATED)
   khu_sensor_top/ads1292_filter/iir_hpf/mult/o_Z_reg_30_/D   2.2039   2.1923 f  -0.0115 (VIOLATED)
   khu_sensor_top/ads1292_filter/iir_notch/r_x_data_reg_154_/D   2.1787   2.1730 f  -0.0057 (VIOLATED)
   khu_sensor_top/ads1292_filter/iir_notch/r_mult_1_B_reg_12_/D   2.2917   2.2871 f  -0.0046 (VIOLATED)
   khu_sensor_top/ads1292_filter/iir_lpf/r_y_data_reg_34_/D   2.1922   2.1893 f  -0.0029 (VIOLATED)
   khu_sensor_top/ads1292_filter/converter_i2f/value_reg_30_/D   2.1862   2.1848 f  -0.0014 (VIOLATED)
   khu_sensor_top/ads1292_filter/iir_notch/mult_1/z_m_reg_6_/D   2.1855   2.1844 f  -0.0011 (VIOLATED)
   khu_sensor_top/ads1292_filter/iir_hpf/mult/z_reg_31_/D   2.2138   2.2131 f  -0.0008 (VIOLATED)
   khu_sensor_top/ads1292_filter/iir_lpf/r_y_data_reg_28_/D   2.1728   2.1723 f  -0.0006 (VIOLATED)
   khu_sensor_top/ads1292_filter/iir_notch/mult_1/a_m_reg_11_/D   2.1891   2.1888 f  -0.0003 (VIOLATED)
   khu_sensor_top/ads1292_filter/iir_lpf/mult_2/b_m_reg_2_/D   2.1987   2.1984 f  -0.0003 (VIOLATED)
   khu_sensor_top/ads1292_filter/iir_notch/mult_2/a_reg_13_/D   2.1950   2.1947 f  -0.0002 (VIOLATED)
   khu_sensor_top/ads1292_filter/iir_notch/r_y_data_reg_25_/D   2.1974   2.1973 f  -0.0001 (VIOLATED)
   khu_sensor_top/ads1292_filter/converter_i2f/value_reg_13_/D   2.2105   2.2103 f  -0.0001 (VIOLATED)
   khu_sensor_top/ads1292_filter/iir_notch/mult_2/a_m_reg_15_/D   2.1965   2.1965 f   0.0000 (VIOLATED: increase significant digits)
   khu_sensor_top/ads1292_filter/iir_hpf/r_y_data_reg_20_/D   2.1408   2.1408 f   0.0000 (VIOLATED: increase significant digits)


   max_transition

                             Required        Actual
   Net                      Transition     Transition        Slack
   -----------------------------------------------------------------
   khu_sensor_top/ads1292_filter/iir_hpf/mult/n56   0.9000   1.8749  -0.9749 (VIOLATED)
       PIN :   khu_sensor_top/ads1292_filter/iir_hpf/mult/o_Z_reg_9_/D   0.9000   1.8749  -0.9749 (VIOLATED)
       PIN :   khu_sensor_top/ads1292_filter/iir_hpf/mult/icc_place8/Y   0.9000   1.8749  -0.9749 (VIOLATED)
   khu_sensor_top/ads1292_filter/iir_hpf/mult/n285   0.9000   1.8338  -0.9338 (VIOLATED)
       PIN :   khu_sensor_top/ads1292_filter/iir_hpf/mult/o_Z_reg_3_/D   0.9000   1.8338  -0.9338 (VIOLATED)
       PIN :   khu_sensor_top/ads1292_filter/iir_hpf/mult/icc_place99/Y   0.9000   1.8338  -0.9338 (VIOLATED)
   khu_sensor_top/ads1292_filter/iir_hpf/mult/n160   0.9000   1.7988  -0.8988 (VIOLATED)
       PIN :   khu_sensor_top/ads1292_filter/iir_hpf/mult/o_Z_reg_16_/D   0.9000   1.7988  -0.8988 (VIOLATED)
       PIN :   khu_sensor_top/ads1292_filter/iir_hpf/mult/icc_place29/Y   0.9000   1.7988  -0.8988 (VIOLATED)
   khu_sensor_top/ads1292_filter/iir_hpf/mult/n243   0.9000   1.7874  -0.8874 (VIOLATED)
       PIN :   khu_sensor_top/ads1292_filter/iir_hpf/mult/o_Z_reg_14_/D   0.9000   1.7874  -0.8874 (VIOLATED)
       PIN :   khu_sensor_top/ads1292_filter/iir_hpf/mult/icc_place57/Y   0.9000   1.7874  -0.8874 (VIOLATED)
   khu_sensor_top/ads1292_filter/iir_hpf/mult/n244   0.9000   1.7353  -0.8353 (VIOLATED)
       PIN :   khu_sensor_top/ads1292_filter/iir_hpf/mult/o_Z_reg_8_/D   0.9000   1.7353  -0.8353 (VIOLATED)
       PIN :   khu_sensor_top/ads1292_filter/iir_hpf/mult/icc_place58/Y   0.9000   1.7353  -0.8353 (VIOLATED)
   khu_sensor_top/ads1292_filter/iir_hpf/mult/n55   0.9000   1.6976  -0.7976 (VIOLATED)
       PIN :   khu_sensor_top/ads1292_filter/iir_hpf/mult/o_Z_reg_11_/D   0.9000   1.6976  -0.7976 (VIOLATED)
       PIN :   khu_sensor_top/ads1292_filter/iir_hpf/mult/icc_place7/Y   0.9000   1.6976  -0.7976 (VIOLATED)
   khu_sensor_top/ads1292_filter/iir_hpf/mult/n284   0.9000   1.6948  -0.7948 (VIOLATED)
       PIN :   khu_sensor_top/ads1292_filter/iir_hpf/mult/o_Z_reg_10_/D   0.9000   1.6948  -0.7948 (VIOLATED)
       PIN :   khu_sensor_top/ads1292_filter/iir_hpf/mult/icc_place98/Y   0.9000   1.6948  -0.7948 (VIOLATED)
   khu_sensor_top/ads1292_filter/iir_hpf/mult/n219   0.9000   1.6345  -0.7345 (VIOLATED)
       PIN :   khu_sensor_top/ads1292_filter/iir_hpf/mult/o_Z_reg_1_/D   0.9000   1.6345  -0.7345 (VIOLATED)
       PIN :   khu_sensor_top/ads1292_filter/iir_hpf/mult/icc_place33/Y   0.9000   1.6345  -0.7345 (VIOLATED)
   khu_sensor_top/ads1292_filter/iir_hpf/mult/n58   0.9000   1.6079  -0.7079 (VIOLATED)
       PIN :   khu_sensor_top/ads1292_filter/iir_hpf/mult/o_Z_reg_5_/D   0.9000   1.6079  -0.7079 (VIOLATED)
       PIN :   khu_sensor_top/ads1292_filter/iir_hpf/mult/icc_place10/Y   0.9000   1.6079  -0.7079 (VIOLATED)
   khu_sensor_top/ads1292_filter/iir_hpf/mult/n246   0.9000   1.5532  -0.6532 (VIOLATED)
       PIN :   khu_sensor_top/ads1292_filter/iir_hpf/mult/o_Z_reg_22_/D   0.9000   1.5532  -0.6532 (VIOLATED)
       PIN :   khu_sensor_top/ads1292_filter/iir_hpf/mult/icc_place60/Y   0.9000   1.5532  -0.6532 (VIOLATED)
   khu_sensor_top/ads1292_filter/iir_hpf/mult/n68   0.9000   1.4731  -0.5731 (VIOLATED)
       PIN :   khu_sensor_top/ads1292_filter/iir_hpf/mult/o_Z_reg_2_/D   0.9000   1.4731  -0.5731 (VIOLATED)
       PIN :   khu_sensor_top/ads1292_filter/iir_hpf/mult/icc_place20/Y   0.9000   1.4731  -0.5731 (VIOLATED)
   khu_sensor_top/ads1292_filter/iir_hpf/mult/n370   0.9000   1.4553  -0.5553 (VIOLATED)
       PIN :   khu_sensor_top/ads1292_filter/iir_hpf/mult/b_reg_12_/D   0.9000   1.4553  -0.5553 (VIOLATED)
       PIN :   khu_sensor_top/ads1292_filter/iir_hpf/mult/icc_place161/Y   0.9000   1.4553  -0.5553 (VIOLATED)
   khu_sensor_top/ads1292_filter/iir_notch/n5   0.9000   1.2080  -0.3080 (VIOLATED)
       PIN :   khu_sensor_top/ads1292_filter/iir_notch/U1701/B   0.9000   1.2080  -0.3080 (VIOLATED)
       PIN :   khu_sensor_top/ads1292_filter/iir_notch/U1608/C   0.9000   1.2080  -0.3080 (VIOLATED)
       PIN :   khu_sensor_top/ads1292_filter/iir_notch/U644/H   0.9000   1.2080  -0.3080 (VIOLATED)
       PIN :   khu_sensor_top/ads1292_filter/iir_notch/icc_place3/Y   0.9000   1.2080  -0.3080 (VIOLATED)
   khu_sensor_top/ads1292_filter/iir_hpf/mult/N450   0.9000   1.0111  -0.1111 (VIOLATED)
       PIN :   khu_sensor_top/ads1292_filter/iir_hpf/mult/z_reg_19_/D   0.9000   1.0111  -0.1111 (VIOLATED)
       PIN :   khu_sensor_top/ads1292_filter/iir_hpf/mult/U438/Y   0.9000   1.0111  -0.1111 (VIOLATED)
   khu_sensor_top/ads1292_filter/iir_lpf/mult_1/n261   0.9000   0.9895  -0.0895 (VIOLATED)
       PIN :   khu_sensor_top/ads1292_filter/iir_lpf/mult_1/U237/B   0.9000   0.9895  -0.0895 (VIOLATED)
       PIN :   khu_sensor_top/ads1292_filter/iir_lpf/mult_1/icc_place81/Y   0.9000   0.9895  -0.0895 (VIOLATED)
   khu_sensor_top/sensor_core/r_mpr_reg_addr[7]   0.9000   0.9518  -0.0518 (VIOLATED)
       PIN :   khu_sensor_top/sensor_core/U1359/D0   0.9000   0.9518  -0.0518 (VIOLATED)
       PIN :   khu_sensor_top/sensor_core/U399/B   0.9000   0.9518  -0.0518 (VIOLATED)
       PIN :   khu_sensor_top/sensor_core/r_mpr_reg_addr_reg_7_/Q   0.9000   0.9518  -0.0518 (VIOLATED)
   khu_sensor_top/ads1292_filter/iir_hpf/mult/n69   0.9000   0.9299  -0.0299 (VIOLATED)
       PIN :   khu_sensor_top/ads1292_filter/iir_hpf/mult/o_Z_reg_0_/D   0.9000   0.9299  -0.0299 (VIOLATED)
       PIN :   khu_sensor_top/ads1292_filter/iir_hpf/mult/icc_place21/Y   0.9000   0.9299  -0.0299 (VIOLATED)
   khu_sensor_top/ads1292_filter/iir_hpf/mult/N462   0.9000   0.9274  -0.0274 (VIOLATED)
       PIN :   khu_sensor_top/ads1292_filter/iir_hpf/mult/z_reg_31_/D   0.9000   0.9274  -0.0274 (VIOLATED)
       PIN :   khu_sensor_top/ads1292_filter/iir_hpf/mult/U249/Y   0.9000   0.9274  -0.0274 (VIOLATED)
   khu_sensor_top/sensor_core/n618   0.9000   0.9139       -0.0139  (VIOLATED)
       PIN :   khu_sensor_top/sensor_core/U1359/D1   0.9000   0.9139  -0.0139 (VIOLATED)
       PIN :   khu_sensor_top/sensor_core/icc_place120/Y   0.9000   0.9139  -0.0139 (VIOLATED)
   khu_sensor_top/sensor_core/r_ads_ch2_data_out[18]   0.9000   0.9081  -0.0081 (VIOLATED)
       PIN :   khu_sensor_top/sensor_core/U1333/D0   0.9000   0.9081  -0.0081 (VIOLATED)
       PIN :   khu_sensor_top/sensor_core/U404/D   0.9000   0.9081  -0.0081 (VIOLATED)
       PIN :   khu_sensor_top/sensor_core/r_ads_ch2_data_out_reg_18_/Q   0.9000   0.9081  -0.0081 (VIOLATED)
   khu_sensor_top/ads1292_filter/iir_lpf/add/N627   0.9000   0.9038  -0.0038 (VIOLATED)
       PIN :   khu_sensor_top/ads1292_filter/iir_lpf/add/z_reg_30_/D   0.9000   0.9038  -0.0038 (VIOLATED)
       PIN :   khu_sensor_top/ads1292_filter/iir_lpf/add/U345/Y   0.9000   0.9038  -0.0038 (VIOLATED)

   -----------------------------------------------------------------
   Total                      21               -9.9902  

   max_capacitance

                             Required        Actual
   Net                      Capacitance    Capacitance       Slack
   -----------------------------------------------------------------
   khu_sensor_top/ads1292_filter/iir_hpf/mult/n56   0.0820   0.1027  -0.0207 (VIOLATED)
   khu_sensor_top/ads1292_filter/iir_hpf/mult/n285   0.0820   0.1004  -0.0184 (VIOLATED)
   khu_sensor_top/ads1292_filter/iir_hpf/mult/n160   0.0820   0.0984  -0.0164 (VIOLATED)
   khu_sensor_top/ads1292_filter/iir_hpf/mult/n243   0.0820   0.0978  -0.0158 (VIOLATED)
   khu_sensor_top/ads1292_filter/iir_hpf/mult/n244   0.0820   0.0949  -0.0129 (VIOLATED)
   khu_sensor_top/ads1292_filter/iir_hpf/mult/n55   0.0820   0.0927  -0.0107 (VIOLATED)
   khu_sensor_top/ads1292_filter/iir_hpf/mult/n284   0.0820   0.0926  -0.0106 (VIOLATED)
   khu_sensor_top/ads1292_filter/iir_hpf/mult/n219   0.0820   0.0892  -0.0072 (VIOLATED)
   khu_sensor_top/ads1292_filter/iir_hpf/mult/n58   0.0820   0.0877  -0.0057 (VIOLATED)
   khu_sensor_top/ads1292_filter/iir_hpf/mult/n246   0.0820   0.0847  -0.0027 (VIOLATED)

   -----------------------------------------------------------------
   Total                      10               -0.1210  

1
