 
****************************************
Report : timing
        -path full_clock
        -delay min
        -physical
        -derate
        -input_pins
        -nets
        -max_paths 1
        -transition_time
        -crosstalk_delta
        -capacitance
Design : khu_sensor_pad
Version: N-2017.09
Date   : Fri Aug 28 07:20:08 2020
****************************************

 * Some/all delay information is back-annotated.

Operating Conditions: V135BTN0400   Library: std150e_bst_135_n040
	Parasitic source    : LPE
	Parasitic mode      : RealRC
	Extraction mode     : MIN_MAX
	Extraction derating : -40/25/125

Information: Percent of Arnoldi-based delays = 18.00%

  Startpoint: khu_sensor_top/ads1292_filter/o_ADS1292_FILTERED_DATA_reg_14_
              (rising edge-triggered flip-flop clocked by clk_pad)
  Endpoint: khu_sensor_top/sensor_core/r_ads_ch2_data_out_reg_14_
            (rising edge-triggered flip-flop clocked by clk_half)
  Path Group: clk_half
  Path Type: min

Attributes:
    d - dont_touch
    u - dont_use
   mo - map_only
   so - size_only
    i - ideal_net or ideal_network

  Point                                       Fanout       Cap     DTran     Trans     Delta     Derate      Incr       Path      Location / Load        Attributes
  -----------------------------------------------------------------------------------------------------------------------------------------------------------------
  clock clk_pad (rise edge)                                                                               20.0000    20.0000
  clock network delay (ideal)                                                                              0.0000    20.0000
  khu_sensor_top/ads1292_filter/o_ADS1292_FILTERED_DATA_reg_14_/CK (fd4qd1_hd)
                                                                  0.0000    0.9000    0.0000     0.9250    0.0000    20.0000 r    (3104.00,2350.04)      d 
  khu_sensor_top/ads1292_filter/o_ADS1292_FILTERED_DATA_reg_14_/Q (fd4qd1_hd)
                                                                            0.0741               0.9250    0.1616    20.1616 f    (3114.04,2349.71)      d 
  khu_sensor_top/ads1292_filter/o_ADS1292_FILTERED_DATA[14] (net)
                                                2       0.0108                                   0.9250    0.0000    20.1616 f    [0.01,0.01]
  khu_sensor_top/ads1292_filter/o_ADS1292_FILTERED_DATA[14] (ads1292_filter)                     0.9250    0.0000    20.1616 f    (netlink)
  khu_sensor_top/w_ads1292_filtered_data[14] (net)      0.0108                                   0.9250    0.0000    20.1616 f    [0.01,0.01]
  khu_sensor_top/sensor_core/i_ADS1292_FILTERED_DATA_OUT[14] (sensor_core)                       0.9250    0.0000    20.1616 f    (netlink)
  khu_sensor_top/sensor_core/i_ADS1292_FILTERED_DATA_OUT[14] (net)
                                                        0.0108                                   0.9250    0.0000    20.1616 f    [0.01,0.01]
  khu_sensor_top/sensor_core/U119/A (ad2d1_hd)                    0.0000    0.0741    0.0000     0.9250    0.0001 &  20.1617 f    (3141.76,2324.78)
  khu_sensor_top/sensor_core/U119/Y (ad2d1_hd)                              0.0747               0.9250    0.0975    20.2592 f    (3143.32,2324.56)
  khu_sensor_top/sensor_core/N972 (net)         1       0.0131                                   0.9250    0.0000    20.2592 f    [0.01,0.01]
  khu_sensor_top/sensor_core/U1329/D1 (mx2d1_hd)                  0.0000    0.0747    0.0000     0.9250    0.0001 &  20.2594 f    (3163.76,2252.47)
  khu_sensor_top/sensor_core/U1329/Y (mx2d1_hd)                             0.0523               0.9250    0.0854    20.3448 f    (3162.91,2252.51)
  khu_sensor_top/sensor_core/n337 (net)         1       0.0047                                   0.9250    0.0000    20.3448 f    [0.00,0.00]
  khu_sensor_top/sensor_core/r_ads_ch2_data_out_reg_14_/D (fd2qd1_hd)
                                                                  0.0000    0.0523    0.0000     0.9250    0.0000 &  20.3448 f    (3160.61,2230.70)      d 
  data arrival time                                                                                                  20.3448

  clock clk_half (rise edge)                                                                              20.0000    20.0000
  clock network delay (ideal)                                                                              0.6600    20.6600
  clock reconvergence pessimism                                                                            0.0000    20.6600
  clock uncertainty                                                                                        0.2400    20.9000
  khu_sensor_top/sensor_core/r_ads_ch2_data_out_reg_14_/CK (fd2qd1_hd)                                     0.0000    20.9000 r
  library hold time                                                                                        0.0037    20.9037
  data required time                                                                                                 20.9037
  -----------------------------------------------------------------------------------------------------------------------------------------------------------------
  data required time                                                                                                 20.9037
  data arrival time                                                                                                 -20.3448
  -----------------------------------------------------------------------------------------------------------------------------------------------------------------
  slack (VIOLATED)                                                                                                   -0.5589


  Startpoint: khu_sensor_top/ads1292_filter/iir_notch/mult_2/z_reg_30_
              (rising edge-triggered flip-flop clocked by clk_pad)
  Endpoint: khu_sensor_top/ads1292_filter/iir_notch/mult_2/o_Z_reg_30_
            (rising edge-triggered flip-flop clocked by clk_pad)
  Path Group: clk_pad
  Path Type: min

Attributes:
    d - dont_touch
    u - dont_use
   mo - map_only
   so - size_only
    i - ideal_net or ideal_network

  Point                                       Fanout       Cap     DTran     Trans     Delta     Derate      Incr       Path      Location / Load        Attributes
  -----------------------------------------------------------------------------------------------------------------------------------------------------------------
  clock clk_pad (rise edge)                                                                                0.0000     0.0000
  clock network delay (ideal)                                                                              0.0000     0.0000
  khu_sensor_top/ads1292_filter/iir_notch/mult_2/z_reg_30_/CK (fd1eqd1_hd)
                                                                  0.0000    0.9000    0.0000     0.9250    0.0000     0.0000 r    (1860.81,1385.22)      d 
  khu_sensor_top/ads1292_filter/iir_notch/mult_2/z_reg_30_/Q (fd1eqd1_hd)   0.0469               0.9250    0.1336     0.1336 f    (1861.35,1384.98)      d 
  khu_sensor_top/ads1292_filter/iir_notch/mult_2/z[30] (net)
                                                1       0.0052                                   0.9250    0.0000     0.1336 f    [0.00,0.01]
  khu_sensor_top/ads1292_filter/iir_notch/mult_2/icc_cpts1/A (ivd1_hd)
                                                                  0.0000    0.0469    0.0000     0.9250    0.0000 &   0.1336 f    (1881.16,1385.21)
  khu_sensor_top/ads1292_filter/iir_notch/mult_2/icc_cpts1/Y (ivd1_hd)      0.3081               0.9250    0.1310     0.2646 r    (1881.59,1385.07)
  khu_sensor_top/ads1292_filter/iir_notch/mult_2/n2 (net)
                                                1       0.0349                                   0.9250    0.0000     0.2646 r    [0.03,0.03]
  khu_sensor_top/ads1292_filter/iir_notch/mult_2/icc_cpts2/A (ivd1_hd)
                                                                  0.0000    0.3081   -0.0738     0.9250   -0.0785 &   0.1861 r    (2125.80,1370.81)
  khu_sensor_top/ads1292_filter/iir_notch/mult_2/icc_cpts2/Y (ivd1_hd)      0.0894               0.9250    0.0395     0.2257 f    (2126.24,1370.67)
  khu_sensor_top/ads1292_filter/iir_notch/mult_2/n3 (net)
                                                1       0.0052                                   0.9250    0.0000     0.2257 f    [0.00,0.01]
  khu_sensor_top/ads1292_filter/iir_notch/mult_2/o_Z_reg_30_/D (fd1eqd1_hd)
                                                                  0.0000    0.0894    0.0000     0.9250    0.0000 &   0.2257 f    (2146.86,1374.33)      d 
  data arrival time                                                                                                   0.2257

  clock clk_pad (rise edge)                                                                                0.0000     0.0000
  clock network delay (ideal)                                                                              0.0000     0.0000
  clock reconvergence pessimism                                                                            0.0000     0.0000
  clock uncertainty                                                                                        0.2400     0.2400
  khu_sensor_top/ads1292_filter/iir_notch/mult_2/o_Z_reg_30_/CK (fd1eqd1_hd)                               0.0000     0.2400 r
  library hold time                                                                                        0.0100     0.2500
  data required time                                                                                                  0.2500
  -----------------------------------------------------------------------------------------------------------------------------------------------------------------
  data required time                                                                                                  0.2500
  data arrival time                                                                                                  -0.2257
  -----------------------------------------------------------------------------------------------------------------------------------------------------------------
  slack (VIOLATED)                                                                                                   -0.0243


1
