 
****************************************
Report : design
        -physical
Design : khu_sensor_pad
Version: N-2017.09
Date   : Fri Aug 28 07:20:07 2020
****************************************

	Parasitic source    : LPE
	Parasitic mode      : RealRC
	Extraction mode     : MIN_MAX
	Extraction derating : -40/25/125
****************************** P&R Summary ********************************
Date : Fri Aug 28 07:20:07 2020
Machine Host Name: vlsi-dist.khu.ac.kr
Working Directory: /home/graduation_project3/2015103977/khu_sensor/Back_End
Library Name:      khu_sensor_pad_route
Cell Name:         khu_sensor_pad.CEL;1
Design Statistics:
    Number of Module Cells:        36669
    Number of Pins:                201945
    Number of IO Pad Cells:        211
    Number of IO Pins:             14
    Number of Nets:                38671
    Average Pins Per Net (Signal): 3.12296

Chip Utilization:
    Total Std Cell Area:           543229.63
    Total Blockage Area:           258347.23
    Total Pad Cell Area:           1750526.40
    Core Size:     width 2924.68, height 3002.40; area 8781059.23
    Pad Core Size: width 3724.76, height 3724.76; area 13873837.06
    Chip Size:     width 4000.00, height 4000.00; area 16000000.00
    Std cells utilization:         6.37% 
    Cell/Core Ratio:               6.19%
    Cell/Chip Ratio:               14.34%
    Number of Cell Rows:            834

Master Instantiation:
	MasterName	Type	InstCount
	=================================
	ivd1_hd		STD	3398
	nid2_hd		STD	2211
	nid1_hd		STD	2204
	fd1eqd1_hd	STD	2073
	scg2d1_hd	STD	1529
	fd4qd1_hd	STD	1422
	xo2d1_hd	STD	1380
	mx2d1_hd	STD	1348
	clknd2d1_hd	STD	1268
	oa21d1_hd	STD	1179
	ao222d1_hd	STD	889
	or2d1_hd	STD	879
	ao22d1_hd	STD	827
	nr2d1_hd	STD	778
	ad2d1_hd	STD	702
	nd2d1_hd	STD	685
	nid3_hd		STD	680
	fad1_hd		STD	665
	fd2qd1_hd	STD	562
	ivd12_hd	STD	552
	fds2eqd1_hd	STD	549
	had1_hd		STD	540
	oa21d2_hd	STD	376
	ivd2_hd		STD	363
	fad2_hd		STD	338
	scg4d1_hd	STD	311
	ivd6_hd		STD	308
	nid4_hd		STD	301
	clknd2d2_hd	STD	298
	fd1eqd2_hd	STD	234
	scg5d1_hd	STD	230
	ivd8_hd		STD	222
	nr4d1_hd	STD	221
	ivd4_hd		STD	209
	fad4_hd		STD	206
	ao21d1_hd	STD	205
	nr2ad1_hd	STD	204
	oa21d4_hd	STD	201
	nr2bd1_hd	STD	199
	ivd3_hd		STD	197
	nd2d2_hd	STD	192
	clknd2d4_hd	STD	181
	nr2d4_hd	STD	179
	fd1ed1_hd	STD	177
	scg6d1_hd	STD	173
	mx2id1_hd	STD	163
	xo2d2_hd	STD	162
	oa211d1_hd	STD	161
	ao222d2_hd	STD	161
	nd4d1_hd	STD	158
	xn2d1_hd	STD	127
	nid12_hd	STD	125
	nr2d2_hd	STD	123
	scg14d1_hd	STD	119
	nid6_hd		STD	119
	scg15d1_hd	STD	103
	nd3d1_hd	STD	100
	nd2d4_hd	STD	98
	xo2d4_hd	STD	96
	fd1eqd4_hd	STD	93
	oa22d1_hd	STD	89
	ao21d4_hd	STD	88
	or2d2_hd	STD	86
	nid24_hd	STD	84
	xn2d4_hd	STD	83
	nd2bd1_hd	STD	80
	xo3d1_hd	STD	76
	fd1ed4_hd	STD	75
	ao21d2_hd	STD	74
	had2_hd		STD	68
	ad2d2_hd	STD	66
	fd4qd2_hd	STD	66
	nid8_hd		STD	65
	or2d4_hd	STD	59
	xn2d2_hd	STD	57
	nd3d6_hd	STD	57
	nr2d6_hd	STD	56
	nd2d6_hd	STD	56
	nr3d1_hd	STD	53
	nid16_hd	STD	52
	nid20_hd	STD	51
	clknd2d3_hd	STD	49
	ao211d1_hd	STD	48
	fd2d1_hd	STD	42
	ad2bd1_hd	STD	42
	nr4d2_hd	STD	40
	fd3qd1_hd	STD	39
	or4d1_hd	STD	38
	clknd2d6_hd	STD	36
	fd3d1_hd	STD	35
	clkxo2d1_hd	STD	34
	had4_hd		STD	34
	ad2d4_hd	STD	33
	fds2eqd2_hd	STD	32
	ivd16_hd	STD	31
	clkxo2d2_hd	STD	29
	ao22d4_hd	STD	29
	mx2id2_hd	STD	27
	or3d1_hd	STD	25
	scg17d1_hd	STD	23
	ad3d4_hd	STD	23
	or2bd4_hd	STD	22
	scg9d1_hd	STD	21
	oa211d2_hd	STD	21
	ao22d2_hd	STD	21
	nd3d2_hd	STD	21
	clkad2d4_hd	STD	21
	nd3bd1_hd	STD	19
	scg18d1_hd	STD	19
	ad4d1_hd	STD	19
	nd2d8_hd	STD	18
	ad2bd4_hd	STD	18
	fd2qd2_hd	STD	16
	fd1ed2_hd	STD	16
	scg13d1_hd	STD	15
	nr2bd2_hd	STD	15
	oa22ad1_hd	STD	14
	scg12d1_hd	STD	14
	nd3d4_hd	STD	14
	ad3d6_hd	STD	13
	scg9d4_hd	STD	13
	scg9d2_hd	STD	13
	scg16d1_hd	STD	12
	mx2id4_hd	STD	12
	xo3d2_hd	STD	12
	scg22d1_hd	STD	11
	scg20d1_hd	STD	11
	mx2id6_hd	STD	11
	clkad2d1_hd	STD	11
	xn2d8_hd	STD	10
	ad2d6_hd	STD	10
	ad2bd6_hd	STD	10
	scg10d1_hd	STD	9
	nr2bd4_hd	STD	9
	scg2d2_hd	STD	9
	nd4d2_hd	STD	9
	oa21d8_hd	STD	8
	nd2bd2_hd	STD	8
	ao211d2_hd	STD	8
	nr2bd6_hd	STD	8
	scg12d2_hd	STD	8
	ad2d8_hd	STD	8
	ao21d8_hd	STD	7
	ad2bd2_hd	STD	7
	or2bd2_hd	STD	7
	clkad2d3_hd	STD	7
	scg12d4_hd	STD	7
	or2bd6_hd	STD	7
	ivd20_hd	STD	7
	scg20d4_hd	STD	6
	xo2d8_hd	STD	6
	nr4d4_hd	STD	6
	scg18d4_hd	STD	6
	ad2bd8_hd	STD	5
	scg6d2_hd	STD	5
	scg14d2_hd	STD	5
	nd2bd4_hd	STD	5
	clkxo2d3_hd	STD	5
	ivd24_hd	STD	5
	mx4d1_hd	STD	4
	ad3d2_hd	STD	4
	scg3d1_hd	STD	4
	scg6d4_hd	STD	4
	scg7d1_hd	STD	4
	or2d6_hd	STD	4
	fd3qd2_hd	STD	4
	nr3ad1_hd	STD	4
	scg14d4_hd	STD	4
	nd3d8_hd	STD	4
	ad3d1_hd	STD	3
	nr2d8_hd	STD	3
	or2bd8_hd	STD	3
	scg1d1_hd	STD	3
	or2d8_hd	STD	3
	scg13d2_hd	STD	3
	scg8d1_hd	STD	3
	oa22d2_hd	STD	3
	scg17d2_hd	STD	3
	scg15d4_hd	STD	3
	nd3bd2_hd	STD	3
	nd2bd8_hd	STD	3
	clknd2d8_hd	STD	3
	scg22d4_hd	STD	3
	scg20d2_hd	STD	2
	nr3d4_hd	STD	2
	ao22ad1_hd	STD	2
	scg21d1_hd	STD	2
	nr3d6_hd	STD	2
	scg13d4_hd	STD	2
	scg22d2_hd	STD	2
	or4d2_hd	STD	2
	xo3d4_hd	STD	2
	oa211d4_hd	STD	1
	scg11d1_hd	STD	1
	oa31d1_hd	STD	1
	clkad2d6_hd	STD	1
	ao211d4_hd	STD	1
	or3d2_hd	STD	1
	fd3d4_hd	STD	1
	scg18d2_hd	STD	1
	scg1d2_hd	STD	1
	scg16d2_hd	STD	1
	mx2d4_hd	STD	1
	fd3d2_hd	STD	1
	scg16d4_hd	STD	1
	ad3d8_hd	STD	1
	clkxo2d4_hd	STD	1
	ao222d4_hd	STD	1
	nd2bd6_hd	STD	1
	scg22d8_hd	STD	1
	mx2d6_hd	STD	1
	fj4d4_hd	STD	1
	had8_hd		STD	1
	scg6d8_hd	STD	1
	fd2d2_hd	STD	1
	mx2d8_hd	STD	1
	fad8_hd		STD	1
	ao222d8_hd	STD	1
	iofillerh5_p	IO	175
	vssoh_p		IO	124
	vssiph_p	IO	48
	iofillerh10_p	IO	44
	vdd33oph_p	IO	18
	phob12_p	IO	6
	vdd12ih_p	IO	5
	iofillerh30_p	IO	5
	vdd12ih_core_p	IO	3
	phic_p		IO	3
	phbct12_p	IO	2
	phis_p		IO	1
	phsoscm3_p	IO	1
	=================================

Timing/Optimization Information:

Global Routing Information:
    layer MET1, dir Hor, min width = 0.16, min space = 0.16 pitch = 0.40
    layer MET2, dir Ver, min width = 0.20, min space = 0.20 pitch = 0.44
    layer MET3, dir Hor, min width = 0.20, min space = 0.20 pitch = 0.40
    layer MET4, dir Ver, min width = 0.20, min space = 0.20 pitch = 0.44
    layer MET5, dir Hor, min width = 0.20, min space = 0.20 pitch = 0.40
    layer MET6, dir Ver, min width = 0.44, min space = 0.44 pitch = 0.88
     
    Average gCell capacity  5.60	 on layer (1)	 MET1
    Average gCell capacity  7.15	 on layer (2)	 MET2
    Average gCell capacity  7.89	 on layer (3)	 MET3
    Average gCell capacity  7.24	 on layer (4)	 MET4
    Average gCell capacity  7.91	 on layer (5)	 MET5
    Average gCell capacity  0.00	 on layer (6)	 MET6
     
    Initial. Both Dirs: Overflow =   216 Max = 1 GRCs =   334 (0.01%)
    Initial. H routing: Overflow =   188 Max = 1 (GRCs = 91) GRCs =   285 (0.02%)
    Initial. V routing: Overflow =    28 Max = 1 (GRCs =  9) GRCs =    49 (0.00%)
     
    phase1. Both Dirs: Overflow =   125 Max = 2 GRCs =   207 (0.01%)
    phase1. H routing: Overflow =   115 Max = 1 (GRCs = 41) GRCs =   190 (0.02%)
    phase1. V routing: Overflow =     9 Max = 2 (GRCs =  1) GRCs =    17 (0.00%)
     
    phase2. Both Dirs: Overflow =    94 Max = 1 GRCs =   167 (0.01%)
    phase2. H routing: Overflow =    92 Max = 1 (GRCs = 20) GRCs =   164 (0.01%)
    phase2. V routing: Overflow =     2 Max = 1 (GRCs =  1) GRCs =     3 (0.00%)
     
    phase3. Both Dirs: Overflow =    93 Max = 1 GRCs =   166 (0.01%)
    phase3. H routing: Overflow =    91 Max = 1 (GRCs = 19) GRCs =   163 (0.01%)
    phase3. V routing: Overflow =     2 Max = 1 (GRCs =  1) GRCs =     3 (0.00%)
     
    Total Wire Length = 3126596.14
    Layer MET1 wire length = 342638.44
    Layer MET2 wire length = 1230833.12
    Layer MET3 wire length = 1279905.86
    Layer MET4 wire length = 273218.72
    Layer MET5 wire length = 0.00
    Layer MET6 wire length = 0.00
    Total Number of Contacts = 230058
    Via VIA12 count = 127579
    Via VIA23 count = 93490
    Via VIA34 count = 8983
    Via VIA45 count = 6
    Via VIA56 count = 0
     
    Elapsed real time: 0:00:20
    Elapsed cpu time: sys = 0:00:00 usr = 0:00:20 total = 0:00:20
    Total Proc Memory(MB): 3022

Track Assignment Information:
    Number of wires with overlap after iteration 0 = 161984 of 299509

    Number of wires with overlap after iteration 1 = 103941 of 219573

    Total MET1 wire length: 283212.1
    Total MET2 wire length: 1157309.5
    Total MET3 wire length: 1351263.5
    Total MET4 wire length: 355601.5
    Total MET5 wire length: 0.0
    Total MET6 wire length: 0.0
    Total wire length: 3147386.2

    Elapsed real time: 0:00:20
    Elapsed cpu time: sys = 0:00:00 usr = 0:00:20 total = 0:00:20
    Total Proc Memory(MB): 3022

Detailed Routing Information:
    

    ---------- Detail route ----------

     
    Iteration 20: DRC-SUMMARY:
    	@@@@@@@ TOTAL VIOLATIONS =	2
     
    Iteration 21: DRC-SUMMARY:
    	@@@@@@@ TOTAL VIOLATIONS =	2
     
    Iteration 22: DRC-SUMMARY:
    	@@@@@@@ TOTAL VIOLATIONS =	2
     
    Iteration 23: DRC-SUMMARY:
    	@@@@@@@ TOTAL VIOLATIONS =	2
     
    Iteration 24: DRC-SUMMARY:
    	@@@@@@@ TOTAL VIOLATIONS =	2
     
    Elapsed real time: 0:00:03
    Elapsed cpu time: sys = 0:00:00 usr = 0:00:03 total = 0:00:03
    Total Proc Memory(MB): 3022
     
    Cumulative run time upto current stage: Elapsed = 0:00:03 CPU = 0:00:03
     
    DR finished with 0 open nets, of which 0 are frozen
    DR finished with 1 violations
     
    DRC-SUMMARY:
    	@@@@@@@ TOTAL VIOLATIONS =	1
    	Short : 1
    Total number of nets = 38671
    0 open nets, of which 0 are frozen
    Total number of excluded ports = 0 ports of 0 unplaced cells connected to 0 nets
                                     0 ports without pins of 0 cells connected to 0 nets
                                     0 ports of 0 cover cells connected to 0 non-pg nets
    Total number of DRCs = 1
    Total number of antenna violations = antenna checking not active
    Total number of voltage-area violations = no voltage-areas defined
    

     
    Elapsed real time: 0:00:01
    Elapsed cpu time: sys = 0:00:00 usr = 0:00:01 total = 0:00:01
    Total Proc Memory(MB): 3022
     
    Cumulative run time upto current stage: Elapsed = 0:00:04 CPU = 0:00:04
     
    Total Wire Length =                    3361707 micron
    Total Number of Contacts =             297395
    Total Number of Wires =                234891
    Total Number of PtConns =              340
    Total Number of Routed Wires =       234891
    Total Routed Wire Length =           3361609 micron
    Total Number of Routed Contacts =       297395
    	Layer           MET1 :     234088 micron
    	Layer           MET2 :    1159794 micron
    	Layer           MET3 :    1504704 micron
    	Layer           MET4 :     463120 micron
    	Layer           MET5 :          0 micron
    	Layer           MET6 :          0 micron
    	Via           FVIA45 :          5
    	Via      FVIA45(rot) :          2
    	Via            VIA34 :          7
    	Via        VIA34_2x1 :      19189
    	Via   VIA34(rot)_1x2 :          2
    	Via        VIA34_1x2 :        428
    	Via            VIA23 :        645
    	Via        VIA23_1x2 :     116893
    	Via   VIA23(rot)_2x1 :          4
    	Via   VIA23(rot)_1x2 :        140
    	Via        VIA23_2x1 :      17209
    	Via            VIA12 :      88762
    	Via       VIA12(rot) :       2372
    	Via        VIA12_2x1 :       6645
    	Via   VIA12(rot)_1x2 :      11089
    	Via   VIA12(rot)_2x1 :       3060
    	Via        VIA12_1x2 :      30943
     
    Redundant via conversion report:
    --------------------------------

      Total optimized via conversion rate = 69.14% (205609 / 297395 vias)
     
        Layer VIA1       = 36.21% (51737  / 142871  vias)
            Weight 1     = 36.21% (51737   vias)
            Un-optimized = 63.79% (91134   vias)
        Layer VIA2       = 99.52% (134246 / 134891  vias)
            Weight 1     = 99.52% (134246  vias)
            Un-optimized =  0.48% (645     vias)
        Layer VIA3       = 99.96% (19619  / 19626   vias)
            Weight 1     = 99.96% (19619   vias)
            Un-optimized =  0.04% (7       vias)
        Layer VIA4       = 100.00% (7      / 7       vias)
            Weight 1     = 100.00% (7       vias)
            Un-optimized =  0.00% (0       vias)
     
      Total double via conversion rate    = 69.13% (205602 / 297395 vias)
     
        Layer VIA1       = 36.21% (51737  / 142871  vias)
        Layer VIA2       = 99.52% (134246 / 134891  vias)
        Layer VIA3       = 99.96% (19619  / 19626   vias)
        Layer VIA4       =  0.00% (0      / 7       vias)
     
      The optimized via conversion rate based on total routed via count = 69.14% (205609 / 297395 vias)
     
        Layer VIA1       = 36.21% (51737  / 142871  vias)
            Weight 1     = 36.21% (51737   vias)
            Un-optimized = 63.79% (91134   vias)
        Layer VIA2       = 99.52% (134246 / 134891  vias)
            Weight 1     = 99.52% (134246  vias)
            Un-optimized =  0.48% (645     vias)
        Layer VIA3       = 99.96% (19619  / 19626   vias)
            Weight 1     = 99.96% (19619   vias)
            Un-optimized =  0.04% (7       vias)
        Layer VIA4       = 100.00% (7      / 7       vias)
            Weight 1     = 100.00% (7       vias)
            Un-optimized =  0.00% (0       vias)
     

DRC information: 
      Short: 1 
      Total error number: 1

Ring Wiring Statistics:
    metal5 Wire Length(count):              14740.48(4)
    metal6 Wire Length(count):              14811.20(4)
  ==============================================
    Total Wire Length(count):               29551.68(8)
    Number of via5 Contacts:              8
  ==============================================
    Total Number of Contacts:        8

Stripe Wiring Statistics:
    metal5 Wire Length(count):              14748.48(4)
    metal6 Wire Length(count):              14819.20(4)
  ==============================================
    Total Wire Length(count):               29567.68(8)
    Number of via5 Contacts:             24
  ==============================================
    Total Number of Contacts:       24

User Wiring Statistics:

PG follow-pin Wiring Statistics:
    metal1 Wire Length(count):            3086358.00(845)
    metal2 Wire Length(count):                 18.00(4)
    metal3 Wire Length(count):                 18.00(4)
    metal4 Wire Length(count):                 18.00(4)
    metal5 Wire Length(count):                 26.52(16)
  ==============================================
    Total Wire Length(count):             3086438.52(873)
    Number of via1 Contacts:           3329
    Number of via2 Contacts:           3329
    Number of via3 Contacts:           3329
    Number of via4 Contacts:           3329
    Number of via5 Contacts:           3327
  ==============================================
    Total Number of Contacts:    16643

Signal Wiring Statistics:
    metal1 Wire Length(count):             234088.94(7200)
    metal2 Wire Length(count):            1160061.57(132331)
    metal3 Wire Length(count):            1504706.62(84651)
    metal4 Wire Length(count):             463120.47(11801)
  ==============================================
    Total Wire Length(count):             3361977.60(235983)

      Mask Name      Contact Code    Number Of Contacts    Percentage
        via1           VIA12(2)             91134	       63.8
        via1_1x2       VIA12(2)             34003	       23.8
        via1_2x1       VIA12(2)             17734	       12.4
 Default via for layer via1:                   63.8%
 Yield-optmized via for layer via1:            36.2%

        via2           VIA23(4)               645	      0.478
        via2_2x1       VIA23(4)             17349	       12.9
        via2_1x2       VIA23(4)            116897	       86.7
 Default via for layer via2:                   0.478%
 Yield-optmized via for layer via2:            99.5%

        via3           VIA34(6)                 7	     0.0357
        via3_1x2       VIA34(6)               428	       2.18
        via3_2x1       VIA34(6)             19191	       97.8
 Default via for layer via3:                   0.0357%
 Yield-optmized via for layer via3:            100%

        via4          FVIA45(9)                 7	        100

 Double Via rate for all layers:           69.1%
  ==============================================
    Total Number of Contacts:    297395

  Horizontal/Vertical Wire Distribution:
    Layer      Hor. Wire (% of Hor.)     Ver. Wire (% of Ver.)
    metal1        233874.30 (13.36%)           214.64 ( 0.01%)
    metal2         13679.59 ( 0.78%)       1146381.98 (71.16%)
    metal3       1503314.39 (85.85%)          1392.23 ( 0.09%)
    metal4           146.77 ( 0.01%)        462973.70 (28.74%)
  ==============================================================
    Total        1751015.05                1610962.55
1
