 
****************************************
Report : qor
Design : khu_sensor_pad
Version: N-2017.09
Date   : Fri Aug 28 07:32:28 2020
****************************************


  Timing Path Group 'clk'
  -----------------------------------
  Levels of Logic:             3.0000
  Critical Path Length:        4.2615
  Critical Path Slack:         1.0582
  Critical Path Clk Period:   10.0000
  Total Negative Slack:        0.0000
  No. of Violating Paths:      0.0000
  Worst Hold Violation:        0.0000
  Total Hold Violation:        0.0000
  No. of Hold Violations:      0.0000
  -----------------------------------

  Timing Path Group 'clk_half'
  -----------------------------------
  Levels of Logic:             8.0000
  Critical Path Length:        3.9528
  Critical Path Slack:         4.9778
  Critical Path Clk Period:   20.0000
  Total Negative Slack:        0.0000
  No. of Violating Paths:      0.0000
  Worst Hold Violation:       -0.0101
  Total Hold Violation:       -0.0101
  No. of Hold Violations:      1.0000
  -----------------------------------

  Timing Path Group 'clk_pad'
  -----------------------------------
  Levels of Logic:            40.0000
  Critical Path Length:        9.2958
  Critical Path Slack:        -0.0183
  Critical Path Clk Period:   10.0000
  Total Negative Slack:       -0.0308
  No. of Violating Paths:      3.0000
  Worst Hold Violation:       -0.0415
  Total Hold Violation:       -0.1053
  No. of Hold Violations:     18.0000
  -----------------------------------


  Cell Count
  -----------------------------------
  Hierarchical Cell Count:        110
  Hierarchical Port Count:       5422
  Leaf Cell Count:              37907
  Buf/Inv Cell Count:           12211
  Buf Cell Count:                6919
  Inv Cell Count:                5292
  CT Buf/Inv Cell Count:          174
  Combinational Cell Count:     32468
  Sequential Cell Count:         5439
  Macro Count:                      0
  -----------------------------------


  Area
  -----------------------------------
  Combinational Area:      74574.6839
  Noncombinational Area:   41291.3304
  Buf/Inv Area:            16683.9989
  Total Buffer Area:       11036.3192
  Total Inverter Area:      5647.6797
  Macro/Black Box Area:        0.0000
  Net Area:                 1134.0404
  Net XLength        :   1766011.5000
  Net YLength        :   1635962.3750
  -----------------------------------
  Cell Area:              115866.0143
  Design Area:            117000.0547
  Net Length        :    3401974.0000


  Design Rules
  -----------------------------------
  Total Number of Nets:         39840
  Nets With Violations:           177
  Max Trans Violations:            21
  Max Cap Violations:              10
  Max Net Length Violations:      156
  -----------------------------------


  Hostname: vlsi-dist.khu.ac.kr

  Compile CPU Statistics
  -----------------------------------------
  Resource Sharing:                  0.0000
  Logic Optimization:                0.0000
  Mapping Optimization:            368.0832
  -----------------------------------------
  Overall Compile Time:            370.4348
  Overall Compile Wall Clock Time: 374.4948

  --------------------------------------------------------------------

  Design  WNS: 0.0183  TNS: 0.0308  Number of Violating Paths: 3  (with Crosstalk delta delays)


  Design (Hold)  WNS: 0.0415  TNS: 0.1154  Number of Violating Paths: 19  (with Crosstalk delta delays)

  --------------------------------------------------------------------


1
