 
****************************************
Report : clock_gating
        -style
Design : khu_sensor_pad
Version: N-2017.09
Date   : Tue Nov 17 18:56:38 2020
****************************************



 Information:  No Clock Gating Cell Found


                             Clock Gating Summary
          ------------------------------------------------------------
          |    Number of Clock gating elements    |        0         |
          |                                       |                  |
          |    Number of Gated registers          |     0 (0.00%)    |
          |                                       |                  |
          |    Number of Ungated registers        |  5213 (100.00%)  |
          |                                       |                  |
          |    Total number of registers          |     5213         |
          ------------------------------------------------------------



1
 
****************************************
Report : clock gating check
Design : khu_sensor_pad
Scenario(s): funccts_wst
Version: N-2017.09
Date   : Tue Nov 17 18:56:38 2020
****************************************

                                    Rise            Fall
    Cell     Enable  Clock     Setup   Hold    Setup  Hold     Low/High  Attr
--------------------------------------------------------------------------------

    khu_sensor_top/ads1292_controller/clk_gate_o_ADS1292_BUSY_reg/latch
             EN      CK        0.0919    -     0.0341   -      -         i l
    khu_sensor_top/ads1292_controller/clk_gate_o_ADS1292_BUSY_reg/latch
             EN      CK          -     0.0100    -    0.0142   -         i l
    khu_sensor_top/ads1292_controller/clk_gate_o_ADS1292_REG_DATA_OUT_reg_0/latch
             EN      CK        0.0997    -     0.0190   -      -         i l
    khu_sensor_top/ads1292_controller/clk_gate_o_ADS1292_REG_DATA_OUT_reg_0/latch
             EN      CK          -     0.0100    -    0.0220   -         i l
    khu_sensor_top/ads1292_controller/clk_gate_r_ads_command_reg_0/latch
             EN      CK        0.0673    -     0.0157   -      -         i l
    khu_sensor_top/ads1292_controller/clk_gate_r_ads_command_reg_0/latch
             EN      CK          -     0.0100    -    0.0212   -         i l
    khu_sensor_top/ads1292_controller/clk_gate_r_spi_data_in_reg_0/latch
             EN      CK        0.0799    -     0.0174   -      -         i l
    khu_sensor_top/ads1292_controller/clk_gate_r_spi_data_in_reg_0/latch
             EN      CK          -     0.0100    -    0.0180   -         i l
    khu_sensor_top/ads1292_controller/clk_gate_r_ads_reg_addr_reg/latch
             EN      CK        0.1209    -     0.0481   -      -         i l
    khu_sensor_top/ads1292_controller/clk_gate_r_ads_reg_addr_reg/latch
             EN      CK          -     0.0100    -    0.0100   -         i l
    khu_sensor_top/ads1292_controller/clk_gate_o_ADS1292_DATA_OUT_reg_0/latch
             EN      CK        0.0953    -     0.0251   -      -         i l
    khu_sensor_top/ads1292_controller/clk_gate_o_ADS1292_DATA_OUT_reg_0/latch
             EN      CK          -     0.0100    -    0.0197   -         i l
    khu_sensor_top/ads1292_controller/clk_gate_r_ads_data_out_reg_0/latch
             EN      CK        0.1110    -     0.0359   -      -         i l
    khu_sensor_top/ads1292_controller/clk_gate_r_ads_data_out_reg_0/latch
             EN      CK          -     0.0100    -    0.0137   -         i l
    khu_sensor_top/ads1292_controller/clk_gate_r_clk_counter_reg_0/latch
             EN      CK        0.0717    -     0.0212   -      -         i l
    khu_sensor_top/ads1292_controller/clk_gate_r_clk_counter_reg_0/latch
             EN      CK          -     0.0100    -    0.0170   -         i l
    khu_sensor_top/ads1292_filter/clk_gate_r_converter_f2i_a_stb_reg/latch
             EN      CK        0.0926    -     0.0218   -      -         i l
    khu_sensor_top/ads1292_filter/clk_gate_r_converter_f2i_a_stb_reg/latch
             EN      CK          -     0.0100    -    0.0173   -         i l
    khu_sensor_top/ads1292_filter/clk_gate_r_counter_reg_0/latch
             EN      CK        0.0637    -     0.0172   -      -         i l
    khu_sensor_top/ads1292_filter/clk_gate_r_counter_reg_0/latch
             EN      CK          -     0.0100    -    0.0159   -         i l
    khu_sensor_top/ads1292_filter/clk_gate_o_ADS1292_FILTERED_DATA_reg_0/latch
             EN      CK        0.0862    -     0.0233   -      -         i l
    khu_sensor_top/ads1292_filter/clk_gate_o_ADS1292_FILTERED_DATA_reg_0/latch
             EN      CK          -     0.0100    -    0.0148   -         i l
    khu_sensor_top/ads1292_filter/clk_gate_r_converter_i2f_a_reg_0/latch
             EN      CK        0.0975    -     0.0253   -      -         i l
    khu_sensor_top/ads1292_filter/clk_gate_r_converter_i2f_a_reg_0/latch
             EN      CK          -     0.0100    -    0.0121   -         i l
    khu_sensor_top/ads1292_filter/clk_gate_r_converter_f2i_a_reg_0/latch
             EN      CK        0.0852    -     0.0219   -      -         i l
    khu_sensor_top/ads1292_filter/clk_gate_r_converter_f2i_a_reg_0/latch
             EN      CK          -     0.0100    -    0.0172   -         i l
    khu_sensor_top/ads1292_filter/clk_gate_r_iir_hpf_x_reg_0/latch
             EN      CK        0.0958    -     0.0267   -      -         i l
    khu_sensor_top/ads1292_filter/clk_gate_r_iir_hpf_x_reg_0/latch
             EN      CK          -     0.0100    -    0.0178   -         i l
    khu_sensor_top/ads1292_filter/clk_gate_r_iir_lpf_x_reg_0/latch
             EN      CK        0.0974    -     0.0299   -      -         i l
    khu_sensor_top/ads1292_filter/clk_gate_r_iir_lpf_x_reg_0/latch
             EN      CK          -     0.0100    -    0.0169   -         i l
    khu_sensor_top/ads1292_filter/clk_gate_r_iir_notch_x_reg_0/latch
             EN      CK        0.0851    -     0.0200   -      -         i l
    khu_sensor_top/ads1292_filter/clk_gate_r_iir_notch_x_reg_0/latch
             EN      CK          -     0.0100    -    0.0203   -         i l
    khu_sensor_top/mpr121_controller/clk_gate_r_i2c_write_reg/latch
             EN      CK        0.0795    -     0.0174   -      -         i l
    khu_sensor_top/mpr121_controller/clk_gate_r_i2c_write_reg/latch
             EN      CK          -     0.0100    -    0.0180   -         i l
    khu_sensor_top/mpr121_controller/clk_gate_o_MPR121_DATA_OUT_reg_0/latch
             EN      CK        0.0655    -     0.0150   -      -         i l
    khu_sensor_top/mpr121_controller/clk_gate_o_MPR121_DATA_OUT_reg_0/latch
             EN      CK          -     0.0100    -    0.0207   -         i l
    khu_sensor_top/mpr121_controller/clk_gate_r_i2c_data_in_reg_0/latch
             EN      CK        0.0915    -     0.0211   -      -         i l
    khu_sensor_top/mpr121_controller/clk_gate_r_i2c_data_in_reg_0/latch
             EN      CK          -     0.0100    -    0.0134   -         i l
    khu_sensor_top/mpr121_controller/clk_gate_o_MPR121_INIT_SET_reg/latch
             EN      CK        0.0702    -     0.0156   -      -         i l
    khu_sensor_top/mpr121_controller/clk_gate_o_MPR121_INIT_SET_reg/latch
             EN      CK          -     0.0100    -    0.0185   -         i l
    khu_sensor_top/mpr121_controller/clk_gate_r_i2c_reg_data_in_reg_0/latch
             EN      CK        0.0629    -     0.0161   -      -         i l
    khu_sensor_top/mpr121_controller/clk_gate_r_i2c_reg_data_in_reg_0/latch
             EN      CK          -     0.0100    -    0.0187   -         i l
    khu_sensor_top/sensor_core/clk_gate_r_mpr_read_reg_done_reg/latch
             EN      CK        0.1186    -     0.0441   -      -         i l
    khu_sensor_top/sensor_core/clk_gate_r_mpr_read_reg_done_reg/latch
             EN      CK          -     0.0100    -    0.0100   -         i l
    khu_sensor_top/sensor_core/clk_gate_r_mpr_touch_status_reg_0/latch
             EN      CK        0.0751    -     0.0268   -      -         i l
    khu_sensor_top/sensor_core/clk_gate_r_mpr_touch_status_reg_0/latch
             EN      CK          -     0.0100    -    0.0160   -         i l
    khu_sensor_top/sensor_core/clk_gate_r_ads_second_param_reg_0/latch
             EN      CK        0.0727    -     0.0163   -      -         i l
    khu_sensor_top/sensor_core/clk_gate_r_ads_second_param_reg_0/latch
             EN      CK          -     0.0100    -    0.0185   -         i l
    khu_sensor_top/sensor_core/clk_gate_r_uart_clk_counter_reg/latch
             EN      CK        0.0666    -     0.0153   -      -         i l
    khu_sensor_top/sensor_core/clk_gate_r_uart_clk_counter_reg/latch
             EN      CK          -     0.0100    -    0.0181   -         i l
    khu_sensor_top/sensor_core/clk_gate_r_ads_ch2_data_out_reg_0/latch
             EN      CK        0.0708    -     0.0256   -      -         i l
    khu_sensor_top/sensor_core/clk_gate_r_ads_ch2_data_out_reg_0/latch
             EN      CK          -     0.0100    -    0.0166   -         i l
    khu_sensor_top/sensor_core/clk_gate_o_UART_DATA_TX_reg_0/latch
             EN      CK        0.0884    -     0.0302   -      -         i l
    khu_sensor_top/sensor_core/clk_gate_o_UART_DATA_TX_reg_0/latch
             EN      CK          -     0.0100    -    0.0145   -         i l
    khu_sensor_top/sensor_core/clk_gate_o_ADS1292_DATA_IN_reg_0/latch
             EN      CK        0.1057    -     0.0234   -      -         i l
    khu_sensor_top/sensor_core/clk_gate_o_ADS1292_DATA_IN_reg_0/latch
             EN      CK          -     0.0100    -    0.0133   -         i l
    khu_sensor_top/sensor_core/clk_gate_o_ADS1292_REG_ADDR_reg_0/latch
             EN      CK        0.0880    -     0.0199   -      -         i l
    khu_sensor_top/sensor_core/clk_gate_o_ADS1292_REG_ADDR_reg_0/latch
             EN      CK          -     0.0100    -    0.0144   -         i l
    khu_sensor_top/sensor_core/clk_gate_o_MPR121_REG_ADDR_reg_0/latch
             EN      CK        0.0738    -     0.0192   -      -         i l
    khu_sensor_top/sensor_core/clk_gate_o_MPR121_REG_ADDR_reg_0/latch
             EN      CK          -     0.0100    -    0.0166   -         i l
    khu_sensor_top/sensor_core/clk_gate_r_ads_reg_addr_reg_0/latch
             EN      CK        0.0840    -     0.0204   -      -         i l
    khu_sensor_top/sensor_core/clk_gate_r_ads_reg_addr_reg_0/latch
             EN      CK          -     0.0100    -    0.0144   -         i l
    khu_sensor_top/sensor_core/clk_gate_r_mpr_first_param_reg_0/latch
             EN      CK        0.0828    -     0.0193   -      -         i l
    khu_sensor_top/sensor_core/clk_gate_r_mpr_first_param_reg_0/latch
             EN      CK          -     0.0100    -    0.0172   -         i l
    khu_sensor_top/sensor_core/clk_gate_r_mpr_reg_addr_reg_0/latch
             EN      CK        0.1327    -     0.0570   -      -         i l
    khu_sensor_top/sensor_core/clk_gate_r_mpr_reg_addr_reg_0/latch
             EN      CK          -     0.0100    -    0.0100   -         i l
    khu_sensor_top/sensor_core/clk_gate_r_mpr_touch_status_0_reg_0/latch
             EN      CK        0.0789    -     0.0203   -      -         i l
    khu_sensor_top/sensor_core/clk_gate_r_mpr_touch_status_0_reg_0/latch
             EN      CK          -     0.0100    -    0.0172   -         i l
    khu_sensor_top/sensor_core/clk_gate_r_ads_read_reg_done_reg/latch
             EN      CK        0.0699    -     0.0154   -      -         i l
    khu_sensor_top/sensor_core/clk_gate_r_ads_read_reg_done_reg/latch
             EN      CK          -     0.0100    -    0.0185   -         i l
    khu_sensor_top/sensor_core/clk_gate_r_ads_clk_counter_reg_0/latch
             EN      CK        0.1341    -     0.0390   -      -         i l
    khu_sensor_top/sensor_core/clk_gate_r_ads_clk_counter_reg_0/latch
             EN      CK          -     0.0100    -    0.0100   -         i l
    khu_sensor_top/sensor_core/clk_gate_o_ADS1292_FILTERED_DATA_ACK_reg/latch
             EN      CK        0.0976    -     0.0319   -      -         i l
    khu_sensor_top/sensor_core/clk_gate_o_ADS1292_FILTERED_DATA_ACK_reg/latch
             EN      CK          -     0.0100    -    0.0113   -         i l
    khu_sensor_top/sensor_core/clk_gate_r_mpr_chip_set_done_reg/latch
             EN      CK        0.0861    -     0.0291   -      -         i l
    khu_sensor_top/sensor_core/clk_gate_r_mpr_chip_set_done_reg/latch
             EN      CK          -     0.0100    -    0.0146   -         i l
    khu_sensor_top/sensor_core/clk_gate_r_ads_run_set_done_reg/latch
             EN      CK        0.0944    -     0.0208   -      -         i l
    khu_sensor_top/sensor_core/clk_gate_r_ads_run_set_done_reg/latch
             EN      CK          -     0.0100    -    0.0146   -         i l
    khu_sensor_top/sensor_core/clk_gate_r_mpr_lstate_reg_0/latch
             EN      CK        0.0741    -     0.0206   -      -         i l
    khu_sensor_top/sensor_core/clk_gate_r_mpr_lstate_reg_0/latch
             EN      CK          -     0.0100    -    0.0151   -         i l
    khu_sensor_top/sensor_core/clk_gate_r_mpr_touch_status_1_reg_0/latch
             EN      CK        0.0696    -     0.0195   -      -         i l
    khu_sensor_top/sensor_core/clk_gate_r_mpr_touch_status_1_reg_0/latch
             EN      CK          -     0.0100    -    0.0174   -         i l
    khu_sensor_top/sensor_core/clk_gate_o_MPR121_DATA_IN_reg_0/latch
             EN      CK        0.0745    -     0.0194   -      -         i l
    khu_sensor_top/sensor_core/clk_gate_o_MPR121_DATA_IN_reg_0/latch
             EN      CK          -     0.0100    -    0.0174   -         i l
    khu_sensor_top/sensor_core/clk_gate_r_mpr_second_param_reg_0/latch
             EN      CK        0.0769    -     0.0209   -      -         i l
    khu_sensor_top/sensor_core/clk_gate_r_mpr_second_param_reg_0/latch
             EN      CK          -     0.0100    -    0.0174   -         i l
    khu_sensor_top/uart_controller/clk_gate_o_UART_DATA_RX_reg_1/latch
             EN      CK        0.0667    -     0.0154   -      -         i l
    khu_sensor_top/uart_controller/clk_gate_o_UART_DATA_RX_reg_1/latch
             EN      CK          -     0.0100    -    0.0183   -         i l
    khu_sensor_top/uart_controller/clk_gate_o_UART_DATA_RX_reg_2/latch
             EN      CK        0.0985    -     0.0190   -      -         i l
    khu_sensor_top/uart_controller/clk_gate_o_UART_DATA_RX_reg_2/latch
             EN      CK          -     0.0100    -    0.0141   -         i l
    khu_sensor_top/uart_controller/clk_gate_r_uart_data_tx_valid_reg/latch
             EN      CK        0.0615    -     0.0151   -      -         i l
    khu_sensor_top/uart_controller/clk_gate_r_uart_data_tx_valid_reg/latch
             EN      CK          -     0.0100    -    0.0185   -         i l
    khu_sensor_top/uart_controller/clk_gate_r_uart_data_tx_shift_reg_0/latch
             EN      CK        0.1071    -     0.0388   -      -         i l
    khu_sensor_top/uart_controller/clk_gate_r_uart_data_tx_shift_reg_0/latch
             EN      CK          -     0.0100    -    0.0143   -         i l
    khu_sensor_top/ads1292_controller/spi_master/clk_gate_r_SPI_Clk_Edges_reg_0/latch
             EN      CK        0.0722    -     0.0210   -      -         i l
    khu_sensor_top/ads1292_controller/spi_master/clk_gate_r_SPI_Clk_Edges_reg_0/latch
             EN      CK          -     0.0100    -    0.0164   -         i l
    khu_sensor_top/ads1292_controller/spi_master/clk_gate_o_RX_Byte_reg/latch
             EN      CK        0.0655    -     0.0194   -      -         i l
    khu_sensor_top/ads1292_controller/spi_master/clk_gate_o_RX_Byte_reg/latch
             EN      CK          -     0.0100    -    0.0177   -         i l
    khu_sensor_top/ads1292_controller/spi_master/clk_gate_r_SPI_Clk_Count_reg_0/latch
             EN      CK        0.1045    -     0.0317   -      -         i l
    khu_sensor_top/ads1292_controller/spi_master/clk_gate_r_SPI_Clk_Count_reg_0/latch
             EN      CK          -     0.0100    -    0.0100   -         i l
    khu_sensor_top/ads1292_controller/spi_master/clk_gate_r_TX_Byte_reg_0/latch
             EN      CK        0.1364    -     0.0428   -      -         i l
    khu_sensor_top/ads1292_controller/spi_master/clk_gate_r_TX_Byte_reg_0/latch
             EN      CK          -     0.0100    -    0.0112   -         i l
    khu_sensor_top/ads1292_filter/converter_f2i/clk_gate_o_Z_reg_0/latch
             EN      CK        0.0767    -     0.0185   -      -         i l
    khu_sensor_top/ads1292_filter/converter_f2i/clk_gate_o_Z_reg_0/latch
             EN      CK          -     0.0100    -    0.0163   -         i l
    khu_sensor_top/ads1292_filter/converter_f2i/clk_gate_z_reg_0/latch
             EN      CK        0.0884    -     0.0218   -      -         i l
    khu_sensor_top/ads1292_filter/converter_f2i/clk_gate_z_reg_0/latch
             EN      CK          -     0.0100    -    0.0162   -         i l
    khu_sensor_top/ads1292_filter/converter_f2i/clk_gate_a_reg_0/latch
             EN      CK        0.1051    -     0.0219   -      -         i l
    khu_sensor_top/ads1292_filter/converter_f2i/clk_gate_a_reg_0/latch
             EN      CK          -     0.0100    -    0.0140   -         i l
    khu_sensor_top/ads1292_filter/converter_f2i/clk_gate_a_s_reg/latch
             EN      CK        0.1029    -     0.0329   -      -         i l
    khu_sensor_top/ads1292_filter/converter_f2i/clk_gate_a_s_reg/latch
             EN      CK          -     0.0100    -    0.0129   -         i l
    khu_sensor_top/ads1292_filter/iir_hpf/clk_gate_o_Y_DATA_reg_0/latch
             EN      CK        0.0697    -     0.0164   -      -         i l
    khu_sensor_top/ads1292_filter/iir_hpf/clk_gate_o_Y_DATA_reg_0/latch
             EN      CK          -     0.0100    -    0.0171   -         i l
    khu_sensor_top/ads1292_filter/iir_hpf/clk_gate_r_mult_A_reg/latch
             EN      CK        0.0697    -     0.0195   -      -         i l
    khu_sensor_top/ads1292_filter/iir_hpf/clk_gate_r_mult_A_reg/latch
             EN      CK          -     0.0100    -    0.0169   -         i l
    khu_sensor_top/ads1292_filter/iir_hpf/clk_gate_r_add_B_reg_0/latch
             EN      CK        0.0900    -     0.0184   -      -         i l
    khu_sensor_top/ads1292_filter/iir_hpf/clk_gate_r_add_B_reg_0/latch
             EN      CK          -     0.0100    -    0.0170   -         i l
    khu_sensor_top/ads1292_filter/iir_hpf/clk_gate_r_y_data_reg/latch
             EN      CK        0.1234    -     0.0343   -      -         i l
    khu_sensor_top/ads1292_filter/iir_hpf/clk_gate_r_y_data_reg/latch
             EN      CK          -     0.0100    -    0.0100   -         i l
    khu_sensor_top/ads1292_filter/iir_notch/clk_gate_r_mult_1_A_reg/latch
             EN      CK        0.0600    -     0.0167   -      -         i l
    khu_sensor_top/ads1292_filter/iir_notch/clk_gate_r_mult_1_A_reg/latch
             EN      CK          -     0.0100    -    0.0188   -         i l
    khu_sensor_top/ads1292_filter/iir_notch/clk_gate_r_mult_3_AB_STB_reg/latch
             EN      CK        0.0677    -     0.0218   -      -         i l
    khu_sensor_top/ads1292_filter/iir_notch/clk_gate_r_mult_3_AB_STB_reg/latch
             EN      CK          -     0.0100    -    0.0160   -         i l
    khu_sensor_top/ads1292_filter/iir_notch/clk_gate_o_Y_DATA_reg_0/latch
             EN      CK        0.0997    -     0.0259   -      -         i l
    khu_sensor_top/ads1292_filter/iir_notch/clk_gate_o_Y_DATA_reg_0/latch
             EN      CK          -     0.0100    -    0.0145   -         i l
    khu_sensor_top/ads1292_filter/iir_notch/clk_gate_r_mult_3_A_reg_0/latch
             EN      CK        0.0923    -     0.0253   -      -         i l
    khu_sensor_top/ads1292_filter/iir_notch/clk_gate_r_mult_3_A_reg_0/latch
             EN      CK          -     0.0100    -    0.0175   -         i l
    khu_sensor_top/ads1292_filter/iir_notch/clk_gate_r_add_1_B_reg/latch
             EN      CK        0.0703    -     0.0211   -      -         i l
    khu_sensor_top/ads1292_filter/iir_notch/clk_gate_r_add_1_B_reg/latch
             EN      CK          -     0.0100    -    0.0165   -         i l
    khu_sensor_top/ads1292_filter/iir_notch/clk_gate_r_add_2_A_reg/latch
             EN      CK        0.0597    -     0.0146   -      -         i l
    khu_sensor_top/ads1292_filter/iir_notch/clk_gate_r_add_2_A_reg/latch
             EN      CK          -     0.0100    -    0.0209   -         i l
    khu_sensor_top/ads1292_filter/iir_notch/clk_gate_r_x_data_reg_1/latch
             EN      CK        0.1417    -     0.0623   -      -         i l
    khu_sensor_top/ads1292_filter/iir_notch/clk_gate_r_x_data_reg_1/latch
             EN      CK          -     0.0100    -    0.0100   -         i l
    khu_sensor_top/ads1292_filter/iir_notch/clk_gate_r_y_data_reg_0/latch
             EN      CK        0.1636    -     0.0727   -      -         i l
    khu_sensor_top/ads1292_filter/iir_notch/clk_gate_r_y_data_reg_0/latch
             EN      CK          -     0.0100    -    0.0100   -         i l
    khu_sensor_top/ads1292_filter/iir_notch/clk_gate_r_y_data_reg_1/latch
             EN      CK        0.1636    -     0.0727   -      -         i l
    khu_sensor_top/ads1292_filter/iir_notch/clk_gate_r_y_data_reg_1/latch
             EN      CK          -     0.0100    -    0.0100   -         i l
    khu_sensor_top/ads1292_filter/iir_lpf/clk_gate_o_Y_DATA_reg_0/latch
             EN      CK        0.1000    -     0.0205   -      -         i l
    khu_sensor_top/ads1292_filter/iir_lpf/clk_gate_o_Y_DATA_reg_0/latch
             EN      CK          -     0.0100    -    0.0158   -         i l
    khu_sensor_top/ads1292_filter/iir_lpf/clk_gate_r_add_B_reg/latch
             EN      CK        0.0881    -     0.0254   -      -         i l
    khu_sensor_top/ads1292_filter/iir_lpf/clk_gate_r_add_B_reg/latch
             EN      CK          -     0.0100    -    0.0199   -         i l
    khu_sensor_top/ads1292_filter/iir_lpf/clk_gate_r_y_data_reg_0/latch
             EN      CK        0.1136    -     0.0283   -      -         i l
    khu_sensor_top/ads1292_filter/iir_lpf/clk_gate_r_y_data_reg_0/latch
             EN      CK          -     0.0100    -    0.0125   -         i l
    khu_sensor_top/ads1292_filter/iir_lpf/clk_gate_r_x_data_reg_0/latch
             EN      CK        0.1136    -     0.0283   -      -         i l
    khu_sensor_top/ads1292_filter/iir_lpf/clk_gate_r_x_data_reg_0/latch
             EN      CK          -     0.0100    -    0.0125   -         i l
    khu_sensor_top/ads1292_filter/iir_lpf/clk_gate_r_mult_2_A_reg/latch
             EN      CK        0.0681    -     0.0195   -      -         i l
    khu_sensor_top/ads1292_filter/iir_lpf/clk_gate_r_mult_2_A_reg/latch
             EN      CK          -     0.0100    -    0.0173   -         i l
    khu_sensor_top/ads1292_filter/converter_i2f/clk_gate_a_reg_0/latch
             EN      CK        0.1165    -     0.0300   -      -         i l
    khu_sensor_top/ads1292_filter/converter_i2f/clk_gate_a_reg_0/latch
             EN      CK          -     0.0100    -    0.0117   -         i l
    khu_sensor_top/ads1292_filter/converter_i2f/clk_gate_value_reg_0/latch
             EN      CK        0.0883    -     0.0251   -      -         i l
    khu_sensor_top/ads1292_filter/converter_i2f/clk_gate_value_reg_0/latch
             EN      CK          -     0.0100    -    0.0161   -         i l
    khu_sensor_top/ads1292_filter/converter_i2f/clk_gate_z_e_reg/latch
             EN      CK        0.0913    -     0.0258   -      -         i l
    khu_sensor_top/ads1292_filter/converter_i2f/clk_gate_z_e_reg/latch
             EN      CK          -     0.0100    -    0.0166   -         i l
    khu_sensor_top/ads1292_filter/converter_i2f/clk_gate_o_Z_reg_0/latch
             EN      CK        0.1021    -     0.0288   -      -         i l
    khu_sensor_top/ads1292_filter/converter_i2f/clk_gate_o_Z_reg_0/latch
             EN      CK          -     0.0100    -    0.0123   -         i l
    khu_sensor_top/ads1292_filter/converter_i2f/clk_gate_z_reg_0/latch
             EN      CK        0.1087    -     0.0324   -      -         i l
    khu_sensor_top/ads1292_filter/converter_i2f/clk_gate_z_reg_0/latch
             EN      CK          -     0.0100    -    0.0138   -         i l
    khu_sensor_top/mpr121_controller/i2c_master/clk_gate_phy_rx_data_reg_reg_0/latch
             EN      CK        0.0934    -     0.0363   -      -         i l
    khu_sensor_top/mpr121_controller/i2c_master/clk_gate_phy_rx_data_reg_reg_0/latch
             EN      CK          -     0.0100    -    0.0149   -         i l
    khu_sensor_top/mpr121_controller/i2c_master/clk_gate_data_out_reg_reg_0/latch
             EN      CK        0.0802    -     0.0163   -      -         i l
    khu_sensor_top/mpr121_controller/i2c_master/clk_gate_data_out_reg_reg_0/latch
             EN      CK          -     0.0100    -    0.0190   -         i l
    khu_sensor_top/mpr121_controller/i2c_master/clk_gate_last_reg_reg/latch
             EN      CK        0.1056    -     0.0294   -      -         i l
    khu_sensor_top/mpr121_controller/i2c_master/clk_gate_last_reg_reg/latch
             EN      CK          -     0.0100    -    0.0155   -         i l
    khu_sensor_top/uart_controller/uart_rx/clk_gate_r_Bit_Index_reg/latch
             EN      CK        0.0959    -     0.0329   -      -         i l
    khu_sensor_top/uart_controller/uart_rx/clk_gate_r_Bit_Index_reg/latch
             EN      CK          -     0.0100    -    0.0130   -         i l
    khu_sensor_top/uart_controller/uart_tx/clk_gate_o_Tx_Serial_reg/latch
             EN      CK        0.0847    -     0.0327   -      -         i l
    khu_sensor_top/uart_controller/uart_tx/clk_gate_o_Tx_Serial_reg/latch
             EN      CK          -     0.0100    -    0.0173   -         i l
    khu_sensor_top/uart_controller/uart_tx/clk_gate_r_Tx_Data_reg_0/latch
             EN      CK        0.0652    -     0.0149   -      -         i l
    khu_sensor_top/uart_controller/uart_tx/clk_gate_r_Tx_Data_reg_0/latch
             EN      CK          -     0.0100    -    0.0188   -         i l
    khu_sensor_top/ads1292_filter/iir_hpf/mult/clk_gate_b_reg/latch
             EN      CK        0.1371    -     0.0346   -      -         i l
    khu_sensor_top/ads1292_filter/iir_hpf/mult/clk_gate_b_reg/latch
             EN      CK          -     0.0100    -    0.0100   -         i l
    khu_sensor_top/ads1292_filter/iir_hpf/mult/clk_gate_a_e_reg/latch
             EN      CK        0.0964    -     0.0268   -      -         i l
    khu_sensor_top/ads1292_filter/iir_hpf/mult/clk_gate_a_e_reg/latch
             EN      CK          -     0.0100    -    0.0154   -         i l
    khu_sensor_top/ads1292_filter/iir_hpf/mult/clk_gate_z_e_reg_0/latch
             EN      CK        0.1127    -     0.0285   -      -         i l
    khu_sensor_top/ads1292_filter/iir_hpf/mult/clk_gate_z_e_reg_0/latch
             EN      CK          -     0.0100    -    0.0118   -         i l
    khu_sensor_top/ads1292_filter/iir_hpf/mult/clk_gate_guard_reg/latch
             EN      CK        0.0972    -     0.0245   -      -         i l
    khu_sensor_top/ads1292_filter/iir_hpf/mult/clk_gate_guard_reg/latch
             EN      CK          -     0.0100    -    0.0101   -         i l
    khu_sensor_top/ads1292_filter/iir_hpf/mult/clk_gate_a_e_reg_0/latch
             EN      CK        0.1136    -     0.0403   -      -         i l
    khu_sensor_top/ads1292_filter/iir_hpf/mult/clk_gate_a_e_reg_0/latch
             EN      CK          -     0.0100    -    0.0112   -         i l
    khu_sensor_top/ads1292_filter/iir_hpf/mult/clk_gate_b_e_reg/latch
             EN      CK        0.1078    -     0.0330   -      -         i l
    khu_sensor_top/ads1292_filter/iir_hpf/mult/clk_gate_b_e_reg/latch
             EN      CK          -     0.0100    -    0.0130   -         i l
    khu_sensor_top/ads1292_filter/iir_hpf/mult/clk_gate_R_39/latch
             EN      CK        0.1072    -     0.0253   -      -         i l
    khu_sensor_top/ads1292_filter/iir_hpf/mult/clk_gate_R_39/latch
             EN      CK          -     0.0100    -    0.0100   -         i l
    khu_sensor_top/ads1292_filter/iir_hpf/mult/clk_gate_o_Z_reg_0/latch
             EN      CK        0.0794    -     0.0219   -      -         i l
    khu_sensor_top/ads1292_filter/iir_hpf/mult/clk_gate_o_Z_reg_0/latch
             EN      CK          -     0.0100    -    0.0147   -         i l
    khu_sensor_top/ads1292_filter/iir_hpf/mult/clk_gate_z_reg_0/latch
             EN      CK        0.0801    -     0.0207   -      -         i l
    khu_sensor_top/ads1292_filter/iir_hpf/mult/clk_gate_z_reg_0/latch
             EN      CK          -     0.0100    -    0.0160   -         i l
    khu_sensor_top/ads1292_filter/iir_hpf/add/clk_gate_b_reg/latch
             EN      CK        0.1255    -     0.0301   -      -         i l
    khu_sensor_top/ads1292_filter/iir_hpf/add/clk_gate_b_reg/latch
             EN      CK          -     0.0100    -    0.0100   -         i l
    khu_sensor_top/ads1292_filter/iir_hpf/add/clk_gate_a_e_reg_1/latch
             EN      CK        0.0854    -     0.0181   -      -         i l
    khu_sensor_top/ads1292_filter/iir_hpf/add/clk_gate_a_e_reg_1/latch
             EN      CK          -     0.0100    -    0.0180   -         i l
    khu_sensor_top/ads1292_filter/iir_hpf/add/clk_gate_z_e_reg_0/latch
             EN      CK        0.1084    -     0.0300   -      -         i l
    khu_sensor_top/ads1292_filter/iir_hpf/add/clk_gate_z_e_reg_0/latch
             EN      CK          -     0.0100    -    0.0139   -         i l
    khu_sensor_top/ads1292_filter/iir_hpf/add/clk_gate_sticky_reg/latch
             EN      CK        0.1166    -     0.0324   -      -         i l
    khu_sensor_top/ads1292_filter/iir_hpf/add/clk_gate_sticky_reg/latch
             EN      CK          -     0.0100    -    0.0100   -         i l
    khu_sensor_top/ads1292_filter/iir_hpf/add/clk_gate_b_s_reg/latch
             EN      CK        0.0951    -     0.0311   -      -         i l
    khu_sensor_top/ads1292_filter/iir_hpf/add/clk_gate_b_s_reg/latch
             EN      CK          -     0.0100    -    0.0100   -         i l
    khu_sensor_top/ads1292_filter/iir_hpf/add/clk_gate_b_m_reg_0/latch
             EN      CK        0.0952    -     0.0276   -      -         i l
    khu_sensor_top/ads1292_filter/iir_hpf/add/clk_gate_b_m_reg_0/latch
             EN      CK          -     0.0100    -    0.0120   -         i l
    khu_sensor_top/ads1292_filter/iir_hpf/add/clk_gate_sum_reg_0/latch
             EN      CK        0.1434    -     0.0670   -      -         i l
    khu_sensor_top/ads1292_filter/iir_hpf/add/clk_gate_sum_reg_0/latch
             EN      CK          -     0.0100    -    0.0100   -         i l
    khu_sensor_top/ads1292_filter/iir_hpf/add/clk_gate_o_Z_reg_0/latch
             EN      CK        0.1581    -     0.0421   -      -         i l
    khu_sensor_top/ads1292_filter/iir_hpf/add/clk_gate_o_Z_reg_0/latch
             EN      CK          -     0.0100    -    0.0100   -         i l
    khu_sensor_top/ads1292_filter/iir_hpf/add/clk_gate_z_reg_0/latch
             EN      CK        0.0996    -     0.0241   -      -         i l
    khu_sensor_top/ads1292_filter/iir_hpf/add/clk_gate_z_reg_0/latch
             EN      CK          -     0.0100    -    0.0134   -         i l
    khu_sensor_top/ads1292_filter/iir_notch/mult_3/clk_gate_R_43/latch
             EN      CK        0.1136    -     0.0255   -      -         i l
    khu_sensor_top/ads1292_filter/iir_notch/mult_3/clk_gate_R_43/latch
             EN      CK          -     0.0100    -    0.0134   -         i l
    khu_sensor_top/ads1292_filter/iir_notch/mult_3/clk_gate_a_e_reg/latch
             EN      CK        0.0904    -     0.0263   -      -         i l
    khu_sensor_top/ads1292_filter/iir_notch/mult_3/clk_gate_a_e_reg/latch
             EN      CK          -     0.0100    -    0.0148   -         i l
    khu_sensor_top/ads1292_filter/iir_notch/mult_3/clk_gate_z_e_reg_0/latch
             EN      CK        0.1484    -     0.0509   -      -         i l
    khu_sensor_top/ads1292_filter/iir_notch/mult_3/clk_gate_z_e_reg_0/latch
             EN      CK          -     0.0100    -    0.0132   -         i l
    khu_sensor_top/ads1292_filter/iir_notch/mult_3/clk_gate_guard_reg/latch
             EN      CK        0.1008    -     0.0309   -      -         i l
    khu_sensor_top/ads1292_filter/iir_notch/mult_3/clk_gate_guard_reg/latch
             EN      CK          -     0.0100    -    0.0100   -         i l
    khu_sensor_top/ads1292_filter/iir_notch/mult_3/clk_gate_a_e_reg_0/latch
             EN      CK        0.1086    -     0.0312   -      -         i l
    khu_sensor_top/ads1292_filter/iir_notch/mult_3/clk_gate_a_e_reg_0/latch
             EN      CK          -     0.0100    -    0.0110   -         i l
    khu_sensor_top/ads1292_filter/iir_notch/mult_3/clk_gate_R_28/latch
             EN      CK        0.1039    -     0.0301   -      -         i l
    khu_sensor_top/ads1292_filter/iir_notch/mult_3/clk_gate_R_28/latch
             EN      CK          -     0.0100    -    0.0138   -         i l
    khu_sensor_top/ads1292_filter/iir_notch/mult_3/clk_gate_R_38/latch
             EN      CK        0.1423    -     0.0691   -      -         i l
    khu_sensor_top/ads1292_filter/iir_notch/mult_3/clk_gate_R_38/latch
             EN      CK          -     0.0100    -    0.0100   -         i l
    khu_sensor_top/ads1292_filter/iir_notch/mult_3/clk_gate_o_Z_reg_0/latch
             EN      CK        0.0891    -     0.0272   -      -         i l
    khu_sensor_top/ads1292_filter/iir_notch/mult_3/clk_gate_o_Z_reg_0/latch
             EN      CK          -     0.0100    -    0.0100   -         i l
    khu_sensor_top/ads1292_filter/iir_notch/mult_3/clk_gate_z_reg_0/latch
             EN      CK        0.0773    -     0.0234   -      -         i l
    khu_sensor_top/ads1292_filter/iir_notch/mult_3/clk_gate_z_reg_0/latch
             EN      CK          -     0.0100    -    0.0157   -         i l
    khu_sensor_top/ads1292_filter/iir_notch/mult_2/clk_gate_R_42/latch
             EN      CK        0.1124    -     0.0242   -      -         i l
    khu_sensor_top/ads1292_filter/iir_notch/mult_2/clk_gate_R_42/latch
             EN      CK          -     0.0100    -    0.0133   -         i l
    khu_sensor_top/ads1292_filter/iir_notch/mult_2/clk_gate_a_e_reg/latch
             EN      CK        0.0845    -     0.0186   -      -         i l
    khu_sensor_top/ads1292_filter/iir_notch/mult_2/clk_gate_a_e_reg/latch
             EN      CK          -     0.0100    -    0.0197   -         i l
    khu_sensor_top/ads1292_filter/iir_notch/mult_2/clk_gate_z_e_reg_0/latch
             EN      CK        0.1294    -     0.0425   -      -         i l
    khu_sensor_top/ads1292_filter/iir_notch/mult_2/clk_gate_z_e_reg_0/latch
             EN      CK          -     0.0100    -    0.0100   -         i l
    khu_sensor_top/ads1292_filter/iir_notch/mult_2/clk_gate_guard_reg/latch
             EN      CK        0.0966    -     0.0244   -      -         i l
    khu_sensor_top/ads1292_filter/iir_notch/mult_2/clk_gate_guard_reg/latch
             EN      CK          -     0.0100    -    0.0106   -         i l
    khu_sensor_top/ads1292_filter/iir_notch/mult_2/clk_gate_a_e_reg_0/latch
             EN      CK        0.1078    -     0.0287   -      -         i l
    khu_sensor_top/ads1292_filter/iir_notch/mult_2/clk_gate_a_e_reg_0/latch
             EN      CK          -     0.0100    -    0.0120   -         i l
    khu_sensor_top/ads1292_filter/iir_notch/mult_2/clk_gate_R_22/latch
             EN      CK        0.1105    -     0.0343   -      -         i l
    khu_sensor_top/ads1292_filter/iir_notch/mult_2/clk_gate_R_22/latch
             EN      CK          -     0.0100    -    0.0124   -         i l
    khu_sensor_top/ads1292_filter/iir_notch/mult_2/clk_gate_R_37/latch
             EN      CK        0.1075    -     0.0308   -      -         i l
    khu_sensor_top/ads1292_filter/iir_notch/mult_2/clk_gate_R_37/latch
             EN      CK          -     0.0100    -    0.0100   -         i l
    khu_sensor_top/ads1292_filter/iir_notch/mult_2/clk_gate_o_Z_reg_0/latch
             EN      CK        0.0780    -     0.0207   -      -         i l
    khu_sensor_top/ads1292_filter/iir_notch/mult_2/clk_gate_o_Z_reg_0/latch
             EN      CK          -     0.0100    -    0.0140   -         i l
    khu_sensor_top/ads1292_filter/iir_notch/mult_2/clk_gate_z_reg_0/latch
             EN      CK        0.0785    -     0.0191   -      -         i l
    khu_sensor_top/ads1292_filter/iir_notch/mult_2/clk_gate_z_reg_0/latch
             EN      CK          -     0.0100    -    0.0162   -         i l
    khu_sensor_top/ads1292_filter/iir_notch/mult_1/clk_gate_R_41/latch
             EN      CK        0.1311    -     0.0300   -      -         i l
    khu_sensor_top/ads1292_filter/iir_notch/mult_1/clk_gate_R_41/latch
             EN      CK          -     0.0100    -    0.0100   -         i l
    khu_sensor_top/ads1292_filter/iir_notch/mult_1/clk_gate_a_e_reg/latch
             EN      CK        0.0817    -     0.0177   -      -         i l
    khu_sensor_top/ads1292_filter/iir_notch/mult_1/clk_gate_a_e_reg/latch
             EN      CK          -     0.0100    -    0.0208   -         i l
    khu_sensor_top/ads1292_filter/iir_notch/mult_1/clk_gate_z_e_reg_0/latch
             EN      CK        0.1604    -     0.0625   -      -         i l
    khu_sensor_top/ads1292_filter/iir_notch/mult_1/clk_gate_z_e_reg_0/latch
             EN      CK          -     0.0100    -    0.0100   -         i l
    khu_sensor_top/ads1292_filter/iir_notch/mult_1/clk_gate_guard_reg/latch
             EN      CK        0.0957    -     0.0221   -      -         i l
    khu_sensor_top/ads1292_filter/iir_notch/mult_1/clk_gate_guard_reg/latch
             EN      CK          -     0.0100    -    0.0127   -         i l
    khu_sensor_top/ads1292_filter/iir_notch/mult_1/clk_gate_a_e_reg_0/latch
             EN      CK        0.1145    -     0.0426   -      -         i l
    khu_sensor_top/ads1292_filter/iir_notch/mult_1/clk_gate_a_e_reg_0/latch
             EN      CK          -     0.0100    -    0.0131   -         i l
    khu_sensor_top/ads1292_filter/iir_notch/mult_1/clk_gate_R_16/latch
             EN      CK        0.1030    -     0.0270   -      -         i l
    khu_sensor_top/ads1292_filter/iir_notch/mult_1/clk_gate_R_16/latch
             EN      CK          -     0.0100    -    0.0162   -         i l
    khu_sensor_top/ads1292_filter/iir_notch/mult_1/clk_gate_R_36/latch
             EN      CK        0.1382    -     0.0599   -      -         i l
    khu_sensor_top/ads1292_filter/iir_notch/mult_1/clk_gate_R_36/latch
             EN      CK          -     0.0100    -    0.0119   -         i l
    khu_sensor_top/ads1292_filter/iir_notch/mult_1/clk_gate_o_Z_reg_0/latch
             EN      CK        0.0747    -     0.0175   -      -         i l
    khu_sensor_top/ads1292_filter/iir_notch/mult_1/clk_gate_o_Z_reg_0/latch
             EN      CK          -     0.0100    -    0.0176   -         i l
    khu_sensor_top/ads1292_filter/iir_notch/mult_1/clk_gate_z_reg_0/latch
             EN      CK        0.0805    -     0.0168   -      -         i l
    khu_sensor_top/ads1292_filter/iir_notch/mult_1/clk_gate_z_reg_0/latch
             EN      CK          -     0.0100    -    0.0189   -         i l
    khu_sensor_top/ads1292_filter/iir_notch/add_2/clk_gate_b_reg/latch
             EN      CK        0.1110    -     0.0215   -      -         i l
    khu_sensor_top/ads1292_filter/iir_notch/add_2/clk_gate_b_reg/latch
             EN      CK          -     0.0100    -    0.0135   -         i l
    khu_sensor_top/ads1292_filter/iir_notch/add_2/clk_gate_a_e_reg_1/latch
             EN      CK        0.0929    -     0.0235   -      -         i l
    khu_sensor_top/ads1292_filter/iir_notch/add_2/clk_gate_a_e_reg_1/latch
             EN      CK          -     0.0100    -    0.0138   -         i l
    khu_sensor_top/ads1292_filter/iir_notch/add_2/clk_gate_z_e_reg_0/latch
             EN      CK        0.1128    -     0.0358   -      -         i l
    khu_sensor_top/ads1292_filter/iir_notch/add_2/clk_gate_z_e_reg_0/latch
             EN      CK          -     0.0100    -    0.0100   -         i l
    khu_sensor_top/ads1292_filter/iir_notch/add_2/clk_gate_sticky_reg/latch
             EN      CK        0.1092    -     0.0232   -      -         i l
    khu_sensor_top/ads1292_filter/iir_notch/add_2/clk_gate_sticky_reg/latch
             EN      CK          -     0.0100    -    0.0122   -         i l
    khu_sensor_top/ads1292_filter/iir_notch/add_2/clk_gate_b_s_reg/latch
             EN      CK        0.0902    -     0.0210   -      -         i l
    khu_sensor_top/ads1292_filter/iir_notch/add_2/clk_gate_b_s_reg/latch
             EN      CK          -     0.0100    -    0.0125   -         i l
    khu_sensor_top/ads1292_filter/iir_notch/add_2/clk_gate_b_m_reg_0/latch
             EN      CK        0.0880    -     0.0192   -      -         i l
    khu_sensor_top/ads1292_filter/iir_notch/add_2/clk_gate_b_m_reg_0/latch
             EN      CK          -     0.0100    -    0.0146   -         i l
    khu_sensor_top/ads1292_filter/iir_notch/add_2/clk_gate_sum_reg_0/latch
             EN      CK        0.1400    -     0.0590   -      -         i l
    khu_sensor_top/ads1292_filter/iir_notch/add_2/clk_gate_sum_reg_0/latch
             EN      CK          -     0.0100    -    0.0112   -         i l
    khu_sensor_top/ads1292_filter/iir_notch/add_2/clk_gate_o_Z_reg_0/latch
             EN      CK        0.1858    -     0.0513   -      -         i l
    khu_sensor_top/ads1292_filter/iir_notch/add_2/clk_gate_o_Z_reg_0/latch
             EN      CK          -     0.0100    -    0.0114   -         i l
    khu_sensor_top/ads1292_filter/iir_notch/add_2/clk_gate_z_reg_0/latch
             EN      CK        0.1036    -     0.0249   -      -         i l
    khu_sensor_top/ads1292_filter/iir_notch/add_2/clk_gate_z_reg_0/latch
             EN      CK          -     0.0100    -    0.0136   -         i l
    khu_sensor_top/ads1292_filter/iir_notch/add_1/clk_gate_z_reg_0/latch
             EN      CK        0.1096    -     0.0335   -      -         i l
    khu_sensor_top/ads1292_filter/iir_notch/add_1/clk_gate_z_reg_0/latch
             EN      CK          -     0.0100    -    0.0103   -         i l
    khu_sensor_top/ads1292_filter/iir_notch/add_1/clk_gate_b_reg/latch
             EN      CK        0.1517    -     0.0429   -      -         i l
    khu_sensor_top/ads1292_filter/iir_notch/add_1/clk_gate_b_reg/latch
             EN      CK          -     0.0100    -    0.0100   -         i l
    khu_sensor_top/ads1292_filter/iir_notch/add_1/clk_gate_a_e_reg_1/latch
             EN      CK        0.0923    -     0.0241   -      -         i l
    khu_sensor_top/ads1292_filter/iir_notch/add_1/clk_gate_a_e_reg_1/latch
             EN      CK          -     0.0100    -    0.0148   -         i l
    khu_sensor_top/ads1292_filter/iir_notch/add_1/clk_gate_z_e_reg_0/latch
             EN      CK        0.1119    -     0.0367   -      -         i l
    khu_sensor_top/ads1292_filter/iir_notch/add_1/clk_gate_z_e_reg_0/latch
             EN      CK          -     0.0100    -    0.0100   -         i l
    khu_sensor_top/ads1292_filter/iir_notch/add_1/clk_gate_sticky_reg/latch
             EN      CK        0.1052    -     0.0239   -      -         i l
    khu_sensor_top/ads1292_filter/iir_notch/add_1/clk_gate_sticky_reg/latch
             EN      CK          -     0.0100    -    0.0123   -         i l
    khu_sensor_top/ads1292_filter/iir_notch/add_1/clk_gate_b_s_reg/latch
             EN      CK        0.0918    -     0.0242   -      -         i l
    khu_sensor_top/ads1292_filter/iir_notch/add_1/clk_gate_b_s_reg/latch
             EN      CK          -     0.0100    -    0.0115   -         i l
    khu_sensor_top/ads1292_filter/iir_notch/add_1/clk_gate_b_m_reg_0/latch
             EN      CK        0.0888    -     0.0229   -      -         i l
    khu_sensor_top/ads1292_filter/iir_notch/add_1/clk_gate_b_m_reg_0/latch
             EN      CK          -     0.0100    -    0.0124   -         i l
    khu_sensor_top/ads1292_filter/iir_notch/add_1/clk_gate_sum_reg_0/latch
             EN      CK        0.1400    -     0.0617   -      -         i l
    khu_sensor_top/ads1292_filter/iir_notch/add_1/clk_gate_sum_reg_0/latch
             EN      CK          -     0.0100    -    0.0100   -         i l
    khu_sensor_top/ads1292_filter/iir_notch/add_1/clk_gate_o_Z_reg_0/latch
             EN      CK        0.2476    -     0.0814   -      -         i l
    khu_sensor_top/ads1292_filter/iir_notch/add_1/clk_gate_o_Z_reg_0/latch
             EN      CK          -     0.0100    -    0.0100   -         i l
    khu_sensor_top/ads1292_filter/iir_lpf/mult_2/clk_gate_R_40/latch
             EN      CK        0.1373    -     0.0285   -      -         i l
    khu_sensor_top/ads1292_filter/iir_lpf/mult_2/clk_gate_R_40/latch
             EN      CK          -     0.0100    -    0.0103   -         i l
    khu_sensor_top/ads1292_filter/iir_lpf/mult_2/clk_gate_a_e_reg/latch
             EN      CK        0.0920    -     0.0206   -      -         i l
    khu_sensor_top/ads1292_filter/iir_lpf/mult_2/clk_gate_a_e_reg/latch
             EN      CK          -     0.0100    -    0.0171   -         i l
    khu_sensor_top/ads1292_filter/iir_lpf/mult_2/clk_gate_z_e_reg_0/latch
             EN      CK        0.1168    -     0.0334   -      -         i l
    khu_sensor_top/ads1292_filter/iir_lpf/mult_2/clk_gate_z_e_reg_0/latch
             EN      CK          -     0.0100    -    0.0100   -         i l
    khu_sensor_top/ads1292_filter/iir_lpf/mult_2/clk_gate_guard_reg/latch
             EN      CK        0.0981    -     0.0237   -      -         i l
    khu_sensor_top/ads1292_filter/iir_lpf/mult_2/clk_gate_guard_reg/latch
             EN      CK          -     0.0100    -    0.0103   -         i l
    khu_sensor_top/ads1292_filter/iir_lpf/mult_2/clk_gate_a_e_reg_0/latch
             EN      CK        0.1128    -     0.0366   -      -         i l
    khu_sensor_top/ads1292_filter/iir_lpf/mult_2/clk_gate_a_e_reg_0/latch
             EN      CK          -     0.0100    -    0.0105   -         i l
    khu_sensor_top/ads1292_filter/iir_lpf/mult_2/clk_gate_R_10/latch
             EN      CK        0.1067    -     0.0333   -      -         i l
    khu_sensor_top/ads1292_filter/iir_lpf/mult_2/clk_gate_R_10/latch
             EN      CK          -     0.0100    -    0.0138   -         i l
    khu_sensor_top/ads1292_filter/iir_lpf/mult_2/clk_gate_R_35/latch
             EN      CK        0.1371    -     0.0597   -      -         i l
    khu_sensor_top/ads1292_filter/iir_lpf/mult_2/clk_gate_R_35/latch
             EN      CK          -     0.0100    -    0.0102   -         i l
    khu_sensor_top/ads1292_filter/iir_lpf/mult_2/clk_gate_o_Z_reg_0/latch
             EN      CK        0.0762    -     0.0169   -      -         i l
    khu_sensor_top/ads1292_filter/iir_lpf/mult_2/clk_gate_o_Z_reg_0/latch
             EN      CK          -     0.0100    -    0.0164   -         i l
    khu_sensor_top/ads1292_filter/iir_lpf/mult_2/clk_gate_z_reg_0/latch
             EN      CK        0.0814    -     0.0171   -      -         i l
    khu_sensor_top/ads1292_filter/iir_lpf/mult_2/clk_gate_z_reg_0/latch
             EN      CK          -     0.0100    -    0.0162   -         i l
    khu_sensor_top/ads1292_filter/iir_lpf/mult_1/clk_gate_b_reg/latch
             EN      CK        0.1588    -     0.0489   -      -         i l
    khu_sensor_top/ads1292_filter/iir_lpf/mult_1/clk_gate_b_reg/latch
             EN      CK          -     0.0100    -    0.0100   -         i l
    khu_sensor_top/ads1292_filter/iir_lpf/mult_1/clk_gate_a_e_reg/latch
             EN      CK        0.0875    -     0.0226   -      -         i l
    khu_sensor_top/ads1292_filter/iir_lpf/mult_1/clk_gate_a_e_reg/latch
             EN      CK          -     0.0100    -    0.0167   -         i l
    khu_sensor_top/ads1292_filter/iir_lpf/mult_1/clk_gate_z_e_reg_0/latch
             EN      CK        0.1521    -     0.0582   -      -         i l
    khu_sensor_top/ads1292_filter/iir_lpf/mult_1/clk_gate_z_e_reg_0/latch
             EN      CK          -     0.0100    -    0.0100   -         i l
    khu_sensor_top/ads1292_filter/iir_lpf/mult_1/clk_gate_guard_reg/latch
             EN      CK        0.0988    -     0.0272   -      -         i l
    khu_sensor_top/ads1292_filter/iir_lpf/mult_1/clk_gate_guard_reg/latch
             EN      CK          -     0.0100    -    0.0100   -         i l
    khu_sensor_top/ads1292_filter/iir_lpf/mult_1/clk_gate_a_e_reg_0/latch
             EN      CK        0.1093    -     0.0328   -      -         i l
    khu_sensor_top/ads1292_filter/iir_lpf/mult_1/clk_gate_a_e_reg_0/latch
             EN      CK          -     0.0100    -    0.0100   -         i l
    khu_sensor_top/ads1292_filter/iir_lpf/mult_1/clk_gate_b_e_reg/latch
             EN      CK        0.1052    -     0.0317   -      -         i l
    khu_sensor_top/ads1292_filter/iir_lpf/mult_1/clk_gate_b_e_reg/latch
             EN      CK          -     0.0100    -    0.0136   -         i l
    khu_sensor_top/ads1292_filter/iir_lpf/mult_1/clk_gate_z_s_reg/latch
             EN      CK        0.1363    -     0.0613   -      -         i l
    khu_sensor_top/ads1292_filter/iir_lpf/mult_1/clk_gate_z_s_reg/latch
             EN      CK          -     0.0100    -    0.0100   -         i l
    khu_sensor_top/ads1292_filter/iir_lpf/mult_1/clk_gate_o_Z_reg_0/latch
             EN      CK        0.0838    -     0.0239   -      -         i l
    khu_sensor_top/ads1292_filter/iir_lpf/mult_1/clk_gate_o_Z_reg_0/latch
             EN      CK          -     0.0100    -    0.0120   -         i l
    khu_sensor_top/ads1292_filter/iir_lpf/mult_1/clk_gate_z_reg_0/latch
             EN      CK        0.0829    -     0.0199   -      -         i l
    khu_sensor_top/ads1292_filter/iir_lpf/mult_1/clk_gate_z_reg_0/latch
             EN      CK          -     0.0100    -    0.0163   -         i l
    khu_sensor_top/ads1292_filter/iir_lpf/add/clk_gate_b_reg/latch
             EN      CK        0.1152    -     0.0265   -      -         i l
    khu_sensor_top/ads1292_filter/iir_lpf/add/clk_gate_b_reg/latch
             EN      CK          -     0.0100    -    0.0127   -         i l
    khu_sensor_top/ads1292_filter/iir_lpf/add/clk_gate_a_e_reg_1/latch
             EN      CK        0.0888    -     0.0274   -      -         i l
    khu_sensor_top/ads1292_filter/iir_lpf/add/clk_gate_a_e_reg_1/latch
             EN      CK          -     0.0100    -    0.0163   -         i l
    khu_sensor_top/ads1292_filter/iir_lpf/add/clk_gate_z_e_reg_0/latch
             EN      CK        0.1210    -     0.0349   -      -         i l
    khu_sensor_top/ads1292_filter/iir_lpf/add/clk_gate_z_e_reg_0/latch
             EN      CK          -     0.0100    -    0.0104   -         i l
    khu_sensor_top/ads1292_filter/iir_lpf/add/clk_gate_sticky_reg/latch
             EN      CK        0.1027    -     0.0257   -      -         i l
    khu_sensor_top/ads1292_filter/iir_lpf/add/clk_gate_sticky_reg/latch
             EN      CK          -     0.0100    -    0.0137   -         i l
    khu_sensor_top/ads1292_filter/iir_lpf/add/clk_gate_b_s_reg/latch
             EN      CK        0.0911    -     0.0253   -      -         i l
    khu_sensor_top/ads1292_filter/iir_lpf/add/clk_gate_b_s_reg/latch
             EN      CK          -     0.0100    -    0.0121   -         i l
    khu_sensor_top/ads1292_filter/iir_lpf/add/clk_gate_b_m_reg_0/latch
             EN      CK        0.0907    -     0.0244   -      -         i l
    khu_sensor_top/ads1292_filter/iir_lpf/add/clk_gate_b_m_reg_0/latch
             EN      CK          -     0.0100    -    0.0127   -         i l
    khu_sensor_top/ads1292_filter/iir_lpf/add/clk_gate_sum_reg_0/latch
             EN      CK        0.1115    -     0.0295   -      -         i l
    khu_sensor_top/ads1292_filter/iir_lpf/add/clk_gate_sum_reg_0/latch
             EN      CK          -     0.0100    -    0.0109   -         i l
    khu_sensor_top/ads1292_filter/iir_lpf/add/clk_gate_o_Z_reg_0/latch
             EN      CK        0.1433    -     0.0380   -      -         i l
    khu_sensor_top/ads1292_filter/iir_lpf/add/clk_gate_o_Z_reg_0/latch
             EN      CK          -     0.0100    -    0.0125   -         i l
    khu_sensor_top/ads1292_filter/iir_lpf/add/clk_gate_z_reg_0/latch
             EN      CK        0.1045    -     0.0284   -      -         i l
    khu_sensor_top/ads1292_filter/iir_lpf/add/clk_gate_z_reg_0/latch
             EN      CK          -     0.0100    -    0.0111   -         i l
Disabled:
    None

Attr: 
i:auto inferred, p:power compiler inserted, l:library cell defined
1
 
****************************************
Report : clock_gating
        -structure
Design : khu_sensor_pad
Scenario(s): funccts_wst
Version: N-2017.09
Date   : Tue Nov 17 18:56:39 2020
****************************************



                             Clock Gating Summary
          ------------------------------------------------------------
          |    Number of Clock gating elements    |        0         |
          |                                       |                  |
          |    Number of Gated registers          |     0 (0.00%)    |
          |                                       |                  |
          |    Number of Ungated registers        |  5213 (100.00%)  |
          |                                       |                  |
          |    Maximum number of stages           |        -         |
          |                                       |                  |
          |    Total number of registers          |     5213         |
          ------------------------------------------------------------



1
