***********************************************
Report          : create_qor_snapshot (04_clock_opt_cts)
Design          : khu_sensor_pad
Version         : N-2017.09
Date            : Tue Nov 17 18:56:31 2020
Time unit       : 1.0e-09 Second(ns)
Capacitance unit: 1.0e-12 Farad(pF)
Voltage unit    : 1 Volt
Power unit      : 1.0e-03 Watt(mW)
Location        : /home/VLSI_graduated_2020/2015104027/khu_sensor/03_Physical_Synthesis/snapshot
***********************************************
No. of scenario = 1
s1 = funccts_wst
--------------------------------------------------
WNS of each timing group:                       s1 
--------------------------------------------------
clk                                        -6.8173 
--------------------------------------------------
Setup WNS:                                 -6.8173 
Setup TNS:                               -373.4639
Number of setup violations:                    208  
Hold WNS:                                  -0.6028  
Hold TNS:                                -442.6350  
Number of hold violations:                    2024  
Number of max trans violations:                992  
Number of max cap violations:                  291  
Number of min pulse width violations:            0  
Route drc violations:                            0
--------------------------------------------------
Area:                                        88147
Cell count:                                  27376
Buf/inv cell count:                           4226
Std cell utilization:                       39.98%
CPU/ELAPSE(hr):                          0.03/0.06
Mem(Mb):                                      1032
Host name:                               vlsi-dist.khu.ac.kr
--------------------------------------------------
Histogram:             s1 
--------------------------------------------------
Max violations:       208 
   above ~ -0.7  ---  130 
    -0.6 ~ -0.7  ---    9 
    -0.5 ~ -0.6  ---   14 
    -0.4 ~ -0.5  ---   11 
    -0.3 ~ -0.4  ---   17 
    -0.2 ~ -0.3  ---   14 
    -0.1 ~ -0.2  ---    4 
       0 ~ -0.1  ---    9 
--------------------------------------------------
Min violations:      2024 
  -0.06 ~ above  --- 1841 
  -0.05 ~ -0.06  ---   32 
  -0.04 ~ -0.05  ---   24 
  -0.03 ~ -0.04  ---   20 
  -0.02 ~ -0.03  ---   33 
  -0.01 ~ -0.02  ---   44 
      0 ~ -0.01  ---   30 
--------------------------------------------------
Snapshot report (snap.rpt) is created and can be viewed using file "/home/VLSI_graduated_2020/2015104027/khu_sensor/03_Physical_Synthesis/snapshot/snap.rpt.html"
1
