 
****************************************
Report : qor
Design : khu_sensor_pad
Version: L-2016.03-SP5-5
Date   : Thu Nov 19 06:03:32 2020
****************************************


  Timing Path Group 'REGIN'
  -----------------------------------
  Levels of Logic:               1.00
  Critical Path Length:          1.31
  Critical Path Slack:           7.62
  Critical Path Clk Period:     21.60
  Total Negative Slack:          0.00
  No. of Violating Paths:        0.00
  Worst Hold Violation:          0.00
  Total Hold Violation:          0.00
  No. of Hold Violations:        0.00
  -----------------------------------

  Timing Path Group 'REGOUT'
  -----------------------------------
  Levels of Logic:               1.00
  Critical Path Length:          3.44
  Critical Path Slack:           6.10
  Critical Path Clk Period:     10.80
  Total Negative Slack:          0.00
  No. of Violating Paths:        0.00
  Worst Hold Violation:          0.00
  Total Hold Violation:          0.00
  No. of Hold Violations:        0.00
  -----------------------------------

  Timing Path Group 'clk'
  -----------------------------------
  Levels of Logic:              14.00
  Critical Path Length:          5.29
  Critical Path Slack:           4.74
  Critical Path Clk Period:     10.80
  Total Negative Slack:          0.00
  No. of Violating Paths:        0.00
  Worst Hold Violation:          0.00
  Total Hold Violation:          0.00
  No. of Hold Violations:        0.00
  -----------------------------------

  Timing Path Group 'clk_half'
  -----------------------------------
  Levels of Logic:               9.00
  Critical Path Length:          1.65
  Critical Path Slack:           7.60
  Critical Path Clk Period:     21.60
  Total Negative Slack:          0.00
  No. of Violating Paths:        0.00
  Worst Hold Violation:          0.00
  Total Hold Violation:          0.00
  No. of Hold Violations:        0.00
  -----------------------------------

  Timing Path Group 'default'
  -----------------------------------
  Levels of Logic:               0.00
  Critical Path Length:          0.00
  Critical Path Slack:           0.00
  Critical Path Clk Period:       n/a
  Total Negative Slack:          0.00
  No. of Violating Paths:        0.00
  Worst Hold Violation:          0.00
  Total Hold Violation:          0.00
  No. of Hold Violations:        0.00
  -----------------------------------


  Cell Count
  -----------------------------------
  Hierarchical Cell Count:        284
  Hierarchical Port Count:       5386
  Leaf Cell Count:              25806
  Buf/Inv Cell Count:            2698
  Buf Cell Count:                  32
  Inv Cell Count:                2666
  CT Buf/Inv Cell Count:            0
  Combinational Cell Count:     20419
  Sequential Cell Count:         5387
  Macro Count:                      0
  -----------------------------------


  Area
  -----------------------------------
  Combinational Area:    48868.354968
  Noncombinational Area: 37233.334665
  Buf/Inv Area:           1868.675365
  Total Buffer Area:            46.67
  Total Inverter Area:        1822.01
  Macro/Black Box Area:      0.000000
  Net Area:                  0.243590
  -----------------------------------
  Cell Area:             86101.689633
  Design Area:           86101.933223


  Design Rules
  -----------------------------------
  Total Number of Nets:         29877
  Nets With Violations:           109
  Max Trans Violations:           109
  Max Cap Violations:              26
  -----------------------------------


  Hostname: vlsi-dist.khu.ac.kr

  Compile CPU Statistics
  -----------------------------------------
  Resource Sharing:                    2.06
  Logic Optimization:                  1.57
  Mapping Optimization:               21.40
  -----------------------------------------
  Overall Compile Time:              117.33
  Overall Compile Wall Clock Time:   118.27

  --------------------------------------------------------------------

  Design  WNS: 0.00  TNS: 0.00  Number of Violating Paths: 0


  Design (Hold)  WNS: 0.00  TNS: 0.00  Number of Violating Paths: 0

  --------------------------------------------------------------------


1
