 
****************************************
Report : area
Design : khu_sensor_pad
Version: L-2016.03-SP5-5
Date   : Thu Nov 19 02:30:12 2020
****************************************

Library(s) Used:

    std150e_wst_105_p125 (File: /Tools/Library/samsung013/sec050915_0050_STD150E_regular_DK_Synopsys_N/sec150e_synopsys/syn/STD150E/std150e_wst_105_p125.db)

Number of ports:                         5399
Number of nets:                         35045
Number of cells:                        27796
Number of combinational cells:          20250
Number of sequential cells:              7216
Number of macros/black boxes:              46
Number of buf/inv:                       2652
Number of references:                      12

Combinational area:              48770.354491
Buf/Inv area:                     1842.675214
Noncombinational area:           36877.333216
Macro/Black Box area:                0.000000
Net Interconnect area:               0.243590
                                       (No wire load specified)

Total cell area:                 85647.687707
Total area:                      85647.931297
1
