 
****************************************
Report : cell
Design : khu_sensor_pad
Version: F-2011.09-SP5-3
Date   : Thu Sep  3 02:17:46 2020
****************************************

Attributes:
    b - black box (unknown)
    d - dont_touch
    h - hierarchical
    n - noncombinational
    r - removable
    u - contains unmapped logic

Cell                      Reference       Library             Area  Attributes
--------------------------------------------------------------------------------
U3                        ivd2_hd         std150e_wst_105_p125
                                                          1.000000  
async_rstn_glitch_synchronizer
                          async_rstn_glitch_synchronizer  27.666651 d, h, n
khu_sensor_top            khu_sensor_top                  99797.678847
                                                                    h, n
pad1                      vssoh           std150e_wst_105_p125
                                                          0.000000  b, d
pad2                      vssoh           std150e_wst_105_p125
                                                          0.000000  b, d
pad3                      vssoh           std150e_wst_105_p125
                                                          0.000000  b, d
pad4                      vdd33oph        std150e_wst_105_p125
                                                          0.000000  b, d
pad5                      vssoh           std150e_wst_105_p125
                                                          0.000000  b, d
pad6                      vssoh           std150e_wst_105_p125
                                                          0.000000  b, d
pad7                      vssoh           std150e_wst_105_p125
                                                          0.000000  b, d
pad8                      vssoh           std150e_wst_105_p125
                                                          0.000000  b, d
pad9                      vssoh           std150e_wst_105_p125
                                                          0.000000  b, d
pad10                     vssoh           std150e_wst_105_p125
                                                          0.000000  b, d
pad11                     vdd33oph        std150e_wst_105_p125
                                                          0.000000  b, d
pad12                     vssoh           std150e_wst_105_p125
                                                          0.000000  b, d
pad13                     vssoh           std150e_wst_105_p125
                                                          0.000000  b, d
pad14                     vssoh           std150e_wst_105_p125
                                                          0.000000  b, d
pad15                     vssoh           std150e_wst_105_p125
                                                          0.000000  b, d
pad16                     vssoh           std150e_wst_105_p125
                                                          0.000000  b, d
pad17                     phis            std150e_wst_105_p125
                                                          0.000000  d, r
pad18                     vssoh           std150e_wst_105_p125
                                                          0.000000  b, d
pad19                     vssoh           std150e_wst_105_p125
                                                          0.000000  b, d
pad20                     vssiph          std150e_wst_105_p125
                                                          0.000000  b, d
pad21                     vssiph          std150e_wst_105_p125
                                                          0.000000  b, d
pad22                     vssiph          std150e_wst_105_p125
                                                          0.000000  b, d
pad23                     vdd12ih         std150e_wst_105_p125
                                                          0.000000  b, d
pad24                     vssiph          std150e_wst_105_p125
                                                          0.000000  b, d
pad25                     vssiph          std150e_wst_105_p125
                                                          0.000000  b, d
pad26                     vssiph          std150e_wst_105_p125
                                                          0.000000  b, d
pad27                     vssiph          std150e_wst_105_p125
                                                          0.000000  b, d
pad28                     vssiph          std150e_wst_105_p125
                                                          0.000000  b, d
pad29                     phbct12         std150e_wst_105_p125
                                                          0.000000  d, n
pad30                     vssiph          std150e_wst_105_p125
                                                          0.000000  b, d
pad31                     vssiph          std150e_wst_105_p125
                                                          0.000000  b, d
pad32                     vssiph          std150e_wst_105_p125
                                                          0.000000  b, d
pad33                     vssiph          std150e_wst_105_p125
                                                          0.000000  b, d
pad34                     vssiph          std150e_wst_105_p125
                                                          0.000000  b, d
pad35                     vdd12ih         std150e_wst_105_p125
                                                          0.000000  b, d
pad36                     vssiph          std150e_wst_105_p125
                                                          0.000000  b, d
pad37                     vssiph          std150e_wst_105_p125
                                                          0.000000  b, d
pad38                     vssiph          std150e_wst_105_p125
                                                          0.000000  b, d
pad39                     vssoh           std150e_wst_105_p125
                                                          0.000000  b, d
pad40                     vssoh           std150e_wst_105_p125
                                                          0.000000  b, d
pad41                     vssoh           std150e_wst_105_p125
                                                          0.000000  b, d
pad42                     vdd33oph        std150e_wst_105_p125
                                                          0.000000  b, d
pad43                     vssoh           std150e_wst_105_p125
                                                          0.000000  b, d
pad44                     vssoh           std150e_wst_105_p125
                                                          0.000000  b, d
pad45                     vssoh           std150e_wst_105_p125
                                                          0.000000  b, d
pad46                     vssoh           std150e_wst_105_p125
                                                          0.000000  b, d
pad47                     vssoh           std150e_wst_105_p125
                                                          0.000000  b, d
pad48                     vssoh           std150e_wst_105_p125
                                                          0.000000  b, d
pad49                     vdd33oph        std150e_wst_105_p125
                                                          0.000000  b, d
pad50                     vssoh           std150e_wst_105_p125
                                                          0.000000  b, d
pad51                     vssoh           std150e_wst_105_p125
                                                          0.000000  b, d
pad52                     vssoh           std150e_wst_105_p125
                                                          0.000000  b, d
pad53                     vssoh           std150e_wst_105_p125
                                                          0.000000  b, d
pad54                     vssoh           std150e_wst_105_p125
                                                          0.000000  b, d
pad55                     vssoh           std150e_wst_105_p125
                                                          0.000000  b, d
pad56                     vdd33oph        std150e_wst_105_p125
                                                          0.000000  b, d
pad57                     vssoh           std150e_wst_105_p125
                                                          0.000000  b, d
pad58                     vssoh           std150e_wst_105_p125
                                                          0.000000  b, d
pad59                     vssoh           std150e_wst_105_p125
                                                          0.000000  b, d
pad60                     vssoh           std150e_wst_105_p125
                                                          0.000000  b, d
pad61                     vssoh           std150e_wst_105_p125
                                                          0.000000  b, d
pad62                     vssoh           std150e_wst_105_p125
                                                          0.000000  b, d
pad63                     vdd33oph        std150e_wst_105_p125
                                                          0.000000  b, d
pad64                     vssoh           std150e_wst_105_p125
                                                          0.000000  b, d
pad65                     vssoh           std150e_wst_105_p125
                                                          0.000000  b, d
pad66                     vssoh           std150e_wst_105_p125
                                                          0.000000  b, d
pad68                     vssoh           std150e_wst_105_p125
                                                          0.000000  b, d
pad69                     vssoh           std150e_wst_105_p125
                                                          0.000000  b, d
pad70                     phbct12         std150e_wst_105_p125
                                                          0.000000  d, n
pad71                     vssoh           std150e_wst_105_p125
                                                          0.000000  b, d
pad72                     vssoh           std150e_wst_105_p125
                                                          0.000000  b, d
pad73                     vssiph          std150e_wst_105_p125
                                                          0.000000  b, d
pad74                     vssiph          std150e_wst_105_p125
                                                          0.000000  b, d
pad75                     vssiph          std150e_wst_105_p125
                                                          0.000000  b, d
pad76                     vdd12ih_core    std150e_wst_105_p125
                                                          0.000000  b, d
pad77                     vssiph          std150e_wst_105_p125
                                                          0.000000  b, d
pad78                     vssiph          std150e_wst_105_p125
                                                          0.000000  b, d
pad79                     vssiph          std150e_wst_105_p125
                                                          0.000000  b, d
pad80                     vssoh           std150e_wst_105_p125
                                                          0.000000  b, d
pad81                     vssoh           std150e_wst_105_p125
                                                          0.000000  b, d
pad82                     phbct12         std150e_wst_105_p125
                                                          0.000000  d, n
pad83                     vssoh           std150e_wst_105_p125
                                                          0.000000  b, d
pad84                     vssoh           std150e_wst_105_p125
                                                          0.000000  b, d
pad85                     vssiph          std150e_wst_105_p125
                                                          0.000000  b, d
pad86                     vssiph          std150e_wst_105_p125
                                                          0.000000  b, d
pad87                     vssiph          std150e_wst_105_p125
                                                          0.000000  b, d
pad88                     vdd12ih         std150e_wst_105_p125
                                                          0.000000  b, d
pad89                     vssiph          std150e_wst_105_p125
                                                          0.000000  b, d
pad90                     vssiph          std150e_wst_105_p125
                                                          0.000000  b, d
pad91                     vssiph          std150e_wst_105_p125
                                                          0.000000  b, d
pad92                     vssoh           std150e_wst_105_p125
                                                          0.000000  b, d
pad93                     vssoh           std150e_wst_105_p125
                                                          0.000000  b, d
pad94                     vssoh           std150e_wst_105_p125
                                                          0.000000  b, d
pad95                     vdd33oph        std150e_wst_105_p125
                                                          0.000000  b, d
pad96                     vssoh           std150e_wst_105_p125
                                                          0.000000  b, d
pad97                     vssoh           std150e_wst_105_p125
                                                          0.000000  b, d
pad98                     vssoh           std150e_wst_105_p125
                                                          0.000000  b, d
pad99                     vssoh           std150e_wst_105_p125
                                                          0.000000  b, d
pad100                    vssoh           std150e_wst_105_p125
                                                          0.000000  b, d
pad101                    vssoh           std150e_wst_105_p125
                                                          0.000000  b, d
pad102                    vdd33oph        std150e_wst_105_p125
                                                          0.000000  b, d
pad103                    vssoh           std150e_wst_105_p125
                                                          0.000000  b, d
pad104                    vssoh           std150e_wst_105_p125
                                                          0.000000  b, d
pad105                    vssoh           std150e_wst_105_p125
                                                          0.000000  b, d
pad106                    vssoh           std150e_wst_105_p125
                                                          0.000000  b, d
pad107                    vssoh           std150e_wst_105_p125
                                                          0.000000  b, d
pad108                    vdd33oph        std150e_wst_105_p125
                                                          0.000000  b, d
pad109                    vssoh           std150e_wst_105_p125
                                                          0.000000  b, d
pad110                    vssoh           std150e_wst_105_p125
                                                          0.000000  b, d
pad111                    vssoh           std150e_wst_105_p125
                                                          0.000000  b, d
pad112                    vssoh           std150e_wst_105_p125
                                                          0.000000  b, d
pad113                    vssoh           std150e_wst_105_p125
                                                          0.000000  b, d
pad114                    vssoh           std150e_wst_105_p125
                                                          0.000000  b, d
pad115                    vdd33oph        std150e_wst_105_p125
                                                          0.000000  b, d
pad116                    vssoh           std150e_wst_105_p125
                                                          0.000000  b, d
pad117                    vssoh           std150e_wst_105_p125
                                                          0.000000  b, d
pad118                    vssoh           std150e_wst_105_p125
                                                          0.000000  b, d
pad119                    vssoh           std150e_wst_105_p125
                                                          0.000000  b, d
pad120                    vssoh           std150e_wst_105_p125
                                                          0.000000  b, d
pad121                    phic            std150e_wst_105_p125
                                                          0.000000  d, r
pad122                    vssoh           std150e_wst_105_p125
                                                          0.000000  b, d
pad123                    vssoh           std150e_wst_105_p125
                                                          0.000000  b, d
pad124                    vssiph          std150e_wst_105_p125
                                                          0.000000  b, d
pad125                    vssiph          std150e_wst_105_p125
                                                          0.000000  b, d
pad126                    vssiph          std150e_wst_105_p125
                                                          0.000000  b, d
pad127                    vdd12ih_core    std150e_wst_105_p125
                                                          0.000000  b, d
pad128                    vssiph          std150e_wst_105_p125
                                                          0.000000  b, d
pad129                    vssiph          std150e_wst_105_p125
                                                          0.000000  b, d
pad130                    vssiph          std150e_wst_105_p125
                                                          0.000000  b, d
pad131                    vssoh           std150e_wst_105_p125
                                                          0.000000  b, d
pad132                    vssoh           std150e_wst_105_p125
                                                          0.000000  b, d
pad133                    phob12          std150e_wst_105_p125
                                                          0.000000  d
pad134                    vssoh           std150e_wst_105_p125
                                                          0.000000  b, d
pad135                    vssoh           std150e_wst_105_p125
                                                          0.000000  b, d
pad136                    vssiph          std150e_wst_105_p125
                                                          0.000000  b, d
pad137                    vssiph          std150e_wst_105_p125
                                                          0.000000  b, d
pad138                    vssiph          std150e_wst_105_p125
                                                          0.000000  b, d
pad139                    vdd12ih         std150e_wst_105_p125
                                                          0.000000  b, d
pad140                    vssiph          std150e_wst_105_p125
                                                          0.000000  b, d
pad141                    vssiph          std150e_wst_105_p125
                                                          0.000000  b, d
pad142                    vssiph          std150e_wst_105_p125
                                                          0.000000  b, d
pad143                    vssoh           std150e_wst_105_p125
                                                          0.000000  b, d
pad144                    vssoh           std150e_wst_105_p125
                                                          0.000000  b, d
pad145                    vssoh           std150e_wst_105_p125
                                                          0.000000  b, d
pad146                    vdd33oph        std150e_wst_105_p125
                                                          0.000000  b, d
pad147                    vssoh           std150e_wst_105_p125
                                                          0.000000  b, d
pad148                    vssoh           std150e_wst_105_p125
                                                          0.000000  b, d
pad149                    vssoh           std150e_wst_105_p125
                                                          0.000000  b, d
pad150                    vssoh           std150e_wst_105_p125
                                                          0.000000  b, d
pad151                    vssoh           std150e_wst_105_p125
                                                          0.000000  b, d
pad152                    vdd33oph        std150e_wst_105_p125
                                                          0.000000  b, d
pad153                    vssoh           std150e_wst_105_p125
                                                          0.000000  b, d
pad154                    vdd33oph        std150e_wst_105_p125
                                                          0.000000  b, d
pad155                    vssoh           std150e_wst_105_p125
                                                          0.000000  b, d
pad156                    vssoh           std150e_wst_105_p125
                                                          0.000000  b, d
pad157                    vssoh           std150e_wst_105_p125
                                                          0.000000  b, d
pad158                    vdd33oph        std150e_wst_105_p125
                                                          0.000000  b, d
pad159                    vssoh           std150e_wst_105_p125
                                                          0.000000  b, d
pad160                    vdd33oph        std150e_wst_105_p125
                                                          0.000000  b, d
pad161                    vssoh           std150e_wst_105_p125
                                                          0.000000  b, d
pad162                    vssoh           std150e_wst_105_p125
                                                          0.000000  b, d
pad163                    vssoh           std150e_wst_105_p125
                                                          0.000000  b, d
pad164                    vssoh           std150e_wst_105_p125
                                                          0.000000  b, d
pad165                    phob12          std150e_wst_105_p125
                                                          0.000000  d
pad166                    vssoh           std150e_wst_105_p125
                                                          0.000000  b, d
pad167                    vssoh           std150e_wst_105_p125
                                                          0.000000  b, d
pad168                    vssoh           std150e_wst_105_p125
                                                          0.000000  b, d
pad169                    vssoh           std150e_wst_105_p125
                                                          0.000000  b, d
pad170                    vssoh           std150e_wst_105_p125
                                                          0.000000  b, d
pad171                    phic            std150e_wst_105_p125
                                                          0.000000  d, r
pad172                    vssoh           std150e_wst_105_p125
                                                          0.000000  b, d
pad173                    vssoh           std150e_wst_105_p125
                                                          0.000000  b, d
pad174                    vssoh           std150e_wst_105_p125
                                                          0.000000  b, d
pad175                    vssoh           std150e_wst_105_p125
                                                          0.000000  b, d
pad176                    phob12          std150e_wst_105_p125
                                                          0.000000  d
pad177                    vssoh           std150e_wst_105_p125
                                                          0.000000  b, d
pad178                    vssoh           std150e_wst_105_p125
                                                          0.000000  b, d
pad179                    vssiph          std150e_wst_105_p125
                                                          0.000000  b, d
pad180                    vssiph          std150e_wst_105_p125
                                                          0.000000  b, d
pad181                    vdd12ih_core    std150e_wst_105_p125
                                                          0.000000  b, d
pad182                    vssiph          std150e_wst_105_p125
                                                          0.000000  b, d
pad183                    vssiph          std150e_wst_105_p125
                                                          0.000000  b, d
pad184                    vssoh           std150e_wst_105_p125
                                                          0.000000  b, d
pad185                    vssoh           std150e_wst_105_p125
                                                          0.000000  b, d
pad186                    phic            std150e_wst_105_p125
                                                          0.000000  d, r
pad187                    vssoh           std150e_wst_105_p125
                                                          0.000000  b, d
pad188                    vssoh           std150e_wst_105_p125
                                                          0.000000  b, d
pad189                    vssiph          std150e_wst_105_p125
                                                          0.000000  b, d
pad190                    vssiph          std150e_wst_105_p125
                                                          0.000000  b, d
pad191                    vdd12ih         std150e_wst_105_p125
                                                          0.000000  b, d
pad192                    vssiph          std150e_wst_105_p125
                                                          0.000000  b, d
pad193                    vssiph          std150e_wst_105_p125
                                                          0.000000  b, d
pad194                    vssoh           std150e_wst_105_p125
                                                          0.000000  b, d
pad195                    vssoh           std150e_wst_105_p125
                                                          0.000000  b, d
pad196                    phob12          std150e_wst_105_p125
                                                          0.000000  d
pad197                    phob12          std150e_wst_105_p125
                                                          0.000000  d
pad198                    phob12          std150e_wst_105_p125
                                                          0.000000  d
pad199                    vssoh           std150e_wst_105_p125
                                                          0.000000  b, d
pad200                    vssoh           std150e_wst_105_p125
                                                          0.000000  b, d
pad201                    vssoh           std150e_wst_105_p125
                                                          0.000000  b, d
pad202                    vdd33oph        std150e_wst_105_p125
                                                          0.000000  b, d
pad203                    vssoh           std150e_wst_105_p125
                                                          0.000000  b, d
pad204                    vssoh           std150e_wst_105_p125
                                                          0.000000  b, d
pad205                    vdd33oph        std150e_wst_105_p125
                                                          0.000000  b, d
pad206                    vdd33oph        std150e_wst_105_p125
                                                          0.000000  b, d
pad207                    vssoh           std150e_wst_105_p125
                                                          0.000000  b, d
pad208                    vssoh           std150e_wst_105_p125
                                                          0.000000  b, d
--------------------------------------------------------------------------------
Total 210 cells                                           99826.345498
1
