 
****************************************
Report : constraint
Design : khu_sensor_pad
Version: F-2011.09-SP5-3
Date   : Sat Sep  5 05:21:09 2020
****************************************


                                                   Weighted
    Group (max_delay/setup)      Cost     Weight     Cost
    -----------------------------------------------------
    FEEDTHROUGH                  0.00      1.00      0.00
    REGIN                        0.00      1.00      0.00
    REGOUT                       0.00      1.00      0.00
    clk                          0.00      1.00      0.00
    clk_half                     0.00      1.00      0.00
    default                      0.00      1.00      0.00
    -----------------------------------------------------
    max_delay/setup                                  0.00

                              Total Neg  Critical
    Group (critical_range)      Slack    Endpoints   Cost
    -----------------------------------------------------
    FEEDTHROUGH                  0.00         0      0.00
    REGIN                        0.00         0      0.00
    REGOUT                       0.00         0      0.00
    clk                          0.00         0      0.00
    clk_half                     0.00         0      0.00
    default                      0.00         0      0.00
    -----------------------------------------------------
    critical_range                                   0.00

                                                   Weighted
    Group (min_delay/hold)       Cost     Weight     Cost
    -----------------------------------------------------
    FEEDTHROUGH                  0.00      1.00      0.00
    REGIN                        0.00      1.00      0.00
    REGOUT                       0.00      1.00      0.00
    clk                          0.00      1.00      0.00
    clk_half                     0.00      1.00      0.00
    default                      0.00      1.00      0.00
    -----------------------------------------------------
    min_delay/hold                                   0.00
    Constraint                                     Slack
    ----------------------------------------------------
    max_leakage_power                              -0.10  (VIOLATED)


    Constraint                                       Cost
    -----------------------------------------------------
    multiport_net                                    0.00 (MET)
    min_capacitance                                  0.00 (MET)
    max_transition                                   0.00 (MET)
    max_fanout                                       0.00 (MET)
    max_capacitance                                  0.00 (MET)
    max_delay/setup                                  0.00 (MET)
    critical_range                                   0.00 (MET)
    min_delay/hold                                   0.00 (MET)
    max_leakage_power                                0.10 (VIOLATED)
    max_area                                     90225.03 (VIOLATED)


1
 
****************************************
Report : constraint
        -all_violators
        -verbose
Design : khu_sensor_pad
Version: F-2011.09-SP5-3
Date   : Sat Sep  5 05:21:09 2020
****************************************


    Design: khu_sensor_pad

    max_area               0.00
  - Current Area       90225.03
  ------------------------------
    Slack              -90225.03  (VIOLATED)


    Design: khu_sensor_pad

    max_leakage_power          0.00
  - Current Leakage Power      0.10
  ----------------------------------
    Slack                     -0.10  (VIOLATED)


1
