 
****************************************
Report : timing
        -path full
        -delay max
        -max_paths 10
Design : khu_sensor_pad
Version: F-2011.09-SP5-3
Date   : Sat Sep  5 05:21:10 2020
****************************************

 * Some/all delay information is back-annotated.

Operating Conditions: V105WTP1250   Library: std150e_wst_105_p125
Wire Load Model Mode: enclosed

  Startpoint: UART_RXD (input port clocked by clk)
  Endpoint: khu_sensor_top/uart_controller/uart_rx/r_Rx_Data_R_reg
            (rising edge-triggered flip-flop clocked by clk_half)
  Path Group: REGIN
  Path Type: max

  Point                                                   Incr       Path
  --------------------------------------------------------------------------
  clock clk (rise edge)                                   6.00       6.00
  clock network delay (ideal)                             0.75       6.75
  input external delay                                    0.35       7.10 f
  UART_RXD (in)                                           0.00       7.10 f
  pad29/Y (phic)                                          1.31       8.41 f
  khu_sensor_top/UART_RXD (khu_sensor_top)                0.00       8.41 f
  khu_sensor_top/uart_controller/i_UART_RXD (uart_controller)
                                                          0.00       8.41 f
  khu_sensor_top/uart_controller/uart_rx/i_Rx_Serial (uart_rx)
                                                          0.00       8.41 f
  khu_sensor_top/uart_controller/uart_rx/r_Rx_Data_R_reg/D (fd3qd1_hd)
                                                          0.00       8.41 f
  data arrival time                                                  8.41

  clock clk_half (rise edge)                             12.00      12.00
  clock network delay (ideal)                             0.75      12.75
  clock uncertainty                                      -3.96       8.79
  khu_sensor_top/uart_controller/uart_rx/r_Rx_Data_R_reg/CK (fd3qd1_hd)
                                                          0.00       8.79 r
  library setup time                                     -0.01       8.78
  data required time                                                 8.78
  --------------------------------------------------------------------------
  data required time                                                 8.78
  data arrival time                                                 -8.41
  --------------------------------------------------------------------------
  slack (MET)                                                        0.37


  Startpoint: khu_sensor_top/uart_controller/uart_tx/o_Tx_Serial_reg
              (rising edge-triggered flip-flop clocked by clk_half)
  Endpoint: UART_TXD (output port clocked by clk)
  Path Group: REGOUT
  Path Type: max

  Point                                                   Incr       Path
  --------------------------------------------------------------------------
  clock clk_half (rise edge)                              0.00       0.00
  clock network delay (ideal)                             0.75       0.75
  khu_sensor_top/uart_controller/uart_tx/o_Tx_Serial_reg/CK (fd3qd1_hd)
                                                          0.00       0.75 r
  khu_sensor_top/uart_controller/uart_tx/o_Tx_Serial_reg/Q (fd3qd1_hd)
                                                          0.86       1.61 r
  khu_sensor_top/uart_controller/uart_tx/o_Tx_Serial (uart_tx)
                                                          0.00       1.61 r
  khu_sensor_top/uart_controller/o_UART_TXD (uart_controller)
                                                          0.00       1.61 r
  khu_sensor_top/UART_TXD (khu_sensor_top)                0.00       1.61 r
  pad27/PAD (phob12)                                      2.58       4.19 r
  UART_TXD (out)                                          0.00       4.19 r
  data arrival time                                                  4.19

  clock clk (rise edge)                                   6.00       6.00
  clock network delay (ideal)                             0.75       6.75
  clock uncertainty                                      -1.98       4.77
  output external delay                                  -0.50       4.27
  data required time                                                 4.27
  --------------------------------------------------------------------------
  data required time                                                 4.27
  data arrival time                                                 -4.19
  --------------------------------------------------------------------------
  slack (MET)                                                        0.08


  Startpoint: khu_sensor_top/sensor_core/r_mpr_pstate_reg[1]
              (rising edge-triggered flip-flop clocked by clk_half)
  Endpoint: khu_sensor_top/sensor_core/r_mpr_first_param_reg[1]
            (rising edge-triggered flip-flop clocked by clk_half)
  Path Group: clk_half
  Path Type: max

  Point                                                   Incr       Path
  --------------------------------------------------------------------------
  clock clk_half (rise edge)                              0.00       0.00
  clock network delay (ideal)                             0.75       0.75
  khu_sensor_top/sensor_core/r_mpr_pstate_reg[1]/CK (fd4qd1_hd)
                                                          0.00       0.75 r
  khu_sensor_top/sensor_core/r_mpr_pstate_reg[1]/Q (fd4qd1_hd)
                                                          0.56       1.31 r
  khu_sensor_top/sensor_core/U332/Y (ivd1_hd)             0.07       1.38 f
  khu_sensor_top/sensor_core/U337/Y (ivd1_hd)             0.11       1.49 r
  khu_sensor_top/sensor_core/U215/Y (or2d1_hd)            0.18       1.68 r
  khu_sensor_top/sensor_core/U313/Y (ivd1_hd)             0.08       1.76 f
  khu_sensor_top/sensor_core/U659/Y (clknd2d1_hd)         0.13       1.89 r
  khu_sensor_top/sensor_core/U545/Y (ivd1_hd)             0.11       2.00 f
  khu_sensor_top/sensor_core/U212/Y (ad2d1_hd)            0.21       2.21 f
  khu_sensor_top/sensor_core/U246/Y (ivd1_hd)             0.11       2.31 r
  khu_sensor_top/sensor_core/U594/Y (clknd2d1_hd)         0.15       2.47 f
  khu_sensor_top/sensor_core/U224/Y (or2d1_hd)            0.25       2.72 f
  khu_sensor_top/sensor_core/U372/Y (ivd1_hd)             0.10       2.82 r
  khu_sensor_top/sensor_core/U45/Y (clknd2d1_hd)          0.15       2.97 f
  khu_sensor_top/sensor_core/U133/Y (ivd1_hd)             0.11       3.08 r
  khu_sensor_top/sensor_core/U392/Y (ivd1_hd)             0.07       3.16 f
  khu_sensor_top/sensor_core/U393/Y (ivd1_hd)             0.11       3.27 r
  khu_sensor_top/sensor_core/U117/Y (ao211d1_hd)          0.08       3.35 f
  khu_sensor_top/sensor_core/U115/Y (ad4d1_hd)            0.27       3.62 f
  khu_sensor_top/sensor_core/U114/Y (scg18d1_hd)          0.29       3.90 f
  khu_sensor_top/sensor_core/r_mpr_first_param_reg[1]/D (fd4qd1_hd)
                                                          0.00       3.90 f
  data arrival time                                                  3.90

  clock clk_half (rise edge)                             12.00      12.00
  clock network delay (ideal)                             0.75      12.75
  clock uncertainty                                      -3.96       8.79
  khu_sensor_top/sensor_core/r_mpr_first_param_reg[1]/CK (fd4qd1_hd)
                                                          0.00       8.79 r
  library setup time                                     -0.01       8.78
  data required time                                                 8.78
  --------------------------------------------------------------------------
  data required time                                                 8.78
  data arrival time                                                 -3.90
  --------------------------------------------------------------------------
  slack (MET)                                                        4.88


  Startpoint: khu_sensor_top/sensor_core/r_ads_pstate_reg[2]
              (rising edge-triggered flip-flop clocked by clk_half)
  Endpoint: khu_sensor_top/sensor_core/r_ads_second_param_reg[0]
            (rising edge-triggered flip-flop clocked by clk_half)
  Path Group: clk_half
  Path Type: max

  Point                                                   Incr       Path
  --------------------------------------------------------------------------
  clock clk_half (rise edge)                              0.00       0.00
  clock network delay (ideal)                             0.75       0.75
  khu_sensor_top/sensor_core/r_ads_pstate_reg[2]/CK (fd4qd1_hd)
                                                          0.00       0.75 r
  khu_sensor_top/sensor_core/r_ads_pstate_reg[2]/Q (fd4qd1_hd)
                                                          0.56       1.31 r
  khu_sensor_top/sensor_core/U480/Y (ivd1_hd)             0.12       1.43 f
  khu_sensor_top/sensor_core/U335/Y (nr2d1_hd)            0.19       1.62 r
  khu_sensor_top/sensor_core/U58/Y (clknd2d1_hd)          0.23       1.84 f
  khu_sensor_top/sensor_core/U312/Y (nr2d1_hd)            0.22       2.07 r
  khu_sensor_top/sensor_core/U208/Y (nr2d1_hd)            0.12       2.19 f
  khu_sensor_top/sensor_core/U207/Y (nr2d1_hd)            0.19       2.38 r
  khu_sensor_top/sensor_core/U185/Y (ivd1_hd)             0.14       2.52 f
  khu_sensor_top/sensor_core/U578/Y (ivd1_hd)             0.08       2.59 r
  khu_sensor_top/sensor_core/U579/Y (clknd2d1_hd)         0.11       2.70 f
  khu_sensor_top/sensor_core/U204/Y (scg6d1_hd)           0.28       2.98 f
  khu_sensor_top/sensor_core/U242/Y (ivd1_hd)             0.11       3.09 r
  khu_sensor_top/sensor_core/U43/Y (clknd2d1_hd)          0.17       3.26 f
  khu_sensor_top/sensor_core/U199/Y (nr2d1_hd)            0.15       3.41 r
  khu_sensor_top/sensor_core/U41/Y (clknd2d1_hd)          0.14       3.55 f
  khu_sensor_top/sensor_core/U197/Y (oa211d1_hd)          0.12       3.67 r
  khu_sensor_top/sensor_core/r_ads_second_param_reg[0]/D (fd4qd1_hd)
                                                          0.00       3.67 r
  data arrival time                                                  3.67

  clock clk_half (rise edge)                             12.00      12.00
  clock network delay (ideal)                             0.75      12.75
  clock uncertainty                                      -3.96       8.79
  khu_sensor_top/sensor_core/r_ads_second_param_reg[0]/CK (fd4qd1_hd)
                                                          0.00       8.79 r
  library setup time                                     -0.06       8.73
  data required time                                                 8.73
  --------------------------------------------------------------------------
  data required time                                                 8.73
  data arrival time                                                 -3.67
  --------------------------------------------------------------------------
  slack (MET)                                                        5.06


  Startpoint: khu_sensor_top/sensor_core/r_ads_pstate_reg[2]
              (rising edge-triggered flip-flop clocked by clk_half)
  Endpoint: khu_sensor_top/sensor_core/r_ads_second_param_reg[2]
            (rising edge-triggered flip-flop clocked by clk_half)
  Path Group: clk_half
  Path Type: max

  Point                                                   Incr       Path
  --------------------------------------------------------------------------
  clock clk_half (rise edge)                              0.00       0.00
  clock network delay (ideal)                             0.75       0.75
  khu_sensor_top/sensor_core/r_ads_pstate_reg[2]/CK (fd4qd1_hd)
                                                          0.00       0.75 r
  khu_sensor_top/sensor_core/r_ads_pstate_reg[2]/Q (fd4qd1_hd)
                                                          0.56       1.31 r
  khu_sensor_top/sensor_core/U480/Y (ivd1_hd)             0.12       1.43 f
  khu_sensor_top/sensor_core/U335/Y (nr2d1_hd)            0.19       1.62 r
  khu_sensor_top/sensor_core/U58/Y (clknd2d1_hd)          0.23       1.84 f
  khu_sensor_top/sensor_core/U312/Y (nr2d1_hd)            0.22       2.07 r
  khu_sensor_top/sensor_core/U208/Y (nr2d1_hd)            0.12       2.19 f
  khu_sensor_top/sensor_core/U207/Y (nr2d1_hd)            0.19       2.38 r
  khu_sensor_top/sensor_core/U185/Y (ivd1_hd)             0.14       2.52 f
  khu_sensor_top/sensor_core/U578/Y (ivd1_hd)             0.08       2.59 r
  khu_sensor_top/sensor_core/U579/Y (clknd2d1_hd)         0.11       2.70 f
  khu_sensor_top/sensor_core/U204/Y (scg6d1_hd)           0.28       2.98 f
  khu_sensor_top/sensor_core/U242/Y (ivd1_hd)             0.11       3.09 r
  khu_sensor_top/sensor_core/U43/Y (clknd2d1_hd)          0.17       3.26 f
  khu_sensor_top/sensor_core/U199/Y (nr2d1_hd)            0.15       3.41 r
  khu_sensor_top/sensor_core/U41/Y (clknd2d1_hd)          0.14       3.55 f
  khu_sensor_top/sensor_core/U191/Y (scg15d1_hd)          0.12       3.67 r
  khu_sensor_top/sensor_core/r_ads_second_param_reg[2]/D (fd4qd1_hd)
                                                          0.00       3.67 r
  data arrival time                                                  3.67

  clock clk_half (rise edge)                             12.00      12.00
  clock network delay (ideal)                             0.75      12.75
  clock uncertainty                                      -3.96       8.79
  khu_sensor_top/sensor_core/r_ads_second_param_reg[2]/CK (fd4qd1_hd)
                                                          0.00       8.79 r
  library setup time                                     -0.04       8.75
  data required time                                                 8.75
  --------------------------------------------------------------------------
  data required time                                                 8.75
  data arrival time                                                 -3.67
  --------------------------------------------------------------------------
  slack (MET)                                                        5.07


  Startpoint: khu_sensor_top/sensor_core/r_ads_pstate_reg[2]
              (rising edge-triggered flip-flop clocked by clk_half)
  Endpoint: khu_sensor_top/sensor_core/r_ads_second_param_reg[1]
            (rising edge-triggered flip-flop clocked by clk_half)
  Path Group: clk_half
  Path Type: max

  Point                                                   Incr       Path
  --------------------------------------------------------------------------
  clock clk_half (rise edge)                              0.00       0.00
  clock network delay (ideal)                             0.75       0.75
  khu_sensor_top/sensor_core/r_ads_pstate_reg[2]/CK (fd4qd1_hd)
                                                          0.00       0.75 r
  khu_sensor_top/sensor_core/r_ads_pstate_reg[2]/Q (fd4qd1_hd)
                                                          0.56       1.31 r
  khu_sensor_top/sensor_core/U480/Y (ivd1_hd)             0.12       1.43 f
  khu_sensor_top/sensor_core/U335/Y (nr2d1_hd)            0.19       1.62 r
  khu_sensor_top/sensor_core/U58/Y (clknd2d1_hd)          0.23       1.84 f
  khu_sensor_top/sensor_core/U312/Y (nr2d1_hd)            0.22       2.07 r
  khu_sensor_top/sensor_core/U208/Y (nr2d1_hd)            0.12       2.19 f
  khu_sensor_top/sensor_core/U207/Y (nr2d1_hd)            0.19       2.38 r
  khu_sensor_top/sensor_core/U185/Y (ivd1_hd)             0.14       2.52 f
  khu_sensor_top/sensor_core/U578/Y (ivd1_hd)             0.08       2.59 r
  khu_sensor_top/sensor_core/U579/Y (clknd2d1_hd)         0.11       2.70 f
  khu_sensor_top/sensor_core/U204/Y (scg6d1_hd)           0.28       2.98 f
  khu_sensor_top/sensor_core/U242/Y (ivd1_hd)             0.11       3.09 r
  khu_sensor_top/sensor_core/U43/Y (clknd2d1_hd)          0.17       3.26 f
  khu_sensor_top/sensor_core/U195/Y (nr2d1_hd)            0.12       3.38 r
  khu_sensor_top/sensor_core/U92/Y (scg2d1_hd)            0.21       3.59 r
  khu_sensor_top/sensor_core/r_ads_second_param_reg[1]/D (fd4qd1_hd)
                                                          0.00       3.59 r
  data arrival time                                                  3.59

  clock clk_half (rise edge)                             12.00      12.00
  clock network delay (ideal)                             0.75      12.75
  clock uncertainty                                      -3.96       8.79
  khu_sensor_top/sensor_core/r_ads_second_param_reg[1]/CK (fd4qd1_hd)
                                                          0.00       8.79 r
  library setup time                                     -0.04       8.75
  data required time                                                 8.75
  --------------------------------------------------------------------------
  data required time                                                 8.75
  data arrival time                                                 -3.59
  --------------------------------------------------------------------------
  slack (MET)                                                        5.16


  Startpoint: khu_sensor_top/sensor_core/r_ads_pstate_reg[2]
              (rising edge-triggered flip-flop clocked by clk_half)
  Endpoint: khu_sensor_top/sensor_core/r_ads_second_param_reg[7]
            (rising edge-triggered flip-flop clocked by clk_half)
  Path Group: clk_half
  Path Type: max

  Point                                                   Incr       Path
  --------------------------------------------------------------------------
  clock clk_half (rise edge)                              0.00       0.00
  clock network delay (ideal)                             0.75       0.75
  khu_sensor_top/sensor_core/r_ads_pstate_reg[2]/CK (fd4qd1_hd)
                                                          0.00       0.75 r
  khu_sensor_top/sensor_core/r_ads_pstate_reg[2]/Q (fd4qd1_hd)
                                                          0.56       1.31 r
  khu_sensor_top/sensor_core/U480/Y (ivd1_hd)             0.12       1.43 f
  khu_sensor_top/sensor_core/U335/Y (nr2d1_hd)            0.19       1.62 r
  khu_sensor_top/sensor_core/U58/Y (clknd2d1_hd)          0.23       1.84 f
  khu_sensor_top/sensor_core/U312/Y (nr2d1_hd)            0.22       2.07 r
  khu_sensor_top/sensor_core/U208/Y (nr2d1_hd)            0.12       2.19 f
  khu_sensor_top/sensor_core/U207/Y (nr2d1_hd)            0.19       2.38 r
  khu_sensor_top/sensor_core/U185/Y (ivd1_hd)             0.14       2.52 f
  khu_sensor_top/sensor_core/U578/Y (ivd1_hd)             0.08       2.59 r
  khu_sensor_top/sensor_core/U579/Y (clknd2d1_hd)         0.11       2.70 f
  khu_sensor_top/sensor_core/U204/Y (scg6d1_hd)           0.28       2.98 f
  khu_sensor_top/sensor_core/U242/Y (ivd1_hd)             0.11       3.09 r
  khu_sensor_top/sensor_core/U43/Y (clknd2d1_hd)          0.17       3.26 f
  khu_sensor_top/sensor_core/U199/Y (nr2d1_hd)            0.15       3.41 r
  khu_sensor_top/sensor_core/U182/Y (scg6d1_hd)           0.15       3.56 r
  khu_sensor_top/sensor_core/r_ads_second_param_reg[7]/D (fd4qd1_hd)
                                                          0.00       3.56 r
  data arrival time                                                  3.56

  clock clk_half (rise edge)                             12.00      12.00
  clock network delay (ideal)                             0.75      12.75
  clock uncertainty                                      -3.96       8.79
  khu_sensor_top/sensor_core/r_ads_second_param_reg[7]/CK (fd4qd1_hd)
                                                          0.00       8.79 r
  library setup time                                     -0.03       8.76
  data required time                                                 8.76
  --------------------------------------------------------------------------
  data required time                                                 8.76
  data arrival time                                                 -3.56
  --------------------------------------------------------------------------
  slack (MET)                                                        5.20


  Startpoint: khu_sensor_top/sensor_core/r_mpr_pstate_reg[1]
              (rising edge-triggered flip-flop clocked by clk_half)
  Endpoint: khu_sensor_top/sensor_core/r_mpr_first_param_reg[2]
            (rising edge-triggered flip-flop clocked by clk_half)
  Path Group: clk_half
  Path Type: max

  Point                                                   Incr       Path
  --------------------------------------------------------------------------
  clock clk_half (rise edge)                              0.00       0.00
  clock network delay (ideal)                             0.75       0.75
  khu_sensor_top/sensor_core/r_mpr_pstate_reg[1]/CK (fd4qd1_hd)
                                                          0.00       0.75 r
  khu_sensor_top/sensor_core/r_mpr_pstate_reg[1]/Q (fd4qd1_hd)
                                                          0.56       1.31 r
  khu_sensor_top/sensor_core/U332/Y (ivd1_hd)             0.07       1.38 f
  khu_sensor_top/sensor_core/U337/Y (ivd1_hd)             0.11       1.49 r
  khu_sensor_top/sensor_core/U215/Y (or2d1_hd)            0.18       1.68 r
  khu_sensor_top/sensor_core/U313/Y (ivd1_hd)             0.08       1.76 f
  khu_sensor_top/sensor_core/U659/Y (clknd2d1_hd)         0.13       1.89 r
  khu_sensor_top/sensor_core/U545/Y (ivd1_hd)             0.11       2.00 f
  khu_sensor_top/sensor_core/U212/Y (ad2d1_hd)            0.21       2.21 f
  khu_sensor_top/sensor_core/U246/Y (ivd1_hd)             0.11       2.31 r
  khu_sensor_top/sensor_core/U594/Y (clknd2d1_hd)         0.15       2.47 f
  khu_sensor_top/sensor_core/U224/Y (or2d1_hd)            0.25       2.72 f
  khu_sensor_top/sensor_core/U372/Y (ivd1_hd)             0.10       2.82 r
  khu_sensor_top/sensor_core/U45/Y (clknd2d1_hd)          0.15       2.97 f
  khu_sensor_top/sensor_core/U133/Y (ivd1_hd)             0.11       3.08 r
  khu_sensor_top/sensor_core/U392/Y (ivd1_hd)             0.07       3.16 f
  khu_sensor_top/sensor_core/U394/Y (ivd1_hd)             0.12       3.27 r
  khu_sensor_top/sensor_core/U110/Y (ao22d1_hd)           0.12       3.40 f
  khu_sensor_top/sensor_core/U109/Y (oa211d1_hd)          0.10       3.49 r
  khu_sensor_top/sensor_core/r_mpr_first_param_reg[2]/D (fd4qd1_hd)
                                                          0.00       3.49 r
  data arrival time                                                  3.49

  clock clk_half (rise edge)                             12.00      12.00
  clock network delay (ideal)                             0.75      12.75
  clock uncertainty                                      -3.96       8.79
  khu_sensor_top/sensor_core/r_mpr_first_param_reg[2]/CK (fd4qd1_hd)
                                                          0.00       8.79 r
  library setup time                                     -0.06       8.73
  data required time                                                 8.73
  --------------------------------------------------------------------------
  data required time                                                 8.73
  data arrival time                                                 -3.49
  --------------------------------------------------------------------------
  slack (MET)                                                        5.24


  Startpoint: khu_sensor_top/sensor_core/r_mpr_pstate_reg[4]
              (rising edge-triggered flip-flop clocked by clk_half)
  Endpoint: khu_sensor_top/sensor_core/r_mpr_first_param_reg[0]
            (rising edge-triggered flip-flop clocked by clk_half)
  Path Group: clk_half
  Path Type: max

  Point                                                   Incr       Path
  --------------------------------------------------------------------------
  clock clk_half (rise edge)                              0.00       0.00
  clock network delay (ideal)                             0.75       0.75
  khu_sensor_top/sensor_core/r_mpr_pstate_reg[4]/CK (fd3qd1_hd)
                                                          0.00       0.75 r
  khu_sensor_top/sensor_core/r_mpr_pstate_reg[4]/Q (fd3qd1_hd)
                                                          0.49       1.24 r
  khu_sensor_top/sensor_core/U611/Y (ivd1_hd)             0.09       1.33 f
  khu_sensor_top/sensor_core/U610/Y (nr2d1_hd)            0.15       1.47 r
  khu_sensor_top/sensor_core/U33/Y (clknd2d1_hd)          0.21       1.68 f
  khu_sensor_top/sensor_core/U597/Y (ivd1_hd)             0.15       1.82 r
  khu_sensor_top/sensor_core/U659/Y (clknd2d1_hd)         0.19       2.02 f
  khu_sensor_top/sensor_core/U545/Y (ivd1_hd)             0.15       2.17 r
  khu_sensor_top/sensor_core/U212/Y (ad2d1_hd)            0.20       2.37 r
  khu_sensor_top/sensor_core/U246/Y (ivd1_hd)             0.09       2.46 f
  khu_sensor_top/sensor_core/U594/Y (clknd2d1_hd)         0.11       2.57 r
  khu_sensor_top/sensor_core/U224/Y (or2d1_hd)            0.18       2.75 r
  khu_sensor_top/sensor_core/U372/Y (ivd1_hd)             0.08       2.83 f
  khu_sensor_top/sensor_core/U45/Y (clknd2d1_hd)          0.10       2.94 r
  khu_sensor_top/sensor_core/U657/Y (clknd2d1_hd)         0.20       3.14 f
  khu_sensor_top/sensor_core/U131/Y (ivd1_hd)             0.14       3.27 r
  khu_sensor_top/sensor_core/U126/Y (ao22d1_hd)           0.12       3.40 f
  khu_sensor_top/sensor_core/U125/Y (oa211d1_hd)          0.10       3.49 r
  khu_sensor_top/sensor_core/r_mpr_first_param_reg[0]/D (fd4qd1_hd)
                                                          0.00       3.49 r
  data arrival time                                                  3.49

  clock clk_half (rise edge)                             12.00      12.00
  clock network delay (ideal)                             0.75      12.75
  clock uncertainty                                      -3.96       8.79
  khu_sensor_top/sensor_core/r_mpr_first_param_reg[0]/CK (fd4qd1_hd)
                                                          0.00       8.79 r
  library setup time                                     -0.06       8.73
  data required time                                                 8.73
  --------------------------------------------------------------------------
  data required time                                                 8.73
  data arrival time                                                 -3.49
  --------------------------------------------------------------------------
  slack (MET)                                                        5.24


  Startpoint: khu_sensor_top/sensor_core/r_mpr_pstate_reg[1]
              (rising edge-triggered flip-flop clocked by clk_half)
  Endpoint: khu_sensor_top/sensor_core/r_mpr_first_param_reg[5]
            (rising edge-triggered flip-flop clocked by clk_half)
  Path Group: clk_half
  Path Type: max

  Point                                                   Incr       Path
  --------------------------------------------------------------------------
  clock clk_half (rise edge)                              0.00       0.00
  clock network delay (ideal)                             0.75       0.75
  khu_sensor_top/sensor_core/r_mpr_pstate_reg[1]/CK (fd4qd1_hd)
                                                          0.00       0.75 r
  khu_sensor_top/sensor_core/r_mpr_pstate_reg[1]/Q (fd4qd1_hd)
                                                          0.56       1.31 r
  khu_sensor_top/sensor_core/U332/Y (ivd1_hd)             0.07       1.38 f
  khu_sensor_top/sensor_core/U337/Y (ivd1_hd)             0.11       1.49 r
  khu_sensor_top/sensor_core/U215/Y (or2d1_hd)            0.18       1.68 r
  khu_sensor_top/sensor_core/U313/Y (ivd1_hd)             0.08       1.76 f
  khu_sensor_top/sensor_core/U659/Y (clknd2d1_hd)         0.13       1.89 r
  khu_sensor_top/sensor_core/U545/Y (ivd1_hd)             0.11       2.00 f
  khu_sensor_top/sensor_core/U212/Y (ad2d1_hd)            0.21       2.21 f
  khu_sensor_top/sensor_core/U246/Y (ivd1_hd)             0.11       2.31 r
  khu_sensor_top/sensor_core/U594/Y (clknd2d1_hd)         0.15       2.47 f
  khu_sensor_top/sensor_core/U224/Y (or2d1_hd)            0.25       2.72 f
  khu_sensor_top/sensor_core/U372/Y (ivd1_hd)             0.10       2.82 r
  khu_sensor_top/sensor_core/U45/Y (clknd2d1_hd)          0.15       2.97 f
  khu_sensor_top/sensor_core/U133/Y (ivd1_hd)             0.11       3.08 r
  khu_sensor_top/sensor_core/U392/Y (ivd1_hd)             0.07       3.16 f
  khu_sensor_top/sensor_core/U394/Y (ivd1_hd)             0.12       3.27 r
  khu_sensor_top/sensor_core/U98/Y (clknd2d1_hd)          0.12       3.39 f
  khu_sensor_top/sensor_core/U97/Y (oa211d1_hd)           0.09       3.48 r
  khu_sensor_top/sensor_core/r_mpr_first_param_reg[5]/D (fd4qd1_hd)
                                                          0.00       3.48 r
  data arrival time                                                  3.48

  clock clk_half (rise edge)                             12.00      12.00
  clock network delay (ideal)                             0.75      12.75
  clock uncertainty                                      -3.96       8.79
  khu_sensor_top/sensor_core/r_mpr_first_param_reg[5]/CK (fd4qd1_hd)
                                                          0.00       8.79 r
  library setup time                                     -0.06       8.73
  data required time                                                 8.73
  --------------------------------------------------------------------------
  data required time                                                 8.73
  data arrival time                                                 -3.48
  --------------------------------------------------------------------------
  slack (MET)                                                        5.25


  Startpoint: khu_sensor_top/sensor_core/r_mpr_pstate_reg[4]
              (rising edge-triggered flip-flop clocked by clk_half)
  Endpoint: khu_sensor_top/sensor_core/r_mpr_first_param_reg[4]
            (rising edge-triggered flip-flop clocked by clk_half)
  Path Group: clk_half
  Path Type: max

  Point                                                   Incr       Path
  --------------------------------------------------------------------------
  clock clk_half (rise edge)                              0.00       0.00
  clock network delay (ideal)                             0.75       0.75
  khu_sensor_top/sensor_core/r_mpr_pstate_reg[4]/CK (fd3qd1_hd)
                                                          0.00       0.75 r
  khu_sensor_top/sensor_core/r_mpr_pstate_reg[4]/Q (fd3qd1_hd)
                                                          0.49       1.24 r
  khu_sensor_top/sensor_core/U611/Y (ivd1_hd)             0.09       1.33 f
  khu_sensor_top/sensor_core/U610/Y (nr2d1_hd)            0.15       1.47 r
  khu_sensor_top/sensor_core/U33/Y (clknd2d1_hd)          0.21       1.68 f
  khu_sensor_top/sensor_core/U597/Y (ivd1_hd)             0.15       1.82 r
  khu_sensor_top/sensor_core/U659/Y (clknd2d1_hd)         0.19       2.02 f
  khu_sensor_top/sensor_core/U545/Y (ivd1_hd)             0.15       2.17 r
  khu_sensor_top/sensor_core/U212/Y (ad2d1_hd)            0.20       2.37 r
  khu_sensor_top/sensor_core/U246/Y (ivd1_hd)             0.09       2.46 f
  khu_sensor_top/sensor_core/U594/Y (clknd2d1_hd)         0.11       2.57 r
  khu_sensor_top/sensor_core/U224/Y (or2d1_hd)            0.18       2.75 r
  khu_sensor_top/sensor_core/U372/Y (ivd1_hd)             0.08       2.83 f
  khu_sensor_top/sensor_core/U45/Y (clknd2d1_hd)          0.10       2.94 r
  khu_sensor_top/sensor_core/U657/Y (clknd2d1_hd)         0.20       3.14 f
  khu_sensor_top/sensor_core/U131/Y (ivd1_hd)             0.14       3.27 r
  khu_sensor_top/sensor_core/U101/Y (ao22d1_hd)           0.12       3.40 f
  khu_sensor_top/sensor_core/U100/Y (nd3d1_hd)            0.09       3.49 r
  khu_sensor_top/sensor_core/r_mpr_first_param_reg[4]/D (fd4qd1_hd)
                                                          0.00       3.49 r
  data arrival time                                                  3.49

  clock clk_half (rise edge)                             12.00      12.00
  clock network delay (ideal)                             0.75      12.75
  clock uncertainty                                      -3.96       8.79
  khu_sensor_top/sensor_core/r_mpr_first_param_reg[4]/CK (fd4qd1_hd)
                                                          0.00       8.79 r
  library setup time                                     -0.04       8.75
  data required time                                                 8.75
  --------------------------------------------------------------------------
  data required time                                                 8.75
  data arrival time                                                 -3.49
  --------------------------------------------------------------------------
  slack (MET)                                                        5.26


  Startpoint: khu_sensor_top/sensor_core/r_ads_pstate_reg[3]
              (rising edge-triggered flip-flop clocked by clk_half)
  Endpoint: khu_sensor_top/sensor_core/r_ads_ch2_data_out_reg[0]
            (rising edge-triggered flip-flop clocked by clk_half)
  Path Group: clk_half
  Path Type: max

  Point                                                   Incr       Path
  --------------------------------------------------------------------------
  clock clk_half (rise edge)                              0.00       0.00
  clock network delay (ideal)                             0.75       0.75
  khu_sensor_top/sensor_core/r_ads_pstate_reg[3]/CK (fd4qd1_hd)
                                                          0.00       0.75 r
  khu_sensor_top/sensor_core/r_ads_pstate_reg[3]/Q (fd4qd1_hd)
                                                          0.54       1.29 r
  khu_sensor_top/sensor_core/U269/Y (ivd1_hd)             0.07       1.36 f
  khu_sensor_top/sensor_core/U270/Y (ivd1_hd)             0.12       1.47 r
  khu_sensor_top/sensor_core/U5/Y (clknd2d1_hd)           0.14       1.61 f
  khu_sensor_top/sensor_core/U353/Y (ivd1_hd)             0.11       1.72 r
  khu_sensor_top/sensor_core/U84/Y (clknd2d1_hd)          0.18       1.90 f
  khu_sensor_top/sensor_core/U351/Y (nr2d1_hd)            0.16       2.06 r
  khu_sensor_top/sensor_core/U75/Y (clknd2d1_hd)          0.14       2.21 f
  khu_sensor_top/sensor_core/U301/Y (ivd1_hd)             0.11       2.32 r
  khu_sensor_top/sensor_core/U203/Y (nr2d1_hd)            0.09       2.41 f
  khu_sensor_top/sensor_core/U248/Y (ivd1_hd)             0.12       2.53 r
  khu_sensor_top/sensor_core/U784/Y (ivd1_hd)             0.10       2.63 f
  khu_sensor_top/sensor_core/U352/Y (ivd1_hd)             0.08       2.71 r
  khu_sensor_top/sensor_core/U357/Y (ivd1_hd)             0.08       2.79 f
  khu_sensor_top/sensor_core/U787/Y (or2d1_hd)            0.22       3.01 f
  khu_sensor_top/sensor_core/U249/Y (ivd1_hd)             0.08       3.09 r
  khu_sensor_top/sensor_core/U250/Y (ivd1_hd)             0.09       3.18 f
  khu_sensor_top/sensor_core/U791/Y (ivd1_hd)             0.10       3.28 r
  khu_sensor_top/sensor_core/U815/Y (scg2d1_hd)           0.22       3.49 r
  khu_sensor_top/sensor_core/r_ads_ch2_data_out_reg[0]/D (fd4qd1_hd)
                                                          0.00       3.49 r
  data arrival time                                                  3.49

  clock clk_half (rise edge)                             12.00      12.00
  clock network delay (ideal)                             0.75      12.75
  clock uncertainty                                      -3.96       8.79
  khu_sensor_top/sensor_core/r_ads_ch2_data_out_reg[0]/CK (fd4qd1_hd)
                                                          0.00       8.79 r
  library setup time                                     -0.04       8.75
  data required time                                                 8.75
  --------------------------------------------------------------------------
  data required time                                                 8.75
  data arrival time                                                 -3.49
  --------------------------------------------------------------------------
  slack (MET)                                                        5.26


1
