 
****************************************
Report : Attribute
Design : khu_sensor_pad
Version: F-2011.09-SP5-3
Date   : Tue Sep  8 19:13:06 2020
****************************************

Design          Object             Type      Attribute Name            Value
--------------------------------------------------------------------------------
khu_sensor_pad  khu_sensor_pad     design    mv_charz                  0
khu_sensor_pad  khu_sensor_pad     design    compile_tot_wall_time     179.285507
khu_sensor_pad  khu_sensor_pad     design    compile_cpu_hostname      vlsi-dist.khu.ac.kr
khu_sensor_pad  khu_sensor_pad     design    testdb_meth_sig_usage_option
                                                                       98307
khu_sensor_pad  khu_sensor_pad     design    testdb_meth_sig_usage     106499
khu_sensor_pad  khu_sensor_pad     design    testdb_meth_name          multiplexed_flip_flop
khu_sensor_pad  khu_sensor_pad     design    pass1_area                63086.332031
khu_sensor_pad  khu_sensor_pad     design    map_effort_option         3
khu_sensor_pad  khu_sensor_pad     design    instance_name_suffix      
khu_sensor_pad  khu_sensor_pad     design    register_merging          1
khu_sensor_pad  khu_sensor_pad     design    compile_tdrs_cpu_time     5.992676
khu_sensor_pad  khu_sensor_pad     design    compile_lib_cpu_time      0.004028
khu_sensor_pad  khu_sensor_pad     design    compile_tot_cpu_time      50.215454
khu_sensor_pad  khu_sensor_pad     design    compile_rbo_cpu_time      8.792664
khu_sensor_pad  khu_sensor_pad     design    compile_abo_cpu_time      7.106567
khu_sensor_pad  khu_sensor_pad     design    dynamic_power_opto        true
khu_sensor_pad  khu_sensor_pad     design    pads_thru_hier            false
khu_sensor_pad  khu_sensor_pad     design    pads_respect_hier         false
khu_sensor_pad  khu_sensor_pad     design    leakage_power_opto        true
khu_sensor_pad  khu_sensor_pad     design    max_area                  0.000000
khu_sensor_pad  khu_sensor_pad     design    fix_multiple_port_nets    feedthroughs constants outputs buffer_constants
khu_sensor_pad  khu_sensor_pad     design    design_voltage_unit       1000.000000
khu_sensor_pad  khu_sensor_pad     design    design_current_unit       1.000000
khu_sensor_pad  khu_sensor_pad     design    design_power_unit         0.001000
khu_sensor_pad  khu_sensor_pad     design    design_resistance_unit    1.000000
khu_sensor_pad  khu_sensor_pad     design    design_cap_unit           1.000000
khu_sensor_pad  khu_sensor_pad     design    design_time_unit          1.000000
khu_sensor_pad  khu_sensor_pad     design    temperature_from_min_lib  125.000000
khu_sensor_pad  khu_sensor_pad     design    temperature_from_max_lib  125.000000
khu_sensor_pad  khu_sensor_pad     design    map                       true
khu_sensor_pad  khu_sensor_pad     design    exact_sequential_map      false
khu_sensor_pad  khu_sensor_pad     design    ungroup_all_option        false
khu_sensor_pad  khu_sensor_pad     design    redundancy_removal        true
khu_sensor_pad  khu_sensor_pad     design    compiled_with_ultra       true
khu_sensor_pad  khu_sensor_pad     design    scan_state_route_serial   false
khu_sensor_pad  khu_sensor_pad     design    scan_state_route_clocks   false
khu_sensor_pad  khu_sensor_pad     design    scan_state_route_enables  false
khu_sensor_pad  khu_sensor_pad     design    scan_state_type           1
khu_sensor_pad  khu_sensor_pad     design    min_wire_load_selection_type
                                                                       0
khu_sensor_pad  khu_sensor_pad     design    wire_load_selection_type  0
khu_sensor_pad  khu_sensor_pad     design    hdl_library               WORK
khu_sensor_pad  khu_sensor_pad     design    hdl_template              khu_sensor_pad
khu_sensor_pad  khu_sensor_pad     design    hdl_canonical_default_params
khu_sensor_pad  khu_sensor_pad     design    hdl_default_parameters    
khu_sensor_pad  khu_sensor_pad     design    hdl_canonical_params      
khu_sensor_pad  khu_sensor_pad     design    hdl_parameters            
khu_sensor_pad  khu_sensor_pad     design    link_design_libraries     WORK
khu_sensor_pad  khu_sensor_pad     design    presto_gtech_count        46

1
