 
****************************************
Report : area
Design : khu_sensor_pad
Version: F-2011.09-SP5-3
Date   : Sat Sep  5 05:21:09 2020
****************************************

Library(s) Used:

    std150e_wst_105_p125 (File: /Tools/Library/samsung013/sec050915_0050_STD150E_regular_DK_Synopsys_N/sec150e_synopsys/syn/STD150E/std150e_wst_105_p125.db)

Number of ports:                           14
Number of nets:                            36
Number of cells:                           47
Number of combinational cells:             45
Number of sequential cells:                 0
Number of macros:                           0
Number of buf/inv:                          1
Number of references:                      13

Combinational area:       54082.705087
Buf/Inv area:             8030.368195
Noncombinational area:    36142.323412
Net Interconnect area:      undefined  (No wire load specified)

Total cell area:          90225.028499
Total area:                 undefined
1
