Information: Propagating switching activity (low effort zero delay simulation). (PWR-6)
Warning: Design has unannotated primary inputs. (PWR-414)
Warning: Design has unannotated sequential cell outputs. (PWR-415)
Warning: Design has unannotated black box outputs. (PWR-428)
 
****************************************
Report : power
        -analysis_effort low
Design : khu_sensor_pad
Version: F-2011.09-SP5-3
Date   : Sat Sep  5 05:21:12 2020
****************************************


Library(s) Used:

    std150e_wst_105_p125 (File: /Tools/Library/samsung013/sec050915_0050_STD150E_regular_DK_Synopsys_N/sec150e_synopsys/syn/STD150E/std150e_wst_105_p125.db)


Operating Conditions: V105WTP1250   Library: std150e_wst_105_p125
Wire Load Model Mode: enclosed

Design        Wire Load Model            Library
------------------------------------------------


Global Operating Voltage = 1.05 
Power-specific unit information :
    Voltage Units = 1V
    Capacitance Units = 1.000000pf
    Time Units = 1ns
    Dynamic Power Units = 1mW    (derived from V,C,T units)
    Leakage Power Units = 1mW


  Cell Internal Power  =  18.6829 mW  (100%)
  Net Switching Power  = 452.9910 nW    (0%)
                         ---------
Total Dynamic Power    =  18.6834 mW  (100%)

Cell Leakage Power     = 102.5393 uW


                 Internal         Switching           Leakage            Total
Power Group      Power            Power               Power              Power   (   %    )  Attrs
--------------------------------------------------------------------------------------------------
io_pad            18.1203        1.8415e-04        9.0558e-04           18.1214  (  96.46%)
memory             0.0000            0.0000            0.0000            0.0000  (   0.00%)
black_box          0.0000            0.0000            0.0000            0.0000  (   0.00%)
clock_network      0.0000            0.0000            0.0000            0.0000  (   0.00%)
register           0.5567        2.3799e-05        2.8476e-03            0.5595  (   2.98%)
sequential     3.9596e-03            0.0000        3.1398e-02        3.5358e-02  (   0.19%)
combinational  2.0255e-03        2.4504e-04        6.7391e-02        6.9662e-02  (   0.37%)
--------------------------------------------------------------------------------------------------
Total             18.6829 mW     4.5299e-04 mW         0.1025 mW        18.7859 mW
1
