 
****************************************
Report : compile_options
Design : khu_sensor_pad
Version: F-2011.09-SP5-3
Date   : Sat Sep  5 05:21:09 2020
****************************************

Design                                   Compile Option         Value
--------------------------------------------------------------------------------
khu_sensor_pad                           flatten                false
                                         structure              true
                                         structure_boolean      false
                                         structure_timing       true
                                         fix_multiple_port_nets feedthroughs
                                                                constants
                                                                outputs
                                                                buffer_constants
                                         isolate_port           disabled

khu_sensor_top                           flatten                false
                                         structure              true
                                         structure_boolean      false
                                         structure_timing       true

async_rstn_glitch_synchronizer           flatten                false
                                         structure              true
                                         structure_boolean      false
                                         structure_timing       true

divider_by_2                             flatten                false
                                         structure              true
                                         structure_boolean      false
                                         structure_timing       true

uart_controller                          flatten                false
                                         structure              true
                                         structure_boolean      false
                                         structure_timing       true

uart_tx                                  flatten                false
                                         structure              true
                                         structure_boolean      false
                                         structure_timing       true

uart_tx_DW01_inc_0                       flatten                false
                                         structure              true
                                         structure_boolean      false
                                         structure_timing       true

uart_rx                                  flatten                false
                                         structure              true
                                         structure_boolean      false
                                         structure_timing       true

uart_rx_DW01_inc_0                       flatten                false
                                         structure              true
                                         structure_boolean      false
                                         structure_timing       true

sensor_core                              flatten                false
                                         structure              true
                                         structure_boolean      false
                                         structure_timing       true

mpr121_controller                        flatten                false
                                         structure              true
                                         structure_boolean      false
                                         structure_timing       true

i2c_master                               flatten                false
                                         structure              true
                                         structure_boolean      false
                                         structure_timing       true

i2c_master_DW01_dec_0                    flatten                false
                                         structure              true
                                         structure_boolean      false
                                         structure_timing       true

mpr121_controller_DW01_inc_0             flatten                false
                                         structure              true
                                         structure_boolean      false
                                         structure_timing       true

ads1292_filter                           flatten                false
                                         structure              true
                                         structure_boolean      false
                                         structure_timing       true

converter_i2f                            flatten                false
                                         structure              true
                                         structure_boolean      false
                                         structure_timing       true

converter_i2f_DW01_inc_0                 flatten                false
                                         structure              true
                                         structure_boolean      false
                                         structure_timing       true

converter_i2f_DW01_inc_1                 flatten                false
                                         structure              true
                                         structure_boolean      false
                                         structure_timing       true

converter_i2f_DW01_sub_0                 flatten                false
                                         structure              true
                                         structure_boolean      false
                                         structure_timing       true

iir_lpf                                  flatten                false
                                         structure              true
                                         structure_boolean      false
                                         structure_timing       true

float_adder_3                            flatten                false
                                         structure              true
                                         structure_boolean      false
                                         structure_timing       true

float_adder_3_DW01_inc_0                 flatten                false
                                         structure              true
                                         structure_boolean      false
                                         structure_timing       true

float_adder_3_DW_cmp_3                   flatten                false
                                         structure              true
                                         structure_boolean      false
                                         structure_timing       true

float_adder_3_DP_OP_128_206_9905_0       flatten                false
                                         structure              true
                                         structure_boolean      false
                                         structure_timing       true

float_adder_3_DP_OP_129_207_5372_0       flatten                false
                                         structure              true
                                         structure_boolean      false
                                         structure_timing       true

float_adder_3_DP_OP_131_209_1709_0       flatten                false
                                         structure              true
                                         structure_boolean      false
                                         structure_timing       true

float_adder_3_DP_OP_132_210_6037_0       flatten                false
                                         structure              true
                                         structure_boolean      false
                                         structure_timing       true

float_adder_3_DP_OP_143_220_7930_0       flatten                false
                                         structure              true
                                         structure_boolean      false
                                         structure_timing       true

float_adder_3_DP_OP_43_247_8814_0        flatten                false
                                         structure              true
                                         structure_boolean      false
                                         structure_timing       true

float_multiplier_5                       flatten                false
                                         structure              true
                                         structure_boolean      false
                                         structure_timing       true

float_multiplier_5_DW01_inc_0            flatten                false
                                         structure              true
                                         structure_boolean      false
                                         structure_timing       true

float_multiplier_5_DW_mult_uns_0         flatten                false
                                         structure              true
                                         structure_boolean      false
                                         structure_timing       true

float_multiplier_5_DP_OP_114_201_6986_0  flatten                false
                                         structure              true
                                         structure_boolean      false
                                         structure_timing       true

float_multiplier_4                       flatten                false
                                         structure              true
                                         structure_boolean      false
                                         structure_timing       true

float_multiplier_4_DW01_inc_0            flatten                false
                                         structure              true
                                         structure_boolean      false
                                         structure_timing       true

float_multiplier_4_DW_mult_uns_0         flatten                false
                                         structure              true
                                         structure_boolean      false
                                         structure_timing       true

float_multiplier_4_DP_OP_114_191_6440_0  flatten                false
                                         structure              true
                                         structure_boolean      false
                                         structure_timing       true

iir_notch                                flatten                false
                                         structure              true
                                         structure_boolean      false
                                         structure_timing       true

float_adder_2                            flatten                false
                                         structure              true
                                         structure_boolean      false
                                         structure_timing       true

float_adder_2_DW01_inc_0                 flatten                false
                                         structure              true
                                         structure_boolean      false
                                         structure_timing       true

float_adder_2_DW_cmp_3                   flatten                false
                                         structure              true
                                         structure_boolean      false
                                         structure_timing       true

float_adder_2_DP_OP_128_180_8620_0       flatten                false
                                         structure              true
                                         structure_boolean      false
                                         structure_timing       true

float_adder_2_DP_OP_129_181_2885_0       flatten                false
                                         structure              true
                                         structure_boolean      false
                                         structure_timing       true

float_adder_2_DP_OP_131_183_7810_0       flatten                false
                                         structure              true
                                         structure_boolean      false
                                         structure_timing       true

float_adder_2_DP_OP_132_184_9028_0       flatten                false
                                         structure              true
                                         structure_boolean      false
                                         structure_timing       true

float_adder_2_DP_OP_143_217_5633_0       flatten                false
                                         structure              true
                                         structure_boolean      false
                                         structure_timing       true

float_adder_2_DP_OP_43_243_1878_0        flatten                false
                                         structure              true
                                         structure_boolean      false
                                         structure_timing       true

float_adder_1                            flatten                false
                                         structure              true
                                         structure_boolean      false
                                         structure_timing       true

float_adder_1_DW01_inc_0                 flatten                false
                                         structure              true
                                         structure_boolean      false
                                         structure_timing       true

float_adder_1_DW_cmp_3                   flatten                false
                                         structure              true
                                         structure_boolean      false
                                         structure_timing       true

float_adder_1_DP_OP_128_174_8668_0       flatten                false
                                         structure              true
                                         structure_boolean      false
                                         structure_timing       true

float_adder_1_DP_OP_129_175_564_0        flatten                false
                                         structure              true
                                         structure_boolean      false
                                         structure_timing       true

float_adder_1_DP_OP_131_177_7858_0       flatten                false
                                         structure              true
                                         structure_boolean      false
                                         structure_timing       true

float_adder_1_DP_OP_132_178_6707_0       flatten                false
                                         structure              true
                                         structure_boolean      false
                                         structure_timing       true

float_adder_1_DP_OP_143_214_9477_0       flatten                false
                                         structure              true
                                         structure_boolean      false
                                         structure_timing       true

float_adder_1_DP_OP_43_239_1622_0        flatten                false
                                         structure              true
                                         structure_boolean      false
                                         structure_timing       true

float_multiplier_3                       flatten                false
                                         structure              true
                                         structure_boolean      false
                                         structure_timing       true

float_multiplier_3_DW01_inc_0            flatten                false
                                         structure              true
                                         structure_boolean      false
                                         structure_timing       true

float_multiplier_3_DW_mult_uns_0         flatten                false
                                         structure              true
                                         structure_boolean      false
                                         structure_timing       true

float_multiplier_3_DP_OP_114_169_7349_0  flatten                false
                                         structure              true
                                         structure_boolean      false
                                         structure_timing       true

float_multiplier_2                       flatten                false
                                         structure              true
                                         structure_boolean      false
                                         structure_timing       true

float_multiplier_2_DW01_inc_0            flatten                false
                                         structure              true
                                         structure_boolean      false
                                         structure_timing       true

float_multiplier_2_DW_mult_uns_0         flatten                false
                                         structure              true
                                         structure_boolean      false
                                         structure_timing       true

float_multiplier_2_DP_OP_114_159_8578_0  flatten                false
                                         structure              true
                                         structure_boolean      false
                                         structure_timing       true

float_multiplier_1                       flatten                false
                                         structure              true
                                         structure_boolean      false
                                         structure_timing       true

float_multiplier_1_DW01_inc_0            flatten                false
                                         structure              true
                                         structure_boolean      false
                                         structure_timing       true

float_multiplier_1_DW_mult_uns_0         flatten                false
                                         structure              true
                                         structure_boolean      false
                                         structure_timing       true

float_multiplier_1_DP_OP_114_149_2707_0  flatten                false
                                         structure              true
                                         structure_boolean      false
                                         structure_timing       true

iir_hpf                                  flatten                false
                                         structure              true
                                         structure_boolean      false
                                         structure_timing       true

async_rst_synchronizer                   flatten                false
                                         structure              true
                                         structure_boolean      false
                                         structure_timing       true

float_adder_0                            flatten                false
                                         structure              true
                                         structure_boolean      false
                                         structure_timing       true

float_adder_0_DW01_inc_0                 flatten                false
                                         structure              true
                                         structure_boolean      false
                                         structure_timing       true

float_adder_0_DW_cmp_3                   flatten                false
                                         structure              true
                                         structure_boolean      false
                                         structure_timing       true

float_adder_0_DP_OP_128_138_898_0        flatten                false
                                         structure              true
                                         structure_boolean      false
                                         structure_timing       true

float_adder_0_DP_OP_129_139_7556_0       flatten                false
                                         structure              true
                                         structure_boolean      false
                                         structure_timing       true

float_adder_0_DP_OP_131_141_2669_0       flatten                false
                                         structure              true
                                         structure_boolean      false
                                         structure_timing       true

float_adder_0_DP_OP_132_142_8221_0       flatten                false
                                         structure              true
                                         structure_boolean      false
                                         structure_timing       true

float_adder_0_DP_OP_143_211_8882_0       flatten                false
                                         structure              true
                                         structure_boolean      false
                                         structure_timing       true

float_adder_0_DP_OP_43_235_1646_0        flatten                false
                                         structure              true
                                         structure_boolean      false
                                         structure_timing       true

float_multiplier_0                       flatten                false
                                         structure              true
                                         structure_boolean      false
                                         structure_timing       true

float_multiplier_0_DW01_inc_0            flatten                false
                                         structure              true
                                         structure_boolean      false
                                         structure_timing       true

float_multiplier_0_DW_mult_uns_0         flatten                false
                                         structure              true
                                         structure_boolean      false
                                         structure_timing       true

float_multiplier_0_DP_OP_114_133_1607_0  flatten                false
                                         structure              true
                                         structure_boolean      false
                                         structure_timing       true

converter_f2i                            flatten                false
                                         structure              true
                                         structure_boolean      false
                                         structure_timing       true

converter_f2i_DW01_sub_0                 flatten                false
                                         structure              true
                                         structure_boolean      false
                                         structure_timing       true

converter_f2i_DP_OP_15_125_6361_0        flatten                false
                                         structure              true
                                         structure_boolean      false
                                         structure_timing       true

converter_f2i_DP_OP_16_126_7129_0        flatten                false
                                         structure              true
                                         structure_boolean      false
                                         structure_timing       true

ads1292_filter_DW01_inc_0                flatten                false
                                         structure              true
                                         structure_boolean      false
                                         structure_timing       true

ads1292_controller                       flatten                false
                                         structure              true
                                         structure_boolean      false
                                         structure_timing       true

spi_master                               flatten                false
                                         structure              true
                                         structure_boolean      false
                                         structure_timing       true

async_rstn_synchronizer                  flatten                false
                                         structure              true
                                         structure_boolean      false
                                         structure_timing       true

spi_master_DW01_inc_0                    flatten                false
                                         structure              true
                                         structure_boolean      false
                                         structure_timing       true

ads1292_controller_DW01_inc_0            flatten                false
                                         structure              true
                                         structure_boolean      false
                                         structure_timing       true
--------------------------------------------------------------------------------
1
