 
****************************************
Report : timing
        -path end
        -delay max
Design : khu_sensor_pad
Version: F-2011.09-SP5-3
Date   : Sat Sep  5 05:21:10 2020
****************************************

 * Some/all delay information is back-annotated.

Operating Conditions: V105WTP1250   Library: std150e_wst_105_p125
Wire Load Model Mode: enclosed

Endpoint                         Path Delay     Path Required     Slack
------------------------------------------------------------------------
UART_TXD (out)                      4.19 r            4.27         0.08
khu_sensor_top/uart_controller/uart_rx/r_Rx_Data_R_reg/D (fd3qd1_hd)
                                    2.41 f            2.78         0.37
khu_sensor_top/sensor_core/r_mpr_first_param_reg[1]/D (fd4qd1_hd)
                                    3.90 f            8.78         4.88
khu_sensor_top/sensor_core/r_ads_second_param_reg[0]/D (fd4qd1_hd)
                                    3.67 r            8.73         5.06
khu_sensor_top/sensor_core/r_ads_second_param_reg[2]/D (fd4qd1_hd)
                                    3.67 r            8.75         5.07
khu_sensor_top/sensor_core/r_ads_second_param_reg[1]/D (fd4qd1_hd)
                                    3.59 r            8.75         5.16
khu_sensor_top/sensor_core/r_ads_second_param_reg[7]/D (fd4qd1_hd)
                                    3.56 r            8.76         5.20
khu_sensor_top/sensor_core/r_mpr_first_param_reg[2]/D (fd4qd1_hd)
                                    3.49 r            8.73         5.24
khu_sensor_top/sensor_core/r_mpr_first_param_reg[0]/D (fd4qd1_hd)
                                    3.49 r            8.73         5.24
khu_sensor_top/sensor_core/r_mpr_first_param_reg[5]/D (fd4qd1_hd)
                                    3.48 r            8.73         5.25
khu_sensor_top/sensor_core/r_mpr_first_param_reg[4]/D (fd4qd1_hd)
                                    3.49 r            8.75         5.26
khu_sensor_top/sensor_core/r_ads_ch2_data_out_reg[0]/D (fd4qd1_hd)
                                    3.49 r            8.75         5.26
khu_sensor_top/sensor_core/r_ads_ch2_data_out_reg[1]/D (fd4qd1_hd)
                                    3.49 r            8.75         5.26
khu_sensor_top/sensor_core/r_ads_ch2_data_out_reg[2]/D (fd4qd1_hd)
                                    3.49 r            8.75         5.26
khu_sensor_top/sensor_core/r_ads_ch2_data_out_reg[3]/D (fd4qd1_hd)
                                    3.49 r            8.75         5.26
khu_sensor_top/sensor_core/r_ads_ch2_data_out_reg[4]/D (fd4qd1_hd)
                                    3.49 r            8.75         5.26
khu_sensor_top/sensor_core/r_ads_ch2_data_out_reg[9]/D (fd4qd1_hd)
                                    3.49 r            8.75         5.26
khu_sensor_top/sensor_core/r_ads_ch2_data_out_reg[12]/D (fd4qd1_hd)
                                    3.49 r            8.75         5.26
khu_sensor_top/sensor_core/r_ads_ch2_data_out_reg[17]/D (fd4qd1_hd)
                                    3.49 r            8.75         5.26
khu_sensor_top/sensor_core/r_ads_ch2_data_out_reg[18]/D (fd4qd1_hd)
                                    3.49 r            8.75         5.26
khu_sensor_top/sensor_core/r_ads_ch2_data_out_reg[20]/D (fd4qd1_hd)
                                    3.49 r            8.75         5.26
khu_sensor_top/sensor_core/r_ads_ch2_data_out_reg[21]/D (fd4qd1_hd)
                                    3.49 r            8.75         5.26
khu_sensor_top/sensor_core/r_ads_ch2_data_out_reg[22]/D (fd4qd1_hd)
                                    3.49 r            8.75         5.26
khu_sensor_top/sensor_core/r_mpr_first_param_reg[3]/D (fd4qd1_hd)
                                    3.46 r            8.73         5.27
khu_sensor_top/sensor_core/r_ads_ch2_data_out_reg[6]/D (fd4qd1_hd)
                                    3.47 r            8.75         5.28
khu_sensor_top/sensor_core/r_ads_ch2_data_out_reg[13]/D (fd4qd1_hd)
                                    3.47 r            8.75         5.28
khu_sensor_top/sensor_core/r_ads_ch2_data_out_reg[16]/D (fd4qd1_hd)
                                    3.47 r            8.75         5.28
khu_sensor_top/sensor_core/r_mpr_first_param_reg[6]/D (fd4qd1_hd)
                                    3.46 r            8.75         5.28
khu_sensor_top/sensor_core/r_mpr_first_param_reg[7]/D (fd4qd1_hd)
                                    3.46 r            8.75         5.29
khu_sensor_top/sensor_core/r_ads_first_param_reg[2]/D (fd4qd1_hd)
                                    3.35 r            8.74         5.39
khu_sensor_top/sensor_core/r_ads_second_param_reg[3]/D (fd4qd1_hd)
                                    3.33 r            8.75         5.42
khu_sensor_top/sensor_core/r_ads_ch2_data_out_reg[5]/D (fd4qd1_hd)
                                    3.33 r            8.75         5.42
khu_sensor_top/sensor_core/r_ads_ch2_data_out_reg[7]/D (fd4qd1_hd)
                                    3.33 r            8.75         5.42
khu_sensor_top/sensor_core/r_ads_ch2_data_out_reg[8]/D (fd4qd1_hd)
                                    3.33 r            8.75         5.42
khu_sensor_top/sensor_core/r_ads_ch2_data_out_reg[10]/D (fd4qd1_hd)
                                    3.33 r            8.75         5.42
khu_sensor_top/sensor_core/r_ads_ch2_data_out_reg[11]/D (fd4qd1_hd)
                                    3.33 r            8.75         5.42
khu_sensor_top/sensor_core/r_ads_ch2_data_out_reg[14]/D (fd4qd1_hd)
                                    3.33 r            8.75         5.42
khu_sensor_top/sensor_core/r_ads_ch2_data_out_reg[15]/D (fd4qd1_hd)
                                    3.33 r            8.75         5.42
khu_sensor_top/sensor_core/r_ads_ch2_data_out_reg[23]/D (fd4qd1_hd)
                                    3.33 r            8.75         5.42
khu_sensor_top/sensor_core/r_ads_ch2_data_out_reg[19]/D (fd4qd1_hd)
                                    3.30 r            8.75         5.46
khu_sensor_top/sensor_core/r_ads_second_param_reg[5]/D (fd4qd1_hd)
                                    3.29 r            8.75         5.46
khu_sensor_top/sensor_core/r_ads_reg_data_reg[0]/D (fd4qd1_hd)
                                    3.28 r            8.75         5.47
khu_sensor_top/sensor_core/r_ads_reg_data_reg[3]/D (fd4qd1_hd)
                                    3.28 r            8.75         5.47
khu_sensor_top/sensor_core/r_ads_reg_data_reg[1]/D (fd4qd1_hd)
                                    3.28 r            8.75         5.47
khu_sensor_top/sensor_core/r_ads_reg_data_reg[4]/D (fd4qd1_hd)
                                    3.28 r            8.75         5.47
khu_sensor_top/sensor_core/r_ads_reg_data_reg[6]/D (fd4qd1_hd)
                                    3.28 r            8.75         5.47
khu_sensor_top/sensor_core/r_ads_reg_data_reg[7]/D (fd4qd1_hd)
                                    3.28 r            8.75         5.47
khu_sensor_top/sensor_core/r_ads_reg_data_reg[2]/D (fd4qd1_hd)
                                    3.28 r            8.75         5.47
khu_sensor_top/sensor_core/r_ads_reg_data_reg[5]/D (fd4qd1_hd)
                                    3.28 r            8.75         5.47
khu_sensor_top/sensor_core/r_ads_second_param_reg[4]/D (fd4qd1_hd)
                                    3.28 r            8.75         5.48
khu_sensor_top/sensor_core/r_ads_read_reg_done_reg/D (fd4qd1_hd)
                                    3.23 r            8.76         5.53
khu_sensor_top/sensor_core/r_mpr_touch_status_reg[3]/D (fd4qd1_hd)
                                    3.17 r            8.75         5.59
khu_sensor_top/sensor_core/r_mpr_touch_status_reg[7]/D (fd4qd1_hd)
                                    3.17 r            8.75         5.59
khu_sensor_top/sensor_core/r_mpr_touch_status_reg[11]/D (fd4qd1_hd)
                                    3.17 r            8.75         5.59
khu_sensor_top/sensor_core/r_mpr_touch_status_reg[0]/D (fd4qd1_hd)
                                    3.17 r            8.75         5.59
khu_sensor_top/sensor_core/r_mpr_touch_status_reg[1]/D (fd4qd1_hd)
                                    3.17 r            8.75         5.59
khu_sensor_top/sensor_core/r_mpr_touch_status_reg[2]/D (fd4qd1_hd)
                                    3.17 r            8.75         5.59
khu_sensor_top/sensor_core/r_mpr_touch_status_reg[4]/D (fd4qd1_hd)
                                    3.17 r            8.75         5.59
khu_sensor_top/sensor_core/r_mpr_touch_status_reg[5]/D (fd4qd1_hd)
                                    3.17 r            8.75         5.59
khu_sensor_top/sensor_core/r_mpr_touch_status_reg[6]/D (fd4qd1_hd)
                                    3.17 r            8.75         5.59
khu_sensor_top/sensor_core/r_mpr_touch_status_reg[8]/D (fd4qd1_hd)
                                    3.17 r            8.75         5.59
khu_sensor_top/sensor_core/r_mpr_touch_status_reg[9]/D (fd4qd1_hd)
                                    3.17 r            8.75         5.59
khu_sensor_top/sensor_core/r_mpr_touch_status_reg[10]/D (fd4qd1_hd)
                                    3.17 r            8.75         5.59
khu_sensor_top/sensor_core/o_MPR121_REG_ADDR_reg[0]/D (fd4qd1_hd)
                                    3.18 f            8.78         5.60
khu_sensor_top/sensor_core/o_MPR121_REG_ADDR_reg[2]/D (fd4qd1_hd)
                                    3.18 f            8.78         5.60
khu_sensor_top/sensor_core/o_MPR121_REG_ADDR_reg[4]/D (fd4qd1_hd)
                                    3.18 f            8.78         5.60
khu_sensor_top/sensor_core/o_MPR121_REG_ADDR_reg[6]/D (fd4qd1_hd)
                                    3.18 f            8.78         5.60
khu_sensor_top/uart_controller/r_uart_data_tx_shift_reg[12]/D (fd4qd1_hd)
                                    3.14 r            8.75         5.60
khu_sensor_top/uart_controller/r_uart_data_tx_shift_reg[13]/D (fd4qd1_hd)
                                    3.14 r            8.75         5.60
khu_sensor_top/uart_controller/r_uart_data_tx_shift_reg[16]/D (fd4qd1_hd)
                                    3.14 r            8.75         5.60
khu_sensor_top/uart_controller/r_uart_data_tx_shift_reg[17]/D (fd4qd1_hd)
                                    3.14 r            8.75         5.60
khu_sensor_top/uart_controller/r_uart_data_tx_shift_reg[18]/D (fd4qd1_hd)
                                    3.14 r            8.75         5.60
khu_sensor_top/uart_controller/r_uart_data_tx_shift_reg[19]/D (fd4qd1_hd)
                                    3.14 r            8.75         5.60
khu_sensor_top/uart_controller/r_uart_data_tx_shift_reg[20]/D (fd4qd1_hd)
                                    3.14 r            8.75         5.60
khu_sensor_top/uart_controller/r_uart_data_tx_shift_reg[28]/D (fd4qd1_hd)
                                    3.14 r            8.75         5.60
khu_sensor_top/uart_controller/r_uart_data_tx_shift_reg[30]/D (fd4qd1_hd)
                                    3.14 r            8.75         5.60
khu_sensor_top/uart_controller/r_uart_data_tx_shift_reg[34]/D (fd4qd1_hd)
                                    3.14 r            8.75         5.60
khu_sensor_top/uart_controller/r_uart_data_tx_shift_reg[35]/D (fd4qd1_hd)
                                    3.14 r            8.75         5.60
khu_sensor_top/uart_controller/r_uart_data_tx_shift_reg[37]/D (fd4qd1_hd)
                                    3.14 r            8.75         5.60
khu_sensor_top/uart_controller/r_uart_data_tx_shift_reg[40]/D (fd4qd1_hd)
                                    3.14 r            8.75         5.60
khu_sensor_top/uart_controller/r_uart_data_tx_shift_reg[41]/D (fd4qd1_hd)
                                    3.14 r            8.75         5.60
khu_sensor_top/uart_controller/r_uart_data_tx_shift_reg[42]/D (fd4qd1_hd)
                                    3.14 r            8.75         5.60
khu_sensor_top/uart_controller/r_uart_data_tx_shift_reg[44]/D (fd4qd1_hd)
                                    3.14 r            8.75         5.60
khu_sensor_top/uart_controller/r_uart_data_tx_shift_reg[45]/D (fd4qd1_hd)
                                    3.14 r            8.75         5.60
khu_sensor_top/uart_controller/r_uart_data_tx_shift_reg[46]/D (fd4qd1_hd)
                                    3.14 r            8.75         5.60
khu_sensor_top/uart_controller/r_uart_data_tx_shift_reg[47]/D (fd4qd1_hd)
                                    3.14 r            8.75         5.60
khu_sensor_top/uart_controller/r_uart_data_tx_shift_reg[15]/D (fd4qd1_hd)
                                    3.14 r            8.75         5.61
khu_sensor_top/uart_controller/r_uart_data_tx_shift_reg[31]/D (fd4qd1_hd)
                                    3.14 r            8.75         5.61
khu_sensor_top/uart_controller/r_uart_data_tx_shift_reg[43]/D (fd4qd1_hd)
                                    3.14 r            8.75         5.61
khu_sensor_top/uart_controller/r_uart_data_tx_shift_reg[8]/D (fd4qd1_hd)
                                    3.13 r            8.75         5.62
khu_sensor_top/uart_controller/r_uart_data_tx_shift_reg[9]/D (fd4qd1_hd)
                                    3.13 r            8.75         5.62
khu_sensor_top/uart_controller/r_uart_data_tx_shift_reg[22]/D (fd4qd1_hd)
                                    3.13 r            8.75         5.62
khu_sensor_top/uart_controller/r_uart_data_tx_shift_reg[23]/D (fd4qd1_hd)
                                    3.13 r            8.75         5.62
khu_sensor_top/uart_controller/r_uart_data_tx_shift_reg[24]/D (fd4qd1_hd)
                                    3.13 r            8.75         5.62
khu_sensor_top/uart_controller/r_uart_data_tx_shift_reg[26]/D (fd4qd1_hd)
                                    3.13 r            8.75         5.62
khu_sensor_top/uart_controller/r_uart_data_tx_shift_reg[27]/D (fd4qd1_hd)
                                    3.13 r            8.75         5.62
khu_sensor_top/uart_controller/r_uart_data_tx_shift_reg[29]/D (fd4qd1_hd)
                                    3.13 r            8.75         5.62
khu_sensor_top/uart_controller/r_uart_data_tx_shift_reg[32]/D (fd4qd1_hd)
                                    3.13 r            8.75         5.62
khu_sensor_top/uart_controller/r_uart_data_tx_shift_reg[36]/D (fd4qd1_hd)
                                    3.13 r            8.75         5.62
khu_sensor_top/uart_controller/r_uart_data_tx_shift_reg[38]/D (fd4qd1_hd)
                                    3.13 r            8.75         5.62
khu_sensor_top/uart_controller/r_uart_data_tx_shift_reg[39]/D (fd4qd1_hd)
                                    3.13 r            8.75         5.62
khu_sensor_top/sensor_core/o_MPR121_REG_ADDR_reg[1]/D (fd4qd1_hd)
                                    3.16 f            8.78         5.62
khu_sensor_top/sensor_core/o_MPR121_REG_ADDR_reg[3]/D (fd4qd1_hd)
                                    3.16 f            8.78         5.62
khu_sensor_top/sensor_core/o_MPR121_REG_ADDR_reg[5]/D (fd4qd1_hd)
                                    3.16 f            8.78         5.62
khu_sensor_top/sensor_core/o_MPR121_REG_ADDR_reg[7]/D (fd4qd1_hd)
                                    3.16 f            8.78         5.62
khu_sensor_top/uart_controller/r_uart_data_tx_reg[2]/D (fd4qd1_hd)
                                    3.13 r            8.75         5.62
khu_sensor_top/uart_controller/r_uart_data_tx_reg[0]/D (fd4qd1_hd)
                                    3.13 r            8.75         5.62
khu_sensor_top/uart_controller/r_uart_data_tx_reg[5]/D (fd4qd1_hd)
                                    3.13 r            8.75         5.62
khu_sensor_top/uart_controller/r_uart_data_tx_reg[4]/D (fd4qd1_hd)
                                    3.13 r            8.75         5.63
khu_sensor_top/uart_controller/r_uart_data_tx_reg[1]/D (fd4qd1_hd)
                                    3.13 r            8.75         5.63
khu_sensor_top/uart_controller/r_uart_data_tx_reg[3]/D (fd4qd1_hd)
                                    3.13 r            8.75         5.63
khu_sensor_top/uart_controller/r_uart_data_tx_reg[7]/D (fd4qd1_hd)
                                    3.13 r            8.75         5.63
khu_sensor_top/sensor_core/r_mpr_touch_status_0_reg[0]/D (fd4qd1_hd)
                                    3.12 r            8.75         5.63
khu_sensor_top/sensor_core/r_mpr_touch_status_0_reg[1]/D (fd4qd1_hd)
                                    3.12 r            8.75         5.63
khu_sensor_top/sensor_core/r_mpr_touch_status_0_reg[2]/D (fd4qd1_hd)
                                    3.12 r            8.75         5.63
khu_sensor_top/sensor_core/r_mpr_touch_status_0_reg[3]/D (fd4qd1_hd)
                                    3.12 r            8.75         5.63
khu_sensor_top/sensor_core/r_mpr_touch_status_0_reg[4]/D (fd4qd1_hd)
                                    3.12 r            8.75         5.63
khu_sensor_top/sensor_core/r_mpr_touch_status_0_reg[5]/D (fd4qd1_hd)
                                    3.12 r            8.75         5.63
khu_sensor_top/sensor_core/r_mpr_touch_status_0_reg[6]/D (fd4qd1_hd)
                                    3.12 r            8.75         5.63
khu_sensor_top/sensor_core/r_mpr_touch_status_0_reg[7]/D (fd4qd1_hd)
                                    3.12 r            8.75         5.63
khu_sensor_top/uart_controller/r_uart_data_tx_shift_reg[11]/D (fd4qd1_hd)
                                    3.11 r            8.75         5.63
khu_sensor_top/uart_controller/r_uart_data_tx_shift_reg[21]/D (fd4qd1_hd)
                                    3.11 r            8.75         5.63
khu_sensor_top/uart_controller/r_uart_data_tx_shift_reg[25]/D (fd4qd1_hd)
                                    3.11 r            8.75         5.63
khu_sensor_top/uart_controller/uart_rx/r_Clock_Count_reg[7]/D (fd4qd1_hd)
                                    3.15 f            8.78         5.63
khu_sensor_top/uart_controller/r_uart_data_tx_shift_reg[49]/D (fd4qd1_hd)
                                    3.10 r            8.74         5.64
khu_sensor_top/uart_controller/r_uart_data_tx_shift_reg[51]/D (fd4qd1_hd)
                                    3.10 r            8.74         5.64
khu_sensor_top/uart_controller/r_uart_data_tx_shift_reg[50]/D (fd4qd1_hd)
                                    3.10 r            8.74         5.64
khu_sensor_top/uart_controller/r_uart_data_tx_shift_reg[55]/D (fd4qd1_hd)
                                    3.10 r            8.74         5.64
khu_sensor_top/uart_controller/uart_tx/r_Clock_Count_reg[7]/D (fd4qd1_hd)
                                    3.14 f            8.78         5.64
khu_sensor_top/uart_controller/r_uart_data_tx_shift_reg[52]/D (fd4qd1_hd)
                                    3.11 r            8.75         5.64
khu_sensor_top/sensor_core/r_mpr_touch_status_1_reg[0]/D (fd4qd1_hd)
                                    3.11 r            8.75         5.64
khu_sensor_top/sensor_core/r_mpr_touch_status_1_reg[1]/D (fd4qd1_hd)
                                    3.11 r            8.75         5.64
khu_sensor_top/sensor_core/r_mpr_touch_status_1_reg[2]/D (fd4qd1_hd)
                                    3.11 r            8.75         5.64
khu_sensor_top/sensor_core/r_mpr_touch_status_1_reg[3]/D (fd4qd1_hd)
                                    3.11 r            8.75         5.64
khu_sensor_top/sensor_core/r_mpr_lstate_reg[5]/D (fd4qd1_hd)
                                    3.08 r            8.73         5.65
khu_sensor_top/uart_controller/r_uart_data_tx_shift_reg[54]/D (fd4qd1_hd)
                                    3.11 r            8.75         5.65
khu_sensor_top/uart_controller/r_uart_data_tx_shift_reg[48]/D (fd4qd1_hd)
                                    3.11 r            8.75         5.65
khu_sensor_top/uart_controller/r_uart_data_tx_shift_reg[53]/D (fd4qd1_hd)
                                    3.11 r            8.75         5.65
khu_sensor_top/sensor_core/r_mpr_lstate_reg[1]/D (fd4qd1_hd)
                                    3.13 f            8.78         5.65
khu_sensor_top/sensor_core/r_mpr_second_param_reg[3]/D (fd4qd1_hd)
                                    3.11 f            8.78         5.67
khu_sensor_top/sensor_core/r_mpr_second_param_reg[7]/D (fd4qd1_hd)
                                    3.09 f            8.78         5.69
khu_sensor_top/sensor_core/r_mpr_second_param_reg[6]/D (fd4qd1_hd)
                                    3.09 f            8.78         5.69
khu_sensor_top/sensor_core/r_mpr_reg_data_reg[0]/D (fd4qd1_hd)
                                    3.06 r            8.75         5.70
khu_sensor_top/sensor_core/r_mpr_reg_data_reg[1]/D (fd4qd1_hd)
                                    3.06 r            8.75         5.70
khu_sensor_top/sensor_core/r_mpr_reg_data_reg[3]/D (fd4qd1_hd)
                                    3.06 r            8.75         5.70
khu_sensor_top/sensor_core/r_mpr_reg_data_reg[6]/D (fd4qd1_hd)
                                    3.06 r            8.75         5.70
khu_sensor_top/sensor_core/r_mpr_reg_data_reg[2]/D (fd4qd1_hd)
                                    3.06 r            8.75         5.70
khu_sensor_top/sensor_core/r_mpr_reg_data_reg[4]/D (fd4qd1_hd)
                                    3.06 r            8.75         5.70
khu_sensor_top/sensor_core/r_mpr_reg_data_reg[5]/D (fd4qd1_hd)
                                    3.06 r            8.75         5.70
khu_sensor_top/sensor_core/r_mpr_reg_data_reg[7]/D (fd4qd1_hd)
                                    3.06 r            8.75         5.70
khu_sensor_top/uart_controller/r_uart_data_tx_valid_reg/D (fd4qd1_hd)
                                    3.05 r            8.76         5.71
khu_sensor_top/sensor_core/r_mpr_lstate_reg[0]/D (fd2d1_hd)
                                    3.03 r            8.74         5.71
khu_sensor_top/sensor_core/r_mpr_second_param_reg[0]/D (fd4qd1_hd)
                                    3.06 f            8.78         5.72
khu_sensor_top/uart_controller/r_uart_data_tx_shift_reg[3]/D (fd4qd1_hd)
                                    3.06 f            8.78         5.72
khu_sensor_top/uart_controller/r_uart_data_tx_shift_reg[4]/D (fd4qd1_hd)
                                    3.06 f            8.78         5.72
khu_sensor_top/uart_controller/r_uart_data_tx_shift_reg[5]/D (fd4qd1_hd)
                                    3.06 f            8.78         5.72
khu_sensor_top/sensor_core/r_mpr_lstate_reg[4]/D (fd3qd1_hd)
                                    3.01 r            8.74         5.73
khu_sensor_top/uart_controller/r_uart_data_tx_shift_reg[1]/D (fd4qd1_hd)
                                    3.05 f            8.78         5.73
khu_sensor_top/uart_controller/r_uart_data_tx_shift_reg[7]/D (fd4qd1_hd)
                                    3.05 f            8.78         5.73
khu_sensor_top/sensor_core/r_mpr_second_param_reg[2]/D (fd4qd1_hd)
                                    3.01 r            8.75         5.74
khu_sensor_top/sensor_core/r_mpr_second_param_reg[1]/D (fd4qd1_hd)
                                    3.00 r            8.75         5.75
khu_sensor_top/sensor_core/r_mpr_second_param_reg[4]/D (fd4qd1_hd)
                                    2.99 r            8.75         5.76
khu_sensor_top/sensor_core/r_mpr_set_counter_reg[2]/D (fd4qd1_hd)
                                    2.95 r            8.74         5.79
khu_sensor_top/uart_controller/r_uart_data_tx_reg[6]/D (fd4qd1_hd)
                                    2.96 r            8.75         5.79
khu_sensor_top/sensor_core/r_mpr_reg_addr_reg[1]/D (fd4qd1_hd)
                                    2.94 r            8.75         5.81
khu_sensor_top/sensor_core/r_mpr_reg_addr_reg[5]/D (fd4qd1_hd)
                                    2.94 r            8.75         5.81
khu_sensor_top/sensor_core/r_mpr_reg_addr_reg[4]/D (fd4qd1_hd)
                                    2.94 r            8.75         5.81
khu_sensor_top/sensor_core/r_mpr_reg_addr_reg[0]/D (fd4qd1_hd)
                                    2.94 r            8.75         5.82
khu_sensor_top/uart_controller/r_uart_data_tx_shift_reg[33]/D (fd4qd1_hd)
                                    2.92 r            8.75         5.83
khu_sensor_top/uart_controller/o_UART_DATA_RX_reg[10]/D (fd4qd1_hd)
                                    2.95 f            8.78         5.83
khu_sensor_top/uart_controller/o_UART_DATA_RX_reg[15]/D (fd4qd1_hd)
                                    2.95 f            8.78         5.83
khu_sensor_top/uart_controller/o_UART_DATA_RX_reg[13]/D (fd4qd1_hd)
                                    2.94 f            8.78         5.84
khu_sensor_top/uart_controller/r_uart_data_tx_shift_reg[10]/D (fd4qd1_hd)
                                    2.94 f            8.78         5.84
khu_sensor_top/sensor_core/r_ads_first_param_reg[1]/D (fd4qd1_hd)
                                    2.88 r            8.73         5.85
khu_sensor_top/uart_controller/o_UART_DATA_RX_reg[11]/D (fd4qd1_hd)
                                    2.93 f            8.78         5.85
khu_sensor_top/sensor_core/r_mpr_reg_addr_reg[6]/D (fd4qd1_hd)
                                    2.90 r            8.75         5.85
khu_sensor_top/sensor_core/r_mpr_reg_addr_reg[7]/D (fd4qd1_hd)
                                    2.89 r            8.75         5.86
khu_sensor_top/sensor_core/r_mpr_reg_addr_reg[2]/D (fd4qd1_hd)
                                    2.89 r            8.75         5.86
khu_sensor_top/sensor_core/o_ADS1292_REG_ADDR_reg[2]/D (fd4qd1_hd)
                                    2.90 f            8.78         5.88
khu_sensor_top/sensor_core/o_ADS1292_REG_ADDR_reg[3]/D (fd4qd1_hd)
                                    2.90 f            8.78         5.88
khu_sensor_top/sensor_core/o_ADS1292_REG_ADDR_reg[5]/D (fd4qd1_hd)
                                    2.90 f            8.78         5.88
khu_sensor_top/sensor_core/o_ADS1292_REG_ADDR_reg[0]/D (fd4qd1_hd)
                                    2.90 f            8.78         5.88
khu_sensor_top/sensor_core/o_ADS1292_REG_ADDR_reg[1]/D (fd4qd1_hd)
                                    2.90 f            8.78         5.88
khu_sensor_top/sensor_core/o_ADS1292_REG_ADDR_reg[4]/D (fd4qd1_hd)
                                    2.90 f            8.78         5.88
khu_sensor_top/sensor_core/o_ADS1292_REG_ADDR_reg[7]/D (fd4qd1_hd)
                                    2.90 f            8.78         5.88
khu_sensor_top/sensor_core/o_MPR121_WRITE_ENABLE_reg/D (fd4qd1_hd)
                                    2.90 f            8.78         5.88
khu_sensor_top/sensor_core/r_mpr_pstate_reg[0]/D (fd4qd1_hd)
                                    2.89 f            8.78         5.89
khu_sensor_top/sensor_core/r_mpr_read_reg_mode_reg/D (fd4qd1_hd)
                                    2.85 r            8.74         5.89
khu_sensor_top/sensor_core/o_ADS1292_CONTROL_reg[0]/D (fd4qd1_hd)
                                    2.89 f            8.78         5.89
khu_sensor_top/uart_controller/o_UART_DATA_RX_reg[9]/D (fd4qd1_hd)
                                    2.89 f            8.78         5.89
khu_sensor_top/sensor_core/r_mpr_pstate_reg[3]/D (fd4qd1_hd)
                                    2.89 f            8.78         5.89
khu_sensor_top/sensor_core/r_mpr_set_counter_reg[3]/D (fd4qd1_hd)
                                    2.83 r            8.73         5.89
khu_sensor_top/uart_controller/uart_rx/r_Bit_Index_reg[1]/D (fd4qd1_hd)
                                    2.84 r            8.74         5.90
khu_sensor_top/sensor_core/r_mpr_reg_addr_reg[3]/D (fd4qd1_hd)
                                    2.86 r            8.75         5.90
khu_sensor_top/uart_controller/uart_rx/r_Clock_Count_reg[6]/D (fd4qd1_hd)
                                    2.88 f            8.78         5.90
khu_sensor_top/uart_controller/uart_tx/r_Clock_Count_reg[6]/D (fd4qd1_hd)
                                    2.87 f            8.78         5.91
khu_sensor_top/sensor_core/r_mpr_read_reg_done_reg/D (fd4qd1_hd)
                                    2.83 r            8.74         5.91
khu_sensor_top/sensor_core/r_mpr_pstate_reg[2]/D (fd4qd1_hd)
                                    2.87 f            8.78         5.91
khu_sensor_top/uart_controller/o_UART_DATA_RX_reg[12]/D (fd4qd1_hd)
                                    2.87 f            8.78         5.91
khu_sensor_top/uart_controller/uart_rx/r_Bit_Index_reg[2]/D (fd4qd1_hd)
                                    2.82 r            8.74         5.92
khu_sensor_top/sensor_core/r_mpr_pstate_reg[4]/D (fd3qd1_hd)
                                    2.81 r            8.74         5.93
khu_sensor_top/sensor_core/r_ads_reg_addr_reg[2]/D (fd4qd1_hd)
                                    2.82 r            8.75         5.94
khu_sensor_top/uart_controller/o_UART_DATA_RX_reg[14]/D (fd4qd1_hd)
                                    2.84 f            8.78         5.94
khu_sensor_top/sensor_core/r_mpr_set_counter_reg[1]/D (fd4qd1_hd)
                                    2.79 r            8.73         5.94
khu_sensor_top/sensor_core/r_ads_first_param_reg[3]/D (fd4qd1_hd)
                                    2.80 r            8.75         5.94
khu_sensor_top/uart_controller/o_UART_DATA_RX_reg[8]/D (fd4qd1_hd)
                                    2.83 f            8.78         5.95
khu_sensor_top/sensor_core/o_ADS1292_CONTROL_reg[1]/D (fd4qd1_hd)
                                    2.83 f            8.78         5.95
khu_sensor_top/uart_controller/r_uart_data_tx_shift_reg[0]/D (fd4qd1_hd)
                                    2.83 f            8.78         5.95
khu_sensor_top/sensor_core/r_ads_first_param_reg[4]/D (fd4qd1_hd)
                                    2.80 r            8.75         5.96
khu_sensor_top/sensor_core/r_mpr_clk_counter_reg[1]/D (fd4qd1_hd)
                                    2.78 r            8.74         5.96
khu_sensor_top/sensor_core/r_ads_reg_addr_reg[3]/D (fd4qd1_hd)
                                    2.78 r            8.75         5.97
khu_sensor_top/sensor_core/r_ads_reg_addr_reg[1]/D (fd4qd1_hd)
                                    2.78 r            8.75         5.97
khu_sensor_top/sensor_core/r_ads_pstate_reg[3]/D (fd4qd1_hd)
                                    2.77 r            8.74         5.97
khu_sensor_top/sensor_core/r_mpr_pstate_reg[1]/D (fd4qd1_hd)
                                    2.75 r            8.73         5.98
khu_sensor_top/sensor_core/r_ads_reg_addr_reg[0]/D (fd4qd1_hd)
                                    2.78 r            8.75         5.98
khu_sensor_top/sensor_core/r_mpr_clk_counter_reg[2]/D (fd2d1_hd)
                                    2.75 r            8.73         5.98
khu_sensor_top/sensor_core/r_ads_reg_addr_reg[7]/D (fd4qd1_hd)
                                    2.77 r            8.75         5.98
khu_sensor_top/sensor_core/r_ads_first_param_reg[5]/D (fd4qd1_hd)
                                    2.77 r            8.75         5.99
khu_sensor_top/sensor_core/r_ads_first_param_reg[6]/D (fd4qd1_hd)
                                    2.77 r            8.75         5.99
khu_sensor_top/sensor_core/r_ads_first_param_reg[7]/D (fd4qd1_hd)
                                    2.77 r            8.75         5.99
khu_sensor_top/sensor_core/r_ads_first_param_reg[0]/D (fd4qd1_hd)
                                    2.77 r            8.76         5.99
khu_sensor_top/uart_controller/uart_rx/r_Rx_Byte_reg[5]/D (fd4qd1_hd)
                                    2.79 f            8.78         5.99
khu_sensor_top/sensor_core/o_MPR121_READ_ENABLE_reg/D (fd4qd1_hd)
                                    2.79 f            8.78         5.99
khu_sensor_top/uart_controller/uart_rx/r_Rx_Byte_reg[4]/D (fd4qd1_hd)
                                    2.79 f            8.78         5.99
khu_sensor_top/sensor_core/r_ads_reg_addr_reg[4]/D (fd4qd1_hd)
                                    2.74 r            8.75         6.01
khu_sensor_top/sensor_core/r_ads_reg_addr_reg[5]/D (fd4qd1_hd)
                                    2.74 r            8.75         6.01
khu_sensor_top/sensor_core/r_ads_reg_addr_reg[6]/D (fd4qd1_hd)
                                    2.74 r            8.75         6.01
khu_sensor_top/sensor_core/r_uart_data_rx_reg[0]/D (fd4qd1_hd)
                                    2.74 r            8.75         6.02
khu_sensor_top/sensor_core/r_uart_data_rx_reg[1]/D (fd4qd1_hd)
                                    2.74 r            8.75         6.02
khu_sensor_top/sensor_core/r_uart_data_rx_reg[2]/D (fd4qd1_hd)
                                    2.74 r            8.75         6.02
khu_sensor_top/sensor_core/r_uart_data_rx_reg[3]/D (fd4qd1_hd)
                                    2.74 r            8.75         6.02
khu_sensor_top/sensor_core/r_uart_data_rx_reg[4]/D (fd4qd1_hd)
                                    2.74 r            8.75         6.02
khu_sensor_top/sensor_core/r_uart_data_rx_reg[5]/D (fd4qd1_hd)
                                    2.74 r            8.75         6.02
khu_sensor_top/sensor_core/r_uart_data_rx_reg[6]/D (fd4qd1_hd)
                                    2.74 r            8.75         6.02
khu_sensor_top/sensor_core/r_uart_data_rx_reg[7]/D (fd4qd1_hd)
                                    2.74 r            8.75         6.02
khu_sensor_top/sensor_core/r_uart_data_rx_reg[8]/D (fd4qd1_hd)
                                    2.74 r            8.75         6.02
khu_sensor_top/sensor_core/r_uart_data_rx_reg[9]/D (fd4qd1_hd)
                                    2.74 r            8.75         6.02
khu_sensor_top/sensor_core/r_uart_data_rx_reg[10]/D (fd4qd1_hd)
                                    2.74 r            8.75         6.02
khu_sensor_top/sensor_core/r_uart_data_rx_reg[11]/D (fd4qd1_hd)
                                    2.74 r            8.75         6.02
khu_sensor_top/sensor_core/r_uart_data_rx_reg[13]/D (fd4qd1_hd)
                                    2.74 r            8.75         6.02
khu_sensor_top/sensor_core/r_uart_data_rx_reg[14]/D (fd4qd1_hd)
                                    2.74 r            8.75         6.02
khu_sensor_top/sensor_core/r_uart_data_rx_reg[15]/D (fd4qd1_hd)
                                    2.74 r            8.75         6.02
khu_sensor_top/sensor_core/r_uart_data_rx_reg[12]/D (fd2d1_hd)
                                    2.74 r            8.76         6.02
khu_sensor_top/sensor_core/o_ADS1292_REG_ADDR_reg[6]/D (fd4qd1_hd)
                                    2.75 f            8.78         6.03
khu_sensor_top/sensor_core/r_mpr_set_counter_reg[0]/D (fd4qd1_hd)
                                    2.72 r            8.76         6.04
khu_sensor_top/sensor_core/r_mpr_clk_counter_reg[0]/D (fd4qd1_hd)
                                    2.69 r            8.76         6.07
khu_sensor_top/sensor_core/r_ads_second_param_reg[6]/D (fd4qd1_hd)
                                    2.65 r            8.74         6.09
khu_sensor_top/uart_controller/uart_rx/r_Clock_Count_reg[5]/D (fd4qd1_hd)
                                    2.68 f            8.78         6.10
khu_sensor_top/uart_controller/uart_tx/r_Clock_Count_reg[5]/D (fd4qd1_hd)
                                    2.67 f            8.78         6.11
khu_sensor_top/sensor_core/r_ads_read_reg_mode_reg/D (fd4qd1_hd)
                                    2.66 f            8.78         6.12
khu_sensor_top/sensor_core/r_mpr_run_set_reg/D (fd4qd1_hd)
                                    2.61 r            8.74         6.12
khu_sensor_top/sensor_core/r_ads_run_set_reg/D (fd4qd1_hd)
                                    2.61 r            8.74         6.13
khu_sensor_top/uart_controller/uart_tx/r_Bit_Index_reg[1]/D (fd4qd1_hd)
                                    2.60 r            8.74         6.13
khu_sensor_top/sensor_core/o_ADS1292_FILTERED_DATA_ACK_reg/D (fd4qd1_hd)
                                    2.64 f            8.78         6.14
khu_sensor_top/sensor_core/o_MPR121_DATA_IN_reg[0]/D (fd4qd1_hd)
                                    2.64 f            8.78         6.14
khu_sensor_top/sensor_core/o_MPR121_DATA_IN_reg[2]/D (fd4qd1_hd)
                                    2.64 f            8.78         6.14
khu_sensor_top/sensor_core/o_MPR121_DATA_IN_reg[4]/D (fd4qd1_hd)
                                    2.64 f            8.78         6.14
khu_sensor_top/sensor_core/o_MPR121_DATA_IN_reg[7]/D (fd4qd1_hd)
                                    2.64 f            8.78         6.14
khu_sensor_top/uart_controller/uart_rx/r_Rx_Byte_reg[2]/D (fd4qd1_hd)
                                    2.64 f            8.78         6.14
khu_sensor_top/uart_controller/uart_rx/r_Rx_Byte_reg[3]/D (fd4qd1_hd)
                                    2.63 f            8.78         6.15
khu_sensor_top/sensor_core/o_MPR121_DATA_IN_reg[1]/D (fd4qd1_hd)
                                    2.63 f            8.78         6.15
khu_sensor_top/sensor_core/o_MPR121_DATA_IN_reg[3]/D (fd4qd1_hd)
                                    2.63 f            8.78         6.15
khu_sensor_top/sensor_core/o_MPR121_DATA_IN_reg[6]/D (fd4qd1_hd)
                                    2.63 f            8.78         6.15
khu_sensor_top/uart_controller/uart_rx/r_Rx_Byte_reg[7]/D (fd4qd1_hd)
                                    2.60 r            8.75         6.16
khu_sensor_top/uart_controller/uart_rx/r_Rx_Byte_reg[0]/D (fd4qd1_hd)
                                    2.61 f            8.78         6.17
khu_sensor_top/uart_controller/r_pstate_reg[0]/D (fd2d1_hd)
                                    2.57 r            8.74         6.17
khu_sensor_top/uart_controller/uart_rx/r_Rx_Byte_reg[1]/D (fd4qd1_hd)
                                    2.61 f            8.78         6.17
khu_sensor_top/sensor_core/o_UART_DATA_TX_reg[46]/D (fd4qd1_hd)
                                    2.57 r            8.75         6.18
khu_sensor_top/sensor_core/o_UART_DATA_TX_reg[43]/D (fd4qd1_hd)
                                    2.57 r            8.75         6.18
khu_sensor_top/sensor_core/o_UART_DATA_TX_reg[13]/D (fd4qd1_hd)
                                    2.60 f            8.78         6.18
khu_sensor_top/sensor_core/o_UART_DATA_TX_reg[37]/D (fd4qd1_hd)
                                    2.57 r            8.75         6.18
khu_sensor_top/sensor_core/o_UART_DATA_TX_reg[12]/D (fd4qd1_hd)
                                    2.60 f            8.78         6.18
khu_sensor_top/sensor_core/o_UART_DATA_TX_reg[17]/D (fd4qd1_hd)
                                    2.59 f            8.78         6.19
khu_sensor_top/uart_controller/o_UART_DATA_RX_VALID_reg/D (fd4qd1_hd)
                                    2.59 f            8.78         6.19
khu_sensor_top/sensor_core/o_UART_DATA_TX_reg[25]/D (fd4qd1_hd)
                                    2.59 f            8.78         6.19
khu_sensor_top/sensor_core/o_UART_DATA_TX_reg[9]/D (fd4qd1_hd)
                                    2.59 f            8.78         6.19
khu_sensor_top/sensor_core/o_UART_DATA_TX_reg[18]/D (fd4qd1_hd)
                                    2.59 f            8.78         6.19
khu_sensor_top/sensor_core/o_UART_DATA_TX_reg[29]/D (fd4qd1_hd)
                                    2.59 f            8.78         6.19
khu_sensor_top/sensor_core/o_UART_DATA_TX_reg[45]/D (fd4qd1_hd)
                                    2.56 r            8.75         6.19
khu_sensor_top/sensor_core/o_UART_DATA_TX_reg[42]/D (fd4qd1_hd)
                                    2.56 r            8.75         6.19
khu_sensor_top/sensor_core/o_UART_DATA_TX_reg[40]/D (fd4qd1_hd)
                                    2.56 r            8.75         6.19
khu_sensor_top/sensor_core/o_UART_DATA_TX_reg[41]/D (fd4qd1_hd)
                                    2.56 r            8.75         6.19
khu_sensor_top/sensor_core/o_UART_DATA_TX_reg[47]/D (fd4qd1_hd)
                                    2.56 r            8.75         6.19
khu_sensor_top/sensor_core/o_UART_DATA_TX_reg[38]/D (fd4qd1_hd)
                                    2.56 r            8.75         6.19
khu_sensor_top/sensor_core/o_UART_DATA_TX_reg[39]/D (fd4qd1_hd)
                                    2.56 r            8.75         6.19
khu_sensor_top/sensor_core/o_UART_DATA_TX_reg[32]/D (fd4qd1_hd)
                                    2.56 r            8.75         6.19
khu_sensor_top/sensor_core/o_UART_DATA_TX_reg[33]/D (fd4qd1_hd)
                                    2.56 r            8.75         6.19
khu_sensor_top/sensor_core/o_UART_DATA_TX_reg[34]/D (fd4qd1_hd)
                                    2.56 r            8.75         6.19
khu_sensor_top/sensor_core/o_UART_DATA_TX_reg[35]/D (fd4qd1_hd)
                                    2.56 r            8.75         6.19
khu_sensor_top/sensor_core/o_UART_DATA_TX_reg[36]/D (fd4qd1_hd)
                                    2.56 r            8.75         6.19
khu_sensor_top/sensor_core/o_UART_DATA_TX_reg[24]/D (fd4qd1_hd)
                                    2.59 f            8.78         6.19
khu_sensor_top/sensor_core/o_UART_DATA_TX_reg[16]/D (fd4qd1_hd)
                                    2.59 f            8.78         6.19
khu_sensor_top/sensor_core/o_UART_DATA_TX_reg[8]/D (fd4qd1_hd)
                                    2.59 f            8.78         6.19
khu_sensor_top/sensor_core/o_UART_DATA_TX_reg[28]/D (fd4qd1_hd)
                                    2.59 f            8.78         6.19
khu_sensor_top/uart_controller/uart_rx/r_Clock_Count_reg[0]/D (fd4qd1_hd)
                                    2.59 f            8.78         6.19
khu_sensor_top/uart_controller/uart_rx/r_Clock_Count_reg[1]/D (fd4qd1_hd)
                                    2.59 f            8.78         6.19
khu_sensor_top/uart_controller/uart_rx/r_Clock_Count_reg[2]/D (fd4qd1_hd)
                                    2.59 f            8.78         6.19
khu_sensor_top/uart_controller/uart_rx/r_Clock_Count_reg[3]/D (fd4qd1_hd)
                                    2.59 f            8.78         6.19
khu_sensor_top/uart_controller/uart_rx/r_Clock_Count_reg[4]/D (fd4qd1_hd)
                                    2.59 f            8.78         6.19
khu_sensor_top/sensor_core/o_ADS1292_CONTROL_reg[2]/D (fd4qd1_hd)
                                    2.54 r            8.75         6.21
khu_sensor_top/sensor_core/o_UART_DATA_TX_reg[44]/D (fd4qd1_hd)
                                    2.54 r            8.75         6.21
khu_sensor_top/sensor_core/r_ads_read_reg_reg/D (fd4qd1_hd)
                                    2.56 f            8.78         6.22
khu_sensor_top/sensor_core/o_UART_DATA_TX_reg[48]/D (fd4qd1_hd)
                                    2.56 f            8.78         6.22
khu_sensor_top/uart_controller/uart_tx/r_Bit_Index_reg[0]/D (fd4qd1_hd)
                                    2.56 f            8.78         6.22
khu_sensor_top/sensor_core/o_UART_DATA_TX_reg[51]/D (fd4qd1_hd)
                                    2.56 f            8.78         6.22
khu_sensor_top/uart_controller/r_pstate_reg[2]/D (fd4qd1_hd)
                                    2.51 r            8.74         6.23
khu_sensor_top/sensor_core/r_mpr_run_set_done_reg/D (fd4qd1_hd)
                                    2.51 r            8.74         6.24
khu_sensor_top/sensor_core/o_UART_DATA_TX_reg[54]/D (fd4qd1_hd)
                                    2.51 r            8.75         6.24
khu_sensor_top/sensor_core/r_ads_data_send_ready_reg/D (fd4qd1_hd)
                                    2.50 r            8.74         6.24
khu_sensor_top/sensor_core/o_UART_DATA_TX_reg[27]/D (fd4qd1_hd)
                                    2.54 f            8.78         6.24
khu_sensor_top/sensor_core/o_UART_DATA_TX_reg[11]/D (fd4qd1_hd)
                                    2.54 f            8.78         6.24
khu_sensor_top/sensor_core/o_UART_DATA_TX_reg[15]/D (fd4qd1_hd)
                                    2.54 f            8.78         6.24
khu_sensor_top/sensor_core/o_UART_DATA_TX_reg[3]/D (fd4qd1_hd)
                                    2.53 f            8.78         6.25
khu_sensor_top/sensor_core/o_UART_DATA_TX_reg[4]/D (fd4qd1_hd)
                                    2.53 f            8.78         6.25
khu_sensor_top/sensor_core/o_UART_DATA_TX_reg[49]/D (fd4qd1_hd)
                                    2.53 f            8.78         6.25
khu_sensor_top/sensor_core/o_UART_DATA_TX_reg[7]/D (fd4qd1_hd)
                                    2.53 f            8.78         6.25
khu_sensor_top/sensor_core/o_UART_DATA_TX_reg[1]/D (fd4qd1_hd)
                                    2.53 f            8.78         6.25
khu_sensor_top/sensor_core/o_UART_DATA_TX_reg[50]/D (fd4qd1_hd)
                                    2.53 f            8.78         6.25
khu_sensor_top/uart_controller/uart_rx/r_Rx_Byte_reg[6]/D (fd4qd1_hd)
                                    2.52 f            8.78         6.26
khu_sensor_top/uart_controller/r_uart_data_tx_shift_reg[14]/D (fd4qd1_hd)
                                    2.52 f            8.78         6.26
khu_sensor_top/sensor_core/o_UART_DATA_TX_reg[19]/D (fd4qd1_hd)
                                    2.48 r            8.75         6.27
khu_sensor_top/sensor_core/o_UART_DATA_TX_reg[10]/D (fd4qd1_hd)
                                    2.48 r            8.75         6.27
khu_sensor_top/sensor_core/o_UART_DATA_TX_reg[26]/D (fd4qd1_hd)
                                    2.48 r            8.75         6.27
khu_sensor_top/sensor_core/o_UART_DATA_TX_reg[31]/D (fd4qd1_hd)
                                    2.48 r            8.75         6.28
khu_sensor_top/uart_controller/uart_rx/r_Bit_Index_reg[0]/D (fd4qd1_hd)
                                    2.50 f            8.78         6.28
khu_sensor_top/sensor_core/r_mpr_pstate_reg[5]/D (fd4qd1_hd)
                                    2.45 r            8.76         6.30
khu_sensor_top/sensor_core/o_UART_DATA_TX_reg[55]/D (fd4qd1_hd)
                                    2.48 f            8.78         6.30
khu_sensor_top/uart_controller/uart_tx/r_Clock_Count_reg[4]/D (fd4qd1_hd)
                                    2.48 f            8.78         6.30
khu_sensor_top/sensor_core/r_ads_pstate_reg[1]/D (fd3qd1_hd)
                                    2.45 r            8.76         6.31
khu_sensor_top/uart_controller/uart_rx/r_SM_Main_reg[0]/D (fd4qd1_hd)
                                    2.43 r            8.75         6.32
khu_sensor_top/sensor_core/r_mpr_status_reg/D (fd4qd1_hd)
                                    2.42 r            8.74         6.32
khu_sensor_top/uart_controller/uart_tx/r_Clock_Count_reg[0]/D (fd4qd1_hd)
                                    2.45 f            8.78         6.33
khu_sensor_top/uart_controller/uart_tx/r_Clock_Count_reg[1]/D (fd4qd1_hd)
                                    2.45 f            8.78         6.33
khu_sensor_top/uart_controller/uart_tx/r_Clock_Count_reg[2]/D (fd4qd1_hd)
                                    2.45 f            8.78         6.33
khu_sensor_top/uart_controller/uart_tx/r_Clock_Count_reg[3]/D (fd4qd1_hd)
                                    2.45 f            8.78         6.33
khu_sensor_top/sensor_core/r_ads_set_counter_reg[2]/D (fd4qd1_hd)
                                    2.38 r            8.73         6.35
khu_sensor_top/sensor_core/r_ads_set_counter_reg[3]/D (fd4qd1_hd)
                                    2.38 r            8.73         6.35
khu_sensor_top/sensor_core/r_ads_lstate_reg[0]/D (fd3qd1_hd)
                                    2.43 f            8.78         6.35
khu_sensor_top/sensor_core/r_ads_set_counter_reg[1]/D (fd4qd1_hd)
                                    2.38 r            8.73         6.35
khu_sensor_top/sensor_core/r_ads_lstate_reg[1]/D (fd3qd1_hd)
                                    2.43 f            8.78         6.35
khu_sensor_top/sensor_core/r_ads_set_counter_reg[0]/D (fd4qd1_hd)
                                    2.38 r            8.73         6.35
khu_sensor_top/sensor_core/o_UART_DATA_TX_reg[30]/D (fd4qd1_hd)
                                    2.38 f            8.78         6.40
khu_sensor_top/uart_controller/r_pstate_reg[1]/D (fd4qd1_hd)
                                    2.38 f            8.78         6.40
khu_sensor_top/sensor_core/r_ads_pstate_reg[2]/D (fd4qd1_hd)
                                    2.33 r            8.73         6.40
khu_sensor_top/sensor_core/o_UART_DATA_TX_reg[14]/D (fd4qd1_hd)
                                    2.37 f            8.78         6.41
khu_sensor_top/uart_controller/uart_tx/r_Bit_Index_reg[2]/D (fd4qd1_hd)
                                    2.33 r            8.75         6.41
khu_sensor_top/sensor_core/o_UART_DATA_TX_reg[53]/D (fd4qd1_hd)
                                    2.34 r            8.76         6.41
khu_sensor_top/sensor_core/r_mpr_read_reg_reg/D (fd2d1_hd)
                                    2.31 r            8.73         6.42
khu_sensor_top/sensor_core/o_UART_DATA_TX_VALID_reg/D (fd4qd1_hd)
                                    2.33 r            8.76         6.43
khu_sensor_top/sensor_core/r_ads_pstate_reg[0]/D (fd3qd1_hd)
                                    2.32 r            8.75         6.43
khu_sensor_top/uart_controller/r_data_counter_reg[0]/D (fd4qd1_hd)
                                    2.30 r            8.73         6.43
khu_sensor_top/uart_controller/r_data_counter_reg[1]/D (fd2d1_hd)
                                    2.29 r            8.73         6.44
khu_sensor_top/sensor_core/r_ads_lstate_reg[2]/D (fd4qd1_hd)
                                    2.29 r            8.76         6.46
khu_sensor_top/sensor_core/o_UART_DATA_TX_reg[5]/D (fd4qd1_hd)
                                    2.32 f            8.78         6.46
khu_sensor_top/sensor_core/o_ADS1292_DATA_IN_reg[0]/D (fd4qd1_hd)
                                    2.31 f            8.78         6.47
khu_sensor_top/sensor_core/o_ADS1292_DATA_IN_reg[3]/D (fd4qd1_hd)
                                    2.31 f            8.78         6.47
khu_sensor_top/sensor_core/o_ADS1292_DATA_IN_reg[4]/D (fd4qd1_hd)
                                    2.31 f            8.78         6.47
khu_sensor_top/sensor_core/o_ADS1292_DATA_IN_reg[6]/D (fd4qd1_hd)
                                    2.31 f            8.78         6.47
khu_sensor_top/sensor_core/o_ADS1292_DATA_IN_reg[7]/D (fd4qd1_hd)
                                    2.31 f            8.78         6.47
khu_sensor_top/uart_controller/r_data_counter_reg[2]/D (fd2d1_hd)
                                    2.26 r            8.73         6.48
khu_sensor_top/sensor_core/r_core_pstate_reg[2]/D (fd2d1_hd)
                                    2.30 f            8.78         6.48
khu_sensor_top/uart_controller/uart_tx/o_Tx_Serial_reg/D (fd3qd1_hd)
                                    2.30 f            8.78         6.48
khu_sensor_top/sensor_core/o_ADS1292_DATA_IN_reg[1]/D (fd4qd1_hd)
                                    2.30 f            8.78         6.48
khu_sensor_top/sensor_core/o_ADS1292_DATA_IN_reg[2]/D (fd4qd1_hd)
                                    2.30 f            8.78         6.48
khu_sensor_top/sensor_core/o_ADS1292_DATA_IN_reg[5]/D (fd4qd1_hd)
                                    2.30 f            8.78         6.48
khu_sensor_top/sensor_core/r_ads_chip_set_reg/D (fd4qd1_hd)
                                    2.23 r            8.73         6.49
khu_sensor_top/sensor_core/r_mpr_chip_set_reg/D (fd4qd1_hd)
                                    2.23 r            8.73         6.49
khu_sensor_top/sensor_core/r_uart_clk_counter_reg[3]/D (fd4qd1_hd)
                                    2.24 r            8.75         6.50
khu_sensor_top/uart_controller/o_UART_DATA_RX_reg[1]/D (fd4qd1_hd)
                                    2.28 f            8.78         6.50
khu_sensor_top/uart_controller/o_UART_DATA_RX_reg[5]/D (fd4qd1_hd)
                                    2.28 f            8.78         6.50
khu_sensor_top/uart_controller/uart_tx/r_Tx_Done_reg/D (fd4qd1_hd)
                                    2.18 r            8.73         6.55
khu_sensor_top/sensor_core/r_mpr_chip_set_done_reg/D (fd4qd1_hd)
                                    2.18 r            8.74         6.56
khu_sensor_top/uart_controller/o_UART_DATA_TX_READY_reg/D (fd4qd1_hd)
                                    2.22 f            8.78         6.56
khu_sensor_top/sensor_core/o_UART_DATA_TX_reg[0]/D (fd4qd1_hd)
                                    2.20 r            8.76         6.56
khu_sensor_top/sensor_core/r_core_pstate_reg[0]/D (fd4qd1_hd)
                                    2.17 r            8.74         6.57
khu_sensor_top/uart_controller/o_UART_DATA_RX_reg[0]/D (fd4qd1_hd)
                                    2.21 f            8.78         6.57
khu_sensor_top/uart_controller/o_UART_DATA_RX_reg[2]/D (fd4qd1_hd)
                                    2.21 f            8.78         6.57
khu_sensor_top/uart_controller/o_UART_DATA_RX_reg[3]/D (fd4qd1_hd)
                                    2.21 f            8.78         6.57
khu_sensor_top/uart_controller/o_UART_DATA_RX_reg[4]/D (fd4qd1_hd)
                                    2.21 f            8.78         6.57
khu_sensor_top/uart_controller/o_UART_DATA_RX_reg[6]/D (fd4qd1_hd)
                                    2.21 f            8.78         6.57
khu_sensor_top/uart_controller/o_UART_DATA_RX_reg[7]/D (fd4qd1_hd)
                                    2.21 f            8.78         6.57
khu_sensor_top/sensor_core/r_ads_clk_counter_reg[1]/D (fd4qd1_hd)
                                    2.15 r            8.73         6.58
khu_sensor_top/uart_controller/uart_tx/r_Tx_Data_reg[1]/D (fd4qd1_hd)
                                    2.19 f            8.78         6.59
khu_sensor_top/uart_controller/uart_tx/r_Tx_Data_reg[3]/D (fd4qd1_hd)
                                    2.19 f            8.78         6.59
khu_sensor_top/uart_controller/uart_tx/r_Tx_Data_reg[5]/D (fd4qd1_hd)
                                    2.19 f            8.78         6.59
khu_sensor_top/uart_controller/uart_tx/r_Tx_Data_reg[0]/D (fd4qd1_hd)
                                    2.19 f            8.78         6.59
khu_sensor_top/uart_controller/uart_tx/r_Tx_Data_reg[2]/D (fd4qd1_hd)
                                    2.19 f            8.78         6.59
khu_sensor_top/uart_controller/uart_tx/r_Tx_Data_reg[4]/D (fd4qd1_hd)
                                    2.19 f            8.78         6.59
khu_sensor_top/uart_controller/uart_tx/r_Tx_Data_reg[6]/D (fd4qd1_hd)
                                    2.19 f            8.78         6.59
khu_sensor_top/uart_controller/uart_tx/r_Tx_Data_reg[7]/D (fd4qd1_hd)
                                    2.19 f            8.78         6.59
khu_sensor_top/sensor_core/r_ads_clk_counter_reg[2]/D (fd4qd1_hd)
                                    2.15 r            8.74         6.59
khu_sensor_top/uart_controller/uart_tx/r_SM_Main_reg[0]/D (fd4qd1_hd)
                                    2.14 r            8.73         6.59
khu_sensor_top/sensor_core/r_core_pstate_reg[1]/D (fd4qd1_hd)
                                    2.18 f            8.78         6.60
khu_sensor_top/uart_controller/uart_rx/r_Rx_DV_reg/D (fd4qd1_hd)
                                    2.17 f            8.78         6.61
khu_sensor_top/sensor_core/r_ads_chip_set_done_reg/D (fd4qd1_hd)
                                    2.10 r            8.74         6.64
khu_sensor_top/sensor_core/r_uart_clk_counter_reg[2]/D (fd4qd1_hd)
                                    2.09 r            8.74         6.65
khu_sensor_top/sensor_core/r_ads_clk_counter_reg[0]/J (fj2d1_hd)
                                    1.91 r            8.58         6.67
khu_sensor_top/uart_controller/uart_rx/r_SM_Main_reg[1]/D (fd4qd1_hd)
                                    2.10 f            8.78         6.68
khu_sensor_top/sensor_core/r_run_mode_reg/D (fd4qd1_hd)
                                    2.04 r            8.74         6.70
khu_sensor_top/uart_controller/uart_tx/r_SM_Main_reg[1]/D (fd4qd1_hd)
                                    1.99 r            8.73         6.73
khu_sensor_top/sensor_core/r_uart_clk_counter_reg[1]/D (fd4qd1_hd)
                                    2.00 r            8.74         6.74
khu_sensor_top/sensor_core/r_ads_clk_counter_reg[0]/K (fj2d1_hd)
                                    1.81 r            8.55         6.75
khu_sensor_top/sensor_core/r_ads_run_set_done_reg/D (fd4qd1_hd)
                                    1.98 f            8.78         6.80
khu_sensor_top/uart_controller/r_lstate_reg[1]/D (fd4qd1_hd)
                                    1.91 r            8.75         6.84
khu_sensor_top/uart_controller/uart_tx/r_SM_Main_reg[2]/D (fd4qd1_hd)
                                    1.85 r            8.74         6.89
khu_sensor_top/uart_controller/uart_rx/r_SM_Main_reg[2]/D (fd4qd1_hd)
                                    1.84 r            8.74         6.89
khu_sensor_top/sensor_core/r_uart_pstate_reg[0]/D (fd4qd1_hd)
                                    1.79 r            8.75         6.96
khu_sensor_top/sensor_core/r_uart_clk_counter_reg[0]/D (fd4qd1_hd)
                                    1.77 r            8.74         6.97
khu_sensor_top/sensor_core/r_uart_pstate_reg[1]/D (fd4qd1_hd)
                                    1.75 r            8.74         6.99
khu_sensor_top/uart_controller/r_lstate_reg[0]/D (fd4qd1_hd)
                                    1.76 f            8.78         7.02
khu_sensor_top/sensor_core/r_run_set_reg/D (fd4qd1_hd)
                                    1.55 r            8.75         7.20
khu_sensor_top/sensor_core/r_chip_set_reg/D (fd4qd1_hd)
                                    1.48 r            8.75         7.27
khu_sensor_top/uart_controller/uart_rx/async_rst_synchronizer/o_RST_reg/D (fd3qd1_hd)
                                    1.23 r            8.76         7.53
khu_sensor_top/uart_controller/uart_rx/r_Rx_Data_reg/D (fd3qd1_hd)
                                    1.23 r            8.76         7.53
khu_sensor_top/uart_controller/uart_tx/async_rst_synchronizer/o_RST_reg/D (fd3qd1_hd)
                                    1.23 r            8.76         7.53

1
