 
****************************************
Report : reference
Design : khu_sensor_pad
Version: F-2011.09-SP5-3
Date   : Sat Sep  5 05:21:09 2020
****************************************

Attributes:
    b - black box (unknown)
   bo - allows boundary optimization
    d - dont_touch
   mo - map_only
    h - hierarchical
    n - noncombinational
    r - removable
    s - synthetic operator
    u - contains unmapped logic

Reference          Library       Unit Area   Count    Total Area   Attributes
-----------------------------------------------------------------------------
async_rstn_glitch_synchronizer
                                 27.666651       1     27.666651  d, h, n
ivd1_hd            std150e_wst_105_p125
                                  0.666670       1      0.666670  
khu_sensor_top                90196.695178       1  90196.695178  h, n
phbct12            std150e_wst_105_p125
                                  0.000000       2      0.000000  d, n
phic               std150e_wst_105_p125
                                  0.000000       3      0.000000  d, r
phis               std150e_wst_105_p125
                                  0.000000       1      0.000000  d, r
phob12             std150e_wst_105_p125
                                  0.000000       6      0.000000  d
phsoscm3           std150e_wst_105_p125
                                  0.000000       1      0.000000  d, r
vdd12ih            std150e_wst_105_p125
                                  0.000000       4      0.000000  b, d
vdd12ih_core       std150e_wst_105_p125
                                  0.000000       3      0.000000  b, d
vdd33oph           std150e_wst_105_p125
                                  0.000000       4      0.000000  b, d
vssiph             std150e_wst_105_p125
                                  0.000000      11      0.000000  b, d
vssoh              std150e_wst_105_p125
                                  0.000000       9      0.000000  b, d
-----------------------------------------------------------------------------
Total 13 references                                 90225.028499
1
