***********************************************
Report          : create_qor_snapshot (05_clock_opt_post_cts)
Design          : khu_sensor_pad
Version         : N-2017.09
Date            : Tue Sep  1 18:48:35 2020
Time unit       : 1.0e-09 Second(ns)
Capacitance unit: 1.0e-12 Farad(pF)
Voltage unit    : 1 Volt
Power unit      : 1.0e-03 Watt(mW)
Location        : /home/graduation_project3/2015103977/khu_sensor/Back_End/snapshot
***********************************************
No. of scenario = 1
--------------------------------------------------
WNS of each timing group:                
--------------------------------------------------
clk_pad                                    -7.1601 
clk                                        -6.5117 
--------------------------------------------------
Setup WNS:                                 -7.1601 
Setup TNS:                               -2240.2717
Number of setup violations:                   1259  
Hold WNS:                                  -0.0861  
Hold TNS:                                  -2.4799  
Number of hold violations:                     132  
Number of max trans violations:               4336  
Number of max cap violations:                 1529  
Number of min pulse width violations:            0  
Route drc violations:                            0
--------------------------------------------------
Area:                                       117833
Cell count:                                  39067
Buf/inv cell count:                          13359
Std cell utilization:                        6.57%
CPU/ELAPSE(hr):                          0.07/0.09
Mem(Mb):                                      1222
Host name:                               vlsi-dist.khu.ac.kr
--------------------------------------------------
Histogram:           
--------------------------------------------------
Max violations:      1259 
   above ~ -0.7  ---  905 
    -0.6 ~ -0.7  ---   68 
    -0.5 ~ -0.6  ---   34 
    -0.4 ~ -0.5  ---   35 
    -0.3 ~ -0.4  ---   68 
    -0.2 ~ -0.3  ---   48 
    -0.1 ~ -0.2  ---   35 
       0 ~ -0.1  ---   66 
--------------------------------------------------
Min violations:       132 
  -0.06 ~ above  ---    2 
  -0.05 ~ -0.06  ---    4 
  -0.04 ~ -0.05  ---   11 
  -0.03 ~ -0.04  ---    9 
  -0.02 ~ -0.03  ---   12 
  -0.01 ~ -0.02  ---   55 
      0 ~ -0.01  ---   39 
--------------------------------------------------
Snapshot report (05_clock_opt_post_cts.snap.rpt) is created and can be viewed using file "/home/graduation_project3/2015103977/khu_sensor/Back_End/snapshot/05_clock_opt_post_cts.snap.rpt.html"
1
