 
****************************************
Report : area
Design : khu_sensor_pad
Version: L-2016.03-SP5-5
Date   : Sat Nov 14 04:41:01 2020
****************************************

Library(s) Used:

    std150e_wst_105_p125 (File: /Tools/Library/samsung013/sec050915_0050_STD150E_regular_DK_Synopsys_N/sec150e_synopsys/syn/STD150E/std150e_wst_105_p125.db)

Number of ports:                         4703
Number of nets:                         34857
Number of cells:                        27992
Number of combinational cells:          21142
Number of sequential cells:              6706
Number of macros/black boxes:              34
Number of buf/inv:                       2711
Number of references:                      12

Combinational area:              52338.354163
Buf/Inv area:                     1876.675405
Noncombinational area:           36650.997673
Macro/Black Box area:                0.000000
Net Interconnect area:               0.243590
                                       (No wire load specified)

Total cell area:                 88989.351836
Total area:                      88989.595426
1
