Information: Propagating switching activity (low effort zero delay simulation). (PWR-6)
Warning: Design has unannotated primary inputs. (PWR-414)
Warning: Design has unannotated sequential cell outputs. (PWR-415)
Warning: Design has unannotated black box outputs. (PWR-428)
 
****************************************
Report : power
        -analysis_effort low
Design : khu_sensor_pad
Version: F-2011.09-SP5-3
Date   : Tue Sep  8 19:13:13 2020
****************************************


Library(s) Used:

    std150e_wst_105_p125 (File: /Tools/Library/samsung013/sec050915_0050_STD150E_regular_DK_Synopsys_N/sec150e_synopsys/syn/STD150E/std150e_wst_105_p125.db)


Operating Conditions: V105WTP1250   Library: std150e_wst_105_p125
Wire Load Model Mode: enclosed

Design        Wire Load Model            Library
------------------------------------------------


Global Operating Voltage = 1.05 
Power-specific unit information :
    Voltage Units = 1V
    Capacitance Units = 1.000000pf
    Time Units = 1ns
    Dynamic Power Units = 1mW    (derived from V,C,T units)
    Leakage Power Units = 1mW


  Cell Internal Power  =   7.4303 mW    (7%)
  Net Switching Power  =  91.9711 mW   (93%)
                         ---------
Total Dynamic Power    =  99.4013 mW  (100%)

Cell Leakage Power     = 102.5572 uW


                 Internal         Switching           Leakage            Total
Power Group      Power            Power               Power              Power   (   %    )  Attrs
--------------------------------------------------------------------------------------------------
io_pad             2.8136           91.9671        9.0539e-04           94.7816  (  95.25%)
memory             0.0000            0.0000            0.0000            0.0000  (   0.00%)
black_box          0.0000            0.0000            0.0000            0.0000  (   0.00%)
clock_network      0.0000            0.0000            0.0000            0.0000  (   0.00%)
register           4.6093        1.3272e-03        3.6986e-02            4.6476  (   4.67%)
sequential         0.0000            0.0000            0.0000            0.0000  (   0.00%)
combinational  7.4418e-03        2.6347e-03        6.4667e-02        7.4744e-02  (   0.08%)
--------------------------------------------------------------------------------------------------
Total              7.4303 mW        91.9711 mW         0.1026 mW        99.5040 mW
1
