 
****************************************
Report : cell
Design : khu_sensor_pad
Version: F-2011.09-SP5-3
Date   : Tue Oct  6 17:57:13 2020
****************************************

Attributes:
    b - black box (unknown)
    d - dont_touch
    h - hierarchical
    n - noncombinational
    r - removable
    u - contains unmapped logic

Cell                      Reference       Library             Area  Attributes
--------------------------------------------------------------------------------
async_rstn_glitch_synchronizer
                          async_rstn_glitch_synchronizer  27.666651 d, h, n
khu_sensor_top            khu_sensor_top                  87948.352745
                                                                    h, n
pad1                      phbct24         std150e_wst_105_p125
                                                          0.000000  d, n
pad2                      vssoh           std150e_wst_105_p125
                                                          0.000000  b, d
pad3                      phob12          std150e_wst_105_p125
                                                          0.000000  d
pad4                      vssiph          std150e_wst_105_p125
                                                          0.000000  b, d
pad5                      phob12          std150e_wst_105_p125
                                                          0.000000  d
pad6                      vdd12ih_core    std150e_wst_105_p125
                                                          0.000000  b, d
pad7                      phob12          std150e_wst_105_p125
                                                          0.000000  d
pad8                      vdd33oph        std150e_wst_105_p125
                                                          0.000000  b, d
pad9                      vssoh           std150e_wst_105_p125
                                                          0.000000  b, d
pad10                     vdd12ih         std150e_wst_105_p125
                                                          0.000000  b, d
pad11                     vssiph          std150e_wst_105_p125
                                                          0.000000  b, d
pad12                     phob12          std150e_wst_105_p125
                                                          0.000000  d
pad13                     vssiph          std150e_wst_105_p125
                                                          0.000000  b, d
pad14                     vssoh           std150e_wst_105_p125
                                                          0.000000  b, d
pad15                     phic            std150e_wst_105_p125
                                                          0.000000  d, r
pad16                     vssiph          std150e_wst_105_p125
                                                          0.000000  b, d
pad17                     vssoh           std150e_wst_105_p125
                                                          0.000000  b, d
pad18                     phob12          std150e_wst_105_p125
                                                          0.000000  d
pad19                     vdd33oph        std150e_wst_105_p125
                                                          0.000000  b, d
pad20                     phic            std150e_wst_105_p125
                                                          0.000000  d, r
pad21                     vdd12ih         std150e_wst_105_p125
                                                          0.000000  b, d
pad22                     vssiph          std150e_wst_105_p125
                                                          0.000000  b, d
pad23                     vdd12ih         std150e_wst_105_p125
                                                          0.000000  b, d
pad24                     vssiph          std150e_wst_105_p125
                                                          0.000000  b, d
pad25                     vdd12ih_core    std150e_wst_105_p125
                                                          0.000000  b, d
pad26                     vssiph          std150e_wst_105_p125
                                                          0.000000  b, d
pad27                     phob12          std150e_wst_105_p125
                                                          0.000000  d
pad28                     vssoh           std150e_wst_105_p125
                                                          0.000000  b, d
pad29                     phic            std150e_wst_105_p125
                                                          0.000000  d, r
pad30                     vdd12ih_core    std150e_wst_105_p125
                                                          0.000000  b, d
pad31                     vssoh           std150e_wst_105_p125
                                                          0.000000  b, d
pad32                     vdd33oph        std150e_wst_105_p125
                                                          0.000000  b, d
pad33                     vssiph          std150e_wst_105_p125
                                                          0.000000  b, d
pad34                     phbct12         std150e_wst_105_p125
                                                          0.000000  d, n
pad35                     vssoh           std150e_wst_105_p125
                                                          0.000000  b, d
pad36                     vssiph          std150e_wst_105_p125
                                                          0.000000  b, d
pad37                     phbct12         std150e_wst_105_p125
                                                          0.000000  d, n
pad38                     vssoh           std150e_wst_105_p125
                                                          0.000000  b, d
pad39                     vssiph          std150e_wst_105_p125
                                                          0.000000  b, d
pad40                     phis            std150e_wst_105_p125
                                                          0.000000  d, r
pad41                     vssoh           std150e_wst_105_p125
                                                          0.000000  b, d
pad42                     vdd33oph        std150e_wst_105_p125
                                                          0.000000  b, d
pad43                     vssiph          std150e_wst_105_p125
                                                          0.000000  b, d
pad44                     vdd12ih         std150e_wst_105_p125
                                                          0.000000  b, d
--------------------------------------------------------------------------------
Total 46 cells                                            87976.019395
1
