 
****************************************
Report : timing
        -path full
        -delay max
        -input_pins
        -max_paths 1
Design : khu_sensor_pad
Version: F-2011.09-SP5-3
Date   : Tue Oct  6 17:57:14 2020
****************************************

 * Some/all delay information is back-annotated.

 # A fanout number of 1000 was used for high fanout net computations.

Operating Conditions: V105WTP1250   Library: std150e_wst_105_p125
Wire Load Model Mode: enclosed

  Startpoint: UART_RXD (input port clocked by clk)
  Endpoint: khu_sensor_top/uart_controller/uart_rx/r_Rx_Data_R_reg
            (rising edge-triggered flip-flop clocked by clk_half)
  Path Group: REGIN
  Path Type: max

  Point                                                   Incr       Path
  --------------------------------------------------------------------------
  clock clk (rise edge)                                  12.00      12.00
  clock network delay (ideal)                             0.75      12.75
  input external delay                                    0.35      13.10 f
  UART_RXD (in)                                           0.00      13.10 f
  pad29/PAD (phic)                                        0.00      13.10 f
  pad29/Y (phic)                                          1.31      14.41 f
  khu_sensor_top/UART_RXD (khu_sensor_top)                0.00      14.41 f
  khu_sensor_top/uart_controller/i_UART_RXD (uart_controller)
                                                          0.00      14.41 f
  khu_sensor_top/uart_controller/uart_rx/i_Rx_Serial (uart_rx)
                                                          0.00      14.41 f
  khu_sensor_top/uart_controller/uart_rx/r_Rx_Data_R_reg/D (fd3qd1_hd)
                                                          0.00      14.41 f
  data arrival time                                                 14.41

  clock clk_half (rise edge)                             24.00      24.00
  clock network delay (ideal)                             0.75      24.75
  clock uncertainty                                      -4.40      20.35
  khu_sensor_top/uart_controller/uart_rx/r_Rx_Data_R_reg/CK (fd3qd1_hd)
                                                          0.00      20.35 r
  library setup time                                     -0.01      20.34
  data required time                                                20.34
  --------------------------------------------------------------------------
  data required time                                                20.34
  data arrival time                                                -14.41
  --------------------------------------------------------------------------
  slack (MET)                                                        5.93


  Startpoint: khu_sensor_top/mpr121_controller/i2c_master/sda_o_reg_reg
              (rising edge-triggered flip-flop clocked by clk)
  Endpoint: MPR121_SDA (output port clocked by clk)
  Path Group: REGOUT
  Path Type: max

  Point                                                   Incr       Path
  --------------------------------------------------------------------------
  clock clk (rise edge)                                   0.00       0.00
  clock network delay (ideal)                             0.75       0.75
  khu_sensor_top/mpr121_controller/i2c_master/sda_o_reg_reg/CK (fd3qd1_hd)
                                                          0.00 #     0.75 r
  khu_sensor_top/mpr121_controller/i2c_master/sda_o_reg_reg/Q (fd3qd1_hd)
                                                          0.66       1.41 f
  khu_sensor_top/mpr121_controller/i2c_master/U167/A (ivd1_hd)
                                                          0.00       1.41 f
  khu_sensor_top/mpr121_controller/i2c_master/U167/Y (ivd1_hd)
                                                          0.64       2.04 r
  khu_sensor_top/mpr121_controller/i2c_master/sda_t (i2c_master)
                                                          0.00       2.04 r
  khu_sensor_top/mpr121_controller/o_I2C_SDA_EN (mpr121_controller)
                                                          0.00       2.04 r
  khu_sensor_top/MPR121_SDA_EN (khu_sensor_top)           0.00       2.04 r
  pad37/TN (phbct12)                                      0.00       2.04 r
  pad37/PAD (phbct12)                                     2.92       4.96 r
  MPR121_SDA (inout)                                      0.00       4.96 r
  data arrival time                                                  4.96

  clock clk (rise edge)                                  12.00      12.00
  clock network delay (ideal)                             0.75      12.75
  clock uncertainty                                      -2.20      10.55
  output external delay                                  -0.50      10.05
  data required time                                                10.05
  --------------------------------------------------------------------------
  data required time                                                10.05
  data arrival time                                                 -4.96
  --------------------------------------------------------------------------
  slack (MET)                                                        5.09


  Startpoint: khu_sensor_top/ads1292_filter/iir_notch/mult_2/b_m_reg[23]
              (rising edge-triggered flip-flop clocked by clk)
  Endpoint: khu_sensor_top/ads1292_filter/iir_notch/mult_2/product_reg[49]
            (rising edge-triggered flip-flop clocked by clk)
  Path Group: clk
  Path Type: max

  Point                                                   Incr       Path
  --------------------------------------------------------------------------
  clock clk (rise edge)                                   0.00       0.00
  clock network delay (ideal)                             0.75       0.75
  khu_sensor_top/ads1292_filter/iir_notch/mult_2/b_m_reg[23]/CK (fd1qd1_hd)
                                                          0.00 #     0.75 r
  khu_sensor_top/ads1292_filter/iir_notch/mult_2/b_m_reg[23]/Q (fd1qd1_hd)
                                                          0.49       1.24 r
  khu_sensor_top/ads1292_filter/iir_notch/mult_2/U129/A (ivd1_hd)
                                                          0.00       1.24 r
  khu_sensor_top/ads1292_filter/iir_notch/mult_2/U129/Y (ivd1_hd)
                                                          0.06       1.29 f
  khu_sensor_top/ads1292_filter/iir_notch/mult_2/U5/A (ivd2_hd)
                                                          0.00       1.29 f
  khu_sensor_top/ads1292_filter/iir_notch/mult_2/U5/Y (ivd2_hd)
                                                          0.47       1.76 r
  khu_sensor_top/ads1292_filter/iir_notch/mult_2/mult_x_1/b[23] (float_multiplier_2_DW_mult_uns_2)
                                                          0.00       1.76 r
  khu_sensor_top/ads1292_filter/iir_notch/mult_2/mult_x_1/U2425/A (xo2d1_hd)
                                                          0.00       1.76 r
  khu_sensor_top/ads1292_filter/iir_notch/mult_2/mult_x_1/U2425/Y (xo2d1_hd)
                                                          0.48       2.24 r
  khu_sensor_top/ads1292_filter/iir_notch/mult_2/mult_x_1/U2544/A (ivd1_hd)
                                                          0.00       2.24 r
  khu_sensor_top/ads1292_filter/iir_notch/mult_2/mult_x_1/U2544/Y (ivd1_hd)
                                                          0.07       2.31 f
  khu_sensor_top/ads1292_filter/iir_notch/mult_2/mult_x_1/U3145/B (or2d2_hd)
                                                          0.00       2.31 f
  khu_sensor_top/ads1292_filter/iir_notch/mult_2/mult_x_1/U3145/Y (or2d2_hd)
                                                          0.40       2.70 f
  khu_sensor_top/ads1292_filter/iir_notch/mult_2/mult_x_1/U2095/A (oa21d1_hd)
                                                          0.00       2.70 f
  khu_sensor_top/ads1292_filter/iir_notch/mult_2/mult_x_1/U2095/Y (oa21d1_hd)
                                                          0.21       2.91 r
  khu_sensor_top/ads1292_filter/iir_notch/mult_2/mult_x_1/U2094/B (xo2d1_hd)
                                                          0.00       2.91 r
  khu_sensor_top/ads1292_filter/iir_notch/mult_2/mult_x_1/U2094/Y (xo2d1_hd)
                                                          0.35       3.27 f
  khu_sensor_top/ads1292_filter/iir_notch/mult_2/mult_x_1/U2093/B (had1_hd)
                                                          0.00       3.27 f
  khu_sensor_top/ads1292_filter/iir_notch/mult_2/mult_x_1/U2093/S (had1_hd)
                                                          0.25       3.51 f
  khu_sensor_top/ads1292_filter/iir_notch/mult_2/mult_x_1/U1732/B (fad1_hd)
                                                          0.00       3.51 f
  khu_sensor_top/ads1292_filter/iir_notch/mult_2/mult_x_1/U1732/CO (fad1_hd)
                                                          0.54       4.05 f
  khu_sensor_top/ads1292_filter/iir_notch/mult_2/mult_x_1/U2679/B (fad1_hd)
                                                          0.00       4.05 f
  khu_sensor_top/ads1292_filter/iir_notch/mult_2/mult_x_1/U2679/CO (fad1_hd)
                                                          0.55       4.60 f
  khu_sensor_top/ads1292_filter/iir_notch/mult_2/mult_x_1/U2499/A (fad1_hd)
                                                          0.00       4.60 f
  khu_sensor_top/ads1292_filter/iir_notch/mult_2/mult_x_1/U2499/CO (fad1_hd)
                                                          0.48       5.08 f
  khu_sensor_top/ads1292_filter/iir_notch/mult_2/mult_x_1/U2497/CI (fad1_hd)
                                                          0.00       5.08 f
  khu_sensor_top/ads1292_filter/iir_notch/mult_2/mult_x_1/U2497/S (fad1_hd)
                                                          0.36       5.44 f
  khu_sensor_top/ads1292_filter/iir_notch/mult_2/mult_x_1/U2581/CI (fad1_hd)
                                                          0.00       5.44 f
  khu_sensor_top/ads1292_filter/iir_notch/mult_2/mult_x_1/U2581/S (fad1_hd)
                                                          0.34       5.78 r
  khu_sensor_top/ads1292_filter/iir_notch/mult_2/mult_x_1/U2722/A (nr2d1_hd)
                                                          0.00       5.78 r
  khu_sensor_top/ads1292_filter/iir_notch/mult_2/mult_x_1/U2722/Y (nr2d1_hd)
                                                          0.10       5.88 f
  khu_sensor_top/ads1292_filter/iir_notch/mult_2/mult_x_1/U2720/A (nr2d1_hd)
                                                          0.00       5.88 f
  khu_sensor_top/ads1292_filter/iir_notch/mult_2/mult_x_1/U2720/Y (nr2d1_hd)
                                                          0.13       6.01 r
  khu_sensor_top/ads1292_filter/iir_notch/mult_2/mult_x_1/U2717/A (clknd2d1_hd)
                                                          0.00       6.01 r
  khu_sensor_top/ads1292_filter/iir_notch/mult_2/mult_x_1/U2717/Y (clknd2d1_hd)
                                                          0.12       6.13 f
  khu_sensor_top/ads1292_filter/iir_notch/mult_2/mult_x_1/U2715/B (oa21d1_hd)
                                                          0.00       6.13 f
  khu_sensor_top/ads1292_filter/iir_notch/mult_2/mult_x_1/U2715/Y (oa21d1_hd)
                                                          0.20       6.33 r
  khu_sensor_top/ads1292_filter/iir_notch/mult_2/mult_x_1/U2074/A (ao21d1_hd)
                                                          0.00       6.33 r
  khu_sensor_top/ads1292_filter/iir_notch/mult_2/mult_x_1/U2074/Y (ao21d1_hd)
                                                          0.15       6.48 f
  khu_sensor_top/ads1292_filter/iir_notch/mult_2/mult_x_1/U2543/A (oa21d1_hd)
                                                          0.00       6.48 f
  khu_sensor_top/ads1292_filter/iir_notch/mult_2/mult_x_1/U2543/Y (oa21d1_hd)
                                                          0.19       6.67 r
  khu_sensor_top/ads1292_filter/iir_notch/mult_2/mult_x_1/U2709/A (ao21d1_hd)
                                                          0.00       6.67 r
  khu_sensor_top/ads1292_filter/iir_notch/mult_2/mult_x_1/U2709/Y (ao21d1_hd)
                                                          0.15       6.83 f
  khu_sensor_top/ads1292_filter/iir_notch/mult_2/mult_x_1/U2703/A (oa21d1_hd)
                                                          0.00       6.83 f
  khu_sensor_top/ads1292_filter/iir_notch/mult_2/mult_x_1/U2703/Y (oa21d1_hd)
                                                          0.19       7.02 r
  khu_sensor_top/ads1292_filter/iir_notch/mult_2/mult_x_1/U2698/A (ao21d1_hd)
                                                          0.00       7.02 r
  khu_sensor_top/ads1292_filter/iir_notch/mult_2/mult_x_1/U2698/Y (ao21d1_hd)
                                                          0.15       7.18 f
  khu_sensor_top/ads1292_filter/iir_notch/mult_2/mult_x_1/U2697/A (oa21d1_hd)
                                                          0.00       7.18 f
  khu_sensor_top/ads1292_filter/iir_notch/mult_2/mult_x_1/U2697/Y (oa21d1_hd)
                                                          0.19       7.37 r
  khu_sensor_top/ads1292_filter/iir_notch/mult_2/mult_x_1/U2692/A (ao21d1_hd)
                                                          0.00       7.37 r
  khu_sensor_top/ads1292_filter/iir_notch/mult_2/mult_x_1/U2692/Y (ao21d1_hd)
                                                          0.15       7.52 f
  khu_sensor_top/ads1292_filter/iir_notch/mult_2/mult_x_1/U2691/A (oa21d1_hd)
                                                          0.00       7.52 f
  khu_sensor_top/ads1292_filter/iir_notch/mult_2/mult_x_1/U2691/Y (oa21d1_hd)
                                                          0.19       7.72 r
  khu_sensor_top/ads1292_filter/iir_notch/mult_2/mult_x_1/U2686/A (ao21d1_hd)
                                                          0.00       7.72 r
  khu_sensor_top/ads1292_filter/iir_notch/mult_2/mult_x_1/U2686/Y (ao21d1_hd)
                                                          0.15       7.87 f
  khu_sensor_top/ads1292_filter/iir_notch/mult_2/mult_x_1/U2685/A (oa21d1_hd)
                                                          0.00       7.87 f
  khu_sensor_top/ads1292_filter/iir_notch/mult_2/mult_x_1/U2685/Y (oa21d1_hd)
                                                          0.19       8.07 r
  khu_sensor_top/ads1292_filter/iir_notch/mult_2/mult_x_1/U2680/A (ao21d1_hd)
                                                          0.00       8.07 r
  khu_sensor_top/ads1292_filter/iir_notch/mult_2/mult_x_1/U2680/Y (ao21d1_hd)
                                                          0.15       8.22 f
  khu_sensor_top/ads1292_filter/iir_notch/mult_2/mult_x_1/U2073/A (oa21d1_hd)
                                                          0.00       8.22 f
  khu_sensor_top/ads1292_filter/iir_notch/mult_2/mult_x_1/U2073/Y (oa21d1_hd)
                                                          0.19       8.42 r
  khu_sensor_top/ads1292_filter/iir_notch/mult_2/mult_x_1/U2704/A (ao21d1_hd)
                                                          0.00       8.42 r
  khu_sensor_top/ads1292_filter/iir_notch/mult_2/mult_x_1/U2704/Y (ao21d1_hd)
                                                          0.15       8.57 f
  khu_sensor_top/ads1292_filter/iir_notch/mult_2/mult_x_1/U2673/A (oa21d1_hd)
                                                          0.00       8.57 f
  khu_sensor_top/ads1292_filter/iir_notch/mult_2/mult_x_1/U2673/Y (oa21d1_hd)
                                                          0.19       8.76 r
  khu_sensor_top/ads1292_filter/iir_notch/mult_2/mult_x_1/U2668/A (ao21d1_hd)
                                                          0.00       8.76 r
  khu_sensor_top/ads1292_filter/iir_notch/mult_2/mult_x_1/U2668/Y (ao21d1_hd)
                                                          0.15       8.92 f
  khu_sensor_top/ads1292_filter/iir_notch/mult_2/mult_x_1/U2667/A (oa21d1_hd)
                                                          0.00       8.92 f
  khu_sensor_top/ads1292_filter/iir_notch/mult_2/mult_x_1/U2667/Y (oa21d1_hd)
                                                          0.19       9.11 r
  khu_sensor_top/ads1292_filter/iir_notch/mult_2/mult_x_1/U1957/A (ao21d1_hd)
                                                          0.00       9.11 r
  khu_sensor_top/ads1292_filter/iir_notch/mult_2/mult_x_1/U1957/Y (ao21d1_hd)
                                                          0.17       9.28 f
  khu_sensor_top/ads1292_filter/iir_notch/mult_2/mult_x_1/U2710/A (oa21d2_hd)
                                                          0.00       9.28 f
  khu_sensor_top/ads1292_filter/iir_notch/mult_2/mult_x_1/U2710/Y (oa21d2_hd)
                                                          0.15       9.43 r
  khu_sensor_top/ads1292_filter/iir_notch/mult_2/mult_x_1/U3099/A (scg6d1_hd)
                                                          0.00       9.43 r
  khu_sensor_top/ads1292_filter/iir_notch/mult_2/mult_x_1/U3099/Y (scg6d1_hd)
                                                          0.21       9.64 r
  khu_sensor_top/ads1292_filter/iir_notch/mult_2/mult_x_1/U135/CI (fad1_hd)
                                                          0.00       9.64 r
  khu_sensor_top/ads1292_filter/iir_notch/mult_2/mult_x_1/U135/CO (fad1_hd)
                                                          0.22       9.85 r
  khu_sensor_top/ads1292_filter/iir_notch/mult_2/mult_x_1/U134/CI (fad1_hd)
                                                          0.00       9.85 r
  khu_sensor_top/ads1292_filter/iir_notch/mult_2/mult_x_1/U134/CO (fad1_hd)
                                                          0.23      10.08 r
  khu_sensor_top/ads1292_filter/iir_notch/mult_2/mult_x_1/U2790/B (xo2d1_hd)
                                                          0.00      10.08 r
  khu_sensor_top/ads1292_filter/iir_notch/mult_2/mult_x_1/U2790/Y (xo2d1_hd)
                                                          0.30      10.38 f
  khu_sensor_top/ads1292_filter/iir_notch/mult_2/mult_x_1/product[47] (float_multiplier_2_DW_mult_uns_2)
                                                          0.00      10.38 f
  khu_sensor_top/ads1292_filter/iir_notch/mult_2/product_reg[49]/D (fd1eqd1_hd)
                                                          0.00      10.38 f
  data arrival time                                                 10.38

  clock clk (rise edge)                                  12.00      12.00
  clock network delay (ideal)                             0.75      12.75
  clock uncertainty                                      -2.20      10.55
  khu_sensor_top/ads1292_filter/iir_notch/mult_2/product_reg[49]/CK (fd1eqd1_hd)
                                                          0.00      10.55 r
  library setup time                                     -0.17      10.38
  data required time                                                10.38
  --------------------------------------------------------------------------
  data required time                                                10.38
  data arrival time                                                -10.38
  --------------------------------------------------------------------------
  slack (MET)                                                        0.00


  Startpoint: khu_sensor_top/ads1292_filter/o_ADS1292_FILTERED_DATA_VALID_reg
              (rising edge-triggered flip-flop clocked by clk)
  Endpoint: khu_sensor_top/sensor_core/r_ads_ch2_data_out_reg[0]
            (rising edge-triggered flip-flop clocked by clk_half)
  Path Group: clk_half
  Path Type: max

  Point                                                   Incr       Path
  --------------------------------------------------------------------------
  clock clk (rise edge)                                  12.00      12.00
  clock network delay (ideal)                             0.75      12.75
  khu_sensor_top/ads1292_filter/o_ADS1292_FILTERED_DATA_VALID_reg/CK (fd4qd1_hd)
                                                          0.00 #    12.75 r
  khu_sensor_top/ads1292_filter/o_ADS1292_FILTERED_DATA_VALID_reg/Q (fd4qd1_hd)
                                                          0.43      13.18 f
  khu_sensor_top/ads1292_filter/o_ADS1292_FILTERED_DATA_VALID (ads1292_filter)
                                                          0.00      13.18 f
  khu_sensor_top/sensor_core/i_ADS1292_FILTERED_DATA_VALID (sensor_core)
                                                          0.00      13.18 f
  khu_sensor_top/sensor_core/U157/B (clknd2d1_hd)         0.00      13.18 f
  khu_sensor_top/sensor_core/U157/Y (clknd2d1_hd)         0.11      13.29 r
  khu_sensor_top/sensor_core/U301/A (ivd1_hd)             0.00      13.29 r
  khu_sensor_top/sensor_core/U301/Y (ivd1_hd)             0.08      13.37 f
  khu_sensor_top/sensor_core/U273/B (nr2d1_hd)            0.00      13.37 f
  khu_sensor_top/sensor_core/U273/Y (nr2d1_hd)            0.55      13.92 r
  khu_sensor_top/sensor_core/U272/A (nr2d1_hd)            0.00      13.92 r
  khu_sensor_top/sensor_core/U272/Y (nr2d1_hd)            0.50      14.42 f
  khu_sensor_top/sensor_core/U579/C (scg2d1_hd)           0.00      14.42 f
  khu_sensor_top/sensor_core/U579/Y (scg2d1_hd)           0.41      14.84 f
  khu_sensor_top/sensor_core/r_ads_ch2_data_out_reg[0]/D (fd4qd1_hd)
                                                          0.00      14.84 f
  data arrival time                                                 14.84

  clock clk_half (rise edge)                             24.00      24.00
  clock network delay (ideal)                             0.75      24.75
  clock uncertainty                                      -4.40      20.35
  khu_sensor_top/sensor_core/r_ads_ch2_data_out_reg[0]/CK (fd4qd1_hd)
                                                          0.00      20.35 r
  library setup time                                     -0.01      20.34
  data required time                                                20.34
  --------------------------------------------------------------------------
  data required time                                                20.34
  data arrival time                                                -14.84
  --------------------------------------------------------------------------
  slack (MET)                                                        5.50


1
