 
****************************************
Report : clock_gating
        -style
Design : khu_sensor_pad
Version: N-2017.09
Date   : Thu Nov 19 07:43:31 2020
****************************************



 Information:  No Clock Gating Cell Found


                             Clock Gating Summary
          ------------------------------------------------------------
          |    Number of Clock gating elements    |        0         |
          |                                       |                  |
          |    Number of Gated registers          |     0 (0.00%)    |
          |                                       |                  |
          |    Number of Ungated registers        |  5213 (100.00%)  |
          |                                       |                  |
          |    Total number of registers          |     5213         |
          ------------------------------------------------------------



1
 
****************************************
Report : clock gating check
Design : khu_sensor_pad
Scenario(s): func1_wst
Version: N-2017.09
Date   : Thu Nov 19 07:43:31 2020
****************************************

                                    Rise            Fall
    Cell     Enable  Clock     Setup   Hold    Setup  Hold     Low/High  Attr
--------------------------------------------------------------------------------

    khu_sensor_top/ads1292_controller/clk_gate_o_ADS1292_BUSY_reg/latch
             EN      CK        0.0743    -     0.0179   -      -         i l
    khu_sensor_top/ads1292_controller/clk_gate_o_ADS1292_BUSY_reg/latch
             EN      CK          -     0.0100    -    0.0417   -         i l
    khu_sensor_top/ads1292_controller/clk_gate_o_ADS1292_REG_DATA_OUT_reg_0/latch
             EN      CK        0.1102    -     0.0178   -      -         i l
    khu_sensor_top/ads1292_controller/clk_gate_o_ADS1292_REG_DATA_OUT_reg_0/latch
             EN      CK          -     0.0100    -    0.0424   -         i l
    khu_sensor_top/ads1292_controller/clk_gate_r_ads_command_reg_0/latch
             EN      CK        0.0809    -     0.0162   -      -         i l
    khu_sensor_top/ads1292_controller/clk_gate_r_ads_command_reg_0/latch
             EN      CK          -     0.0100    -    0.0371   -         i l
    khu_sensor_top/ads1292_controller/clk_gate_r_spi_data_in_reg_0/latch
             EN      CK        0.0865    -     0.0168   -      -         i l
    khu_sensor_top/ads1292_controller/clk_gate_r_spi_data_in_reg_0/latch
             EN      CK          -     0.0100    -    0.0338   -         i l
    khu_sensor_top/ads1292_controller/clk_gate_r_ads_reg_addr_reg/latch
             EN      CK        0.1345    -     0.0499   -      -         i l
    khu_sensor_top/ads1292_controller/clk_gate_r_ads_reg_addr_reg/latch
             EN      CK          -     0.0100    -    0.0241   -         i l
    khu_sensor_top/ads1292_controller/clk_gate_o_ADS1292_DATA_OUT_reg_0/latch
             EN      CK        0.1288    -     0.0240   -      -         i l
    khu_sensor_top/ads1292_controller/clk_gate_o_ADS1292_DATA_OUT_reg_0/latch
             EN      CK          -     0.0100    -    0.0320   -         i l
    khu_sensor_top/ads1292_controller/clk_gate_r_ads_data_out_reg_0/latch
             EN      CK        0.1308    -     0.0313   -      -         i l
    khu_sensor_top/ads1292_controller/clk_gate_r_ads_data_out_reg_0/latch
             EN      CK          -     0.0100    -    0.0290   -         i l
    khu_sensor_top/ads1292_controller/clk_gate_r_clk_counter_reg_0/latch
             EN      CK        0.0807    -     0.0187   -      -         i l
    khu_sensor_top/ads1292_controller/clk_gate_r_clk_counter_reg_0/latch
             EN      CK          -     0.0100    -    0.0367   -         i l
    khu_sensor_top/ads1292_filter/clk_gate_r_converter_f2i_a_stb_reg/latch
             EN      CK        0.0901    -     0.0193   -      -         i l
    khu_sensor_top/ads1292_filter/clk_gate_r_converter_f2i_a_stb_reg/latch
             EN      CK          -     0.0100    -    0.0363   -         i l
    khu_sensor_top/ads1292_filter/clk_gate_r_counter_reg_0/latch
             EN      CK        0.0699    -     0.0164   -      -         i l
    khu_sensor_top/ads1292_filter/clk_gate_r_counter_reg_0/latch
             EN      CK          -     0.0100    -    0.0346   -         i l
    khu_sensor_top/ads1292_filter/clk_gate_o_ADS1292_FILTERED_DATA_reg_0/latch
             EN      CK        0.1256    -     0.0256   -      -         i l
    khu_sensor_top/ads1292_filter/clk_gate_o_ADS1292_FILTERED_DATA_reg_0/latch
             EN      CK          -     0.0100    -    0.0329   -         i l
    khu_sensor_top/ads1292_filter/clk_gate_r_converter_i2f_a_reg_0/latch
             EN      CK        0.1067    -     0.0240   -      -         i l
    khu_sensor_top/ads1292_filter/clk_gate_r_converter_i2f_a_reg_0/latch
             EN      CK          -     0.0100    -    0.0288   -         i l
    khu_sensor_top/ads1292_filter/clk_gate_r_converter_f2i_a_reg_0/latch
             EN      CK        0.1081    -     0.0350   -      -         i l
    khu_sensor_top/ads1292_filter/clk_gate_r_converter_f2i_a_reg_0/latch
             EN      CK          -     0.0100    -    0.0314   -         i l
    khu_sensor_top/ads1292_filter/clk_gate_r_iir_hpf_x_reg_0/latch
             EN      CK        0.1105    -     0.0260   -      -         i l
    khu_sensor_top/ads1292_filter/clk_gate_r_iir_hpf_x_reg_0/latch
             EN      CK          -     0.0100    -    0.0321   -         i l
    khu_sensor_top/ads1292_filter/clk_gate_r_iir_lpf_x_reg_0/latch
             EN      CK        0.1239    -     0.0438   -      -         i l
    khu_sensor_top/ads1292_filter/clk_gate_r_iir_lpf_x_reg_0/latch
             EN      CK          -     0.0100    -    0.0293   -         i l
    khu_sensor_top/ads1292_filter/clk_gate_r_iir_notch_x_reg_0/latch
             EN      CK        0.1150    -     0.0269   -      -         i l
    khu_sensor_top/ads1292_filter/clk_gate_r_iir_notch_x_reg_0/latch
             EN      CK          -     0.0100    -    0.0340   -         i l
    khu_sensor_top/mpr121_controller/clk_gate_r_i2c_write_reg/latch
             EN      CK        0.0719    -     0.0148   -      -         i l
    khu_sensor_top/mpr121_controller/clk_gate_r_i2c_write_reg/latch
             EN      CK          -     0.0100    -    0.0411   -         i l
    khu_sensor_top/mpr121_controller/clk_gate_o_MPR121_DATA_OUT_reg_0/latch
             EN      CK        0.1018    -     0.0219   -      -         i l
    khu_sensor_top/mpr121_controller/clk_gate_o_MPR121_DATA_OUT_reg_0/latch
             EN      CK          -     0.0100    -    0.0307   -         i l
    khu_sensor_top/mpr121_controller/clk_gate_r_i2c_data_in_reg_0/latch
             EN      CK        0.1049    -     0.0279   -      -         i l
    khu_sensor_top/mpr121_controller/clk_gate_r_i2c_data_in_reg_0/latch
             EN      CK          -     0.0100    -    0.0295   -         i l
    khu_sensor_top/mpr121_controller/clk_gate_o_MPR121_INIT_SET_reg/latch
             EN      CK        0.0730    -     0.0141   -      -         i l
    khu_sensor_top/mpr121_controller/clk_gate_o_MPR121_INIT_SET_reg/latch
             EN      CK          -     0.0100    -    0.0452   -         i l
    khu_sensor_top/mpr121_controller/clk_gate_r_i2c_reg_data_in_reg_0/latch
             EN      CK        0.0609    -     0.0132   -      -         i l
    khu_sensor_top/mpr121_controller/clk_gate_r_i2c_reg_data_in_reg_0/latch
             EN      CK          -     0.0100    -    0.0472   -         i l
    khu_sensor_top/sensor_core/clk_gate_r_mpr_read_reg_done_reg/latch
             EN      CK        0.1058    -     0.0255   -      -         i l
    khu_sensor_top/sensor_core/clk_gate_r_mpr_read_reg_done_reg/latch
             EN      CK          -     0.0100    -    0.0267   -         i l
    khu_sensor_top/sensor_core/clk_gate_r_mpr_touch_status_reg_0/latch
             EN      CK        0.0845    -     0.0165   -      -         i l
    khu_sensor_top/sensor_core/clk_gate_r_mpr_touch_status_reg_0/latch
             EN      CK          -     0.0100    -    0.0326   -         i l
    khu_sensor_top/sensor_core/clk_gate_r_ads_second_param_reg_0/latch
             EN      CK        0.0742    -     0.0154   -      -         i l
    khu_sensor_top/sensor_core/clk_gate_r_ads_second_param_reg_0/latch
             EN      CK          -     0.0100    -    0.0365   -         i l
    khu_sensor_top/sensor_core/clk_gate_r_uart_clk_counter_reg/latch
             EN      CK        0.0681    -     0.0144   -      -         i l
    khu_sensor_top/sensor_core/clk_gate_r_uart_clk_counter_reg/latch
             EN      CK          -     0.0100    -    0.0364   -         i l
    khu_sensor_top/sensor_core/clk_gate_r_ads_ch2_data_out_reg_0/latch
             EN      CK        0.0941    -     0.0187   -      -         i l
    khu_sensor_top/sensor_core/clk_gate_r_ads_ch2_data_out_reg_0/latch
             EN      CK          -     0.0100    -    0.0278   -         i l
    khu_sensor_top/sensor_core/clk_gate_o_UART_DATA_TX_reg_0/latch
             EN      CK        0.1058    -     0.0276   -      -         i l
    khu_sensor_top/sensor_core/clk_gate_o_UART_DATA_TX_reg_0/latch
             EN      CK          -     0.0100    -    0.0266   -         i l
    khu_sensor_top/sensor_core/clk_gate_o_ADS1292_DATA_IN_reg_0/latch
             EN      CK        0.1325    -     0.0246   -      -         i l
    khu_sensor_top/sensor_core/clk_gate_o_ADS1292_DATA_IN_reg_0/latch
             EN      CK          -     0.0100    -    0.0256   -         i l
    khu_sensor_top/sensor_core/clk_gate_o_ADS1292_REG_ADDR_reg_0/latch
             EN      CK        0.0971    -     0.0232   -      -         i l
    khu_sensor_top/sensor_core/clk_gate_o_ADS1292_REG_ADDR_reg_0/latch
             EN      CK          -     0.0100    -    0.0257   -         i l
    khu_sensor_top/sensor_core/clk_gate_o_MPR121_REG_ADDR_reg_0/latch
             EN      CK        0.0945    -     0.0188   -      -         i l
    khu_sensor_top/sensor_core/clk_gate_o_MPR121_REG_ADDR_reg_0/latch
             EN      CK          -     0.0100    -    0.0277   -         i l
    khu_sensor_top/sensor_core/clk_gate_r_ads_reg_addr_reg_0/latch
             EN      CK        0.0857    -     0.0199   -      -         i l
    khu_sensor_top/sensor_core/clk_gate_r_ads_reg_addr_reg_0/latch
             EN      CK          -     0.0100    -    0.0282   -         i l
    khu_sensor_top/sensor_core/clk_gate_r_mpr_first_param_reg_0/latch
             EN      CK        0.0909    -     0.0221   -      -         i l
    khu_sensor_top/sensor_core/clk_gate_r_mpr_first_param_reg_0/latch
             EN      CK          -     0.0100    -    0.0312   -         i l
    khu_sensor_top/sensor_core/clk_gate_r_mpr_reg_addr_reg_0/latch
             EN      CK        0.1272    -     0.0470   -      -         i l
    khu_sensor_top/sensor_core/clk_gate_r_mpr_reg_addr_reg_0/latch
             EN      CK          -     0.0100    -    0.0224   -         i l
    khu_sensor_top/sensor_core/clk_gate_r_mpr_touch_status_0_reg_0/latch
             EN      CK        0.0828    -     0.0167   -      -         i l
    khu_sensor_top/sensor_core/clk_gate_r_mpr_touch_status_0_reg_0/latch
             EN      CK          -     0.0100    -    0.0338   -         i l
    khu_sensor_top/sensor_core/clk_gate_r_ads_read_reg_done_reg/latch
             EN      CK        0.0894    -     0.0170   -      -         i l
    khu_sensor_top/sensor_core/clk_gate_r_ads_read_reg_done_reg/latch
             EN      CK          -     0.0100    -    0.0295   -         i l
    khu_sensor_top/sensor_core/clk_gate_r_ads_clk_counter_reg_0/latch
             EN      CK        0.1052    -     0.0351   -      -         i l
    khu_sensor_top/sensor_core/clk_gate_r_ads_clk_counter_reg_0/latch
             EN      CK          -     0.0100    -    0.0258   -         i l
    khu_sensor_top/sensor_core/clk_gate_o_ADS1292_FILTERED_DATA_ACK_reg/latch
             EN      CK        0.0997    -     0.0308   -      -         i l
    khu_sensor_top/sensor_core/clk_gate_o_ADS1292_FILTERED_DATA_ACK_reg/latch
             EN      CK          -     0.0100    -    0.0270   -         i l
    khu_sensor_top/sensor_core/clk_gate_r_mpr_chip_set_done_reg/latch
             EN      CK        0.0572    -     0.0136   -      -         i l
    khu_sensor_top/sensor_core/clk_gate_r_mpr_chip_set_done_reg/latch
             EN      CK          -     0.0100    -    0.0403   -         i l
    khu_sensor_top/sensor_core/clk_gate_r_ads_run_set_done_reg/latch
             EN      CK        0.0925    -     0.0199   -      -         i l
    khu_sensor_top/sensor_core/clk_gate_r_ads_run_set_done_reg/latch
             EN      CK          -     0.0100    -    0.0298   -         i l
    khu_sensor_top/sensor_core/clk_gate_r_mpr_lstate_reg_0/latch
             EN      CK        0.0609    -     0.0145   -      -         i l
    khu_sensor_top/sensor_core/clk_gate_r_mpr_lstate_reg_0/latch
             EN      CK          -     0.0100    -    0.0373   -         i l
    khu_sensor_top/sensor_core/clk_gate_r_mpr_touch_status_1_reg_0/latch
             EN      CK        0.0753    -     0.0156   -      -         i l
    khu_sensor_top/sensor_core/clk_gate_r_mpr_touch_status_1_reg_0/latch
             EN      CK          -     0.0100    -    0.0363   -         i l
    khu_sensor_top/sensor_core/clk_gate_o_MPR121_DATA_IN_reg_0/latch
             EN      CK        0.0725    -     0.0145   -      -         i l
    khu_sensor_top/sensor_core/clk_gate_o_MPR121_DATA_IN_reg_0/latch
             EN      CK          -     0.0100    -    0.0380   -         i l
    khu_sensor_top/sensor_core/clk_gate_r_mpr_second_param_reg_0/latch
             EN      CK        0.0791    -     0.0167   -      -         i l
    khu_sensor_top/sensor_core/clk_gate_r_mpr_second_param_reg_0/latch
             EN      CK          -     0.0100    -    0.0368   -         i l
    khu_sensor_top/uart_controller/clk_gate_o_UART_DATA_RX_reg_1/latch
             EN      CK        0.0686    -     0.0144   -      -         i l
    khu_sensor_top/uart_controller/clk_gate_o_UART_DATA_RX_reg_1/latch
             EN      CK          -     0.0100    -    0.0362   -         i l
    khu_sensor_top/uart_controller/clk_gate_o_UART_DATA_RX_reg_2/latch
             EN      CK        0.1050    -     0.0175   -      -         i l
    khu_sensor_top/uart_controller/clk_gate_o_UART_DATA_RX_reg_2/latch
             EN      CK          -     0.0100    -    0.0293   -         i l
    khu_sensor_top/uart_controller/clk_gate_r_uart_data_tx_valid_reg/latch
             EN      CK        0.0782    -     0.0153   -      -         i l
    khu_sensor_top/uart_controller/clk_gate_r_uart_data_tx_valid_reg/latch
             EN      CK          -     0.0100    -    0.0339   -         i l
    khu_sensor_top/uart_controller/clk_gate_r_uart_data_tx_shift_reg_0/latch
             EN      CK        0.1125    -     0.0299   -      -         i l
    khu_sensor_top/uart_controller/clk_gate_r_uart_data_tx_shift_reg_0/latch
             EN      CK          -     0.0100    -    0.0259   -         i l
    khu_sensor_top/ads1292_controller/spi_master/clk_gate_r_SPI_Clk_Edges_reg_0/latch
             EN      CK        0.0815    -     0.0161   -      -         i l
    khu_sensor_top/ads1292_controller/spi_master/clk_gate_r_SPI_Clk_Edges_reg_0/latch
             EN      CK          -     0.0100    -    0.0349   -         i l
    khu_sensor_top/ads1292_controller/spi_master/clk_gate_o_RX_Byte_reg/latch
             EN      CK        0.0711    -     0.0143   -      -         i l
    khu_sensor_top/ads1292_controller/spi_master/clk_gate_o_RX_Byte_reg/latch
             EN      CK          -     0.0100    -    0.0412   -         i l
    khu_sensor_top/ads1292_controller/spi_master/clk_gate_r_SPI_Clk_Count_reg_0/latch
             EN      CK        0.0803    -     0.0156   -      -         i l
    khu_sensor_top/ads1292_controller/spi_master/clk_gate_r_SPI_Clk_Count_reg_0/latch
             EN      CK          -     0.0100    -    0.0359   -         i l
    khu_sensor_top/ads1292_controller/spi_master/clk_gate_r_TX_Byte_reg_0/latch
             EN      CK        0.1295    -     0.0352   -      -         i l
    khu_sensor_top/ads1292_controller/spi_master/clk_gate_r_TX_Byte_reg_0/latch
             EN      CK          -     0.0100    -    0.0267   -         i l
    khu_sensor_top/ads1292_filter/converter_f2i/clk_gate_o_Z_reg_0/latch
             EN      CK        0.0847    -     0.0156   -      -         i l
    khu_sensor_top/ads1292_filter/converter_f2i/clk_gate_o_Z_reg_0/latch
             EN      CK          -     0.0100    -    0.0390   -         i l
    khu_sensor_top/ads1292_filter/converter_f2i/clk_gate_z_reg_0/latch
             EN      CK        0.0853    -     0.0165   -      -         i l
    khu_sensor_top/ads1292_filter/converter_f2i/clk_gate_z_reg_0/latch
             EN      CK          -     0.0100    -    0.0380   -         i l
    khu_sensor_top/ads1292_filter/converter_f2i/clk_gate_a_reg_0/latch
             EN      CK        0.1280    -     0.0230   -      -         i l
    khu_sensor_top/ads1292_filter/converter_f2i/clk_gate_a_reg_0/latch
             EN      CK          -     0.0100    -    0.0329   -         i l
    khu_sensor_top/ads1292_filter/converter_f2i/clk_gate_a_s_reg/latch
             EN      CK        0.1266    -     0.0364   -      -         i l
    khu_sensor_top/ads1292_filter/converter_f2i/clk_gate_a_s_reg/latch
             EN      CK          -     0.0100    -    0.0325   -         i l
    khu_sensor_top/ads1292_filter/iir_hpf/clk_gate_o_Y_DATA_reg_0/latch
             EN      CK        0.0655    -     0.0138   -      -         i l
    khu_sensor_top/ads1292_filter/iir_hpf/clk_gate_o_Y_DATA_reg_0/latch
             EN      CK          -     0.0100    -    0.0448   -         i l
    khu_sensor_top/ads1292_filter/iir_hpf/clk_gate_r_mult_A_reg/latch
             EN      CK        0.1394    -     0.0391   -      -         i l
    khu_sensor_top/ads1292_filter/iir_hpf/clk_gate_r_mult_A_reg/latch
             EN      CK          -     0.0100    -    0.0259   -         i l
    khu_sensor_top/ads1292_filter/iir_hpf/clk_gate_r_add_B_reg_0/latch
             EN      CK        0.1355    -     0.0327   -      -         i l
    khu_sensor_top/ads1292_filter/iir_hpf/clk_gate_r_add_B_reg_0/latch
             EN      CK          -     0.0100    -    0.0297   -         i l
    khu_sensor_top/ads1292_filter/iir_hpf/clk_gate_r_y_data_reg/latch
             EN      CK        0.1304    -     0.0360   -      -         i l
    khu_sensor_top/ads1292_filter/iir_hpf/clk_gate_r_y_data_reg/latch
             EN      CK          -     0.0100    -    0.0283   -         i l
    khu_sensor_top/ads1292_filter/iir_notch/clk_gate_r_mult_1_A_reg/latch
             EN      CK        0.0968    -     0.0213   -      -         i l
    khu_sensor_top/ads1292_filter/iir_notch/clk_gate_r_mult_1_A_reg/latch
             EN      CK          -     0.0100    -    0.0318   -         i l
    khu_sensor_top/ads1292_filter/iir_notch/clk_gate_r_mult_3_AB_STB_reg/latch
             EN      CK        0.0811    -     0.0162   -      -         i l
    khu_sensor_top/ads1292_filter/iir_notch/clk_gate_r_mult_3_AB_STB_reg/latch
             EN      CK          -     0.0100    -    0.0372   -         i l
    khu_sensor_top/ads1292_filter/iir_notch/clk_gate_o_Y_DATA_reg_0/latch
             EN      CK        0.1232    -     0.0328   -      -         i l
    khu_sensor_top/ads1292_filter/iir_notch/clk_gate_o_Y_DATA_reg_0/latch
             EN      CK          -     0.0100    -    0.0305   -         i l
    khu_sensor_top/ads1292_filter/iir_notch/clk_gate_r_mult_3_A_reg_0/latch
             EN      CK        0.1266    -     0.0297   -      -         i l
    khu_sensor_top/ads1292_filter/iir_notch/clk_gate_r_mult_3_A_reg_0/latch
             EN      CK          -     0.0100    -    0.0308   -         i l
    khu_sensor_top/ads1292_filter/iir_notch/clk_gate_r_add_1_B_reg/latch
             EN      CK        0.1107    -     0.0268   -      -         i l
    khu_sensor_top/ads1292_filter/iir_notch/clk_gate_r_add_1_B_reg/latch
             EN      CK          -     0.0100    -    0.0306   -         i l
    khu_sensor_top/ads1292_filter/iir_notch/clk_gate_r_add_2_A_reg/latch
             EN      CK        0.0854    -     0.0163   -      -         i l
    khu_sensor_top/ads1292_filter/iir_notch/clk_gate_r_add_2_A_reg/latch
             EN      CK          -     0.0100    -    0.0364   -         i l
    khu_sensor_top/ads1292_filter/iir_notch/clk_gate_r_x_data_reg_1/latch
             EN      CK        0.1096    -     0.0247   -      -         i l
    khu_sensor_top/ads1292_filter/iir_notch/clk_gate_r_x_data_reg_1/latch
             EN      CK          -     0.0100    -    0.0329   -         i l
    khu_sensor_top/ads1292_filter/iir_notch/clk_gate_r_y_data_reg_0/latch
             EN      CK        0.1107    -     0.0255   -      -         i l
    khu_sensor_top/ads1292_filter/iir_notch/clk_gate_r_y_data_reg_0/latch
             EN      CK          -     0.0100    -    0.0304   -         i l
    khu_sensor_top/ads1292_filter/iir_notch/clk_gate_r_x_data_reg_2/latch
             EN      CK        0.1107    -     0.0255   -      -         i l
    khu_sensor_top/ads1292_filter/iir_notch/clk_gate_r_x_data_reg_2/latch
             EN      CK          -     0.0100    -    0.0304   -         i l
    khu_sensor_top/ads1292_filter/iir_lpf/clk_gate_o_Y_DATA_reg_0/latch
             EN      CK        0.1310    -     0.0398   -      -         i l
    khu_sensor_top/ads1292_filter/iir_lpf/clk_gate_o_Y_DATA_reg_0/latch
             EN      CK          -     0.0100    -    0.0302   -         i l
    khu_sensor_top/ads1292_filter/iir_lpf/clk_gate_r_add_B_reg/latch
             EN      CK        0.1159    -     0.0300   -      -         i l
    khu_sensor_top/ads1292_filter/iir_lpf/clk_gate_r_add_B_reg/latch
             EN      CK          -     0.0100    -    0.0343   -         i l
    khu_sensor_top/ads1292_filter/iir_lpf/clk_gate_r_y_data_reg_0/latch
             EN      CK        0.1047    -     0.0269   -      -         i l
    khu_sensor_top/ads1292_filter/iir_lpf/clk_gate_r_y_data_reg_0/latch
             EN      CK          -     0.0100    -    0.0322   -         i l
    khu_sensor_top/ads1292_filter/iir_lpf/clk_gate_r_x_data_reg_0/latch
             EN      CK        0.1047    -     0.0269   -      -         i l
    khu_sensor_top/ads1292_filter/iir_lpf/clk_gate_r_x_data_reg_0/latch
             EN      CK          -     0.0100    -    0.0322   -         i l
    khu_sensor_top/ads1292_filter/iir_lpf/clk_gate_r_mult_2_A_reg/latch
             EN      CK        0.1141    -     0.0266   -      -         i l
    khu_sensor_top/ads1292_filter/iir_lpf/clk_gate_r_mult_2_A_reg/latch
             EN      CK          -     0.0100    -    0.0335   -         i l
    khu_sensor_top/ads1292_filter/converter_i2f/clk_gate_a_reg_0/latch
             EN      CK        0.1147    -     0.0274   -      -         i l
    khu_sensor_top/ads1292_filter/converter_i2f/clk_gate_a_reg_0/latch
             EN      CK          -     0.0100    -    0.0299   -         i l
    khu_sensor_top/ads1292_filter/converter_i2f/clk_gate_value_reg_0/latch
             EN      CK        0.0979    -     0.0185   -      -         i l
    khu_sensor_top/ads1292_filter/converter_i2f/clk_gate_value_reg_0/latch
             EN      CK          -     0.0100    -    0.0299   -         i l
    khu_sensor_top/ads1292_filter/converter_i2f/clk_gate_z_e_reg/latch
             EN      CK        0.0938    -     0.0166   -      -         i l
    khu_sensor_top/ads1292_filter/converter_i2f/clk_gate_z_e_reg/latch
             EN      CK          -     0.0100    -    0.0350   -         i l
    khu_sensor_top/ads1292_filter/converter_i2f/clk_gate_o_Z_reg_0/latch
             EN      CK        0.1331    -     0.0329   -      -         i l
    khu_sensor_top/ads1292_filter/converter_i2f/clk_gate_o_Z_reg_0/latch
             EN      CK          -     0.0100    -    0.0306   -         i l
    khu_sensor_top/ads1292_filter/converter_i2f/clk_gate_z_reg_0/latch
             EN      CK        0.1397    -     0.0295   -      -         i l
    khu_sensor_top/ads1292_filter/converter_i2f/clk_gate_z_reg_0/latch
             EN      CK          -     0.0100    -    0.0284   -         i l
    khu_sensor_top/mpr121_controller/i2c_master/clk_gate_phy_rx_data_reg_reg_0/latch
             EN      CK        0.0822    -     0.0222   -      -         i l
    khu_sensor_top/mpr121_controller/i2c_master/clk_gate_phy_rx_data_reg_reg_0/latch
             EN      CK          -     0.0100    -    0.0407   -         i l
    khu_sensor_top/mpr121_controller/i2c_master/clk_gate_data_out_reg_reg_0/latch
             EN      CK        0.1014    -     0.0214   -      -         i l
    khu_sensor_top/mpr121_controller/i2c_master/clk_gate_data_out_reg_reg_0/latch
             EN      CK          -     0.0100    -    0.0330   -         i l
    khu_sensor_top/mpr121_controller/i2c_master/clk_gate_last_reg_reg/latch
             EN      CK        0.1229    -     0.0234   -      -         i l
    khu_sensor_top/mpr121_controller/i2c_master/clk_gate_last_reg_reg/latch
             EN      CK          -     0.0100    -    0.0361   -         i l
    khu_sensor_top/uart_controller/uart_rx/clk_gate_r_Bit_Index_reg/latch
             EN      CK        0.0829    -     0.0169   -      -         i l
    khu_sensor_top/uart_controller/uart_rx/clk_gate_r_Bit_Index_reg/latch
             EN      CK          -     0.0100    -    0.0331   -         i l
    khu_sensor_top/uart_controller/uart_tx/clk_gate_o_Tx_Serial_reg/latch
             EN      CK        0.0708    -     0.0172   -      -         i l
    khu_sensor_top/uart_controller/uart_tx/clk_gate_o_Tx_Serial_reg/latch
             EN      CK          -     0.0100    -    0.0392   -         i l
    khu_sensor_top/uart_controller/uart_tx/clk_gate_r_Tx_Data_reg_0/latch
             EN      CK        0.0581    -     0.0132   -      -         i l
    khu_sensor_top/uart_controller/uart_tx/clk_gate_r_Tx_Data_reg_0/latch
             EN      CK          -     0.0100    -    0.0395   -         i l
    khu_sensor_top/ads1292_filter/iir_hpf/mult/clk_gate_b_reg/latch
             EN      CK        0.1158    -     0.0387   -      -         i l
    khu_sensor_top/ads1292_filter/iir_hpf/mult/clk_gate_b_reg/latch
             EN      CK          -     0.0100    -    0.0264   -         i l
    khu_sensor_top/ads1292_filter/iir_hpf/mult/clk_gate_a_e_reg/latch
             EN      CK        0.0805    -     0.0161   -      -         i l
    khu_sensor_top/ads1292_filter/iir_hpf/mult/clk_gate_a_e_reg/latch
             EN      CK          -     0.0100    -    0.0378   -         i l
    khu_sensor_top/ads1292_filter/iir_hpf/mult/clk_gate_z_e_reg_0/latch
             EN      CK        0.1208    -     0.0320   -      -         i l
    khu_sensor_top/ads1292_filter/iir_hpf/mult/clk_gate_z_e_reg_0/latch
             EN      CK          -     0.0100    -    0.0277   -         i l
    khu_sensor_top/ads1292_filter/iir_hpf/mult/clk_gate_guard_reg/latch
             EN      CK        0.1009    -     0.0254   -      -         i l
    khu_sensor_top/ads1292_filter/iir_hpf/mult/clk_gate_guard_reg/latch
             EN      CK          -     0.0100    -    0.0285   -         i l
    khu_sensor_top/ads1292_filter/iir_hpf/mult/clk_gate_a_e_reg_0/latch
             EN      CK        0.1186    -     0.0286   -      -         i l
    khu_sensor_top/ads1292_filter/iir_hpf/mult/clk_gate_a_e_reg_0/latch
             EN      CK          -     0.0100    -    0.0284   -         i l
    khu_sensor_top/ads1292_filter/iir_hpf/mult/clk_gate_b_e_reg/latch
             EN      CK        0.0993    -     0.0220   -      -         i l
    khu_sensor_top/ads1292_filter/iir_hpf/mult/clk_gate_b_e_reg/latch
             EN      CK          -     0.0100    -    0.0339   -         i l
    khu_sensor_top/ads1292_filter/iir_hpf/mult/clk_gate_R_39/latch
             EN      CK        0.1362    -     0.0514   -      -         i l
    khu_sensor_top/ads1292_filter/iir_hpf/mult/clk_gate_R_39/latch
             EN      CK          -     0.0100    -    0.0237   -         i l
    khu_sensor_top/ads1292_filter/iir_hpf/mult/clk_gate_o_Z_reg_0/latch
             EN      CK        0.0802    -     0.0163   -      -         i l
    khu_sensor_top/ads1292_filter/iir_hpf/mult/clk_gate_o_Z_reg_0/latch
             EN      CK          -     0.0100    -    0.0358   -         i l
    khu_sensor_top/ads1292_filter/iir_hpf/mult/clk_gate_z_reg_0/latch
             EN      CK        0.0986    -     0.0195   -      -         i l
    khu_sensor_top/ads1292_filter/iir_hpf/mult/clk_gate_z_reg_0/latch
             EN      CK          -     0.0100    -    0.0296   -         i l
    khu_sensor_top/ads1292_filter/iir_hpf/add/clk_gate_b_reg/latch
             EN      CK        0.1093    -     0.0392   -      -         i l
    khu_sensor_top/ads1292_filter/iir_hpf/add/clk_gate_b_reg/latch
             EN      CK          -     0.0100    -    0.0305   -         i l
    khu_sensor_top/ads1292_filter/iir_hpf/add/clk_gate_a_e_reg_1/latch
             EN      CK        0.1082    -     0.0225   -      -         i l
    khu_sensor_top/ads1292_filter/iir_hpf/add/clk_gate_a_e_reg_1/latch
             EN      CK          -     0.0100    -    0.0348   -         i l
    khu_sensor_top/ads1292_filter/iir_hpf/add/clk_gate_z_e_reg_0/latch
             EN      CK        0.1332    -     0.0408   -      -         i l
    khu_sensor_top/ads1292_filter/iir_hpf/add/clk_gate_z_e_reg_0/latch
             EN      CK          -     0.0100    -    0.0282   -         i l
    khu_sensor_top/ads1292_filter/iir_hpf/add/clk_gate_sticky_reg/latch
             EN      CK        0.1143    -     0.0229   -      -         i l
    khu_sensor_top/ads1292_filter/iir_hpf/add/clk_gate_sticky_reg/latch
             EN      CK          -     0.0100    -    0.0325   -         i l
    khu_sensor_top/ads1292_filter/iir_hpf/add/clk_gate_b_s_reg/latch
             EN      CK        0.0995    -     0.0220   -      -         i l
    khu_sensor_top/ads1292_filter/iir_hpf/add/clk_gate_b_s_reg/latch
             EN      CK          -     0.0100    -    0.0318   -         i l
    khu_sensor_top/ads1292_filter/iir_hpf/add/clk_gate_b_m_reg_0/latch
             EN      CK        0.0923    -     0.0196   -      -         i l
    khu_sensor_top/ads1292_filter/iir_hpf/add/clk_gate_b_m_reg_0/latch
             EN      CK          -     0.0100    -    0.0322   -         i l
    khu_sensor_top/ads1292_filter/iir_hpf/add/clk_gate_sum_reg_0/latch
             EN      CK        0.1070    -     0.0203   -      -         i l
    khu_sensor_top/ads1292_filter/iir_hpf/add/clk_gate_sum_reg_0/latch
             EN      CK          -     0.0100    -    0.0345   -         i l
    khu_sensor_top/ads1292_filter/iir_hpf/add/clk_gate_o_Z_reg_0/latch
             EN      CK        0.1089    -     0.0373   -      -         i l
    khu_sensor_top/ads1292_filter/iir_hpf/add/clk_gate_o_Z_reg_0/latch
             EN      CK          -     0.0100    -    0.0310   -         i l
    khu_sensor_top/ads1292_filter/iir_hpf/add/clk_gate_z_reg_0/latch
             EN      CK        0.1034    -     0.0233   -      -         i l
    khu_sensor_top/ads1292_filter/iir_hpf/add/clk_gate_z_reg_0/latch
             EN      CK          -     0.0100    -    0.0330   -         i l
    khu_sensor_top/ads1292_filter/iir_notch/mult_3/clk_gate_R_43/latch
             EN      CK        0.1383    -     0.0270   -      -         i l
    khu_sensor_top/ads1292_filter/iir_notch/mult_3/clk_gate_R_43/latch
             EN      CK          -     0.0100    -    0.0311   -         i l
    khu_sensor_top/ads1292_filter/iir_notch/mult_3/clk_gate_a_e_reg/latch
             EN      CK        0.1165    -     0.0260   -      -         i l
    khu_sensor_top/ads1292_filter/iir_notch/mult_3/clk_gate_a_e_reg/latch
             EN      CK          -     0.0100    -    0.0315   -         i l
    khu_sensor_top/ads1292_filter/iir_notch/mult_3/clk_gate_z_e_reg_0/latch
             EN      CK        0.1141    -     0.0281   -      -         i l
    khu_sensor_top/ads1292_filter/iir_notch/mult_3/clk_gate_z_e_reg_0/latch
             EN      CK          -     0.0100    -    0.0309   -         i l
    khu_sensor_top/ads1292_filter/iir_notch/mult_3/clk_gate_guard_reg/latch
             EN      CK        0.1004    -     0.0249   -      -         i l
    khu_sensor_top/ads1292_filter/iir_notch/mult_3/clk_gate_guard_reg/latch
             EN      CK          -     0.0100    -    0.0330   -         i l
    khu_sensor_top/ads1292_filter/iir_notch/mult_3/clk_gate_a_e_reg_0/latch
             EN      CK        0.1097    -     0.0271   -      -         i l
    khu_sensor_top/ads1292_filter/iir_notch/mult_3/clk_gate_a_e_reg_0/latch
             EN      CK          -     0.0100    -    0.0313   -         i l
    khu_sensor_top/ads1292_filter/iir_notch/mult_3/clk_gate_R_23/latch
             EN      CK        0.1074    -     0.0272   -      -         i l
    khu_sensor_top/ads1292_filter/iir_notch/mult_3/clk_gate_R_23/latch
             EN      CK          -     0.0100    -    0.0326   -         i l
    khu_sensor_top/ads1292_filter/iir_notch/mult_3/clk_gate_R_38/latch
             EN      CK        0.1330    -     0.0479   -      -         i l
    khu_sensor_top/ads1292_filter/iir_notch/mult_3/clk_gate_R_38/latch
             EN      CK          -     0.0100    -    0.0261   -         i l
    khu_sensor_top/ads1292_filter/iir_notch/mult_3/clk_gate_o_Z_reg_0/latch
             EN      CK        0.0945    -     0.0176   -      -         i l
    khu_sensor_top/ads1292_filter/iir_notch/mult_3/clk_gate_o_Z_reg_0/latch
             EN      CK          -     0.0100    -    0.0347   -         i l
    khu_sensor_top/ads1292_filter/iir_notch/mult_3/clk_gate_z_reg_0/latch
             EN      CK        0.1076    -     0.0241   -      -         i l
    khu_sensor_top/ads1292_filter/iir_notch/mult_3/clk_gate_z_reg_0/latch
             EN      CK          -     0.0100    -    0.0331   -         i l
    khu_sensor_top/ads1292_filter/iir_notch/mult_2/clk_gate_R_42/latch
             EN      CK        0.1054    -     0.0309   -      -         i l
    khu_sensor_top/ads1292_filter/iir_notch/mult_2/clk_gate_R_42/latch
             EN      CK          -     0.0100    -    0.0301   -         i l
    khu_sensor_top/ads1292_filter/iir_notch/mult_2/clk_gate_a_e_reg/latch
             EN      CK        0.0815    -     0.0164   -      -         i l
    khu_sensor_top/ads1292_filter/iir_notch/mult_2/clk_gate_a_e_reg/latch
             EN      CK          -     0.0100    -    0.0408   -         i l
    khu_sensor_top/ads1292_filter/iir_notch/mult_2/clk_gate_z_e_reg_0/latch
             EN      CK        0.1175    -     0.0301   -      -         i l
    khu_sensor_top/ads1292_filter/iir_notch/mult_2/clk_gate_z_e_reg_0/latch
             EN      CK          -     0.0100    -    0.0305   -         i l
    khu_sensor_top/ads1292_filter/iir_notch/mult_2/clk_gate_guard_reg/latch
             EN      CK        0.0986    -     0.0239   -      -         i l
    khu_sensor_top/ads1292_filter/iir_notch/mult_2/clk_gate_guard_reg/latch
             EN      CK          -     0.0100    -    0.0313   -         i l
    khu_sensor_top/ads1292_filter/iir_notch/mult_2/clk_gate_a_e_reg_0/latch
             EN      CK        0.1307    -     0.0389   -      -         i l
    khu_sensor_top/ads1292_filter/iir_notch/mult_2/clk_gate_a_e_reg_0/latch
             EN      CK          -     0.0100    -    0.0297   -         i l
    khu_sensor_top/ads1292_filter/iir_notch/mult_2/clk_gate_R_17/latch
             EN      CK        0.1053    -     0.0297   -      -         i l
    khu_sensor_top/ads1292_filter/iir_notch/mult_2/clk_gate_R_17/latch
             EN      CK          -     0.0100    -    0.0336   -         i l
    khu_sensor_top/ads1292_filter/iir_notch/mult_2/clk_gate_R_37/latch
             EN      CK        0.1326    -     0.0487   -      -         i l
    khu_sensor_top/ads1292_filter/iir_notch/mult_2/clk_gate_R_37/latch
             EN      CK          -     0.0100    -    0.0264   -         i l
    khu_sensor_top/ads1292_filter/iir_notch/mult_2/clk_gate_o_Z_reg_0/latch
             EN      CK        0.0839    -     0.0191   -      -         i l
    khu_sensor_top/ads1292_filter/iir_notch/mult_2/clk_gate_o_Z_reg_0/latch
             EN      CK          -     0.0100    -    0.0318   -         i l
    khu_sensor_top/ads1292_filter/iir_notch/mult_2/clk_gate_z_reg_0/latch
             EN      CK        0.0926    -     0.0169   -      -         i l
    khu_sensor_top/ads1292_filter/iir_notch/mult_2/clk_gate_z_reg_0/latch
             EN      CK          -     0.0100    -    0.0334   -         i l
    khu_sensor_top/ads1292_filter/iir_notch/mult_1/clk_gate_R_41/latch
             EN      CK        0.1306    -     0.0241   -      -         i l
    khu_sensor_top/ads1292_filter/iir_notch/mult_1/clk_gate_R_41/latch
             EN      CK          -     0.0100    -    0.0313   -         i l
    khu_sensor_top/ads1292_filter/iir_notch/mult_1/clk_gate_a_e_reg/latch
             EN      CK        0.0927    -     0.0219   -      -         i l
    khu_sensor_top/ads1292_filter/iir_notch/mult_1/clk_gate_a_e_reg/latch
             EN      CK          -     0.0100    -    0.0318   -         i l
    khu_sensor_top/ads1292_filter/iir_notch/mult_1/clk_gate_z_e_reg_0/latch
             EN      CK        0.1249    -     0.0336   -      -         i l
    khu_sensor_top/ads1292_filter/iir_notch/mult_1/clk_gate_z_e_reg_0/latch
             EN      CK          -     0.0100    -    0.0295   -         i l
    khu_sensor_top/ads1292_filter/iir_notch/mult_1/clk_gate_guard_reg/latch
             EN      CK        0.1018    -     0.0258   -      -         i l
    khu_sensor_top/ads1292_filter/iir_notch/mult_1/clk_gate_guard_reg/latch
             EN      CK          -     0.0100    -    0.0305   -         i l
    khu_sensor_top/ads1292_filter/iir_notch/mult_1/clk_gate_a_e_reg_0/latch
             EN      CK        0.1071    -     0.0264   -      -         i l
    khu_sensor_top/ads1292_filter/iir_notch/mult_1/clk_gate_a_e_reg_0/latch
             EN      CK          -     0.0100    -    0.0318   -         i l
    khu_sensor_top/ads1292_filter/iir_notch/mult_1/clk_gate_R_11/latch
             EN      CK        0.1165    -     0.0300   -      -         i l
    khu_sensor_top/ads1292_filter/iir_notch/mult_1/clk_gate_R_11/latch
             EN      CK          -     0.0100    -    0.0310   -         i l
    khu_sensor_top/ads1292_filter/iir_notch/mult_1/clk_gate_R_36/latch
             EN      CK        0.1075    -     0.0237   -      -         i l
    khu_sensor_top/ads1292_filter/iir_notch/mult_1/clk_gate_R_36/latch
             EN      CK          -     0.0100    -    0.0315   -         i l
    khu_sensor_top/ads1292_filter/iir_notch/mult_1/clk_gate_o_Z_reg_0/latch
             EN      CK        0.0862    -     0.0162   -      -         i l
    khu_sensor_top/ads1292_filter/iir_notch/mult_1/clk_gate_o_Z_reg_0/latch
             EN      CK          -     0.0100    -    0.0360   -         i l
    khu_sensor_top/ads1292_filter/iir_notch/mult_1/clk_gate_z_reg_0/latch
             EN      CK        0.0892    -     0.0190   -      -         i l
    khu_sensor_top/ads1292_filter/iir_notch/mult_1/clk_gate_z_reg_0/latch
             EN      CK          -     0.0100    -    0.0319   -         i l
    khu_sensor_top/ads1292_filter/iir_notch/add_2/clk_gate_b_reg/latch
             EN      CK        0.1054    -     0.0275   -      -         i l
    khu_sensor_top/ads1292_filter/iir_notch/add_2/clk_gate_b_reg/latch
             EN      CK          -     0.0100    -    0.0372   -         i l
    khu_sensor_top/ads1292_filter/iir_notch/add_2/clk_gate_a_e_reg_1/latch
             EN      CK        0.0687    -     0.0146   -      -         i l
    khu_sensor_top/ads1292_filter/iir_notch/add_2/clk_gate_a_e_reg_1/latch
             EN      CK          -     0.0100    -    0.0453   -         i l
    khu_sensor_top/ads1292_filter/iir_notch/add_2/clk_gate_z_e_reg_0/latch
             EN      CK        0.1209    -     0.0351   -      -         i l
    khu_sensor_top/ads1292_filter/iir_notch/add_2/clk_gate_z_e_reg_0/latch
             EN      CK          -     0.0100    -    0.0316   -         i l
    khu_sensor_top/ads1292_filter/iir_notch/add_2/clk_gate_sticky_reg/latch
             EN      CK        0.1024    -     0.0211   -      -         i l
    khu_sensor_top/ads1292_filter/iir_notch/add_2/clk_gate_sticky_reg/latch
             EN      CK          -     0.0100    -    0.0346   -         i l
    khu_sensor_top/ads1292_filter/iir_notch/add_2/clk_gate_a_s_reg/latch
             EN      CK        0.1262    -     0.0289   -      -         i l
    khu_sensor_top/ads1292_filter/iir_notch/add_2/clk_gate_a_s_reg/latch
             EN      CK          -     0.0100    -    0.0326   -         i l
    khu_sensor_top/ads1292_filter/iir_notch/add_2/clk_gate_b_m_reg_0/latch
             EN      CK        0.1228    -     0.0297   -      -         i l
    khu_sensor_top/ads1292_filter/iir_notch/add_2/clk_gate_b_m_reg_0/latch
             EN      CK          -     0.0100    -    0.0317   -         i l
    khu_sensor_top/ads1292_filter/iir_notch/add_2/clk_gate_sum_reg_0/latch
             EN      CK        0.1396    -     0.0523   -      -         i l
    khu_sensor_top/ads1292_filter/iir_notch/add_2/clk_gate_sum_reg_0/latch
             EN      CK          -     0.0100    -    0.0267   -         i l
    khu_sensor_top/ads1292_filter/iir_notch/add_2/clk_gate_o_Z_reg_0/latch
             EN      CK        0.1106    -     0.0358   -      -         i l
    khu_sensor_top/ads1292_filter/iir_notch/add_2/clk_gate_o_Z_reg_0/latch
             EN      CK          -     0.0100    -    0.0308   -         i l
    khu_sensor_top/ads1292_filter/iir_notch/add_2/clk_gate_z_reg_0/latch
             EN      CK        0.1214    -     0.0311   -      -         i l
    khu_sensor_top/ads1292_filter/iir_notch/add_2/clk_gate_z_reg_0/latch
             EN      CK          -     0.0100    -    0.0328   -         i l
    khu_sensor_top/ads1292_filter/iir_notch/add_1/clk_gate_b_reg/latch
             EN      CK        0.1126    -     0.0384   -      -         i l
    khu_sensor_top/ads1292_filter/iir_notch/add_1/clk_gate_b_reg/latch
             EN      CK          -     0.0100    -    0.0293   -         i l
    khu_sensor_top/ads1292_filter/iir_notch/add_1/clk_gate_a_e_reg_1/latch
             EN      CK        0.0869    -     0.0155   -      -         i l
    khu_sensor_top/ads1292_filter/iir_notch/add_1/clk_gate_a_e_reg_1/latch
             EN      CK          -     0.0100    -    0.0423   -         i l
    khu_sensor_top/ads1292_filter/iir_notch/add_1/clk_gate_z_e_reg_0/latch
             EN      CK        0.1000    -     0.0259   -      -         i l
    khu_sensor_top/ads1292_filter/iir_notch/add_1/clk_gate_z_e_reg_0/latch
             EN      CK          -     0.0100    -    0.0322   -         i l
    khu_sensor_top/ads1292_filter/iir_notch/add_1/clk_gate_sticky_reg/latch
             EN      CK        0.1052    -     0.0203   -      -         i l
    khu_sensor_top/ads1292_filter/iir_notch/add_1/clk_gate_sticky_reg/latch
             EN      CK          -     0.0100    -    0.0323   -         i l
    khu_sensor_top/ads1292_filter/iir_notch/add_1/clk_gate_b_s_reg/latch
             EN      CK        0.1177    -     0.0306   -      -         i l
    khu_sensor_top/ads1292_filter/iir_notch/add_1/clk_gate_b_s_reg/latch
             EN      CK          -     0.0100    -    0.0299   -         i l
    khu_sensor_top/ads1292_filter/iir_notch/add_1/clk_gate_b_m_reg_0/latch
             EN      CK        0.1011    -     0.0255   -      -         i l
    khu_sensor_top/ads1292_filter/iir_notch/add_1/clk_gate_b_m_reg_0/latch
             EN      CK          -     0.0100    -    0.0309   -         i l
    khu_sensor_top/ads1292_filter/iir_notch/add_1/clk_gate_sum_reg_0/latch
             EN      CK        0.1346    -     0.0483   -      -         i l
    khu_sensor_top/ads1292_filter/iir_notch/add_1/clk_gate_sum_reg_0/latch
             EN      CK          -     0.0100    -    0.0258   -         i l
    khu_sensor_top/ads1292_filter/iir_notch/add_1/clk_gate_o_Z_reg_0/latch
             EN      CK        0.1092    -     0.0350   -      -         i l
    khu_sensor_top/ads1292_filter/iir_notch/add_1/clk_gate_o_Z_reg_0/latch
             EN      CK          -     0.0100    -    0.0316   -         i l
    khu_sensor_top/ads1292_filter/iir_notch/add_1/clk_gate_z_reg_0/latch
             EN      CK        0.1271    -     0.0315   -      -         i l
    khu_sensor_top/ads1292_filter/iir_notch/add_1/clk_gate_z_reg_0/latch
             EN      CK          -     0.0100    -    0.0301   -         i l
    khu_sensor_top/ads1292_filter/iir_lpf/mult_2/clk_gate_R_40/latch
             EN      CK        0.1325    -     0.0231   -      -         i l
    khu_sensor_top/ads1292_filter/iir_lpf/mult_2/clk_gate_R_40/latch
             EN      CK          -     0.0100    -    0.0348   -         i l
    khu_sensor_top/ads1292_filter/iir_lpf/mult_2/clk_gate_a_e_reg/latch
             EN      CK        0.0981    -     0.0185   -      -         i l
    khu_sensor_top/ads1292_filter/iir_lpf/mult_2/clk_gate_a_e_reg/latch
             EN      CK          -     0.0100    -    0.0392   -         i l
    khu_sensor_top/ads1292_filter/iir_lpf/mult_2/clk_gate_z_e_reg_0/latch
             EN      CK        0.1193    -     0.0310   -      -         i l
    khu_sensor_top/ads1292_filter/iir_lpf/mult_2/clk_gate_z_e_reg_0/latch
             EN      CK          -     0.0100    -    0.0304   -         i l
    khu_sensor_top/ads1292_filter/iir_lpf/mult_2/clk_gate_guard_reg/latch
             EN      CK        0.1023    -     0.0256   -      -         i l
    khu_sensor_top/ads1292_filter/iir_lpf/mult_2/clk_gate_guard_reg/latch
             EN      CK          -     0.0100    -    0.0339   -         i l
    khu_sensor_top/ads1292_filter/iir_lpf/mult_2/clk_gate_a_e_reg_0/latch
             EN      CK        0.1297    -     0.0322   -      -         i l
    khu_sensor_top/ads1292_filter/iir_lpf/mult_2/clk_gate_a_e_reg_0/latch
             EN      CK          -     0.0100    -    0.0329   -         i l
    khu_sensor_top/ads1292_filter/iir_lpf/mult_2/clk_gate_R_5/latch
             EN      CK        0.0957    -     0.0213   -      -         i l
    khu_sensor_top/ads1292_filter/iir_lpf/mult_2/clk_gate_R_5/latch
             EN      CK          -     0.0100    -    0.0412   -         i l
    khu_sensor_top/ads1292_filter/iir_lpf/mult_2/clk_gate_R_35/latch
             EN      CK        0.1316    -     0.0455   -      -         i l
    khu_sensor_top/ads1292_filter/iir_lpf/mult_2/clk_gate_R_35/latch
             EN      CK          -     0.0100    -    0.0288   -         i l
    khu_sensor_top/ads1292_filter/iir_lpf/mult_2/clk_gate_o_Z_reg_0/latch
             EN      CK        0.0911    -     0.0161   -      -         i l
    khu_sensor_top/ads1292_filter/iir_lpf/mult_2/clk_gate_o_Z_reg_0/latch
             EN      CK          -     0.0100    -    0.0377   -         i l
    khu_sensor_top/ads1292_filter/iir_lpf/mult_2/clk_gate_z_reg_0/latch
             EN      CK        0.0905    -     0.0162   -      -         i l
    khu_sensor_top/ads1292_filter/iir_lpf/mult_2/clk_gate_z_reg_0/latch
             EN      CK          -     0.0100    -    0.0371   -         i l
    khu_sensor_top/ads1292_filter/iir_lpf/mult_1/clk_gate_b_reg/latch
             EN      CK        0.1098    -     0.0333   -      -         i l
    khu_sensor_top/ads1292_filter/iir_lpf/mult_1/clk_gate_b_reg/latch
             EN      CK          -     0.0100    -    0.0323   -         i l
    khu_sensor_top/ads1292_filter/iir_lpf/mult_1/clk_gate_a_e_reg/latch
             EN      CK        0.0761    -     0.0146   -      -         i l
    khu_sensor_top/ads1292_filter/iir_lpf/mult_1/clk_gate_a_e_reg/latch
             EN      CK          -     0.0100    -    0.0472   -         i l
    khu_sensor_top/ads1292_filter/iir_lpf/mult_1/clk_gate_z_e_reg_0/latch
             EN      CK        0.1429    -     0.0418   -      -         i l
    khu_sensor_top/ads1292_filter/iir_lpf/mult_1/clk_gate_z_e_reg_0/latch
             EN      CK          -     0.0100    -    0.0299   -         i l
    khu_sensor_top/ads1292_filter/iir_lpf/mult_1/clk_gate_guard_reg/latch
             EN      CK        0.0962    -     0.0223   -      -         i l
    khu_sensor_top/ads1292_filter/iir_lpf/mult_1/clk_gate_guard_reg/latch
             EN      CK          -     0.0100    -    0.0348   -         i l
    khu_sensor_top/ads1292_filter/iir_lpf/mult_1/clk_gate_a_e_reg_0/latch
             EN      CK        0.1102    -     0.0274   -      -         i l
    khu_sensor_top/ads1292_filter/iir_lpf/mult_1/clk_gate_a_e_reg_0/latch
             EN      CK          -     0.0100    -    0.0347   -         i l
    khu_sensor_top/ads1292_filter/iir_lpf/mult_1/clk_gate_b_e_reg/latch
             EN      CK        0.0956    -     0.0223   -      -         i l
    khu_sensor_top/ads1292_filter/iir_lpf/mult_1/clk_gate_b_e_reg/latch
             EN      CK          -     0.0100    -    0.0422   -         i l
    khu_sensor_top/ads1292_filter/iir_lpf/mult_1/clk_gate_z_s_reg/latch
             EN      CK        0.1272    -     0.0451   -      -         i l
    khu_sensor_top/ads1292_filter/iir_lpf/mult_1/clk_gate_z_s_reg/latch
             EN      CK          -     0.0100    -    0.0288   -         i l
    khu_sensor_top/ads1292_filter/iir_lpf/mult_1/clk_gate_o_Z_reg_0/latch
             EN      CK        0.0986    -     0.0187   -      -         i l
    khu_sensor_top/ads1292_filter/iir_lpf/mult_1/clk_gate_o_Z_reg_0/latch
             EN      CK          -     0.0100    -    0.0359   -         i l
    khu_sensor_top/ads1292_filter/iir_lpf/mult_1/clk_gate_z_reg_0/latch
             EN      CK        0.0902    -     0.0161   -      -         i l
    khu_sensor_top/ads1292_filter/iir_lpf/mult_1/clk_gate_z_reg_0/latch
             EN      CK          -     0.0100    -    0.0375   -         i l
    khu_sensor_top/ads1292_filter/iir_lpf/add/clk_gate_b_reg/latch
             EN      CK        0.1270    -     0.0262   -      -         i l
    khu_sensor_top/ads1292_filter/iir_lpf/add/clk_gate_b_reg/latch
             EN      CK          -     0.0100    -    0.0332   -         i l
    khu_sensor_top/ads1292_filter/iir_lpf/add/clk_gate_a_e_reg_1/latch
             EN      CK        0.0828    -     0.0156   -      -         i l
    khu_sensor_top/ads1292_filter/iir_lpf/add/clk_gate_a_e_reg_1/latch
             EN      CK          -     0.0100    -    0.0459   -         i l
    khu_sensor_top/ads1292_filter/iir_lpf/add/clk_gate_z_e_reg_0/latch
             EN      CK        0.1173    -     0.0337   -      -         i l
    khu_sensor_top/ads1292_filter/iir_lpf/add/clk_gate_z_e_reg_0/latch
             EN      CK          -     0.0100    -    0.0318   -         i l
    khu_sensor_top/ads1292_filter/iir_lpf/add/clk_gate_sticky_reg/latch
             EN      CK        0.1204    -     0.0259   -      -         i l
    khu_sensor_top/ads1292_filter/iir_lpf/add/clk_gate_sticky_reg/latch
             EN      CK          -     0.0100    -    0.0325   -         i l
    khu_sensor_top/ads1292_filter/iir_lpf/add/clk_gate_a_s_reg/latch
             EN      CK        0.0958    -     0.0212   -      -         i l
    khu_sensor_top/ads1292_filter/iir_lpf/add/clk_gate_a_s_reg/latch
             EN      CK          -     0.0100    -    0.0336   -         i l
    khu_sensor_top/ads1292_filter/iir_lpf/add/clk_gate_b_m_reg_0/latch
             EN      CK        0.1040    -     0.0226   -      -         i l
    khu_sensor_top/ads1292_filter/iir_lpf/add/clk_gate_b_m_reg_0/latch
             EN      CK          -     0.0100    -    0.0333   -         i l
    khu_sensor_top/ads1292_filter/iir_lpf/add/clk_gate_sum_reg_0/latch
             EN      CK        0.1378    -     0.0496   -      -         i l
    khu_sensor_top/ads1292_filter/iir_lpf/add/clk_gate_sum_reg_0/latch
             EN      CK          -     0.0100    -    0.0265   -         i l
    khu_sensor_top/ads1292_filter/iir_lpf/add/clk_gate_o_Z_reg_0/latch
             EN      CK        0.1127    -     0.0383   -      -         i l
    khu_sensor_top/ads1292_filter/iir_lpf/add/clk_gate_o_Z_reg_0/latch
             EN      CK          -     0.0100    -    0.0310   -         i l
    khu_sensor_top/ads1292_filter/iir_lpf/add/clk_gate_z_reg_0/latch
             EN      CK        0.1323    -     0.0329   -      -         i l
    khu_sensor_top/ads1292_filter/iir_lpf/add/clk_gate_z_reg_0/latch
             EN      CK          -     0.0100    -    0.0313   -         i l
Disabled:
    None

Attr: 
i:auto inferred, p:power compiler inserted, l:library cell defined
1
 
****************************************
Report : clock_gating
        -structure
Design : khu_sensor_pad
Scenario(s): func1_wst
Version: N-2017.09
Date   : Thu Nov 19 07:43:32 2020
****************************************



                             Clock Gating Summary
          ------------------------------------------------------------
          |    Number of Clock gating elements    |        0         |
          |                                       |                  |
          |    Number of Gated registers          |     0 (0.00%)    |
          |                                       |                  |
          |    Number of Ungated registers        |  5213 (100.00%)  |
          |                                       |                  |
          |    Maximum number of stages           |        -         |
          |                                       |                  |
          |    Total number of registers          |     5213         |
          ------------------------------------------------------------



1
