 
****************************************
Report : net fanout
        -threshold 100
Design : khu_sensor_pad
Scenario(s): func1_wst
Version: N-2017.09
Date   : Sat Sep  5 05:56:36 2020
****************************************


Operating Conditions: V105WTP1250   Library: std150e_wst_105_p125
Wire Load Model Mode: enclosed

Design        Wire Load Model            Library
------------------------------------------------
async_rstn_glitch_synchronizer
                       l13_e_5000_4lm    std150e_wst_105_p125
ads1292_filter         l13_e_100k_4lm    std150e_wst_105_p125
divider_by_2           l13_e_5000_4lm    std150e_wst_105_p125
async_rstn_glitch_synchronizer_0
                       l13_e_5000_4lm    std150e_wst_105_p125
async_rstn_synchronizer
                       l13_e_5000_4lm    std150e_wst_105_p125
ads1292_controller_DW01_inc_0
                       l13_e_5000_4lm    std150e_wst_105_p125
async_rstn_synchronizer_1
                       l13_e_5000_4lm    std150e_wst_105_p125
ads1292_filter_DW01_inc_0
                       l13_e_5000_4lm    std150e_wst_105_p125
converter_f2i          l13_e_5000_4lm    std150e_wst_105_p125
iir_lpf                l13_e_50k_4lm     std150e_wst_105_p125
converter_i2f          l13_e_5000_4lm    std150e_wst_105_p125
async_rst_synchronizer_3
                       l13_e_5000_4lm    std150e_wst_105_p125
async_rstn_synchronizer_5
                       l13_e_5000_4lm    std150e_wst_105_p125
mpr121_controller_DW01_inc_0
                       l13_e_5000_4lm    std150e_wst_105_p125
i2c_master             l13_e_5000_4lm    std150e_wst_105_p125
async_rstn_synchronizer_7
                       l13_e_5000_4lm    std150e_wst_105_p125
async_rst_synchronizer_4
                       l13_e_5000_4lm    std150e_wst_105_p125
uart_rx                l13_e_5000_4lm    std150e_wst_105_p125
async_rstn_synchronizer_8
                       l13_e_5000_4lm    std150e_wst_105_p125
async_rst_synchronizer l13_e_5000_4lm    std150e_wst_105_p125
async_rstn_synchronizer_9
                       l13_e_5000_4lm    std150e_wst_105_p125
spi_master_DW01_inc_0  l13_e_5000_4lm    std150e_wst_105_p125
async_rstn_synchronizer_0
                       l13_e_5000_4lm    std150e_wst_105_p125
converter_f2i_DP_OP_16_126_7129_0
                       l13_e_5000_4lm    std150e_wst_105_p125
converter_f2i_DP_OP_15_125_6361_0
                       l13_e_5000_4lm    std150e_wst_105_p125
converter_f2i_DW01_sub_0
                       l13_e_5000_4lm    std150e_wst_105_p125
float_multiplier_0     l13_e_10k_4lm     std150e_wst_105_p125
float_adder_0          l13_e_5000_4lm    std150e_wst_105_p125
async_rst_synchronizer_0
                       l13_e_5000_4lm    std150e_wst_105_p125
async_rstn_synchronizer_2
                       l13_e_5000_4lm    std150e_wst_105_p125
float_multiplier_1     l13_e_10k_4lm     std150e_wst_105_p125
float_multiplier_2     l13_e_10k_4lm     std150e_wst_105_p125
float_multiplier_3     l13_e_10k_4lm     std150e_wst_105_p125
float_adder_2          l13_e_5000_4lm    std150e_wst_105_p125
async_rst_synchronizer_1
                       l13_e_5000_4lm    std150e_wst_105_p125
async_rstn_synchronizer_3
                       l13_e_5000_4lm    std150e_wst_105_p125
float_multiplier_5     l13_e_10k_4lm     std150e_wst_105_p125
async_rst_synchronizer_2
                       l13_e_5000_4lm    std150e_wst_105_p125
async_rstn_synchronizer_4
                       l13_e_5000_4lm    std150e_wst_105_p125
converter_i2f_DW01_sub_0
                       l13_e_5000_4lm    std150e_wst_105_p125
converter_i2f_DW01_inc_1
                       l13_e_5000_4lm    std150e_wst_105_p125
converter_i2f_DW01_inc_0
                       l13_e_5000_4lm    std150e_wst_105_p125
i2c_master_DW01_dec_0  l13_e_5000_4lm    std150e_wst_105_p125
async_rstn_synchronizer_6
                       l13_e_5000_4lm    std150e_wst_105_p125
uart_rx_DW01_inc_0     l13_e_5000_4lm    std150e_wst_105_p125
async_rst_synchronizer_5
                       l13_e_5000_4lm    std150e_wst_105_p125
uart_tx_DW01_inc_0     l13_e_5000_4lm    std150e_wst_105_p125
async_rst_synchronizer_6
                       l13_e_5000_4lm    std150e_wst_105_p125
float_multiplier_0_DW01_inc_0
                       l13_e_5000_4lm    std150e_wst_105_p125
float_adder_0_DP_OP_43_235_1646_0
                       l13_e_5000_4lm    std150e_wst_105_p125
float_adder_0_DP_OP_143_211_8882_0
                       l13_e_5000_4lm    std150e_wst_105_p125
float_adder_0_DP_OP_132_142_8221_0
                       l13_e_5000_4lm    std150e_wst_105_p125
float_adder_0_DP_OP_131_141_2669_0
                       l13_e_5000_4lm    std150e_wst_105_p125
float_adder_0_DP_OP_129_139_7556_0
                       l13_e_5000_4lm    std150e_wst_105_p125
float_adder_0_DP_OP_128_138_898_0
                       l13_e_5000_4lm    std150e_wst_105_p125
float_adder_0_DW_cmp_3 l13_e_5000_4lm    std150e_wst_105_p125
float_adder_0_DW01_inc_0
                       l13_e_5000_4lm    std150e_wst_105_p125
float_multiplier_1_DW01_inc_0
                       l13_e_5000_4lm    std150e_wst_105_p125
float_multiplier_2_DW01_inc_0
                       l13_e_5000_4lm    std150e_wst_105_p125
float_multiplier_3_DW01_inc_0
                       l13_e_5000_4lm    std150e_wst_105_p125
float_adder_1_DP_OP_43_239_1622_0
                       l13_e_5000_4lm    std150e_wst_105_p125
float_adder_1_DP_OP_143_214_9477_0
                       l13_e_5000_4lm    std150e_wst_105_p125
float_adder_1_DP_OP_132_178_6707_0
                       l13_e_5000_4lm    std150e_wst_105_p125
float_adder_1_DP_OP_131_177_7858_0
                       l13_e_5000_4lm    std150e_wst_105_p125
float_adder_1_DP_OP_129_175_564_0
                       l13_e_5000_4lm    std150e_wst_105_p125
float_adder_1_DP_OP_128_174_8668_0
                       l13_e_5000_4lm    std150e_wst_105_p125
float_adder_1_DW_cmp_3 l13_e_5000_4lm    std150e_wst_105_p125
float_adder_1_DW01_inc_0
                       l13_e_5000_4lm    std150e_wst_105_p125
float_adder_2_DP_OP_43_243_1878_0
                       l13_e_5000_4lm    std150e_wst_105_p125
float_adder_2_DP_OP_143_217_5633_0
                       l13_e_5000_4lm    std150e_wst_105_p125
float_adder_2_DP_OP_132_184_9028_0
                       l13_e_5000_4lm    std150e_wst_105_p125
float_adder_2_DP_OP_131_183_7810_0
                       l13_e_5000_4lm    std150e_wst_105_p125
float_adder_2_DP_OP_129_181_2885_0
                       l13_e_5000_4lm    std150e_wst_105_p125
float_adder_2_DP_OP_128_180_8620_0
                       l13_e_5000_4lm    std150e_wst_105_p125
float_adder_2_DW_cmp_3 l13_e_5000_4lm    std150e_wst_105_p125
float_adder_2_DW01_inc_0
                       l13_e_5000_4lm    std150e_wst_105_p125
float_multiplier_4_DW01_inc_0
                       l13_e_5000_4lm    std150e_wst_105_p125
float_multiplier_5_DW01_inc_0
                       l13_e_5000_4lm    std150e_wst_105_p125
float_adder_3_DP_OP_43_247_8814_0
                       l13_e_5000_4lm    std150e_wst_105_p125
float_adder_3_DP_OP_143_220_7930_0
                       l13_e_5000_4lm    std150e_wst_105_p125
float_adder_3_DP_OP_132_210_6037_0
                       l13_e_5000_4lm    std150e_wst_105_p125
float_adder_3_DP_OP_131_209_1709_0
                       l13_e_5000_4lm    std150e_wst_105_p125
float_adder_3_DP_OP_129_207_5372_0
                       l13_e_5000_4lm    std150e_wst_105_p125
float_adder_3_DP_OP_128_206_9905_0
                       l13_e_5000_4lm    std150e_wst_105_p125
float_adder_3_DW_cmp_3 l13_e_5000_4lm    std150e_wst_105_p125
float_adder_3_DW01_inc_0
                       l13_e_5000_4lm    std150e_wst_105_p125


Attributes:
   dr - drc disabled
    c - annotated capacitance
    d - dont_touch
    i - ideal_net
    I - ideal_network
    p - includes pin load
    r - annotated resistance
    h - high fanout

Net                 Fanout   Attributes   Capacitance   Driver
--------------------------------------------------------------------------------
khu_sensor_top/w_CLOCK_HALF
                       421   c, d             1.62      khu_sensor_top/divider_by_2/o_CLK_DIV_2_reg/Q
khu_sensor_top/ads1292_controller/N102
                       115   d, I             0.00      khu_sensor_top/ads1292_controller/async_rstn_synchronizer/o_RSTN_reg/Q
khu_sensor_top/ads1292_controller/net10329
                       149                    1.06      khu_sensor_top/ads1292_controller/*cell*173/**logic_0**
khu_sensor_top/ads1292_filter/N32
                       215   d, I             0.00      khu_sensor_top/ads1292_filter/async_rstn_synchronizer/o_RSTN_reg/Q
khu_sensor_top/ads1292_filter/net10330
                       197                    2.20      khu_sensor_top/ads1292_filter/*cell*174/**logic_0**
khu_sensor_top/sensor_core/N142
                       273   d, I             0.00      khu_sensor_top/sensor_core/U650/Y
khu_sensor_top/sensor_core/net10332
                       261                    4.56      khu_sensor_top/sensor_core/*cell*176/**logic_1**
khu_sensor_top/ads1292_filter/converter_f2i/net10341
                       127                    0.49      khu_sensor_top/ads1292_filter/converter_f2i/*cell*185/**logic_0**
khu_sensor_top/ads1292_filter/iir_hpf/w_rstn
                       254   d, I             0.00      khu_sensor_top/ads1292_filter/iir_hpf/async_rstn_synchronizer/o_RSTN_reg/Q
khu_sensor_top/ads1292_filter/iir_hpf/net10342
                       254                    3.56      khu_sensor_top/ads1292_filter/iir_hpf/*cell*186/**logic_0**
khu_sensor_top/ads1292_filter/iir_notch/w_rstn
                       652   d, I             0.00      khu_sensor_top/ads1292_filter/iir_notch/async_rstn_synchronizer/o_RSTN_reg/Q
khu_sensor_top/ads1292_filter/iir_notch/net10343
                       651                   12.98      khu_sensor_top/ads1292_filter/iir_notch/*cell*187/**logic_0**
khu_sensor_top/ads1292_filter/iir_lpf/w_rstn
                       383   d, I             0.00      khu_sensor_top/ads1292_filter/iir_lpf/async_rstn_synchronizer/o_RSTN_reg/Q
khu_sensor_top/ads1292_filter/iir_lpf/net10344
                       383                    6.62      khu_sensor_top/ads1292_filter/iir_lpf/*cell*188/**logic_0**
khu_sensor_top/ads1292_filter/converter_i2f/net10345
                       171                    1.58      khu_sensor_top/ads1292_filter/converter_i2f/*cell*189/**logic_0**
khu_sensor_top/ads1292_filter/iir_hpf/mult/net10361
                       280                    4.16      khu_sensor_top/ads1292_filter/iir_hpf/mult/*cell*205/**logic_0**
khu_sensor_top/ads1292_filter/iir_hpf/add/net10362
                       276                    4.07      khu_sensor_top/ads1292_filter/iir_hpf/add/*cell*206/**logic_0**
khu_sensor_top/ads1292_filter/iir_notch/mult_3/net10367
                       291                    4.42      khu_sensor_top/ads1292_filter/iir_notch/mult_3/*cell*211/**logic_0**
khu_sensor_top/ads1292_filter/iir_notch/mult_2/net10368
                       287                    4.32      khu_sensor_top/ads1292_filter/iir_notch/mult_2/*cell*212/**logic_0**
khu_sensor_top/ads1292_filter/iir_notch/mult_1/net10369
                       290                    4.40      khu_sensor_top/ads1292_filter/iir_notch/mult_1/*cell*213/**logic_0**
khu_sensor_top/ads1292_filter/iir_notch/add_2/net10370
                       276                    4.07      khu_sensor_top/ads1292_filter/iir_notch/add_2/*cell*214/**logic_0**
khu_sensor_top/ads1292_filter/iir_notch/add_1/net10371
                       276                    4.07      khu_sensor_top/ads1292_filter/iir_notch/add_1/*cell*215/**logic_0**
khu_sensor_top/ads1292_filter/iir_lpf/mult_2/net10376
                       286                    4.30      khu_sensor_top/ads1292_filter/iir_lpf/mult_2/*cell*220/**logic_0**
khu_sensor_top/ads1292_filter/iir_lpf/mult_1/net10377
                       287                    4.32      khu_sensor_top/ads1292_filter/iir_lpf/mult_1/*cell*221/**logic_0**
khu_sensor_top/ads1292_filter/iir_lpf/add/net10378
                       276                    4.07      khu_sensor_top/ads1292_filter/iir_lpf/add/*cell*222/**logic_0**
1
