***********************************************
Report          : create_qor_snapshot (05_clock_opt_post_cts)
Design          : khu_sensor_pad
Version         : N-2017.09
Date            : Tue Sep  8 19:04:17 2020
Time unit       : 1.0e-09 Second(ns)
Capacitance unit: 1.0e-12 Farad(pF)
Voltage unit    : 1 Volt
Power unit      : 1.0e-03 Watt(mW)
Location        : /home/graduation_project3/2015103977/03_Physical_Synthesis/snapshot
***********************************************
No. of scenario = 1
s1 = func1_wst
--------------------------------------------------
WNS of each timing group:                       s1 
--------------------------------------------------
clk                                        -1.9846 
--------------------------------------------------
Setup WNS:                                 -1.9846 
Setup TNS:                                -36.6018
Number of setup violations:                     56  
Hold WNS:                                  -0.0593  
Hold TNS:                                  -1.0715  
Number of hold violations:                      37  
Number of max trans violations:                775  
Number of max cap violations:                  221  
Number of min pulse width violations:            0  
Route drc violations:                            0
--------------------------------------------------
Area:                                        91261
Cell count:                                  28774
Buf/inv cell count:                           4499
Std cell utilization:                       64.67%
CPU/ELAPSE(hr):                          0.03/0.06
Mem(Mb):                                      1059
Host name:                               vlsi-dist.khu.ac.kr
--------------------------------------------------
Histogram:             s1 
--------------------------------------------------
Max violations:        56 
   above ~ -0.7  ---   21 
    -0.6 ~ -0.7  ---    1 
    -0.5 ~ -0.6  ---    2 
    -0.4 ~ -0.5  ---    5 
    -0.3 ~ -0.4  ---    5 
    -0.2 ~ -0.3  ---    4 
    -0.1 ~ -0.2  ---    8 
       0 ~ -0.1  ---   10 
--------------------------------------------------
Min violations:        37 
  -0.06 ~ above  ---    0 
  -0.05 ~ -0.06  ---    3 
  -0.04 ~ -0.05  ---   10 
  -0.03 ~ -0.04  ---    5 
  -0.02 ~ -0.03  ---    4 
  -0.01 ~ -0.02  ---    7 
      0 ~ -0.01  ---    8 
--------------------------------------------------
Snapshot report (snap.rpt) is created and can be viewed using file "/home/graduation_project3/2015103977/03_Physical_Synthesis/snapshot/snap.rpt.html"
1
