 
****************************************
check_design summary:
Version:     L-2016.03-SP5-5
Date:        Thu Nov 19 06:01:23 2020
****************************************

                   Name                                            Total
--------------------------------------------------------------------------------
Inputs/Outputs                                                    177
    Multiply driven inputs (LINT-6)                                 1
    Unconnected ports (LINT-28)                                   176

Cells                                                             185
    Cells do not drive (LINT-1)                                    45
    Connected to power or ground (LINT-32)                        132
    Nets connected to multiple pins on same cell (LINT-33)          8
--------------------------------------------------------------------------------

Warning: In design 'khu_sensor_pad', cell 'pad1' does not drive any nets. (LINT-1)
Warning: In design 'khu_sensor_pad', cell 'pad3' does not drive any nets. (LINT-1)
Warning: In design 'khu_sensor_pad', cell 'pad4' does not drive any nets. (LINT-1)
Warning: In design 'khu_sensor_pad', cell 'pad5' does not drive any nets. (LINT-1)
Warning: In design 'khu_sensor_pad', cell 'pad6' does not drive any nets. (LINT-1)
Warning: In design 'khu_sensor_pad', cell 'pad7' does not drive any nets. (LINT-1)
Warning: In design 'khu_sensor_pad', cell 'pad8' does not drive any nets. (LINT-1)
Warning: In design 'khu_sensor_pad', cell 'pad9' does not drive any nets. (LINT-1)
Warning: In design 'khu_sensor_pad', cell 'pad12' does not drive any nets. (LINT-1)
Warning: In design 'khu_sensor_pad', cell 'pad13' does not drive any nets. (LINT-1)
Warning: In design 'khu_sensor_pad', cell 'pad15' does not drive any nets. (LINT-1)
Warning: In design 'khu_sensor_pad', cell 'pad17' does not drive any nets. (LINT-1)
Warning: In design 'khu_sensor_pad', cell 'pad18' does not drive any nets. (LINT-1)
Warning: In design 'khu_sensor_pad', cell 'pad19' does not drive any nets. (LINT-1)
Warning: In design 'khu_sensor_pad', cell 'pad20' does not drive any nets. (LINT-1)
Warning: In design 'khu_sensor_pad', cell 'pad22' does not drive any nets. (LINT-1)
Warning: In design 'khu_sensor_pad', cell 'pad23' does not drive any nets. (LINT-1)
Warning: In design 'khu_sensor_pad', cell 'pad25' does not drive any nets. (LINT-1)
Warning: In design 'khu_sensor_pad', cell 'pad26' does not drive any nets. (LINT-1)
Warning: In design 'khu_sensor_pad', cell 'pad28' does not drive any nets. (LINT-1)
Warning: In design 'khu_sensor_pad', cell 'pad29' does not drive any nets. (LINT-1)
Warning: In design 'khu_sensor_pad', cell 'pad30' does not drive any nets. (LINT-1)
Warning: In design 'khu_sensor_pad', cell 'pad31' does not drive any nets. (LINT-1)
Warning: In design 'khu_sensor_pad', cell 'pad32' does not drive any nets. (LINT-1)
Warning: In design 'khu_sensor_pad', cell 'pad34' does not drive any nets. (LINT-1)
Warning: In design 'khu_sensor_pad', cell 'pad35' does not drive any nets. (LINT-1)
Warning: In design 'khu_sensor_pad', cell 'pad36' does not drive any nets. (LINT-1)
Warning: In design 'khu_sensor_pad', cell 'pad38' does not drive any nets. (LINT-1)
Warning: In design 'khu_sensor_pad', cell 'pad39' does not drive any nets. (LINT-1)
Warning: In design 'khu_sensor_pad', cell 'pad40' does not drive any nets. (LINT-1)
Warning: In design 'khu_sensor_pad', cell 'pad41' does not drive any nets. (LINT-1)
Warning: In design 'khu_sensor_pad', cell 'pad42' does not drive any nets. (LINT-1)
Warning: In design 'khu_sensor_pad', cell 'pad44' does not drive any nets. (LINT-1)
Warning: In design 'khu_sensor_pad', cell 'pad45' does not drive any nets. (LINT-1)
Warning: In design 'khu_sensor_pad', cell 'pad47' does not drive any nets. (LINT-1)
Warning: In design 'khu_sensor_pad', cell 'pad48' does not drive any nets. (LINT-1)
Warning: In design 'khu_sensor_pad', cell 'pad49' does not drive any nets. (LINT-1)
Warning: In design 'khu_sensor_pad', cell 'pad50' does not drive any nets. (LINT-1)
Warning: In design 'khu_sensor_pad', cell 'pad52' does not drive any nets. (LINT-1)
Warning: In design 'khu_sensor_pad', cell 'pad53' does not drive any nets. (LINT-1)
Warning: In design 'khu_sensor_pad', cell 'pad54' does not drive any nets. (LINT-1)
Warning: In design 'khu_sensor_pad', cell 'pad55' does not drive any nets. (LINT-1)
Warning: In design 'khu_sensor_pad', cell 'pad56' does not drive any nets. (LINT-1)
Warning: In design 'async_rstn_synchronizer', cell 'I_0' does not drive any nets. (LINT-1)
Warning: In design 'async_rst_synchronizer', cell 'I_0' does not drive any nets. (LINT-1)
Warning: In design 'khu_sensor_pad', input port 'i_CLK' drives wired logic; the port direction may have been specified incorrectly. (LINT-6)
Warning: In design 'uart_controller', port 'i_UART_DATA_TX[52]' is not connected to any nets. (LINT-28)
Warning: In design 'uart_controller', port 'i_UART_DATA_TX[23]' is not connected to any nets. (LINT-28)
Warning: In design 'uart_controller', port 'i_UART_DATA_TX[22]' is not connected to any nets. (LINT-28)
Warning: In design 'uart_controller', port 'i_UART_DATA_TX[21]' is not connected to any nets. (LINT-28)
Warning: In design 'uart_controller', port 'i_UART_DATA_TX[20]' is not connected to any nets. (LINT-28)
Warning: In design 'uart_controller', port 'i_UART_DATA_TX[6]' is not connected to any nets. (LINT-28)
Warning: In design 'uart_controller', port 'i_UART_DATA_TX[2]' is not connected to any nets. (LINT-28)
Warning: In design 'uart_controller', port 'i_CORE_BUSY' is not connected to any nets. (LINT-28)
Warning: In design 'sensor_core', port 'o_UART_DATA_TX[52]' is not connected to any nets. (LINT-28)
Warning: In design 'sensor_core', port 'o_UART_DATA_TX[23]' is not connected to any nets. (LINT-28)
Warning: In design 'sensor_core', port 'o_UART_DATA_TX[22]' is not connected to any nets. (LINT-28)
Warning: In design 'sensor_core', port 'o_UART_DATA_TX[21]' is not connected to any nets. (LINT-28)
Warning: In design 'sensor_core', port 'o_UART_DATA_TX[20]' is not connected to any nets. (LINT-28)
Warning: In design 'sensor_core', port 'o_UART_DATA_TX[6]' is not connected to any nets. (LINT-28)
Warning: In design 'sensor_core', port 'o_UART_DATA_TX[2]' is not connected to any nets. (LINT-28)
Warning: In design 'sensor_core', port 'o_MPR121_DATA_IN[5]' is not connected to any nets. (LINT-28)
Warning: In design 'sensor_core', port 'o_MPR121_ERROR' is not connected to any nets. (LINT-28)
Warning: In design 'mpr121_controller', port 'i_MPR121_DATA_IN[5]' is not connected to any nets. (LINT-28)
Warning: In design 'i2c_master', port 'cmd_ready' is not connected to any nets. (LINT-28)
Warning: In design 'i2c_master', port 'data_out_last' is not connected to any nets. (LINT-28)
Warning: In design 'i2c_master', port 'busy' is not connected to any nets. (LINT-28)
Warning: In design 'i2c_master', port 'bus_control' is not connected to any nets. (LINT-28)
Warning: In design 'i2c_master', port 'bus_active' is not connected to any nets. (LINT-28)
Warning: In design 'converter_i2f', port 'i_A[7]' is not connected to any nets. (LINT-28)
Warning: In design 'converter_i2f', port 'i_A[6]' is not connected to any nets. (LINT-28)
Warning: In design 'converter_i2f', port 'i_A[5]' is not connected to any nets. (LINT-28)
Warning: In design 'converter_i2f', port 'i_A[4]' is not connected to any nets. (LINT-28)
Warning: In design 'converter_i2f', port 'i_A[3]' is not connected to any nets. (LINT-28)
Warning: In design 'converter_i2f', port 'i_A[2]' is not connected to any nets. (LINT-28)
Warning: In design 'converter_i2f', port 'i_A[1]' is not connected to any nets. (LINT-28)
Warning: In design 'converter_i2f', port 'i_A[0]' is not connected to any nets. (LINT-28)
Warning: In design 'converter_f2i', port 'o_Z[7]' is not connected to any nets. (LINT-28)
Warning: In design 'converter_f2i', port 'o_Z[6]' is not connected to any nets. (LINT-28)
Warning: In design 'converter_f2i', port 'o_Z[5]' is not connected to any nets. (LINT-28)
Warning: In design 'converter_f2i', port 'o_Z[4]' is not connected to any nets. (LINT-28)
Warning: In design 'converter_f2i', port 'o_Z[3]' is not connected to any nets. (LINT-28)
Warning: In design 'converter_f2i', port 'o_Z[2]' is not connected to any nets. (LINT-28)
Warning: In design 'converter_f2i', port 'o_Z[1]' is not connected to any nets. (LINT-28)
Warning: In design 'converter_f2i', port 'o_Z[0]' is not connected to any nets. (LINT-28)
Warning: In design 'converter_i2f_DW01_sub_0', port 'A[31]' is not connected to any nets. (LINT-28)
Warning: In design 'converter_i2f_DW01_sub_0', port 'A[30]' is not connected to any nets. (LINT-28)
Warning: In design 'converter_i2f_DW01_sub_0', port 'A[29]' is not connected to any nets. (LINT-28)
Warning: In design 'converter_i2f_DW01_sub_0', port 'A[28]' is not connected to any nets. (LINT-28)
Warning: In design 'converter_i2f_DW01_sub_0', port 'A[27]' is not connected to any nets. (LINT-28)
Warning: In design 'converter_i2f_DW01_sub_0', port 'A[26]' is not connected to any nets. (LINT-28)
Warning: In design 'converter_i2f_DW01_sub_0', port 'A[25]' is not connected to any nets. (LINT-28)
Warning: In design 'converter_i2f_DW01_sub_0', port 'A[24]' is not connected to any nets. (LINT-28)
Warning: In design 'converter_i2f_DW01_sub_0', port 'A[23]' is not connected to any nets. (LINT-28)
Warning: In design 'converter_i2f_DW01_sub_0', port 'A[22]' is not connected to any nets. (LINT-28)
Warning: In design 'converter_i2f_DW01_sub_0', port 'A[21]' is not connected to any nets. (LINT-28)
Warning: In design 'converter_i2f_DW01_sub_0', port 'A[20]' is not connected to any nets. (LINT-28)
Warning: In design 'converter_i2f_DW01_sub_0', port 'A[19]' is not connected to any nets. (LINT-28)
Warning: In design 'converter_i2f_DW01_sub_0', port 'A[18]' is not connected to any nets. (LINT-28)
Warning: In design 'converter_i2f_DW01_sub_0', port 'A[17]' is not connected to any nets. (LINT-28)
Warning: In design 'converter_i2f_DW01_sub_0', port 'A[16]' is not connected to any nets. (LINT-28)
Warning: In design 'converter_i2f_DW01_sub_0', port 'A[15]' is not connected to any nets. (LINT-28)
Warning: In design 'converter_i2f_DW01_sub_0', port 'A[14]' is not connected to any nets. (LINT-28)
Warning: In design 'converter_i2f_DW01_sub_0', port 'A[13]' is not connected to any nets. (LINT-28)
Warning: In design 'converter_i2f_DW01_sub_0', port 'A[12]' is not connected to any nets. (LINT-28)
Warning: In design 'converter_i2f_DW01_sub_0', port 'A[11]' is not connected to any nets. (LINT-28)
Warning: In design 'converter_i2f_DW01_sub_0', port 'A[10]' is not connected to any nets. (LINT-28)
Warning: In design 'converter_i2f_DW01_sub_0', port 'A[9]' is not connected to any nets. (LINT-28)
Warning: In design 'converter_i2f_DW01_sub_0', port 'A[8]' is not connected to any nets. (LINT-28)
Warning: In design 'converter_i2f_DW01_sub_0', port 'A[7]' is not connected to any nets. (LINT-28)
Warning: In design 'converter_i2f_DW01_sub_0', port 'A[6]' is not connected to any nets. (LINT-28)
Warning: In design 'converter_i2f_DW01_sub_0', port 'A[5]' is not connected to any nets. (LINT-28)
Warning: In design 'converter_i2f_DW01_sub_0', port 'A[4]' is not connected to any nets. (LINT-28)
Warning: In design 'converter_i2f_DW01_sub_0', port 'A[3]' is not connected to any nets. (LINT-28)
Warning: In design 'converter_i2f_DW01_sub_0', port 'A[2]' is not connected to any nets. (LINT-28)
Warning: In design 'converter_i2f_DW01_sub_0', port 'A[1]' is not connected to any nets. (LINT-28)
Warning: In design 'converter_i2f_DW01_sub_0', port 'A[0]' is not connected to any nets. (LINT-28)
Warning: In design 'converter_i2f_DW01_sub_0', port 'B[7]' is not connected to any nets. (LINT-28)
Warning: In design 'converter_i2f_DW01_sub_0', port 'B[6]' is not connected to any nets. (LINT-28)
Warning: In design 'converter_i2f_DW01_sub_0', port 'B[5]' is not connected to any nets. (LINT-28)
Warning: In design 'converter_i2f_DW01_sub_0', port 'B[4]' is not connected to any nets. (LINT-28)
Warning: In design 'converter_i2f_DW01_sub_0', port 'B[3]' is not connected to any nets. (LINT-28)
Warning: In design 'converter_i2f_DW01_sub_0', port 'B[2]' is not connected to any nets. (LINT-28)
Warning: In design 'converter_i2f_DW01_sub_0', port 'B[1]' is not connected to any nets. (LINT-28)
Warning: In design 'converter_i2f_DW01_sub_0', port 'B[0]' is not connected to any nets. (LINT-28)
Warning: In design 'converter_i2f_DW01_sub_0', port 'CI' is not connected to any nets. (LINT-28)
Warning: In design 'converter_i2f_DW01_sub_0', port 'DIFF[7]' is not connected to any nets. (LINT-28)
Warning: In design 'converter_i2f_DW01_sub_0', port 'DIFF[6]' is not connected to any nets. (LINT-28)
Warning: In design 'converter_i2f_DW01_sub_0', port 'DIFF[5]' is not connected to any nets. (LINT-28)
Warning: In design 'converter_i2f_DW01_sub_0', port 'DIFF[4]' is not connected to any nets. (LINT-28)
Warning: In design 'converter_i2f_DW01_sub_0', port 'DIFF[3]' is not connected to any nets. (LINT-28)
Warning: In design 'converter_i2f_DW01_sub_0', port 'DIFF[2]' is not connected to any nets. (LINT-28)
Warning: In design 'converter_i2f_DW01_sub_0', port 'DIFF[1]' is not connected to any nets. (LINT-28)
Warning: In design 'converter_i2f_DW01_sub_0', port 'DIFF[0]' is not connected to any nets. (LINT-28)
Warning: In design 'converter_i2f_DW01_sub_0', port 'CO' is not connected to any nets. (LINT-28)
Warning: In design 'float_multiplier_5', port 'i_A[31]' is not connected to any nets. (LINT-28)
Warning: In design 'float_multiplier_5', port 'i_A[30]' is not connected to any nets. (LINT-28)
Warning: In design 'float_multiplier_5', port 'i_A[21]' is not connected to any nets. (LINT-28)
Warning: In design 'float_multiplier_5', port 'i_A[18]' is not connected to any nets. (LINT-28)
Warning: In design 'float_multiplier_5', port 'i_A[13]' is not connected to any nets. (LINT-28)
Warning: In design 'float_multiplier_4', port 'i_A[30]' is not connected to any nets. (LINT-28)
Warning: In design 'float_multiplier_4', port 'i_A[23]' is not connected to any nets. (LINT-28)
Warning: In design 'float_multiplier_4', port 'i_A[18]' is not connected to any nets. (LINT-28)
Warning: In design 'float_multiplier_4', port 'i_A[15]' is not connected to any nets. (LINT-28)
Warning: In design 'float_multiplier_4', port 'i_A[12]' is not connected to any nets. (LINT-28)
Warning: In design 'float_multiplier_4', port 'i_A[9]' is not connected to any nets. (LINT-28)
Warning: In design 'float_multiplier_2', port 'i_A[30]' is not connected to any nets. (LINT-28)
Warning: In design 'float_multiplier_2', port 'i_A[23]' is not connected to any nets. (LINT-28)
Warning: In design 'float_multiplier_2', port 'i_A[16]' is not connected to any nets. (LINT-28)
Warning: In design 'float_multiplier_2', port 'i_A[11]' is not connected to any nets. (LINT-28)
Warning: In design 'float_multiplier_2', port 'i_A[2]' is not connected to any nets. (LINT-28)
Warning: In design 'float_multiplier_1', port 'i_A[30]' is not connected to any nets. (LINT-28)
Warning: In design 'float_multiplier_0', port 'i_A[31]' is not connected to any nets. (LINT-28)
Warning: In design 'float_multiplier_0', port 'i_A[30]' is not connected to any nets. (LINT-28)
Warning: In design 'float_multiplier_0', port 'i_A[23]' is not connected to any nets. (LINT-28)
Warning: In design 'float_multiplier_0', port 'i_A[20]' is not connected to any nets. (LINT-28)
Warning: In design 'float_multiplier_0', port 'i_A[19]' is not connected to any nets. (LINT-28)
Warning: In design 'float_multiplier_0', port 'i_A[18]' is not connected to any nets. (LINT-28)
Warning: In design 'float_multiplier_0', port 'i_A[15]' is not connected to any nets. (LINT-28)
Warning: In design 'float_multiplier_0', port 'i_A[12]' is not connected to any nets. (LINT-28)
Warning: In design 'float_multiplier_0', port 'i_A[10]' is not connected to any nets. (LINT-28)
Warning: In design 'float_multiplier_0', port 'i_A[4]' is not connected to any nets. (LINT-28)
Warning: In design 'float_multiplier_0', port 'i_A[3]' is not connected to any nets. (LINT-28)
Warning: In design 'float_multiplier_0', port 'i_A[2]' is not connected to any nets. (LINT-28)
Warning: In design 'converter_f2i_DW01_sub_0', port 'A[31]' is not connected to any nets. (LINT-28)
Warning: In design 'converter_f2i_DW01_sub_0', port 'A[30]' is not connected to any nets. (LINT-28)
Warning: In design 'converter_f2i_DW01_sub_0', port 'A[29]' is not connected to any nets. (LINT-28)
Warning: In design 'converter_f2i_DW01_sub_0', port 'A[28]' is not connected to any nets. (LINT-28)
Warning: In design 'converter_f2i_DW01_sub_0', port 'A[27]' is not connected to any nets. (LINT-28)
Warning: In design 'converter_f2i_DW01_sub_0', port 'A[26]' is not connected to any nets. (LINT-28)
Warning: In design 'converter_f2i_DW01_sub_0', port 'A[25]' is not connected to any nets. (LINT-28)
Warning: In design 'converter_f2i_DW01_sub_0', port 'A[24]' is not connected to any nets. (LINT-28)
Warning: In design 'converter_f2i_DW01_sub_0', port 'A[23]' is not connected to any nets. (LINT-28)
Warning: In design 'converter_f2i_DW01_sub_0', port 'A[22]' is not connected to any nets. (LINT-28)
Warning: In design 'converter_f2i_DW01_sub_0', port 'A[21]' is not connected to any nets. (LINT-28)
Warning: In design 'converter_f2i_DW01_sub_0', port 'A[20]' is not connected to any nets. (LINT-28)
Warning: In design 'converter_f2i_DW01_sub_0', port 'A[19]' is not connected to any nets. (LINT-28)
Warning: In design 'converter_f2i_DW01_sub_0', port 'A[18]' is not connected to any nets. (LINT-28)
Warning: In design 'converter_f2i_DW01_sub_0', port 'A[17]' is not connected to any nets. (LINT-28)
Warning: In design 'converter_f2i_DW01_sub_0', port 'A[16]' is not connected to any nets. (LINT-28)
Warning: In design 'converter_f2i_DW01_sub_0', port 'A[15]' is not connected to any nets. (LINT-28)
Warning: In design 'converter_f2i_DW01_sub_0', port 'A[14]' is not connected to any nets. (LINT-28)
Warning: In design 'converter_f2i_DW01_sub_0', port 'A[13]' is not connected to any nets. (LINT-28)
Warning: In design 'converter_f2i_DW01_sub_0', port 'A[12]' is not connected to any nets. (LINT-28)
Warning: In design 'converter_f2i_DW01_sub_0', port 'A[11]' is not connected to any nets. (LINT-28)
Warning: In design 'converter_f2i_DW01_sub_0', port 'A[10]' is not connected to any nets. (LINT-28)
Warning: In design 'converter_f2i_DW01_sub_0', port 'A[9]' is not connected to any nets. (LINT-28)
Warning: In design 'converter_f2i_DW01_sub_0', port 'A[8]' is not connected to any nets. (LINT-28)
Warning: In design 'converter_f2i_DW01_sub_0', port 'A[7]' is not connected to any nets. (LINT-28)
Warning: In design 'converter_f2i_DW01_sub_0', port 'A[6]' is not connected to any nets. (LINT-28)
Warning: In design 'converter_f2i_DW01_sub_0', port 'A[5]' is not connected to any nets. (LINT-28)
Warning: In design 'converter_f2i_DW01_sub_0', port 'A[4]' is not connected to any nets. (LINT-28)
Warning: In design 'converter_f2i_DW01_sub_0', port 'A[3]' is not connected to any nets. (LINT-28)
Warning: In design 'converter_f2i_DW01_sub_0', port 'A[2]' is not connected to any nets. (LINT-28)
Warning: In design 'converter_f2i_DW01_sub_0', port 'A[1]' is not connected to any nets. (LINT-28)
Warning: In design 'converter_f2i_DW01_sub_0', port 'A[0]' is not connected to any nets. (LINT-28)
Warning: In design 'converter_f2i_DW01_sub_0', port 'CI' is not connected to any nets. (LINT-28)
Warning: In design 'converter_f2i_DW01_sub_0', port 'DIFF[7]' is not connected to any nets. (LINT-28)
Warning: In design 'converter_f2i_DW01_sub_0', port 'DIFF[6]' is not connected to any nets. (LINT-28)
Warning: In design 'converter_f2i_DW01_sub_0', port 'DIFF[5]' is not connected to any nets. (LINT-28)
Warning: In design 'converter_f2i_DW01_sub_0', port 'DIFF[4]' is not connected to any nets. (LINT-28)
Warning: In design 'converter_f2i_DW01_sub_0', port 'DIFF[3]' is not connected to any nets. (LINT-28)
Warning: In design 'converter_f2i_DW01_sub_0', port 'DIFF[2]' is not connected to any nets. (LINT-28)
Warning: In design 'converter_f2i_DW01_sub_0', port 'DIFF[1]' is not connected to any nets. (LINT-28)
Warning: In design 'converter_f2i_DW01_sub_0', port 'DIFF[0]' is not connected to any nets. (LINT-28)
Warning: In design 'converter_f2i_DW01_sub_0', port 'CO' is not connected to any nets. (LINT-28)
Warning: In design 'float_adder_3_DW_cmp_6', port 'TC' is not connected to any nets. (LINT-28)
Warning: In design 'float_adder_3_DW_cmp_6', port 'GE_LT' is not connected to any nets. (LINT-28)
Warning: In design 'float_adder_3_DW_cmp_6', port 'GE_GT_EQ' is not connected to any nets. (LINT-28)
Warning: In design 'float_adder_3_DW_cmp_6', port 'EQ_NE' is not connected to any nets. (LINT-28)
Warning: In design 'float_adder_2_DW_cmp_6', port 'TC' is not connected to any nets. (LINT-28)
Warning: In design 'float_adder_2_DW_cmp_6', port 'GE_LT' is not connected to any nets. (LINT-28)
Warning: In design 'float_adder_2_DW_cmp_6', port 'GE_GT_EQ' is not connected to any nets. (LINT-28)
Warning: In design 'float_adder_2_DW_cmp_6', port 'EQ_NE' is not connected to any nets. (LINT-28)
Warning: In design 'float_adder_1_DW_cmp_6', port 'TC' is not connected to any nets. (LINT-28)
Warning: In design 'float_adder_1_DW_cmp_6', port 'GE_LT' is not connected to any nets. (LINT-28)
Warning: In design 'float_adder_1_DW_cmp_6', port 'GE_GT_EQ' is not connected to any nets. (LINT-28)
Warning: In design 'float_adder_1_DW_cmp_6', port 'EQ_NE' is not connected to any nets. (LINT-28)
Warning: In design 'float_adder_0_DW_cmp_6', port 'TC' is not connected to any nets. (LINT-28)
Warning: In design 'float_adder_0_DW_cmp_6', port 'GE_LT' is not connected to any nets. (LINT-28)
Warning: In design 'float_adder_0_DW_cmp_6', port 'GE_GT_EQ' is not connected to any nets. (LINT-28)
Warning: In design 'float_adder_0_DW_cmp_6', port 'EQ_NE' is not connected to any nets. (LINT-28)
Warning: In design 'khu_sensor_top', a pin on submodule 'uart_controller' is connected to logic 1 or logic 0. (LINT-32)
   Pin 'i_UART_DATA_TX[52]' is connected to logic 0. 
Warning: In design 'khu_sensor_top', a pin on submodule 'uart_controller' is connected to logic 1 or logic 0. (LINT-32)
   Pin 'i_UART_DATA_TX[23]' is connected to logic 0. 
Warning: In design 'khu_sensor_top', a pin on submodule 'uart_controller' is connected to logic 1 or logic 0. (LINT-32)
   Pin 'i_UART_DATA_TX[22]' is connected to logic 0. 
Warning: In design 'khu_sensor_top', a pin on submodule 'uart_controller' is connected to logic 1 or logic 0. (LINT-32)
   Pin 'i_UART_DATA_TX[21]' is connected to logic 0. 
Warning: In design 'khu_sensor_top', a pin on submodule 'uart_controller' is connected to logic 1 or logic 0. (LINT-32)
   Pin 'i_UART_DATA_TX[20]' is connected to logic 0. 
Warning: In design 'khu_sensor_top', a pin on submodule 'uart_controller' is connected to logic 1 or logic 0. (LINT-32)
   Pin 'i_UART_DATA_TX[6]' is connected to logic 0. 
Warning: In design 'khu_sensor_top', a pin on submodule 'uart_controller' is connected to logic 1 or logic 0. (LINT-32)
   Pin 'i_UART_DATA_TX[2]' is connected to logic 0. 
Warning: In design 'khu_sensor_top', a pin on submodule 'uart_controller' is connected to logic 1 or logic 0. (LINT-32)
   Pin 'i_CORE_BUSY' is connected to logic 0. 
Warning: In design 'khu_sensor_top', a pin on submodule 'mpr121_controller' is connected to logic 1 or logic 0. (LINT-32)
   Pin 'i_MPR121_DATA_IN[5]' is connected to logic 0. 
Warning: In design 'ads1292_filter', a pin on submodule 'converter_i2f' is connected to logic 1 or logic 0. (LINT-32)
   Pin 'i_A[7]' is connected to logic 0. 
Warning: In design 'ads1292_filter', a pin on submodule 'converter_i2f' is connected to logic 1 or logic 0. (LINT-32)
   Pin 'i_A[6]' is connected to logic 0. 
Warning: In design 'ads1292_filter', a pin on submodule 'converter_i2f' is connected to logic 1 or logic 0. (LINT-32)
   Pin 'i_A[5]' is connected to logic 0. 
Warning: In design 'ads1292_filter', a pin on submodule 'converter_i2f' is connected to logic 1 or logic 0. (LINT-32)
   Pin 'i_A[4]' is connected to logic 0. 
Warning: In design 'ads1292_filter', a pin on submodule 'converter_i2f' is connected to logic 1 or logic 0. (LINT-32)
   Pin 'i_A[3]' is connected to logic 0. 
Warning: In design 'ads1292_filter', a pin on submodule 'converter_i2f' is connected to logic 1 or logic 0. (LINT-32)
   Pin 'i_A[2]' is connected to logic 0. 
Warning: In design 'ads1292_filter', a pin on submodule 'converter_i2f' is connected to logic 1 or logic 0. (LINT-32)
   Pin 'i_A[1]' is connected to logic 0. 
Warning: In design 'ads1292_filter', a pin on submodule 'converter_i2f' is connected to logic 1 or logic 0. (LINT-32)
   Pin 'i_A[0]' is connected to logic 0. 
Warning: In design 'converter_i2f', a pin on submodule 'sub_x_1' is connected to logic 1 or logic 0. (LINT-32)
   Pin 'A[31]' is connected to logic 0. 
Warning: In design 'converter_i2f', a pin on submodule 'sub_x_1' is connected to logic 1 or logic 0. (LINT-32)
   Pin 'A[30]' is connected to logic 0. 
Warning: In design 'converter_i2f', a pin on submodule 'sub_x_1' is connected to logic 1 or logic 0. (LINT-32)
   Pin 'A[29]' is connected to logic 0. 
Warning: In design 'converter_i2f', a pin on submodule 'sub_x_1' is connected to logic 1 or logic 0. (LINT-32)
   Pin 'A[28]' is connected to logic 0. 
Warning: In design 'converter_i2f', a pin on submodule 'sub_x_1' is connected to logic 1 or logic 0. (LINT-32)
   Pin 'A[27]' is connected to logic 0. 
Warning: In design 'converter_i2f', a pin on submodule 'sub_x_1' is connected to logic 1 or logic 0. (LINT-32)
   Pin 'A[26]' is connected to logic 0. 
Warning: In design 'converter_i2f', a pin on submodule 'sub_x_1' is connected to logic 1 or logic 0. (LINT-32)
   Pin 'A[25]' is connected to logic 0. 
Warning: In design 'converter_i2f', a pin on submodule 'sub_x_1' is connected to logic 1 or logic 0. (LINT-32)
   Pin 'A[24]' is connected to logic 0. 
Warning: In design 'converter_i2f', a pin on submodule 'sub_x_1' is connected to logic 1 or logic 0. (LINT-32)
   Pin 'A[23]' is connected to logic 0. 
Warning: In design 'converter_i2f', a pin on submodule 'sub_x_1' is connected to logic 1 or logic 0. (LINT-32)
   Pin 'A[22]' is connected to logic 0. 
Warning: In design 'converter_i2f', a pin on submodule 'sub_x_1' is connected to logic 1 or logic 0. (LINT-32)
   Pin 'A[21]' is connected to logic 0. 
Warning: In design 'converter_i2f', a pin on submodule 'sub_x_1' is connected to logic 1 or logic 0. (LINT-32)
   Pin 'A[20]' is connected to logic 0. 
Warning: In design 'converter_i2f', a pin on submodule 'sub_x_1' is connected to logic 1 or logic 0. (LINT-32)
   Pin 'A[19]' is connected to logic 0. 
Warning: In design 'converter_i2f', a pin on submodule 'sub_x_1' is connected to logic 1 or logic 0. (LINT-32)
   Pin 'A[18]' is connected to logic 0. 
Warning: In design 'converter_i2f', a pin on submodule 'sub_x_1' is connected to logic 1 or logic 0. (LINT-32)
   Pin 'A[17]' is connected to logic 0. 
Warning: In design 'converter_i2f', a pin on submodule 'sub_x_1' is connected to logic 1 or logic 0. (LINT-32)
   Pin 'A[16]' is connected to logic 0. 
Warning: In design 'converter_i2f', a pin on submodule 'sub_x_1' is connected to logic 1 or logic 0. (LINT-32)
   Pin 'A[15]' is connected to logic 0. 
Warning: In design 'converter_i2f', a pin on submodule 'sub_x_1' is connected to logic 1 or logic 0. (LINT-32)
   Pin 'A[14]' is connected to logic 0. 
Warning: In design 'converter_i2f', a pin on submodule 'sub_x_1' is connected to logic 1 or logic 0. (LINT-32)
   Pin 'A[13]' is connected to logic 0. 
Warning: In design 'converter_i2f', a pin on submodule 'sub_x_1' is connected to logic 1 or logic 0. (LINT-32)
   Pin 'A[12]' is connected to logic 0. 
Warning: In design 'converter_i2f', a pin on submodule 'sub_x_1' is connected to logic 1 or logic 0. (LINT-32)
   Pin 'A[11]' is connected to logic 0. 
Warning: In design 'converter_i2f', a pin on submodule 'sub_x_1' is connected to logic 1 or logic 0. (LINT-32)
   Pin 'A[10]' is connected to logic 0. 
Warning: In design 'converter_i2f', a pin on submodule 'sub_x_1' is connected to logic 1 or logic 0. (LINT-32)
   Pin 'A[9]' is connected to logic 0. 
Warning: In design 'converter_i2f', a pin on submodule 'sub_x_1' is connected to logic 1 or logic 0. (LINT-32)
   Pin 'A[8]' is connected to logic 0. 
Warning: In design 'converter_i2f', a pin on submodule 'sub_x_1' is connected to logic 1 or logic 0. (LINT-32)
   Pin 'A[7]' is connected to logic 0. 
Warning: In design 'converter_i2f', a pin on submodule 'sub_x_1' is connected to logic 1 or logic 0. (LINT-32)
   Pin 'A[6]' is connected to logic 0. 
Warning: In design 'converter_i2f', a pin on submodule 'sub_x_1' is connected to logic 1 or logic 0. (LINT-32)
   Pin 'A[5]' is connected to logic 0. 
Warning: In design 'converter_i2f', a pin on submodule 'sub_x_1' is connected to logic 1 or logic 0. (LINT-32)
   Pin 'A[4]' is connected to logic 0. 
Warning: In design 'converter_i2f', a pin on submodule 'sub_x_1' is connected to logic 1 or logic 0. (LINT-32)
   Pin 'A[3]' is connected to logic 0. 
Warning: In design 'converter_i2f', a pin on submodule 'sub_x_1' is connected to logic 1 or logic 0. (LINT-32)
   Pin 'A[2]' is connected to logic 0. 
Warning: In design 'converter_i2f', a pin on submodule 'sub_x_1' is connected to logic 1 or logic 0. (LINT-32)
   Pin 'A[1]' is connected to logic 0. 
Warning: In design 'converter_i2f', a pin on submodule 'sub_x_1' is connected to logic 1 or logic 0. (LINT-32)
   Pin 'A[0]' is connected to logic 0. 
Warning: In design 'converter_i2f', a pin on submodule 'sub_x_1' is connected to logic 1 or logic 0. (LINT-32)
   Pin 'B[7]' is connected to logic 0. 
Warning: In design 'converter_i2f', a pin on submodule 'sub_x_1' is connected to logic 1 or logic 0. (LINT-32)
   Pin 'B[6]' is connected to logic 0. 
Warning: In design 'converter_i2f', a pin on submodule 'sub_x_1' is connected to logic 1 or logic 0. (LINT-32)
   Pin 'B[5]' is connected to logic 0. 
Warning: In design 'converter_i2f', a pin on submodule 'sub_x_1' is connected to logic 1 or logic 0. (LINT-32)
   Pin 'B[4]' is connected to logic 0. 
Warning: In design 'converter_i2f', a pin on submodule 'sub_x_1' is connected to logic 1 or logic 0. (LINT-32)
   Pin 'B[3]' is connected to logic 0. 
Warning: In design 'converter_i2f', a pin on submodule 'sub_x_1' is connected to logic 1 or logic 0. (LINT-32)
   Pin 'B[2]' is connected to logic 0. 
Warning: In design 'converter_i2f', a pin on submodule 'sub_x_1' is connected to logic 1 or logic 0. (LINT-32)
   Pin 'B[1]' is connected to logic 0. 
Warning: In design 'converter_i2f', a pin on submodule 'sub_x_1' is connected to logic 1 or logic 0. (LINT-32)
   Pin 'B[0]' is connected to logic 0. 
Warning: In design 'converter_i2f', a pin on submodule 'sub_x_1' is connected to logic 1 or logic 0. (LINT-32)
   Pin 'CI' is connected to logic 0. 
Warning: In design 'iir_lpf', a pin on submodule 'mult_1' is connected to logic 1 or logic 0. (LINT-32)
   Pin 'i_A[31]' is connected to logic 0. 
Warning: In design 'iir_lpf', a pin on submodule 'mult_1' is connected to logic 1 or logic 0. (LINT-32)
   Pin 'i_A[30]' is connected to logic 0. 
Warning: In design 'iir_lpf', a pin on submodule 'mult_1' is connected to logic 1 or logic 0. (LINT-32)
   Pin 'i_A[21]' is connected to logic 0. 
Warning: In design 'iir_lpf', a pin on submodule 'mult_1' is connected to logic 1 or logic 0. (LINT-32)
   Pin 'i_A[18]' is connected to logic 0. 
Warning: In design 'iir_lpf', a pin on submodule 'mult_1' is connected to logic 1 or logic 0. (LINT-32)
   Pin 'i_A[13]' is connected to logic 0. 
Warning: In design 'iir_lpf', a pin on submodule 'mult_2' is connected to logic 1 or logic 0. (LINT-32)
   Pin 'i_A[30]' is connected to logic 0. 
Warning: In design 'iir_lpf', a pin on submodule 'mult_2' is connected to logic 1 or logic 0. (LINT-32)
   Pin 'i_A[23]' is connected to logic 0. 
Warning: In design 'iir_lpf', a pin on submodule 'mult_2' is connected to logic 1 or logic 0. (LINT-32)
   Pin 'i_A[18]' is connected to logic 0. 
Warning: In design 'iir_lpf', a pin on submodule 'mult_2' is connected to logic 1 or logic 0. (LINT-32)
   Pin 'i_A[15]' is connected to logic 0. 
Warning: In design 'iir_lpf', a pin on submodule 'mult_2' is connected to logic 1 or logic 0. (LINT-32)
   Pin 'i_A[12]' is connected to logic 0. 
Warning: In design 'iir_lpf', a pin on submodule 'mult_2' is connected to logic 1 or logic 0. (LINT-32)
   Pin 'i_A[9]' is connected to logic 0. 
Warning: In design 'iir_notch', a pin on submodule 'mult_2' is connected to logic 1 or logic 0. (LINT-32)
   Pin 'i_A[30]' is connected to logic 0. 
Warning: In design 'iir_notch', a pin on submodule 'mult_2' is connected to logic 1 or logic 0. (LINT-32)
   Pin 'i_A[23]' is connected to logic 0. 
Warning: In design 'iir_notch', a pin on submodule 'mult_2' is connected to logic 1 or logic 0. (LINT-32)
   Pin 'i_A[16]' is connected to logic 0. 
Warning: In design 'iir_notch', a pin on submodule 'mult_2' is connected to logic 1 or logic 0. (LINT-32)
   Pin 'i_A[11]' is connected to logic 0. 
Warning: In design 'iir_notch', a pin on submodule 'mult_2' is connected to logic 1 or logic 0. (LINT-32)
   Pin 'i_A[2]' is connected to logic 0. 
Warning: In design 'iir_notch', a pin on submodule 'mult_3' is connected to logic 1 or logic 0. (LINT-32)
   Pin 'i_A[30]' is connected to logic 0. 
Warning: In design 'iir_hpf', a pin on submodule 'mult' is connected to logic 1 or logic 0. (LINT-32)
   Pin 'i_A[31]' is connected to logic 0. 
Warning: In design 'iir_hpf', a pin on submodule 'mult' is connected to logic 1 or logic 0. (LINT-32)
   Pin 'i_A[30]' is connected to logic 0. 
Warning: In design 'iir_hpf', a pin on submodule 'mult' is connected to logic 1 or logic 0. (LINT-32)
   Pin 'i_A[23]' is connected to logic 0. 
Warning: In design 'iir_hpf', a pin on submodule 'mult' is connected to logic 1 or logic 0. (LINT-32)
   Pin 'i_A[20]' is connected to logic 0. 
Warning: In design 'iir_hpf', a pin on submodule 'mult' is connected to logic 1 or logic 0. (LINT-32)
   Pin 'i_A[19]' is connected to logic 0. 
Warning: In design 'iir_hpf', a pin on submodule 'mult' is connected to logic 1 or logic 0. (LINT-32)
   Pin 'i_A[18]' is connected to logic 0. 
Warning: In design 'iir_hpf', a pin on submodule 'mult' is connected to logic 1 or logic 0. (LINT-32)
   Pin 'i_A[15]' is connected to logic 0. 
Warning: In design 'iir_hpf', a pin on submodule 'mult' is connected to logic 1 or logic 0. (LINT-32)
   Pin 'i_A[12]' is connected to logic 0. 
Warning: In design 'iir_hpf', a pin on submodule 'mult' is connected to logic 1 or logic 0. (LINT-32)
   Pin 'i_A[10]' is connected to logic 0. 
Warning: In design 'iir_hpf', a pin on submodule 'mult' is connected to logic 1 or logic 0. (LINT-32)
   Pin 'i_A[4]' is connected to logic 0. 
Warning: In design 'iir_hpf', a pin on submodule 'mult' is connected to logic 1 or logic 0. (LINT-32)
   Pin 'i_A[3]' is connected to logic 0. 
Warning: In design 'iir_hpf', a pin on submodule 'mult' is connected to logic 1 or logic 0. (LINT-32)
   Pin 'i_A[2]' is connected to logic 0. 
Warning: In design 'converter_f2i', a pin on submodule 'sub_x_3' is connected to logic 1 or logic 0. (LINT-32)
   Pin 'A[31]' is connected to logic 0. 
Warning: In design 'converter_f2i', a pin on submodule 'sub_x_3' is connected to logic 1 or logic 0. (LINT-32)
   Pin 'A[30]' is connected to logic 0. 
Warning: In design 'converter_f2i', a pin on submodule 'sub_x_3' is connected to logic 1 or logic 0. (LINT-32)
   Pin 'A[29]' is connected to logic 0. 
Warning: In design 'converter_f2i', a pin on submodule 'sub_x_3' is connected to logic 1 or logic 0. (LINT-32)
   Pin 'A[28]' is connected to logic 0. 
Warning: In design 'converter_f2i', a pin on submodule 'sub_x_3' is connected to logic 1 or logic 0. (LINT-32)
   Pin 'A[27]' is connected to logic 0. 
Warning: In design 'converter_f2i', a pin on submodule 'sub_x_3' is connected to logic 1 or logic 0. (LINT-32)
   Pin 'A[26]' is connected to logic 0. 
Warning: In design 'converter_f2i', a pin on submodule 'sub_x_3' is connected to logic 1 or logic 0. (LINT-32)
   Pin 'A[25]' is connected to logic 0. 
Warning: In design 'converter_f2i', a pin on submodule 'sub_x_3' is connected to logic 1 or logic 0. (LINT-32)
   Pin 'A[24]' is connected to logic 0. 
Warning: In design 'converter_f2i', a pin on submodule 'sub_x_3' is connected to logic 1 or logic 0. (LINT-32)
   Pin 'A[23]' is connected to logic 0. 
Warning: In design 'converter_f2i', a pin on submodule 'sub_x_3' is connected to logic 1 or logic 0. (LINT-32)
   Pin 'A[22]' is connected to logic 0. 
Warning: In design 'converter_f2i', a pin on submodule 'sub_x_3' is connected to logic 1 or logic 0. (LINT-32)
   Pin 'A[21]' is connected to logic 0. 
Warning: In design 'converter_f2i', a pin on submodule 'sub_x_3' is connected to logic 1 or logic 0. (LINT-32)
   Pin 'A[20]' is connected to logic 0. 
Warning: In design 'converter_f2i', a pin on submodule 'sub_x_3' is connected to logic 1 or logic 0. (LINT-32)
   Pin 'A[19]' is connected to logic 0. 
Warning: In design 'converter_f2i', a pin on submodule 'sub_x_3' is connected to logic 1 or logic 0. (LINT-32)
   Pin 'A[18]' is connected to logic 0. 
Warning: In design 'converter_f2i', a pin on submodule 'sub_x_3' is connected to logic 1 or logic 0. (LINT-32)
   Pin 'A[17]' is connected to logic 0. 
Warning: In design 'converter_f2i', a pin on submodule 'sub_x_3' is connected to logic 1 or logic 0. (LINT-32)
   Pin 'A[16]' is connected to logic 0. 
Warning: In design 'converter_f2i', a pin on submodule 'sub_x_3' is connected to logic 1 or logic 0. (LINT-32)
   Pin 'A[15]' is connected to logic 0. 
Warning: In design 'converter_f2i', a pin on submodule 'sub_x_3' is connected to logic 1 or logic 0. (LINT-32)
   Pin 'A[14]' is connected to logic 0. 
Warning: In design 'converter_f2i', a pin on submodule 'sub_x_3' is connected to logic 1 or logic 0. (LINT-32)
   Pin 'A[13]' is connected to logic 0. 
Warning: In design 'converter_f2i', a pin on submodule 'sub_x_3' is connected to logic 1 or logic 0. (LINT-32)
   Pin 'A[12]' is connected to logic 0. 
Warning: In design 'converter_f2i', a pin on submodule 'sub_x_3' is connected to logic 1 or logic 0. (LINT-32)
   Pin 'A[11]' is connected to logic 0. 
Warning: In design 'converter_f2i', a pin on submodule 'sub_x_3' is connected to logic 1 or logic 0. (LINT-32)
   Pin 'A[10]' is connected to logic 0. 
Warning: In design 'converter_f2i', a pin on submodule 'sub_x_3' is connected to logic 1 or logic 0. (LINT-32)
   Pin 'A[9]' is connected to logic 0. 
Warning: In design 'converter_f2i', a pin on submodule 'sub_x_3' is connected to logic 1 or logic 0. (LINT-32)
   Pin 'A[8]' is connected to logic 0. 
Warning: In design 'converter_f2i', a pin on submodule 'sub_x_3' is connected to logic 1 or logic 0. (LINT-32)
   Pin 'A[7]' is connected to logic 0. 
Warning: In design 'converter_f2i', a pin on submodule 'sub_x_3' is connected to logic 1 or logic 0. (LINT-32)
   Pin 'A[6]' is connected to logic 0. 
Warning: In design 'converter_f2i', a pin on submodule 'sub_x_3' is connected to logic 1 or logic 0. (LINT-32)
   Pin 'A[5]' is connected to logic 0. 
Warning: In design 'converter_f2i', a pin on submodule 'sub_x_3' is connected to logic 1 or logic 0. (LINT-32)
   Pin 'A[4]' is connected to logic 0. 
Warning: In design 'converter_f2i', a pin on submodule 'sub_x_3' is connected to logic 1 or logic 0. (LINT-32)
   Pin 'A[3]' is connected to logic 0. 
Warning: In design 'converter_f2i', a pin on submodule 'sub_x_3' is connected to logic 1 or logic 0. (LINT-32)
   Pin 'A[2]' is connected to logic 0. 
Warning: In design 'converter_f2i', a pin on submodule 'sub_x_3' is connected to logic 1 or logic 0. (LINT-32)
   Pin 'A[1]' is connected to logic 0. 
Warning: In design 'converter_f2i', a pin on submodule 'sub_x_3' is connected to logic 1 or logic 0. (LINT-32)
   Pin 'A[0]' is connected to logic 0. 
Warning: In design 'converter_f2i', a pin on submodule 'sub_x_3' is connected to logic 1 or logic 0. (LINT-32)
   Pin 'CI' is connected to logic 0. 
Warning: In design 'float_adder_3', a pin on submodule 'gte_x_5' is connected to logic 1 or logic 0. (LINT-32)
   Pin 'TC' is connected to logic 0. 
Warning: In design 'float_adder_3', a pin on submodule 'gte_x_5' is connected to logic 1 or logic 0. (LINT-32)
   Pin 'GE_LT' is connected to logic 1. 
Warning: In design 'float_adder_3', a pin on submodule 'gte_x_5' is connected to logic 1 or logic 0. (LINT-32)
   Pin 'GE_GT_EQ' is connected to logic 1. 
Warning: In design 'float_adder_2', a pin on submodule 'gte_x_5' is connected to logic 1 or logic 0. (LINT-32)
   Pin 'TC' is connected to logic 0. 
Warning: In design 'float_adder_2', a pin on submodule 'gte_x_5' is connected to logic 1 or logic 0. (LINT-32)
   Pin 'GE_LT' is connected to logic 1. 
Warning: In design 'float_adder_2', a pin on submodule 'gte_x_5' is connected to logic 1 or logic 0. (LINT-32)
   Pin 'GE_GT_EQ' is connected to logic 1. 
Warning: In design 'float_adder_1', a pin on submodule 'gte_x_5' is connected to logic 1 or logic 0. (LINT-32)
   Pin 'TC' is connected to logic 0. 
Warning: In design 'float_adder_1', a pin on submodule 'gte_x_5' is connected to logic 1 or logic 0. (LINT-32)
   Pin 'GE_LT' is connected to logic 1. 
Warning: In design 'float_adder_1', a pin on submodule 'gte_x_5' is connected to logic 1 or logic 0. (LINT-32)
   Pin 'GE_GT_EQ' is connected to logic 1. 
Warning: In design 'float_adder_0', a pin on submodule 'gte_x_5' is connected to logic 1 or logic 0. (LINT-32)
   Pin 'TC' is connected to logic 0. 
Warning: In design 'float_adder_0', a pin on submodule 'gte_x_5' is connected to logic 1 or logic 0. (LINT-32)
   Pin 'GE_LT' is connected to logic 1. 
Warning: In design 'float_adder_0', a pin on submodule 'gte_x_5' is connected to logic 1 or logic 0. (LINT-32)
   Pin 'GE_GT_EQ' is connected to logic 1. 
Warning: In design 'khu_sensor_top', the same net is connected to more than one pin on submodule 'uart_controller'. (LINT-33)
   Net 'n2' is connected to pins 'i_UART_DATA_TX[52]', 'i_UART_DATA_TX[6]'', 'i_UART_DATA_TX[2]'.
Warning: In design 'khu_sensor_top', the same net is connected to more than one pin on submodule 'uart_controller'. (LINT-33)
   Net 'n1' is connected to pins 'i_UART_DATA_TX[23]', 'i_UART_DATA_TX[22]'', 'i_UART_DATA_TX[21]', 'i_UART_DATA_TX[20]'.
Warning: In design 'converter_i2f', the same net is connected to more than one pin on submodule 'sub_x_1'. (LINT-33)
   Net 'n201' is connected to pins 'A[31]', 'A[30]'', 'A[29]', 'A[28]', 'A[27]', 'A[26]', 'A[25]', 'A[24]', 'A[23]', 'A[22]', 'A[21]', 'A[20]', 'A[19]', 'A[18]', 'A[17]', 'A[16]', 'A[15]', 'A[14]', 'A[13]', 'A[12]', 'A[11]', 'A[10]', 'A[9]', 'A[8]', 'A[7]', 'A[6]', 'A[5]', 'A[4]', 'A[3]', 'A[2]', 'A[1]', 'CI'.
Warning: In design 'converter_f2i', the same net is connected to more than one pin on submodule 'sub_x_3'. (LINT-33)
   Net 'n203' is connected to pins 'A[31]', 'A[30]'', 'A[29]', 'A[28]', 'A[27]', 'A[26]', 'A[25]', 'A[24]', 'A[23]', 'A[22]', 'A[21]', 'A[20]', 'A[19]', 'A[18]', 'A[17]', 'A[16]', 'A[15]', 'A[14]', 'A[13]', 'A[12]', 'A[11]', 'A[10]', 'A[9]', 'A[8]', 'A[7]', 'A[6]', 'A[5]', 'A[4]', 'A[3]', 'A[2]', 'A[1]', 'CI'.
Warning: In design 'float_adder_3', the same net is connected to more than one pin on submodule 'gte_x_5'. (LINT-33)
   Net 'n509' is connected to pins 'GE_LT', 'GE_GT_EQ''.
Warning: In design 'float_adder_2', the same net is connected to more than one pin on submodule 'gte_x_5'. (LINT-33)
   Net 'n509' is connected to pins 'GE_LT', 'GE_GT_EQ''.
Warning: In design 'float_adder_1', the same net is connected to more than one pin on submodule 'gte_x_5'. (LINT-33)
   Net 'n509' is connected to pins 'GE_LT', 'GE_GT_EQ''.
Warning: In design 'float_adder_0', the same net is connected to more than one pin on submodule 'gte_x_5'. (LINT-33)
   Net 'n509' is connected to pins 'GE_LT', 'GE_GT_EQ''.
1
