 
****************************************
Report : timing
        -path full
        -delay max
        -input_pins
        -max_paths 1
Design : khu_sensor_pad
Version: L-2016.03-SP5-5
Date   : Thu Nov 19 02:28:09 2020
****************************************

 * Some/all delay information is back-annotated.

 # A fanout number of 1000 was used for high fanout net computations.

Operating Conditions: V105WTP1250   Library: std150e_wst_105_p125
Wire Load Model Mode: enclosed

  Startpoint: ADS1292_DRDY
              (input port clocked by clk)
  Endpoint: khu_sensor_top/ads1292_controller/r_drdy_edge_counter_reg[1]
            (rising edge-triggered flip-flop clocked by clk)
  Path Group: REGIN
  Path Type: max

  Point                                                   Incr       Path
  --------------------------------------------------------------------------
  clock clk (rise edge)                                   0.00       0.00
  clock network delay (ideal)                             0.75       0.75
  input external delay                                    0.35       1.10 f
  ADS1292_DRDY (in)                                       0.00       1.10 f
  pad27/PAD (phic)                                        0.00       1.10 f
  pad27/Y (phic)                                          1.32       2.42 f
  khu_sensor_top/ADS1292_DRDY (khu_sensor_top)            0.00       2.42 f
  khu_sensor_top/ads1292_controller/i_ADS1292_DRDY (ads1292_controller)
                                                          0.00       2.42 f
  khu_sensor_top/ads1292_controller/U270/A (ivd1_hd)      0.00       2.42 f
  khu_sensor_top/ads1292_controller/U270/Y (ivd1_hd)      0.13       2.55 r
  khu_sensor_top/ads1292_controller/U40/C (nd3d1_hd)      0.00       2.55 r
  khu_sensor_top/ads1292_controller/U40/Y (nd3d1_hd)      0.11       2.65 f
  khu_sensor_top/ads1292_controller/U39/D (oa211d1_hd)
                                                          0.00       2.65 f
  khu_sensor_top/ads1292_controller/U39/Y (oa211d1_hd)
                                                          0.19       2.84 r
  khu_sensor_top/ads1292_controller/U36/A (ao21d1_hd)     0.00       2.84 r
  khu_sensor_top/ads1292_controller/U36/Y (ao21d1_hd)     0.15       2.99 f
  khu_sensor_top/ads1292_controller/U35/C (ao21d1_hd)     0.00       2.99 f
  khu_sensor_top/ads1292_controller/U35/Y (ao21d1_hd)     0.12       3.11 r
  khu_sensor_top/ads1292_controller/r_drdy_edge_counter_reg[1]/D (fd2qd1_hd)
                                                          0.00       3.11 r
  data arrival time                                                  3.11

  clock clk (rise edge)                                  10.20      10.20
  clock network delay (ideal)                             0.75      10.95
  clock uncertainty                                      -0.71      10.24
  khu_sensor_top/ads1292_controller/r_drdy_edge_counter_reg[1]/CK (fd2qd1_hd)
                                                          0.00      10.24 r
  library setup time                                     -0.04      10.19
  data required time                                                10.19
  --------------------------------------------------------------------------
  data required time                                                10.19
  data arrival time                                                 -3.11
  --------------------------------------------------------------------------
  slack (MET)                                                        7.08


  Startpoint: khu_sensor_top/mpr121_controller/i2c_master/sda_o_reg_reg
              (rising edge-triggered flip-flop clocked by clk)
  Endpoint: MPR121_SDA (output port clocked by clk)
  Path Group: REGOUT
  Path Type: max

  Point                                                   Incr       Path
  --------------------------------------------------------------------------
  clock clk (rise edge)                                   0.00       0.00
  clock network delay (ideal)                             0.75       0.75
  khu_sensor_top/mpr121_controller/i2c_master/sda_o_reg_reg/CK (fd1qd1_hd)
                                                          0.00 #     0.75 r
  khu_sensor_top/mpr121_controller/i2c_master/sda_o_reg_reg/Q (fd1qd1_hd)
                                                          0.64       1.39 f
  khu_sensor_top/mpr121_controller/i2c_master/U286/A (ivd1_hd)
                                                          0.00       1.39 f
  khu_sensor_top/mpr121_controller/i2c_master/U286/Y (ivd1_hd)
                                                          0.63       2.02 r
  khu_sensor_top/mpr121_controller/i2c_master/sda_t (i2c_master)
                                                          0.00       2.02 r
  khu_sensor_top/mpr121_controller/o_I2C_SDA_EN (mpr121_controller)
                                                          0.00       2.02 r
  khu_sensor_top/MPR121_SDA_EN (khu_sensor_top)           0.00       2.02 r
  pad46/TN (phbct12)                                      0.00       2.02 r
  pad46/PAD (phbct12)                                     2.92       4.94 r
  MPR121_SDA (inout)                                      0.00       4.94 r
  data arrival time                                                  4.94

  clock clk (rise edge)                                  10.20      10.20
  clock network delay (ideal)                             0.75      10.95
  clock uncertainty                                      -0.71      10.24
  output external delay                                  -0.50       9.74
  data required time                                                 9.74
  --------------------------------------------------------------------------
  data required time                                                 9.74
  data arrival time                                                 -4.94
  --------------------------------------------------------------------------
  slack (MET)                                                        4.79


  Startpoint: khu_sensor_top/ads1292_filter/iir_notch/add_2/b_m_reg[3]
              (rising edge-triggered flip-flop clocked by clk)
  Endpoint: khu_sensor_top/ads1292_filter/iir_notch/add_2/sum_reg[27]
            (rising edge-triggered flip-flop clocked by clk)
  Path Group: clk
  Path Type: max

  Point                                                   Incr       Path
  --------------------------------------------------------------------------
  clock clk (rise edge)                                   0.00       0.00
  clock network delay (ideal)                             0.75       0.75
  khu_sensor_top/ads1292_filter/iir_notch/add_2/b_m_reg[3]/CK (fd1qd2_hd)
                                                          0.00 #     0.75 r
  khu_sensor_top/ads1292_filter/iir_notch/add_2/b_m_reg[3]/Q (fd1qd2_hd)
                                                          0.49       1.24 r
  khu_sensor_top/ads1292_filter/iir_notch/add_2/gte_x_5/B[3] (float_adder_1_DW_cmp_6)
                                                          0.00       1.24 r
  khu_sensor_top/ads1292_filter/iir_notch/add_2/gte_x_5/U132/A (ivd1_hd)
                                                          0.00       1.24 r
  khu_sensor_top/ads1292_filter/iir_notch/add_2/gte_x_5/U132/Y (ivd1_hd)
                                                          0.08       1.32 f
  khu_sensor_top/ads1292_filter/iir_notch/add_2/gte_x_5/U97/A (nr2d1_hd)
                                                          0.00       1.32 f
  khu_sensor_top/ads1292_filter/iir_notch/add_2/gte_x_5/U97/Y (nr2d1_hd)
                                                          0.12       1.44 r
  khu_sensor_top/ads1292_filter/iir_notch/add_2/gte_x_5/U95/B (nr2d1_hd)
                                                          0.00       1.44 r
  khu_sensor_top/ads1292_filter/iir_notch/add_2/gte_x_5/U95/Y (nr2d1_hd)
                                                          0.14       1.58 f
  khu_sensor_top/ads1292_filter/iir_notch/add_2/gte_x_5/U94/B (ao21d4_hd)
                                                          0.00       1.58 f
  khu_sensor_top/ads1292_filter/iir_notch/add_2/gte_x_5/U94/Y (ao21d4_hd)
                                                          0.15       1.73 r
  khu_sensor_top/ads1292_filter/iir_notch/add_2/gte_x_5/U79/A (oa21d4_hd)
                                                          0.00       1.73 r
  khu_sensor_top/ads1292_filter/iir_notch/add_2/gte_x_5/U79/Y (oa21d4_hd)
                                                          0.09       1.83 f
  khu_sensor_top/ads1292_filter/iir_notch/add_2/gte_x_5/U48/A (ao21d4_hd)
                                                          0.00       1.83 f
  khu_sensor_top/ads1292_filter/iir_notch/add_2/gte_x_5/U48/Y (ao21d4_hd)
                                                          0.12       1.94 r
  khu_sensor_top/ads1292_filter/iir_notch/add_2/gte_x_5/U156/A (oa21d4_hd)
                                                          0.00       1.94 r
  khu_sensor_top/ads1292_filter/iir_notch/add_2/gte_x_5/U156/Y (oa21d4_hd)
                                                          0.11       2.05 f
  khu_sensor_top/ads1292_filter/iir_notch/add_2/gte_x_5/GE_LT_GT_LE (float_adder_1_DW_cmp_6)
                                                          0.00       2.05 f
  khu_sensor_top/ads1292_filter/iir_notch/add_2/U65/A (nr2d8_hd)
                                                          0.00       2.05 f
  khu_sensor_top/ads1292_filter/iir_notch/add_2/U65/Y (nr2d8_hd)
                                                          0.35       2.40 r
  khu_sensor_top/ads1292_filter/iir_notch/add_2/U64/A (ivd20_hd)
                                                          0.00       2.40 r
  khu_sensor_top/ads1292_filter/iir_notch/add_2/U64/Y (ivd20_hd)
                                                          0.18       2.58 f
  khu_sensor_top/ads1292_filter/iir_notch/add_2/U698/D (ao22d1_hd)
                                                          0.00       2.58 f
  khu_sensor_top/ads1292_filter/iir_notch/add_2/U698/Y (ao22d1_hd)
                                                          0.23       2.81 r
  khu_sensor_top/ads1292_filter/iir_notch/add_2/DP_OP_46_228_9786/I2[0] (float_adder_1_DP_OP_46_228_9786_0)
                                                          0.00       2.81 r
  khu_sensor_top/ads1292_filter/iir_notch/add_2/DP_OP_46_228_9786/U75/B (clkxo2d1_hd)
                                                          0.00       2.81 r
  khu_sensor_top/ads1292_filter/iir_notch/add_2/DP_OP_46_228_9786/U75/Y (clkxo2d1_hd)
                                                          0.30       3.11 f
  khu_sensor_top/ads1292_filter/iir_notch/add_2/DP_OP_46_228_9786/U28/CI (fad1_hd)
                                                          0.00       3.11 f
  khu_sensor_top/ads1292_filter/iir_notch/add_2/DP_OP_46_228_9786/U28/CO (fad1_hd)
                                                          0.31       3.42 f
  khu_sensor_top/ads1292_filter/iir_notch/add_2/DP_OP_46_228_9786/U95/CI (fad2_hd)
                                                          0.00       3.42 f
  khu_sensor_top/ads1292_filter/iir_notch/add_2/DP_OP_46_228_9786/U95/CO (fad2_hd)
                                                          0.25       3.67 f
  khu_sensor_top/ads1292_filter/iir_notch/add_2/DP_OP_46_228_9786/U82/CI (fad2_hd)
                                                          0.00       3.67 f
  khu_sensor_top/ads1292_filter/iir_notch/add_2/DP_OP_46_228_9786/U82/CO (fad2_hd)
                                                          0.22       3.89 f
  khu_sensor_top/ads1292_filter/iir_notch/add_2/DP_OP_46_228_9786/U25/CI (fad1_hd)
                                                          0.00       3.89 f
  khu_sensor_top/ads1292_filter/iir_notch/add_2/DP_OP_46_228_9786/U25/CO (fad1_hd)
                                                          0.29       4.18 f
  khu_sensor_top/ads1292_filter/iir_notch/add_2/DP_OP_46_228_9786/U24/CI (fad1_hd)
                                                          0.00       4.18 f
  khu_sensor_top/ads1292_filter/iir_notch/add_2/DP_OP_46_228_9786/U24/CO (fad1_hd)
                                                          0.33       4.50 f
  khu_sensor_top/ads1292_filter/iir_notch/add_2/DP_OP_46_228_9786/U81/CI (fad2_hd)
                                                          0.00       4.50 f
  khu_sensor_top/ads1292_filter/iir_notch/add_2/DP_OP_46_228_9786/U81/CO (fad2_hd)
                                                          0.25       4.75 f
  khu_sensor_top/ads1292_filter/iir_notch/add_2/DP_OP_46_228_9786/U80/CI (fad2_hd)
                                                          0.00       4.75 f
  khu_sensor_top/ads1292_filter/iir_notch/add_2/DP_OP_46_228_9786/U80/CO (fad2_hd)
                                                          0.23       4.98 f
  khu_sensor_top/ads1292_filter/iir_notch/add_2/DP_OP_46_228_9786/U79/CI (fad2_hd)
                                                          0.00       4.98 f
  khu_sensor_top/ads1292_filter/iir_notch/add_2/DP_OP_46_228_9786/U79/CO (fad2_hd)
                                                          0.22       5.20 f
  khu_sensor_top/ads1292_filter/iir_notch/add_2/DP_OP_46_228_9786/U20/CI (fad1_hd)
                                                          0.00       5.20 f
  khu_sensor_top/ads1292_filter/iir_notch/add_2/DP_OP_46_228_9786/U20/CO (fad1_hd)
                                                          0.29       5.49 f
  khu_sensor_top/ads1292_filter/iir_notch/add_2/DP_OP_46_228_9786/U19/CI (fad1_hd)
                                                          0.00       5.49 f
  khu_sensor_top/ads1292_filter/iir_notch/add_2/DP_OP_46_228_9786/U19/CO (fad1_hd)
                                                          0.33       5.82 f
  khu_sensor_top/ads1292_filter/iir_notch/add_2/DP_OP_46_228_9786/U93/CI (fad2_hd)
                                                          0.00       5.82 f
  khu_sensor_top/ads1292_filter/iir_notch/add_2/DP_OP_46_228_9786/U93/CO (fad2_hd)
                                                          0.24       6.06 f
  khu_sensor_top/ads1292_filter/iir_notch/add_2/DP_OP_46_228_9786/U17/CI (fad1_hd)
                                                          0.00       6.06 f
  khu_sensor_top/ads1292_filter/iir_notch/add_2/DP_OP_46_228_9786/U17/CO (fad1_hd)
                                                          0.31       6.37 f
  khu_sensor_top/ads1292_filter/iir_notch/add_2/DP_OP_46_228_9786/U78/CI (fad2_hd)
                                                          0.00       6.37 f
  khu_sensor_top/ads1292_filter/iir_notch/add_2/DP_OP_46_228_9786/U78/CO (fad2_hd)
                                                          0.25       6.61 f
  khu_sensor_top/ads1292_filter/iir_notch/add_2/DP_OP_46_228_9786/U77/CI (fad2_hd)
                                                          0.00       6.61 f
  khu_sensor_top/ads1292_filter/iir_notch/add_2/DP_OP_46_228_9786/U77/CO (fad2_hd)
                                                          0.23       6.84 f
  khu_sensor_top/ads1292_filter/iir_notch/add_2/DP_OP_46_228_9786/U70/CI (fad2_hd)
                                                          0.00       6.84 f
  khu_sensor_top/ads1292_filter/iir_notch/add_2/DP_OP_46_228_9786/U70/CO (fad2_hd)
                                                          0.25       7.09 f
  khu_sensor_top/ads1292_filter/iir_notch/add_2/DP_OP_46_228_9786/U87/CI (fad4_hd)
                                                          0.00       7.09 f
  khu_sensor_top/ads1292_filter/iir_notch/add_2/DP_OP_46_228_9786/U87/CO (fad4_hd)
                                                          0.22       7.32 f
  khu_sensor_top/ads1292_filter/iir_notch/add_2/DP_OP_46_228_9786/U86/CI (fad4_hd)
                                                          0.00       7.32 f
  khu_sensor_top/ads1292_filter/iir_notch/add_2/DP_OP_46_228_9786/U86/CO (fad4_hd)
                                                          0.20       7.52 f
  khu_sensor_top/ads1292_filter/iir_notch/add_2/DP_OP_46_228_9786/U11/CI (fad1_hd)
                                                          0.00       7.52 f
  khu_sensor_top/ads1292_filter/iir_notch/add_2/DP_OP_46_228_9786/U11/CO (fad1_hd)
                                                          0.31       7.82 f
  khu_sensor_top/ads1292_filter/iir_notch/add_2/DP_OP_46_228_9786/U76/CI (fad2_hd)
                                                          0.00       7.82 f
  khu_sensor_top/ads1292_filter/iir_notch/add_2/DP_OP_46_228_9786/U76/CO (fad2_hd)
                                                          0.26       8.09 f
  khu_sensor_top/ads1292_filter/iir_notch/add_2/DP_OP_46_228_9786/U94/CI (fad4_hd)
                                                          0.00       8.09 f
  khu_sensor_top/ads1292_filter/iir_notch/add_2/DP_OP_46_228_9786/U94/CO (fad4_hd)
                                                          0.22       8.31 f
  khu_sensor_top/ads1292_filter/iir_notch/add_2/DP_OP_46_228_9786/U83/CI (fad4_hd)
                                                          0.00       8.31 f
  khu_sensor_top/ads1292_filter/iir_notch/add_2/DP_OP_46_228_9786/U83/CO (fad4_hd)
                                                          0.22       8.53 f
  khu_sensor_top/ads1292_filter/iir_notch/add_2/DP_OP_46_228_9786/U85/CI (fad4_hd)
                                                          0.00       8.53 f
  khu_sensor_top/ads1292_filter/iir_notch/add_2/DP_OP_46_228_9786/U85/CO (fad4_hd)
                                                          0.22       8.75 f
  khu_sensor_top/ads1292_filter/iir_notch/add_2/DP_OP_46_228_9786/U84/CI (fad4_hd)
                                                          0.00       8.75 f
  khu_sensor_top/ads1292_filter/iir_notch/add_2/DP_OP_46_228_9786/U84/CO (fad4_hd)
                                                          0.22       8.97 f
  khu_sensor_top/ads1292_filter/iir_notch/add_2/DP_OP_46_228_9786/U89/CI (fad4_hd)
                                                          0.00       8.97 f
  khu_sensor_top/ads1292_filter/iir_notch/add_2/DP_OP_46_228_9786/U89/CO (fad4_hd)
                                                          0.22       9.18 f
  khu_sensor_top/ads1292_filter/iir_notch/add_2/DP_OP_46_228_9786/U88/CI (fad4_hd)
                                                          0.00       9.18 f
  khu_sensor_top/ads1292_filter/iir_notch/add_2/DP_OP_46_228_9786/U88/CO (fad4_hd)
                                                          0.22       9.40 f
  khu_sensor_top/ads1292_filter/iir_notch/add_2/DP_OP_46_228_9786/U92/CI (fad4_hd)
                                                          0.00       9.40 f
  khu_sensor_top/ads1292_filter/iir_notch/add_2/DP_OP_46_228_9786/U92/CO (fad4_hd)
                                                          0.22       9.62 f
  khu_sensor_top/ads1292_filter/iir_notch/add_2/DP_OP_46_228_9786/U91/CI (fad4_hd)
                                                          0.00       9.62 f
  khu_sensor_top/ads1292_filter/iir_notch/add_2/DP_OP_46_228_9786/U91/CO (fad4_hd)
                                                          0.21       9.83 f
  khu_sensor_top/ads1292_filter/iir_notch/add_2/DP_OP_46_228_9786/U90/B (clkxo2d1_hd)
                                                          0.00       9.83 f
  khu_sensor_top/ads1292_filter/iir_notch/add_2/DP_OP_46_228_9786/U90/Y (clkxo2d1_hd)
                                                          0.24      10.07 f
  khu_sensor_top/ads1292_filter/iir_notch/add_2/DP_OP_46_228_9786/O1[27] (float_adder_1_DP_OP_46_228_9786_0)
                                                          0.00      10.07 f
  khu_sensor_top/ads1292_filter/iir_notch/add_2/sum_reg[27]/D (fd1eqd1_hd)
                                                          0.00      10.07 f
  data arrival time                                                 10.07

  clock clk (rise edge)                                  10.20      10.20
  clock network delay (ideal)                             0.75      10.95
  clock uncertainty                                      -0.71      10.24
  khu_sensor_top/ads1292_filter/iir_notch/add_2/sum_reg[27]/CK (fd1eqd1_hd)
                                                          0.00      10.24 r
  library setup time                                     -0.17      10.07
  data required time                                                10.07
  --------------------------------------------------------------------------
  data required time                                                10.07
  data arrival time                                                -10.07
  --------------------------------------------------------------------------
  slack (MET)                                                        0.00


  Startpoint: khu_sensor_top/ads1292_filter/o_ADS1292_FILTERED_DATA_VALID_reg
              (rising edge-triggered flip-flop clocked by clk)
  Endpoint: khu_sensor_top/sensor_core/r_ads_ch2_data_out_reg[0]
            (rising edge-triggered flip-flop clocked by clk_half)
  Path Group: clk_half
  Path Type: max

  Point                                                   Incr       Path
  --------------------------------------------------------------------------
  clock clk (rise edge)                                  10.20      10.20
  clock network delay (ideal)                             0.75      10.95
  khu_sensor_top/ads1292_filter/o_ADS1292_FILTERED_DATA_VALID_reg/CK (fd2qd1_hd)
                                                          0.00 #    10.95 r
  khu_sensor_top/ads1292_filter/o_ADS1292_FILTERED_DATA_VALID_reg/Q (fd2qd1_hd)
                                                          0.44      11.39 f
  khu_sensor_top/ads1292_filter/o_ADS1292_FILTERED_DATA_VALID (ads1292_filter)
                                                          0.00      11.39 f
  khu_sensor_top/sensor_core/i_ADS1292_FILTERED_DATA_VALID (sensor_core)
                                                          0.00      11.39 f
  khu_sensor_top/sensor_core/U286/AN (nr2bd1_hd)          0.00      11.39 f
  khu_sensor_top/sensor_core/U286/Y (nr2bd1_hd)           0.20      11.59 f
  khu_sensor_top/sensor_core/U263/B (nr2d1_hd)            0.00      11.59 f
  khu_sensor_top/sensor_core/U263/Y (nr2d1_hd)            0.57      12.16 r
  khu_sensor_top/sensor_core/U262/A (nr2d1_hd)            0.00      12.16 r
  khu_sensor_top/sensor_core/U262/Y (nr2d1_hd)            0.50      12.66 f
  khu_sensor_top/sensor_core/U261/C (scg2d1_hd)           0.00      12.66 f
  khu_sensor_top/sensor_core/U261/Y (scg2d1_hd)           0.41      13.07 f
  khu_sensor_top/sensor_core/r_ads_ch2_data_out_reg[0]/D (fd2qd1_hd)
                                                          0.00      13.07 f
  data arrival time                                                 13.07

  clock clk_half (rise edge)                             20.40      20.40
  clock network delay (ideal)                             0.75      21.15
  clock uncertainty                                      -1.43      19.72
  khu_sensor_top/sensor_core/r_ads_ch2_data_out_reg[0]/CK (fd2qd1_hd)
                                                          0.00      19.72 r
  library setup time                                     -0.01      19.71
  data required time                                                19.71
  --------------------------------------------------------------------------
  data required time                                                19.71
  data arrival time                                                -13.07
  --------------------------------------------------------------------------
  slack (MET)                                                        6.64


1
