 
****************************************
Report : net
Design : khu_sensor_pad
Version: L-2016.03-SP5-5
Date   : Thu Nov 19 06:01:25 2020
****************************************


Operating Conditions: V105WTP1250   Library: std150e_wst_105_p125
Wire Load Model Mode: enclosed

Design        Wire Load Model            Library
------------------------------------------------
async_rstn_glitch_synchronizer
                       l13_e_5000_4lm    std150e_wst_105_p125
async_rstn_synchronizer
                       l13_e_5000_4lm    std150e_wst_105_p125
async_rst_synchronizer l13_e_5000_4lm    std150e_wst_105_p125


Attributes:
   dr - drc disabled
    c - annotated capacitance
    d - dont_touch
    I - ideal_network
    h - high fanout

Net                 Fanout     Fanin      Load   Resistance    Pins   Attributes
--------------------------------------------------------------------------------
*Logic0*                10         1      0.50         0.00      11   dr
*Logic1*                 2         1      0.10         0.00       3   dr
ADS1292_CSN              1         1      0.01         0.00       2   c, d
ADS1292_DRDY             1         1      2.09         0.00       2   c, d
ADS1292_MISO             1         1      2.09         0.00       2   c, d
ADS1292_MOSI             1         1      0.01         0.00       2   c, d
ADS1292_RESET            1         1      0.01         0.00       2   c, d
ADS1292_SCLK             1         1      0.01         0.00       2   c, d
ADS1292_START            1         1      0.01         0.00       2   c, d
MPR121_SCL               2         2      2.01         0.00       2   c, d
MPR121_SDA               2         2      2.01         0.00       2   c, d
UART_RXD                 1         1      2.09         0.00       2   c, d
UART_TXD                 1         1      0.01         0.00       2   c, d
i_CLK                    3         2      2.00         0.00       4   dr, c, d
i_RSTN                   1         1      0.00         0.00       2   c, d, I
w_ads1292_csn_p          2         1      0.05         0.00       3   
w_ads1292_drdy_p         4         1      0.01         0.00       5   
w_ads1292_miso_p         5         1      0.01         0.00       6   
w_ads1292_mosi_p         2         1      0.05         0.00       3   
w_ads1292_reset_p        2         1      0.05         0.00       3   
w_ads1292_sclk_p         1         1      0.04         0.00       2   
w_ads1292_start_p        2         1      0.05         0.00       3   
w_clk_p               4790         1   1001.00         0.00    4791   dr, h
w_mpr121_scl_en_p        5         1      0.06         0.00       6   
w_mpr121_scl_in_p        1         1      0.00         0.00       2   
w_mpr121_scl_out_p       1         1      0.04         0.00       2   
w_mpr121_sda_en_p        3         1      0.06         0.00       4   
w_mpr121_sda_in_p        1         1      0.00         0.00       2   
w_mpr121_sda_out_p       3         1      0.05         0.00       4   
w_rstn                   2         1      0.00         0.00       3   d, I
w_rstn_p                 2         1      0.00         0.00       3   d, I
w_uart_rx_p              1         1      0.00         0.00       2   
w_uart_tx_p              2         1      0.05         0.00       3   
--------------------------------------------------------------------------------
Total 33 nets         4858        36   1014.46         0.00    4889
Maximum               4790         2   1001.00         0.00    4791
Average             147.21      1.09     30.74         0.00  148.15
1
