 
****************************************
Report : area
Design : khu_sensor_pad
Version: L-2016.03-SP5-5
Date   : Thu Nov 19 02:28:08 2020
****************************************

Library(s) Used:

    std150e_wst_105_p125 (File: /Tools/Library/samsung013/sec050915_0050_STD150E_regular_DK_Synopsys_N/sec150e_synopsys/syn/STD150E/std150e_wst_105_p125.db)

Number of ports:                         4703
Number of nets:                         34515
Number of cells:                        27664
Number of combinational cells:          21161
Number of sequential cells:              6347
Number of macros/black boxes:              46
Number of buf/inv:                       2720
Number of references:                      12

Combinational area:              52544.353960
Buf/Inv area:                     1887.675435
Noncombinational area:           36197.662169
Macro/Black Box area:                0.000000
Net Interconnect area:               0.243590
                                       (No wire load specified)

Total cell area:                 88742.016128
Total area:                      88742.259718
1
