 
****************************************
Report : qor
Design : khu_sensor_pad
Version: L-2016.03-SP5-5
Date   : Thu Nov 19 02:28:10 2020
****************************************


  Timing Path Group 'REGIN'
  -----------------------------------
  Levels of Logic:               6.00
  Critical Path Length:          2.01
  Critical Path Slack:           7.08
  Critical Path Clk Period:     10.20
  Total Negative Slack:          0.00
  No. of Violating Paths:        0.00
  Worst Hold Violation:          0.00
  Total Hold Violation:          0.00
  No. of Hold Violations:        0.00
  -----------------------------------

  Timing Path Group 'REGOUT'
  -----------------------------------
  Levels of Logic:               2.00
  Critical Path Length:          4.19
  Critical Path Slack:           4.79
  Critical Path Clk Period:     10.20
  Total Negative Slack:          0.00
  No. of Violating Paths:        0.00
  Worst Hold Violation:          0.00
  Total Hold Violation:          0.00
  No. of Hold Violations:        0.00
  -----------------------------------

  Timing Path Group 'clk'
  -----------------------------------
  Levels of Logic:              39.00
  Critical Path Length:          9.32
  Critical Path Slack:           0.00
  Critical Path Clk Period:     10.20
  Total Negative Slack:          0.00
  No. of Violating Paths:        0.00
  Worst Hold Violation:          0.00
  Total Hold Violation:          0.00
  No. of Hold Violations:        0.00
  -----------------------------------

  Timing Path Group 'clk_half'
  -----------------------------------
  Levels of Logic:               4.00
  Critical Path Length:          2.12
  Critical Path Slack:           6.64
  Critical Path Clk Period:     20.40
  Total Negative Slack:          0.00
  No. of Violating Paths:        0.00
  Worst Hold Violation:          0.00
  Total Hold Violation:          0.00
  No. of Hold Violations:        0.00
  -----------------------------------


  Cell Count
  -----------------------------------
  Hierarchical Cell Count:        110
  Hierarchical Port Count:       4690
  Leaf Cell Count:              26420
  Buf/Inv Cell Count:            2720
  Buf Cell Count:                  19
  Inv Cell Count:                2701
  CT Buf/Inv Cell Count:            0
  Combinational Cell Count:     21207
  Sequential Cell Count:         5213
  Macro Count:                      0
  -----------------------------------


  Area
  -----------------------------------
  Combinational Area:    52544.353960
  Noncombinational Area: 36197.662169
  Buf/Inv Area:           1887.675435
  Total Buffer Area:            29.67
  Total Inverter Area:        1858.01
  Macro/Black Box Area:      0.000000
  Net Area:                  0.243590
  -----------------------------------
  Cell Area:             88742.016128
  Design Area:           88742.259718


  Design Rules
  -----------------------------------
  Total Number of Nets:         30018
  Nets With Violations:             0
  Max Trans Violations:             0
  Max Cap Violations:               0
  -----------------------------------


  Hostname: vlsi-dist.khu.ac.kr

  Compile CPU Statistics
  -----------------------------------------
  Resource Sharing:                    6.08
  Logic Optimization:                  1.31
  Mapping Optimization:               17.16
  -----------------------------------------
  Overall Compile Time:               73.99
  Overall Compile Wall Clock Time:    74.34

  --------------------------------------------------------------------

  Design  WNS: 0.00  TNS: 0.00  Number of Violating Paths: 0


  Design (Hold)  WNS: 0.00  TNS: 0.00  Number of Violating Paths: 0

  --------------------------------------------------------------------


1
