***********************************************
Report          : create_qor_snapshot (04_clock_opt_cts)
Design          : khu_sensor_pad
Version         : N-2017.09
Date            : Tue Sep  1 12:29:38 2020
Time unit       : 1.0e-09 Second(ns)
Capacitance unit: 1.0e-12 Farad(pF)
Voltage unit    : 1 Volt
Power unit      : 1.0e-03 Watt(mW)
Location        : /home/graduation_project3/2015103977/khu_sensor/Back_End/snapshot
***********************************************
No. of scenario = 1
--------------------------------------------------
WNS of each timing group:                
--------------------------------------------------
clk_pad                                    -7.7456 
clk                                        -9.0370 
--------------------------------------------------
Setup WNS:                                 -9.0370 
Setup TNS:                               -2970.6189
Number of setup violations:                   1512  
Hold WNS:                                  -0.5318  
Hold TNS:                                -1137.3757  
Number of hold violations:                    5841  
Number of max trans violations:               4329  
Number of max cap violations:                 1504  
Number of min pulse width violations:            0  
Route drc violations:                            0
--------------------------------------------------
Area:                                       109579
Cell count:                                  32531
Buf/inv cell count:                           6836
Std cell utilization:                        6.11%
CPU/ELAPSE(hr):                          0.03/0.06
Mem(Mb):                                       939
Host name:                               vlsi-dist.khu.ac.kr
--------------------------------------------------
Histogram:           
--------------------------------------------------
Max violations:      1512 
   above ~ -0.7  --- 1154 
    -0.6 ~ -0.7  ---   76 
    -0.5 ~ -0.6  ---   45 
    -0.4 ~ -0.5  ---   38 
    -0.3 ~ -0.4  ---   51 
    -0.2 ~ -0.3  ---   57 
    -0.1 ~ -0.2  ---   22 
       0 ~ -0.1  ---   69 
--------------------------------------------------
Min violations:      5841 
  -0.06 ~ above  --- 5075 
  -0.05 ~ -0.06  ---  148 
  -0.04 ~ -0.05  ---  144 
  -0.03 ~ -0.04  ---  154 
  -0.02 ~ -0.03  ---   88 
  -0.01 ~ -0.02  ---  141 
      0 ~ -0.01  ---   91 
--------------------------------------------------
Snapshot report (snap.rpt) is created and can be viewed using file "/home/graduation_project3/2015103977/khu_sensor/Back_End/snapshot/snap.rpt.html"
1
