Information: Scenario funccts_wst either not exists or is inactive. report_constraint will skip it. (UID-1059)
Information: Updating graph... (UID-83)

************************************************************
SI options:
Delta Delay Computation:           true
Static Noise Computation:          true
Timing window analysis for SI:     false
Min Delta Delay for SI:            true
Analysis Effort:                   medium
Max Transition Mode:               normal_slew
Static Noise Thresholds:           0.35 (0.37V) above low
                                   0.35 (0.37V) below high
Route xtalk prevention:            true
Route xtalk prevention threshold:  0.25
************************************************************

Information: Updating design information... (UID-85)

************************************************************
SI options:
Delta Delay Computation:           true
Static Noise Computation:          true
Timing window analysis for SI:     false
Min Delta Delay for SI:            true
Analysis Effort:                   medium
Max Transition Mode:               normal_slew
Static Noise Thresholds:           0.35 (0.37V) above low
                                   0.35 (0.37V) below high
Route xtalk prevention:            true
Route xtalk prevention threshold:  0.25
************************************************************

Information: Input delay ('rise') on clock port 'clk' will be added to the clock's propagated skew. (TIM-112)
Information: Input delay ('fall') on clock port 'clk' will be added to the clock's propagated skew. (TIM-112)
Information: Input delay ('rise') on clock port 'clk_half' will be added to the clock's propagated skew. (TIM-112)
Information: Input delay ('fall') on clock port 'clk_half' will be added to the clock's propagated skew. (TIM-112)
Information: Input delay ('rise') on clock port 'clk' will be added to the clock's propagated skew. (TIM-112)
Information: Input delay ('fall') on clock port 'clk' will be added to the clock's propagated skew. (TIM-112)
Information: Input delay ('rise') on clock port 'clk_half' will be added to the clock's propagated skew. (TIM-112)
Information: Input delay ('fall') on clock port 'clk_half' will be added to the clock's propagated skew. (TIM-112)
 
****************************************
Report : constraint
        -all_violators
Design : khu_sensor_pad
Scenario(s): func1_wst funccts_wst
Version: N-2017.09
Date   : Tue Nov 17 19:08:29 2020
****************************************

	Scenario            : func1_wst
	Parasitic source    : LPE
	Parasitic mode      : RealRC
	Extraction mode     : MIN_MAX
	Extraction derating : 125/125

   max_delay/setup ('clk' group)

                             Required        Actual
   Endpoint                 Path Delay     Path Delay        Slack             Scenario
   -----------------------------------------------------------------
   khu_sensor_top/ads1292_filter/iir_notch/add_2/sum_reg_27_/D  15.1980  15.4327 f  -0.2347 (VIOLATED) func1_wst
   khu_sensor_top/ads1292_filter/iir_hpf/add/sum_reg_27_/D  15.2725  15.5066 f  -0.2341 (VIOLATED) func1_wst
   khu_sensor_top/ads1292_filter/iir_notch/add_1/sum_reg_27_/D  15.2429  15.4316 f  -0.1887 (VIOLATED) func1_wst
   khu_sensor_top/ads1292_filter/iir_lpf/add/sum_reg_27_/D  15.1965  15.3816 f  -0.1850 (VIOLATED) func1_wst


   min_delay/hold ('clk' group)

                             Required        Actual
   Endpoint                 Path Delay     Path Delay        Slack             Scenario
   -----------------------------------------------------------------
   khu_sensor_top/ads1292_filter/iir_hpf/r_x_data_reg_8_/D   4.3039   4.1662 f  -0.1377 (VIOLATED) func1_wst
   khu_sensor_top/ads1292_filter/iir_hpf/r_x_data_reg_17_/D   4.2903   4.1653 f  -0.1250 (VIOLATED) func1_wst
   khu_sensor_top/ads1292_filter/iir_hpf/r_y_data_reg_16_/D   4.2587   4.1368 f  -0.1219 (VIOLATED) func1_wst
   khu_sensor_top/ads1292_filter/iir_hpf/r_y_data_reg_12_/D   4.2574   4.1395 f  -0.1179 (VIOLATED) func1_wst
   khu_sensor_top/ads1292_filter/iir_hpf/r_x_data_reg_16_/D   4.2903   4.1747 f  -0.1156 (VIOLATED) func1_wst
   khu_sensor_top/ads1292_filter/iir_hpf/r_y_data_reg_26_/D   4.2509   4.1359 f  -0.1151 (VIOLATED) func1_wst
   khu_sensor_top/ads1292_filter/iir_notch/r_x_data_reg_20_/D   4.2779   4.1638 f  -0.1142 (VIOLATED) func1_wst
   khu_sensor_top/ads1292_filter/iir_hpf/r_x_data_reg_13_/D   4.2903   4.1779 f  -0.1123 (VIOLATED) func1_wst
   khu_sensor_top/ads1292_filter/iir_hpf/r_y_data_reg_19_/D   4.2570   4.1509 f  -0.1061 (VIOLATED) func1_wst
   khu_sensor_top/ads1292_filter/iir_notch/r_x_data_reg_143_/D   4.4169   4.3130 f  -0.1039 (VIOLATED) func1_wst
   khu_sensor_top/ads1292_filter/iir_hpf/r_y_data_reg_3_/D   4.2587   4.1588 f  -0.0999 (VIOLATED) func1_wst
   khu_sensor_top/ads1292_filter/iir_hpf/r_y_data_reg_13_/D   4.2591   4.1631 f  -0.0959 (VIOLATED) func1_wst
   khu_sensor_top/ads1292_filter/iir_hpf/r_y_data_reg_14_/D   4.2594   4.1682 f  -0.0912 (VIOLATED) func1_wst
   khu_sensor_top/ads1292_filter/iir_hpf/r_y_data_reg_29_/D   4.2517   4.1607 f  -0.0911 (VIOLATED) func1_wst
   khu_sensor_top/ads1292_filter/iir_hpf/r_y_data_reg_15_/D   4.2568   4.1689 f  -0.0879 (VIOLATED) func1_wst
   khu_sensor_top/ads1292_filter/iir_hpf/r_y_data_reg_9_/D   4.2507   4.1663 f  -0.0845 (VIOLATED) func1_wst
   khu_sensor_top/ads1292_filter/iir_hpf/r_x_data_reg_22_/D   4.3045   4.2209 f  -0.0836 (VIOLATED) func1_wst
   khu_sensor_top/ads1292_filter/iir_hpf/r_y_data_reg_10_/D   4.2508   4.1674 f  -0.0835 (VIOLATED) func1_wst
   khu_sensor_top/ads1292_filter/iir_hpf/r_y_data_reg_6_/D   4.2508   4.1705 f  -0.0803 (VIOLATED) func1_wst
   khu_sensor_top/ads1292_filter/iir_hpf/r_add_B_reg_18_/D   4.2418   4.1616 f  -0.0802 (VIOLATED) func1_wst
   khu_sensor_top/ads1292_filter/iir_notch/r_x_data_reg_24_/D   4.2839   4.2038 f  -0.0801 (VIOLATED) func1_wst
   khu_sensor_top/ads1292_filter/iir_notch/r_x_data_reg_19_/D   4.2770   4.1994 f  -0.0775 (VIOLATED) func1_wst
   khu_sensor_top/ads1292_filter/iir_notch/add_1/b_reg_25_/D   3.9846   3.9100 f  -0.0746 (VIOLATED) func1_wst
   khu_sensor_top/ads1292_filter/iir_hpf/r_x_data_reg_4_/D   4.3045   4.2306 f  -0.0738 (VIOLATED) func1_wst
   khu_sensor_top/ads1292_filter/iir_notch/r_x_data_reg_29_/D   4.2839   4.2107 f  -0.0732 (VIOLATED) func1_wst
   khu_sensor_top/ads1292_filter/iir_hpf/r_add_B_reg_26_/D   4.2158   4.1436 f  -0.0722 (VIOLATED) func1_wst
   khu_sensor_top/ads1292_filter/iir_lpf/add/b_reg_28_/D   4.0534   3.9819 f  -0.0715 (VIOLATED) func1_wst
   khu_sensor_top/ads1292_filter/iir_notch/mult_3/o_Z_reg_22_/D   4.0173   3.9464 f  -0.0709 (VIOLATED) func1_wst
   khu_sensor_top/ads1292_filter/iir_hpf/r_x_data_reg_10_/D   4.3045   4.2340 f  -0.0705 (VIOLATED) func1_wst
   khu_sensor_top/ads1292_filter/iir_hpf/r_y_data_reg_1_/D   4.2593   4.1889 f  -0.0704 (VIOLATED) func1_wst
   khu_sensor_top/ads1292_filter/iir_hpf/r_add_B_reg_10_/D   4.2419   4.1717 f  -0.0702 (VIOLATED) func1_wst
   khu_sensor_top/ads1292_filter/iir_hpf/r_x_data_reg_24_/D   4.2852   4.2158 f  -0.0693 (VIOLATED) func1_wst
   khu_sensor_top/ads1292_filter/iir_hpf/r_y_data_reg_25_/D   4.2500   4.1810 f  -0.0691 (VIOLATED) func1_wst
   khu_sensor_top/ads1292_filter/iir_hpf/r_y_data_reg_17_/D   4.2595   4.1909 f  -0.0686 (VIOLATED) func1_wst
   khu_sensor_top/ads1292_filter/iir_notch/r_x_data_reg_23_/D   4.2840   4.2157 f  -0.0683 (VIOLATED) func1_wst
   khu_sensor_top/ads1292_filter/iir_hpf/r_x_data_reg_21_/D   4.3045   4.2363 f  -0.0681 (VIOLATED) func1_wst
   khu_sensor_top/ads1292_filter/iir_hpf/r_add_B_reg_22_/D   4.2416   4.1751 f  -0.0665 (VIOLATED) func1_wst
   khu_sensor_top/ads1292_filter/iir_notch/r_x_data_reg_10_/D   4.2770   4.2111 f  -0.0659 (VIOLATED) func1_wst
   khu_sensor_top/ads1292_filter/iir_lpf/r_y_data_reg_29_/D   4.1734   4.1076 f  -0.0658 (VIOLATED) func1_wst
   khu_sensor_top/ads1292_filter/iir_hpf/r_mult_B_reg_25_/D   4.3113   4.2455 f  -0.0658 (VIOLATED) func1_wst
   khu_sensor_top/ads1292_filter/iir_notch/r_x_data_reg_21_/D   4.2773   4.2117 f  -0.0656 (VIOLATED) func1_wst
   khu_sensor_top/ads1292_filter/iir_hpf/r_y_data_reg_5_/D   4.2577   4.1922 f  -0.0656 (VIOLATED) func1_wst
   khu_sensor_top/ads1292_filter/iir_notch/r_mult_1_A_reg_31_/D   4.3033   4.2383 f  -0.0650 (VIOLATED) func1_wst
   khu_sensor_top/ads1292_filter/iir_notch/r_mult_1_A_reg_30_/D   4.2660   4.2015 f  -0.0645 (VIOLATED) func1_wst
   khu_sensor_top/ads1292_filter/iir_hpf/r_x_data_reg_7_/D   4.3045   4.2410 f  -0.0635 (VIOLATED) func1_wst
   khu_sensor_top/ads1292_filter/iir_hpf/r_mult_B_reg_16_/D   4.3447   4.2822 f  -0.0625 (VIOLATED) func1_wst
   khu_sensor_top/ads1292_filter/iir_hpf/r_mult_B_reg_24_/D   4.3113   4.2491 f  -0.0622 (VIOLATED) func1_wst
   khu_sensor_top/ads1292_filter/iir_notch/r_x_data_reg_30_/D   4.2841   4.2238 f  -0.0602 (VIOLATED) func1_wst
   khu_sensor_top/ads1292_filter/iir_hpf/r_y_data_reg_4_/D   4.2590   4.2008 f  -0.0582 (VIOLATED) func1_wst
   khu_sensor_top/ads1292_filter/iir_hpf/r_add_B_reg_9_/D   4.2145   4.1582 f  -0.0563 (VIOLATED) func1_wst
   khu_sensor_top/ads1292_filter/iir_notch/r_x_data_reg_28_/D   4.2842   4.2287 f  -0.0555 (VIOLATED) func1_wst
   khu_sensor_top/ads1292_filter/iir_notch/mult_2/a_reg_17_/D   4.1398   4.0844 f  -0.0554 (VIOLATED) func1_wst
   khu_sensor_top/ads1292_filter/iir_hpf/r_y_data_reg_28_/D   4.2514   4.1967 f  -0.0546 (VIOLATED) func1_wst
   khu_sensor_top/ads1292_filter/r_converter_f2i_a_reg_14_/D   4.0181   3.9637 f  -0.0544 (VIOLATED) func1_wst
   khu_sensor_top/ads1292_filter/iir_lpf/add/o_Z_reg_14_/D   3.9873   3.9335 f  -0.0539 (VIOLATED) func1_wst
   khu_sensor_top/ads1292_filter/iir_hpf/add/o_Z_reg_20_/D   3.9296   3.8762 f  -0.0534 (VIOLATED) func1_wst
   khu_sensor_top/ads1292_filter/iir_notch/r_x_data_reg_159_/D   4.4171   4.3641 f  -0.0530 (VIOLATED) func1_wst
   khu_sensor_top/ads1292_filter/iir_hpf/r_mult_B_reg_4_/D   4.3448   4.2925 f  -0.0523 (VIOLATED) func1_wst
   khu_sensor_top/ads1292_filter/iir_notch/r_x_data_reg_91_/D   4.2850   4.2328 f  -0.0522 (VIOLATED) func1_wst
   khu_sensor_top/ads1292_filter/iir_notch/r_x_data_reg_16_/D   4.2951   4.2436 f  -0.0516 (VIOLATED) func1_wst
   khu_sensor_top/ads1292_filter/iir_hpf/r_x_data_reg_6_/D   4.2851   4.2337 f  -0.0514 (VIOLATED) func1_wst
   khu_sensor_top/ads1292_controller/r_spi_data_in_reg_6_/D   4.2525   4.2012 r  -0.0513 (VIOLATED) func1_wst
   khu_sensor_top/ads1292_filter/converter_f2i/a_reg_19_/D   3.9039   3.8527 f  -0.0511 (VIOLATED) func1_wst
   khu_sensor_top/ads1292_filter/iir_notch/mult_1/o_Z_reg_10_/D   3.9850   3.9341 f  -0.0509 (VIOLATED) func1_wst
   khu_sensor_top/ads1292_filter/r_iir_lpf_x_reg_20_/D   3.9185   3.8676 f  -0.0509 (VIOLATED) func1_wst
   khu_sensor_top/ads1292_filter/iir_lpf/r_y_data_reg_18_/D   4.2298   4.1791 f  -0.0507 (VIOLATED) func1_wst
   khu_sensor_top/ads1292_filter/iir_hpf/r_y_data_reg_8_/D   4.2505   4.2004 f  -0.0501 (VIOLATED) func1_wst
   khu_sensor_top/ads1292_filter/iir_lpf/mult_2/b_reg_2_/D   4.1375   4.0876 f  -0.0500 (VIOLATED) func1_wst
   khu_sensor_top/ads1292_filter/iir_notch/r_x_data_reg_18_/D   4.2951   4.2462 f  -0.0489 (VIOLATED) func1_wst
   khu_sensor_top/ads1292_filter/iir_hpf/r_y_data_reg_31_/D   4.2288   4.1810 f  -0.0478 (VIOLATED) func1_wst
   khu_sensor_top/ads1292_filter/iir_hpf/r_y_data_reg_30_/D   4.2504   4.2027 f  -0.0477 (VIOLATED) func1_wst
   khu_sensor_top/ads1292_filter/iir_hpf/mult/a_reg_24_/D   4.1500   4.1024 f  -0.0476 (VIOLATED) func1_wst
   khu_sensor_top/ads1292_filter/iir_lpf/r_y_data_reg_36_/D   4.2295   4.1822 f  -0.0473 (VIOLATED) func1_wst
   khu_sensor_top/ads1292_filter/iir_notch/r_x_data_reg_26_/D   4.2950   4.2481 f  -0.0469 (VIOLATED) func1_wst
   khu_sensor_top/ads1292_filter/iir_hpf/r_x_data_reg_14_/D   4.2852   4.2387 f  -0.0465 (VIOLATED) func1_wst
   khu_sensor_top/ads1292_filter/iir_hpf/r_mult_B_reg_26_/D   4.3113   4.2652 f  -0.0462 (VIOLATED) func1_wst
   khu_sensor_top/ads1292_filter/iir_hpf/r_x_data_reg_27_/D   4.2852   4.2391 f  -0.0460 (VIOLATED) func1_wst
   khu_sensor_top/ads1292_filter/iir_notch/mult_3/b_reg_27_/D   4.1144   4.0686 f  -0.0458 (VIOLATED) func1_wst
   khu_sensor_top/mpr121_controller/i2c_master/data_out_reg_reg_1_/D   4.2568   4.2110 f  -0.0458 (VIOLATED) func1_wst
   khu_sensor_top/ads1292_filter/r_converter_f2i_a_reg_13_/D   4.0181   3.9724 f  -0.0458 (VIOLATED) func1_wst
   khu_sensor_top/ads1292_filter/r_iir_lpf_x_reg_10_/D   3.9188   3.8735 f  -0.0454 (VIOLATED) func1_wst
   khu_sensor_top/ads1292_filter/iir_hpf/add/o_Z_reg_29_/D   3.9241   3.8789 f  -0.0453 (VIOLATED) func1_wst
   khu_sensor_top/ads1292_filter/iir_notch/add_2/b_reg_22_/D   4.0386   3.9940 f  -0.0446 (VIOLATED) func1_wst
   khu_sensor_top/ads1292_filter/iir_lpf/r_x_data_reg_16_/D   4.2305   4.1862 f  -0.0443 (VIOLATED) func1_wst
   khu_sensor_top/ads1292_filter/iir_notch/r_x_data_reg_1_/D   4.2948   4.2507 f  -0.0442 (VIOLATED) func1_wst
   khu_sensor_top/ads1292_filter/iir_hpf/r_mult_B_reg_29_/D   4.3113   4.2672 f  -0.0441 (VIOLATED) func1_wst
   khu_sensor_top/ads1292_filter/iir_notch/r_x_data_reg_136_/D   4.4173   4.3734 f  -0.0439 (VIOLATED) func1_wst
   khu_sensor_top/ads1292_filter/iir_hpf/add/o_Z_reg_11_/D   3.9241   3.8809 f  -0.0433 (VIOLATED) func1_wst
   khu_sensor_top/ads1292_filter/iir_notch/r_x_data_reg_12_/D   4.2470   4.2041 f  -0.0428 (VIOLATED) func1_wst
   khu_sensor_top/ads1292_filter/iir_hpf/r_y_data_reg_2_/D   4.2594   4.2165 f  -0.0428 (VIOLATED) func1_wst
   khu_sensor_top/ads1292_filter/iir_notch/r_y_data_reg_23_/D   4.2240   4.1813 f  -0.0427 (VIOLATED) func1_wst
   khu_sensor_top/ads1292_filter/iir_notch/r_x_data_reg_14_/D   4.2950   4.2523 f  -0.0427 (VIOLATED) func1_wst
   khu_sensor_top/ads1292_filter/iir_notch/mult_1/o_Z_reg_31_/D   3.9850   3.9424 f  -0.0426 (VIOLATED) func1_wst
   khu_sensor_top/ads1292_filter/iir_hpf/mult/z_reg_10_/CRN   4.0220   3.9794 f  -0.0426 (VIOLATED) func1_wst
   khu_sensor_top/ads1292_filter/iir_notch/r_mult_1_A_reg_4_/D   4.2712   4.2288 f  -0.0425 (VIOLATED) func1_wst
   khu_sensor_top/ads1292_filter/iir_lpf/r_y_data_reg_30_/D   4.1728   4.1307 f  -0.0422 (VIOLATED) func1_wst
   khu_sensor_top/ads1292_filter/iir_hpf/r_add_B_reg_8_/D   4.2422   4.2005 f  -0.0417 (VIOLATED) func1_wst
   khu_sensor_top/ads1292_filter/iir_hpf/r_add_B_reg_6_/D   4.2417   4.2000 f  -0.0417 (VIOLATED) func1_wst
   khu_sensor_top/ads1292_filter/iir_hpf/r_mult_B_reg_27_/D   4.3108   4.2691 f  -0.0417 (VIOLATED) func1_wst
   khu_sensor_top/ads1292_filter/iir_notch/r_y_data_reg_3_/D   4.2592   4.2176 f  -0.0417 (VIOLATED) func1_wst
   khu_sensor_top/ads1292_filter/iir_hpf/r_add_B_reg_24_/D   4.2156   4.1740 f  -0.0416 (VIOLATED) func1_wst
   khu_sensor_top/ads1292_filter/iir_lpf/add/o_Z_reg_11_/D   3.9874   3.9463 f  -0.0410 (VIOLATED) func1_wst
   khu_sensor_top/ads1292_filter/iir_hpf/r_add_B_reg_11_/D   4.2422   4.2013 f  -0.0409 (VIOLATED) func1_wst
   khu_sensor_top/ads1292_filter/iir_hpf/r_mult_B_reg_30_/D   4.3108   4.2705 f  -0.0403 (VIOLATED) func1_wst
   khu_sensor_top/ads1292_filter/iir_notch/mult_3/o_Z_reg_11_/D   4.0173   3.9774 f  -0.0399 (VIOLATED) func1_wst
   khu_sensor_top/ads1292_filter/iir_notch/mult_2/b_reg_27_/D   4.0882   4.0484 f  -0.0398 (VIOLATED) func1_wst
   khu_sensor_top/ads1292_filter/iir_lpf/r_x_data_reg_19_/D   4.2299   4.1902 r  -0.0397 (VIOLATED) func1_wst
   khu_sensor_top/ads1292_filter/iir_notch/add_2/o_Z_reg_31_/D   3.8958   3.8562 f  -0.0396 (VIOLATED) func1_wst
   khu_sensor_top/ads1292_filter/iir_hpf/r_mult_B_reg_20_/D   4.3449   4.3054 f  -0.0395 (VIOLATED) func1_wst
   khu_sensor_top/ads1292_filter/iir_notch/r_mult_1_A_reg_20_/D   4.2712   4.2317 f  -0.0395 (VIOLATED) func1_wst
   khu_sensor_top/ads1292_filter/iir_lpf/r_y_data_reg_16_/D   4.2296   4.1900 f  -0.0395 (VIOLATED) func1_wst
   khu_sensor_top/mpr121_controller/i2c_master/data_out_reg_reg_2_/D   4.2568   4.2173 f  -0.0395 (VIOLATED) func1_wst
   khu_sensor_top/ads1292_filter/iir_notch/mult_3/o_Z_reg_21_/D   4.0280   3.9892 f  -0.0388 (VIOLATED) func1_wst
   khu_sensor_top/ads1292_filter/iir_notch/mult_1/o_Z_reg_5_/D   3.9850   3.9463 f  -0.0387 (VIOLATED) func1_wst
   khu_sensor_top/ads1292_filter/iir_notch/r_x_data_reg_97_/D   4.1680   4.1298 f  -0.0382 (VIOLATED) func1_wst
   khu_sensor_top/ads1292_filter/iir_notch/mult_1/o_Z_reg_4_/D   3.9850   3.9469 f  -0.0381 (VIOLATED) func1_wst
   khu_sensor_top/ads1292_filter/iir_hpf/r_mult_B_reg_10_/D   4.3456   4.3079 f  -0.0377 (VIOLATED) func1_wst
   khu_sensor_top/ads1292_filter/r_iir_lpf_x_reg_15_/D   3.9078   3.8703 f  -0.0376 (VIOLATED) func1_wst
   khu_sensor_top/ads1292_filter/r_iir_lpf_x_reg_1_/D   3.9078   3.8705 f  -0.0373 (VIOLATED) func1_wst
   khu_sensor_top/ads1292_filter/iir_notch/mult_3/o_Z_reg_17_/D   4.0280   3.9908 f  -0.0372 (VIOLATED) func1_wst
   khu_sensor_top/ads1292_filter/converter_f2i/a_reg_15_/D   3.9039   3.8668 f  -0.0371 (VIOLATED) func1_wst
   khu_sensor_top/ads1292_filter/r_iir_lpf_x_reg_18_/D   3.9078   3.8708 f  -0.0370 (VIOLATED) func1_wst
   khu_sensor_top/ads1292_filter/r_iir_lpf_x_reg_0_/D   3.9078   3.8709 f  -0.0369 (VIOLATED) func1_wst
   khu_sensor_top/ads1292_filter/iir_hpf/r_y_data_reg_0_/D   4.2594   4.2225 f  -0.0369 (VIOLATED) func1_wst
   khu_sensor_top/ads1292_filter/r_converter_f2i_a_reg_1_/D   4.0181   3.9813 f  -0.0368 (VIOLATED) func1_wst
   khu_sensor_top/ads1292_filter/iir_hpf/r_x_data_reg_20_/D   4.3045   4.2682 f  -0.0363 (VIOLATED) func1_wst
   khu_sensor_top/ads1292_filter/iir_lpf/r_y_data_reg_26_/D   4.1727   4.1369 f  -0.0358 (VIOLATED) func1_wst
   khu_sensor_top/ads1292_filter/r_converter_f2i_a_reg_31_/D   4.0181   3.9827 f  -0.0354 (VIOLATED) func1_wst
   khu_sensor_top/ads1292_filter/iir_hpf/r_mult_B_reg_12_/D   4.3444   4.3095 f  -0.0350 (VIOLATED) func1_wst
   khu_sensor_top/ads1292_filter/iir_hpf/r_y_data_reg_27_/D   4.2495   4.2146 f  -0.0349 (VIOLATED) func1_wst
   khu_sensor_top/ads1292_filter/iir_notch/mult_2/a_reg_12_/D   4.0992   4.0643 f  -0.0349 (VIOLATED) func1_wst
   khu_sensor_top/ads1292_filter/iir_lpf/add/a_reg_28_/D   4.0536   4.0190 f  -0.0346 (VIOLATED) func1_wst
   khu_sensor_top/ads1292_filter/iir_hpf/r_add_B_reg_12_/D   4.2423   4.2078 f  -0.0344 (VIOLATED) func1_wst
   khu_sensor_top/ads1292_filter/r_iir_lpf_x_reg_12_/D   3.9078   3.8739 f  -0.0340 (VIOLATED) func1_wst
   khu_sensor_top/ads1292_controller/o_ADS1292_REG_DATA_OUT_reg_2_/D   4.2790   4.2452 f  -0.0339 (VIOLATED) func1_wst
   khu_sensor_top/ads1292_filter/iir_notch/r_mult_1_A_reg_9_/D   4.2712   4.2375 f  -0.0337 (VIOLATED) func1_wst
   khu_sensor_top/ads1292_filter/converter_f2i/a_reg_20_/D   3.9039   3.8704 f  -0.0334 (VIOLATED) func1_wst
   khu_sensor_top/ads1292_filter/r_iir_lpf_x_reg_5_/D   3.9078   3.8744 f  -0.0334 (VIOLATED) func1_wst
   khu_sensor_top/ads1292_filter/iir_notch/mult_1/o_Z_reg_8_/D   3.9850   3.9516 f  -0.0334 (VIOLATED) func1_wst
   khu_sensor_top/ads1292_filter/iir_lpf/r_x_data_reg_3_/D   4.1703   4.1374 r  -0.0329 (VIOLATED) func1_wst
   khu_sensor_top/ads1292_filter/iir_notch/mult_3/o_Z_reg_19_/D   4.0177   3.9851 f  -0.0326 (VIOLATED) func1_wst
   khu_sensor_top/ads1292_filter/iir_notch/r_x_data_reg_8_/D   4.2469   4.2144 f  -0.0325 (VIOLATED) func1_wst
   khu_sensor_top/ads1292_filter/iir_lpf/add/a_reg_25_/D   4.0535   4.0217 f  -0.0318 (VIOLATED) func1_wst
   khu_sensor_top/ads1292_filter/iir_notch/mult_2/a_reg_29_/D   4.0987   4.0671 f  -0.0316 (VIOLATED) func1_wst
   khu_sensor_top/ads1292_filter/iir_hpf/r_y_data_reg_11_/D   4.2559   4.2244 f  -0.0315 (VIOLATED) func1_wst
   khu_sensor_top/ads1292_filter/iir_lpf/add/o_Z_reg_12_/D   3.9874   3.9559 f  -0.0314 (VIOLATED) func1_wst
   khu_sensor_top/ads1292_filter/iir_notch/mult_3/o_Z_reg_10_/D   4.0176   3.9862 f  -0.0313 (VIOLATED) func1_wst
   khu_sensor_top/ads1292_filter/iir_notch/mult_3/o_Z_reg_5_/D   4.0176   3.9865 f  -0.0311 (VIOLATED) func1_wst
   khu_sensor_top/ads1292_filter/iir_lpf/r_x_data_reg_0_/D   4.2305   4.1995 f  -0.0310 (VIOLATED) func1_wst
   khu_sensor_top/ads1292_filter/converter_i2f/o_Z_reg_19_/D   3.8975   3.8666 f  -0.0309 (VIOLATED) func1_wst
   khu_sensor_top/ads1292_filter/iir_notch/mult_3/o_Z_reg_4_/D   4.0170   3.9863 f  -0.0308 (VIOLATED) func1_wst
   khu_sensor_top/ads1292_controller/o_ADS1292_REG_DATA_OUT_reg_5_/D   4.2743   4.2436 r  -0.0307 (VIOLATED) func1_wst
   khu_sensor_top/ads1292_filter/iir_notch/r_mult_1_A_reg_5_/D   4.2712   4.2413 f  -0.0299 (VIOLATED) func1_wst
   khu_sensor_top/ads1292_filter/iir_lpf/add/o_Z_reg_0_/D   3.9625   3.9328 f  -0.0297 (VIOLATED) func1_wst
   khu_sensor_top/ads1292_filter/iir_lpf/r_y_data_reg_23_/D   4.1723   4.1426 f  -0.0297 (VIOLATED) func1_wst
   khu_sensor_top/ads1292_filter/iir_notch/r_y_data_reg_31_/D   4.2591   4.2298 f  -0.0293 (VIOLATED) func1_wst
   khu_sensor_top/ads1292_filter/converter_f2i/a_reg_1_/D   3.9039   3.8746 f  -0.0292 (VIOLATED) func1_wst
   khu_sensor_top/ads1292_filter/iir_hpf/r_x_data_reg_30_/D   4.2851   4.2564 r  -0.0288 (VIOLATED) func1_wst
   khu_sensor_top/ads1292_filter/iir_lpf/r_x_data_reg_28_/D   4.2301   4.2013 r  -0.0288 (VIOLATED) func1_wst
   khu_sensor_top/ads1292_filter/iir_notch/add_2/b_reg_20_/D   4.0388   4.0101 f  -0.0287 (VIOLATED) func1_wst
   khu_sensor_top/ads1292_filter/iir_hpf/add/o_Z_reg_25_/D   3.9241   3.8955 f  -0.0287 (VIOLATED) func1_wst
   khu_sensor_top/ads1292_filter/iir_notch/r_x_data_reg_90_/D   4.2857   4.2575 f  -0.0283 (VIOLATED) func1_wst
   khu_sensor_top/ads1292_filter/iir_hpf/r_add_B_reg_25_/D   4.2157   4.1874 f  -0.0282 (VIOLATED) func1_wst
   khu_sensor_top/ads1292_filter/iir_notch/mult_3/o_Z_reg_7_/D   4.0173   3.9895 f  -0.0278 (VIOLATED) func1_wst
   khu_sensor_top/ads1292_filter/iir_notch/r_x_data_reg_7_/D   4.2466   4.2192 f  -0.0274 (VIOLATED) func1_wst
   khu_sensor_top/ads1292_filter/iir_hpf/r_mult_B_reg_17_/D   4.3448   4.3176 f  -0.0272 (VIOLATED) func1_wst
   khu_sensor_top/ads1292_filter/iir_notch/add_2/b_reg_16_/D   4.0380   4.0115 f  -0.0265 (VIOLATED) func1_wst
   khu_sensor_top/ads1292_filter/iir_hpf/mult/b_reg_18_/D   4.1893   4.1629 f  -0.0264 (VIOLATED) func1_wst
   khu_sensor_top/ads1292_filter/iir_hpf/r_mult_B_reg_3_/D   4.3453   4.3189 f  -0.0263 (VIOLATED) func1_wst
   khu_sensor_top/ads1292_filter/iir_notch/r_y_data_reg_104_/D   4.3349   4.3087 f  -0.0262 (VIOLATED) func1_wst
   khu_sensor_top/ads1292_filter/iir_lpf/r_y_data_reg_27_/D   4.1731   4.1471 f  -0.0260 (VIOLATED) func1_wst
   khu_sensor_top/ads1292_filter/converter_f2i/a_reg_12_/D   3.9039   3.8780 f  -0.0259 (VIOLATED) func1_wst
   khu_sensor_top/ads1292_filter/iir_hpf/r_add_B_reg_7_/D   4.2421   4.2167 f  -0.0254 (VIOLATED) func1_wst
   khu_sensor_top/ads1292_filter/r_iir_lpf_x_reg_6_/D   3.9078   3.8824 f  -0.0253 (VIOLATED) func1_wst
   khu_sensor_top/ads1292_filter/iir_notch/r_y_data_reg_30_/D   4.2602   4.2349 f  -0.0253 (VIOLATED) func1_wst
   khu_sensor_top/ads1292_filter/iir_hpf/add/o_Z_reg_28_/D   3.9241   3.8995 f  -0.0246 (VIOLATED) func1_wst
   khu_sensor_top/ads1292_filter/converter_i2f/o_Z_reg_9_/D   3.8971   3.8727 f  -0.0245 (VIOLATED) func1_wst
   khu_sensor_top/ads1292_filter/iir_notch/add_2/b_reg_31_/D   4.0389   4.0147 f  -0.0242 (VIOLATED) func1_wst
   khu_sensor_top/ads1292_filter/o_ADS1292_FILTERED_DATA_reg_22_/D   3.9015   3.8774 f  -0.0241 (VIOLATED) func1_wst
   khu_sensor_top/ads1292_filter/iir_hpf/mult/o_Z_reg_1_/D   3.9427   3.9187 f  -0.0240 (VIOLATED) func1_wst
   khu_sensor_top/ads1292_filter/iir_notch/mult_3/a_reg_1_/D   4.1178   4.0939 f  -0.0239 (VIOLATED) func1_wst
   khu_sensor_top/ads1292_filter/iir_notch/add_2/o_Z_reg_22_/D   3.8958   3.8719 f  -0.0238 (VIOLATED) func1_wst
   khu_sensor_top/ads1292_filter/iir_hpf/mult/b_reg_9_/D   4.1751   4.1515 f  -0.0236 (VIOLATED) func1_wst
   khu_sensor_top/ads1292_filter/iir_hpf/r_mult_B_reg_2_/D   4.3448   4.3212 f  -0.0235 (VIOLATED) func1_wst
   khu_sensor_top/ads1292_filter/iir_notch/mult_3/o_Z_reg_16_/D   4.0176   3.9943 f  -0.0232 (VIOLATED) func1_wst
   khu_sensor_top/ads1292_filter/iir_hpf/r_add_B_reg_30_/D   4.2158   4.1926 f  -0.0231 (VIOLATED) func1_wst
   khu_sensor_top/ads1292_filter/iir_notch/r_mult_1_A_reg_13_/D   4.2712   4.2481 f  -0.0231 (VIOLATED) func1_wst
   khu_sensor_top/ads1292_filter/iir_notch/mult_1/z_s_reg/D   3.9650   3.9423 f  -0.0227 (VIOLATED) func1_wst
   khu_sensor_top/mpr121_controller/i2c_master/phy_rx_data_reg_reg/D   4.0709   4.0482 f  -0.0227 (VIOLATED) func1_wst
   khu_sensor_top/ads1292_filter/iir_hpf/add/o_Z_reg_23_/D   3.9241   3.9015 f  -0.0226 (VIOLATED) func1_wst
   khu_sensor_top/ads1292_filter/iir_notch/mult_3/o_Z_reg_9_/D   4.0171   3.9946 f  -0.0225 (VIOLATED) func1_wst
   khu_sensor_top/ads1292_filter/iir_notch/mult_2/a_reg_22_/D   4.0992   4.0772 f  -0.0219 (VIOLATED) func1_wst
   khu_sensor_top/ads1292_filter/iir_notch/r_x_data_reg_25_/D   4.2952   4.2734 f  -0.0218 (VIOLATED) func1_wst
   khu_sensor_top/ads1292_filter/iir_notch/mult_3/o_Z_reg_6_/D   4.0176   3.9958 f  -0.0218 (VIOLATED) func1_wst
   khu_sensor_top/ads1292_filter/iir_hpf/mult/b_reg_3_/D   4.1903   4.1685 f  -0.0217 (VIOLATED) func1_wst
   khu_sensor_top/ads1292_filter/iir_notch/add_2/b_reg_17_/D   4.0382   4.0166 f  -0.0216 (VIOLATED) func1_wst
   khu_sensor_top/ads1292_filter/converter_i2f/o_Z_reg_27_/D   3.8972   3.8758 f  -0.0214 (VIOLATED) func1_wst
   khu_sensor_top/ads1292_filter/iir_hpf/r_mult_B_reg_5_/D   4.3445   4.3232 f  -0.0213 (VIOLATED) func1_wst
   khu_sensor_top/ads1292_filter/iir_hpf/mult/b_reg_2_/D   4.1907   4.1695 f  -0.0212 (VIOLATED) func1_wst
   khu_sensor_top/ads1292_filter/r_iir_lpf_x_reg_4_/D   3.9078   3.8872 f  -0.0206 (VIOLATED) func1_wst
   khu_sensor_top/ads1292_filter/iir_notch/mult_1/a_reg_11_/D   4.1342   4.1137 f  -0.0205 (VIOLATED) func1_wst
   khu_sensor_top/ads1292_filter/r_iir_notch_x_reg_29_/D   3.9423   3.9220 f  -0.0203 (VIOLATED) func1_wst
   khu_sensor_top/ads1292_filter/iir_hpf/add/o_Z_reg_1_/D   3.9298   3.9095 f  -0.0203 (VIOLATED) func1_wst
   khu_sensor_top/ads1292_filter/iir_notch/mult_3/o_Z_reg_15_/D   4.0176   3.9973 f  -0.0203 (VIOLATED) func1_wst
   khu_sensor_top/ads1292_filter/iir_notch/r_y_data_reg_15_/D   4.2713   4.2510 f  -0.0202 (VIOLATED) func1_wst
   khu_sensor_top/ads1292_filter/iir_hpf/r_mult_B_reg_15_/D   4.3447   4.3245 f  -0.0202 (VIOLATED) func1_wst
   khu_sensor_top/ads1292_filter/iir_lpf/r_y_data_reg_25_/D   4.1733   4.1532 f  -0.0201 (VIOLATED) func1_wst
   khu_sensor_top/ads1292_filter/iir_lpf/r_y_data_reg_28_/D   4.1734   4.1533 f  -0.0201 (VIOLATED) func1_wst
   khu_sensor_top/ads1292_filter/r_converter_f2i_a_reg_29_/D   3.9972   3.9772 f  -0.0200 (VIOLATED) func1_wst
   khu_sensor_top/ads1292_filter/iir_lpf/add/z_e_reg_3_/D   4.2206   4.2006 f  -0.0199 (VIOLATED) func1_wst
   khu_sensor_top/ads1292_filter/iir_notch/r_y_data_reg_12_/D   4.2603   4.2404 f  -0.0199 (VIOLATED) func1_wst
   khu_sensor_top/ads1292_filter/iir_notch/r_x_data_reg_11_/D   4.2467   4.2272 f  -0.0196 (VIOLATED) func1_wst
   khu_sensor_top/ads1292_filter/converter_i2f/o_Z_reg_7_/D   3.8975   3.8780 f  -0.0195 (VIOLATED) func1_wst
   khu_sensor_top/ads1292_filter/iir_hpf/r_x_data_reg_0_/D   4.3041   4.2846 f  -0.0195 (VIOLATED) func1_wst
   khu_sensor_top/ads1292_filter/iir_hpf/r_mult_B_reg_13_/D   4.3445   4.3250 f  -0.0195 (VIOLATED) func1_wst
   khu_sensor_top/ads1292_filter/iir_notch/mult_3/b_reg_14_/D   4.0642   4.0447 f  -0.0195 (VIOLATED) func1_wst
   khu_sensor_top/ads1292_filter/iir_hpf/mult/o_Z_reg_9_/D   3.9356   3.9165 f  -0.0191 (VIOLATED) func1_wst
   khu_sensor_top/ads1292_filter/iir_lpf/add/a_reg_13_/D   4.1567   4.1379 f  -0.0188 (VIOLATED) func1_wst
   khu_sensor_top/ads1292_controller/o_ADS1292_REG_DATA_OUT_reg_1_/D   4.2786   4.2600 f  -0.0186 (VIOLATED) func1_wst
   khu_sensor_top/ads1292_filter/iir_lpf/r_y_data_reg_39_/D   4.1726   4.1542 f  -0.0184 (VIOLATED) func1_wst
   khu_sensor_top/ads1292_filter/iir_notch/r_y_data_reg_106_/D   4.3346   4.3164 f  -0.0182 (VIOLATED) func1_wst
   khu_sensor_top/ads1292_filter/iir_lpf/r_y_data_reg_24_/D   4.1725   4.1543 f  -0.0182 (VIOLATED) func1_wst
   khu_sensor_top/ads1292_filter/iir_lpf/r_x_data_reg_10_/D   4.2304   4.2124 r  -0.0180 (VIOLATED) func1_wst
   khu_sensor_top/ads1292_filter/iir_hpf/add/o_Z_reg_22_/D   3.9300   3.9121 f  -0.0179 (VIOLATED) func1_wst
   khu_sensor_top/ads1292_filter/iir_lpf/r_x_data_reg_25_/D   4.2303   4.2126 f  -0.0178 (VIOLATED) func1_wst
   khu_sensor_top/ads1292_filter/iir_hpf/mult/z_reg_15_/CRN   4.0218   4.0041 f  -0.0177 (VIOLATED) func1_wst
   khu_sensor_top/ads1292_filter/iir_lpf/r_y_data_reg_38_/D   4.1723   4.1547 f  -0.0176 (VIOLATED) func1_wst
   khu_sensor_top/ads1292_filter/iir_hpf/mult/o_Z_reg_0_/D   3.9428   3.9254 f  -0.0174 (VIOLATED) func1_wst
   khu_sensor_top/ads1292_filter/iir_hpf/r_mult_B_reg_23_/D   4.3104   4.2934 f  -0.0170 (VIOLATED) func1_wst
   khu_sensor_top/ads1292_filter/r_iir_hpf_x_reg_23_/D   3.9456   3.9287 f  -0.0169 (VIOLATED) func1_wst
   khu_sensor_top/ads1292_filter/iir_notch/mult_3/b_reg_24_/D   4.1143   4.0974 f  -0.0169 (VIOLATED) func1_wst
   khu_sensor_top/ads1292_filter/r_iir_lpf_x_reg_3_/D   3.9077   3.8911 f  -0.0167 (VIOLATED) func1_wst
   khu_sensor_top/ads1292_filter/iir_notch/r_mult_1_B_reg_30_/D   4.3007   4.2842 f  -0.0165 (VIOLATED) func1_wst
   khu_sensor_top/ads1292_filter/iir_lpf/mult_2/o_Z_reg_17_/D   3.9184   3.9023 f  -0.0161 (VIOLATED) func1_wst
   khu_sensor_top/ads1292_controller/r_spi_data_in_reg_4_/D   4.2525   4.2365 f  -0.0160 (VIOLATED) func1_wst
   khu_sensor_top/ads1292_filter/iir_hpf/r_y_data_reg_24_/D   4.2523   4.2366 f  -0.0157 (VIOLATED) func1_wst
   khu_sensor_top/ads1292_filter/iir_notch/mult_3/b_reg_25_/D   4.1145   4.0989 f  -0.0156 (VIOLATED) func1_wst
   khu_sensor_top/ads1292_filter/iir_lpf/r_y_data_reg_17_/D   4.2297   4.2141 f  -0.0156 (VIOLATED) func1_wst
   khu_sensor_top/ads1292_filter/iir_lpf/add/o_Z_reg_10_/D   3.9874   3.9718 f  -0.0156 (VIOLATED) func1_wst
   khu_sensor_top/ads1292_filter/iir_lpf/r_x_data_reg_8_/D   4.2301   4.2147 f  -0.0155 (VIOLATED) func1_wst
   khu_sensor_top/ads1292_filter/iir_notch/r_y_data_reg_25_/D   4.2240   4.2089 f  -0.0151 (VIOLATED) func1_wst
   khu_sensor_top/ads1292_filter/iir_notch/r_y_data_reg_11_/D   4.2598   4.2446 f  -0.0151 (VIOLATED) func1_wst
   khu_sensor_top/ads1292_filter/iir_notch/r_x_data_reg_122_/D   4.2755   4.2605 f  -0.0150 (VIOLATED) func1_wst
   khu_sensor_top/ads1292_filter/iir_notch/add_1/o_Z_reg_22_/D   3.9378   3.9228 f  -0.0150 (VIOLATED) func1_wst
   khu_sensor_top/ads1292_filter/iir_hpf/r_mult_B_reg_8_/D   4.3444   4.3297 f  -0.0147 (VIOLATED) func1_wst
   khu_sensor_top/ads1292_filter/iir_notch/r_mult_1_A_reg_2_/D   4.3005   4.2858 f  -0.0147 (VIOLATED) func1_wst
   khu_sensor_top/ads1292_filter/converter_i2f/o_Z_reg_21_/D   3.8973   3.8832 f  -0.0141 (VIOLATED) func1_wst
   khu_sensor_top/ads1292_filter/r_converter_f2i_a_reg_5_/D   4.0181   4.0040 f  -0.0141 (VIOLATED) func1_wst
   khu_sensor_top/ads1292_filter/converter_f2i/a_reg_22_/D   3.9039   3.8897 f  -0.0141 (VIOLATED) func1_wst
   khu_sensor_top/ads1292_filter/iir_hpf/mult/b_reg_17_/D   4.1908   4.1773 f  -0.0135 (VIOLATED) func1_wst
   khu_sensor_top/ads1292_filter/iir_lpf/mult_2/o_Z_reg_21_/D   3.9184   3.9049 f  -0.0135 (VIOLATED) func1_wst
   khu_sensor_top/ads1292_filter/iir_notch/r_y_data_reg_56_/D   4.1901   4.1767 f  -0.0134 (VIOLATED) func1_wst
   khu_sensor_top/ads1292_filter/iir_hpf/r_add_B_reg_28_/D   4.2157   4.2025 f  -0.0132 (VIOLATED) func1_wst
   khu_sensor_top/ads1292_controller/o_ADS1292_REG_DATA_OUT_reg_4_/D   4.2786   4.2655 f  -0.0131 (VIOLATED) func1_wst
   khu_sensor_top/ads1292_filter/iir_hpf/r_y_data_reg_7_/D   4.2505   4.2375 f  -0.0130 (VIOLATED) func1_wst
   khu_sensor_top/ads1292_filter/iir_hpf/r_x_data_reg_18_/D   4.3045   4.2919 f  -0.0126 (VIOLATED) func1_wst
   khu_sensor_top/mpr121_controller/r_i2c_data_in_reg_0_/D   4.2775   4.2650 r  -0.0125 (VIOLATED) func1_wst
   khu_sensor_top/ads1292_filter/iir_hpf/r_x_data_reg_15_/D   4.2903   4.2781 f  -0.0121 (VIOLATED) func1_wst
   khu_sensor_top/ads1292_filter/iir_hpf/r_add_B_reg_20_/D   4.2417   4.2297 f  -0.0120 (VIOLATED) func1_wst
   khu_sensor_top/ads1292_filter/r_iir_notch_x_reg_3_/D   3.9827   3.9707 f  -0.0120 (VIOLATED) func1_wst
   khu_sensor_top/ads1292_controller/o_ADS1292_REG_DATA_OUT_reg_0_/D   4.2788   4.2668 f  -0.0119 (VIOLATED) func1_wst
   khu_sensor_top/ads1292_filter/iir_lpf/r_y_data_reg_51_/D   4.1276   4.1158 f  -0.0118 (VIOLATED) func1_wst
   khu_sensor_top/ads1292_filter/iir_lpf/add/o_Z_reg_8_/D   3.9874   3.9756 f  -0.0118 (VIOLATED) func1_wst
   khu_sensor_top/ads1292_filter/iir_notch/add_2/b_reg_26_/D   4.1255   4.1142 f  -0.0113 (VIOLATED) func1_wst
   khu_sensor_top/ads1292_filter/iir_lpf/r_x_data_reg_26_/D   4.2305   4.2194 r  -0.0111 (VIOLATED) func1_wst
   khu_sensor_top/ads1292_filter/converter_i2f/a_reg_17_/D   3.8893   3.8782 f  -0.0111 (VIOLATED) func1_wst
   khu_sensor_top/ads1292_controller/o_ADS1292_REG_DATA_OUT_reg_7_/D   4.2743   4.2632 r  -0.0111 (VIOLATED) func1_wst
   khu_sensor_top/ads1292_filter/iir_lpf/r_x_data_reg_60_/D   4.1266   4.1162 f  -0.0104 (VIOLATED) func1_wst
   khu_sensor_top/ads1292_filter/iir_hpf/add/o_Z_reg_26_/D   3.9241   3.9138 f  -0.0104 (VIOLATED) func1_wst
   khu_sensor_top/ads1292_filter/converter_i2f/a_reg_13_/D   3.8898   3.8798 f  -0.0100 (VIOLATED) func1_wst
   khu_sensor_top/ads1292_filter/iir_lpf/add/a_reg_6_/D   4.1566   4.1467 f  -0.0100 (VIOLATED) func1_wst
   khu_sensor_top/ads1292_filter/iir_lpf/r_y_data_reg_41_/D   4.1725   4.1625 f  -0.0100 (VIOLATED) func1_wst
   khu_sensor_top/ads1292_filter/iir_notch/r_x_data_reg_119_/D   4.2759   4.2659 f  -0.0099 (VIOLATED) func1_wst
   khu_sensor_top/ads1292_filter/iir_notch/add_2/a_reg_28_/D   4.1249   4.1151 f  -0.0099 (VIOLATED) func1_wst
   khu_sensor_top/ads1292_filter/converter_i2f/o_Z_reg_11_/D   3.8971   3.8880 f  -0.0091 (VIOLATED) func1_wst
   khu_sensor_top/ads1292_filter/iir_notch/mult_1/o_Z_reg_18_/D   3.9850   3.9758 f  -0.0091 (VIOLATED) func1_wst
   khu_sensor_top/ads1292_filter/iir_notch/add_1/o_Z_reg_30_/D   3.9379   3.9288 f  -0.0091 (VIOLATED) func1_wst
   khu_sensor_top/ads1292_filter/iir_hpf/r_x_data_reg_29_/D   4.2854   4.2764 r  -0.0091 (VIOLATED) func1_wst
   khu_sensor_top/ads1292_filter/iir_lpf/add/a_reg_18_/D   4.1459   4.1368 f  -0.0091 (VIOLATED) func1_wst
   khu_sensor_top/ads1292_filter/iir_lpf/r_x_data_reg_29_/D   4.2303   4.2216 f  -0.0088 (VIOLATED) func1_wst
   khu_sensor_top/ads1292_filter/iir_hpf/r_y_data_reg_18_/D   4.2586   4.2500 f  -0.0086 (VIOLATED) func1_wst
   khu_sensor_top/ads1292_filter/iir_notch/mult_3/a_reg_16_/D   4.1180   4.1097 f  -0.0082 (VIOLATED) func1_wst
   khu_sensor_top/ads1292_filter/iir_notch/mult_2/a_reg_19_/D   4.1388   4.1306 f  -0.0082 (VIOLATED) func1_wst
   khu_sensor_top/ads1292_filter/iir_hpf/r_x_data_reg_11_/D   4.3047   4.2965 f  -0.0082 (VIOLATED) func1_wst
   khu_sensor_top/ads1292_filter/iir_notch/mult_3/z_reg_1_/D   3.9649   3.9568 f  -0.0080 (VIOLATED) func1_wst
   khu_sensor_top/ads1292_filter/iir_lpf/add/z_e_reg_7_/D   4.2016   4.1939 f  -0.0077 (VIOLATED) func1_wst
   khu_sensor_top/ads1292_filter/iir_hpf/r_y_data_reg_21_/D   4.2570   4.2495 f  -0.0075 (VIOLATED) func1_wst
   khu_sensor_top/ads1292_filter/iir_hpf/add/o_Z_reg_24_/D   3.9241   3.9168 f  -0.0073 (VIOLATED) func1_wst
   khu_sensor_top/ads1292_filter/iir_notch/add_2/o_Z_reg_30_/D   3.8958   3.8890 f  -0.0067 (VIOLATED) func1_wst
   khu_sensor_top/ads1292_filter/iir_notch/mult_3/b_reg_11_/D   4.0641   4.0577 f  -0.0064 (VIOLATED) func1_wst
   khu_sensor_top/ads1292_filter/r_iir_lpf_x_reg_2_/D   3.9077   3.9014 f  -0.0063 (VIOLATED) func1_wst
   khu_sensor_top/ads1292_filter/iir_hpf/mult/o_Z_reg_22_/D   3.9428   3.9367 f  -0.0061 (VIOLATED) func1_wst
   khu_sensor_top/ads1292_filter/iir_lpf/r_x_data_reg_57_/D   4.1259   4.1199 f  -0.0061 (VIOLATED) func1_wst
   khu_sensor_top/ads1292_filter/iir_hpf/add/o_Z_reg_13_/D   3.9301   3.9240 f  -0.0061 (VIOLATED) func1_wst
   khu_sensor_top/ads1292_filter/iir_notch/mult_1/a_reg_17_/D   4.1341   4.1281 f  -0.0060 (VIOLATED) func1_wst
   khu_sensor_top/ads1292_filter/converter_i2f/z_reg_7_/D   3.9144   3.9084 f  -0.0060 (VIOLATED) func1_wst
   khu_sensor_top/ads1292_filter/iir_notch/add_1/b_reg_5_/D   3.9917   3.9859 f  -0.0058 (VIOLATED) func1_wst
   khu_sensor_top/ads1292_filter/iir_hpf/mult/b_reg_10_/D   4.1751   4.1694 f  -0.0057 (VIOLATED) func1_wst
   khu_sensor_top/ads1292_filter/iir_lpf/add/a_reg_8_/D   4.1658   4.1605 f  -0.0053 (VIOLATED) func1_wst
   khu_sensor_top/ads1292_filter/converter_i2f/z_reg_18_/D   3.9143   3.9091 f  -0.0052 (VIOLATED) func1_wst
   khu_sensor_top/ads1292_filter/r_iir_notch_x_reg_18_/D   3.9828   3.9776 f  -0.0052 (VIOLATED) func1_wst
   khu_sensor_top/ads1292_filter/iir_notch/r_y_data_reg_10_/D   4.2592   4.2541 f  -0.0051 (VIOLATED) func1_wst
   khu_sensor_top/ads1292_filter/converter_i2f/a_reg_15_/D   3.8901   3.8852 f  -0.0049 (VIOLATED) func1_wst
   khu_sensor_top/ads1292_filter/iir_notch/mult_1/a_reg_10_/D   4.1339   4.1296 f  -0.0043 (VIOLATED) func1_wst
   khu_sensor_top/ads1292_filter/iir_hpf/r_add_B_reg_23_/D   4.2154   4.2113 f  -0.0041 (VIOLATED) func1_wst
   khu_sensor_top/ads1292_filter/iir_notch/add_2/b_reg_29_/D   4.1255   4.1215 f  -0.0040 (VIOLATED) func1_wst
   khu_sensor_top/ads1292_filter/iir_notch/r_y_data_reg_17_/D   4.2714   4.2675 f  -0.0039 (VIOLATED) func1_wst
   khu_sensor_top/ads1292_filter/iir_lpf/r_x_data_reg_17_/D   4.2305   4.2267 r  -0.0038 (VIOLATED) func1_wst
   khu_sensor_top/ads1292_filter/iir_lpf/mult_2/b_reg_23_/D   4.1373   4.1335 f  -0.0038 (VIOLATED) func1_wst
   khu_sensor_top/ads1292_filter/iir_hpf/r_add_B_reg_29_/D   4.2158   4.2120 f  -0.0037 (VIOLATED) func1_wst
   khu_sensor_top/ads1292_filter/iir_notch/mult_1/a_reg_13_/D   4.1340   4.1303 f  -0.0037 (VIOLATED) func1_wst
   khu_sensor_top/ads1292_filter/iir_notch/mult_3/o_Z_reg_18_/D   4.0173   4.0137 f  -0.0036 (VIOLATED) func1_wst
   khu_sensor_top/ads1292_filter/iir_notch/mult_3/z_reg_3_/CRN   3.9649   3.9613 f  -0.0036 (VIOLATED) func1_wst
   khu_sensor_top/ads1292_filter/iir_lpf/mult_2/o_Z_reg_22_/D   3.9270   3.9235 f  -0.0036 (VIOLATED) func1_wst
   khu_sensor_top/ads1292_filter/iir_notch/mult_1/a_reg_19_/D   4.1341   4.1307 f  -0.0034 (VIOLATED) func1_wst
   khu_sensor_top/ads1292_filter/iir_notch/r_mult_1_A_reg_8_/D   4.2712   4.2678 f  -0.0034 (VIOLATED) func1_wst
   khu_sensor_top/ads1292_filter/converter_i2f/a_reg_23_/D   3.8898   3.8864 f  -0.0034 (VIOLATED) func1_wst
   khu_sensor_top/ads1292_filter/iir_notch/mult_1/a_reg_15_/D   4.1330   4.1298 f  -0.0032 (VIOLATED) func1_wst
   khu_sensor_top/ads1292_filter/iir_lpf/r_x_data_reg_75_/D   4.0483   4.0451 f  -0.0032 (VIOLATED) func1_wst
   khu_sensor_top/ads1292_filter/iir_lpf/r_x_data_reg_5_/D   4.2307   4.2275 r  -0.0031 (VIOLATED) func1_wst
   khu_sensor_top/ads1292_filter/iir_lpf/add/a_reg_0_/D   4.1460   4.1429 f  -0.0031 (VIOLATED) func1_wst
   khu_sensor_top/ads1292_filter/iir_lpf/add/a_reg_4_/D   4.1565   4.1535 f  -0.0030 (VIOLATED) func1_wst
   khu_sensor_top/ads1292_filter/converter_i2f/z_reg_17_/D   3.9145   3.9115 f  -0.0030 (VIOLATED) func1_wst
   khu_sensor_top/ads1292_filter/iir_lpf/add/a_reg_16_/D   4.1458   4.1429 f  -0.0029 (VIOLATED) func1_wst
   khu_sensor_top/ads1292_filter/iir_lpf/add/b_reg_17_/D   4.1566   4.1537 f  -0.0029 (VIOLATED) func1_wst
   khu_sensor_top/ads1292_filter/iir_notch/add_2/a_reg_26_/D   4.1252   4.1224 f  -0.0029 (VIOLATED) func1_wst
   khu_sensor_top/ads1292_controller/r_spi_data_in_reg_7_/D   4.2525   4.2497 f  -0.0027 (VIOLATED) func1_wst
   khu_sensor_top/ads1292_controller/r_spi_data_in_reg_1_/D   4.2525   4.2500 f  -0.0024 (VIOLATED) func1_wst
   khu_sensor_top/ads1292_filter/iir_lpf/add/b_reg_2_/D   4.1566   4.1545 f  -0.0021 (VIOLATED) func1_wst
   khu_sensor_top/ads1292_filter/r_iir_notch_x_reg_31_/D   3.9826   3.9806 f  -0.0021 (VIOLATED) func1_wst
   khu_sensor_top/ads1292_filter/iir_notch/mult_1/z_reg_7_/CRN   3.9924   3.9903 f  -0.0021 (VIOLATED) func1_wst
   khu_sensor_top/ads1292_filter/r_iir_notch_x_reg_10_/D   3.9826   3.9806 f  -0.0020 (VIOLATED) func1_wst
   khu_sensor_top/ads1292_filter/iir_notch/mult_3/o_Z_reg_14_/D   4.0175   4.0155 f  -0.0020 (VIOLATED) func1_wst
   khu_sensor_top/ads1292_filter/iir_lpf/r_x_data_reg_61_/D   4.1265   4.1246 f  -0.0019 (VIOLATED) func1_wst
   khu_sensor_top/ads1292_filter/iir_notch/mult_2/b_reg_23_/D   4.0883   4.0865 f  -0.0019 (VIOLATED) func1_wst
   khu_sensor_top/ads1292_filter/iir_notch/add_2/b_reg_0_/D   4.0380   4.0364 f  -0.0017 (VIOLATED) func1_wst
   khu_sensor_top/mpr121_controller/r_i2c_data_in_reg_7_/D   4.2775   4.2763 r  -0.0012 (VIOLATED) func1_wst
   khu_sensor_top/ads1292_controller/r_spi_data_in_reg_0_/D   4.2525   4.2515 r  -0.0009 (VIOLATED) func1_wst
   khu_sensor_top/ads1292_filter/iir_hpf/r_mult_B_reg_6_/D   4.3442   4.3434 f  -0.0008 (VIOLATED) func1_wst
   khu_sensor_top/ads1292_filter/iir_lpf/mult_2/o_Z_reg_0_/D   3.9184   3.9176 f  -0.0008 (VIOLATED) func1_wst
   khu_sensor_top/ads1292_filter/iir_notch/r_y_data_reg_20_/D   4.2710   4.2703 f  -0.0007 (VIOLATED) func1_wst
   khu_sensor_top/ads1292_filter/iir_notch/mult_3/b_reg_26_/D   4.1145   4.1139 f  -0.0006 (VIOLATED) func1_wst
   khu_sensor_top/ads1292_filter/iir_notch/mult_3/a_reg_18_/D   4.0643   4.0638 f  -0.0006 (VIOLATED) func1_wst
   khu_sensor_top/ads1292_filter/r_iir_notch_x_reg_8_/D   3.9828   3.9823 f  -0.0005 (VIOLATED) func1_wst
   khu_sensor_top/ads1292_filter/iir_notch/mult_3/a_reg_15_/D   4.1176   4.1171 f  -0.0005 (VIOLATED) func1_wst
   khu_sensor_top/ads1292_filter/iir_notch/r_y_data_reg_32_/D   4.1786   4.1782 f  -0.0004 (VIOLATED) func1_wst
   khu_sensor_top/ads1292_filter/iir_notch/mult_3/b_reg_5_/D   4.0641   4.0637 f  -0.0004 (VIOLATED) func1_wst
   khu_sensor_top/ads1292_filter/iir_hpf/r_mult_B_reg_9_/D   4.3456   4.3454 f  -0.0002 (VIOLATED) func1_wst
   khu_sensor_top/ads1292_filter/iir_notch/add_2/b_reg_27_/D   4.1255   4.1255 f   0.0000 (VIOLATED: increase significant digits) func1_wst


   max_transition

                             Required        Actual
   Net                      Transition     Transition        Slack             Scenario
   -----------------------------------------------------------------
   khu_sensor_top/ads1292_filter/iir_notch/add_1/n1391   1.0000   1.0753  -0.0753 (VIOLATED) func1_wst
       PIN :   khu_sensor_top/ads1292_filter/iir_notch/add_1/U789/C   1.0000   1.0753  -0.0753 (VIOLATED)
       PIN :   khu_sensor_top/ads1292_filter/iir_notch/add_1/U806/C   1.0000   1.0753  -0.0753 (VIOLATED)
       PIN :   khu_sensor_top/ads1292_filter/iir_notch/add_1/U804/C   1.0000   1.0753  -0.0753 (VIOLATED)
       PIN :   khu_sensor_top/ads1292_filter/iir_notch/add_1/U802/C   1.0000   1.0753  -0.0753 (VIOLATED)
       PIN :   khu_sensor_top/ads1292_filter/iir_notch/add_1/U800/C   1.0000   1.0753  -0.0753 (VIOLATED)
       PIN :   khu_sensor_top/ads1292_filter/iir_notch/add_1/U798/C   1.0000   1.0753  -0.0753 (VIOLATED)
       PIN :   khu_sensor_top/ads1292_filter/iir_notch/add_1/U796/C   1.0000   1.0753  -0.0753 (VIOLATED)
       PIN :   khu_sensor_top/ads1292_filter/iir_notch/add_1/U794/C   1.0000   1.0753  -0.0753 (VIOLATED)
       PIN :   khu_sensor_top/ads1292_filter/iir_notch/add_1/U792/C   1.0000   1.0753  -0.0753 (VIOLATED)
       PIN :   khu_sensor_top/ads1292_filter/iir_notch/add_1/U788/Y   1.0000   1.0753  -0.0753 (VIOLATED)
   khu_sensor_top/ads1292_filter/iir_notch/n2078   1.0000   1.0608  -0.0608 (VIOLATED) func1_wst
       PIN :   khu_sensor_top/ads1292_filter/iir_notch/r_add_1_A_reg_5_/D   1.0000   1.0608  -0.0608 (VIOLATED)
       PIN :   khu_sensor_top/ads1292_filter/iir_notch/U551/Y   1.0000   1.0608  -0.0608 (VIOLATED)
   khu_sensor_top/ads1292_filter/iir_hpf/add/n82   1.0000   1.0509  -0.0509 (VIOLATED) func1_wst
       PIN :   khu_sensor_top/ads1292_filter/iir_hpf/add/U536/B   1.0000   1.0481  -0.0481 (VIOLATED)
       PIN :   khu_sensor_top/ads1292_filter/iir_hpf/add/U554/B   1.0000   1.0489  -0.0489 (VIOLATED)
       PIN :   khu_sensor_top/ads1292_filter/iir_hpf/add/U534/B   1.0000   1.0482  -0.0482 (VIOLATED)
       PIN :   khu_sensor_top/ads1292_filter/iir_hpf/add/U538/B   1.0000   1.0484  -0.0484 (VIOLATED)
       PIN :   khu_sensor_top/ads1292_filter/iir_hpf/add/U540/B   1.0000   1.0487  -0.0487 (VIOLATED)
       PIN :   khu_sensor_top/ads1292_filter/iir_hpf/add/U530/B   1.0000   1.0488  -0.0488 (VIOLATED)
       PIN :   khu_sensor_top/ads1292_filter/iir_hpf/add/U512/B   1.0000   1.0489  -0.0489 (VIOLATED)
       PIN :   khu_sensor_top/ads1292_filter/iir_hpf/add/U532/B   1.0000   1.0485  -0.0485 (VIOLATED)
       PIN :   khu_sensor_top/ads1292_filter/iir_hpf/add/U514/B   1.0000   1.0489  -0.0489 (VIOLATED)
       PIN :   khu_sensor_top/ads1292_filter/iir_hpf/add/U516/B   1.0000   1.0491  -0.0491 (VIOLATED)
       PIN :   khu_sensor_top/ads1292_filter/iir_hpf/add/U542/B   1.0000   1.0489  -0.0489 (VIOLATED)
       PIN :   khu_sensor_top/ads1292_filter/iir_hpf/add/U526/B   1.0000   1.0490  -0.0490 (VIOLATED)
       PIN :   khu_sensor_top/ads1292_filter/iir_hpf/add/U524/B   1.0000   1.0491  -0.0491 (VIOLATED)
       PIN :   khu_sensor_top/ads1292_filter/iir_hpf/add/U518/B   1.0000   1.0491  -0.0491 (VIOLATED)
       PIN :   khu_sensor_top/ads1292_filter/iir_hpf/add/U520/B   1.0000   1.0491  -0.0491 (VIOLATED)
       PIN :   khu_sensor_top/ads1292_filter/iir_hpf/add/U528/B   1.0000   1.0489  -0.0489 (VIOLATED)
       PIN :   khu_sensor_top/ads1292_filter/iir_hpf/add/U544/B   1.0000   1.0489  -0.0489 (VIOLATED)
       PIN :   khu_sensor_top/ads1292_filter/iir_hpf/add/U546/B   1.0000   1.0489  -0.0489 (VIOLATED)
       PIN :   khu_sensor_top/ads1292_filter/iir_hpf/add/U522/B   1.0000   1.0492  -0.0492 (VIOLATED)
       PIN :   khu_sensor_top/ads1292_filter/iir_hpf/add/U614/A   1.0000   1.0504  -0.0504 (VIOLATED)
       PIN :   khu_sensor_top/ads1292_filter/iir_hpf/add/U603/A   1.0000   1.0504  -0.0504 (VIOLATED)
       PIN :   khu_sensor_top/ads1292_filter/iir_hpf/add/U591/A   1.0000   1.0504  -0.0504 (VIOLATED)
       PIN :   khu_sensor_top/ads1292_filter/iir_hpf/add/U739/D   1.0000   1.0497  -0.0497 (VIOLATED)
       PIN :   khu_sensor_top/ads1292_filter/iir_hpf/add/icc_place73/Y   1.0000   1.0509  -0.0509 (VIOLATED)
   khu_sensor_top/ads1292_filter/iir_notch/mult_2/b_m[7]   1.0000   1.0500  -0.0500 (VIOLATED) func1_wst
       PIN :   khu_sensor_top/ads1292_filter/iir_notch/mult_2/U284/B   1.0000   1.0496  -0.0496 (VIOLATED)
       PIN :   khu_sensor_top/ads1292_filter/iir_notch/mult_2/U346/C   1.0000   1.0479  -0.0479 (VIOLATED)
       PIN :   khu_sensor_top/ads1292_filter/iir_notch/mult_2/icc_place122/A   1.0000   1.0487  -0.0487 (VIOLATED)
       PIN :   khu_sensor_top/ads1292_filter/iir_notch/mult_2/b_m_reg_7_/Q   1.0000   1.0500  -0.0500 (VIOLATED)
       PIN :   khu_sensor_top/ads1292_filter/iir_notch/mult_2/mult_x_1/U1054/A   1.0000   1.0486  -0.0486 (VIOLATED)
       PIN :   khu_sensor_top/ads1292_filter/iir_notch/mult_2/mult_x_1/U950/A   1.0000   1.0484  -0.0484 (VIOLATED)
       PIN :   khu_sensor_top/ads1292_filter/iir_notch/mult_2/mult_x_1/U1002/A   1.0000   1.0481  -0.0481 (VIOLATED)
   khu_sensor_top/ads1292_filter/iir_notch/mult_2/b_m[8]   1.0000   1.0319  -0.0319 (VIOLATED) func1_wst
       PIN :   khu_sensor_top/ads1292_filter/iir_notch/mult_2/U283/B   1.0000   1.0316  -0.0316 (VIOLATED)
       PIN :   khu_sensor_top/ads1292_filter/iir_notch/mult_2/U346/D   1.0000   1.0306  -0.0306 (VIOLATED)
       PIN :   khu_sensor_top/ads1292_filter/iir_notch/mult_2/icc_place120/A   1.0000   1.0310  -0.0310 (VIOLATED)
       PIN :   khu_sensor_top/ads1292_filter/iir_notch/mult_2/b_m_reg_8_/Q   1.0000   1.0319  -0.0319 (VIOLATED)
       PIN :   khu_sensor_top/ads1292_filter/iir_notch/mult_2/mult_x_1/U1105/A   1.0000   1.0310  -0.0310 (VIOLATED)
       PIN :   khu_sensor_top/ads1292_filter/iir_notch/mult_2/mult_x_1/U1053/A   1.0000   1.0310  -0.0310 (VIOLATED)
       PIN :   khu_sensor_top/ads1292_filter/iir_notch/mult_2/mult_x_1/U949/A   1.0000   1.0310  -0.0310 (VIOLATED)
       PIN :   khu_sensor_top/ads1292_filter/iir_notch/mult_2/mult_x_1/U1001/A   1.0000   1.0306  -0.0306 (VIOLATED)
   khu_sensor_top/ads1292_filter/iir_notch/n2082   1.0000   1.0304  -0.0304 (VIOLATED) func1_wst
       PIN :   khu_sensor_top/ads1292_filter/iir_notch/r_add_1_A_reg_1_/D   1.0000   1.0304  -0.0304 (VIOLATED)
       PIN :   khu_sensor_top/ads1292_filter/iir_notch/U566/Y   1.0000   1.0304  -0.0304 (VIOLATED)
   khu_sensor_top/ads1292_filter/iir_notch/add_2/n1149   1.0000   1.0259  -0.0259 (VIOLATED) func1_wst
       PIN :   khu_sensor_top/ads1292_filter/iir_notch/add_2/U514/B   1.0000   1.0242  -0.0242 (VIOLATED)
       PIN :   khu_sensor_top/ads1292_filter/iir_notch/add_2/U512/B   1.0000   1.0242  -0.0242 (VIOLATED)
       PIN :   khu_sensor_top/ads1292_filter/iir_notch/add_2/icc_place53/A   1.0000   1.0259  -0.0259 (VIOLATED)
       PIN :   khu_sensor_top/ads1292_filter/iir_notch/add_2/U539/B   1.0000   1.0248  -0.0248 (VIOLATED)
       PIN :   khu_sensor_top/ads1292_filter/iir_notch/add_2/U534/B   1.0000   1.0248  -0.0248 (VIOLATED)
       PIN :   khu_sensor_top/ads1292_filter/iir_notch/add_2/U532/B   1.0000   1.0248  -0.0248 (VIOLATED)
       PIN :   khu_sensor_top/ads1292_filter/iir_notch/add_2/U530/B   1.0000   1.0246  -0.0246 (VIOLATED)
       PIN :   khu_sensor_top/ads1292_filter/iir_notch/add_2/U528/B   1.0000   1.0246  -0.0246 (VIOLATED)
       PIN :   khu_sensor_top/ads1292_filter/iir_notch/add_2/U526/B   1.0000   1.0244  -0.0244 (VIOLATED)
       PIN :   khu_sensor_top/ads1292_filter/iir_notch/add_2/U524/B   1.0000   1.0241  -0.0241 (VIOLATED)
       PIN :   khu_sensor_top/ads1292_filter/iir_notch/add_2/U516/B   1.0000   1.0241  -0.0241 (VIOLATED)
       PIN :   khu_sensor_top/ads1292_filter/iir_notch/add_2/U555/B   1.0000   1.0247  -0.0247 (VIOLATED)
       PIN :   khu_sensor_top/ads1292_filter/iir_notch/add_2/U553/B   1.0000   1.0239  -0.0239 (VIOLATED)
       PIN :   khu_sensor_top/ads1292_filter/iir_notch/add_2/U551/B   1.0000   1.0240  -0.0240 (VIOLATED)
       PIN :   khu_sensor_top/ads1292_filter/iir_notch/add_2/U549/B   1.0000   1.0242  -0.0242 (VIOLATED)
       PIN :   khu_sensor_top/ads1292_filter/iir_notch/add_2/U547/B   1.0000   1.0245  -0.0245 (VIOLATED)
       PIN :   khu_sensor_top/ads1292_filter/iir_notch/add_2/U545/B   1.0000   1.0246  -0.0246 (VIOLATED)
       PIN :   khu_sensor_top/ads1292_filter/iir_notch/add_2/U543/B   1.0000   1.0247  -0.0247 (VIOLATED)
       PIN :   khu_sensor_top/ads1292_filter/iir_notch/add_2/U541/B   1.0000   1.0247  -0.0247 (VIOLATED)
       PIN :   khu_sensor_top/ads1292_filter/iir_notch/add_2/U507/Y   1.0000   1.0237  -0.0237 (VIOLATED)
   khu_sensor_top/ads1292_filter/iir_hpf/add/n1169   1.0000   1.0168  -0.0168 (VIOLATED) func1_wst
       PIN :   khu_sensor_top/ads1292_filter/iir_hpf/add/U517/B   1.0000   1.0149  -0.0149 (VIOLATED)
       PIN :   khu_sensor_top/ads1292_filter/iir_hpf/add/U515/B   1.0000   1.0146  -0.0146 (VIOLATED)
       PIN :   khu_sensor_top/ads1292_filter/iir_hpf/add/U513/B   1.0000   1.0145  -0.0145 (VIOLATED)
       PIN :   khu_sensor_top/ads1292_filter/iir_hpf/add/icc_place53/A   1.0000   1.0154  -0.0154 (VIOLATED)
       PIN :   khu_sensor_top/ads1292_filter/iir_hpf/add/U533/B   1.0000   1.0147  -0.0147 (VIOLATED)
       PIN :   khu_sensor_top/ads1292_filter/iir_hpf/add/U531/B   1.0000   1.0146  -0.0146 (VIOLATED)
       PIN :   khu_sensor_top/ads1292_filter/iir_hpf/add/U529/B   1.0000   1.0149  -0.0149 (VIOLATED)
       PIN :   khu_sensor_top/ads1292_filter/iir_hpf/add/U527/B   1.0000   1.0150  -0.0150 (VIOLATED)
       PIN :   khu_sensor_top/ads1292_filter/iir_hpf/add/U525/B   1.0000   1.0150  -0.0150 (VIOLATED)
       PIN :   khu_sensor_top/ads1292_filter/iir_hpf/add/U523/B   1.0000   1.0150  -0.0150 (VIOLATED)
       PIN :   khu_sensor_top/ads1292_filter/iir_hpf/add/U521/B   1.0000   1.0150  -0.0150 (VIOLATED)
       PIN :   khu_sensor_top/ads1292_filter/iir_hpf/add/U519/B   1.0000   1.0150  -0.0150 (VIOLATED)
       PIN :   khu_sensor_top/ads1292_filter/iir_hpf/add/U555/B   1.0000   1.0148  -0.0148 (VIOLATED)
       PIN :   khu_sensor_top/ads1292_filter/iir_hpf/add/U547/B   1.0000   1.0146  -0.0146 (VIOLATED)
       PIN :   khu_sensor_top/ads1292_filter/iir_hpf/add/U545/B   1.0000   1.0149  -0.0149 (VIOLATED)
       PIN :   khu_sensor_top/ads1292_filter/iir_hpf/add/U543/B   1.0000   1.0149  -0.0149 (VIOLATED)
       PIN :   khu_sensor_top/ads1292_filter/iir_hpf/add/U541/B   1.0000   1.0146  -0.0146 (VIOLATED)
       PIN :   khu_sensor_top/ads1292_filter/iir_hpf/add/U539/B   1.0000   1.0149  -0.0149 (VIOLATED)
       PIN :   khu_sensor_top/ads1292_filter/iir_hpf/add/U537/B   1.0000   1.0148  -0.0148 (VIOLATED)
       PIN :   khu_sensor_top/ads1292_filter/iir_hpf/add/U535/B   1.0000   1.0156  -0.0156 (VIOLATED)
       PIN :   khu_sensor_top/ads1292_filter/iir_hpf/add/U508/Y   1.0000   1.0168  -0.0168 (VIOLATED)
   khu_sensor_top/ads1292_filter/iir_notch/mult_1/state[0]   1.0000   1.0138  -0.0138 (VIOLATED) func1_wst
       PIN :   khu_sensor_top/ads1292_filter/iir_notch/mult_1/icc_place25/A   1.0000   1.0131  -0.0131 (VIOLATED)
       PIN :   khu_sensor_top/ads1292_filter/iir_notch/mult_1/icc_place19/B   1.0000   1.0131  -0.0131 (VIOLATED)
       PIN :   khu_sensor_top/ads1292_filter/iir_notch/mult_1/U172/B   1.0000   1.0132  -0.0132 (VIOLATED)
       PIN :   khu_sensor_top/ads1292_filter/iir_notch/mult_1/U196/A   1.0000   1.0132  -0.0132 (VIOLATED)
       PIN :   khu_sensor_top/ads1292_filter/iir_notch/mult_1/U195/A   1.0000   1.0131  -0.0131 (VIOLATED)
       PIN :   khu_sensor_top/ads1292_filter/iir_notch/mult_1/U179/B   1.0000   1.0132  -0.0132 (VIOLATED)
       PIN :   khu_sensor_top/ads1292_filter/iir_notch/mult_1/U219/C   1.0000   1.0132  -0.0132 (VIOLATED)
       PIN :   khu_sensor_top/ads1292_filter/iir_notch/mult_1/U164/B   1.0000   1.0132  -0.0132 (VIOLATED)
       PIN :   khu_sensor_top/ads1292_filter/iir_notch/mult_1/state_reg_0_/Q   1.0000   1.0138  -0.0138 (VIOLATED)
   khu_sensor_top/ads1292_filter/iir_notch/n449   1.0000   1.0136  -0.0136 (VIOLATED) func1_wst
       PIN :   khu_sensor_top/ads1292_filter/iir_notch/U156/B   1.0000   1.0133  -0.0133 (VIOLATED)
       PIN :   khu_sensor_top/ads1292_filter/iir_notch/U137/B   1.0000   1.0134  -0.0134 (VIOLATED)
       PIN :   khu_sensor_top/ads1292_filter/iir_notch/U142/B   1.0000   1.0133  -0.0133 (VIOLATED)
       PIN :   khu_sensor_top/ads1292_filter/iir_notch/U143/B   1.0000   1.0133  -0.0133 (VIOLATED)
       PIN :   khu_sensor_top/ads1292_filter/iir_notch/U141/B   1.0000   1.0132  -0.0132 (VIOLATED)
       PIN :   khu_sensor_top/ads1292_filter/iir_notch/U145/B   1.0000   1.0136  -0.0136 (VIOLATED)
       PIN :   khu_sensor_top/ads1292_filter/iir_notch/U119/B   1.0000   1.0134  -0.0134 (VIOLATED)
       PIN :   khu_sensor_top/ads1292_filter/iir_notch/U155/B   1.0000   1.0133  -0.0133 (VIOLATED)
       PIN :   khu_sensor_top/ads1292_filter/iir_notch/U151/B   1.0000   1.0134  -0.0134 (VIOLATED)
       PIN :   khu_sensor_top/ads1292_filter/iir_notch/U150/B   1.0000   1.0133  -0.0133 (VIOLATED)
       PIN :   khu_sensor_top/ads1292_filter/iir_notch/U147/B   1.0000   1.0132  -0.0132 (VIOLATED)
       PIN :   khu_sensor_top/ads1292_filter/iir_notch/U148/B   1.0000   1.0132  -0.0132 (VIOLATED)
       PIN :   khu_sensor_top/ads1292_filter/iir_notch/U152/B   1.0000   1.0134  -0.0134 (VIOLATED)
       PIN :   khu_sensor_top/ads1292_filter/iir_notch/U153/B   1.0000   1.0133  -0.0133 (VIOLATED)
       PIN :   khu_sensor_top/ads1292_filter/iir_notch/U154/B   1.0000   1.0134  -0.0134 (VIOLATED)
       PIN :   khu_sensor_top/ads1292_filter/iir_notch/U149/B   1.0000   1.0135  -0.0135 (VIOLATED)
       PIN :   khu_sensor_top/ads1292_filter/iir_notch/U139/B   1.0000   1.0133  -0.0133 (VIOLATED)
       PIN :   khu_sensor_top/ads1292_filter/iir_notch/icc_place292/Y   1.0000   1.0136  -0.0136 (VIOLATED)
   khu_sensor_top/ads1292_filter/iir_hpf/add/a_e[6]   1.0000   1.0082  -0.0082 (VIOLATED) func1_wst
       PIN :   khu_sensor_top/ads1292_filter/iir_hpf/add/U328/A   1.0000   1.0079  -0.0079 (VIOLATED)
       PIN :   khu_sensor_top/ads1292_filter/iir_hpf/add/U224/A   1.0000   1.0077  -0.0077 (VIOLATED)
       PIN :   khu_sensor_top/ads1292_filter/iir_hpf/add/U583/A   1.0000   1.0077  -0.0077 (VIOLATED)
       PIN :   khu_sensor_top/ads1292_filter/iir_hpf/add/U184/D   1.0000   1.0077  -0.0077 (VIOLATED)
       PIN :   khu_sensor_top/ads1292_filter/iir_hpf/add/U307/C   1.0000   1.0078  -0.0078 (VIOLATED)
       PIN :   khu_sensor_top/ads1292_filter/iir_hpf/add/U313/C   1.0000   1.0079  -0.0079 (VIOLATED)
       PIN :   khu_sensor_top/ads1292_filter/iir_hpf/add/U166/A   1.0000   1.0079  -0.0079 (VIOLATED)
       PIN :   khu_sensor_top/ads1292_filter/iir_hpf/add/icc_place32/A   1.0000   1.0077  -0.0077 (VIOLATED)
       PIN :   khu_sensor_top/ads1292_filter/iir_hpf/add/a_e_reg_6_/Q   1.0000   1.0082  -0.0082 (VIOLATED)
       PIN :   khu_sensor_top/ads1292_filter/iir_hpf/add/DP_OP_125_136_9258/U4/A   1.0000   1.0077  -0.0077 (VIOLATED)
   khu_sensor_top/ads1292_filter/iir_lpf/mult_2/mult_x_1/n283   1.0000   1.0076  -0.0076 (VIOLATED) func1_wst
       PIN :   khu_sensor_top/ads1292_filter/iir_lpf/mult_2/mult_x_1/U188/A   1.0000   1.0065  -0.0065 (VIOLATED)
       PIN :   khu_sensor_top/ads1292_filter/iir_lpf/mult_2/mult_x_1/U172/A   1.0000   1.0065  -0.0065 (VIOLATED)
       PIN :   khu_sensor_top/ads1292_filter/iir_lpf/mult_2/mult_x_1/U160/A   1.0000   1.0067  -0.0067 (VIOLATED)
       PIN :   khu_sensor_top/ads1292_filter/iir_lpf/mult_2/mult_x_1/U138/A   1.0000   1.0070  -0.0070 (VIOLATED)
       PIN :   khu_sensor_top/ads1292_filter/iir_lpf/mult_2/mult_x_1/U126/A   1.0000   1.0067  -0.0067 (VIOLATED)
       PIN :   khu_sensor_top/ads1292_filter/iir_lpf/mult_2/mult_x_1/U112/A   1.0000   1.0068  -0.0068 (VIOLATED)
       PIN :   khu_sensor_top/ads1292_filter/iir_lpf/mult_2/mult_x_1/U100/A   1.0000   1.0068  -0.0068 (VIOLATED)
       PIN :   khu_sensor_top/ads1292_filter/iir_lpf/mult_2/mult_x_1/U86/A   1.0000   1.0068  -0.0068 (VIOLATED)
       PIN :   khu_sensor_top/ads1292_filter/iir_lpf/mult_2/mult_x_1/U272/A   1.0000   1.0069  -0.0069 (VIOLATED)
       PIN :   khu_sensor_top/ads1292_filter/iir_lpf/mult_2/mult_x_1/U271/B   1.0000   1.0069  -0.0069 (VIOLATED)
       PIN :   khu_sensor_top/ads1292_filter/iir_lpf/mult_2/mult_x_1/U260/A   1.0000   1.0069  -0.0069 (VIOLATED)
       PIN :   khu_sensor_top/ads1292_filter/iir_lpf/mult_2/mult_x_1/U242/A   1.0000   1.0067  -0.0067 (VIOLATED)
       PIN :   khu_sensor_top/ads1292_filter/iir_lpf/mult_2/mult_x_1/U230/A   1.0000   1.0069  -0.0069 (VIOLATED)
       PIN :   khu_sensor_top/ads1292_filter/iir_lpf/mult_2/mult_x_1/U212/A   1.0000   1.0066  -0.0066 (VIOLATED)
       PIN :   khu_sensor_top/ads1292_filter/iir_lpf/mult_2/mult_x_1/U202/A   1.0000   1.0066  -0.0066 (VIOLATED)
       PIN :   khu_sensor_top/ads1292_filter/iir_lpf/mult_2/mult_x_1/U1640/Y   1.0000   1.0076  -0.0076 (VIOLATED)
   khu_sensor_top/mpr121_controller/n53   1.0000   1.0039  -0.0039  (VIOLATED) func1_wst
       PIN :   khu_sensor_top/mpr121_controller/icc_cpts22/A   1.0000   1.0037  -0.0037 (VIOLATED)
       PIN :   khu_sensor_top/mpr121_controller/U179/AN   1.0000   1.0037  -0.0037 (VIOLATED)
       PIN :   khu_sensor_top/mpr121_controller/U176/B   1.0000   1.0037  -0.0037 (VIOLATED)
       PIN :   khu_sensor_top/mpr121_controller/U152/B   1.0000   1.0036  -0.0036 (VIOLATED)
       PIN :   khu_sensor_top/mpr121_controller/U130/B   1.0000   1.0037  -0.0037 (VIOLATED)
       PIN :   khu_sensor_top/mpr121_controller/U118/B   1.0000   1.0036  -0.0036 (VIOLATED)
       PIN :   khu_sensor_top/mpr121_controller/U95/A   1.0000   1.0037  -0.0037 (VIOLATED)
       PIN :   khu_sensor_top/mpr121_controller/U71/B   1.0000   1.0037  -0.0037 (VIOLATED)
       PIN :   khu_sensor_top/mpr121_controller/U153/Y   1.0000   1.0039  -0.0039 (VIOLATED)

   -----------------------------------------------------------------
   Total                      13               -0.3890    func1_wst

   max_area

                             Required        Actual
   Design                      Area           Area           Slack
   -----------------------------------------------------------------
   khu_sensor_pad             0.0000       91192.1797     -91192.1797 (VIOLATED)


1
