Warning: duplicate option '-derate' overrides previous value. (CMD-018)
 
****************************************
Report : timing
        -path full_clock_expanded
        -delay max
        -physical
        -derate
        -input_pins
        -nets
        -slack_lesser_than 0.0100
        -max_paths 100
        -transition_time
        -crosstalk_delta
        -capacitance
Design : khu_sensor_pad
Scenario(s): func1_wst
Version: N-2017.09
Date   : Tue Sep  8 19:12:12 2020
****************************************

 * Some/all delay information is back-annotated.
	Scenario            : func1_wst
	Parasitic source    : LPE
	Parasitic mode      : RealRC
	Extraction mode     : MIN_MAX
	Extraction derating : 125/125

Information: Percent of Arnoldi-based delays = 95.14% on scenario func1_wst

  Startpoint: khu_sensor_top/ads1292_filter/iir_hpf/add/b_m_reg_25_
              (rising edge-triggered flip-flop clocked by clk)
  Endpoint: khu_sensor_top/ads1292_filter/iir_hpf/add/sum_reg_27_
            (rising edge-triggered flip-flop clocked by clk)
  Scenario: func1_wst
  Path Group: clk
  Path Type: max

Attributes:
    d - dont_touch
    u - dont_use
   mo - map_only
   so - size_only
    i - ideal_net or ideal_network

  Point                                       Fanout       Cap     DTran     Trans     Delta     Derate      Incr       Path      Location / Load        Attributes     Voltage
  ---------------------------------------------------------------------------------------------------------------------------------------------------------------------------
  clock clk (rise edge)                                                                                    0.0000     0.0000                                            
  clock clk (source latency)                                                                               0.7000     0.7000 r                                          
  i_CLK (in)                                                                0.0001               1.0650    0.0000 @   0.7000 r    (13.40,946.00)                        
  i_CLK (net)                                   3       2.8987                                   1.0650    0.0000     0.7000 r    [0.90,2.90]            d              
  pad1/PAD (phbct24_p)                                            0.0000    0.0001    0.0000     1.0650    0.0000 @   0.7000 r    (58.40,974.00)         d u            1.05
  pad1/Y (phbct24_p)                                                        0.2912               1.0650    1.3605 @   2.0605 r    (137.52,999.31)        d u            1.05
  w_clk_p (net)                                 1       0.0616                                   1.0650    0.0000     2.0605 r    [0.02,0.06]            d              
  khu_sensor_top/i_CLK (khu_sensor_top)                                                          1.0650    0.0000     2.0605 r    (netlink)                             
  khu_sensor_top/i_CLK (net)                            0.0616                                   1.0650    0.0000     2.0605 r    [0.02,0.06]            d              
  khu_sensor_top/CTS_funccts_wst_ivd24_hd_G2B11I11/A (ivd24_hd)   0.0000    0.2912    0.0000     1.0650    0.0009 @   2.0614 r    (191.68,999.22)        d              1.05
  khu_sensor_top/CTS_funccts_wst_ivd24_hd_G2B11I11/Y (ivd24_hd)             0.1920               1.0650    0.1423 @   2.2037 f    (190.83,999.24)        d              1.05
  khu_sensor_top/w_clk_p_G2B1I1 (net)           2       0.2757                                   1.0650    0.0000     2.2037 f    [0.23,0.28]            d              
  khu_sensor_top/CTS_funccts_wst_ivd16_hd_G2B7I1/A (ivd12_hd)     0.0000    0.2053    0.0000     1.0650    0.0176 @   2.2213 f    (254.17,884.02)        d              1.05
  khu_sensor_top/CTS_funccts_wst_ivd16_hd_G2B7I1/Y (ivd12_hd)               0.2121               1.0650    0.1523 @   2.3736 r    (253.53,884.10)        d              1.05
  khu_sensor_top/w_clk_p_G2B6I1 (net)           3       0.1136                                   1.0650    0.0000     2.3736 r    [0.07,0.11]            d              
  khu_sensor_top/CTS_funccts_wst_ivd12_hd_G2B6I2/A (ivd6_hd)      0.0000    0.2123    0.0000     1.0650    0.0027 @   2.3763 r    (283.88,848.01)        d              1.05
  khu_sensor_top/CTS_funccts_wst_ivd12_hd_G2B6I2/Y (ivd6_hd)                0.1509               1.0650    0.1407 @   2.5169 f    (284.43,848.06)        d              1.05
  khu_sensor_top/w_clk_p_G2B7I2 (net)           2       0.0768                                   1.0650    0.0000     2.5169 f    [0.05,0.08]            d              
  khu_sensor_top/CTS_funccts_wst_ivd16_hd_G2B5I4/A (ivd12_hd)     0.0000    0.1510    0.0000     1.0650    0.0015 @   2.5184 f    (357.13,819.22)        d              1.05
  khu_sensor_top/CTS_funccts_wst_ivd16_hd_G2B5I4/Y (ivd12_hd)               0.1995               1.0650    0.1367 @   2.6551 r    (356.49,819.30)        d              1.05
  khu_sensor_top/w_clk_p_G2B8I4 (net)           2       0.1133                                   1.0650    0.0000     2.6551 r    [0.06,0.11]            d              
  khu_sensor_top/CTS_funccts_wst_ivd24_hd_G2B4I7/A (ivd20_hd)     0.0000    0.1996    0.0000     1.0650    0.0008 @   2.6559 r    (360.78,812.02)        d              1.05
  khu_sensor_top/CTS_funccts_wst_ivd24_hd_G2B4I7/Y (ivd20_hd)               0.1731               1.0650    0.1378 @   2.7938 f    (359.83,812.09)        d              1.05
  khu_sensor_top/w_clk_p_G2B9I7 (net)           3       0.2833                                   1.0650    0.0000     2.7938 f    [0.22,0.28]            d              
  khu_sensor_top/CTS_funccts_wst_ivd24_hd_G2B3I5/A (ivd16_hd)     0.0000    0.1733    0.0000     1.0650    0.0029 @   2.7967 f    (339.67,909.64)        d              1.05
  khu_sensor_top/CTS_funccts_wst_ivd24_hd_G2B3I5/Y (ivd16_hd)               0.2598               1.0650    0.1588 @   2.9555 r    (340.27,909.56)        d              1.05
  khu_sensor_top/w_clk_p_G2B10I5 (net)          1       0.1941                                   1.0650    0.0000     2.9555 r    [0.18,0.19]            d              
  khu_sensor_top/CTS_funccts_wst_ivd16_hd_G2B2I19/A (ivd8_hd)     0.0000    0.2634    0.0000     1.0650    0.0242 @   2.9797 r    (912.60,912.82)        d              1.05
  khu_sensor_top/CTS_funccts_wst_ivd16_hd_G2B2I19/Y (ivd8_hd)               0.2191               1.0650    0.1924 @   3.1721 f    (913.21,912.86)        d              1.05
  khu_sensor_top/w_clk_p_G2B11I19 (net)         3       0.1595                                   1.0650    0.0000     3.1721 f    [0.07,0.16]            d              
  khu_sensor_top/ads1292_filter/i_CLK_cts_7_3 (ads1292_filter)                                   1.0650    0.0000     3.1721 f    (netlink)                             
  khu_sensor_top/ads1292_filter/i_CLK_cts_7_3 (net)     0.1595                                   1.0650    0.0000     3.1721 f    [0.07,0.16]            d              
  khu_sensor_top/ads1292_filter/iir_hpf/i_CLK_cts_0_5 (iir_hpf)                                  1.0650    0.0000     3.1721 f    (netlink)                             
  khu_sensor_top/ads1292_filter/iir_hpf/i_CLK_cts_0_5 (net)   0.1595                             1.0650    0.0000     3.1721 f    [0.07,0.16]            d              
  khu_sensor_top/ads1292_filter/iir_hpf/add/i_CLK_cts_0_1 (float_adder_0)                        1.0650    0.0000     3.1721 f    (netlink)                             
  khu_sensor_top/ads1292_filter/iir_hpf/add/i_CLK_cts_0_1 (net)   0.1595                         1.0650    0.0000     3.1721 f    [0.07,0.16]            d              
  khu_sensor_top/ads1292_filter/iir_hpf/add/CTS_funccts_wst_ivd16_hd_G2B1I22/A (ivd12_hd)   0.0000   0.2192   0.0000   1.0650   0.0011 @   3.1731 f (921.43,909.62) d   1.05
  khu_sensor_top/ads1292_filter/iir_hpf/add/CTS_funccts_wst_ivd16_hd_G2B1I22/Y (ivd12_hd)   0.2308   1.0650   0.1672 @   3.3404 r (922.07,909.54)        d              1.05
  khu_sensor_top/ads1292_filter/iir_hpf/add/w_clk_p_G2B12I22 (net)    27   0.1282                1.0650    0.0000     3.3404 r    [0.07,0.13]            d              
  khu_sensor_top/ads1292_filter/iir_hpf/add/b_m_reg_25_/CK (fd1qd1_hd)   0.0000   0.2303   0.0000   1.0650   0.0010 @   3.3414 r  (889.70,923.76)                       1.05
  khu_sensor_top/ads1292_filter/iir_hpf/add/b_m_reg_25_/CK (fd1qd1_hd)   0.0000   0.2303   0.0000   1.1440   0.0000   3.3414 r    (889.70,923.76)                       1.05
  khu_sensor_top/ads1292_filter/iir_hpf/add/b_m_reg_25_/Q (fd1qd1_hd)       0.5824               1.1440    0.7186 @   4.0599 r    (883.48,923.90)                       1.05
  khu_sensor_top/ads1292_filter/iir_hpf/add/b_m[25] (net)     4   0.0302                         1.1440    0.0000     4.0599 r    [0.02,0.03]                           
  khu_sensor_top/ads1292_filter/iir_hpf/add/gte_x_3/B[25] (float_adder_0_DW_cmp_6)               1.1440    0.0000     4.0599 r    (netlink)                             
  khu_sensor_top/ads1292_filter/iir_hpf/add/gte_x_3/B[25] (net)   0.0302                         1.1440    0.0000     4.0599 r    [0.02,0.03]                           
  khu_sensor_top/ads1292_filter/iir_hpf/add/gte_x_3/U154/A (ivd1_hd)   0.0000   0.5824   0.0515   1.1440   0.0592 @   4.1191 r    (907.24,909.61)                       1.05
  khu_sensor_top/ads1292_filter/iir_hpf/add/gte_x_3/U154/Y (ivd1_hd)        0.1825               1.1440    0.1782 @   4.2973 f    (907.67,909.47)                       1.05
  khu_sensor_top/ads1292_filter/iir_hpf/add/gte_x_3/n133 (net)     2   0.0058                    1.1440    0.0000     4.2973 f    [0.00,0.01]                           
  khu_sensor_top/ads1292_filter/iir_hpf/add/gte_x_3/U186/A (or2d2_hd)   0.0000   0.1825   0.0000   1.1440   0.0000 @   4.2973 f   (909.57,909.62)                       1.05
  khu_sensor_top/ads1292_filter/iir_hpf/add/gte_x_3/U186/Y (or2d2_hd)       0.0985               1.1440    0.2571 @   4.5543 f    (911.16,909.47)                       1.05
  khu_sensor_top/ads1292_filter/iir_hpf/add/gte_x_3/n199 (net)     2   0.0066                    1.1440    0.0000     4.5543 f    [0.00,0.01]                           
  khu_sensor_top/ads1292_filter/iir_hpf/add/gte_x_3/U169/A (ao21d1_hd)   0.0000   0.0985   0.0015   1.1440   0.0017 @   4.5560 f  (914.35,909.62)                       1.05
  khu_sensor_top/ads1292_filter/iir_hpf/add/gte_x_3/U169/Y (ao21d1_hd)      0.2427               1.1440    0.1814 @   4.7375 r    (913.72,909.57)                       1.05
  khu_sensor_top/ads1292_filter/iir_hpf/add/gte_x_3/n9 (net)     1   0.0051                      1.1440    0.0000     4.7375 r    [0.00,0.01]                           
  khu_sensor_top/ads1292_filter/iir_hpf/add/gte_x_3/U188/A (oa21d1_hd)   0.0000   0.2427   0.0087   1.1440   0.0100 @   4.7475 r  (917.83,913.05)                       1.05
  khu_sensor_top/ads1292_filter/iir_hpf/add/gte_x_3/U188/Y (oa21d1_hd)      0.1418               1.1440    0.1483 @   4.8958 f    (917.22,912.87)                       1.05
  khu_sensor_top/ads1292_filter/iir_hpf/add/gte_x_3/n5 (net)     1   0.0054                      1.1440    0.0000     4.8958 f    [0.00,0.01]                           
  khu_sensor_top/ads1292_filter/iir_hpf/add/gte_x_3/U187/C (ao21d1_hd)   0.0000   0.1418   0.0054   1.1440   0.0063 @   4.9020 f  (920.45,905.40)                       1.05
  khu_sensor_top/ads1292_filter/iir_hpf/add/gte_x_3/U187/Y (ao21d1_hd)      0.4201               1.1440    0.2704 @   5.1724 r    (920.76,905.67)                       1.05
  khu_sensor_top/ads1292_filter/iir_hpf/add/gte_x_3/n3 (net)     1   0.0120                      1.1440    0.0000     5.1724 r    [0.00,0.01]                           
  khu_sensor_top/ads1292_filter/iir_hpf/add/gte_x_3/U189/C (oa21d4_hd)   0.0000   0.4201   0.0000   1.1440   0.0001 @   5.1725 r  (923.13,916.89)                       1.05
  khu_sensor_top/ads1292_filter/iir_hpf/add/gte_x_3/U189/Y (oa21d4_hd)      0.1756               1.1440    0.1787 @   5.3512 f    (923.53,916.51)                       1.05
  khu_sensor_top/ads1292_filter/iir_hpf/add/gte_x_3/GE_LT_GT_LE (net)     2   0.0185             1.1440    0.0000     5.3512 f    [0.01,0.02]                           
  khu_sensor_top/ads1292_filter/iir_hpf/add/gte_x_3/GE_LT_GT_LE (float_adder_0_DW_cmp_6)         1.1440    0.0000     5.3512 f    (netlink)                             
  khu_sensor_top/ads1292_filter/iir_hpf/add/N220 (net)   0.0185                                  1.1440    0.0000     5.3512 f    [0.01,0.02]                           
  khu_sensor_top/ads1292_filter/iir_hpf/add/U120/A (ivd4_hd)      0.0000    0.1756    0.0000     1.1440    0.0002 @   5.3513 f    (910.80,948.79)                       1.05
  khu_sensor_top/ads1292_filter/iir_hpf/add/U120/Y (ivd4_hd)                0.1337               1.1440    0.1161 @   5.4674 r    (911.28,948.54)                       1.05
  khu_sensor_top/ads1292_filter/iir_hpf/add/n63 (net)     2   0.0199                             1.1440    0.0000     5.4674 r    [0.00,0.02]                           
  khu_sensor_top/ads1292_filter/iir_hpf/add/U125/A (nd2d8_hd)     0.0000    0.1337    0.0000     1.1440    0.0001 @   5.4675 r    (915.85,945.39)                       1.05
  khu_sensor_top/ads1292_filter/iir_hpf/add/U125/Y (nd2d8_hd)               0.3204               1.1440    0.1745 @   5.6420 f    (915.66,945.39)                       1.05
  khu_sensor_top/ads1292_filter/iir_hpf/add/n69 (net)    23   0.1134                             1.1440    0.0000     5.6420 f    [0.03,0.11]                           
  khu_sensor_top/ads1292_filter/iir_hpf/add/icc_place54/A (ivd8_hd)   0.0000   0.3194   0.0000   1.1440    0.0015 @   5.6435 f    (941.03,938.42)                       1.05
  khu_sensor_top/ads1292_filter/iir_hpf/add/icc_place54/Y (ivd8_hd)         0.2977               1.1440    0.2351 @   5.8785 r    (940.43,938.38)                       1.05
  khu_sensor_top/ads1292_filter/iir_hpf/add/n78 (net)    24   0.1079                             1.1440    0.0000     5.8785 r    [0.04,0.11]                           
  khu_sensor_top/ads1292_filter/iir_hpf/add/U43/D (ao22d1_hd)     0.0000    0.2986    0.0000     1.1440    0.0007 @   5.8792 r    (905.03,948.72)                       1.05
  khu_sensor_top/ads1292_filter/iir_hpf/add/U43/Y (ao22d1_hd)               0.2276               1.1440    0.2114 @   6.0906 f    (903.53,948.73)                       1.05
  khu_sensor_top/ads1292_filter/iir_hpf/add/C2_Z_0 (net)     1   0.0082                          1.1440    0.0000     6.0906 f    [0.00,0.01]                           
  khu_sensor_top/ads1292_filter/iir_hpf/add/DP_OP_43_235_1646/I1[0] (float_adder_0_DP_OP_43_235_1646_0)   1.1440   0.0000   6.0906 f (netlink)                          
  khu_sensor_top/ads1292_filter/iir_hpf/add/DP_OP_43_235_1646/I1[0] (net)   0.0082               1.1440    0.0000     6.0906 f    [0.00,0.01]                           
  khu_sensor_top/ads1292_filter/iir_hpf/add/DP_OP_43_235_1646/U74/A (fad2_hd)   0.0000   0.2276   0.0000   1.1440   0.0000 @   6.0907 f (897.61,956.38)                 1.05
  khu_sensor_top/ads1292_filter/iir_hpf/add/DP_OP_43_235_1646/U74/CO (fad2_hd)   0.1315          1.1440    0.4880 @   6.5786 f    (908.56,956.35)                       1.05
  khu_sensor_top/ads1292_filter/iir_hpf/add/DP_OP_43_235_1646/n27 (net)     1   0.0107           1.1440    0.0000     6.5786 f    [0.00,0.01]                           
  khu_sensor_top/ads1292_filter/iir_hpf/add/DP_OP_43_235_1646/U175/CI (fad4_hd)   0.0000   0.1315   0.0000   1.1440   0.0001 @   6.5787 f (897.59,960.04)               1.05
  khu_sensor_top/ads1292_filter/iir_hpf/add/DP_OP_43_235_1646/U175/CO (fad4_hd)   0.0969         1.1440    0.2527 @   6.8314 f    (896.69,959.98)                       1.05
  khu_sensor_top/ads1292_filter/iir_hpf/add/DP_OP_43_235_1646/n26 (net)     1   0.0061           1.1440    0.0000     6.8314 f    [0.00,0.01]                           
  khu_sensor_top/ads1292_filter/iir_hpf/add/DP_OP_43_235_1646/U178/CI (fad2_hd)   0.0000   0.0969   0.0000   1.1440   0.0000 @   6.8314 f (899.32,967.29)               1.05
  khu_sensor_top/ads1292_filter/iir_hpf/add/DP_OP_43_235_1646/U178/CO (fad2_hd)   0.1159         1.1440    0.2797 @   7.1111 f    (898.44,966.89)                       1.05
  khu_sensor_top/ads1292_filter/iir_hpf/add/DP_OP_43_235_1646/n25 (net)     1   0.0072           1.1440    0.0000     7.1111 f    [0.00,0.01]                           
  khu_sensor_top/ads1292_filter/iir_hpf/add/DP_OP_43_235_1646/U177/CI (fad2_hd)   0.0000   0.1159   0.0000   1.1440   0.0001 @   7.1112 f (911.64,960.09)               1.05
  khu_sensor_top/ads1292_filter/iir_hpf/add/DP_OP_43_235_1646/U177/CO (fad2_hd)   0.1190         1.1440    0.2898 @   7.4009 f    (910.76,959.69)                       1.05
  khu_sensor_top/ads1292_filter/iir_hpf/add/DP_OP_43_235_1646/n24 (net)     1   0.0080           1.1440    0.0000     7.4009 f    [0.01,0.01]                           
  khu_sensor_top/ads1292_filter/iir_hpf/add/DP_OP_43_235_1646/U182/CI (fad1_hd)   0.0000   0.1190   0.0000   1.1440   0.0001 @   7.4010 f (918.22,934.35)               1.05
  khu_sensor_top/ads1292_filter/iir_hpf/add/DP_OP_43_235_1646/U182/CO (fad1_hd)   0.1641         1.1440    0.3697 @   7.7707 f    (920.02,934.47)                       1.05
  khu_sensor_top/ads1292_filter/iir_hpf/add/DP_OP_43_235_1646/n23 (net)     1   0.0044           1.1440    0.0000     7.7707 f    [0.00,0.00]                           
  khu_sensor_top/ads1292_filter/iir_hpf/add/DP_OP_43_235_1646/U179/CI (fad1_hd)   0.0000   0.1641   0.0000   1.1440   0.0000 @   7.7708 f (928.78,934.35)               1.05
  khu_sensor_top/ads1292_filter/iir_hpf/add/DP_OP_43_235_1646/U179/CO (fad1_hd)   0.2340         1.1440    0.4614 @   8.2322 f    (930.58,934.47)                       1.05
  khu_sensor_top/ads1292_filter/iir_hpf/add/DP_OP_43_235_1646/n22 (net)     3   0.0122           1.1440    0.0000     8.2322 f    [0.00,0.01]                           
  khu_sensor_top/ads1292_filter/iir_hpf/add/DP_OP_43_235_1646/U64/A (nd2d1_hd)   0.0000   0.2340   0.0037   1.1440   0.0043 @   8.2365 f (920.39,931.26)                1.05
  khu_sensor_top/ads1292_filter/iir_hpf/add/DP_OP_43_235_1646/U64/Y (nd2d1_hd)   0.1933          1.1440    0.1453 @   8.3818 r    (920.15,931.44)                       1.05
  khu_sensor_top/ads1292_filter/iir_hpf/add/DP_OP_43_235_1646/n144 (net)     1   0.0041          1.1440    0.0000     8.3818 r    [0.00,0.00]                           
  khu_sensor_top/ads1292_filter/iir_hpf/add/DP_OP_43_235_1646/U66/B (nd3d1_hd)   0.0000   0.1933   0.0102   1.1440   0.0117 @   8.3934 r (921.46,927.32)                1.05
  khu_sensor_top/ads1292_filter/iir_hpf/add/DP_OP_43_235_1646/U66/Y (nd3d1_hd)   0.1512          1.1440    0.1487 @   8.5421 f    (922.20,927.52)                       1.05
  khu_sensor_top/ads1292_filter/iir_hpf/add/DP_OP_43_235_1646/n21 (net)     1   0.0048           1.1440    0.0000     8.5421 f    [0.00,0.00]                           
  khu_sensor_top/ads1292_filter/iir_hpf/add/DP_OP_43_235_1646/U67/CI (fad1_hd)   0.0000   0.1512   0.0032   1.1440   0.0036 @   8.5458 f (933.17,927.15)                1.05
  khu_sensor_top/ads1292_filter/iir_hpf/add/DP_OP_43_235_1646/U67/CO (fad1_hd)   0.1686          1.1440    0.3862 @   8.9320 f    (934.97,927.27)                       1.05
  khu_sensor_top/ads1292_filter/iir_hpf/add/DP_OP_43_235_1646/n20 (net)     1   0.0048           1.1440    0.0000     8.9320 f    [0.00,0.00]                           
  khu_sensor_top/ads1292_filter/iir_hpf/add/DP_OP_43_235_1646/U186/CI (fad1_hd)   0.0000   0.1686   0.0000   1.1440   0.0000 @   8.9320 f (944.17,924.09)               1.05
  khu_sensor_top/ads1292_filter/iir_hpf/add/DP_OP_43_235_1646/U186/CO (fad1_hd)   0.2232         1.1440    0.4527 @   9.3847 f    (945.97,923.97)                       1.05
  khu_sensor_top/ads1292_filter/iir_hpf/add/DP_OP_43_235_1646/n19 (net)     2   0.0109           1.1440    0.0000     9.3847 f    [0.01,0.01]                           
  khu_sensor_top/ads1292_filter/iir_hpf/add/DP_OP_43_235_1646/U160/A (ivd1_hd)   0.0000   0.2232   0.0062   1.1440   0.0072 @   9.3919 f (971.92,920.03)                1.05
  khu_sensor_top/ads1292_filter/iir_hpf/add/DP_OP_43_235_1646/U160/Y (ivd1_hd)   0.1317          1.1440    0.1203 @   9.5122 r    (972.35,920.17)                       1.05
  khu_sensor_top/ads1292_filter/iir_hpf/add/DP_OP_43_235_1646/n166 (net)     1   0.0033          1.1440    0.0000     9.5122 r    [0.00,0.00]                           
  khu_sensor_top/ads1292_filter/iir_hpf/add/DP_OP_43_235_1646/U159/A (oa21d1_hd)   0.0000   0.1317   0.0000   1.1440   0.0000 @   9.5122 r (972.34,916.59)              1.05
  khu_sensor_top/ads1292_filter/iir_hpf/add/DP_OP_43_235_1646/U159/Y (oa21d1_hd)   0.1660        1.1440    0.1417 @   9.6539 f    (972.94,916.77)                       1.05
  khu_sensor_top/ads1292_filter/iir_hpf/add/DP_OP_43_235_1646/n18 (net)     2   0.0081           1.1440    0.0000     9.6539 f    [0.00,0.01]                           
  khu_sensor_top/ads1292_filter/iir_hpf/add/DP_OP_43_235_1646/U73/A (nd2d1_hd)   0.0000   0.1660   0.0000   1.1440   0.0000 @   9.6540 f (979.79,912.78)                1.05
  khu_sensor_top/ads1292_filter/iir_hpf/add/DP_OP_43_235_1646/U73/Y (nd2d1_hd)   0.1250          1.1440    0.1157 @   9.7696 r    (979.55,912.60)                       1.05
  khu_sensor_top/ads1292_filter/iir_hpf/add/DP_OP_43_235_1646/n163 (net)     1   0.0030          1.1440    0.0000     9.7696 r    [0.00,0.00]                           
  khu_sensor_top/ads1292_filter/iir_hpf/add/DP_OP_43_235_1646/U76/A (nd2d1_hd)   0.0000   0.1250   0.0000   1.1440   0.0000 @   9.7696 r (979.79,916.86)                1.05
  khu_sensor_top/ads1292_filter/iir_hpf/add/DP_OP_43_235_1646/U76/Y (nd2d1_hd)   0.1411          1.1440    0.1234 @   9.8931 f    (979.55,917.04)                       1.05
  khu_sensor_top/ads1292_filter/iir_hpf/add/DP_OP_43_235_1646/n17 (net)     2   0.0083           1.1440    0.0000     9.8931 f    [0.00,0.01]                           
  khu_sensor_top/ads1292_filter/iir_hpf/add/DP_OP_43_235_1646/U162/A (ivd1_hd)   0.0000   0.1411   0.0000   1.1440   0.0000 @   9.8931 f (986.44,912.83)                1.05
  khu_sensor_top/ads1292_filter/iir_hpf/add/DP_OP_43_235_1646/U162/Y (ivd1_hd)   0.1150          1.1440    0.1018 @   9.9950 r    (986.01,912.97)                       1.05
  khu_sensor_top/ads1292_filter/iir_hpf/add/DP_OP_43_235_1646/n168 (net)     1   0.0035          1.1440    0.0000     9.9950 r    [0.00,0.00]                           
  khu_sensor_top/ads1292_filter/iir_hpf/add/DP_OP_43_235_1646/U161/A (oa21d1_hd)   0.0000   0.1150   0.0000   1.1440   0.0000 @   9.9950 r (987.78,913.05)              1.05
  khu_sensor_top/ads1292_filter/iir_hpf/add/DP_OP_43_235_1646/U161/Y (oa21d1_hd)   0.1755        1.1440    0.1443 @  10.1392 f    (987.18,912.87)                       1.05
  khu_sensor_top/ads1292_filter/iir_hpf/add/DP_OP_43_235_1646/n16 (net)     2   0.0091           1.1440    0.0000    10.1392 f    [0.00,0.01]                           
  khu_sensor_top/ads1292_filter/iir_hpf/add/DP_OP_43_235_1646/U132/A (ivd1_hd)   0.0000   0.1755   0.0000   1.1440   0.0000 @  10.1393 f (997.44,916.81)                1.05
  khu_sensor_top/ads1292_filter/iir_hpf/add/DP_OP_43_235_1646/U132/Y (ivd1_hd)   0.1700          1.1440    0.1438 @  10.2830 r    (997.88,916.67)                       1.05
  khu_sensor_top/ads1292_filter/iir_hpf/add/DP_OP_43_235_1646/n199 (net)     2   0.0067          1.1440    0.0000    10.2830 r    [0.00,0.01]                           
  khu_sensor_top/ads1292_filter/iir_hpf/add/DP_OP_43_235_1646/U163/A (oa21d1_hd)   0.0000   0.1700   0.0000   1.1440   0.0000 @  10.2830 r (1002.30,916.59)             1.05
  khu_sensor_top/ads1292_filter/iir_hpf/add/DP_OP_43_235_1646/U163/Y (oa21d1_hd)   0.1706        1.1440    0.1565 @  10.4396 f    (1001.70,916.77)                      1.05
  khu_sensor_top/ads1292_filter/iir_hpf/add/DP_OP_43_235_1646/n14 (net)     2   0.0087           1.1440    0.0000    10.4396 f    [0.00,0.01]                           
  khu_sensor_top/ads1292_filter/iir_hpf/add/DP_OP_43_235_1646/U130/A (ivd1_hd)   0.0000   0.1706   0.0035   1.1440   0.0040 @  10.4436 f (998.76,927.23)                1.05
  khu_sensor_top/ads1292_filter/iir_hpf/add/DP_OP_43_235_1646/U130/Y (ivd1_hd)   0.1866          1.1440    0.1522 @  10.5958 r    (998.33,927.37)                       1.05
  khu_sensor_top/ads1292_filter/iir_hpf/add/DP_OP_43_235_1646/n191 (net)     2   0.0078          1.1440    0.0000    10.5958 r    [0.00,0.01]                           
  khu_sensor_top/ads1292_filter/iir_hpf/add/DP_OP_43_235_1646/U58/A (oa21d1_hd)   0.0000   0.1866   0.0000   1.1440   0.0000 @  10.5958 r (992.18,930.98)               1.05
  khu_sensor_top/ads1292_filter/iir_hpf/add/DP_OP_43_235_1646/U58/Y (oa21d1_hd)   0.1580         1.1440    0.1532 @  10.7490 f    (991.58,931.17)                       1.05
  khu_sensor_top/ads1292_filter/iir_hpf/add/DP_OP_43_235_1646/n12 (net)     2   0.0077           1.1440    0.0000    10.7490 f    [0.00,0.01]                           
  khu_sensor_top/ads1292_filter/iir_hpf/add/DP_OP_43_235_1646/U68/A (ivd1_hd)   0.0000   0.1580   0.0000   1.1440   0.0000 @  10.7490 f (985.12,927.23)                 1.05
  khu_sensor_top/ads1292_filter/iir_hpf/add/DP_OP_43_235_1646/U68/Y (ivd1_hd)   0.1246           1.1440    0.1112 @  10.8603 r    (984.68,927.37)                       1.05
  khu_sensor_top/ads1292_filter/iir_hpf/add/DP_OP_43_235_1646/n177 (net)     1   0.0039          1.1440    0.0000    10.8603 r    [0.00,0.00]                           
  khu_sensor_top/ads1292_filter/iir_hpf/add/DP_OP_43_235_1646/U72/A (oa21d1_hd)   0.0000   0.1246   0.0000   1.1440   0.0000 @  10.8603 r (980.26,927.46)               1.05
  khu_sensor_top/ads1292_filter/iir_hpf/add/DP_OP_43_235_1646/U72/Y (oa21d1_hd)   0.1570         1.1440    0.1358 @  10.9961 f    (980.86,927.27)                       1.05
  khu_sensor_top/ads1292_filter/iir_hpf/add/DP_OP_43_235_1646/n11 (net)     2   0.0075           1.1440    0.0000    10.9961 f    [0.00,0.01]                           
  khu_sensor_top/ads1292_filter/iir_hpf/add/DP_OP_43_235_1646/U71/A (ivd1_hd)   0.0000   0.1570   0.0000   1.1440   0.0000 @  10.9961 f (978.96,927.23)                 1.05
  khu_sensor_top/ads1292_filter/iir_hpf/add/DP_OP_43_235_1646/U71/Y (ivd1_hd)   0.1849           1.1440    0.1480 @  11.1442 r    (978.53,927.37)                       1.05
  khu_sensor_top/ads1292_filter/iir_hpf/add/DP_OP_43_235_1646/n182 (net)     2   0.0078          1.1440    0.0000    11.1442 r    [0.00,0.01]                           
  khu_sensor_top/ads1292_filter/iir_hpf/add/DP_OP_43_235_1646/U59/A (oa21d1_hd)   0.0000   0.1849   0.0000   1.1440   0.0000 @  11.1442 r (975.91,930.98)               1.05
  khu_sensor_top/ads1292_filter/iir_hpf/add/DP_OP_43_235_1646/U59/Y (oa21d1_hd)   0.1151         1.1440    0.1274 @  11.2716 f    (975.30,931.17)                       1.05
  khu_sensor_top/ads1292_filter/iir_hpf/add/DP_OP_43_235_1646/n9 (net)     1   0.0042            1.1440    0.0000    11.2716 f    [0.00,0.00]                           
  khu_sensor_top/ads1292_filter/iir_hpf/add/DP_OP_43_235_1646/U185/CI (fad1_hd)   0.0000   0.1151   0.0028   1.1440   0.0032 @  11.2748 f (972.34,927.15)               1.05
  khu_sensor_top/ads1292_filter/iir_hpf/add/DP_OP_43_235_1646/U185/CO (fad1_hd)   0.1869         1.1440    0.3957 @  11.6706 f    (974.14,927.27)                       1.05
  khu_sensor_top/ads1292_filter/iir_hpf/add/DP_OP_43_235_1646/n8 (net)     1   0.0068            1.1440    0.0000    11.6706 f    [0.00,0.01]                           
  khu_sensor_top/ads1292_filter/iir_hpf/add/DP_OP_43_235_1646/U176/CI (fad1_hd)   0.0000   0.1869   0.0072   1.1440   0.0083 @  11.6789 f (960.90,938.49)               1.05
  khu_sensor_top/ads1292_filter/iir_hpf/add/DP_OP_43_235_1646/U176/CO (fad1_hd)   0.1739         1.1440    0.4038 @  12.0827 f    (962.70,938.37)                       1.05
  khu_sensor_top/ads1292_filter/iir_hpf/add/DP_OP_43_235_1646/n7 (net)     1   0.0053            1.1440    0.0000    12.0827 f    [0.00,0.01]                           
  khu_sensor_top/ads1292_filter/iir_hpf/add/DP_OP_43_235_1646/U181/CI (fad1_hd)   0.0000   0.1739   0.0140   1.1440   0.0161 @  12.0987 f (953.85,931.29)               1.05
  khu_sensor_top/ads1292_filter/iir_hpf/add/DP_OP_43_235_1646/U181/CO (fad1_hd)   0.1624         1.1440    0.3852 @  12.4840 f    (955.66,931.17)                       1.05
  khu_sensor_top/ads1292_filter/iir_hpf/add/DP_OP_43_235_1646/n6 (net)     1   0.0042            1.1440    0.0000    12.4840 f    [0.00,0.00]                           
  khu_sensor_top/ads1292_filter/iir_hpf/add/DP_OP_43_235_1646/U180/CI (fad1_hd)   0.0000   0.1624   0.0000   1.1440   0.0000 @  12.4840 f (950.78,934.35)               1.05
  khu_sensor_top/ads1292_filter/iir_hpf/add/DP_OP_43_235_1646/U180/CO (fad1_hd)   0.1696         1.1440    0.3911 @  12.8751 f    (952.58,934.47)                       1.05
  khu_sensor_top/ads1292_filter/iir_hpf/add/DP_OP_43_235_1646/n5 (net)     1   0.0049            1.1440    0.0000    12.8751 f    [0.00,0.00]                           
  khu_sensor_top/ads1292_filter/iir_hpf/add/DP_OP_43_235_1646/U184/CI (fad1_hd)   0.0000   0.1696   0.0000   1.1440   0.0000 @  12.8751 f (939.78,934.35)               1.05
  khu_sensor_top/ads1292_filter/iir_hpf/add/DP_OP_43_235_1646/U184/CO (fad1_hd)   0.1617         1.1440    0.3830 @  13.2581 f    (941.58,934.47)                       1.05
  khu_sensor_top/ads1292_filter/iir_hpf/add/DP_OP_43_235_1646/n4 (net)     1   0.0041            1.1440    0.0000    13.2581 f    [0.00,0.00]                           
  khu_sensor_top/ads1292_filter/iir_hpf/add/DP_OP_43_235_1646/U183/CI (fad1_hd)   0.0000   0.1617   0.0000   1.1440   0.0000 @  13.2581 f (936.26,938.49)               1.05
  khu_sensor_top/ads1292_filter/iir_hpf/add/DP_OP_43_235_1646/U183/CO (fad1_hd)   0.1645         1.1440    0.3841 @  13.6422 f    (938.05,938.37)                       1.05
  khu_sensor_top/ads1292_filter/iir_hpf/add/DP_OP_43_235_1646/n3 (net)     1   0.0044            1.1440    0.0000    13.6422 f    [0.00,0.00]                           
  khu_sensor_top/ads1292_filter/iir_hpf/add/DP_OP_43_235_1646/U189/CI (fad1_hd)   0.0000   0.1645   0.0047   1.1440   0.0054 @  13.6476 f (930.97,941.55)               1.05
  khu_sensor_top/ads1292_filter/iir_hpf/add/DP_OP_43_235_1646/U189/CO (fad1_hd)   0.1666         1.1440    0.3878 @  14.0355 f    (932.78,941.67)                       1.05
  khu_sensor_top/ads1292_filter/iir_hpf/add/DP_OP_43_235_1646/n2 (net)     1   0.0046            1.1440    0.0000    14.0355 f    [0.00,0.00]                           
  khu_sensor_top/ads1292_filter/iir_hpf/add/DP_OP_43_235_1646/U188/CI (fad1_hd)   0.0000   0.1666   0.0025   1.1440   0.0029 @  14.0384 f (927.90,948.75)               1.05
  khu_sensor_top/ads1292_filter/iir_hpf/add/DP_OP_43_235_1646/U188/CO (fad1_hd)   0.1893         1.1440    0.4151 @  14.4534 f    (929.70,948.87)                       1.05
  khu_sensor_top/ads1292_filter/iir_hpf/add/DP_OP_43_235_1646/n1 (net)     1   0.0071            1.1440    0.0000    14.4534 f    [0.00,0.01]                           
  khu_sensor_top/ads1292_filter/iir_hpf/add/DP_OP_43_235_1646/U187/B (xn2d2_hd)   0.0000   0.1893   0.0078   1.1440   0.0089 @  14.4623 f (922.60,952.78)               1.05
  khu_sensor_top/ads1292_filter/iir_hpf/add/DP_OP_43_235_1646/U187/Y (xn2d2_hd)   0.1368         1.1440    0.3435 @  14.8058 r    (921.76,952.60)                       1.05
  khu_sensor_top/ads1292_filter/iir_hpf/add/DP_OP_43_235_1646/O1[27] (net)     1   0.0098        1.1440    0.0000    14.8058 r    [0.01,0.01]                           
  khu_sensor_top/ads1292_filter/iir_hpf/add/DP_OP_43_235_1646/O1[27] (float_adder_0_DP_OP_43_235_1646_0)   1.1440   0.0000  14.8058 r (netlink)                         
  khu_sensor_top/ads1292_filter/iir_hpf/add/N335 (net)   0.0098                                  1.1440    0.0000    14.8058 r    [0.01,0.01]                           
  khu_sensor_top/ads1292_filter/iir_hpf/add/U124/A (scg14d1_hd)   0.0000    0.1368    0.0051     1.1440    0.0060 @  14.8118 r    (916.60,994.85)                       1.05
  khu_sensor_top/ads1292_filter/iir_hpf/add/U124/Y (scg14d1_hd)             0.1379               1.1440    0.2042 @  15.0160 r    (917.54,996.30)                       1.05
  khu_sensor_top/ads1292_filter/iir_hpf/add/n72 (net)     1   0.0027                             1.1440    0.0000    15.0160 r    [0.00,0.00]                           
  khu_sensor_top/ads1292_filter/iir_hpf/add/sum_reg_27_/D (fd3d1_hd)   0.0000   0.1379   0.0000   1.1440   0.0000 @  15.0160 r    (916.12,1003.55)                      1.05
  data arrival time                                                                                                  15.0160                                            

  clock clk (rise edge)                                                                                   12.0000    12.0000                                            
  clock clk (source latency)                                                                               0.7000    12.7000 r                                          
  i_CLK (in)                                                                0.0001               0.9250    0.0000 @  12.7000 r    (13.40,946.00)                        
  i_CLK (net)                                   3       2.8987                                   0.9250    0.0000    12.7000 r    [0.90,2.90]            d              
  pad1/PAD (phbct24_p)                                            0.0000    0.0001    0.0000     0.9250    0.0000 @  12.7000 r    (58.40,974.00)         d u            1.05
  pad1/Y (phbct24_p)                                                        0.2912               0.9250    1.1816 @  13.8817 r    (137.52,999.31)        d u            1.05
  w_clk_p (net)                                 1       0.0616                                   0.9250    0.0000    13.8817 r    [0.02,0.06]            d              
  khu_sensor_top/i_CLK (khu_sensor_top)                                                          0.9250    0.0000    13.8817 r    (netlink)                             
  khu_sensor_top/i_CLK (net)                            0.0616                                   0.9250    0.0000    13.8817 r    [0.02,0.06]            d              
  khu_sensor_top/CTS_funccts_wst_ivd24_hd_G2B11I11/A (ivd24_hd)   0.0000    0.2912    0.0000     0.9250    0.0008 @  13.8825 r    (191.68,999.22)        d              1.05
  khu_sensor_top/CTS_funccts_wst_ivd24_hd_G2B11I11/Y (ivd24_hd)             0.1920               0.9250    0.1236 @  14.0060 f    (190.83,999.24)        d              1.05
  khu_sensor_top/w_clk_p_G2B1I1 (net)           2       0.2757                                   0.9250    0.0000    14.0060 f    [0.23,0.28]            d              
  khu_sensor_top/CTS_funccts_wst_ivd16_hd_G2B7I1/A (ivd12_hd)     0.0000    0.1920    0.0000     0.9250    0.0152 @  14.0213 f    (254.17,884.02)        d              1.05
  khu_sensor_top/CTS_funccts_wst_ivd16_hd_G2B7I1/Y (ivd12_hd)               0.2089               0.9250    0.1291 @  14.1504 r    (253.53,884.10)        d              1.05
  khu_sensor_top/w_clk_p_G2B6I1 (net)           3       0.1136                                   0.9250    0.0000    14.1504 r    [0.07,0.11]            d              
  khu_sensor_top/CTS_funccts_wst_ivd24_hd_G2B6I1/A (ivd12_hd)     0.0000    0.2091    0.0000     0.9250    0.0042 @  14.1546 r    (346.13,783.22)        d              1.05
  khu_sensor_top/CTS_funccts_wst_ivd24_hd_G2B6I1/Y (ivd12_hd)               0.1678               0.9250    0.1186 @  14.2732 f    (345.49,783.30)        d              1.05
  khu_sensor_top/w_clk_p_G2B7I1 (net)           1       0.1587                                   0.9250    0.0000    14.2732 f    [0.14,0.16]            d              
  khu_sensor_top/CTS_funccts_wst_ivd24_hd_G2B5I3/A (ivd12_hd)     0.0000    0.1678    0.0000     0.9250    0.0139 @  14.2871 f    (745.21,747.22)        d              1.05
  khu_sensor_top/CTS_funccts_wst_ivd24_hd_G2B5I3/Y (ivd12_hd)               0.2242               0.9250    0.1309 @  14.4181 r    (744.57,747.30)        d              1.05
  khu_sensor_top/w_clk_p_G2B8I3 (net)           2       0.1278                                   0.9250    0.0000    14.4181 r    [0.11,0.13]            d              
  khu_sensor_top/ads1292_filter/i_CLK_cts_5_4 (ads1292_filter)                                   0.9250    0.0000    14.4181 r    (netlink)                             
  khu_sensor_top/ads1292_filter/i_CLK_cts_5_4 (net)     0.1278                                   0.9250    0.0000    14.4181 r    [0.11,0.13]            d              
  khu_sensor_top/ads1292_filter/CTS_funccts_wst_ivd12_hd_G2B4I4/A (ivd6_hd)   0.0000   0.2243   0.0000   0.9250   0.0008 @  14.4189 r (747.41,794.43)    d              1.05
  khu_sensor_top/ads1292_filter/CTS_funccts_wst_ivd12_hd_G2B4I4/Y (ivd6_hd)   0.1512             0.9250    0.1237 @  14.5425 f    (746.85,794.38)        d              1.05
  khu_sensor_top/ads1292_filter/w_clk_p_G2B9I4 (net)     2   0.0749                              0.9250    0.0000    14.5425 f    [0.05,0.07]            d              
  khu_sensor_top/ads1292_filter/CTS_funccts_wst_ivd16_hd_G2B3I13/A (ivd6_hd)   0.0000   0.1512   0.0000   0.9250   0.0013 @  14.5438 f (785.03,833.60)   d              1.05
  khu_sensor_top/ads1292_filter/CTS_funccts_wst_ivd16_hd_G2B3I13/Y (ivd6_hd)   0.2366            0.9250    0.1376 @  14.6814 r    (785.59,833.66)        d              1.05
  khu_sensor_top/ads1292_filter/w_clk_p_G2B10I13 (net)     2   0.0719                            0.9250    0.0000    14.6814 r    [0.04,0.07]            d              
  khu_sensor_top/ads1292_filter/iir_hpf/i_CLK_cts_3_5 (iir_hpf)                                  0.9250    0.0000    14.6814 r    (netlink)                             
  khu_sensor_top/ads1292_filter/iir_hpf/i_CLK_cts_3_5 (net)   0.0719                             0.9250    0.0000    14.6814 r    [0.04,0.07]            d              
  khu_sensor_top/ads1292_filter/iir_hpf/CTS_funccts_wst_ivd16_hd_G2B2I22/A (ivd8_hd)   0.0000   0.2366   0.0000   0.9250   0.0010 @  14.6824 r (842.21,905.62) d        1.05
  khu_sensor_top/ads1292_filter/iir_hpf/CTS_funccts_wst_ivd16_hd_G2B2I22/Y (ivd8_hd)   0.1904    0.9250    0.1454 @  14.8278 f    (842.81,905.66)        d              1.05
  khu_sensor_top/ads1292_filter/iir_hpf/w_clk_p_G2B11I22 (net)     3   0.1340                    0.9250    0.0000    14.8278 f    [0.05,0.13]            d              
  khu_sensor_top/ads1292_filter/iir_hpf/add/i_CLK_cts_9 (float_adder_0)                          0.9250    0.0000    14.8278 f    (netlink)                             
  khu_sensor_top/ads1292_filter/iir_hpf/add/i_CLK_cts_9 (net)   0.1340                           0.9250    0.0000    14.8278 f    [0.05,0.13]            d              
  khu_sensor_top/ads1292_filter/iir_hpf/add/CTS_funccts_wst_ivd16_hd_G2B1I21/A (ivd12_hd)   0.0000   0.1904   0.0000   0.9250   0.0023 @  14.8301 f (880.51,981.62) d   1.05
  khu_sensor_top/ads1292_filter/iir_hpf/add/CTS_funccts_wst_ivd16_hd_G2B1I21/Y (ivd12_hd)   0.2404   0.9250   0.1450 @  14.9751 r (881.15,981.54)        d              1.05
  khu_sensor_top/ads1292_filter/iir_hpf/add/w_clk_p_G2B12I21 (net)    34   0.1401                0.9250    0.0000    14.9751 r    [0.07,0.14]            d              
  khu_sensor_top/ads1292_filter/iir_hpf/add/sum_reg_27_/CK (fd3d1_hd)   0.0000   0.2400   0.0000   0.9250   0.0010 @  14.9761 r   (917.71,1003.27)                      1.05
  clock reconvergence pessimism                                                                            0.2233    15.1993                                            
  clock uncertainty                                                                                       -0.2400    14.9593                                            
  khu_sensor_top/ads1292_filter/iir_hpf/add/sum_reg_27_/CK (fd3d1_hd)                                      0.0000    14.9593 r                                          
  library setup time                                                                                      -0.0697    14.8897                                            
  data required time                                                                                                 14.8897                                            
  ---------------------------------------------------------------------------------------------------------------------------------------------------------------------------
  data required time                                                                                                 14.8897                                            
  data arrival time                                                                                                 -15.0160                                            
  ---------------------------------------------------------------------------------------------------------------------------------------------------------------------------
  slack (VIOLATED)                                                                                                   -0.1263                                            


  Startpoint: khu_sensor_top/ads1292_filter/iir_lpf/add/a_m_reg_5_
              (rising edge-triggered flip-flop clocked by clk)
  Endpoint: khu_sensor_top/ads1292_filter/iir_lpf/add/sum_reg_27_
            (rising edge-triggered flip-flop clocked by clk)
  Scenario: func1_wst
  Path Group: clk
  Path Type: max

Attributes:
    d - dont_touch
    u - dont_use
   mo - map_only
   so - size_only
    i - ideal_net or ideal_network

  Point                                       Fanout       Cap     DTran     Trans     Delta     Derate      Incr       Path      Location / Load        Attributes     Voltage
  ---------------------------------------------------------------------------------------------------------------------------------------------------------------------------
  clock clk (rise edge)                                                                                    0.0000     0.0000                                            
  clock clk (source latency)                                                                               0.7000     0.7000 r                                          
  i_CLK (in)                                                                0.0001               1.0650    0.0000 @   0.7000 r    (13.40,946.00)                        
  i_CLK (net)                                   3       2.8987                                   1.0650    0.0000     0.7000 r    [0.90,2.90]            d              
  pad1/PAD (phbct24_p)                                            0.0000    0.0001    0.0000     1.0650    0.0000 @   0.7000 r    (58.40,974.00)         d u            1.05
  pad1/Y (phbct24_p)                                                        0.2912               1.0650    1.3605 @   2.0605 r    (137.52,999.31)        d u            1.05
  w_clk_p (net)                                 1       0.0616                                   1.0650    0.0000     2.0605 r    [0.02,0.06]            d              
  khu_sensor_top/i_CLK (khu_sensor_top)                                                          1.0650    0.0000     2.0605 r    (netlink)                             
  khu_sensor_top/i_CLK (net)                            0.0616                                   1.0650    0.0000     2.0605 r    [0.02,0.06]            d              
  khu_sensor_top/CTS_funccts_wst_ivd24_hd_G2B11I11/A (ivd24_hd)   0.0000    0.2912    0.0000     1.0650    0.0009 @   2.0614 r    (191.68,999.22)        d              1.05
  khu_sensor_top/CTS_funccts_wst_ivd24_hd_G2B11I11/Y (ivd24_hd)             0.1920               1.0650    0.1423 @   2.2037 f    (190.83,999.24)        d              1.05
  khu_sensor_top/w_clk_p_G2B1I1 (net)           2       0.2757                                   1.0650    0.0000     2.2037 f    [0.23,0.28]            d              
  khu_sensor_top/CTS_funccts_wst_ivd16_hd_G2B7I1/A (ivd12_hd)     0.0000    0.2053    0.0000     1.0650    0.0176 @   2.2213 f    (254.17,884.02)        d              1.05
  khu_sensor_top/CTS_funccts_wst_ivd16_hd_G2B7I1/Y (ivd12_hd)               0.2121               1.0650    0.1523 @   2.3736 r    (253.53,884.10)        d              1.05
  khu_sensor_top/w_clk_p_G2B6I1 (net)           3       0.1136                                   1.0650    0.0000     2.3736 r    [0.07,0.11]            d              
  khu_sensor_top/ads1292_filter/i_CLK_cts_7_4 (ads1292_filter)                                   1.0650    0.0000     2.3736 r    (netlink)                             
  khu_sensor_top/ads1292_filter/i_CLK_cts_7_4 (net)     0.1136                                   1.0650    0.0000     2.3736 r    [0.07,0.11]            d              
  khu_sensor_top/ads1292_filter/CTS_funccts_wst_ivd24_hd_G2B6I3/A (ivd8_hd)   0.0000   0.2122   0.0000   1.0650   0.0003 @   2.3739 r (242.93,884.02)    d              1.05
  khu_sensor_top/ads1292_filter/CTS_funccts_wst_ivd24_hd_G2B6I3/Y (ivd8_hd)   0.2056             1.0650    0.1635 @   2.5374 f    (243.53,884.06)        d              1.05
  khu_sensor_top/ads1292_filter/w_clk_p_G2B7I3 (net)     1   0.1469                              1.0650    0.0000     2.5374 f    [0.13,0.15]            d              
  khu_sensor_top/ads1292_filter/CTS_funccts_wst_ivd20_hd_G2B5I2/A (ivd12_hd)   0.0000   0.2071   0.0000   1.0650   0.0139 @   2.5513 f (374.95,621.62)   d              1.05
  khu_sensor_top/ads1292_filter/CTS_funccts_wst_ivd20_hd_G2B5I2/Y (ivd12_hd)   0.2060            1.0650    0.1489 @   2.7002 r    (375.59,621.54)        d              1.05
  khu_sensor_top/ads1292_filter/w_clk_p_G2B8I2 (net)     2   0.1083                              1.0650    0.0000     2.7002 r    [0.07,0.11]            d              
  khu_sensor_top/ads1292_filter/CTS_funccts_wst_ivd20_hd_G2B4I2/A (ivd8_hd)   0.0000   0.2062   0.0000   1.0650   0.0020 @   2.7022 r (445.33,624.82)    d              1.05
  khu_sensor_top/ads1292_filter/CTS_funccts_wst_ivd20_hd_G2B4I2/Y (ivd8_hd)   0.1561             1.0650    0.1386 @   2.8408 f    (445.93,624.86)        d              1.05
  khu_sensor_top/ads1292_filter/w_clk_p_G2B9I2 (net)     2   0.1035                              1.0650    0.0000     2.8408 f    [0.06,0.10]            d              
  khu_sensor_top/ads1292_filter/CTS_funccts_wst_ivd20_hd_G2B3I3/A (ivd8_hd)   0.0000   0.1562   0.0000   1.0650   0.0004 @   2.8412 f (423.33,624.82)    d              1.05
  khu_sensor_top/ads1292_filter/CTS_funccts_wst_ivd20_hd_G2B3I3/Y (ivd8_hd)   0.2470             1.0650    0.1628 @   3.0040 r    (423.93,624.86)        d              1.05
  khu_sensor_top/ads1292_filter/w_clk_p_G2B10I3 (net)     3   0.0995                             1.0650    0.0000     3.0040 r    [0.05,0.10]            d              
  khu_sensor_top/ads1292_filter/CTS_funccts_wst_ivd20_hd_G2B2I36/A (ivd12_hd)   0.0000   0.2474   0.0000   1.0650   0.0007 @   3.0047 r (416.31,636.02)  d              1.05
  khu_sensor_top/ads1292_filter/CTS_funccts_wst_ivd20_hd_G2B2I36/Y (ivd12_hd)   0.1701           1.0650    0.1541 @   3.1589 f    (416.95,635.94)        d              1.05
  khu_sensor_top/ads1292_filter/w_clk_p_G2B11I36 (net)     4   0.1640                            1.0650    0.0000     3.1589 f    [0.07,0.16]            d              
  khu_sensor_top/ads1292_filter/iir_lpf/i_CLK_cts_6_2 (iir_lpf)                                  1.0650    0.0000     3.1589 f    (netlink)                             
  khu_sensor_top/ads1292_filter/iir_lpf/i_CLK_cts_6_2 (net)   0.1640                             1.0650    0.0000     3.1589 f    [0.07,0.16]            d              
  khu_sensor_top/ads1292_filter/iir_lpf/add/i_CLK_cts_0_2 (float_adder_3)                        1.0650    0.0000     3.1589 f    (netlink)                             
  khu_sensor_top/ads1292_filter/iir_lpf/add/i_CLK_cts_0_2 (net)   0.1640                         1.0650    0.0000     3.1589 f    [0.07,0.16]            d              
  khu_sensor_top/ads1292_filter/iir_lpf/add/CTS_funccts_wst_ivd16_hd_G2B1I54/A (ivd12_hd)   0.0000   0.1703   0.0000   1.0650   0.0033 @   3.1621 f (377.59,708.02) d   1.05
  khu_sensor_top/ads1292_filter/iir_lpf/add/CTS_funccts_wst_ivd16_hd_G2B1I54/Y (ivd12_hd)   0.2627   1.0650   0.1740 @   3.3362 r (378.23,707.94)        d              1.05
  khu_sensor_top/ads1292_filter/iir_lpf/add/w_clk_p_G2B12I54 (net)    33   0.1596                1.0650    0.0000     3.3362 r    [0.08,0.16]            d              
  khu_sensor_top/ads1292_filter/iir_lpf/add/a_m_reg_5_/CK (fd1qd1_hd)   0.0000   0.2621   0.0000   1.0650   0.0008 @   3.3370 r   (371.27,725.89)                       1.05
  khu_sensor_top/ads1292_filter/iir_lpf/add/a_m_reg_5_/CK (fd1qd1_hd)   0.0000   0.2621   0.0000   1.1440   0.0000    3.3370 r    (371.27,725.89)                       1.05
  khu_sensor_top/ads1292_filter/iir_lpf/add/a_m_reg_5_/Q (fd1qd1_hd)        0.5890               1.1440    0.7314 @   4.0684 r    (377.48,725.74)                       1.05
  khu_sensor_top/ads1292_filter/iir_lpf/add/a_m[5] (net)     6   0.0305                          1.1440    0.0000     4.0684 r    [0.02,0.03]                           
  khu_sensor_top/ads1292_filter/iir_lpf/add/gte_x_3/A[5] (float_adder_3_DW_cmp_6)                1.1440    0.0000     4.0684 r    (netlink)                             
  khu_sensor_top/ads1292_filter/iir_lpf/add/gte_x_3/A[5] (net)   0.0305                          1.1440    0.0000     4.0684 r    [0.02,0.03]                           
  khu_sensor_top/ads1292_filter/iir_lpf/add/gte_x_3/U220/B (nr2d1_hd)   0.0000   0.5890   0.0294   1.1440   0.0347 @   4.1031 r   (361.64,704.42)                       1.05
  khu_sensor_top/ads1292_filter/iir_lpf/add/gte_x_3/U220/Y (nr2d1_hd)       0.2119               1.1440    0.2284 @   4.3315 f    (361.05,704.40)                       1.05
  khu_sensor_top/ads1292_filter/iir_lpf/add/gte_x_3/n89 (net)     2   0.0072                     1.1440    0.0000     4.3315 f    [0.00,0.01]                           
  khu_sensor_top/ads1292_filter/iir_lpf/add/gte_x_3/U219/B (nr2d1_hd)   0.0000   0.2119   0.0032   1.1440   0.0037 @   4.3352 f   (361.64,714.82)                       1.05
  khu_sensor_top/ads1292_filter/iir_lpf/add/gte_x_3/U219/Y (nr2d1_hd)       0.2210               1.1440    0.1833 @   4.5185 r    (361.05,714.84)                       1.05
  khu_sensor_top/ads1292_filter/iir_lpf/add/gte_x_3/n204 (net)     1   0.0050                    1.1440    0.0000     4.5185 r    [0.00,0.01]                           
  khu_sensor_top/ads1292_filter/iir_lpf/add/gte_x_3/U141/B (nd2d1_hd)   0.0000   0.2210   0.0248   1.1440   0.0285 @   4.5469 r   (367.80,711.23)                       1.05
  khu_sensor_top/ads1292_filter/iir_lpf/add/gte_x_3/U141/Y (nd2d1_hd)       0.1567               1.1440    0.1411 @   4.6880 f    (368.39,711.00)                       1.05
  khu_sensor_top/ads1292_filter/iir_lpf/add/gte_x_3/n79 (net)     1   0.0072                     1.1440    0.0000     4.6880 f    [0.00,0.01]                           
  khu_sensor_top/ads1292_filter/iir_lpf/add/gte_x_3/U157/B (oa21d2_hd)   0.0000   0.1567   0.0000   1.1440   0.0000 @   4.6880 f  (369.32,704.18)                       1.05
  khu_sensor_top/ads1292_filter/iir_lpf/add/gte_x_3/U157/Y (oa21d2_hd)      0.3396               1.1440    0.2572 @   4.9453 r    (370.35,704.48)                       1.05
  khu_sensor_top/ads1292_filter/iir_lpf/add/gte_x_3/n78 (net)     1   0.0165                     1.1440    0.0000     4.9453 r    [0.01,0.02]                           
  khu_sensor_top/ads1292_filter/iir_lpf/add/gte_x_3/U48/A (ao21d4_hd)   0.0000   0.3396   0.0000   1.1440   0.0002 @   4.9454 r   (389.15,693.43)                       1.05
  khu_sensor_top/ads1292_filter/iir_lpf/add/gte_x_3/U48/Y (ao21d4_hd)       0.1784               1.1440    0.1822 @   5.1277 f    (387.61,693.81)                       1.05
  khu_sensor_top/ads1292_filter/iir_lpf/add/gte_x_3/n1 (net)     1   0.0235                      1.1440    0.0000     5.1277 f    [0.01,0.02]                           
  khu_sensor_top/ads1292_filter/iir_lpf/add/gte_x_3/U1/A (oa21d4_hd)   0.0000   0.1784   0.0053   1.1440   0.0064 @   5.1341 f    (330.55,693.71)                       1.05
  khu_sensor_top/ads1292_filter/iir_lpf/add/gte_x_3/U1/Y (oa21d4_hd)        0.2307               1.1440    0.1838 @   5.3179 r    (329.09,693.31)                       1.05
  khu_sensor_top/ads1292_filter/iir_lpf/add/gte_x_3/GE_LT_GT_LE (net)     2   0.0164             1.1440    0.0000     5.3179 r    [0.01,0.02]                           
  khu_sensor_top/ads1292_filter/iir_lpf/add/gte_x_3/GE_LT_GT_LE (float_adder_3_DW_cmp_6)         1.1440    0.0000     5.3179 r    (netlink)                             
  khu_sensor_top/ads1292_filter/iir_lpf/add/N220 (net)   0.0164                                  1.1440    0.0000     5.3179 r    [0.01,0.02]                           
  khu_sensor_top/ads1292_filter/iir_lpf/add/U7/A (ivd4_hd)        0.0000    0.2307    0.0115     1.1440    0.0132 @   5.3311 r    (318.12,703.99)                       1.05
  khu_sensor_top/ads1292_filter/iir_lpf/add/U7/Y (ivd4_hd)                  0.1049               1.1440    0.1108 @   5.4419 f    (318.60,703.74)                       1.05
  khu_sensor_top/ads1292_filter/iir_lpf/add/n57 (net)     3   0.0232                             1.1440    0.0000     5.4419 f    [0.01,0.02]                           
  khu_sensor_top/ads1292_filter/iir_lpf/add/U122/A (clknd2d8_hd)   0.0000   0.1049    0.0000     1.1440    0.0001 @   5.4421 f    (313.66,711.09)                       1.05
  khu_sensor_top/ads1292_filter/iir_lpf/add/U122/Y (clknd2d8_hd)            0.4722               1.1440    0.2471 @   5.6892 r    (313.33,710.85)                       1.05
  khu_sensor_top/ads1292_filter/iir_lpf/add/n63 (net)    39   0.1788                             1.1440    0.0000     5.6892 r    [0.06,0.18]                           
  khu_sensor_top/ads1292_filter/iir_lpf/add/icc_place48/A (ivd8_hd)   0.0000   0.4739   0.0000   1.1440    0.0076 @   5.6968 r    (377.57,718.42)                       1.05
  khu_sensor_top/ads1292_filter/iir_lpf/add/icc_place48/Y (ivd8_hd)         0.2728               1.1440    0.2782 @   5.9750 f    (378.17,718.46)                       1.05
  khu_sensor_top/ads1292_filter/iir_lpf/add/n64 (net)    39   0.1664                             1.1440    0.0000     5.9750 f    [0.06,0.17]                           
  khu_sensor_top/ads1292_filter/iir_lpf/add/U4/A (ao22d1_hd)      0.0000    0.2740    0.0000     1.1440    0.0030 @   5.9780 f    (320.21,722.47)                       1.05
  khu_sensor_top/ads1292_filter/iir_lpf/add/U4/Y (ao22d1_hd)                0.3381               1.1440    0.2457 @   6.2237 r    (320.47,722.51)                       1.05
  khu_sensor_top/ads1292_filter/iir_lpf/add/C3_Z_1 (net)     2   0.0066                          1.1440    0.0000     6.2237 r    [0.00,0.01]                           
  khu_sensor_top/ads1292_filter/iir_lpf/add/DP_OP_43_247_8814/I2[1] (float_adder_3_DP_OP_43_247_8814_0)   1.1440   0.0000   6.2237 r (netlink)                          
  khu_sensor_top/ads1292_filter/iir_lpf/add/DP_OP_43_247_8814/I2[1] (net)   0.0066               1.1440    0.0000     6.2237 r    [0.00,0.01]                           
  khu_sensor_top/ads1292_filter/iir_lpf/add/DP_OP_43_247_8814/U68/A (ivd1_hd)   0.0000   0.3381   0.0166   1.1440   0.0190 @   6.2427 r (321.60,725.63)                 1.05
  khu_sensor_top/ads1292_filter/iir_lpf/add/DP_OP_43_247_8814/U68/Y (ivd1_hd)   0.1225           1.1440    0.1279 @   6.3707 f    (322.04,725.77)                       1.05
  khu_sensor_top/ads1292_filter/iir_lpf/add/DP_OP_43_247_8814/n142 (net)     1   0.0044          1.1440    0.0000     6.3707 f    [0.00,0.00]                           
  khu_sensor_top/ads1292_filter/iir_lpf/add/DP_OP_43_247_8814/U65/B (nd2d1_hd)   0.0000   0.1225   0.0000   1.1440   0.0000 @   6.3707 f (324.24,732.83)                1.05
  khu_sensor_top/ads1292_filter/iir_lpf/add/DP_OP_43_247_8814/U65/Y (nd2d1_hd)   0.1863          1.1440    0.1183 @   6.4890 r    (324.83,732.60)                       1.05
  khu_sensor_top/ads1292_filter/iir_lpf/add/DP_OP_43_247_8814/n143 (net)     1   0.0033          1.1440    0.0000     6.4890 r    [0.00,0.00]                           
  khu_sensor_top/ads1292_filter/iir_lpf/add/DP_OP_43_247_8814/U67/A (nd2d1_hd)   0.0000   0.1863   0.0000   1.1440   0.0000 @   6.4890 r (322.97,732.78)                1.05
  khu_sensor_top/ads1292_filter/iir_lpf/add/DP_OP_43_247_8814/U67/Y (nd2d1_hd)   0.1225          1.1440    0.1221 @   6.6111 f    (323.21,732.60)                       1.05
  khu_sensor_top/ads1292_filter/iir_lpf/add/DP_OP_43_247_8814/n57 (net)     1   0.0055           1.1440    0.0000     6.6111 f    [0.00,0.01]                           
  khu_sensor_top/ads1292_filter/iir_lpf/add/DP_OP_43_247_8814/U84/A (fad1_hd)   0.0000   0.1225   0.0040   1.1440   0.0046 @   6.6157 f (318.51,740.00)                 1.05
  khu_sensor_top/ads1292_filter/iir_lpf/add/DP_OP_43_247_8814/U84/CO (fad1_hd)   0.2165          1.1440    0.6205 @   7.2362 f    (308.39,740.07)                       1.05
  khu_sensor_top/ads1292_filter/iir_lpf/add/DP_OP_43_247_8814/n26 (net)     1   0.0101           1.1440    0.0000     7.2362 f    [0.00,0.01]                           
  khu_sensor_top/ads1292_filter/iir_lpf/add/DP_OP_43_247_8814/U201/CI (fad4_hd)   0.0000   0.2165   0.0000   1.1440   0.0001 @   7.2363 f (319.42,736.84)               1.05
  khu_sensor_top/ads1292_filter/iir_lpf/add/DP_OP_43_247_8814/U201/CO (fad4_hd)   0.1116         1.1440    0.2912 @   7.5274 f    (318.53,736.78)                       1.05
  khu_sensor_top/ads1292_filter/iir_lpf/add/DP_OP_43_247_8814/n25 (net)     2   0.0112           1.1440    0.0000     7.5274 f    [0.00,0.01]                           
  khu_sensor_top/ads1292_filter/iir_lpf/add/DP_OP_43_247_8814/U63/A (scg14d4_hd)   0.0000   0.1116   0.0000   1.1440   0.0001 @   7.5275 f (336.91,739.95)              1.05
  khu_sensor_top/ads1292_filter/iir_lpf/add/DP_OP_43_247_8814/U63/Y (scg14d4_hd)   0.1442        1.1440    0.2146 @   7.7421 f    (339.54,739.85)                       1.05
  khu_sensor_top/ads1292_filter/iir_lpf/add/DP_OP_43_247_8814/n24 (net)     3   0.0266           1.1440    0.0000     7.7421 f    [0.02,0.03]                           
  khu_sensor_top/ads1292_filter/iir_lpf/add/DP_OP_43_247_8814/U90/B (clknd2d2_hd)   0.0000   0.1442   0.0000   1.1440   0.0003 @   7.7423 f (400.08,761.59)             1.05
  khu_sensor_top/ads1292_filter/iir_lpf/add/DP_OP_43_247_8814/U90/Y (clknd2d2_hd)   0.1135       1.1440    0.1000 @   7.8423 r    (400.97,761.53)                       1.05
  khu_sensor_top/ads1292_filter/iir_lpf/add/DP_OP_43_247_8814/n175 (net)     1   0.0056          1.1440    0.0000     7.8423 r    [0.00,0.01]                           
  khu_sensor_top/ads1292_filter/iir_lpf/add/DP_OP_43_247_8814/U109/A (nd3d2_hd)   0.0000   0.1135   0.0000   1.1440   0.0000 @   7.8424 r (404.24,761.47)               1.05
  khu_sensor_top/ads1292_filter/iir_lpf/add/DP_OP_43_247_8814/U109/Y (nd3d2_hd)   0.2092         1.1440    0.1478 @   7.9901 f    (403.37,761.75)                       1.05
  khu_sensor_top/ads1292_filter/iir_lpf/add/DP_OP_43_247_8814/n22 (net)     3   0.0174           1.1440    0.0000     7.9901 f    [0.01,0.02]                           
  khu_sensor_top/ads1292_filter/iir_lpf/add/DP_OP_43_247_8814/U170/A (clknd2d2_hd)   0.0000   0.2092   0.0000   1.1440   0.0001 @   7.9902 f (403.49,768.72)            1.05
  khu_sensor_top/ads1292_filter/iir_lpf/add/DP_OP_43_247_8814/U170/Y (clknd2d2_hd)   0.1223      1.1440    0.1061 @   8.0963 r    (403.27,768.73)                       1.05
  khu_sensor_top/ads1292_filter/iir_lpf/add/DP_OP_43_247_8814/n191 (net)     1   0.0053          1.1440    0.0000     8.0963 r    [0.00,0.01]                           
  khu_sensor_top/ads1292_filter/iir_lpf/add/DP_OP_43_247_8814/U81/A (nd2d2_hd)   0.0000   0.1223   0.0028   1.1440   0.0032 @   8.0995 r (401.33,768.73)                1.05
  khu_sensor_top/ads1292_filter/iir_lpf/add/DP_OP_43_247_8814/U81/Y (nd2d2_hd)   0.1373          1.1440    0.1189 @   8.2184 f    (400.99,768.96)                       1.05
  khu_sensor_top/ads1292_filter/iir_lpf/add/DP_OP_43_247_8814/n20 (net)     3   0.0166           1.1440    0.0000     8.2184 f    [0.01,0.02]                           
  khu_sensor_top/ads1292_filter/iir_lpf/add/DP_OP_43_247_8814/U178/B (nd2d1_hd)   0.0000   0.1373   0.0000   1.1440   0.0001 @   8.2185 f (395.08,736.81)               1.05
  khu_sensor_top/ads1292_filter/iir_lpf/add/DP_OP_43_247_8814/U178/Y (nd2d1_hd)   0.2818         1.1440    0.1883 @   8.4067 r    (394.49,737.04)                       1.05
  khu_sensor_top/ads1292_filter/iir_lpf/add/DP_OP_43_247_8814/n211 (net)     1   0.0103          1.1440    0.0000     8.4067 r    [0.00,0.01]                           
  khu_sensor_top/ads1292_filter/iir_lpf/add/DP_OP_43_247_8814/U154/B (nd3d4_hd)   0.0000   0.2818   0.0000   1.1440   0.0000 @   8.4068 r (396.83,732.90)               1.05
  khu_sensor_top/ads1292_filter/iir_lpf/add/DP_OP_43_247_8814/U154/Y (nd3d4_hd)   0.1540         1.1440    0.1500 @   8.5568 f    (396.20,732.93)                       1.05
  khu_sensor_top/ads1292_filter/iir_lpf/add/DP_OP_43_247_8814/n19 (net)     3   0.0140           1.1440    0.0000     8.5568 f    [0.00,0.01]                           
  khu_sensor_top/ads1292_filter/iir_lpf/add/DP_OP_43_247_8814/U185/B (nd2d1_hd)   0.0000   0.1540   0.0000   1.1440   0.0001 @   8.5569 f (399.05,729.61)               1.05
  khu_sensor_top/ads1292_filter/iir_lpf/add/DP_OP_43_247_8814/U185/Y (nd2d1_hd)   0.1785         1.1440    0.1369 @   8.6938 r    (399.63,729.84)                       1.05
  khu_sensor_top/ads1292_filter/iir_lpf/add/DP_OP_43_247_8814/n215 (net)     1   0.0042          1.1440    0.0000     8.6938 r    [0.00,0.00]                           
  khu_sensor_top/ads1292_filter/iir_lpf/add/DP_OP_43_247_8814/U186/C (nd3d1_hd)   0.0000   0.1785   0.0093   1.1440   0.0107 @   8.7045 r (402.56,725.63)               1.05
  khu_sensor_top/ads1292_filter/iir_lpf/add/DP_OP_43_247_8814/U186/Y (nd3d1_hd)   0.2163         1.1440    0.1872 @   8.8917 f    (403.88,725.92)                       1.05
  khu_sensor_top/ads1292_filter/iir_lpf/add/DP_OP_43_247_8814/n18 (net)     1   0.0092           1.1440    0.0000     8.8917 f    [0.00,0.01]                           
  khu_sensor_top/ads1292_filter/iir_lpf/add/DP_OP_43_247_8814/U206/CI (fad4_hd)   0.0000   0.2163   0.0000   1.1440   0.0000 @   8.8917 f (407.38,722.44)               1.05
  khu_sensor_top/ads1292_filter/iir_lpf/add/DP_OP_43_247_8814/U206/CO (fad4_hd)   0.0942         1.1440    0.2704 @   9.1622 f    (408.27,722.38)                       1.05
  khu_sensor_top/ads1292_filter/iir_lpf/add/DP_OP_43_247_8814/n17 (net)     1   0.0048           1.1440    0.0000     9.1622 f    [0.00,0.00]                           
  khu_sensor_top/ads1292_filter/iir_lpf/add/DP_OP_43_247_8814/U205/CI (fad1_hd)   0.0000   0.0942   0.0000   1.1440   0.0000 @   9.1622 f (416.17,718.35)               1.05
  khu_sensor_top/ads1292_filter/iir_lpf/add/DP_OP_43_247_8814/U205/CO (fad1_hd)   0.1610         1.1440    0.3576 @   9.5198 f    (417.98,718.47)                       1.05
  khu_sensor_top/ads1292_filter/iir_lpf/add/DP_OP_43_247_8814/n16 (net)     1   0.0041           1.1440    0.0000     9.5198 f    [0.00,0.00]                           
  khu_sensor_top/ads1292_filter/iir_lpf/add/DP_OP_43_247_8814/U203/CI (fad1_hd)   0.0000   0.1610   0.0043   1.1440   0.0049 @   9.5248 f (423.65,722.49)               1.05
  khu_sensor_top/ads1292_filter/iir_lpf/add/DP_OP_43_247_8814/U203/CO (fad1_hd)   0.1594         1.1440    0.3770 @   9.9018 f    (425.45,722.37)                       1.05
  khu_sensor_top/ads1292_filter/iir_lpf/add/DP_OP_43_247_8814/n15 (net)     1   0.0039           1.1440    0.0000     9.9018 f    [0.00,0.00]                           
  khu_sensor_top/ads1292_filter/iir_lpf/add/DP_OP_43_247_8814/U202/CI (fad1_hd)   0.0000   0.1594   0.0000   1.1440   0.0000 @   9.9018 f (429.86,718.35)               1.05
  khu_sensor_top/ads1292_filter/iir_lpf/add/DP_OP_43_247_8814/U202/CO (fad1_hd)   0.1551         1.1440    0.3707 @  10.2725 f    (428.07,718.47)                       1.05
  khu_sensor_top/ads1292_filter/iir_lpf/add/DP_OP_43_247_8814/n14 (net)     1   0.0035           1.1440    0.0000    10.2725 f    [0.00,0.00]                           
  khu_sensor_top/ads1292_filter/iir_lpf/add/DP_OP_43_247_8814/U204/CI (fad1_hd)   0.0000   0.1551   0.0000   1.1440   0.0000 @  10.2725 f (428.11,725.55)               1.05
  khu_sensor_top/ads1292_filter/iir_lpf/add/DP_OP_43_247_8814/U204/CO (fad1_hd)   0.1497         1.1440    0.3622 @  10.6347 f    (426.30,725.67)                       1.05
  khu_sensor_top/ads1292_filter/iir_lpf/add/DP_OP_43_247_8814/n13 (net)     1   0.0029           1.1440    0.0000    10.6347 f    [0.00,0.00]                           
  khu_sensor_top/ads1292_filter/iir_lpf/add/DP_OP_43_247_8814/U208/CI (fad1_hd)   0.0000   0.1497   0.0000   1.1440   0.0000 @  10.6347 f (426.35,729.69)               1.05
  khu_sensor_top/ads1292_filter/iir_lpf/add/DP_OP_43_247_8814/U208/CO (fad1_hd)   0.1496         1.1440    0.3604 @  10.9951 f    (424.55,729.57)                       1.05
  khu_sensor_top/ads1292_filter/iir_lpf/add/DP_OP_43_247_8814/n12 (net)     1   0.0029           1.1440    0.0000    10.9951 f    [0.00,0.00]                           
  khu_sensor_top/ads1292_filter/iir_lpf/add/DP_OP_43_247_8814/U207/CI (fad1_hd)   0.0000   0.1496   0.0000   1.1440   0.0000 @  10.9951 f (424.98,732.75)               1.05
  khu_sensor_top/ads1292_filter/iir_lpf/add/DP_OP_43_247_8814/U207/CO (fad1_hd)   0.1989         1.1440    0.4204 @  11.4155 f    (426.77,732.87)                       1.05
  khu_sensor_top/ads1292_filter/iir_lpf/add/DP_OP_43_247_8814/n11 (net)     2   0.0081           1.1440    0.0000    11.4155 f    [0.00,0.01]                           
  khu_sensor_top/ads1292_filter/iir_lpf/add/DP_OP_43_247_8814/U86/A (ivd1_hd)   0.0000   0.1989   0.0000   1.1440   0.0000 @  11.4155 f (416.20,736.81)                 1.05
  khu_sensor_top/ads1292_filter/iir_lpf/add/DP_OP_43_247_8814/U86/Y (ivd1_hd)   0.1389           1.1440    0.1258 @  11.5414 r    (415.77,736.67)                       1.05
  khu_sensor_top/ads1292_filter/iir_lpf/add/DP_OP_43_247_8814/n154 (net)     1   0.0042          1.1440    0.0000    11.5414 r    [0.00,0.00]                           
  khu_sensor_top/ads1292_filter/iir_lpf/add/DP_OP_43_247_8814/U87/A (oa21d1_hd)   0.0000   0.1389   0.0000   1.1440   0.0000 @  11.5414 r (414.86,729.39)               1.05
  khu_sensor_top/ads1292_filter/iir_lpf/add/DP_OP_43_247_8814/U87/Y (oa21d1_hd)   0.1667         1.1440    0.1447 @  11.6861 f    (415.46,729.57)                       1.05
  khu_sensor_top/ads1292_filter/iir_lpf/add/DP_OP_43_247_8814/n10 (net)     2   0.0082           1.1440    0.0000    11.6861 f    [0.00,0.01]                           
  khu_sensor_top/ads1292_filter/iir_lpf/add/DP_OP_43_247_8814/U85/A (ivd1_hd)   0.0000   0.1667   0.0000   1.1440   0.0000 @  11.6862 f (410.48,732.83)                 1.05
  khu_sensor_top/ads1292_filter/iir_lpf/add/DP_OP_43_247_8814/U85/Y (ivd1_hd)   0.1233           1.1440    0.1114 @  11.7975 r    (410.05,732.97)                       1.05
  khu_sensor_top/ads1292_filter/iir_lpf/add/DP_OP_43_247_8814/n151 (net)     1   0.0037          1.1440    0.0000    11.7975 r    [0.00,0.00]                           
  khu_sensor_top/ads1292_filter/iir_lpf/add/DP_OP_43_247_8814/U158/A (oa21d1_hd)   0.0000   0.1233   0.0000   1.1440   0.0000 @  11.7975 r (407.86,729.39)              1.05
  khu_sensor_top/ads1292_filter/iir_lpf/add/DP_OP_43_247_8814/U158/Y (oa21d1_hd)   0.1654        1.1440    0.1401 @  11.9376 f    (407.26,729.57)                       1.05
  khu_sensor_top/ads1292_filter/iir_lpf/add/DP_OP_43_247_8814/n9 (net)     2   0.0082            1.1440    0.0000    11.9376 f    [0.00,0.01]                           
  khu_sensor_top/ads1292_filter/iir_lpf/add/DP_OP_43_247_8814/U89/A (ivd1_hd)   0.0000   0.1654   0.0000   1.1440   0.0000 @  11.9377 f (398.60,729.61)                 1.05
  khu_sensor_top/ads1292_filter/iir_lpf/add/DP_OP_43_247_8814/U89/Y (ivd1_hd)   0.1378           1.1440    0.1224 @  12.0600 r    (398.17,729.47)                       1.05
  khu_sensor_top/ads1292_filter/iir_lpf/add/DP_OP_43_247_8814/n156 (net)     1   0.0047          1.1440    0.0000    12.0600 r    [0.00,0.00]                           
  khu_sensor_top/ads1292_filter/iir_lpf/add/DP_OP_43_247_8814/U159/A (oa21d1_hd)   0.0000   0.1378   0.0000   1.1440   0.0000 @  12.0600 r (390.27,729.39)              1.05
  khu_sensor_top/ads1292_filter/iir_lpf/add/DP_OP_43_247_8814/U159/Y (oa21d1_hd)   0.1821        1.1440    0.1559 @  12.2159 f    (389.66,729.57)                       1.05
  khu_sensor_top/ads1292_filter/iir_lpf/add/DP_OP_43_247_8814/n8 (net)     2   0.0099            1.1440    0.0000    12.2159 f    [0.00,0.01]                           
  khu_sensor_top/ads1292_filter/iir_lpf/add/DP_OP_43_247_8814/U82/A (ivd1_hd)   0.0000   0.1821   0.0000   1.1440   0.0001 @  12.2160 f (365.60,729.61)                 1.05
  khu_sensor_top/ads1292_filter/iir_lpf/add/DP_OP_43_247_8814/U82/Y (ivd1_hd)   0.1246           1.1440    0.1137 @  12.3297 r    (365.17,729.47)                       1.05
  khu_sensor_top/ads1292_filter/iir_lpf/add/DP_OP_43_247_8814/n160 (net)     1   0.0035          1.1440    0.0000    12.3297 r    [0.00,0.00]                           
  khu_sensor_top/ads1292_filter/iir_lpf/add/DP_OP_43_247_8814/U160/A (oa21d1_hd)   0.0000   0.1246   0.0000   1.1440   0.0000 @  12.3297 r (363.86,729.39)              1.05
  khu_sensor_top/ads1292_filter/iir_lpf/add/DP_OP_43_247_8814/U160/Y (oa21d1_hd)   0.1530        1.1440    0.1323 @  12.4621 f    (363.26,729.57)                       1.05
  khu_sensor_top/ads1292_filter/iir_lpf/add/DP_OP_43_247_8814/n7 (net)     2   0.0070            1.1440    0.0000    12.4621 f    [0.00,0.01]                           
  khu_sensor_top/ads1292_filter/iir_lpf/add/DP_OP_43_247_8814/U88/A (ivd1_hd)   0.0000   0.1530   0.0000   1.1440   0.0000 @  12.4621 f (360.76,725.63)                 1.05
  khu_sensor_top/ads1292_filter/iir_lpf/add/DP_OP_43_247_8814/U88/Y (ivd1_hd)   0.1303           1.1440    0.1148 @  12.5769 r    (360.33,725.77)                       1.05
  khu_sensor_top/ads1292_filter/iir_lpf/add/DP_OP_43_247_8814/n164 (net)     1   0.0044          1.1440    0.0000    12.5769 r    [0.00,0.00]                           
  khu_sensor_top/ads1292_filter/iir_lpf/add/DP_OP_43_247_8814/U161/A (oa21d1_hd)   0.0000   0.1303   0.0000   1.1440   0.0000 @  12.5769 r (352.42,725.85)              1.05
  khu_sensor_top/ads1292_filter/iir_lpf/add/DP_OP_43_247_8814/U161/Y (oa21d1_hd)   0.1960        1.1440    0.1606 @  12.7374 f    (351.82,725.67)                       1.05
  khu_sensor_top/ads1292_filter/iir_lpf/add/DP_OP_43_247_8814/n6 (net)     3   0.0109            1.1440    0.0000    12.7374 f    [0.00,0.01]                           
  khu_sensor_top/ads1292_filter/iir_lpf/add/DP_OP_43_247_8814/U162/A (nd2d1_hd)   0.0000   0.1960   0.0000   1.1440   0.0000 @  12.7375 f (344.97,725.58)               1.05
  khu_sensor_top/ads1292_filter/iir_lpf/add/DP_OP_43_247_8814/U162/Y (nd2d1_hd)   0.1989         1.1440    0.1338 @  12.8713 r    (345.21,725.40)                       1.05
  khu_sensor_top/ads1292_filter/iir_lpf/add/DP_OP_43_247_8814/n207 (net)     1   0.0040          1.1440    0.0000    12.8713 r    [0.00,0.00]                           
  khu_sensor_top/ads1292_filter/iir_lpf/add/DP_OP_43_247_8814/U157/B (nd3d1_hd)   0.0000   0.1989   0.0099   1.1440   0.0113 @  12.8826 r (340.82,725.72)               1.05
  khu_sensor_top/ads1292_filter/iir_lpf/add/DP_OP_43_247_8814/U157/Y (nd3d1_hd)   0.1817         1.1440    0.1687 @  13.0513 f    (340.08,725.92)                       1.05
  khu_sensor_top/ads1292_filter/iir_lpf/add/DP_OP_43_247_8814/n5 (net)     2   0.0069            1.1440    0.0000    13.0513 f    [0.00,0.01]                           
  khu_sensor_top/ads1292_filter/iir_lpf/add/DP_OP_43_247_8814/U156/A (nd2d1_hd)   0.0000   0.1817   0.0000   1.1440   0.0000 @  13.0513 f (338.71,725.58)               1.05
  khu_sensor_top/ads1292_filter/iir_lpf/add/DP_OP_43_247_8814/U156/Y (nd2d1_hd)   0.1343         1.1440    0.1240 @  13.1754 r    (338.47,725.40)                       1.05
  khu_sensor_top/ads1292_filter/iir_lpf/add/DP_OP_43_247_8814/n150 (net)     1   0.0034          1.1440    0.0000    13.1754 r    [0.00,0.00]                           
  khu_sensor_top/ads1292_filter/iir_lpf/add/DP_OP_43_247_8814/U155/A (nd2d1_hd)   0.0000   0.1343   0.0000   1.1440   0.0000 @  13.1754 r (336.95,725.58)               1.05
  khu_sensor_top/ads1292_filter/iir_lpf/add/DP_OP_43_247_8814/U155/Y (nd2d1_hd)   0.1658         1.1440    0.1403 @  13.3157 f    (336.71,725.40)                       1.05
  khu_sensor_top/ads1292_filter/iir_lpf/add/DP_OP_43_247_8814/n4 (net)     3   0.0103            1.1440    0.0000    13.3157 f    [0.00,0.01]                           
  khu_sensor_top/ads1292_filter/iir_lpf/add/DP_OP_43_247_8814/U192/A (nd2d1_hd)   0.0000   0.1658   0.0000   1.1440   0.0000 @  13.3157 f (329.03,729.66)               1.05
  khu_sensor_top/ads1292_filter/iir_lpf/add/DP_OP_43_247_8814/U192/Y (nd2d1_hd)   0.2062         1.1440    0.1286 @  13.4443 r    (328.79,729.84)                       1.05
  khu_sensor_top/ads1292_filter/iir_lpf/add/DP_OP_43_247_8814/n220 (net)     1   0.0043          1.1440    0.0000    13.4443 r    [0.00,0.00]                           
  khu_sensor_top/ads1292_filter/iir_lpf/add/DP_OP_43_247_8814/U193/B (nd3d1_hd)   0.0000   0.2062   0.0139   1.1440   0.0159 @  13.4602 r (327.18,725.72)               1.05
  khu_sensor_top/ads1292_filter/iir_lpf/add/DP_OP_43_247_8814/U193/Y (nd3d1_hd)   0.1414         1.1440    0.1430 @  13.6033 f    (326.44,725.92)                       1.05
  khu_sensor_top/ads1292_filter/iir_lpf/add/DP_OP_43_247_8814/n3 (net)     1   0.0039            1.1440    0.0000    13.6033 f    [0.00,0.00]                           
  khu_sensor_top/ads1292_filter/iir_lpf/add/DP_OP_43_247_8814/U211/CI (fad1_hd)   0.0000   0.1414   0.0000   1.1440   0.0000 @  13.6033 f (322.89,729.69)               1.05
  khu_sensor_top/ads1292_filter/iir_lpf/add/DP_OP_43_247_8814/U211/CO (fad1_hd)   0.1715         1.1440    0.3867 @  13.9899 f    (324.70,729.57)                       1.05
  khu_sensor_top/ads1292_filter/iir_lpf/add/DP_OP_43_247_8814/n2 (net)     1   0.0051            1.1440    0.0000    13.9899 f    [0.00,0.01]                           
  khu_sensor_top/ads1292_filter/iir_lpf/add/DP_OP_43_247_8814/U210/CI (fad1_hd)   0.0000   0.1715   0.0000   1.1440   0.0000 @  13.9900 f (313.27,732.75)               1.05
  khu_sensor_top/ads1292_filter/iir_lpf/add/DP_OP_43_247_8814/U210/CO (fad1_hd)   0.1839         1.1440    0.4105 @  14.4005 f    (311.46,732.87)                       1.05
  khu_sensor_top/ads1292_filter/iir_lpf/add/DP_OP_43_247_8814/n1 (net)     1   0.0065            1.1440    0.0000    14.4005 f    [0.00,0.01]                           
  khu_sensor_top/ads1292_filter/iir_lpf/add/DP_OP_43_247_8814/U209/B (xn2d2_hd)   0.0000   0.1839   0.0000   1.1440   0.0000 @  14.4005 f (306.67,740.06)               1.05
  khu_sensor_top/ads1292_filter/iir_lpf/add/DP_OP_43_247_8814/U209/Y (xn2d2_hd)   0.1150         1.1440    0.3260 @  14.7266 r    (307.52,740.24)                       1.05
  khu_sensor_top/ads1292_filter/iir_lpf/add/DP_OP_43_247_8814/O1[27] (net)     1   0.0067        1.1440    0.0000    14.7266 r    [0.01,0.01]                           
  khu_sensor_top/ads1292_filter/iir_lpf/add/DP_OP_43_247_8814/O1[27] (float_adder_3_DP_OP_43_247_8814_0)   1.1440   0.0000  14.7266 r (netlink)                         
  khu_sensor_top/ads1292_filter/iir_lpf/add/N335 (net)   0.0067                                  1.1440    0.0000    14.7266 r    [0.01,0.01]                           
  khu_sensor_top/ads1292_filter/iir_lpf/add/U121/A (scg14d1_hd)   0.0000    0.1150    0.0000     1.1440    0.0001 @  14.7266 r    (307.64,771.66)                       1.05
  khu_sensor_top/ads1292_filter/iir_lpf/add/U121/Y (scg14d1_hd)             0.1545               1.1440    0.2075 @  14.9341 r    (308.58,773.10)                       1.05
  khu_sensor_top/ads1292_filter/iir_lpf/add/n67 (net)     1   0.0037                             1.1440    0.0000    14.9341 r    [0.00,0.00]                           
  khu_sensor_top/ads1292_filter/iir_lpf/add/sum_reg_27_/D (fd3d1_hd)   0.0000   0.1545   0.0088   1.1440   0.0101 @  14.9442 r    (299.96,775.69)                       1.05
  data arrival time                                                                                                  14.9442                                            

  clock clk (rise edge)                                                                                   12.0000    12.0000                                            
  clock clk (source latency)                                                                               0.7000    12.7000 r                                          
  i_CLK (in)                                                                0.0001               0.9250    0.0000 @  12.7000 r    (13.40,946.00)                        
  i_CLK (net)                                   3       2.8987                                   0.9250    0.0000    12.7000 r    [0.90,2.90]            d              
  pad1/PAD (phbct24_p)                                            0.0000    0.0001    0.0000     0.9250    0.0000 @  12.7000 r    (58.40,974.00)         d u            1.05
  pad1/Y (phbct24_p)                                                        0.2912               0.9250    1.1816 @  13.8817 r    (137.52,999.31)        d u            1.05
  w_clk_p (net)                                 1       0.0616                                   0.9250    0.0000    13.8817 r    [0.02,0.06]            d              
  khu_sensor_top/i_CLK (khu_sensor_top)                                                          0.9250    0.0000    13.8817 r    (netlink)                             
  khu_sensor_top/i_CLK (net)                            0.0616                                   0.9250    0.0000    13.8817 r    [0.02,0.06]            d              
  khu_sensor_top/CTS_funccts_wst_ivd24_hd_G2B11I11/A (ivd24_hd)   0.0000    0.2912    0.0000     0.9250    0.0008 @  13.8825 r    (191.68,999.22)        d              1.05
  khu_sensor_top/CTS_funccts_wst_ivd24_hd_G2B11I11/Y (ivd24_hd)             0.1920               0.9250    0.1236 @  14.0060 f    (190.83,999.24)        d              1.05
  khu_sensor_top/w_clk_p_G2B1I1 (net)           2       0.2757                                   0.9250    0.0000    14.0060 f    [0.23,0.28]            d              
  khu_sensor_top/CTS_funccts_wst_ivd16_hd_G2B7I1/A (ivd12_hd)     0.0000    0.1920    0.0000     0.9250    0.0152 @  14.0213 f    (254.17,884.02)        d              1.05
  khu_sensor_top/CTS_funccts_wst_ivd16_hd_G2B7I1/Y (ivd12_hd)               0.2089               0.9250    0.1291 @  14.1504 r    (253.53,884.10)        d              1.05
  khu_sensor_top/w_clk_p_G2B6I1 (net)           3       0.1136                                   0.9250    0.0000    14.1504 r    [0.07,0.11]            d              
  khu_sensor_top/CTS_funccts_wst_ivd12_hd_G2B6I2/A (ivd6_hd)      0.0000    0.2091    0.0000     0.9250    0.0023 @  14.1527 r    (283.88,848.01)        d              1.05
  khu_sensor_top/CTS_funccts_wst_ivd12_hd_G2B6I2/Y (ivd6_hd)                0.1502               0.9250    0.1214 @  14.2740 f    (284.43,848.06)        d              1.05
  khu_sensor_top/w_clk_p_G2B7I2 (net)           2       0.0768                                   0.9250    0.0000    14.2740 f    [0.05,0.08]            d              
  khu_sensor_top/CTS_funccts_wst_ivd16_hd_G2B5I4/A (ivd12_hd)     0.0000    0.1503    0.0000     0.9250    0.0013 @  14.2753 f    (357.13,819.22)        d              1.05
  khu_sensor_top/CTS_funccts_wst_ivd16_hd_G2B5I4/Y (ivd12_hd)               0.1994               0.9250    0.1186 @  14.3939 r    (356.49,819.30)        d              1.05
  khu_sensor_top/w_clk_p_G2B8I4 (net)           2       0.1133                                   0.9250    0.0000    14.3939 r    [0.06,0.11]            d              
  khu_sensor_top/CTS_funccts_wst_ivd24_hd_G2B4I7/A (ivd20_hd)     0.0000    0.1995    0.0000     0.9250    0.0007 @  14.3946 r    (360.78,812.02)        d              1.05
  khu_sensor_top/CTS_funccts_wst_ivd24_hd_G2B4I7/Y (ivd20_hd)               0.1731               0.9250    0.1197 @  14.5143 f    (359.83,812.09)        d              1.05
  khu_sensor_top/w_clk_p_G2B9I7 (net)           3       0.2833                                   0.9250    0.0000    14.5143 f    [0.22,0.28]            d              
  khu_sensor_top/CTS_funccts_wst_ivd24_hd_G2B3I14/A (ivd12_hd)    0.0000    0.1731    0.0000     0.9250    0.0009 @  14.5152 f    (341.73,812.02)        d              1.05
  khu_sensor_top/CTS_funccts_wst_ivd24_hd_G2B3I14/Y (ivd12_hd)              0.2025               0.9250    0.1253 @  14.6405 r    (341.09,812.10)        d              1.05
  khu_sensor_top/w_clk_p_G2B10I14 (net)         3       0.1140                                   0.9250    0.0000    14.6405 r    [0.07,0.11]            d              
  khu_sensor_top/CTS_funccts_wst_ivd20_hd_G2B2I21/A (ivd8_hd)     0.0000    0.2030    0.0000     0.9250    0.0016 @  14.6421 r    (288.24,776.02)        d              1.05
  khu_sensor_top/CTS_funccts_wst_ivd20_hd_G2B2I21/Y (ivd8_hd)               0.1806               0.9250    0.1376 @  14.7797 f    (288.85,776.06)        d              1.05
  khu_sensor_top/w_clk_p_G2B11I21 (net)         4       0.1363                                   0.9250    0.0000    14.7797 f    [0.04,0.14]            d              
  khu_sensor_top/CTS_funccts_wst_ivd24_hd_G2B1I116/A (ivd16_hd)   0.0000    0.1806    0.0000     0.9250    0.0012 @  14.7809 f    (289.45,732.80)        d              1.05
  khu_sensor_top/CTS_funccts_wst_ivd24_hd_G2B1I116/Y (ivd16_hd)             0.2548               0.9250    0.1494 @  14.9303 r    (288.85,732.88)        d              1.05
  khu_sensor_top/w_clk_p_G2B12I116 (net)       50       0.2026                                   0.9250    0.0000    14.9303 r    [0.10,0.20]            d              
  khu_sensor_top/ads1292_filter/i_CLK (ads1292_filter)                                           0.9250    0.0000    14.9303 r    (netlink)                             
  khu_sensor_top/ads1292_filter/i_CLK (net)             0.2026                                   0.9250    0.0000    14.9303 r    [0.10,0.20]            d              
  khu_sensor_top/ads1292_filter/iir_lpf/i_CLK (iir_lpf)                                          0.9250    0.0000    14.9303 r    (netlink)                             
  khu_sensor_top/ads1292_filter/iir_lpf/i_CLK (net)     0.2026                                   0.9250    0.0000    14.9303 r    [0.10,0.20]            d              
  khu_sensor_top/ads1292_filter/iir_lpf/add/i_CLK (float_adder_3)                                0.9250    0.0000    14.9303 r    (netlink)                             
  khu_sensor_top/ads1292_filter/iir_lpf/add/i_CLK (net)   0.2026                                 0.9250    0.0000    14.9303 r    [0.10,0.20]            d              
  khu_sensor_top/ads1292_filter/iir_lpf/add/sum_reg_27_/CK (fd3d1_hd)   0.0000   0.2552   0.0000   0.9250   0.0016 @  14.9319 r   (298.38,775.97)                       1.05
  clock reconvergence pessimism                                                                            0.2233    15.1552                                            
  clock uncertainty                                                                                       -0.2400    14.9152                                            
  khu_sensor_top/ads1292_filter/iir_lpf/add/sum_reg_27_/CK (fd3d1_hd)                                      0.0000    14.9152 r                                          
  library setup time                                                                                      -0.0722    14.8430                                            
  data required time                                                                                                 14.8430                                            
  ---------------------------------------------------------------------------------------------------------------------------------------------------------------------------
  data required time                                                                                                 14.8430                                            
  data arrival time                                                                                                 -14.9442                                            
  ---------------------------------------------------------------------------------------------------------------------------------------------------------------------------
  slack (VIOLATED)                                                                                                   -0.1013                                            


1
