Information: Scenario funccts_wst either not exists or is inactive. report_qor will skip it. (UID-1059)
 
****************************************
Report : qor
Design : khu_sensor_pad
Scenario(s): func1_wst funccts_wst
Version: N-2017.09
Date   : Sat Sep  5 06:03:33 2020
****************************************


  Scenario 'func1_wst'
  Timing Path Group 'REGIN'
  -----------------------------------
  Levels of Logic:             1.0000
  Critical Path Length:        1.5114
  Critical Path Slack:         3.6004
  Critical Path Clk Period:   12.0000
  Total Negative Slack:        0.0000
  No. of Violating Paths:      0.0000
  Worst Hold Violation:        0.0000
  Total Hold Violation:        0.0000
  No. of Hold Violations:      0.0000
  -----------------------------------

  Scenario 'func1_wst'
  Timing Path Group 'REGOUT'
  -----------------------------------
  Levels of Logic:             3.0000
  Critical Path Length:        3.7405
  Critical Path Slack:         1.4372
  Critical Path Clk Period:    6.0000
  Total Negative Slack:        0.0000
  No. of Violating Paths:      0.0000
  Worst Hold Violation:        0.0000
  Total Hold Violation:        0.0000
  No. of Hold Violations:      0.0000
  -----------------------------------

  Scenario 'func1_wst'
  Timing Path Group 'clk_half'
  -----------------------------------
  Levels of Logic:            13.0000
  Critical Path Length:        5.0080
  Critical Path Slack:         6.3356
  Critical Path Clk Period:   12.0000
  Total Negative Slack:        0.0000
  No. of Violating Paths:      0.0000
  Worst Hold Violation:       -0.3385
  Total Hold Violation:      -59.5846
  No. of Hold Violations:    410.0000
  -----------------------------------


  Cell Count
  -----------------------------------
  Hierarchical Cell Count:        110
  Hierarchical Port Count:       5189
  Leaf Cell Count:              23034
  Buf/Inv Cell Count:            2628
  Buf Cell Count:                  19
  Inv Cell Count:                2609
  CT Buf/Inv Cell Count:            0
  Combinational Cell Count:     17654
  Sequential Cell Count:         5380
  Macro Count:                      0
  -----------------------------------


  Area
  -----------------------------------
  Combinational Area:      46940.0118
  Noncombinational Area:   36134.3234
  Buf/Inv Area:             1929.3406
  Total Buffer Area:          26.0000
  Total Inverter Area:      1903.3406
  Macro/Black Box Area:        0.0000
  Net Area:                  807.0018
  Net XLength        :    414755.3750
  Net YLength        :    539266.3125
  -----------------------------------
  Cell Area:               83074.3352
  Design Area:             83881.3370
  Net Length        :     954021.6875


  Design Rules
  -----------------------------------
  Total Number of Nets:         25555
  Nets With Violations:            79
  Max Trans Violations:            46
  Max Cap Violations:              68
  Max Net Length Violations:        1
  -----------------------------------


  Hostname: vlsi-dist.khu.ac.kr

  Compile CPU Statistics
  -----------------------------------------
  Resource Sharing:                  0.0000
  Logic Optimization:                0.0000
  Mapping Optimization:             38.0772
  -----------------------------------------
  Overall Compile Time:             38.9491
  Overall Compile Wall Clock Time:  39.1001

  --------------------------------------------------------------------

  Scenario: func1_wst   WNS: 0.0000  TNS: 0.0000  Number of Violating Paths: 0  (with Crosstalk delta delays)
  Design  WNS: 0.0000  TNS: 0.0000  Number of Violating Paths: 0  (with Crosstalk delta delays)


  Scenario: func1_wst  (Hold)  WNS: 0.3385  TNS: 59.5846  Number of Violating Paths: 410  (with Crosstalk delta delays)
  Design (Hold)  WNS: 0.3385  TNS: 59.5846  Number of Violating Paths: 410  (with Crosstalk delta delays)

  --------------------------------------------------------------------


1
