***********************************************
Report          : create_qor_snapshot (06_route)
Design          : khu_sensor_pad
Version         : N-2017.09
Date            : Tue Nov 17 19:08:14 2020
Time unit       : 1.0e-09 Second(ns)
Capacitance unit: 1.0e-12 Farad(pF)
Voltage unit    : 1 Volt
Power unit      : 1.0e-03 Watt(mW)
Location        : /home/VLSI_graduated_2020/2015104027/khu_sensor/03_Physical_Synthesis/snapshot
***********************************************
No. of scenario = 1
s1 = func1_wst
--------------------------------------------------
WNS of each timing group:                       s1 
--------------------------------------------------
clk                                        -0.2347 
--------------------------------------------------
Setup WNS:                                 -0.2347 
Setup TNS:                                 -0.8426
Number of setup violations:                      4  
Hold WNS:                                  -0.1377  
Hold TNS:                                 -10.9858  
Number of hold violations:                     349  
Number of max trans violations:                 13  
Number of max cap violations:                    0  
Number of min pulse width violations:            0  
Route drc violations:                           14
--------------------------------------------------
Area:                                        90349
Cell count:                                  28745
Buf/inv cell count:                           5592
Std cell utilization:                       40.98%
CPU/ELAPSE(hr):                          0.10/0.13
Mem(Mb):                                      1028
Host name:                               vlsi-dist.khu.ac.kr
--------------------------------------------------
Histogram:             s1 
--------------------------------------------------
Max violations:         4 
   above ~ -0.7  ---    0 
    -0.6 ~ -0.7  ---    0 
    -0.5 ~ -0.6  ---    0 
    -0.4 ~ -0.5  ---    0 
    -0.3 ~ -0.4  ---    0 
    -0.2 ~ -0.3  ---    2 
    -0.1 ~ -0.2  ---    2 
       0 ~ -0.1  ---    0 
--------------------------------------------------
Min violations:       349 
  -0.06 ~ above  ---   48 
  -0.05 ~ -0.06  ---   20 
  -0.04 ~ -0.05  ---   36 
  -0.03 ~ -0.04  ---   48 
  -0.02 ~ -0.03  ---   57 
  -0.01 ~ -0.02  ---   63 
      0 ~ -0.01  ---   77 
--------------------------------------------------
Snapshot report (snap.rpt) is created and can be viewed using file "/home/VLSI_graduated_2020/2015104027/khu_sensor/03_Physical_Synthesis/snapshot/snap.rpt.html"
1
