 
****************************************
Report : area
Design : khu_sensor_pad
Version: F-2011.09-SP5-3
Date   : Tue Oct  6 17:58:30 2020
****************************************

Library(s) Used:

    std150e_wst_105_p125 (File: /Tools/Library/samsung013/sec050915_0050_STD150E_regular_DK_Synopsys_N/sec150e_synopsys/syn/STD150E/std150e_wst_105_p125.db)

Number of ports:                           13
Number of nets:                            33
Number of cells:                           46
Number of combinational cells:             44
Number of sequential cells:                 0
Number of macros:                           0
Number of buf/inv:                          0
Number of references:                      12

Combinational area:       51352.693255
Buf/Inv area:             2055.676241
Noncombinational area:    36021.998293
Net Interconnect area:       0.243590  (No wire load specified)

Total cell area:          87374.691548
Total area:               87374.935138
1
