 
****************************************
Report : compile_options
Design : khu_sensor_pad
Version: F-2011.09-SP5-3
Date   : Tue Oct  6 17:58:30 2020
****************************************

Design                                   Compile Option         Value
--------------------------------------------------------------------------------
khu_sensor_pad                           flatten                false
                                         structure              true
                                         structure_boolean      false
                                         structure_timing       true
                                         fix_multiple_port_nets feedthroughs
                                                                constants
                                                                outputs
                                                                buffer_constants
                                         isolate_port           disabled

khu_sensor_top                           flatten                false
                                         structure              true
                                         structure_boolean      false
                                         structure_timing       true

async_rstn_glitch_synchronizer           flatten                false
                                         structure              true
                                         structure_boolean      false
                                         structure_timing       true

divider_by_2                             flatten                false
                                         structure              true
                                         structure_boolean      false
                                         structure_timing       true

uart_controller                          flatten                false
                                         structure              true
                                         structure_boolean      false
                                         structure_timing       true

uart_tx                                  flatten                false
                                         structure              true
                                         structure_boolean      false
                                         structure_timing       true

uart_tx_DW01_inc_0                       flatten                false
                                         structure              true
                                         structure_boolean      false
                                         structure_timing       true

uart_rx                                  flatten                false
                                         structure              true
                                         structure_boolean      false
                                         structure_timing       true

uart_rx_DW01_inc_0                       flatten                false
                                         structure              true
                                         structure_boolean      false
                                         structure_timing       true

sensor_core                              flatten                false
                                         structure              true
                                         structure_boolean      false
                                         structure_timing       true

mpr121_controller                        flatten                false
                                         structure              true
                                         structure_boolean      false
                                         structure_timing       true

i2c_master                               flatten                false
                                         structure              true
                                         structure_boolean      false
                                         structure_timing       true

i2c_master_DW01_dec_0                    flatten                false
                                         structure              true
                                         structure_boolean      false
                                         structure_timing       true

SNPS_CLOCK_GATE_HIGH_i2c_master_5_0      flatten                false
                                         structure              true
                                         structure_boolean      false
                                         structure_timing       true

SNPS_CLOCK_GATE_HIGH_i2c_master_3_0      flatten                false
                                         structure              true
                                         structure_boolean      false
                                         structure_timing       true

SNPS_CLOCK_GATE_HIGH_i2c_master_2_0      flatten                false
                                         structure              true
                                         structure_boolean      false
                                         structure_timing       true

SNPS_CLOCK_GATE_HIGH_i2c_master_1_0      flatten                false
                                         structure              true
                                         structure_boolean      false
                                         structure_timing       true

SNPS_CLOCK_GATE_HIGH_i2c_master_0_0      flatten                false
                                         structure              true
                                         structure_boolean      false
                                         structure_timing       true

mpr121_controller_DW01_inc_0             flatten                false
                                         structure              true
                                         structure_boolean      false
                                         structure_timing       true

SNPS_CLOCK_GATE_HIGH_mpr121_controller_0_0 flatten              false
                                         structure              true
                                         structure_boolean      false
                                         structure_timing       true

ads1292_filter                           flatten                false
                                         structure              true
                                         structure_boolean      false
                                         structure_timing       true

converter_i2f                            flatten                false
                                         structure              true
                                         structure_boolean      false
                                         structure_timing       true

converter_i2f_DW01_inc_0                 flatten                false
                                         structure              true
                                         structure_boolean      false
                                         structure_timing       true

converter_i2f_DW01_inc_1                 flatten                false
                                         structure              true
                                         structure_boolean      false
                                         structure_timing       true

converter_i2f_DW01_sub_0                 flatten                false
                                         structure              true
                                         structure_boolean      false
                                         structure_timing       true

SNPS_CLOCK_GATE_HIGH_converter_i2f_4_0   flatten                false
                                         structure              true
                                         structure_boolean      false
                                         structure_timing       true

SNPS_CLOCK_GATE_HIGH_converter_i2f_3_0   flatten                false
                                         structure              true
                                         structure_boolean      false
                                         structure_timing       true

SNPS_CLOCK_GATE_HIGH_converter_i2f_2_0   flatten                false
                                         structure              true
                                         structure_boolean      false
                                         structure_timing       true

SNPS_CLOCK_GATE_HIGH_converter_i2f_1_0   flatten                false
                                         structure              true
                                         structure_boolean      false
                                         structure_timing       true

SNPS_CLOCK_GATE_HIGH_converter_i2f_0_0   flatten                false
                                         structure              true
                                         structure_boolean      false
                                         structure_timing       true

iir_lpf                                  flatten                false
                                         structure              true
                                         structure_boolean      false
                                         structure_timing       true

float_adder_3                            flatten                false
                                         structure              true
                                         structure_boolean      false
                                         structure_timing       true

float_adder_3_DW01_inc_0                 flatten                false
                                         structure              true
                                         structure_boolean      false
                                         structure_timing       true

float_adder_3_DP_OP_128_206_9905_0       flatten                false
                                         structure              true
                                         structure_boolean      false
                                         structure_timing       true

float_adder_3_DP_OP_129_207_5372_0       flatten                false
                                         structure              true
                                         structure_boolean      false
                                         structure_timing       true

float_adder_3_DP_OP_131_209_1709_0       flatten                false
                                         structure              true
                                         structure_boolean      false
                                         structure_timing       true

float_adder_3_DP_OP_132_210_6037_0       flatten                false
                                         structure              true
                                         structure_boolean      false
                                         structure_timing       true

float_adder_3_DP_OP_143_220_7930_0       flatten                false
                                         structure              true
                                         structure_boolean      false
                                         structure_timing       true

float_adder_3_DP_OP_43_247_8814_0        flatten                false
                                         structure              true
                                         structure_boolean      false
                                         structure_timing       true

float_adder_3_DW_cmp_6                   flatten                false
                                         structure              true
                                         structure_boolean      false
                                         structure_timing       true

SNPS_CLOCK_GATE_HIGH_float_adder_3_12_0  flatten                false
                                         structure              true
                                         structure_boolean      false
                                         structure_timing       true

SNPS_CLOCK_GATE_HIGH_float_adder_3_9_0   flatten                false
                                         structure              true
                                         structure_boolean      false
                                         structure_timing       true

SNPS_CLOCK_GATE_HIGH_float_adder_3_8_0   flatten                false
                                         structure              true
                                         structure_boolean      false
                                         structure_timing       true

SNPS_CLOCK_GATE_HIGH_float_adder_3_7_0   flatten                false
                                         structure              true
                                         structure_boolean      false
                                         structure_timing       true

SNPS_CLOCK_GATE_HIGH_float_adder_3_6_0   flatten                false
                                         structure              true
                                         structure_boolean      false
                                         structure_timing       true

SNPS_CLOCK_GATE_HIGH_float_adder_3_5_0   flatten                false
                                         structure              true
                                         structure_boolean      false
                                         structure_timing       true

SNPS_CLOCK_GATE_HIGH_float_adder_3_4_0   flatten                false
                                         structure              true
                                         structure_boolean      false
                                         structure_timing       true

SNPS_CLOCK_GATE_HIGH_float_adder_3_3_0   flatten                false
                                         structure              true
                                         structure_boolean      false
                                         structure_timing       true

SNPS_CLOCK_GATE_HIGH_float_adder_3_2_0   flatten                false
                                         structure              true
                                         structure_boolean      false
                                         structure_timing       true

SNPS_CLOCK_GATE_HIGH_float_adder_3_1_0   flatten                false
                                         structure              true
                                         structure_boolean      false
                                         structure_timing       true

SNPS_CLOCK_GATE_HIGH_float_adder_3_0_0   flatten                false
                                         structure              true
                                         structure_boolean      false
                                         structure_timing       true

float_multiplier_5                       flatten                false
                                         structure              true
                                         structure_boolean      false
                                         structure_timing       true

float_multiplier_5_DW01_inc_0            flatten                false
                                         structure              true
                                         structure_boolean      false
                                         structure_timing       true

float_multiplier_5_DP_OP_114_201_6986_0  flatten                false
                                         structure              true
                                         structure_boolean      false
                                         structure_timing       true

float_multiplier_5_DW_mult_uns_2         flatten                false
                                         structure              true
                                         structure_boolean      false
                                         structure_timing       true

SNPS_CLOCK_GATE_HIGH_float_multiplier_5_10_0 flatten            false
                                         structure              true
                                         structure_boolean      false
                                         structure_timing       true

SNPS_CLOCK_GATE_HIGH_float_multiplier_5_9_0 flatten             false
                                         structure              true
                                         structure_boolean      false
                                         structure_timing       true

SNPS_CLOCK_GATE_HIGH_float_multiplier_5_7_0 flatten             false
                                         structure              true
                                         structure_boolean      false
                                         structure_timing       true

SNPS_CLOCK_GATE_HIGH_float_multiplier_5_6_0 flatten             false
                                         structure              true
                                         structure_boolean      false
                                         structure_timing       true

SNPS_CLOCK_GATE_HIGH_float_multiplier_5_5_0 flatten             false
                                         structure              true
                                         structure_boolean      false
                                         structure_timing       true

SNPS_CLOCK_GATE_HIGH_float_multiplier_5_4_0 flatten             false
                                         structure              true
                                         structure_boolean      false
                                         structure_timing       true

SNPS_CLOCK_GATE_HIGH_float_multiplier_5_3_0 flatten             false
                                         structure              true
                                         structure_boolean      false
                                         structure_timing       true

SNPS_CLOCK_GATE_HIGH_float_multiplier_5_2_0 flatten             false
                                         structure              true
                                         structure_boolean      false
                                         structure_timing       true

SNPS_CLOCK_GATE_HIGH_float_multiplier_5_1_0 flatten             false
                                         structure              true
                                         structure_boolean      false
                                         structure_timing       true

SNPS_CLOCK_GATE_HIGH_float_multiplier_5_0_0 flatten             false
                                         structure              true
                                         structure_boolean      false
                                         structure_timing       true

float_multiplier_4                       flatten                false
                                         structure              true
                                         structure_boolean      false
                                         structure_timing       true

float_multiplier_4_DW01_inc_0            flatten                false
                                         structure              true
                                         structure_boolean      false
                                         structure_timing       true

float_multiplier_4_DP_OP_114_191_6440_0  flatten                false
                                         structure              true
                                         structure_boolean      false
                                         structure_timing       true

float_multiplier_4_DW_mult_uns_2         flatten                false
                                         structure              true
                                         structure_boolean      false
                                         structure_timing       true

SNPS_CLOCK_GATE_HIGH_float_multiplier_4_10_0 flatten            false
                                         structure              true
                                         structure_boolean      false
                                         structure_timing       true

SNPS_CLOCK_GATE_HIGH_float_multiplier_4_9_0 flatten             false
                                         structure              true
                                         structure_boolean      false
                                         structure_timing       true

SNPS_CLOCK_GATE_HIGH_float_multiplier_4_7_0 flatten             false
                                         structure              true
                                         structure_boolean      false
                                         structure_timing       true

SNPS_CLOCK_GATE_HIGH_float_multiplier_4_6_0 flatten             false
                                         structure              true
                                         structure_boolean      false
                                         structure_timing       true

SNPS_CLOCK_GATE_HIGH_float_multiplier_4_5_0 flatten             false
                                         structure              true
                                         structure_boolean      false
                                         structure_timing       true

SNPS_CLOCK_GATE_HIGH_float_multiplier_4_4_0 flatten             false
                                         structure              true
                                         structure_boolean      false
                                         structure_timing       true

SNPS_CLOCK_GATE_HIGH_float_multiplier_4_3_0 flatten             false
                                         structure              true
                                         structure_boolean      false
                                         structure_timing       true

SNPS_CLOCK_GATE_HIGH_float_multiplier_4_2_0 flatten             false
                                         structure              true
                                         structure_boolean      false
                                         structure_timing       true

SNPS_CLOCK_GATE_HIGH_float_multiplier_4_1_0 flatten             false
                                         structure              true
                                         structure_boolean      false
                                         structure_timing       true

SNPS_CLOCK_GATE_HIGH_float_multiplier_4_0_0 flatten             false
                                         structure              true
                                         structure_boolean      false
                                         structure_timing       true

iir_notch                                flatten                false
                                         structure              true
                                         structure_boolean      false
                                         structure_timing       true

float_adder_2                            flatten                false
                                         structure              true
                                         structure_boolean      false
                                         structure_timing       true

float_adder_2_DW01_inc_0                 flatten                false
                                         structure              true
                                         structure_boolean      false
                                         structure_timing       true

float_adder_2_DP_OP_128_180_8620_0       flatten                false
                                         structure              true
                                         structure_boolean      false
                                         structure_timing       true

float_adder_2_DP_OP_129_181_2885_0       flatten                false
                                         structure              true
                                         structure_boolean      false
                                         structure_timing       true

float_adder_2_DP_OP_131_183_7810_0       flatten                false
                                         structure              true
                                         structure_boolean      false
                                         structure_timing       true

float_adder_2_DP_OP_132_184_9028_0       flatten                false
                                         structure              true
                                         structure_boolean      false
                                         structure_timing       true

float_adder_2_DP_OP_143_217_5633_0       flatten                false
                                         structure              true
                                         structure_boolean      false
                                         structure_timing       true

float_adder_2_DP_OP_43_243_1878_0        flatten                false
                                         structure              true
                                         structure_boolean      false
                                         structure_timing       true

float_adder_2_DW_cmp_6                   flatten                false
                                         structure              true
                                         structure_boolean      false
                                         structure_timing       true

SNPS_CLOCK_GATE_HIGH_float_adder_2_12_0  flatten                false
                                         structure              true
                                         structure_boolean      false
                                         structure_timing       true

SNPS_CLOCK_GATE_HIGH_float_adder_2_9_0   flatten                false
                                         structure              true
                                         structure_boolean      false
                                         structure_timing       true

SNPS_CLOCK_GATE_HIGH_float_adder_2_8_0   flatten                false
                                         structure              true
                                         structure_boolean      false
                                         structure_timing       true

SNPS_CLOCK_GATE_HIGH_float_adder_2_7_0   flatten                false
                                         structure              true
                                         structure_boolean      false
                                         structure_timing       true

SNPS_CLOCK_GATE_HIGH_float_adder_2_6_0   flatten                false
                                         structure              true
                                         structure_boolean      false
                                         structure_timing       true

SNPS_CLOCK_GATE_HIGH_float_adder_2_5_0   flatten                false
                                         structure              true
                                         structure_boolean      false
                                         structure_timing       true

SNPS_CLOCK_GATE_HIGH_float_adder_2_4_0   flatten                false
                                         structure              true
                                         structure_boolean      false
                                         structure_timing       true

SNPS_CLOCK_GATE_HIGH_float_adder_2_3_0   flatten                false
                                         structure              true
                                         structure_boolean      false
                                         structure_timing       true

SNPS_CLOCK_GATE_HIGH_float_adder_2_2_0   flatten                false
                                         structure              true
                                         structure_boolean      false
                                         structure_timing       true

SNPS_CLOCK_GATE_HIGH_float_adder_2_1_0   flatten                false
                                         structure              true
                                         structure_boolean      false
                                         structure_timing       true

SNPS_CLOCK_GATE_HIGH_float_adder_2_0_0   flatten                false
                                         structure              true
                                         structure_boolean      false
                                         structure_timing       true

float_adder_1                            flatten                false
                                         structure              true
                                         structure_boolean      false
                                         structure_timing       true

float_adder_1_DW01_inc_0                 flatten                false
                                         structure              true
                                         structure_boolean      false
                                         structure_timing       true

float_adder_1_DP_OP_128_174_8668_0       flatten                false
                                         structure              true
                                         structure_boolean      false
                                         structure_timing       true

float_adder_1_DP_OP_129_175_564_0        flatten                false
                                         structure              true
                                         structure_boolean      false
                                         structure_timing       true

float_adder_1_DP_OP_131_177_7858_0       flatten                false
                                         structure              true
                                         structure_boolean      false
                                         structure_timing       true

float_adder_1_DP_OP_132_178_6707_0       flatten                false
                                         structure              true
                                         structure_boolean      false
                                         structure_timing       true

float_adder_1_DP_OP_143_214_9477_0       flatten                false
                                         structure              true
                                         structure_boolean      false
                                         structure_timing       true

float_adder_1_DP_OP_43_239_1622_0        flatten                false
                                         structure              true
                                         structure_boolean      false
                                         structure_timing       true

float_adder_1_DW_cmp_6                   flatten                false
                                         structure              true
                                         structure_boolean      false
                                         structure_timing       true

SNPS_CLOCK_GATE_HIGH_float_adder_1_12_0  flatten                false
                                         structure              true
                                         structure_boolean      false
                                         structure_timing       true

SNPS_CLOCK_GATE_HIGH_float_adder_1_9_0   flatten                false
                                         structure              true
                                         structure_boolean      false
                                         structure_timing       true

SNPS_CLOCK_GATE_HIGH_float_adder_1_8_0   flatten                false
                                         structure              true
                                         structure_boolean      false
                                         structure_timing       true

SNPS_CLOCK_GATE_HIGH_float_adder_1_7_0   flatten                false
                                         structure              true
                                         structure_boolean      false
                                         structure_timing       true

SNPS_CLOCK_GATE_HIGH_float_adder_1_6_0   flatten                false
                                         structure              true
                                         structure_boolean      false
                                         structure_timing       true

SNPS_CLOCK_GATE_HIGH_float_adder_1_5_0   flatten                false
                                         structure              true
                                         structure_boolean      false
                                         structure_timing       true

SNPS_CLOCK_GATE_HIGH_float_adder_1_4_0   flatten                false
                                         structure              true
                                         structure_boolean      false
                                         structure_timing       true

SNPS_CLOCK_GATE_HIGH_float_adder_1_3_0   flatten                false
                                         structure              true
                                         structure_boolean      false
                                         structure_timing       true

SNPS_CLOCK_GATE_HIGH_float_adder_1_2_0   flatten                false
                                         structure              true
                                         structure_boolean      false
                                         structure_timing       true

SNPS_CLOCK_GATE_HIGH_float_adder_1_1_0   flatten                false
                                         structure              true
                                         structure_boolean      false
                                         structure_timing       true

SNPS_CLOCK_GATE_HIGH_float_adder_1_0_0   flatten                false
                                         structure              true
                                         structure_boolean      false
                                         structure_timing       true

float_multiplier_3                       flatten                false
                                         structure              true
                                         structure_boolean      false
                                         structure_timing       true

float_multiplier_3_DW01_inc_0            flatten                false
                                         structure              true
                                         structure_boolean      false
                                         structure_timing       true

float_multiplier_3_DP_OP_114_169_7349_0  flatten                false
                                         structure              true
                                         structure_boolean      false
                                         structure_timing       true

float_multiplier_3_DW_mult_uns_2         flatten                false
                                         structure              true
                                         structure_boolean      false
                                         structure_timing       true

SNPS_CLOCK_GATE_HIGH_float_multiplier_3_9_0 flatten             false
                                         structure              true
                                         structure_boolean      false
                                         structure_timing       true

SNPS_CLOCK_GATE_HIGH_float_multiplier_3_7_0 flatten             false
                                         structure              true
                                         structure_boolean      false
                                         structure_timing       true

SNPS_CLOCK_GATE_HIGH_float_multiplier_3_6_0 flatten             false
                                         structure              true
                                         structure_boolean      false
                                         structure_timing       true

SNPS_CLOCK_GATE_HIGH_float_multiplier_3_5_0 flatten             false
                                         structure              true
                                         structure_boolean      false
                                         structure_timing       true

SNPS_CLOCK_GATE_HIGH_float_multiplier_3_4_0 flatten             false
                                         structure              true
                                         structure_boolean      false
                                         structure_timing       true

SNPS_CLOCK_GATE_HIGH_float_multiplier_3_3_0 flatten             false
                                         structure              true
                                         structure_boolean      false
                                         structure_timing       true

SNPS_CLOCK_GATE_HIGH_float_multiplier_3_2_0 flatten             false
                                         structure              true
                                         structure_boolean      false
                                         structure_timing       true

SNPS_CLOCK_GATE_HIGH_float_multiplier_3_1_0 flatten             false
                                         structure              true
                                         structure_boolean      false
                                         structure_timing       true

SNPS_CLOCK_GATE_HIGH_float_multiplier_3_0_0 flatten             false
                                         structure              true
                                         structure_boolean      false
                                         structure_timing       true

float_multiplier_2                       flatten                false
                                         structure              true
                                         structure_boolean      false
                                         structure_timing       true

float_multiplier_2_DW01_inc_0            flatten                false
                                         structure              true
                                         structure_boolean      false
                                         structure_timing       true

float_multiplier_2_DP_OP_114_159_8578_0  flatten                false
                                         structure              true
                                         structure_boolean      false
                                         structure_timing       true

float_multiplier_2_DW_mult_uns_2         flatten                false
                                         structure              true
                                         structure_boolean      false
                                         structure_timing       true

SNPS_CLOCK_GATE_HIGH_float_multiplier_2_10_0 flatten            false
                                         structure              true
                                         structure_boolean      false
                                         structure_timing       true

SNPS_CLOCK_GATE_HIGH_float_multiplier_2_9_0 flatten             false
                                         structure              true
                                         structure_boolean      false
                                         structure_timing       true

SNPS_CLOCK_GATE_HIGH_float_multiplier_2_7_0 flatten             false
                                         structure              true
                                         structure_boolean      false
                                         structure_timing       true

SNPS_CLOCK_GATE_HIGH_float_multiplier_2_6_0 flatten             false
                                         structure              true
                                         structure_boolean      false
                                         structure_timing       true

SNPS_CLOCK_GATE_HIGH_float_multiplier_2_5_0 flatten             false
                                         structure              true
                                         structure_boolean      false
                                         structure_timing       true

SNPS_CLOCK_GATE_HIGH_float_multiplier_2_4_0 flatten             false
                                         structure              true
                                         structure_boolean      false
                                         structure_timing       true

SNPS_CLOCK_GATE_HIGH_float_multiplier_2_3_0 flatten             false
                                         structure              true
                                         structure_boolean      false
                                         structure_timing       true

SNPS_CLOCK_GATE_HIGH_float_multiplier_2_2_0 flatten             false
                                         structure              true
                                         structure_boolean      false
                                         structure_timing       true

SNPS_CLOCK_GATE_HIGH_float_multiplier_2_1_0 flatten             false
                                         structure              true
                                         structure_boolean      false
                                         structure_timing       true

SNPS_CLOCK_GATE_HIGH_float_multiplier_2_0_0 flatten             false
                                         structure              true
                                         structure_boolean      false
                                         structure_timing       true

float_multiplier_1                       flatten                false
                                         structure              true
                                         structure_boolean      false
                                         structure_timing       true

float_multiplier_1_DW01_inc_0            flatten                false
                                         structure              true
                                         structure_boolean      false
                                         structure_timing       true

float_multiplier_1_DP_OP_114_149_2707_0  flatten                false
                                         structure              true
                                         structure_boolean      false
                                         structure_timing       true

float_multiplier_1_DW_mult_uns_2         flatten                false
                                         structure              true
                                         structure_boolean      false
                                         structure_timing       true

SNPS_CLOCK_GATE_HIGH_float_multiplier_1_10_0 flatten            false
                                         structure              true
                                         structure_boolean      false
                                         structure_timing       true

SNPS_CLOCK_GATE_HIGH_float_multiplier_1_9_0 flatten             false
                                         structure              true
                                         structure_boolean      false
                                         structure_timing       true

SNPS_CLOCK_GATE_HIGH_float_multiplier_1_7_0 flatten             false
                                         structure              true
                                         structure_boolean      false
                                         structure_timing       true

SNPS_CLOCK_GATE_HIGH_float_multiplier_1_6_0 flatten             false
                                         structure              true
                                         structure_boolean      false
                                         structure_timing       true

SNPS_CLOCK_GATE_HIGH_float_multiplier_1_5_0 flatten             false
                                         structure              true
                                         structure_boolean      false
                                         structure_timing       true

SNPS_CLOCK_GATE_HIGH_float_multiplier_1_4_0 flatten             false
                                         structure              true
                                         structure_boolean      false
                                         structure_timing       true

SNPS_CLOCK_GATE_HIGH_float_multiplier_1_3_0 flatten             false
                                         structure              true
                                         structure_boolean      false
                                         structure_timing       true

SNPS_CLOCK_GATE_HIGH_float_multiplier_1_2_0 flatten             false
                                         structure              true
                                         structure_boolean      false
                                         structure_timing       true

SNPS_CLOCK_GATE_HIGH_float_multiplier_1_1_0 flatten             false
                                         structure              true
                                         structure_boolean      false
                                         structure_timing       true

SNPS_CLOCK_GATE_HIGH_float_multiplier_1_0_0 flatten             false
                                         structure              true
                                         structure_boolean      false
                                         structure_timing       true

iir_hpf                                  flatten                false
                                         structure              true
                                         structure_boolean      false
                                         structure_timing       true

async_rst_synchronizer                   flatten                false
                                         structure              true
                                         structure_boolean      false
                                         structure_timing       true

float_adder_0                            flatten                false
                                         structure              true
                                         structure_boolean      false
                                         structure_timing       true

float_adder_0_DW01_inc_0                 flatten                false
                                         structure              true
                                         structure_boolean      false
                                         structure_timing       true

float_adder_0_DP_OP_128_138_898_0        flatten                false
                                         structure              true
                                         structure_boolean      false
                                         structure_timing       true

float_adder_0_DP_OP_129_139_7556_0       flatten                false
                                         structure              true
                                         structure_boolean      false
                                         structure_timing       true

float_adder_0_DP_OP_131_141_2669_0       flatten                false
                                         structure              true
                                         structure_boolean      false
                                         structure_timing       true

float_adder_0_DP_OP_132_142_8221_0       flatten                false
                                         structure              true
                                         structure_boolean      false
                                         structure_timing       true

float_adder_0_DP_OP_143_211_8882_0       flatten                false
                                         structure              true
                                         structure_boolean      false
                                         structure_timing       true

float_adder_0_DP_OP_43_235_1646_0        flatten                false
                                         structure              true
                                         structure_boolean      false
                                         structure_timing       true

float_adder_0_DW_cmp_6                   flatten                false
                                         structure              true
                                         structure_boolean      false
                                         structure_timing       true

SNPS_CLOCK_GATE_HIGH_float_adder_0_12_0  flatten                false
                                         structure              true
                                         structure_boolean      false
                                         structure_timing       true

SNPS_CLOCK_GATE_HIGH_float_adder_0_9_0   flatten                false
                                         structure              true
                                         structure_boolean      false
                                         structure_timing       true

SNPS_CLOCK_GATE_HIGH_float_adder_0_8_0   flatten                false
                                         structure              true
                                         structure_boolean      false
                                         structure_timing       true

SNPS_CLOCK_GATE_HIGH_float_adder_0_7_0   flatten                false
                                         structure              true
                                         structure_boolean      false
                                         structure_timing       true

SNPS_CLOCK_GATE_HIGH_float_adder_0_6_0   flatten                false
                                         structure              true
                                         structure_boolean      false
                                         structure_timing       true

SNPS_CLOCK_GATE_HIGH_float_adder_0_5_0   flatten                false
                                         structure              true
                                         structure_boolean      false
                                         structure_timing       true

SNPS_CLOCK_GATE_HIGH_float_adder_0_4_0   flatten                false
                                         structure              true
                                         structure_boolean      false
                                         structure_timing       true

SNPS_CLOCK_GATE_HIGH_float_adder_0_3_0   flatten                false
                                         structure              true
                                         structure_boolean      false
                                         structure_timing       true

SNPS_CLOCK_GATE_HIGH_float_adder_0_2_0   flatten                false
                                         structure              true
                                         structure_boolean      false
                                         structure_timing       true

SNPS_CLOCK_GATE_HIGH_float_adder_0_1_0   flatten                false
                                         structure              true
                                         structure_boolean      false
                                         structure_timing       true

SNPS_CLOCK_GATE_HIGH_float_adder_0_0_0   flatten                false
                                         structure              true
                                         structure_boolean      false
                                         structure_timing       true

float_multiplier_0                       flatten                false
                                         structure              true
                                         structure_boolean      false
                                         structure_timing       true

float_multiplier_0_DW01_inc_0            flatten                false
                                         structure              true
                                         structure_boolean      false
                                         structure_timing       true

float_multiplier_0_DP_OP_114_133_1607_0  flatten                false
                                         structure              true
                                         structure_boolean      false
                                         structure_timing       true

float_multiplier_0_DW_mult_uns_2         flatten                false
                                         structure              true
                                         structure_boolean      false
                                         structure_timing       true

SNPS_CLOCK_GATE_HIGH_float_multiplier_0_10_0 flatten            false
                                         structure              true
                                         structure_boolean      false
                                         structure_timing       true

SNPS_CLOCK_GATE_HIGH_float_multiplier_0_9_0 flatten             false
                                         structure              true
                                         structure_boolean      false
                                         structure_timing       true

SNPS_CLOCK_GATE_HIGH_float_multiplier_0_7_0 flatten             false
                                         structure              true
                                         structure_boolean      false
                                         structure_timing       true

SNPS_CLOCK_GATE_HIGH_float_multiplier_0_6_0 flatten             false
                                         structure              true
                                         structure_boolean      false
                                         structure_timing       true

SNPS_CLOCK_GATE_HIGH_float_multiplier_0_5_0 flatten             false
                                         structure              true
                                         structure_boolean      false
                                         structure_timing       true

SNPS_CLOCK_GATE_HIGH_float_multiplier_0_4_0 flatten             false
                                         structure              true
                                         structure_boolean      false
                                         structure_timing       true

SNPS_CLOCK_GATE_HIGH_float_multiplier_0_3_0 flatten             false
                                         structure              true
                                         structure_boolean      false
                                         structure_timing       true

SNPS_CLOCK_GATE_HIGH_float_multiplier_0_2_0 flatten             false
                                         structure              true
                                         structure_boolean      false
                                         structure_timing       true

SNPS_CLOCK_GATE_HIGH_float_multiplier_0_1_0 flatten             false
                                         structure              true
                                         structure_boolean      false
                                         structure_timing       true

SNPS_CLOCK_GATE_HIGH_float_multiplier_0_0_0 flatten             false
                                         structure              true
                                         structure_boolean      false
                                         structure_timing       true

converter_f2i                            flatten                false
                                         structure              true
                                         structure_boolean      false
                                         structure_timing       true

converter_f2i_DW01_sub_0                 flatten                false
                                         structure              true
                                         structure_boolean      false
                                         structure_timing       true

converter_f2i_DP_OP_15_125_6361_0        flatten                false
                                         structure              true
                                         structure_boolean      false
                                         structure_timing       true

converter_f2i_DP_OP_16_126_7129_0        flatten                false
                                         structure              true
                                         structure_boolean      false
                                         structure_timing       true

SNPS_CLOCK_GATE_HIGH_converter_f2i_3_0   flatten                false
                                         structure              true
                                         structure_boolean      false
                                         structure_timing       true

SNPS_CLOCK_GATE_HIGH_converter_f2i_2_0   flatten                false
                                         structure              true
                                         structure_boolean      false
                                         structure_timing       true

SNPS_CLOCK_GATE_HIGH_converter_f2i_1_0   flatten                false
                                         structure              true
                                         structure_boolean      false
                                         structure_timing       true

SNPS_CLOCK_GATE_HIGH_converter_f2i_0_0   flatten                false
                                         structure              true
                                         structure_boolean      false
                                         structure_timing       true

ads1292_filter_DW01_inc_0                flatten                false
                                         structure              true
                                         structure_boolean      false
                                         structure_timing       true

ads1292_controller                       flatten                false
                                         structure              true
                                         structure_boolean      false
                                         structure_timing       true

spi_master                               flatten                false
                                         structure              true
                                         structure_boolean      false
                                         structure_timing       true

async_rstn_synchronizer                  flatten                false
                                         structure              true
                                         structure_boolean      false
                                         structure_timing       true

spi_master_DW01_inc_0                    flatten                false
                                         structure              true
                                         structure_boolean      false
                                         structure_timing       true

ads1292_controller_DW01_inc_0            flatten                false
                                         structure              true
                                         structure_boolean      false
                                         structure_timing       true

SNPS_CLOCK_GATE_HIGH_ads1292_controller_3_0 flatten             false
                                         structure              true
                                         structure_boolean      false
                                         structure_timing       true

SNPS_CLOCK_GATE_HIGH_ads1292_controller_2_0 flatten             false
                                         structure              true
                                         structure_boolean      false
                                         structure_timing       true

SNPS_CLOCK_GATE_HIGH_ads1292_controller_1_0 flatten             false
                                         structure              true
                                         structure_boolean      false
                                         structure_timing       true

SNPS_CLOCK_GATE_HIGH_ads1292_controller_0_0 flatten             false
                                         structure              true
                                         structure_boolean      false
                                         structure_timing       true
--------------------------------------------------------------------------------
1
