 
****************************************
Report : constraint
Design : khu_sensor_pad
Version: F-2011.09-SP5-3
Date   : Sat Sep 12 01:22:46 2020
****************************************


                                                   Weighted
    Group (max_delay/setup)      Cost     Weight     Cost
    -----------------------------------------------------
    FEEDTHROUGH                  0.00      1.00      0.00
    REGIN                        0.00      1.00      0.00
    REGOUT                       0.00      1.00      0.00
    clk                          0.00      1.00      0.00
    clk_half                     0.00      1.00      0.00
    default                      0.00      1.00      0.00
    -----------------------------------------------------
    max_delay/setup                                  0.00

                              Total Neg  Critical
    Group (critical_range)      Slack    Endpoints   Cost
    -----------------------------------------------------
    FEEDTHROUGH                  0.00         0      0.00
    REGIN                        0.00         0      0.00
    REGOUT                       0.00         0      0.00
    clk                          0.00         0      0.00
    clk_half                     0.00         0      0.00
    default                      0.00         0      0.00
    -----------------------------------------------------
    critical_range                                   0.00

                                                   Weighted
    Group (min_delay/hold)       Cost     Weight     Cost
    -----------------------------------------------------
    FEEDTHROUGH                  0.00      1.00      0.00
    REGIN                        0.00      1.00      0.00
    REGOUT                       0.00      1.00      0.00
    clk                          0.00      1.00      0.00
    clk_half                     0.00      1.00      0.00
    default                      0.00      1.00      0.00
    -----------------------------------------------------
    min_delay/hold                                   0.00
    Constraint                                     Slack
    ----------------------------------------------------
    max_leakage_power                              -0.10  (VIOLATED)


    Constraint                                       Cost
    -----------------------------------------------------
    multiport_net                                    0.00 (MET)
    min_capacitance                                  0.00 (MET)
    max_transition                                  24.57 (VIOLATED)
    max_capacitance                                  0.38 (VIOLATED)
    max_delay/setup                                  0.00 (MET)
    critical_range                                   0.00 (MET)
    min_delay/hold                                   0.00 (MET)
    max_leakage_power                                0.10 (VIOLATED)
    max_area                                     87374.94 (VIOLATED)


1
 
****************************************
Report : constraint
        -all_violators
        -verbose
Design : khu_sensor_pad
Version: F-2011.09-SP5-3
Date   : Sat Sep 12 01:22:46 2020
****************************************


    Net: khu_sensor_top/ads1292_filter/iir_hpf/add/n826

    max_transition         1.50
  - Transition Time        1.89
  ------------------------------
    Slack                 -0.39  (VIOLATED)

    List of pins on net "khu_sensor_top/ads1292_filter/iir_hpf/add/n826" with transition violations :
   -----------------------------------------------------------------
                             Required        Actual
                            Transition     Transition       Slack
   -----------------------------------------------------------------
       PIN :   khu_sensor_top/ads1292_filter/iir_hpf/add/clk_gate_a_reg_0/latch/GCK
                                1.50           1.89          -0.39  (VIOLATED)

    Net: khu_sensor_top/ads1292_filter/iir_lpf/add/n826

    max_transition         1.50
  - Transition Time        1.89
  ------------------------------
    Slack                 -0.39  (VIOLATED)

    List of pins on net "khu_sensor_top/ads1292_filter/iir_lpf/add/n826" with transition violations :
   -----------------------------------------------------------------
                             Required        Actual
                            Transition     Transition       Slack
   -----------------------------------------------------------------
       PIN :   khu_sensor_top/ads1292_filter/iir_lpf/add/clk_gate_a_reg_0/latch/GCK
                                1.50           1.89          -0.39  (VIOLATED)

    Net: khu_sensor_top/ads1292_filter/iir_notch/add_1/n826

    max_transition         1.50
  - Transition Time        1.89
  ------------------------------
    Slack                 -0.39  (VIOLATED)

    List of pins on net "khu_sensor_top/ads1292_filter/iir_notch/add_1/n826" with transition violations :
   -----------------------------------------------------------------
                             Required        Actual
                            Transition     Transition       Slack
   -----------------------------------------------------------------
       PIN :   khu_sensor_top/ads1292_filter/iir_notch/add_1/clk_gate_a_reg_0/latch/GCK
                                1.50           1.89          -0.39  (VIOLATED)

    Net: khu_sensor_top/ads1292_filter/iir_notch/add_2/n829

    max_transition         1.50
  - Transition Time        1.89
  ------------------------------
    Slack                 -0.39  (VIOLATED)

    List of pins on net "khu_sensor_top/ads1292_filter/iir_notch/add_2/n829" with transition violations :
   -----------------------------------------------------------------
                             Required        Actual
                            Transition     Transition       Slack
   -----------------------------------------------------------------
       PIN :   khu_sensor_top/ads1292_filter/iir_notch/add_2/clk_gate_a_reg_0/latch/GCK
                                1.50           1.89          -0.39  (VIOLATED)

    Net: khu_sensor_top/ads1292_filter/iir_notch/mult_1/n594

    max_transition         1.50
  - Transition Time        1.87
  ------------------------------
    Slack                 -0.37  (VIOLATED)

    List of pins on net "khu_sensor_top/ads1292_filter/iir_notch/mult_1/n594" with transition violations :
   -----------------------------------------------------------------
                             Required        Actual
                            Transition     Transition       Slack
   -----------------------------------------------------------------
       PIN :   khu_sensor_top/ads1292_filter/iir_notch/mult_1/clk_gate_R_51_0/latch/GCK
                                1.50           1.87          -0.37  (VIOLATED)

    Net: khu_sensor_top/ads1292_filter/iir_notch/mult_3/n596

    max_transition         1.50
  - Transition Time        1.84
  ------------------------------
    Slack                 -0.34  (VIOLATED)

    List of pins on net "khu_sensor_top/ads1292_filter/iir_notch/mult_3/n596" with transition violations :
   -----------------------------------------------------------------
                             Required        Actual
                            Transition     Transition       Slack
   -----------------------------------------------------------------
       PIN :   khu_sensor_top/ads1292_filter/iir_notch/mult_3/clk_gate_R_53_0/latch/GCK
                                1.50           1.84          -0.34  (VIOLATED)

    Net: khu_sensor_top/ads1292_filter/iir_lpf/mult_1/n591

    max_transition         1.50
  - Transition Time        1.75
  ------------------------------
    Slack                 -0.25  (VIOLATED)

    List of pins on net "khu_sensor_top/ads1292_filter/iir_lpf/mult_1/n591" with transition violations :
   -----------------------------------------------------------------
                             Required        Actual
                            Transition     Transition       Slack
   -----------------------------------------------------------------
       PIN :   khu_sensor_top/ads1292_filter/iir_lpf/mult_1/clk_gate_a_reg_0/latch/GCK
                                1.50           1.75          -0.25  (VIOLATED)

    Net: khu_sensor_top/ads1292_filter/iir_notch/mult_2/n592

    max_transition         1.50
  - Transition Time        1.72
  ------------------------------
    Slack                 -0.22  (VIOLATED)

    List of pins on net "khu_sensor_top/ads1292_filter/iir_notch/mult_2/n592" with transition violations :
   -----------------------------------------------------------------
                             Required        Actual
                            Transition     Transition       Slack
   -----------------------------------------------------------------
       PIN :   khu_sensor_top/ads1292_filter/iir_notch/mult_2/clk_gate_R_52_0/latch/GCK
                                1.50           1.72          -0.22  (VIOLATED)

    Net: khu_sensor_top/ads1292_filter/iir_lpf/mult_2/n591

    max_transition         1.50
  - Transition Time        1.69
  ------------------------------
    Slack                 -0.19  (VIOLATED)

    List of pins on net "khu_sensor_top/ads1292_filter/iir_lpf/mult_2/n591" with transition violations :
   -----------------------------------------------------------------
                             Required        Actual
                            Transition     Transition       Slack
   -----------------------------------------------------------------
       PIN :   khu_sensor_top/ads1292_filter/iir_lpf/mult_2/clk_gate_R_50_0/latch/GCK
                                1.50           1.69          -0.19  (VIOLATED)

    Net: khu_sensor_top/ads1292_filter/iir_hpf/mult/n585

    max_transition         1.50
  - Transition Time        1.55
  ------------------------------
    Slack                 -0.05  (VIOLATED)

    List of pins on net "khu_sensor_top/ads1292_filter/iir_hpf/mult/n585" with transition violations :
   -----------------------------------------------------------------
                             Required        Actual
                            Transition     Transition       Slack
   -----------------------------------------------------------------
       PIN :   khu_sensor_top/ads1292_filter/iir_hpf/mult/clk_gate_a_reg_0/latch/GCK
                                1.50           1.55          -0.05  (VIOLATED)

    Net: khu_sensor_top/ads1292_filter/iir_hpf/add/n826

    max_capacitance        0.08
  - Capacitance            0.13
  ------------------------------
    Slack                 -0.04  (VIOLATED)


    Net: khu_sensor_top/ads1292_filter/iir_lpf/add/n826

    max_capacitance        0.08
  - Capacitance            0.13
  ------------------------------
    Slack                 -0.04  (VIOLATED)


    Net: khu_sensor_top/ads1292_filter/iir_notch/add_1/n826

    max_capacitance        0.08
  - Capacitance            0.13
  ------------------------------
    Slack                 -0.04  (VIOLATED)


    Net: khu_sensor_top/ads1292_filter/iir_notch/add_2/n829

    max_capacitance        0.08
  - Capacitance            0.13
  ------------------------------
    Slack                 -0.04  (VIOLATED)


    Net: khu_sensor_top/ads1292_filter/iir_notch/mult_1/n594

    max_capacitance        0.08
  - Capacitance            0.12
  ------------------------------
    Slack                 -0.04  (VIOLATED)


    Net: khu_sensor_top/ads1292_filter/iir_notch/mult_3/n596

    max_capacitance        0.08
  - Capacitance            0.12
  ------------------------------
    Slack                 -0.04  (VIOLATED)


    Net: khu_sensor_top/ads1292_filter/iir_lpf/mult_1/n591

    max_capacitance        0.08
  - Capacitance            0.12
  ------------------------------
    Slack                 -0.03  (VIOLATED)


    Net: khu_sensor_top/ads1292_filter/iir_notch/mult_2/n592

    max_capacitance        0.08
  - Capacitance            0.11
  ------------------------------
    Slack                 -0.03  (VIOLATED)


    Net: khu_sensor_top/ads1292_filter/iir_lpf/mult_2/n591

    max_capacitance        0.08
  - Capacitance            0.11
  ------------------------------
    Slack                 -0.03  (VIOLATED)


    Net: khu_sensor_top/ads1292_filter/iir_hpf/mult/n585

    max_capacitance        0.08
  - Capacitance            0.10
  ------------------------------
    Slack                 -0.02  (VIOLATED)


    Design: khu_sensor_pad

    max_area               0.00
  - Current Area       87374.94
  ------------------------------
    Slack              -87374.94  (VIOLATED)


    Design: khu_sensor_pad

    max_leakage_power          0.00
  - Current Leakage Power      0.10
  ----------------------------------
    Slack                     -0.10  (VIOLATED)


1
