 
****************************************
Report : qor
Design : khu_sensor_pad
Version: L-2016.03-SP5-5
Date   : Sat Nov 14 04:43:01 2020
****************************************


  Timing Path Group 'REGIN'
  -----------------------------------
  Levels of Logic:               1.00
  Critical Path Length:          1.31
  Critical Path Slack:           8.62
  Critical Path Clk Period:     24.00
  Total Negative Slack:          0.00
  No. of Violating Paths:        0.00
  Worst Hold Violation:          0.00
  Total Hold Violation:          0.00
  No. of Hold Violations:        0.00
  -----------------------------------

  Timing Path Group 'REGOUT'
  -----------------------------------
  Levels of Logic:               1.00
  Critical Path Length:          3.41
  Critical Path Slack:           7.25
  Critical Path Clk Period:     12.00
  Total Negative Slack:          0.00
  No. of Violating Paths:        0.00
  Worst Hold Violation:          0.00
  Total Hold Violation:          0.00
  No. of Hold Violations:        0.00
  -----------------------------------

  Timing Path Group 'clk'
  -----------------------------------
  Levels of Logic:              15.00
  Critical Path Length:          5.64
  Critical Path Slack:           5.46
  Critical Path Clk Period:     12.00
  Total Negative Slack:          0.00
  No. of Violating Paths:        0.00
  Worst Hold Violation:          0.00
  Total Hold Violation:          0.00
  No. of Hold Violations:        0.00
  -----------------------------------

  Timing Path Group 'clk_half'
  -----------------------------------
  Levels of Logic:               9.00
  Critical Path Length:          1.62
  Critical Path Slack:           8.66
  Critical Path Clk Period:     24.00
  Total Negative Slack:          0.00
  No. of Violating Paths:        0.00
  Worst Hold Violation:          0.00
  Total Hold Violation:          0.00
  No. of Hold Violations:        0.00
  -----------------------------------

  Timing Path Group 'default'
  -----------------------------------
  Levels of Logic:               0.00
  Critical Path Length:          0.00
  Critical Path Slack:           0.00
  Critical Path Clk Period:       n/a
  Total Negative Slack:          0.00
  No. of Violating Paths:        0.00
  Worst Hold Violation:          0.00
  Total Hold Violation:          0.00
  No. of Hold Violations:        0.00
  -----------------------------------


  Cell Count
  -----------------------------------
  Hierarchical Cell Count:        284
  Hierarchical Port Count:       5386
  Leaf Cell Count:              25947
  Buf/Inv Cell Count:            2719
  Buf Cell Count:                  33
  Inv Cell Count:                2686
  CT Buf/Inv Cell Count:            0
  Combinational Cell Count:     20560
  Sequential Cell Count:         5387
  Macro Count:                      0
  -----------------------------------


  Area
  -----------------------------------
  Combinational Area:    49049.022159
  Noncombinational Area: 37225.668558
  Buf/Inv Area:           1880.675405
  Total Buffer Area:            48.00
  Total Inverter Area:        1832.68
  Macro/Black Box Area:      0.000000
  Net Area:                  0.243590
  -----------------------------------
  Cell Area:             86274.690717
  Design Area:           86274.934307


  Design Rules
  -----------------------------------
  Total Number of Nets:         30035
  Nets With Violations:           109
  Max Trans Violations:           109
  Max Cap Violations:              26
  -----------------------------------


  Hostname: vlsi-dist.khu.ac.kr

  Compile CPU Statistics
  -----------------------------------------
  Resource Sharing:                    2.10
  Logic Optimization:                  1.58
  Mapping Optimization:               21.39
  -----------------------------------------
  Overall Compile Time:              114.13
  Overall Compile Wall Clock Time:   115.07

  --------------------------------------------------------------------

  Design  WNS: 0.00  TNS: 0.00  Number of Violating Paths: 0


  Design (Hold)  WNS: 0.00  TNS: 0.00  Number of Violating Paths: 0

  --------------------------------------------------------------------


1
