 
****************************************
Report : net
        -connections
        -verbose
Design : khu_sensor_pad
Version: L-2016.03-SP5-5
Date   : Sat Nov 14 04:43:00 2020
****************************************


net 'w_rstn':
    dont_touch:         TRUE                
    pin capacitance:    min:0    max:0
    wire capacitance:   min:0    max:0
    total capacitance:  min:0    max:0
    wire resistance:    NA
    number of drivers:  1
    number of loads:    2
    number of pins:     3

Connections for net 'w_rstn':

    Driver Pins         Type                Pin Cap
    ------------        ----------------    --------
    async_rstn_glitch_synchronizer/async_rstn_synchronizer/o_RSTN_reg/Q
                        Output Pin (fd2qd4_hd)
                                            0

    Load Pins           Type                Pin Cap
    ------------        ----------------    --------
    khu_sensor_top/async_rstn_glitch_synchronizer/__tmp100/B
                        Input Pin (or2d8_hd)
                                            0.007
    khu_sensor_top/async_rstn_glitch_synchronizer/eco_cell_3/A
                        Input Pin (nid1_hd) 0.00176

net 'w_rstn_p':
    dont_touch:         TRUE                
    pin capacitance:    min:0    max:0
    wire capacitance:   min:0    max:0
    total capacitance:  min:0    max:0
    wire resistance:    NA
    number of drivers:  1
    number of loads:    2
    number of pins:     3

Connections for net 'w_rstn_p':

    Driver Pins         Type                Pin Cap
    ------------        ----------------    --------
    pad40/Y             Output Pin (phis)   0

    Load Pins           Type                Pin Cap
    ------------        ----------------    --------
    async_rstn_glitch_synchronizer/__tmp100/B
                        Input Pin (or2d8_hd)
                                            0.007
    async_rstn_glitch_synchronizer/eco_cell_3/A
                        Input Pin (nid1_hd) 0.00176

net 'w_mpr121_sda_in_p':
    dont_touch:         FALSE               
    pin capacitance:    min:0.00147    max:0.00147
    wire capacitance:   min:0    max:0
    total capacitance:  min:0.00147    max:0.00147
    wire resistance:    NA
    number of drivers:  1
    number of loads:    1
    number of pins:     2

Connections for net 'w_mpr121_sda_in_p':

    Driver Pins         Type                Pin Cap
    ------------        ----------------    --------
    pad37/Y             Output Pin (phbct12)
                                            0

    Load Pins           Type                Pin Cap
    ------------        ----------------    --------
    khu_sensor_top/mpr121_controller/i2c_master/sda_i_reg_reg/D
                        Input Pin (fd3qd1_hd)
                                            0.00147

net 'w_mpr121_sda_out_p':
    dont_touch:         FALSE               
    pin capacitance:    min:0.0521    max:0.0521
    wire capacitance:   min:0    max:0
    total capacitance:  min:0.0521    max:0.0521
    wire resistance:    NA
    number of drivers:  1
    number of loads:    4
    number of pins:     5

Connections for net 'w_mpr121_sda_out_p':

    Driver Pins         Type                Pin Cap
    ------------        ----------------    --------
    khu_sensor_top/mpr121_controller/i2c_master/sda_o_reg_reg/Q
                        Output Pin (fd1qd1_hd)
                                            0

    Load Pins           Type                Pin Cap
    ------------        ----------------    --------
    khu_sensor_top/mpr121_controller/i2c_master/U229/A
                        Input Pin (ivd1_hd) 0.00207
    khu_sensor_top/mpr121_controller/i2c_master/U294/A
                        Input Pin (ao211d1_hd)
                                            0.00303
    khu_sensor_top/mpr121_controller/i2c_master/U295/A
                        Input Pin (nd2d1_hd)
                                            0.0023
    pad37/A             Input Pin (phbct12) 0.0447

net 'w_mpr121_sda_en_p':
    dont_touch:         FALSE               
    pin capacitance:    min:0.05344    max:0.05344
    wire capacitance:   min:0    max:0
    total capacitance:  min:0.05344    max:0.05344
    wire resistance:    NA
    number of drivers:  1
    number of loads:    1
    number of pins:     2

Connections for net 'w_mpr121_sda_en_p':

    Driver Pins         Type                Pin Cap
    ------------        ----------------    --------
    khu_sensor_top/mpr121_controller/i2c_master/U229/Y
                        Output Pin (ivd1_hd)
                                            0

    Load Pins           Type                Pin Cap
    ------------        ----------------    --------
    pad37/TN            Input Pin (phbct12) 0.05344

net 'w_mpr121_scl_in_p':
    dont_touch:         FALSE               
    pin capacitance:    min:0.00147    max:0.00147
    wire capacitance:   min:0    max:0
    total capacitance:  min:0.00147    max:0.00147
    wire resistance:    NA
    number of drivers:  1
    number of loads:    1
    number of pins:     2

Connections for net 'w_mpr121_scl_in_p':

    Driver Pins         Type                Pin Cap
    ------------        ----------------    --------
    pad34/Y             Output Pin (phbct12)
                                            0

    Load Pins           Type                Pin Cap
    ------------        ----------------    --------
    khu_sensor_top/mpr121_controller/i2c_master/scl_i_reg_reg/D
                        Input Pin (fd3qd1_hd)
                                            0.00147

net 'w_mpr121_scl_out_p':
    dont_touch:         FALSE               
    pin capacitance:    min:0.0447    max:0.0447
    wire capacitance:   min:0    max:0
    total capacitance:  min:0.0447    max:0.0447
    wire resistance:    NA
    number of drivers:  1
    number of loads:    1
    number of pins:     2

Connections for net 'w_mpr121_scl_out_p':

    Driver Pins         Type                Pin Cap
    ------------        ----------------    --------
    khu_sensor_top/mpr121_controller/i2c_master/U3/Y
                        Output Pin (nid1_hd)
                                            0

    Load Pins           Type                Pin Cap
    ------------        ----------------    --------
    pad34/A             Input Pin (phbct12) 0.0447

net 'w_mpr121_scl_en_p':
    dont_touch:         FALSE               
    pin capacitance:    min:0.05921    max:0.05921
    wire capacitance:   min:0    max:0
    total capacitance:  min:0.05921    max:0.05921
    wire resistance:    NA
    number of drivers:  1
    number of loads:    4
    number of pins:     5

Connections for net 'w_mpr121_scl_en_p':

    Driver Pins         Type                Pin Cap
    ------------        ----------------    --------
    khu_sensor_top/mpr121_controller/i2c_master/scl_o_reg_reg/Q
                        Output Pin (fd1qd1_hd)
                                            0

    Load Pins           Type                Pin Cap
    ------------        ----------------    --------
    khu_sensor_top/mpr121_controller/i2c_master/U3/A
                        Input Pin (nid1_hd) 0.00176
    khu_sensor_top/mpr121_controller/i2c_master/U20/B
                        Input Pin (nd2bd1_hd)
                                            0.00243
    khu_sensor_top/mpr121_controller/i2c_master/U275/A
                        Input Pin (scg17d1_hd)
                                            0.00158
    pad34/TN            Input Pin (phbct12) 0.05344

net 'w_uart_rx_p':
    dont_touch:         FALSE               
    pin capacitance:    min:0.00147    max:0.00147
    wire capacitance:   min:0    max:0
    total capacitance:  min:0.00147    max:0.00147
    wire resistance:    NA
    number of drivers:  1
    number of loads:    1
    number of pins:     2

Connections for net 'w_uart_rx_p':

    Driver Pins         Type                Pin Cap
    ------------        ----------------    --------
    pad29/Y             Output Pin (phic)   0

    Load Pins           Type                Pin Cap
    ------------        ----------------    --------
    khu_sensor_top/uart_controller/uart_rx/r_Rx_Data_R_reg/D
                        Input Pin (fd3qd1_hd)
                                            0.00147

net 'w_uart_tx_p':
    dont_touch:         FALSE               
    pin capacitance:    min:0.04704    max:0.04704
    wire capacitance:   min:0    max:0
    total capacitance:  min:0.04704    max:0.04704
    wire resistance:    NA
    number of drivers:  1
    number of loads:    2
    number of pins:     3

Connections for net 'w_uart_tx_p':

    Driver Pins         Type                Pin Cap
    ------------        ----------------    --------
    khu_sensor_top/uart_controller/uart_tx/o_Tx_Serial_reg/Q
                        Output Pin (fd1qd1_hd)
                                            0

    Load Pins           Type                Pin Cap
    ------------        ----------------    --------
    khu_sensor_top/uart_controller/uart_tx/U27/C
                        Input Pin (oa21d1_hd)
                                            0.00242
    pad27/A             Input Pin (phob12)  0.04462

net 'w_ads1292_drdy_p':
    dont_touch:         FALSE               
    pin capacitance:    min:0.00931    max:0.00931
    wire capacitance:   min:0    max:0
    total capacitance:  min:0.00931    max:0.00931
    wire resistance:    NA
    number of drivers:  1
    number of loads:    4
    number of pins:     5

Connections for net 'w_ads1292_drdy_p':

    Driver Pins         Type                Pin Cap
    ------------        ----------------    --------
    pad20/Y             Output Pin (phic)   0

    Load Pins           Type                Pin Cap
    ------------        ----------------    --------
    khu_sensor_top/ads1292_controller/r_ldrdy_reg/D
                        Input Pin (fd2qd1_hd)
                                            0.00153
    khu_sensor_top/ads1292_controller/U269/A
                        Input Pin (ivd1_hd) 0.00207
    khu_sensor_top/ads1292_controller/U347/A
                        Input Pin (ao211d1_hd)
                                            0.00303
    khu_sensor_top/ads1292_controller/U396/A
                        Input Pin (ao21d1_hd)
                                            0.00268

net 'w_ads1292_mosi_p':
    dont_touch:         FALSE               
    pin capacitance:    min:0.04652    max:0.04652
    wire capacitance:   min:0    max:0
    total capacitance:  min:0.04652    max:0.04652
    wire resistance:    NA
    number of drivers:  1
    number of loads:    2
    number of pins:     3

Connections for net 'w_ads1292_mosi_p':

    Driver Pins         Type                Pin Cap
    ------------        ----------------    --------
    khu_sensor_top/ads1292_controller/spi_master/o_SPI_MOSI_reg/Q
                        Output Pin (fd2qd1_hd)
                                            0

    Load Pins           Type                Pin Cap
    ------------        ----------------    --------
    khu_sensor_top/ads1292_controller/spi_master/U7/D0
                        Input Pin (mx2d1_hd)
                                            0.0019
    pad18/A             Input Pin (phob12)  0.04462

net 'w_ads1292_miso_p':
    dont_touch:         FALSE               
    pin capacitance:    min:0.01057    max:0.01057
    wire capacitance:   min:0    max:0
    total capacitance:  min:0.01057    max:0.01057
    wire resistance:    NA
    number of drivers:  1
    number of loads:    5
    number of pins:     6

Connections for net 'w_ads1292_miso_p':

    Driver Pins         Type                Pin Cap
    ------------        ----------------    --------
    pad15/Y             Output Pin (phic)   0

    Load Pins           Type                Pin Cap
    ------------        ----------------    --------
    khu_sensor_top/ads1292_controller/spi_master/U34/B
                        Input Pin (scg2d1_hd)
                                            0.00163
    khu_sensor_top/ads1292_controller/spi_master/U21/B
                        Input Pin (nd2d1_hd)
                                            0.00237
    khu_sensor_top/ads1292_controller/spi_master/U24/B
                        Input Pin (nd2d1_hd)
                                            0.00237
    khu_sensor_top/ads1292_controller/spi_master/U27/A
                        Input Pin (nd2d1_hd)
                                            0.0023
    khu_sensor_top/ads1292_controller/spi_master/U30/D0
                        Input Pin (mx2d1_hd)
                                            0.0019

net 'w_ads1292_sclk_p':
    dont_touch:         FALSE               
    pin capacitance:    min:0.04462    max:0.04462
    wire capacitance:   min:0    max:0
    total capacitance:  min:0.04462    max:0.04462
    wire resistance:    NA
    number of drivers:  1
    number of loads:    1
    number of pins:     2

Connections for net 'w_ads1292_sclk_p':

    Driver Pins         Type                Pin Cap
    ------------        ----------------    --------
    khu_sensor_top/ads1292_controller/spi_master/o_SPI_Clk_reg/Q
                        Output Pin (fd2qd1_hd)
                                            0

    Load Pins           Type                Pin Cap
    ------------        ----------------    --------
    pad12/A             Input Pin (phob12)  0.04462

net 'w_ads1292_csn_p':
    dont_touch:         FALSE               
    pin capacitance:    min:0.04699    max:0.04699
    wire capacitance:   min:0    max:0
    total capacitance:  min:0.04699    max:0.04699
    wire resistance:    NA
    number of drivers:  1
    number of loads:    2
    number of pins:     3

Connections for net 'w_ads1292_csn_p':

    Driver Pins         Type                Pin Cap
    ------------        ----------------    --------
    khu_sensor_top/ads1292_controller/o_SPI_CSN_reg/Q
                        Output Pin (fd3qd1_hd)
                                            0

    Load Pins           Type                Pin Cap
    ------------        ----------------    --------
    khu_sensor_top/ads1292_controller/U83/B
                        Input Pin (nd2d1_hd)
                                            0.00237
    pad7/A              Input Pin (phob12)  0.04462

net 'w_ads1292_start_p':
    dont_touch:         FALSE               
    pin capacitance:    min:0.04617    max:0.04617
    wire capacitance:   min:0    max:0
    total capacitance:  min:0.04617    max:0.04617
    wire resistance:    NA
    number of drivers:  1
    number of loads:    2
    number of pins:     3

Connections for net 'w_ads1292_start_p':

    Driver Pins         Type                Pin Cap
    ------------        ----------------    --------
    khu_sensor_top/ads1292_controller/o_ADS1292_START_reg/Q
                        Output Pin (fd2qd1_hd)
                                            0

    Load Pins           Type                Pin Cap
    ------------        ----------------    --------
    khu_sensor_top/ads1292_controller/U179/B
                        Input Pin (scg17d1_hd)
                                            0.00155
    pad5/A              Input Pin (phob12)  0.04462

net 'w_ads1292_reset_p':
    dont_touch:         FALSE               
    pin capacitance:    min:0.04656    max:0.04656
    wire capacitance:   min:0    max:0
    total capacitance:  min:0.04656    max:0.04656
    wire resistance:    NA
    number of drivers:  1
    number of loads:    2
    number of pins:     3

Connections for net 'w_ads1292_reset_p':

    Driver Pins         Type                Pin Cap
    ------------        ----------------    --------
    khu_sensor_top/ads1292_controller/o_ADS1292_RESET_reg/Q
                        Output Pin (fd3qd1_hd)
                                            0

    Load Pins           Type                Pin Cap
    ------------        ----------------    --------
    khu_sensor_top/ads1292_controller/U152/D1
                        Input Pin (mx2d1_hd)
                                            0.00194
    pad3/A              Input Pin (phob12)  0.04462

net 'w_clk_p':
    dont_touch:         FALSE               
    pin capacitance:    min:0.70202    max:0.70202
    wire capacitance:   min:0    max:0
    total capacitance:  min:0.70202    max:0.70202
    wire resistance:    NA
    number of drivers:  1
    number of loads:    370
    number of pins:     371

Connections for net 'w_clk_p':

    Driver Pins         Type                Pin Cap
    ------------        ----------------    --------
    pad1/Y              Output Pin (phbct24)
                                            0

    Load Pins           Type                Pin Cap
    ------------        ----------------    --------
    khu_sensor_top/ads1292_filter/iir_hpf/mult/clk_gate_a_e_reg/latch/CK
                        Input Pin (cglpd1_hd)
                                            0.00156
    khu_sensor_top/ads1292_filter/iir_hpf/mult/clk_gate_z_e_reg_0/latch/CK
                        Input Pin (cglpd1_hd)
                                            0.00156
    khu_sensor_top/ads1292_filter/iir_hpf/mult/clk_gate_guard_reg/latch/CK
                        Input Pin (cglpd1_hd)
                                            0.00156
    khu_sensor_top/ads1292_filter/iir_hpf/mult/clk_gate_a_e_reg_0/latch/CK
                        Input Pin (cglpd1_hd)
                                            0.00156
    khu_sensor_top/ads1292_filter/iir_hpf/mult/clk_gate_b_e_reg/latch/CK
                        Input Pin (cglpd1_hd)
                                            0.00156
    khu_sensor_top/ads1292_filter/iir_hpf/mult/clk_gate_R_39/latch/CK
                        Input Pin (cglpd1_hd)
                                            0.00156
    khu_sensor_top/ads1292_filter/iir_hpf/mult/clk_gate_o_Z_reg_0/latch/CK
                        Input Pin (cglpd1_hd)
                                            0.00156
    khu_sensor_top/ads1292_filter/iir_hpf/mult/clk_gate_z_reg_0/latch/CK
                        Input Pin (cglpd1_hd)
                                            0.00156
    khu_sensor_top/ads1292_filter/iir_hpf/mult/clk_gate_b_reg/latch/CK
                        Input Pin (cglpd1_hd)
                                            0.00156
    khu_sensor_top/ads1292_filter/iir_hpf/add/clk_gate_a_e_reg_1/latch/CK
                        Input Pin (cglpd1_hd)
                                            0.00156
    khu_sensor_top/ads1292_filter/iir_hpf/add/clk_gate_z_e_reg_0/latch/CK
                        Input Pin (cglpd1_hd)
                                            0.00156
    khu_sensor_top/ads1292_filter/iir_hpf/add/clk_gate_sticky_reg/latch/CK
                        Input Pin (cglpd1_hd)
                                            0.00156
    khu_sensor_top/ads1292_filter/iir_hpf/add/clk_gate_b_s_reg/latch/CK
                        Input Pin (cglpd1_hd)
                                            0.00156
    khu_sensor_top/ads1292_filter/iir_hpf/add/clk_gate_b_m_reg_0/latch/CK
                        Input Pin (cglpd1_hd)
                                            0.00156
    khu_sensor_top/ads1292_filter/iir_hpf/add/clk_gate_sum_reg_0/latch/CK
                        Input Pin (cglpd1_hd)
                                            0.00156
    khu_sensor_top/ads1292_filter/iir_hpf/add/clk_gate_o_Z_reg_0/latch/CK
                        Input Pin (cglpd1_hd)
                                            0.00156
    khu_sensor_top/ads1292_filter/iir_hpf/add/clk_gate_z_reg_0/latch/CK
                        Input Pin (cglpd1_hd)
                                            0.00156
    khu_sensor_top/ads1292_filter/iir_hpf/add/clk_gate_b_reg/latch/CK
                        Input Pin (cglpd1_hd)
                                            0.00156
    khu_sensor_top/ads1292_filter/iir_notch/mult_3/clk_gate_a_e_reg/latch/CK
                        Input Pin (cglpd1_hd)
                                            0.00156
    khu_sensor_top/ads1292_filter/iir_notch/mult_3/clk_gate_z_e_reg_0/latch/CK
                        Input Pin (cglpd1_hd)
                                            0.00156
    khu_sensor_top/ads1292_filter/iir_notch/mult_3/clk_gate_guard_reg/latch/CK
                        Input Pin (cglpd1_hd)
                                            0.00156
    khu_sensor_top/ads1292_filter/iir_notch/mult_3/clk_gate_a_e_reg_0/latch/CK
                        Input Pin (cglpd1_hd)
                                            0.00156
    khu_sensor_top/ads1292_filter/iir_notch/mult_3/clk_gate_R_28/latch/CK
                        Input Pin (cglpd1_hd)
                                            0.00156
    khu_sensor_top/ads1292_filter/iir_notch/mult_3/clk_gate_R_38/latch/CK
                        Input Pin (cglpd1_hd)
                                            0.00156
    khu_sensor_top/ads1292_filter/iir_notch/mult_3/clk_gate_o_Z_reg_0/latch/CK
                        Input Pin (cglpd1_hd)
                                            0.00156
    khu_sensor_top/ads1292_filter/iir_notch/mult_3/clk_gate_z_reg_0/latch/CK
                        Input Pin (cglpd1_hd)
                                            0.00156
    khu_sensor_top/ads1292_filter/iir_notch/mult_3/clk_gate_R_43/latch/CK
                        Input Pin (cglpd1_hd)
                                            0.00156
    khu_sensor_top/ads1292_filter/iir_notch/mult_2/clk_gate_a_e_reg/latch/CK
                        Input Pin (cglpd1_hd)
                                            0.00156
    khu_sensor_top/ads1292_filter/iir_notch/mult_2/clk_gate_z_e_reg_0/latch/CK
                        Input Pin (cglpd1_hd)
                                            0.00156
    khu_sensor_top/ads1292_filter/iir_notch/mult_2/clk_gate_guard_reg/latch/CK
                        Input Pin (cglpd1_hd)
                                            0.00156
    khu_sensor_top/ads1292_filter/iir_notch/mult_2/clk_gate_a_e_reg_0/latch/CK
                        Input Pin (cglpd1_hd)
                                            0.00156
    khu_sensor_top/ads1292_filter/iir_notch/mult_2/clk_gate_R_22/latch/CK
                        Input Pin (cglpd1_hd)
                                            0.00156
    khu_sensor_top/ads1292_filter/iir_notch/mult_2/clk_gate_R_37/latch/CK
                        Input Pin (cglpd1_hd)
                                            0.00156
    khu_sensor_top/ads1292_filter/iir_notch/mult_2/clk_gate_o_Z_reg_0/latch/CK
                        Input Pin (cglpd1_hd)
                                            0.00156
    khu_sensor_top/ads1292_filter/iir_notch/mult_2/clk_gate_z_reg_0/latch/CK
                        Input Pin (cglpd1_hd)
                                            0.00156
    khu_sensor_top/ads1292_filter/iir_notch/mult_2/clk_gate_R_42/latch/CK
                        Input Pin (cglpd1_hd)
                                            0.00156
    khu_sensor_top/ads1292_filter/iir_notch/mult_1/clk_gate_a_e_reg/latch/CK
                        Input Pin (cglpd1_hd)
                                            0.00156
    khu_sensor_top/ads1292_filter/iir_notch/mult_1/clk_gate_z_e_reg_0/latch/CK
                        Input Pin (cglpd1_hd)
                                            0.00156
    khu_sensor_top/ads1292_filter/iir_notch/mult_1/clk_gate_guard_reg/latch/CK
                        Input Pin (cglpd1_hd)
                                            0.00156
    khu_sensor_top/ads1292_filter/iir_notch/mult_1/clk_gate_a_e_reg_0/latch/CK
                        Input Pin (cglpd1_hd)
                                            0.00156
    khu_sensor_top/ads1292_filter/iir_notch/mult_1/clk_gate_R_16/latch/CK
                        Input Pin (cglpd1_hd)
                                            0.00156
    khu_sensor_top/ads1292_filter/iir_notch/mult_1/clk_gate_R_36/latch/CK
                        Input Pin (cglpd1_hd)
                                            0.00156
    khu_sensor_top/ads1292_filter/iir_notch/mult_1/clk_gate_o_Z_reg_0/latch/CK
                        Input Pin (cglpd1_hd)
                                            0.00156
    khu_sensor_top/ads1292_filter/iir_notch/mult_1/clk_gate_z_reg_0/latch/CK
                        Input Pin (cglpd1_hd)
                                            0.00156
    khu_sensor_top/ads1292_filter/iir_notch/mult_1/clk_gate_R_41/latch/CK
                        Input Pin (cglpd1_hd)
                                            0.00156
    khu_sensor_top/ads1292_filter/iir_notch/add_2/clk_gate_a_e_reg_1/latch/CK
                        Input Pin (cglpd1_hd)
                                            0.00156
    khu_sensor_top/ads1292_filter/iir_notch/add_2/clk_gate_z_e_reg_0/latch/CK
                        Input Pin (cglpd1_hd)
                                            0.00156
    khu_sensor_top/ads1292_filter/iir_notch/add_2/clk_gate_sticky_reg/latch/CK
                        Input Pin (cglpd1_hd)
                                            0.00156
    khu_sensor_top/ads1292_filter/iir_notch/add_2/clk_gate_b_s_reg/latch/CK
                        Input Pin (cglpd1_hd)
                                            0.00156
    khu_sensor_top/ads1292_filter/iir_notch/add_2/clk_gate_b_m_reg_0/latch/CK
                        Input Pin (cglpd1_hd)
                                            0.00156
    khu_sensor_top/ads1292_filter/iir_notch/add_2/clk_gate_sum_reg_0/latch/CK
                        Input Pin (cglpd1_hd)
                                            0.00156
    khu_sensor_top/ads1292_filter/iir_notch/add_2/clk_gate_o_Z_reg_0/latch/CK
                        Input Pin (cglpd1_hd)
                                            0.00156
    khu_sensor_top/ads1292_filter/iir_notch/add_2/clk_gate_z_reg_0/latch/CK
                        Input Pin (cglpd1_hd)
                                            0.00156
    khu_sensor_top/ads1292_filter/iir_notch/add_2/clk_gate_b_reg/latch/CK
                        Input Pin (cglpd1_hd)
                                            0.00156
    khu_sensor_top/ads1292_filter/iir_notch/add_1/clk_gate_a_e_reg_1/latch/CK
                        Input Pin (cglpd1_hd)
                                            0.00156
    khu_sensor_top/ads1292_filter/iir_notch/add_1/clk_gate_z_e_reg_0/latch/CK
                        Input Pin (cglpd1_hd)
                                            0.00156
    khu_sensor_top/ads1292_filter/iir_notch/add_1/clk_gate_sticky_reg/latch/CK
                        Input Pin (cglpd1_hd)
                                            0.00156
    khu_sensor_top/ads1292_filter/iir_notch/add_1/clk_gate_b_s_reg/latch/CK
                        Input Pin (cglpd1_hd)
                                            0.00156
    khu_sensor_top/ads1292_filter/iir_notch/add_1/clk_gate_b_m_reg_0/latch/CK
                        Input Pin (cglpd1_hd)
                                            0.00156
    khu_sensor_top/ads1292_filter/iir_notch/add_1/clk_gate_sum_reg_0/latch/CK
                        Input Pin (cglpd1_hd)
                                            0.00156
    khu_sensor_top/ads1292_filter/iir_notch/add_1/clk_gate_o_Z_reg_0/latch/CK
                        Input Pin (cglpd1_hd)
                                            0.00156
    khu_sensor_top/ads1292_filter/iir_notch/add_1/clk_gate_z_reg_0/latch/CK
                        Input Pin (cglpd1_hd)
                                            0.00156
    khu_sensor_top/ads1292_filter/iir_notch/add_1/clk_gate_b_reg/latch/CK
                        Input Pin (cglpd1_hd)
                                            0.00156
    khu_sensor_top/ads1292_filter/iir_lpf/mult_2/clk_gate_a_e_reg/latch/CK
                        Input Pin (cglpd1_hd)
                                            0.00156
    khu_sensor_top/ads1292_filter/iir_lpf/mult_2/clk_gate_z_e_reg_0/latch/CK
                        Input Pin (cglpd1_hd)
                                            0.00156
    khu_sensor_top/ads1292_filter/iir_lpf/mult_2/clk_gate_guard_reg/latch/CK
                        Input Pin (cglpd1_hd)
                                            0.00156
    khu_sensor_top/ads1292_filter/iir_lpf/mult_2/clk_gate_a_e_reg_0/latch/CK
                        Input Pin (cglpd1_hd)
                                            0.00156
    khu_sensor_top/ads1292_filter/iir_lpf/mult_2/clk_gate_R_10/latch/CK
                        Input Pin (cglpd1_hd)
                                            0.00156
    khu_sensor_top/ads1292_filter/iir_lpf/mult_2/clk_gate_R_35/latch/CK
                        Input Pin (cglpd1_hd)
                                            0.00156
    khu_sensor_top/ads1292_filter/iir_lpf/mult_2/clk_gate_o_Z_reg_0/latch/CK
                        Input Pin (cglpd1_hd)
                                            0.00156
    khu_sensor_top/ads1292_filter/iir_lpf/mult_2/clk_gate_z_reg_0/latch/CK
                        Input Pin (cglpd1_hd)
                                            0.00156
    khu_sensor_top/ads1292_filter/iir_lpf/mult_2/clk_gate_R_40/latch/CK
                        Input Pin (cglpd1_hd)
                                            0.00156
    khu_sensor_top/ads1292_filter/iir_lpf/mult_1/clk_gate_a_e_reg/latch/CK
                        Input Pin (cglpd1_hd)
                                            0.00156
    khu_sensor_top/ads1292_filter/iir_lpf/mult_1/clk_gate_z_e_reg_0/latch/CK
                        Input Pin (cglpd1_hd)
                                            0.00156
    khu_sensor_top/ads1292_filter/iir_lpf/mult_1/clk_gate_guard_reg/latch/CK
                        Input Pin (cglpd1_hd)
                                            0.00156
    khu_sensor_top/ads1292_filter/iir_lpf/mult_1/clk_gate_a_e_reg_0/latch/CK
                        Input Pin (cglpd1_hd)
                                            0.00156
    khu_sensor_top/ads1292_filter/iir_lpf/mult_1/clk_gate_b_e_reg/latch/CK
                        Input Pin (cglpd1_hd)
                                            0.00156
    khu_sensor_top/ads1292_filter/iir_lpf/mult_1/clk_gate_z_s_reg/latch/CK
                        Input Pin (cglpd1_hd)
                                            0.00156
    khu_sensor_top/ads1292_filter/iir_lpf/mult_1/clk_gate_o_Z_reg_0/latch/CK
                        Input Pin (cglpd1_hd)
                                            0.00156
    khu_sensor_top/ads1292_filter/iir_lpf/mult_1/clk_gate_z_reg_0/latch/CK
                        Input Pin (cglpd1_hd)
                                            0.00156
    khu_sensor_top/ads1292_filter/iir_lpf/mult_1/clk_gate_b_reg/latch/CK
                        Input Pin (cglpd1_hd)
                                            0.00156
    khu_sensor_top/ads1292_filter/iir_lpf/add/clk_gate_a_e_reg_1/latch/CK
                        Input Pin (cglpd1_hd)
                                            0.00156
    khu_sensor_top/ads1292_filter/iir_lpf/add/clk_gate_z_e_reg_0/latch/CK
                        Input Pin (cglpd1_hd)
                                            0.00156
    khu_sensor_top/ads1292_filter/iir_lpf/add/clk_gate_sticky_reg/latch/CK
                        Input Pin (cglpd1_hd)
                                            0.00156
    khu_sensor_top/ads1292_filter/iir_lpf/add/clk_gate_b_s_reg/latch/CK
                        Input Pin (cglpd1_hd)
                                            0.00156
    khu_sensor_top/ads1292_filter/iir_lpf/add/clk_gate_b_m_reg_0/latch/CK
                        Input Pin (cglpd1_hd)
                                            0.00156
    khu_sensor_top/ads1292_filter/iir_lpf/add/clk_gate_sum_reg_0/latch/CK
                        Input Pin (cglpd1_hd)
                                            0.00156
    khu_sensor_top/ads1292_filter/iir_lpf/add/clk_gate_o_Z_reg_0/latch/CK
                        Input Pin (cglpd1_hd)
                                            0.00156
    khu_sensor_top/ads1292_filter/iir_lpf/add/clk_gate_z_reg_0/latch/CK
                        Input Pin (cglpd1_hd)
                                            0.00156
    khu_sensor_top/ads1292_filter/iir_lpf/add/clk_gate_b_reg/latch/CK
                        Input Pin (cglpd1_hd)
                                            0.00156
    khu_sensor_top/ads1292_controller/spi_master/clk_gate_r_SPI_Clk_Edges_reg_0/latch/CK
                        Input Pin (cglpd1_hd)
                                            0.00156
    khu_sensor_top/ads1292_controller/spi_master/clk_gate_o_RX_Byte_reg/latch/CK
                        Input Pin (cglpd1_hd)
                                            0.00156
    khu_sensor_top/ads1292_controller/spi_master/clk_gate_r_SPI_Clk_Count_reg_0/latch/CK
                        Input Pin (cglpd1_hd)
                                            0.00156
    khu_sensor_top/ads1292_controller/spi_master/clk_gate_r_TX_Byte_reg_0/latch/CK
                        Input Pin (cglpd1_hd)
                                            0.00156
    khu_sensor_top/ads1292_controller/spi_master/async_rstn_synchronizer/r_ff_reg/CK
                        Input Pin (fd2qd4_hd)
                                            0.00336
    khu_sensor_top/ads1292_controller/spi_master/async_rstn_synchronizer/o_RSTN_reg/CK
                        Input Pin (fd2qd4_hd)
                                            0.00336
    khu_sensor_top/ads1292_filter/converter_f2i/clk_gate_o_Z_reg_0/latch/CK
                        Input Pin (cglpd1_hd)
                                            0.00156
    khu_sensor_top/ads1292_filter/converter_f2i/clk_gate_z_reg_0/latch/CK
                        Input Pin (cglpd1_hd)
                                            0.00156
    khu_sensor_top/ads1292_filter/converter_f2i/clk_gate_a_reg_0/latch/CK
                        Input Pin (cglpd1_hd)
                                            0.00156
    khu_sensor_top/ads1292_filter/converter_f2i/clk_gate_a_s_reg/latch/CK
                        Input Pin (cglpd1_hd)
                                            0.00156
    khu_sensor_top/ads1292_filter/iir_hpf/clk_gate_o_Y_DATA_reg_0/latch/CK
                        Input Pin (cglpd1_hd)
                                            0.00156
    khu_sensor_top/ads1292_filter/iir_hpf/clk_gate_r_mult_A_reg/latch/CK
                        Input Pin (cglpd1_hd)
                                            0.00156
    khu_sensor_top/ads1292_filter/iir_hpf/clk_gate_r_add_B_reg_0/latch/CK
                        Input Pin (cglpd1_hd)
                                            0.00156
    khu_sensor_top/ads1292_filter/iir_hpf/clk_gate_r_y_data_reg/latch/CK
                        Input Pin (cglpd1_hd)
                                            0.00156
    khu_sensor_top/ads1292_filter/iir_hpf/mult/state_reg[1]/CK
                        Input Pin (fd1eqd1_hd)
                                            0.00192
    khu_sensor_top/ads1292_filter/iir_hpf/mult/state_reg[0]/CK
                        Input Pin (fd1eqd1_hd)
                                            0.00192
    khu_sensor_top/ads1292_filter/iir_hpf/mult/o_AB_ACK_reg/CK
                        Input Pin (fd1eqd1_hd)
                                            0.00192
    khu_sensor_top/ads1292_filter/iir_hpf/mult/state_reg[2]/CK
                        Input Pin (fds2eqd1_hd)
                                            0.00211
    khu_sensor_top/ads1292_filter/iir_hpf/mult/o_Z_STB_reg/CK
                        Input Pin (fds2eqd1_hd)
                                            0.00211
    khu_sensor_top/ads1292_filter/iir_hpf/mult/state_reg[3]/CK
                        Input Pin (fds2eqd1_hd)
                                            0.00211
    khu_sensor_top/ads1292_filter/iir_hpf/add/a_e_reg[0]/CK
                        Input Pin (fd1eqd1_hd)
                                            0.00192
    khu_sensor_top/ads1292_filter/iir_hpf/add/a_e_reg[7]/CK
                        Input Pin (fd1eqd1_hd)
                                            0.00192
    khu_sensor_top/ads1292_filter/iir_hpf/add/z_m_reg[0]/CK
                        Input Pin (fd1eqd1_hd)
                                            0.00192
    khu_sensor_top/ads1292_filter/iir_hpf/add/round_bit_reg/CK
                        Input Pin (fd1eqd1_hd)
                                            0.00192
    khu_sensor_top/ads1292_filter/iir_hpf/add/state_reg[1]/CK
                        Input Pin (fd1eqd1_hd)
                                            0.00192
    khu_sensor_top/ads1292_filter/iir_hpf/add/state_reg[3]/CK
                        Input Pin (fd1eqd1_hd)
                                            0.00192
    khu_sensor_top/ads1292_filter/iir_hpf/add/o_Z_STB_reg/CK
                        Input Pin (fd1eqd1_hd)
                                            0.00192
    khu_sensor_top/ads1292_filter/iir_hpf/add/guard_reg/CK
                        Input Pin (fd1eqd1_hd)
                                            0.00192
    khu_sensor_top/ads1292_filter/iir_hpf/add/state_reg[2]/CK
                        Input Pin (fds2eqd1_hd)
                                            0.00211
    khu_sensor_top/ads1292_filter/iir_hpf/add/o_AB_ACK_reg/CK
                        Input Pin (fds2eqd1_hd)
                                            0.00211
    khu_sensor_top/ads1292_filter/iir_hpf/add/z_e_reg[9]/CK
                        Input Pin (fd3qd1_hd)
                                            0.00197
    khu_sensor_top/ads1292_filter/iir_hpf/add/state_reg[0]/CK
                        Input Pin (fds2eqd1_hd)
                                            0.00211
    khu_sensor_top/ads1292_filter/iir_hpf/async_rst_synchronizer/o_RST_reg/CK
                        Input Pin (fd3qd1_hd)
                                            0.00197
    khu_sensor_top/ads1292_filter/iir_hpf/async_rst_synchronizer/r_ff_reg/CK
                        Input Pin (fd3qd1_hd)
                                            0.00197
    khu_sensor_top/ads1292_filter/iir_hpf/async_rstn_synchronizer/r_ff_reg/CK
                        Input Pin (fd2qd4_hd)
                                            0.00336
    khu_sensor_top/ads1292_filter/iir_hpf/async_rstn_synchronizer/o_RSTN_reg/CK
                        Input Pin (fd2qd4_hd)
                                            0.00336
    khu_sensor_top/ads1292_filter/iir_notch/clk_gate_r_mult_3_AB_STB_reg/latch/CK
                        Input Pin (cglpd1_hd)
                                            0.00156
    khu_sensor_top/ads1292_filter/iir_notch/clk_gate_o_Y_DATA_reg_0/latch/CK
                        Input Pin (cglpd1_hd)
                                            0.00156
    khu_sensor_top/ads1292_filter/iir_notch/clk_gate_r_mult_3_A_reg_0/latch/CK
                        Input Pin (cglpd1_hd)
                                            0.00156
    khu_sensor_top/ads1292_filter/iir_notch/clk_gate_r_add_1_B_reg/latch/CK
                        Input Pin (cglpd1_hd)
                                            0.00156
    khu_sensor_top/ads1292_filter/iir_notch/clk_gate_r_add_2_A_reg/latch/CK
                        Input Pin (cglpd1_hd)
                                            0.00156
    khu_sensor_top/ads1292_filter/iir_notch/clk_gate_r_x_data_reg_1/latch/CK
                        Input Pin (cglpd1_hd)
                                            0.00156
    khu_sensor_top/ads1292_filter/iir_notch/clk_gate_r_y_data_reg_0/latch/CK
                        Input Pin (cglpd1_hd)
                                            0.00156
    khu_sensor_top/ads1292_filter/iir_notch/clk_gate_r_y_data_reg_1/latch/CK
                        Input Pin (cglpd1_hd)
                                            0.00156
    khu_sensor_top/ads1292_filter/iir_notch/clk_gate_r_mult_1_A_reg/latch/CK
                        Input Pin (cglpd1_hd)
                                            0.00156
    khu_sensor_top/ads1292_filter/iir_notch/mult_3/state_reg[0]/CK
                        Input Pin (fd1eqd1_hd)
                                            0.00192
    khu_sensor_top/ads1292_filter/iir_notch/mult_3/state_reg[1]/CK
                        Input Pin (fd1eqd1_hd)
                                            0.00192
    khu_sensor_top/ads1292_filter/iir_notch/mult_3/o_AB_ACK_reg/CK
                        Input Pin (fd1eqd1_hd)
                                            0.00192
    khu_sensor_top/ads1292_filter/iir_notch/mult_3/o_Z_STB_reg/CK
                        Input Pin (fds2eqd1_hd)
                                            0.00211
    khu_sensor_top/ads1292_filter/iir_notch/mult_3/state_reg[2]/CK
                        Input Pin (fds2eqd1_hd)
                                            0.00211
    khu_sensor_top/ads1292_filter/iir_notch/mult_3/state_reg[3]/CK
                        Input Pin (fds2eqd1_hd)
                                            0.00211
    khu_sensor_top/ads1292_filter/iir_notch/mult_2/state_reg[0]/CK
                        Input Pin (fd1eqd1_hd)
                                            0.00192
    khu_sensor_top/ads1292_filter/iir_notch/mult_2/state_reg[1]/CK
                        Input Pin (fd1eqd1_hd)
                                            0.00192
    khu_sensor_top/ads1292_filter/iir_notch/mult_2/o_AB_ACK_reg/CK
                        Input Pin (fd1eqd1_hd)
                                            0.00192
    khu_sensor_top/ads1292_filter/iir_notch/mult_2/state_reg[2]/CK
                        Input Pin (fds2eqd1_hd)
                                            0.00211
    khu_sensor_top/ads1292_filter/iir_notch/mult_2/o_Z_STB_reg/CK
                        Input Pin (fds2eqd1_hd)
                                            0.00211
    khu_sensor_top/ads1292_filter/iir_notch/mult_2/state_reg[3]/CK
                        Input Pin (fds2eqd1_hd)
                                            0.00211
    khu_sensor_top/ads1292_filter/iir_notch/mult_1/state_reg[0]/CK
                        Input Pin (fd1eqd1_hd)
                                            0.00192
    khu_sensor_top/ads1292_filter/iir_notch/mult_1/state_reg[1]/CK
                        Input Pin (fd1eqd1_hd)
                                            0.00192
    khu_sensor_top/ads1292_filter/iir_notch/mult_1/o_AB_ACK_reg/CK
                        Input Pin (fd1eqd1_hd)
                                            0.00192
    khu_sensor_top/ads1292_filter/iir_notch/mult_1/state_reg[2]/CK
                        Input Pin (fds2eqd1_hd)
                                            0.00211
    khu_sensor_top/ads1292_filter/iir_notch/mult_1/o_Z_STB_reg/CK
                        Input Pin (fds2eqd1_hd)
                                            0.00211
    khu_sensor_top/ads1292_filter/iir_notch/mult_1/state_reg[3]/CK
                        Input Pin (fds2eqd1_hd)
                                            0.00211
    khu_sensor_top/ads1292_filter/iir_notch/add_2/a_e_reg[0]/CK
                        Input Pin (fd1eqd1_hd)
                                            0.00192
    khu_sensor_top/ads1292_filter/iir_notch/add_2/a_e_reg[7]/CK
                        Input Pin (fd1eqd1_hd)
                                            0.00192
    khu_sensor_top/ads1292_filter/iir_notch/add_2/z_m_reg[0]/CK
                        Input Pin (fd1eqd1_hd)
                                            0.00192
    khu_sensor_top/ads1292_filter/iir_notch/add_2/round_bit_reg/CK
                        Input Pin (fd1eqd1_hd)
                                            0.00192
    khu_sensor_top/ads1292_filter/iir_notch/add_2/state_reg[1]/CK
                        Input Pin (fd1eqd1_hd)
                                            0.00192
    khu_sensor_top/ads1292_filter/iir_notch/add_2/state_reg[3]/CK
                        Input Pin (fd1eqd1_hd)
                                            0.00192
    khu_sensor_top/ads1292_filter/iir_notch/add_2/o_Z_STB_reg/CK
                        Input Pin (fd1eqd1_hd)
                                            0.00192
    khu_sensor_top/ads1292_filter/iir_notch/add_2/guard_reg/CK
                        Input Pin (fd1eqd1_hd)
                                            0.00192
    khu_sensor_top/ads1292_filter/iir_notch/add_2/state_reg[2]/CK
                        Input Pin (fds2eqd1_hd)
                                            0.00211
    khu_sensor_top/ads1292_filter/iir_notch/add_2/o_AB_ACK_reg/CK
                        Input Pin (fds2eqd1_hd)
                                            0.00211
    khu_sensor_top/ads1292_filter/iir_notch/add_2/z_e_reg[9]/CK
                        Input Pin (fd3qd1_hd)
                                            0.00197
    khu_sensor_top/ads1292_filter/iir_notch/add_2/state_reg[0]/CK
                        Input Pin (fds2eqd1_hd)
                                            0.00211
    khu_sensor_top/ads1292_filter/iir_notch/add_1/a_e_reg[0]/CK
                        Input Pin (fd1eqd1_hd)
                                            0.00192
    khu_sensor_top/ads1292_filter/iir_notch/add_1/a_e_reg[7]/CK
                        Input Pin (fd1eqd1_hd)
                                            0.00192
    khu_sensor_top/ads1292_filter/iir_notch/add_1/z_m_reg[0]/CK
                        Input Pin (fd1eqd1_hd)
                                            0.00192
    khu_sensor_top/ads1292_filter/iir_notch/add_1/round_bit_reg/CK
                        Input Pin (fd1eqd1_hd)
                                            0.00192
    khu_sensor_top/ads1292_filter/iir_notch/add_1/state_reg[1]/CK
                        Input Pin (fd1eqd1_hd)
                                            0.00192
    khu_sensor_top/ads1292_filter/iir_notch/add_1/state_reg[3]/CK
                        Input Pin (fd1eqd1_hd)
                                            0.00192
    khu_sensor_top/ads1292_filter/iir_notch/add_1/o_Z_STB_reg/CK
                        Input Pin (fd1eqd1_hd)
                                            0.00192
    khu_sensor_top/ads1292_filter/iir_notch/add_1/guard_reg/CK
                        Input Pin (fd1eqd1_hd)
                                            0.00192
    khu_sensor_top/ads1292_filter/iir_notch/add_1/state_reg[2]/CK
                        Input Pin (fds2eqd1_hd)
                                            0.00211
    khu_sensor_top/ads1292_filter/iir_notch/add_1/o_AB_ACK_reg/CK
                        Input Pin (fds2eqd1_hd)
                                            0.00211
    khu_sensor_top/ads1292_filter/iir_notch/add_1/z_e_reg[9]/CK
                        Input Pin (fd3qd1_hd)
                                            0.00197
    khu_sensor_top/ads1292_filter/iir_notch/add_1/state_reg[0]/CK
                        Input Pin (fds2eqd1_hd)
                                            0.00211
    khu_sensor_top/ads1292_filter/iir_notch/async_rst_synchronizer/o_RST_reg/CK
                        Input Pin (fd3qd1_hd)
                                            0.00197
    khu_sensor_top/ads1292_filter/iir_notch/async_rst_synchronizer/r_ff_reg/CK
                        Input Pin (fd3qd1_hd)
                                            0.00197
    khu_sensor_top/ads1292_filter/iir_notch/async_rstn_synchronizer/r_ff_reg/CK
                        Input Pin (fd2qd4_hd)
                                            0.00336
    khu_sensor_top/ads1292_filter/iir_notch/async_rstn_synchronizer/o_RSTN_reg/CK
                        Input Pin (fd2qd4_hd)
                                            0.00336
    khu_sensor_top/ads1292_filter/iir_lpf/clk_gate_o_Y_DATA_reg_0/latch/CK
                        Input Pin (cglpd1_hd)
                                            0.00156
    khu_sensor_top/ads1292_filter/iir_lpf/clk_gate_r_add_B_reg/latch/CK
                        Input Pin (cglpd1_hd)
                                            0.00156
    khu_sensor_top/ads1292_filter/iir_lpf/clk_gate_r_y_data_reg_0/latch/CK
                        Input Pin (cglpd1_hd)
                                            0.00156
    khu_sensor_top/ads1292_filter/iir_lpf/clk_gate_r_x_data_reg_0/latch/CK
                        Input Pin (cglpd1_hd)
                                            0.00156
    khu_sensor_top/ads1292_filter/iir_lpf/clk_gate_r_mult_2_A_reg/latch/CK
                        Input Pin (cglpd1_hd)
                                            0.00156
    khu_sensor_top/ads1292_filter/iir_lpf/mult_2/state_reg[0]/CK
                        Input Pin (fd1eqd1_hd)
                                            0.00192
    khu_sensor_top/ads1292_filter/iir_lpf/mult_2/state_reg[1]/CK
                        Input Pin (fd1eqd1_hd)
                                            0.00192
    khu_sensor_top/ads1292_filter/iir_lpf/mult_2/o_AB_ACK_reg/CK
                        Input Pin (fd1eqd1_hd)
                                            0.00192
    khu_sensor_top/ads1292_filter/iir_lpf/mult_2/state_reg[3]/CK
                        Input Pin (fds2eqd1_hd)
                                            0.00211
    khu_sensor_top/ads1292_filter/iir_lpf/mult_2/state_reg[2]/CK
                        Input Pin (fds2eqd1_hd)
                                            0.00211
    khu_sensor_top/ads1292_filter/iir_lpf/mult_2/o_Z_STB_reg/CK
                        Input Pin (fds2eqd1_hd)
                                            0.00211
    khu_sensor_top/ads1292_filter/iir_lpf/mult_1/state_reg[0]/CK
                        Input Pin (fd1eqd1_hd)
                                            0.00192
    khu_sensor_top/ads1292_filter/iir_lpf/mult_1/state_reg[1]/CK
                        Input Pin (fd1eqd1_hd)
                                            0.00192
    khu_sensor_top/ads1292_filter/iir_lpf/mult_1/o_AB_ACK_reg/CK
                        Input Pin (fd1eqd1_hd)
                                            0.00192
    khu_sensor_top/ads1292_filter/iir_lpf/mult_1/state_reg[2]/CK
                        Input Pin (fds2eqd1_hd)
                                            0.00211
    khu_sensor_top/ads1292_filter/iir_lpf/mult_1/o_Z_STB_reg/CK
                        Input Pin (fds2eqd1_hd)
                                            0.00211
    khu_sensor_top/ads1292_filter/iir_lpf/mult_1/state_reg[3]/CK
                        Input Pin (fds2eqd1_hd)
                                            0.00211
    khu_sensor_top/ads1292_filter/iir_lpf/add/a_e_reg[0]/CK
                        Input Pin (fd1eqd1_hd)
                                            0.00192
    khu_sensor_top/ads1292_filter/iir_lpf/add/a_e_reg[7]/CK
                        Input Pin (fd1eqd1_hd)
                                            0.00192
    khu_sensor_top/ads1292_filter/iir_lpf/add/z_m_reg[0]/CK
                        Input Pin (fd1eqd1_hd)
                                            0.00192
    khu_sensor_top/ads1292_filter/iir_lpf/add/round_bit_reg/CK
                        Input Pin (fd1eqd1_hd)
                                            0.00192
    khu_sensor_top/ads1292_filter/iir_lpf/add/state_reg[1]/CK
                        Input Pin (fd1eqd1_hd)
                                            0.00192
    khu_sensor_top/ads1292_filter/iir_lpf/add/state_reg[3]/CK
                        Input Pin (fd1eqd1_hd)
                                            0.00192
    khu_sensor_top/ads1292_filter/iir_lpf/add/o_Z_STB_reg/CK
                        Input Pin (fd1eqd1_hd)
                                            0.00192
    khu_sensor_top/ads1292_filter/iir_lpf/add/guard_reg/CK
                        Input Pin (fd1eqd1_hd)
                                            0.00192
    khu_sensor_top/ads1292_filter/iir_lpf/add/state_reg[2]/CK
                        Input Pin (fds2eqd1_hd)
                                            0.00211
    khu_sensor_top/ads1292_filter/iir_lpf/add/o_AB_ACK_reg/CK
                        Input Pin (fds2eqd1_hd)
                                            0.00211
    khu_sensor_top/ads1292_filter/iir_lpf/add/z_e_reg[9]/CK
                        Input Pin (fd3qd1_hd)
                                            0.00197
    khu_sensor_top/ads1292_filter/iir_lpf/add/state_reg[0]/CK
                        Input Pin (fds2eqd1_hd)
                                            0.00211
    khu_sensor_top/ads1292_filter/iir_lpf/async_rst_synchronizer/o_RST_reg/CK
                        Input Pin (fd3qd1_hd)
                                            0.00197
    khu_sensor_top/ads1292_filter/iir_lpf/async_rst_synchronizer/r_ff_reg/CK
                        Input Pin (fd3qd1_hd)
                                            0.00197
    khu_sensor_top/ads1292_filter/iir_lpf/async_rstn_synchronizer/r_ff_reg/CK
                        Input Pin (fd2qd4_hd)
                                            0.00336
    khu_sensor_top/ads1292_filter/iir_lpf/async_rstn_synchronizer/o_RSTN_reg/CK
                        Input Pin (fd2qd4_hd)
                                            0.00336
    khu_sensor_top/ads1292_filter/converter_i2f/clk_gate_a_reg_0/latch/CK
                        Input Pin (cglpd1_hd)
                                            0.00156
    khu_sensor_top/ads1292_filter/converter_i2f/clk_gate_value_reg_0/latch/CK
                        Input Pin (cglpd1_hd)
                                            0.00156
    khu_sensor_top/ads1292_filter/converter_i2f/clk_gate_z_e_reg/latch/CK
                        Input Pin (cglpd1_hd)
                                            0.00156
    khu_sensor_top/ads1292_filter/converter_i2f/clk_gate_o_Z_reg_0/latch/CK
                        Input Pin (cglpd1_hd)
                                            0.00156
    khu_sensor_top/ads1292_filter/converter_i2f/clk_gate_z_reg_0/latch/CK
                        Input Pin (cglpd1_hd)
                                            0.00156
    khu_sensor_top/mpr121_controller/i2c_master/clk_gate_phy_rx_data_reg_reg_0/latch/CK
                        Input Pin (cglpd1_hd)
                                            0.00156
    khu_sensor_top/mpr121_controller/i2c_master/clk_gate_data_out_reg_reg_0/latch/CK
                        Input Pin (cglpd1_hd)
                                            0.00156
    khu_sensor_top/mpr121_controller/i2c_master/clk_gate_last_reg_reg/latch/CK
                        Input Pin (cglpd1_hd)
                                            0.00156
    khu_sensor_top/mpr121_controller/i2c_master/async_rstn_synchronizer/r_ff_reg/CK
                        Input Pin (fd2qd4_hd)
                                            0.00336
    khu_sensor_top/mpr121_controller/i2c_master/async_rstn_synchronizer/o_RSTN_reg/CK
                        Input Pin (fd2qd4_hd)
                                            0.00336
    khu_sensor_top/ads1292_controller/clk_gate_o_ADS1292_BUSY_reg/latch/CK
                        Input Pin (cglpd1_hd)
                                            0.00156
    khu_sensor_top/ads1292_controller/clk_gate_o_ADS1292_REG_DATA_OUT_reg_0/latch/CK
                        Input Pin (cglpd1_hd)
                                            0.00156
    khu_sensor_top/ads1292_controller/clk_gate_r_ads_command_reg_0/latch/CK
                        Input Pin (cglpd1_hd)
                                            0.00156
    khu_sensor_top/ads1292_controller/clk_gate_r_spi_data_in_reg_0/latch/CK
                        Input Pin (cglpd1_hd)
                                            0.00156
    khu_sensor_top/ads1292_controller/clk_gate_r_ads_reg_addr_reg/latch/CK
                        Input Pin (cglpd1_hd)
                                            0.00156
    khu_sensor_top/ads1292_controller/clk_gate_o_ADS1292_DATA_OUT_reg_0/latch/CK
                        Input Pin (cglpd1_hd)
                                            0.00156
    khu_sensor_top/ads1292_controller/clk_gate_r_ads_data_out_reg_0/latch/CK
                        Input Pin (cglpd1_hd)
                                            0.00156
    khu_sensor_top/ads1292_controller/clk_gate_r_clk_counter_reg_0/latch/CK
                        Input Pin (cglpd1_hd)
                                            0.00156
    khu_sensor_top/ads1292_controller/spi_master/o_SPI_MOSI_reg/CK
                        Input Pin (fd2qd1_hd)
                                            0.00205
    khu_sensor_top/ads1292_controller/spi_master/o_TX_Ready_reg/CK
                        Input Pin (fd2d1_hd)
                                            0.00205
    khu_sensor_top/ads1292_controller/spi_master/r_TX_Bit_Count_reg[0]/CK
                        Input Pin (fd3qd1_hd)
                                            0.00197
    khu_sensor_top/ads1292_controller/spi_master/r_TX_Bit_Count_reg[2]/CK
                        Input Pin (fd3qd1_hd)
                                            0.00197
    khu_sensor_top/ads1292_controller/spi_master/r_TX_Bit_Count_reg[1]/CK
                        Input Pin (fd3qd1_hd)
                                            0.00197
    khu_sensor_top/ads1292_controller/spi_master/o_SPI_Clk_reg/CK
                        Input Pin (fd2qd1_hd)
                                            0.00205
    khu_sensor_top/ads1292_controller/spi_master/o_RX_DV_reg/CK
                        Input Pin (fd2qd1_hd)
                                            0.00205
    khu_sensor_top/ads1292_controller/spi_master/r_Trailing_Edge_reg/CK
                        Input Pin (fd2qd1_hd)
                                            0.00205
    khu_sensor_top/ads1292_controller/spi_master/r_Leading_Edge_reg/CK
                        Input Pin (fd2qd1_hd)
                                            0.00205
    khu_sensor_top/ads1292_controller/async_rstn_synchronizer/r_ff_reg/CK
                        Input Pin (fd2qd4_hd)
                                            0.00336
    khu_sensor_top/ads1292_controller/async_rstn_synchronizer/o_RSTN_reg/CK
                        Input Pin (fd2qd4_hd)
                                            0.00336
    khu_sensor_top/ads1292_filter/clk_gate_r_converter_f2i_a_stb_reg/latch/CK
                        Input Pin (cglpd1_hd)
                                            0.00156
    khu_sensor_top/ads1292_filter/clk_gate_r_counter_reg_0/latch/CK
                        Input Pin (cglpd1_hd)
                                            0.00156
    khu_sensor_top/ads1292_filter/clk_gate_o_ADS1292_FILTERED_DATA_reg_0/latch/CK
                        Input Pin (cglpd1_hd)
                                            0.00156
    khu_sensor_top/ads1292_filter/clk_gate_r_converter_i2f_a_reg_0/latch/CK
                        Input Pin (cglpd1_hd)
                                            0.00156
    khu_sensor_top/ads1292_filter/clk_gate_r_converter_f2i_a_reg_0/latch/CK
                        Input Pin (cglpd1_hd)
                                            0.00156
    khu_sensor_top/ads1292_filter/clk_gate_r_iir_hpf_x_reg_0/latch/CK
                        Input Pin (cglpd1_hd)
                                            0.00156
    khu_sensor_top/ads1292_filter/clk_gate_r_iir_lpf_x_reg_0/latch/CK
                        Input Pin (cglpd1_hd)
                                            0.00156
    khu_sensor_top/ads1292_filter/clk_gate_r_iir_notch_x_reg_0/latch/CK
                        Input Pin (cglpd1_hd)
                                            0.00156
    khu_sensor_top/ads1292_filter/converter_f2i/a_e_reg[1]/CK
                        Input Pin (fd1eqd1_hd)
                                            0.00192
    khu_sensor_top/ads1292_filter/converter_f2i/state_reg[2]/CK
                        Input Pin (fd1eqd1_hd)
                                            0.00192
    khu_sensor_top/ads1292_filter/converter_f2i/state_reg[1]/CK
                        Input Pin (fd1eqd1_hd)
                                            0.00192
    khu_sensor_top/ads1292_filter/converter_f2i/state_reg[0]/CK
                        Input Pin (fd1eqd1_hd)
                                            0.00192
    khu_sensor_top/ads1292_filter/converter_f2i/o_Z_STB_reg/CK
                        Input Pin (fds2eqd1_hd)
                                            0.00211
    khu_sensor_top/ads1292_filter/converter_f2i/o_A_ACK_reg/CK
                        Input Pin (fds2eqd1_hd)
                                            0.00211
    khu_sensor_top/ads1292_filter/converter_f2i/a_e_reg[8]/CK
                        Input Pin (fd1eqd1_hd)
                                            0.00192
    khu_sensor_top/ads1292_filter/converter_f2i/a_e_reg[7]/CK
                        Input Pin (fd1eqd1_hd)
                                            0.00192
    khu_sensor_top/ads1292_filter/converter_f2i/a_e_reg[4]/CK
                        Input Pin (fd1eqd1_hd)
                                            0.00192
    khu_sensor_top/ads1292_filter/converter_f2i/a_e_reg[3]/CK
                        Input Pin (fd1eqd1_hd)
                                            0.00192
    khu_sensor_top/ads1292_filter/converter_f2i/a_e_reg[2]/CK
                        Input Pin (fd1eqd1_hd)
                                            0.00192
    khu_sensor_top/ads1292_filter/converter_f2i/a_e_reg[0]/CK
                        Input Pin (fd1eqd1_hd)
                                            0.00192
    khu_sensor_top/ads1292_filter/iir_hpf/r_mult_Z_ACK_reg/CK
                        Input Pin (fd2qd1_hd)
                                            0.00205
    khu_sensor_top/ads1292_filter/iir_hpf/r_add_Z_ACK_reg/CK
                        Input Pin (fd2qd1_hd)
                                            0.00205
    khu_sensor_top/ads1292_filter/iir_hpf/r_add_AB_STB_reg/CK
                        Input Pin (fd2qd1_hd)
                                            0.00205
    khu_sensor_top/ads1292_filter/iir_hpf/r_mult_AB_STB_reg/CK
                        Input Pin (fd2qd1_hd)
                                            0.00205
    khu_sensor_top/ads1292_filter/iir_hpf/r_pstate_reg[0]/CK
                        Input Pin (fd2qd1_hd)
                                            0.00205
    khu_sensor_top/ads1292_filter/iir_hpf/r_pstate_reg[1]/CK
                        Input Pin (fd2qd1_hd)
                                            0.00205
    khu_sensor_top/ads1292_filter/iir_hpf/r_counter_reg[1]/CK
                        Input Pin (fd2qd1_hd)
                                            0.00205
    khu_sensor_top/ads1292_filter/iir_hpf/r_counter_reg[0]/CK
                        Input Pin (fd2qd1_hd)
                                            0.00205
    khu_sensor_top/ads1292_filter/iir_hpf/o_Y_DATA_VALID_reg/CK
                        Input Pin (fd2qd1_hd)
                                            0.00205
    khu_sensor_top/ads1292_filter/iir_hpf/o_X_DATA_READY_reg/CK
                        Input Pin (fd1eqd1_hd)
                                            0.00192
    khu_sensor_top/ads1292_filter/iir_notch/r_counter_reg[0]/CK
                        Input Pin (fd2qd2_hd)
                                            0.00241
    khu_sensor_top/ads1292_filter/iir_notch/r_mult_3_Z_ACK_reg/CK
                        Input Pin (fd2qd1_hd)
                                            0.00205
    khu_sensor_top/ads1292_filter/iir_notch/r_add_2_Z_ACK_reg/CK
                        Input Pin (fd2qd1_hd)
                                            0.00205
    khu_sensor_top/ads1292_filter/iir_notch/r_mult_1_Z_ACK_reg/CK
                        Input Pin (fd2qd1_hd)
                                            0.00205
    khu_sensor_top/ads1292_filter/iir_notch/r_mult_2_Z_ACK_reg/CK
                        Input Pin (fd2qd1_hd)
                                            0.00205
    khu_sensor_top/ads1292_filter/iir_notch/r_add_1_Z_ACK_reg/CK
                        Input Pin (fd2qd1_hd)
                                            0.00205
    khu_sensor_top/ads1292_filter/iir_notch/r_pstate_reg[0]/CK
                        Input Pin (fd2qd1_hd)
                                            0.00205
    khu_sensor_top/ads1292_filter/iir_notch/r_pstate_reg[1]/CK
                        Input Pin (fd2qd1_hd)
                                            0.00205
    khu_sensor_top/ads1292_filter/iir_notch/r_counter_reg[2]/CK
                        Input Pin (fd2qd1_hd)
                                            0.00205
    khu_sensor_top/ads1292_filter/iir_notch/r_counter_reg[1]/CK
                        Input Pin (fd2qd1_hd)
                                            0.00205
    khu_sensor_top/ads1292_filter/iir_notch/o_Y_DATA_VALID_reg/CK
                        Input Pin (fd2qd1_hd)
                                            0.00205
    khu_sensor_top/ads1292_filter/iir_notch/o_X_DATA_READY_reg/CK
                        Input Pin (fd1eqd1_hd)
                                            0.00192
    khu_sensor_top/ads1292_filter/iir_lpf/r_mult_Z_ACK_reg/CK
                        Input Pin (fd2qd1_hd)
                                            0.00205
    khu_sensor_top/ads1292_filter/iir_lpf/r_counter_reg[0]/CK
                        Input Pin (fd2qd1_hd)
                                            0.00205
    khu_sensor_top/ads1292_filter/iir_lpf/r_pstate_reg[0]/CK
                        Input Pin (fd2qd1_hd)
                                            0.00205
    khu_sensor_top/ads1292_filter/iir_lpf/r_counter_reg[1]/CK
                        Input Pin (fd2qd1_hd)
                                            0.00205
    khu_sensor_top/ads1292_filter/iir_lpf/r_add_AB_STB_reg/CK
                        Input Pin (fd2qd1_hd)
                                            0.00205
    khu_sensor_top/ads1292_filter/iir_lpf/r_mult_AB_STB_reg/CK
                        Input Pin (fd2qd1_hd)
                                            0.00205
    khu_sensor_top/ads1292_filter/iir_lpf/r_pstate_reg[1]/CK
                        Input Pin (fd2qd1_hd)
                                            0.00205
    khu_sensor_top/ads1292_filter/iir_lpf/r_add_Z_ACK_reg/CK
                        Input Pin (fd2qd1_hd)
                                            0.00205
    khu_sensor_top/ads1292_filter/iir_lpf/o_Y_DATA_VALID_reg/CK
                        Input Pin (fd2qd1_hd)
                                            0.00205
    khu_sensor_top/ads1292_filter/iir_lpf/o_X_DATA_READY_reg/CK
                        Input Pin (fd1eqd1_hd)
                                            0.00192
    khu_sensor_top/ads1292_filter/converter_i2f/z_m_reg[23]/CK
                        Input Pin (fd1eqd1_hd)
                                            0.00192
    khu_sensor_top/ads1292_filter/converter_i2f/z_s_reg/CK
                        Input Pin (fd1eqd1_hd)
                                            0.00192
    khu_sensor_top/ads1292_filter/converter_i2f/state_reg[0]/CK
                        Input Pin (fd1eqd1_hd)
                                            0.00192
    khu_sensor_top/ads1292_filter/converter_i2f/state_reg[1]/CK
                        Input Pin (fd1eqd1_hd)
                                            0.00192
    khu_sensor_top/ads1292_filter/converter_i2f/o_Z_STB_reg/CK
                        Input Pin (fd1eqd1_hd)
                                            0.00192
    khu_sensor_top/ads1292_filter/converter_i2f/o_A_ACK_reg/CK
                        Input Pin (fds2eqd1_hd)
                                            0.00211
    khu_sensor_top/ads1292_filter/converter_i2f/state_reg[2]/CK
                        Input Pin (fds2eqd1_hd)
                                            0.00211
    khu_sensor_top/ads1292_filter/async_rst_synchronizer/r_ff_reg/CK
                        Input Pin (fd3qd1_hd)
                                            0.00197
    khu_sensor_top/ads1292_filter/async_rst_synchronizer/o_RST_reg/CK
                        Input Pin (fd3qd1_hd)
                                            0.00197
    khu_sensor_top/ads1292_filter/async_rstn_synchronizer/r_ff_reg/CK
                        Input Pin (fd2qd4_hd)
                                            0.00336
    khu_sensor_top/ads1292_filter/async_rstn_synchronizer/o_RSTN_reg/CK
                        Input Pin (fd2qd4_hd)
                                            0.00336
    khu_sensor_top/mpr121_controller/clk_gate_r_i2c_write_multiple_reg/latch/CK
                        Input Pin (cglpd1_hd)
                                            0.00156
    khu_sensor_top/mpr121_controller/clk_gate_o_MPR121_DATA_OUT_reg_0/latch/CK
                        Input Pin (cglpd1_hd)
                                            0.00156
    khu_sensor_top/mpr121_controller/clk_gate_r_i2c_data_in_reg_0/latch/CK
                        Input Pin (cglpd1_hd)
                                            0.00156
    khu_sensor_top/mpr121_controller/clk_gate_o_MPR121_INIT_SET_reg/latch/CK
                        Input Pin (cglpd1_hd)
                                            0.00156
    khu_sensor_top/mpr121_controller/clk_gate_r_i2c_reg_data_in_reg_0/latch/CK
                        Input Pin (cglpd1_hd)
                                            0.00156
    khu_sensor_top/mpr121_controller/i2c_master/state_reg_reg[0]/CK
                        Input Pin (fd1qd1_hd)
                                            0.00209
    khu_sensor_top/mpr121_controller/i2c_master/state_reg_reg[1]/CK
                        Input Pin (fd1qd1_hd)
                                            0.00209
    khu_sensor_top/mpr121_controller/i2c_master/data_in_ready_reg_reg/CK
                        Input Pin (fd1qd1_hd)
                                            0.00209
    khu_sensor_top/mpr121_controller/i2c_master/cmd_ready_reg_reg/CK
                        Input Pin (fd1qd1_hd)
                                            0.00209
    khu_sensor_top/mpr121_controller/i2c_master/missed_ack_reg_reg/CK
                        Input Pin (fd1qd1_hd)
                                            0.00209
    khu_sensor_top/mpr121_controller/i2c_master/mode_read_reg_reg/CK
                        Input Pin (fd1eqd1_hd)
                                            0.00192
    khu_sensor_top/mpr121_controller/i2c_master/mode_stop_reg_reg/CK
                        Input Pin (fd1eqd1_hd)
                                            0.00192
    khu_sensor_top/mpr121_controller/i2c_master/mode_write_multiple_reg_reg/CK
                        Input Pin (fd1eqd1_hd)
                                            0.00192
    khu_sensor_top/mpr121_controller/i2c_master/bit_count_reg_reg[1]/CK
                        Input Pin (fd1eqd1_hd)
                                            0.00192
    khu_sensor_top/mpr121_controller/i2c_master/bit_count_reg_reg[2]/CK
                        Input Pin (fd1eqd1_hd)
                                            0.00192
    khu_sensor_top/mpr121_controller/i2c_master/bit_count_reg_reg[0]/CK
                        Input Pin (fd1eqd1_hd)
                                            0.00192
    khu_sensor_top/mpr121_controller/i2c_master/state_reg_reg[2]/CK
                        Input Pin (fd1eqd1_hd)
                                            0.00192
    khu_sensor_top/mpr121_controller/i2c_master/state_reg_reg[3]/CK
                        Input Pin (fd1eqd1_hd)
                                            0.00192
    khu_sensor_top/mpr121_controller/i2c_master/data_out_valid_reg_reg/CK
                        Input Pin (fd1eqd1_hd)
                                            0.00192
    khu_sensor_top/mpr121_controller/i2c_master/delay_scl_reg_reg/CK
                        Input Pin (fd1eqd1_hd)
                                            0.00192
    khu_sensor_top/mpr121_controller/i2c_master/bus_active_reg_reg/CK
                        Input Pin (fd1eqd1_hd)
                                            0.00192
    khu_sensor_top/mpr121_controller/i2c_master/last_sda_i_reg_reg/CK
                        Input Pin (fd3qd1_hd)
                                            0.00197
    khu_sensor_top/mpr121_controller/i2c_master/sda_i_reg_reg/CK
                        Input Pin (fd3qd1_hd)
                                            0.00197
    khu_sensor_top/mpr121_controller/i2c_master/bit_count_reg_reg[3]/CK
                        Input Pin (fd3qd1_hd)
                                            0.00197
    khu_sensor_top/mpr121_controller/i2c_master/scl_i_reg_reg/CK
                        Input Pin (fd3qd1_hd)
                                            0.00197
    khu_sensor_top/mpr121_controller/async_rstn_synchronizer/r_ff_reg/CK
                        Input Pin (fd2qd4_hd)
                                            0.00336
    khu_sensor_top/mpr121_controller/async_rstn_synchronizer/o_RSTN_reg/CK
                        Input Pin (fd2qd4_hd)
                                            0.00336
    khu_sensor_top/ads1292_controller/r_rdatac_mode_reg/CK
                        Input Pin (fd2qd1_hd)
                                            0.00205
    khu_sensor_top/ads1292_controller/r_sdatac_mode_reg/CK
                        Input Pin (fd2qd1_hd)
                                            0.00205
    khu_sensor_top/ads1292_controller/r_rreg_mode_reg/CK
                        Input Pin (fd2qd1_hd)
                                            0.00205
    khu_sensor_top/ads1292_controller/r_syscmd_mode_reg/CK
                        Input Pin (fd2qd1_hd)
                                            0.00205
    khu_sensor_top/ads1292_controller/r_idle_mode_reg/CK
                        Input Pin (fd2qd1_hd)
                                            0.00205
    khu_sensor_top/ads1292_controller/r_wreg_mode_reg/CK
                        Input Pin (fd2qd1_hd)
                                            0.00205
    khu_sensor_top/ads1292_controller/r_ldrdy_reg/CK
                        Input Pin (fd2qd1_hd)
                                            0.00205
    khu_sensor_top/ads1292_controller/r_pstate_reg[5]/CK
                        Input Pin (fd2qd1_hd)
                                            0.00205
    khu_sensor_top/ads1292_controller/r_pstate_reg[2]/CK
                        Input Pin (fd2qd1_hd)
                                            0.00205
    khu_sensor_top/ads1292_controller/r_pstate_reg[1]/CK
                        Input Pin (fd2qd1_hd)
                                            0.00205
    khu_sensor_top/ads1292_controller/r_pstate_reg[0]/CK
                        Input Pin (fd2qd1_hd)
                                            0.00205
    khu_sensor_top/ads1292_controller/r_pstate_reg[4]/CK
                        Input Pin (fd2qd1_hd)
                                            0.00205
    khu_sensor_top/ads1292_filter/r_converter_f2i_z_ack_reg/CK
                        Input Pin (fd2qd1_hd)
                                            0.00205
    khu_sensor_top/ads1292_filter/r_pstate_reg[0]/CK
                        Input Pin (fd2qd1_hd)
                                            0.00205
    khu_sensor_top/ads1292_filter/r_converter_i2f_z_ack_reg/CK
                        Input Pin (fd2qd1_hd)
                                            0.00205
    khu_sensor_top/ads1292_filter/r_iir_hpf_y_ack_reg/CK
                        Input Pin (fd2qd1_hd)
                                            0.00205
    khu_sensor_top/ads1292_filter/r_iir_lpf_y_ack_reg/CK
                        Input Pin (fd2qd1_hd)
                                            0.00205
    khu_sensor_top/ads1292_filter/r_pstate_reg[1]/CK
                        Input Pin (fd2qd1_hd)
                                            0.00205
    khu_sensor_top/ads1292_filter/r_iir_notch_y_ack_reg/CK
                        Input Pin (fd2qd1_hd)
                                            0.00205
    khu_sensor_top/ads1292_filter/o_ADS1292_FILTERED_DATA_VALID_reg/CK
                        Input Pin (fd2qd1_hd)
                                            0.00205
    khu_sensor_top/mpr121_controller/r_pstate_reg[4]/CK
                        Input Pin (fd2qd1_hd)
                                            0.00205
    khu_sensor_top/mpr121_controller/r_pstate_reg[1]/CK
                        Input Pin (fd2qd1_hd)
                                            0.00205
    khu_sensor_top/mpr121_controller/r_i2c_data_in_valid_reg/CK
                        Input Pin (fd2qd1_hd)
                                            0.00205
    khu_sensor_top/mpr121_controller/r_pstate_reg[0]/CK
                        Input Pin (fd2qd1_hd)
                                            0.00205
    khu_sensor_top/mpr121_controller/r_i2c_cmd_valid_reg/CK
                        Input Pin (fd2qd1_hd)
                                            0.00205
    khu_sensor_top/mpr121_controller/o_MPR121_BUSY_reg/CK
                        Input Pin (fd2qd1_hd)
                                            0.00205
    khu_sensor_top/mpr121_controller/r_lstate_reg[0]/CK
                        Input Pin (fd2qd1_hd)
                                            0.00205
    khu_sensor_top/mpr121_controller/r_lstate_reg[1]/CK
                        Input Pin (fd2qd1_hd)
                                            0.00205
    khu_sensor_top/mpr121_controller/r_i2c_data_in_last_reg/CK
                        Input Pin (fd2qd1_hd)
                                            0.00205
    khu_sensor_top/mpr121_controller/r_i2c_data_out_ready_reg/CK
                        Input Pin (fd2qd1_hd)
                                            0.00205
    khu_sensor_top/mpr121_controller/r_i2c_stop_reg/CK
                        Input Pin (fd2qd1_hd)
                                            0.00205
    khu_sensor_top/mpr121_controller/r_pstate_reg[3]/CK
                        Input Pin (fd2qd1_hd)
                                            0.00205
    khu_sensor_top/mpr121_controller/r_pstate_reg[5]/CK
                        Input Pin (fd2qd1_hd)
                                            0.00205
    khu_sensor_top/mpr121_controller/r_pstate_reg[2]/CK
                        Input Pin (fd2qd1_hd)
                                            0.00205
    khu_sensor_top/divider_by_2/o_CLK_DIV_2_reg/CK
                        Input Pin (ft2d1_hd)
                                            0.00223
    khu_sensor_top/async_rstn_glitch_synchronizer/async_rstn_synchronizer/r_ff_reg/CK
                        Input Pin (fd2qd4_hd)
                                            0.00336
    khu_sensor_top/async_rstn_glitch_synchronizer/async_rstn_synchronizer/o_RSTN_reg/CK
                        Input Pin (fd2qd4_hd)
                                            0.00336

net 'ADS1292_CSN':
    dont_touch:         TRUE                
    pin capacitance:    min:0.01035    max:0.01035
    wire capacitance:   min:0    max:0
    total capacitance:  min:0.01035    max:0.01035
    wire resistance:    NA
    number of drivers:  1
    number of loads:    1
    number of pins:     2

Connections for net 'ADS1292_CSN':

    Driver Pins         Type                Pin Cap
    ------------        ----------------    --------
    pad7/PAD            Output Pin (phob12) 0

    Load Pins           Type                Pin Cap
    ------------        ----------------    --------
    ADS1292_CSN         Output Port         0.01035

net 'ADS1292_START':
    dont_touch:         TRUE                
    pin capacitance:    min:0.01035    max:0.01035
    wire capacitance:   min:0    max:0
    total capacitance:  min:0.01035    max:0.01035
    wire resistance:    NA
    number of drivers:  1
    number of loads:    1
    number of pins:     2

Connections for net 'ADS1292_START':

    Driver Pins         Type                Pin Cap
    ------------        ----------------    --------
    pad5/PAD            Output Pin (phob12) 0

    Load Pins           Type                Pin Cap
    ------------        ----------------    --------
    ADS1292_START       Output Port         0.01035

net 'ADS1292_RESET':
    dont_touch:         TRUE                
    pin capacitance:    min:0.01035    max:0.01035
    wire capacitance:   min:0    max:0
    total capacitance:  min:0.01035    max:0.01035
    wire resistance:    NA
    number of drivers:  1
    number of loads:    1
    number of pins:     2

Connections for net 'ADS1292_RESET':

    Driver Pins         Type                Pin Cap
    ------------        ----------------    --------
    pad3/PAD            Output Pin (phob12) 0

    Load Pins           Type                Pin Cap
    ------------        ----------------    --------
    ADS1292_RESET       Output Port         0.01035

net 'ADS1292_DRDY':
    dont_touch:         TRUE                
    pin capacitance:    min:2.0916    max:2.0916
    wire capacitance:   min:0    max:0
    total capacitance:  min:2.0916    max:2.0916
    wire resistance:    NA
    number of drivers:  1
    number of loads:    1
    number of pins:     2

Connections for net 'ADS1292_DRDY':

    Driver Pins         Type                Pin Cap
    ------------        ----------------    --------
    ADS1292_DRDY        Input Port          0

    Load Pins           Type                Pin Cap
    ------------        ----------------    --------
    pad20/PAD           Input Pin (phic)    2.0916

net 'ADS1292_MOSI':
    dont_touch:         TRUE                
    pin capacitance:    min:0.01035    max:0.01035
    wire capacitance:   min:0    max:0
    total capacitance:  min:0.01035    max:0.01035
    wire resistance:    NA
    number of drivers:  1
    number of loads:    1
    number of pins:     2

Connections for net 'ADS1292_MOSI':

    Driver Pins         Type                Pin Cap
    ------------        ----------------    --------
    pad18/PAD           Output Pin (phob12) 0

    Load Pins           Type                Pin Cap
    ------------        ----------------    --------
    ADS1292_MOSI        Output Port         0.01035

net 'ADS1292_MISO':
    dont_touch:         TRUE                
    pin capacitance:    min:2.0916    max:2.0916
    wire capacitance:   min:0    max:0
    total capacitance:  min:2.0916    max:2.0916
    wire resistance:    NA
    number of drivers:  1
    number of loads:    1
    number of pins:     2

Connections for net 'ADS1292_MISO':

    Driver Pins         Type                Pin Cap
    ------------        ----------------    --------
    ADS1292_MISO        Input Port          0

    Load Pins           Type                Pin Cap
    ------------        ----------------    --------
    pad15/PAD           Input Pin (phic)    2.0916

net 'ADS1292_SCLK':
    dont_touch:         TRUE                
    pin capacitance:    min:0.01035    max:0.01035
    wire capacitance:   min:0    max:0
    total capacitance:  min:0.01035    max:0.01035
    wire resistance:    NA
    number of drivers:  1
    number of loads:    1
    number of pins:     2

Connections for net 'ADS1292_SCLK':

    Driver Pins         Type                Pin Cap
    ------------        ----------------    --------
    pad12/PAD           Output Pin (phob12) 0

    Load Pins           Type                Pin Cap
    ------------        ----------------    --------
    ADS1292_SCLK        Output Port         0.01035

net 'MPR121_SDA':
    dont_touch:         TRUE                
    pin capacitance:    min:2.0051    max:2.0051
    wire capacitance:   min:0    max:0
    total capacitance:  min:2.0051    max:2.0051
    wire resistance:    NA
    number of drivers:  2
    number of loads:    2
    number of pins:     2

Connections for net 'MPR121_SDA':

    Driver Pins         Type                Pin Cap
    ------------        ----------------    --------
    MPR121_SDA          Inout Port          0.01035
    pad37/PAD           Inout Pin (phbct12) 1.99475

    Load Pins           Type                Pin Cap
    ------------        ----------------    --------
    MPR121_SDA          Inout Port          0.01035
    pad37/PAD           Inout Pin (phbct12) 1.99475

net 'MPR121_SCL':
    dont_touch:         TRUE                
    pin capacitance:    min:2.0051    max:2.0051
    wire capacitance:   min:0    max:0
    total capacitance:  min:2.0051    max:2.0051
    wire resistance:    NA
    number of drivers:  2
    number of loads:    2
    number of pins:     2

Connections for net 'MPR121_SCL':

    Driver Pins         Type                Pin Cap
    ------------        ----------------    --------
    MPR121_SCL          Inout Port          0.01035
    pad34/PAD           Inout Pin (phbct12) 1.99475

    Load Pins           Type                Pin Cap
    ------------        ----------------    --------
    MPR121_SCL          Inout Port          0.01035
    pad34/PAD           Inout Pin (phbct12) 1.99475

net 'UART_TXD':
    dont_touch:         TRUE                
    pin capacitance:    min:0.01035    max:0.01035
    wire capacitance:   min:0    max:0
    total capacitance:  min:0.01035    max:0.01035
    wire resistance:    NA
    number of drivers:  1
    number of loads:    1
    number of pins:     2

Connections for net 'UART_TXD':

    Driver Pins         Type                Pin Cap
    ------------        ----------------    --------
    pad27/PAD           Output Pin (phob12) 0

    Load Pins           Type                Pin Cap
    ------------        ----------------    --------
    UART_TXD            Output Port         0.01035

net 'UART_RXD':
    dont_touch:         TRUE                
    pin capacitance:    min:2.0916    max:2.0916
    wire capacitance:   min:0    max:0
    total capacitance:  min:2.0916    max:2.0916
    wire resistance:    NA
    number of drivers:  1
    number of loads:    1
    number of pins:     2

Connections for net 'UART_RXD':

    Driver Pins         Type                Pin Cap
    ------------        ----------------    --------
    UART_RXD            Input Port          0

    Load Pins           Type                Pin Cap
    ------------        ----------------    --------
    pad29/PAD           Input Pin (phic)    2.0916

net 'i_RSTN':
    dont_touch:         TRUE                
    pin capacitance:    min:0    max:0
    wire capacitance:   min:0    max:0
    total capacitance:  min:0    max:0
    wire resistance:    NA
    number of drivers:  1
    number of loads:    1
    number of pins:     2

Connections for net 'i_RSTN':

    Driver Pins         Type                Pin Cap
    ------------        ----------------    --------
    i_RSTN              Input Port          0

    Load Pins           Type                Pin Cap
    ------------        ----------------    --------
    pad40/PAD           Input Pin (phis)    2.13795

net 'i_CLK':
    dont_touch:         TRUE                
    pin capacitance:    min:2.00307    max:2.00307
    wire capacitance:   min:0    max:0
    total capacitance:  min:2.00307    max:2.00307
    wire resistance:    NA
    number of drivers:  2
    number of loads:    3
    number of pins:     4

Connections for net 'i_CLK':

    Driver Pins         Type                Pin Cap
    ------------        ----------------    --------
    i_CLK               Input Port          0
    pad1/PAD            Inout Pin (phbct24) 1.99635

    Load Pins           Type                Pin Cap
    ------------        ----------------    --------
    async_rstn_glitch_synchronizer/async_rstn_synchronizer/r_ff_reg/CK
                        Input Pin (fd2qd4_hd)
                                            0.00336
    async_rstn_glitch_synchronizer/async_rstn_synchronizer/o_RSTN_reg/CK
                        Input Pin (fd2qd4_hd)
                                            0.00336
    pad1/PAD            Inout Pin (phbct24) 1.99635

net '*Logic0*':
    dont_touch:         FALSE               
    pin capacitance:    min:0.49842    max:0.49842
    wire capacitance:   min:0    max:0
    total capacitance:  min:0.49842    max:0.49842
    wire resistance:    NA
    number of drivers:  1
    number of loads:    10
    number of pins:     10

Connections for net '*Logic0*':

    Driver Pins         Type                Pin Cap
    ------------        ----------------    --------
    U2/**logic_0**      Logic Zero          0

    Load Pins           Type                Pin Cap
    ------------        ----------------    --------
    pad40/PI            Input Pin (phis)    0.05167
    pad37/EN            Input Pin (phbct12) 0.04581
    pad37/PI            Input Pin (phbct12) 0.05182
    pad34/EN            Input Pin (phbct12) 0.04581
    pad34/PI            Input Pin (phbct12) 0.05182
    pad29/PI            Input Pin (phic)    0.05167
    pad20/PI            Input Pin (phic)    0.05167
    pad15/PI            Input Pin (phic)    0.05167
    pad1/A              Input Pin (phbct24) 0.04465
    pad1/PI             Input Pin (phbct24) 0.05183

net '*Logic1*':
    dont_touch:         FALSE               
    pin capacitance:    min:0.09931    max:0.09931
    wire capacitance:   min:0    max:0
    total capacitance:  min:0.09931    max:0.09931
    wire resistance:    NA
    number of drivers:  1
    number of loads:    2
    number of pins:     2

Connections for net '*Logic1*':

    Driver Pins         Type                Pin Cap
    ------------        ----------------    --------
    U1/**logic_1**      Logic One           0

    Load Pins           Type                Pin Cap
    ------------        ----------------    --------
    pad1/TN             Input Pin (phbct24) 0.05339
    pad1/EN             Input Pin (phbct24) 0.04592
1
