 
****************************************
Report : reference
Design : khu_sensor_pad
Version: F-2011.09-SP5-3
Date   : Sat Sep 12 01:22:46 2020
****************************************

Attributes:
    b - black box (unknown)
   bo - allows boundary optimization
    d - dont_touch
   mo - map_only
    h - hierarchical
    n - noncombinational
    r - removable
    s - synthetic operator
    u - contains unmapped logic

Reference          Library       Unit Area   Count    Total Area   Attributes
-----------------------------------------------------------------------------
async_rstn_glitch_synchronizer
                                 27.666651       1     27.666651  d, h, n
khu_sensor_top                87347.024898       1  87347.024898  b, h, n
phbct12            std150e_wst_105_p125
                                  0.000000       2      0.000000  d, n
phbct24            std150e_wst_105_p125
                                  0.000000       1      0.000000  d, n
phic               std150e_wst_105_p125
                                  0.000000       3      0.000000  d, r
phis               std150e_wst_105_p125
                                  0.000000       1      0.000000  d, r
phob12             std150e_wst_105_p125
                                  0.000000       6      0.000000  d
vdd12ih            std150e_wst_105_p125
                                  0.000000       4      0.000000  b, d
vdd12ih_core       std150e_wst_105_p125
                                  0.000000       3      0.000000  b, d
vdd33oph           std150e_wst_105_p125
                                  0.000000       4      0.000000  b, d
vssiph             std150e_wst_105_p125
                                  0.000000      11      0.000000  b, d
vssoh              std150e_wst_105_p125
                                  0.000000       9      0.000000  b, d
-----------------------------------------------------------------------------
Total 12 references                                 87374.691548
1
