Information: Propagating switching activity (low effort zero delay simulation). (PWR-6)
Warning: Design has unannotated primary inputs. (PWR-414)
Warning: Design has unannotated sequential cell outputs. (PWR-415)
Warning: Design has unannotated black box outputs. (PWR-428)
 
****************************************
Report : power
        -analysis_effort low
Design : khu_sensor_pad
Version: F-2011.09-SP5-3
Date   : Tue Oct  6 17:58:33 2020
****************************************


Library(s) Used:

    std150e_wst_105_p125 (File: /Tools/Library/samsung013/sec050915_0050_STD150E_regular_DK_Synopsys_N/sec150e_synopsys/syn/STD150E/std150e_wst_105_p125.db)


Operating Conditions: V105WTP1250   Library: std150e_wst_105_p125
Wire Load Model Mode: enclosed

Design        Wire Load Model            Library
------------------------------------------------
async_rstn_glitch_synchronizer
                       l13_e_5000_4lm    std150e_wst_105_p125
async_rstn_synchronizer
                       l13_e_5000_4lm    std150e_wst_105_p125
async_rst_synchronizer l13_e_5000_4lm    std150e_wst_105_p125


Global Operating Voltage = 1.05 
Power-specific unit information :
    Voltage Units = 1V
    Capacitance Units = 1.000000pf
    Time Units = 1ns
    Dynamic Power Units = 1mW    (derived from V,C,T units)
    Leakage Power Units = 1mW


  Cell Internal Power  =   5.6090 mW    (6%)
  Net Switching Power  =  91.9790 mW   (94%)
                         ---------
Total Dynamic Power    =  97.5880 mW  (100%)

Cell Leakage Power     =  96.8599 uW


                 Internal         Switching           Leakage            Total
Power Group      Power            Power               Power              Power   (   %    )  Attrs
--------------------------------------------------------------------------------------------------
io_pad             2.8053           91.9672        9.0463e-04           94.7734  (  97.02%)
memory             0.0000            0.0000            0.0000            0.0000  (   0.00%)
black_box          0.0000            0.0000            0.0000            0.0000  (   0.00%)
clock_network      0.1402        7.2318e-03        9.3770e-04            0.1483  (   0.15%)
register           2.6541        1.6150e-03        3.6463e-02            2.6922  (   2.76%)
sequential         0.0000            0.0000            0.0000            0.0000  (   0.00%)
combinational  9.3597e-03        2.9699e-03        5.8553e-02        7.0882e-02  (   0.07%)
--------------------------------------------------------------------------------------------------
Total              5.6089 mW        91.9790 mW     9.6858e-02 mW        97.6848 mW
1
