 
****************************************
Report : area
Design : khu_sensor_pad
Version: L-2016.03-SP5-5
Date   : Thu Nov 19 06:00:02 2020
****************************************

Library(s) Used:

    std150e_wst_105_p125 (File: /Tools/Library/samsung013/sec050915_0050_STD150E_regular_DK_Synopsys_N/sec150e_synopsys/syn/STD150E/std150e_wst_105_p125.db)

Number of ports:                         4703
Number of nets:                         35019
Number of cells:                        28131
Number of combinational cells:          21127
Number of sequential cells:              6848
Number of macros/black boxes:              46
Number of buf/inv:                       2687
Number of references:                      12

Combinational area:              52378.020128
Buf/Inv area:                     1870.675275
Noncombinational area:           38640.995251
Macro/Black Box area:                0.000000
Net Interconnect area:               0.243590
                                       (No wire load specified)

Total cell area:                 91019.015379
Total area:                      91019.258969
1
