 
****************************************
Report : timing_requirements
        -attributes
Design : khu_sensor_pad
Version: L-2016.03-SP5-5
Date   : Thu Nov 19 06:00:04 2020
****************************************

Description                            Setup               Hold
--------------------------------------------------------------------------------
TIMING EXCEPTION                       FALSE               FALSE
	-from    i_RSTN
TIMING EXCEPTION                       FALSE               FALSE
	-from    async_rstn_glitch_synchronizer/async_rstn_synchronizer/r_ff_reg/CK
TIMING EXCEPTION                       FALSE               FALSE
	-from    async_rstn_glitch_synchronizer/async_rstn_synchronizer/o_RSTN_reg/CK
TIMING EXCEPTION                       FALSE               FALSE
	-to      async_rstn_glitch_synchronizer/async_rstn_synchronizer/o_RSTN_reg/RN
TIMING EXCEPTION                       FALSE               FALSE
	-to      async_rstn_glitch_synchronizer/async_rstn_synchronizer/r_ff_reg/RN
TIMING EXCEPTION                       FALSE               FALSE
	-from    { khu_sensor_top/ads1292_controller/async_rstn_synchronizer/r_ff_reg/CK\
		   khu_sensor_top/ads1292_filter/async_rstn_synchronizer/r_ff_reg/CK\
		   khu_sensor_top/async_rstn_glitch_synchronizer/async_rstn_synchronizer/r_ff_reg/CK\
		   khu_sensor_top/mpr121_controller/async_rstn_synchronizer/r_ff_reg/CK\
		   khu_sensor_top/uart_controller/async_rstn_synchronizer/r_ff_reg/CK }
TIMING EXCEPTION                       FALSE               FALSE
	-from    { khu_sensor_top/ads1292_controller/async_rstn_synchronizer/o_RSTN_reg/CK\
		   khu_sensor_top/ads1292_filter/async_rstn_synchronizer/o_RSTN_reg/CK\
		   khu_sensor_top/async_rstn_glitch_synchronizer/async_rstn_synchronizer/o_RSTN_reg/CK\
		   khu_sensor_top/mpr121_controller/async_rstn_synchronizer/o_RSTN_reg/CK\
		   khu_sensor_top/uart_controller/async_rstn_synchronizer/o_RSTN_reg/CK }
TIMING EXCEPTION                       FALSE               FALSE
	-to      { khu_sensor_top/ads1292_controller/async_rstn_synchronizer/o_RSTN_reg/RN\
		   khu_sensor_top/ads1292_filter/async_rstn_synchronizer/o_RSTN_reg/RN\
		   khu_sensor_top/async_rstn_glitch_synchronizer/async_rstn_synchronizer/o_RSTN_reg/RN\
		   khu_sensor_top/mpr121_controller/async_rstn_synchronizer/o_RSTN_reg/RN\
		   khu_sensor_top/uart_controller/async_rstn_synchronizer/o_RSTN_reg/RN }
TIMING EXCEPTION                       FALSE               FALSE
	-to      { khu_sensor_top/ads1292_controller/async_rstn_synchronizer/r_ff_reg/RN\
		   khu_sensor_top/ads1292_filter/async_rstn_synchronizer/r_ff_reg/RN\
		   khu_sensor_top/async_rstn_glitch_synchronizer/async_rstn_synchronizer/r_ff_reg/RN\
		   khu_sensor_top/mpr121_controller/async_rstn_synchronizer/r_ff_reg/RN\
		   khu_sensor_top/uart_controller/async_rstn_synchronizer/r_ff_reg/RN }
TIMING EXCEPTION                       FALSE               FALSE
	-from    { khu_sensor_top/ads1292_controller/spi_master/async_rstn_synchronizer/r_ff_reg/CK\
		   khu_sensor_top/ads1292_filter/iir_hpf/async_rstn_synchronizer/r_ff_reg/CK\
		   khu_sensor_top/ads1292_filter/iir_lpf/async_rstn_synchronizer/r_ff_reg/CK\
		   khu_sensor_top/ads1292_filter/iir_notch/async_rstn_synchronizer/r_ff_reg/CK\
		   khu_sensor_top/mpr121_controller/i2c_master/async_rstn_synchronizer/r_ff_reg/CK }
TIMING EXCEPTION                       FALSE               FALSE
	-from    { khu_sensor_top/ads1292_controller/spi_master/async_rstn_synchronizer/o_RSTN_reg/CK\
		   khu_sensor_top/ads1292_filter/iir_hpf/async_rstn_synchronizer/o_RSTN_reg/CK\
		   khu_sensor_top/ads1292_filter/iir_lpf/async_rstn_synchronizer/o_RSTN_reg/CK\
		   khu_sensor_top/ads1292_filter/iir_notch/async_rstn_synchronizer/o_RSTN_reg/CK\
		   khu_sensor_top/mpr121_controller/i2c_master/async_rstn_synchronizer/o_RSTN_reg/CK }
TIMING EXCEPTION                       FALSE               FALSE
	-to      { khu_sensor_top/ads1292_controller/spi_master/async_rstn_synchronizer/o_RSTN_reg/RN\
		   khu_sensor_top/ads1292_filter/iir_hpf/async_rstn_synchronizer/o_RSTN_reg/RN\
		   khu_sensor_top/ads1292_filter/iir_lpf/async_rstn_synchronizer/o_RSTN_reg/RN\
		   khu_sensor_top/ads1292_filter/iir_notch/async_rstn_synchronizer/o_RSTN_reg/RN\
		   khu_sensor_top/mpr121_controller/i2c_master/async_rstn_synchronizer/o_RSTN_reg/RN }
TIMING EXCEPTION                       FALSE               FALSE
	-to      { khu_sensor_top/ads1292_controller/spi_master/async_rstn_synchronizer/r_ff_reg/RN\
		   khu_sensor_top/ads1292_filter/iir_hpf/async_rstn_synchronizer/r_ff_reg/RN\
		   khu_sensor_top/ads1292_filter/iir_lpf/async_rstn_synchronizer/r_ff_reg/RN\
		   khu_sensor_top/ads1292_filter/iir_notch/async_rstn_synchronizer/r_ff_reg/RN\
		   khu_sensor_top/mpr121_controller/i2c_master/async_rstn_synchronizer/r_ff_reg/RN }
TIMING EXCEPTION                       FALSE               FALSE
	-from    { khu_sensor_top/ads1292_filter/async_rst_synchronizer/r_ff_reg/CK\
		   khu_sensor_top/sensor_core/async_rst_synchronizer/r_ff_reg/CK\
		   khu_sensor_top/uart_controller/async_rst_synchronizer/r_ff_reg/CK }
TIMING EXCEPTION                       FALSE               FALSE
	-from    { khu_sensor_top/ads1292_filter/async_rst_synchronizer/o_RST_reg/CK\
		   khu_sensor_top/sensor_core/async_rst_synchronizer/o_RST_reg/CK\
		   khu_sensor_top/uart_controller/async_rst_synchronizer/o_RST_reg/CK }
TIMING EXCEPTION                       FALSE               FALSE
	-to      { khu_sensor_top/ads1292_filter/async_rst_synchronizer/o_RST_reg/SN\
		   khu_sensor_top/sensor_core/async_rst_synchronizer/o_RST_reg/SN\
		   khu_sensor_top/uart_controller/async_rst_synchronizer/o_RST_reg/SN }
TIMING EXCEPTION                       FALSE               FALSE
	-to      { khu_sensor_top/ads1292_filter/async_rst_synchronizer/r_ff_reg/SN\
		   khu_sensor_top/sensor_core/async_rst_synchronizer/r_ff_reg/SN\
		   khu_sensor_top/uart_controller/async_rst_synchronizer/r_ff_reg/SN }
TIMING EXCEPTION                       FALSE               FALSE
	-from    { khu_sensor_top/ads1292_filter/iir_hpf/async_rst_synchronizer/r_ff_reg/CK\
		   khu_sensor_top/ads1292_filter/iir_lpf/async_rst_synchronizer/r_ff_reg/CK\
		   khu_sensor_top/ads1292_filter/iir_notch/async_rst_synchronizer/r_ff_reg/CK\
		   khu_sensor_top/uart_controller/uart_rx/async_rst_synchronizer/r_ff_reg/CK\
		   khu_sensor_top/uart_controller/uart_tx/async_rst_synchronizer/r_ff_reg/CK }
TIMING EXCEPTION                       FALSE               FALSE
	-from    { khu_sensor_top/ads1292_filter/iir_hpf/async_rst_synchronizer/o_RST_reg/CK\
		   khu_sensor_top/ads1292_filter/iir_lpf/async_rst_synchronizer/o_RST_reg/CK\
		   khu_sensor_top/ads1292_filter/iir_notch/async_rst_synchronizer/o_RST_reg/CK\
		   khu_sensor_top/uart_controller/uart_rx/async_rst_synchronizer/o_RST_reg/CK\
		   khu_sensor_top/uart_controller/uart_tx/async_rst_synchronizer/o_RST_reg/CK }
TIMING EXCEPTION                       FALSE               FALSE
	-to      { khu_sensor_top/ads1292_filter/iir_hpf/async_rst_synchronizer/o_RST_reg/SN\
		   khu_sensor_top/ads1292_filter/iir_lpf/async_rst_synchronizer/o_RST_reg/SN\
		   khu_sensor_top/ads1292_filter/iir_notch/async_rst_synchronizer/o_RST_reg/SN\
		   khu_sensor_top/uart_controller/uart_rx/async_rst_synchronizer/o_RST_reg/SN\
		   khu_sensor_top/uart_controller/uart_tx/async_rst_synchronizer/o_RST_reg/SN }
TIMING EXCEPTION                       FALSE               FALSE
	-to      { khu_sensor_top/ads1292_filter/iir_hpf/async_rst_synchronizer/r_ff_reg/SN\
		   khu_sensor_top/ads1292_filter/iir_lpf/async_rst_synchronizer/r_ff_reg/SN\
		   khu_sensor_top/ads1292_filter/iir_notch/async_rst_synchronizer/r_ff_reg/SN\
		   khu_sensor_top/uart_controller/uart_rx/async_rst_synchronizer/r_ff_reg/SN\
		   khu_sensor_top/uart_controller/uart_tx/async_rst_synchronizer/r_ff_reg/SN }

1
