 
****************************************
Report : reference
Design : khu_sensor_pad
Version: L-2016.03-SP5-5
Date   : Thu Nov 19 06:00:03 2020
****************************************

Attributes:
    b - black box (unknown)
   bo - allows boundary optimization
    d - dont_touch
   mo - map_only
    h - hierarchical
    n - noncombinational
    r - removable
    s - synthetic operator
    u - contains unmapped logic

Reference          Library       Unit Area   Count    Total Area   Attributes
-----------------------------------------------------------------------------
async_rstn_glitch_synchronizer
                                 27.666651       1     27.666651  d, h, n
khu_sensor_top                90991.348728       1  90991.348728  h, n
phbct12            std150e_wst_105_p125
                                  0.000000       2      0.000000  d, n
phbct24            std150e_wst_105_p125
                                  0.000000       1      0.000000  d, n
phic               std150e_wst_105_p125
                                  0.000000       3      0.000000  d, r
phis               std150e_wst_105_p125
                                  0.000000       1      0.000000  d, r
phob12             std150e_wst_105_p125
                                  0.000000       6      0.000000  d
vdd12ih            std150e_wst_105_p125
                                  0.000000       8      0.000000  b, d
vdd12ih_core       std150e_wst_105_p125
                                  0.000000       5      0.000000  b, d
vdd33oph           std150e_wst_105_p125
                                  0.000000      10      0.000000  b, d
vssiph             std150e_wst_105_p125
                                  0.000000       8      0.000000  b, d
vssoh              std150e_wst_105_p125
                                  0.000000      12      0.000000  b, d
-----------------------------------------------------------------------------
Total 12 references                                 91019.015379
1
