 
****************************************
Report : cell
Design : khu_sensor_pad
Version: L-2016.03-SP5-5
Date   : Thu Nov 19 06:00:02 2020
****************************************

Attributes:
    b - black box (unknown)
    d - dont_touch
    h - hierarchical
    n - noncombinational
    r - removable
   so - sizing only
    u - contains unmapped logic

Cell                      Reference       Library             Area  Attributes
--------------------------------------------------------------------------------
async_rstn_glitch_synchronizer
                          async_rstn_glitch_synchronizer  27.666651 d, h, n
khu_sensor_top            khu_sensor_top                  90991.348728
                                                                    h, n
pad1                      vdd33oph        std150e_wst_105_p125
                                                          0.000000  b, d
pad2                      phbct24         std150e_wst_105_p125
                                                          0.000000  d, n, so
pad3                      vssoh           std150e_wst_105_p125
                                                          0.000000  b, d
pad4                      vdd12ih_core    std150e_wst_105_p125
                                                          0.000000  b, d
pad5                      vssoh           std150e_wst_105_p125
                                                          0.000000  b, d
pad6                      vssiph          std150e_wst_105_p125
                                                          0.000000  b, d
pad7                      vdd12ih         std150e_wst_105_p125
                                                          0.000000  b, d
pad8                      vdd33oph        std150e_wst_105_p125
                                                          0.000000  b, d
pad9                      vssoh           std150e_wst_105_p125
                                                          0.000000  b, d
pad10                     phob12          std150e_wst_105_p125
                                                          0.000000  d
pad11                     phob12          std150e_wst_105_p125
                                                          0.000000  d
pad12                     vssiph          std150e_wst_105_p125
                                                          0.000000  b, d
pad13                     vdd12ih         std150e_wst_105_p125
                                                          0.000000  b, d
pad14                     phob12          std150e_wst_105_p125
                                                          0.000000  d
pad15                     vdd33oph        std150e_wst_105_p125
                                                          0.000000  b, d
pad16                     phob12          std150e_wst_105_p125
                                                          0.000000  d
pad17                     vssoh           std150e_wst_105_p125
                                                          0.000000  b, d
pad18                     vssiph          std150e_wst_105_p125
                                                          0.000000  b, d
pad19                     vdd12ih         std150e_wst_105_p125
                                                          0.000000  b, d
pad20                     vdd33oph        std150e_wst_105_p125
                                                          0.000000  b, d
pad21                     phic            std150e_wst_105_p125
                                                          0.000000  d, r
pad22                     vssiph          std150e_wst_105_p125
                                                          0.000000  b, d
pad23                     vdd12ih         std150e_wst_105_p125
                                                          0.000000  b, d
pad24                     phob12          std150e_wst_105_p125
                                                          0.000000  d
pad25                     vdd12ih_core    std150e_wst_105_p125
                                                          0.000000  b, d
pad26                     vdd33oph        std150e_wst_105_p125
                                                          0.000000  b, d
pad27                     phic            std150e_wst_105_p125
                                                          0.000000  d, r
pad28                     vssoh           std150e_wst_105_p125
                                                          0.000000  b, d
pad29                     vssoh           std150e_wst_105_p125
                                                          0.000000  b, d
pad30                     vssiph          std150e_wst_105_p125
                                                          0.000000  b, d
pad31                     vdd12ih         std150e_wst_105_p125
                                                          0.000000  b, d
pad32                     vdd33oph        std150e_wst_105_p125
                                                          0.000000  b, d
pad33                     phob12          std150e_wst_105_p125
                                                          0.000000  d
pad34                     vssoh           std150e_wst_105_p125
                                                          0.000000  b, d
pad35                     vdd12ih_core    std150e_wst_105_p125
                                                          0.000000  b, d
pad36                     vdd33oph        std150e_wst_105_p125
                                                          0.000000  b, d
pad37                     phic            std150e_wst_105_p125
                                                          0.000000  d, r
pad38                     vdd33oph        std150e_wst_105_p125
                                                          0.000000  b, d
pad39                     vssoh           std150e_wst_105_p125
                                                          0.000000  b, d
pad40                     vssiph          std150e_wst_105_p125
                                                          0.000000  b, d
pad41                     vdd12ih         std150e_wst_105_p125
                                                          0.000000  b, d
pad42                     vssoh           std150e_wst_105_p125
                                                          0.000000  b, d
pad43                     phbct12         std150e_wst_105_p125
                                                          0.000000  d, n
pad44                     vdd12ih_core    std150e_wst_105_p125
                                                          0.000000  b, d
pad45                     vssoh           std150e_wst_105_p125
                                                          0.000000  b, d
pad46                     phbct12         std150e_wst_105_p125
                                                          0.000000  d, n
pad47                     vssoh           std150e_wst_105_p125
                                                          0.000000  b, d
pad48                     vssiph          std150e_wst_105_p125
                                                          0.000000  b, d
pad49                     vdd12ih         std150e_wst_105_p125
                                                          0.000000  b, d
pad50                     vdd33oph        std150e_wst_105_p125
                                                          0.000000  b, d
pad51                     phis            std150e_wst_105_p125
                                                          0.000000  d, r
pad52                     vdd33oph        std150e_wst_105_p125
                                                          0.000000  b, d
pad53                     vssiph          std150e_wst_105_p125
                                                          0.000000  b, d
pad54                     vdd12ih         std150e_wst_105_p125
                                                          0.000000  b, d
pad55                     vssoh           std150e_wst_105_p125
                                                          0.000000  b, d
pad56                     vdd12ih_core    std150e_wst_105_p125
                                                          0.000000  b, d
--------------------------------------------------------------------------------
Total 58 cells                                            91019.015379
1
