 
****************************************
Report : constraint
Design : khu_sensor_pad
Version: L-2016.03-SP5-5
Date   : Thu Nov 19 02:26:46 2020
****************************************


                                                   Weighted
    Group (max_delay/setup)      Cost     Weight     Cost
    -----------------------------------------------------
    FEEDTHROUGH                  0.00      1.00      0.00
    REGIN                        0.00      1.00      0.00
    REGOUT                       0.00      1.00      0.00
    clk                          0.00      1.00      0.00
    clk_half                     0.00      1.00      0.00
    default                      0.00      1.00      0.00
    -----------------------------------------------------
    max_delay/setup                                  0.00

                              Total Neg  Critical
    Group (critical_range)      Slack    Endpoints   Cost
    -----------------------------------------------------
    FEEDTHROUGH                  0.00         0      0.00
    REGIN                        0.00         0      0.00
    REGOUT                       0.00         0      0.00
    clk                          0.00         0      0.00
    clk_half                     0.00         0      0.00
    default                      0.00         0      0.00
    -----------------------------------------------------
    critical_range                                   0.00

                                                   Weighted
    Group (min_delay/hold)       Cost     Weight     Cost
    -----------------------------------------------------
    FEEDTHROUGH                  0.00      1.00      0.00
    REGIN                        0.00      1.00      0.00
    REGOUT                       0.00      1.00      0.00
    clk                          0.00      1.00      0.00
    clk_half                     0.00      1.00      0.00
    default                      0.00      1.00      0.00
    -----------------------------------------------------
    min_delay/hold                                   0.00
    Constraint                                     Slack
    ----------------------------------------------------
    max_leakage_power                              -0.15  (VIOLATED)


    Constraint                                       Cost
    -----------------------------------------------------
    multiport_net                                    0.00 (MET)
    min_capacitance                                  0.00 (MET)
    max_transition                                   1.37 (VIOLATED)
    max_capacitance                                  0.08 (VIOLATED)
    max_delay/setup                                  0.00 (MET)
    sequential_clock_pulse_width                     0.00 (MET)
    critical_range                                   0.00 (MET)
    min_delay/hold                                   0.00 (MET)
    max_leakage_power                                0.15 (VIOLATED)
    max_area                                     90630.59 (VIOLATED)


1
 
****************************************
Report : constraint
        -all_violators
        -verbose
Design : khu_sensor_pad
Version: L-2016.03-SP5-5
Date   : Thu Nov 19 02:26:46 2020
****************************************


    Net: khu_sensor_top/ads1292_filter/iir_notch/n1096

    max_transition         1.50
  - Transition Time        1.77
  ------------------------------
    Slack                 -0.27  (VIOLATED)

    List of pins on net "khu_sensor_top/ads1292_filter/iir_notch/n1096" with transition violations :
   -----------------------------------------------------------------
                             Required        Actual
                            Transition     Transition       Slack
   -----------------------------------------------------------------
       PIN :   khu_sensor_top/ads1292_filter/iir_notch/U347/A
                                1.50           1.77          -0.27  (VIOLATED)
       PIN :   khu_sensor_top/ads1292_filter/iir_notch/U330/A
                                1.50           1.77          -0.27  (VIOLATED)
       PIN :   khu_sensor_top/ads1292_filter/iir_notch/U329/A
                                1.50           1.77          -0.27  (VIOLATED)
       PIN :   khu_sensor_top/ads1292_filter/iir_notch/U325/A
                                1.50           1.77          -0.27  (VIOLATED)
       PIN :   khu_sensor_top/ads1292_filter/iir_notch/U324/A
                                1.50           1.77          -0.27  (VIOLATED)
       PIN :   khu_sensor_top/ads1292_filter/iir_notch/U303/A
                                1.50           1.77          -0.27  (VIOLATED)
       PIN :   khu_sensor_top/ads1292_filter/iir_notch/U302/A
                                1.50           1.77          -0.27  (VIOLATED)
       PIN :   khu_sensor_top/ads1292_filter/iir_notch/U301/A
                                1.50           1.77          -0.27  (VIOLATED)
       PIN :   khu_sensor_top/ads1292_filter/iir_notch/U299/A
                                1.50           1.77          -0.27  (VIOLATED)
       PIN :   khu_sensor_top/ads1292_filter/iir_notch/U289/A
                                1.50           1.77          -0.27  (VIOLATED)
       PIN :   khu_sensor_top/ads1292_filter/iir_notch/U266/A
                                1.50           1.77          -0.27  (VIOLATED)
       PIN :   khu_sensor_top/ads1292_filter/iir_notch/U251/A
                                1.50           1.77          -0.27  (VIOLATED)
       PIN :   khu_sensor_top/ads1292_filter/iir_notch/U344/A
                                1.50           1.77          -0.27  (VIOLATED)
       PIN :   khu_sensor_top/ads1292_filter/iir_notch/U343/A
                                1.50           1.77          -0.27  (VIOLATED)
       PIN :   khu_sensor_top/ads1292_filter/iir_notch/U342/A
                                1.50           1.77          -0.27  (VIOLATED)
       PIN :   khu_sensor_top/ads1292_filter/iir_notch/U338/A
                                1.50           1.77          -0.27  (VIOLATED)
       PIN :   khu_sensor_top/ads1292_filter/iir_notch/U310/A
                                1.50           1.77          -0.27  (VIOLATED)
       PIN :   khu_sensor_top/ads1292_filter/iir_notch/U309/A
                                1.50           1.77          -0.27  (VIOLATED)
       PIN :   khu_sensor_top/ads1292_filter/iir_notch/U308/A
                                1.50           1.77          -0.27  (VIOLATED)
       PIN :   khu_sensor_top/ads1292_filter/iir_notch/U307/A
                                1.50           1.77          -0.27  (VIOLATED)
       PIN :   khu_sensor_top/ads1292_filter/iir_notch/U306/A
                                1.50           1.77          -0.27  (VIOLATED)
       PIN :   khu_sensor_top/ads1292_filter/iir_notch/U305/A
                                1.50           1.77          -0.27  (VIOLATED)
       PIN :   khu_sensor_top/ads1292_filter/iir_notch/U304/A
                                1.50           1.77          -0.27  (VIOLATED)
       PIN :   khu_sensor_top/ads1292_filter/iir_notch/U288/A
                                1.50           1.77          -0.27  (VIOLATED)
       PIN :   khu_sensor_top/ads1292_filter/iir_notch/U332/A
                                1.50           1.77          -0.27  (VIOLATED)
       PIN :   khu_sensor_top/ads1292_filter/iir_notch/U331/A
                                1.50           1.77          -0.27  (VIOLATED)
       PIN :   khu_sensor_top/ads1292_filter/iir_notch/U328/A
                                1.50           1.77          -0.27  (VIOLATED)
       PIN :   khu_sensor_top/ads1292_filter/iir_notch/U327/A
                                1.50           1.77          -0.27  (VIOLATED)
       PIN :   khu_sensor_top/ads1292_filter/iir_notch/U326/A
                                1.50           1.77          -0.27  (VIOLATED)
       PIN :   khu_sensor_top/ads1292_filter/iir_notch/U323/A
                                1.50           1.77          -0.27  (VIOLATED)
       PIN :   khu_sensor_top/ads1292_filter/iir_notch/U322/A
                                1.50           1.77          -0.27  (VIOLATED)
       PIN :   khu_sensor_top/ads1292_filter/iir_notch/U300/A
                                1.50           1.77          -0.27  (VIOLATED)
       PIN :   khu_sensor_top/ads1292_filter/iir_notch/U253/A
                                1.50           1.77          -0.27  (VIOLATED)
       PIN :   khu_sensor_top/ads1292_filter/iir_notch/U250/A
                                1.50           1.77          -0.27  (VIOLATED)
       PIN :   khu_sensor_top/ads1292_filter/iir_notch/U249/A
                                1.50           1.77          -0.27  (VIOLATED)
       PIN :   khu_sensor_top/ads1292_filter/iir_notch/U248/A
                                1.50           1.77          -0.27  (VIOLATED)
       PIN :   khu_sensor_top/ads1292_filter/iir_notch/U247/A
                                1.50           1.77          -0.27  (VIOLATED)
       PIN :   khu_sensor_top/ads1292_filter/iir_notch/U246/A
                                1.50           1.77          -0.27  (VIOLATED)
       PIN :   khu_sensor_top/ads1292_filter/iir_notch/U245/A
                                1.50           1.77          -0.27  (VIOLATED)
       PIN :   khu_sensor_top/ads1292_filter/iir_notch/U244/A
                                1.50           1.77          -0.27  (VIOLATED)
       PIN :   khu_sensor_top/ads1292_filter/iir_notch/U243/A
                                1.50           1.77          -0.27  (VIOLATED)
       PIN :   khu_sensor_top/ads1292_filter/iir_notch/U241/A
                                1.50           1.77          -0.27  (VIOLATED)
       PIN :   khu_sensor_top/ads1292_filter/iir_notch/U240/A
                                1.50           1.77          -0.27  (VIOLATED)
       PIN :   khu_sensor_top/ads1292_filter/iir_notch/U227/A
                                1.50           1.77          -0.27  (VIOLATED)
       PIN :   khu_sensor_top/ads1292_filter/iir_notch/U337/A
                                1.50           1.77          -0.27  (VIOLATED)
       PIN :   khu_sensor_top/ads1292_filter/iir_notch/U1091/A
                                1.50           1.77          -0.27  (VIOLATED)
       PIN :   khu_sensor_top/ads1292_filter/iir_notch/U1115/Y
                                1.50           1.77          -0.27  (VIOLATED)

    Net: khu_sensor_top/sensor_core/n135

    max_transition         1.50
  - Transition Time        1.74
  ------------------------------
    Slack                 -0.24  (VIOLATED)

    List of pins on net "khu_sensor_top/sensor_core/n135" with transition violations :
   -----------------------------------------------------------------
                             Required        Actual
                            Transition     Transition       Slack
   -----------------------------------------------------------------
       PIN :   khu_sensor_top/sensor_core/U53/D
                                1.50           1.74          -0.24  (VIOLATED)
       PIN :   khu_sensor_top/sensor_core/U52/D
                                1.50           1.74          -0.24  (VIOLATED)
       PIN :   khu_sensor_top/sensor_core/U51/D
                                1.50           1.74          -0.24  (VIOLATED)
       PIN :   khu_sensor_top/sensor_core/U50/D
                                1.50           1.74          -0.24  (VIOLATED)
       PIN :   khu_sensor_top/sensor_core/U49/D
                                1.50           1.74          -0.24  (VIOLATED)
       PIN :   khu_sensor_top/sensor_core/U48/D
                                1.50           1.74          -0.24  (VIOLATED)
       PIN :   khu_sensor_top/sensor_core/U47/D
                                1.50           1.74          -0.24  (VIOLATED)
       PIN :   khu_sensor_top/sensor_core/U46/D
                                1.50           1.74          -0.24  (VIOLATED)
       PIN :   khu_sensor_top/sensor_core/U45/D
                                1.50           1.74          -0.24  (VIOLATED)
       PIN :   khu_sensor_top/sensor_core/U44/D
                                1.50           1.74          -0.24  (VIOLATED)
       PIN :   khu_sensor_top/sensor_core/U43/D
                                1.50           1.74          -0.24  (VIOLATED)
       PIN :   khu_sensor_top/sensor_core/U42/D
                                1.50           1.74          -0.24  (VIOLATED)
       PIN :   khu_sensor_top/sensor_core/U37/D
                                1.50           1.74          -0.24  (VIOLATED)
       PIN :   khu_sensor_top/sensor_core/U36/D
                                1.50           1.74          -0.24  (VIOLATED)
       PIN :   khu_sensor_top/sensor_core/U35/D
                                1.50           1.74          -0.24  (VIOLATED)
       PIN :   khu_sensor_top/sensor_core/U34/D
                                1.50           1.74          -0.24  (VIOLATED)
       PIN :   khu_sensor_top/sensor_core/U33/D
                                1.50           1.74          -0.24  (VIOLATED)
       PIN :   khu_sensor_top/sensor_core/U32/D
                                1.50           1.74          -0.24  (VIOLATED)
       PIN :   khu_sensor_top/sensor_core/U31/D
                                1.50           1.74          -0.24  (VIOLATED)
       PIN :   khu_sensor_top/sensor_core/U30/D
                                1.50           1.74          -0.24  (VIOLATED)
       PIN :   khu_sensor_top/sensor_core/U106/A
                                1.50           1.74          -0.24  (VIOLATED)
       PIN :   khu_sensor_top/sensor_core/U61/B
                                1.50           1.74          -0.24  (VIOLATED)
       PIN :   khu_sensor_top/sensor_core/U60/B
                                1.50           1.74          -0.24  (VIOLATED)
       PIN :   khu_sensor_top/sensor_core/U59/B
                                1.50           1.74          -0.24  (VIOLATED)
       PIN :   khu_sensor_top/sensor_core/U58/B
                                1.50           1.74          -0.24  (VIOLATED)
       PIN :   khu_sensor_top/sensor_core/U57/B
                                1.50           1.74          -0.24  (VIOLATED)
       PIN :   khu_sensor_top/sensor_core/U56/B
                                1.50           1.74          -0.24  (VIOLATED)
       PIN :   khu_sensor_top/sensor_core/U55/B
                                1.50           1.74          -0.24  (VIOLATED)
       PIN :   khu_sensor_top/sensor_core/U54/B
                                1.50           1.74          -0.24  (VIOLATED)
       PIN :   khu_sensor_top/sensor_core/U29/A
                                1.50           1.74          -0.24  (VIOLATED)
       PIN :   khu_sensor_top/sensor_core/U28/A
                                1.50           1.74          -0.24  (VIOLATED)
       PIN :   khu_sensor_top/sensor_core/U27/A
                                1.50           1.74          -0.24  (VIOLATED)
       PIN :   khu_sensor_top/sensor_core/U26/A
                                1.50           1.74          -0.24  (VIOLATED)
       PIN :   khu_sensor_top/sensor_core/U25/A
                                1.50           1.74          -0.24  (VIOLATED)
       PIN :   khu_sensor_top/sensor_core/U24/A
                                1.50           1.74          -0.24  (VIOLATED)
       PIN :   khu_sensor_top/sensor_core/U23/A
                                1.50           1.74          -0.24  (VIOLATED)
       PIN :   khu_sensor_top/sensor_core/U22/A
                                1.50           1.74          -0.24  (VIOLATED)
       PIN :   khu_sensor_top/sensor_core/U21/A
                                1.50           1.74          -0.24  (VIOLATED)
       PIN :   khu_sensor_top/sensor_core/U20/A
                                1.50           1.74          -0.24  (VIOLATED)
       PIN :   khu_sensor_top/sensor_core/U19/A
                                1.50           1.74          -0.24  (VIOLATED)
       PIN :   khu_sensor_top/sensor_core/U18/A
                                1.50           1.74          -0.24  (VIOLATED)
       PIN :   khu_sensor_top/sensor_core/U17/A
                                1.50           1.74          -0.24  (VIOLATED)
       PIN :   khu_sensor_top/sensor_core/U16/A
                                1.50           1.74          -0.24  (VIOLATED)
       PIN :   khu_sensor_top/sensor_core/U15/A
                                1.50           1.74          -0.24  (VIOLATED)
       PIN :   khu_sensor_top/sensor_core/U14/A
                                1.50           1.74          -0.24  (VIOLATED)
       PIN :   khu_sensor_top/sensor_core/U13/B
                                1.50           1.74          -0.24  (VIOLATED)
       PIN :   khu_sensor_top/sensor_core/U12/B
                                1.50           1.74          -0.24  (VIOLATED)
       PIN :   khu_sensor_top/sensor_core/U11/B
                                1.50           1.74          -0.24  (VIOLATED)
       PIN :   khu_sensor_top/sensor_core/U10/B
                                1.50           1.74          -0.24  (VIOLATED)
       PIN :   khu_sensor_top/sensor_core/U6/B
                                1.50           1.74          -0.24  (VIOLATED)
       PIN :   khu_sensor_top/sensor_core/U39/Y
                                1.50           1.74          -0.24  (VIOLATED)

    Net: khu_sensor_top/ads1292_filter/iir_notch/n1097

    max_transition         1.50
  - Transition Time        1.71
  ------------------------------
    Slack                 -0.21  (VIOLATED)

    List of pins on net "khu_sensor_top/ads1292_filter/iir_notch/n1097" with transition violations :
   -----------------------------------------------------------------
                             Required        Actual
                            Transition     Transition       Slack
   -----------------------------------------------------------------
       PIN :   khu_sensor_top/ads1292_filter/iir_notch/U351/A
                                1.50           1.71          -0.21  (VIOLATED)
       PIN :   khu_sensor_top/ads1292_filter/iir_notch/U320/A
                                1.50           1.71          -0.21  (VIOLATED)
       PIN :   khu_sensor_top/ads1292_filter/iir_notch/U319/A
                                1.50           1.71          -0.21  (VIOLATED)
       PIN :   khu_sensor_top/ads1292_filter/iir_notch/U283/A
                                1.50           1.71          -0.21  (VIOLATED)
       PIN :   khu_sensor_top/ads1292_filter/iir_notch/U275/A
                                1.50           1.71          -0.21  (VIOLATED)
       PIN :   khu_sensor_top/ads1292_filter/iir_notch/U274/A
                                1.50           1.71          -0.21  (VIOLATED)
       PIN :   khu_sensor_top/ads1292_filter/iir_notch/U273/A
                                1.50           1.71          -0.21  (VIOLATED)
       PIN :   khu_sensor_top/ads1292_filter/iir_notch/U272/A
                                1.50           1.71          -0.21  (VIOLATED)
       PIN :   khu_sensor_top/ads1292_filter/iir_notch/U270/A
                                1.50           1.71          -0.21  (VIOLATED)
       PIN :   khu_sensor_top/ads1292_filter/iir_notch/U269/A
                                1.50           1.71          -0.21  (VIOLATED)
       PIN :   khu_sensor_top/ads1292_filter/iir_notch/U268/A
                                1.50           1.71          -0.21  (VIOLATED)
       PIN :   khu_sensor_top/ads1292_filter/iir_notch/U267/A
                                1.50           1.71          -0.21  (VIOLATED)
       PIN :   khu_sensor_top/ads1292_filter/iir_notch/U265/A
                                1.50           1.71          -0.21  (VIOLATED)
       PIN :   khu_sensor_top/ads1292_filter/iir_notch/U264/A
                                1.50           1.71          -0.21  (VIOLATED)
       PIN :   khu_sensor_top/ads1292_filter/iir_notch/U263/A
                                1.50           1.71          -0.21  (VIOLATED)
       PIN :   khu_sensor_top/ads1292_filter/iir_notch/U260/A
                                1.50           1.71          -0.21  (VIOLATED)
       PIN :   khu_sensor_top/ads1292_filter/iir_notch/U257/A
                                1.50           1.71          -0.21  (VIOLATED)
       PIN :   khu_sensor_top/ads1292_filter/iir_notch/U255/A
                                1.50           1.71          -0.21  (VIOLATED)
       PIN :   khu_sensor_top/ads1292_filter/iir_notch/U211/A
                                1.50           1.71          -0.21  (VIOLATED)
       PIN :   khu_sensor_top/ads1292_filter/iir_notch/U352/A
                                1.50           1.71          -0.21  (VIOLATED)
       PIN :   khu_sensor_top/ads1292_filter/iir_notch/U321/A
                                1.50           1.71          -0.21  (VIOLATED)
       PIN :   khu_sensor_top/ads1292_filter/iir_notch/U318/A
                                1.50           1.71          -0.21  (VIOLATED)
       PIN :   khu_sensor_top/ads1292_filter/iir_notch/U271/A
                                1.50           1.71          -0.21  (VIOLATED)
       PIN :   khu_sensor_top/ads1292_filter/iir_notch/U261/A
                                1.50           1.71          -0.21  (VIOLATED)
       PIN :   khu_sensor_top/ads1292_filter/iir_notch/U258/A
                                1.50           1.71          -0.21  (VIOLATED)
       PIN :   khu_sensor_top/ads1292_filter/iir_notch/U256/A
                                1.50           1.71          -0.21  (VIOLATED)
       PIN :   khu_sensor_top/ads1292_filter/iir_notch/U254/A
                                1.50           1.71          -0.21  (VIOLATED)
       PIN :   khu_sensor_top/ads1292_filter/iir_notch/U252/A
                                1.50           1.71          -0.21  (VIOLATED)
       PIN :   khu_sensor_top/ads1292_filter/iir_notch/U226/A
                                1.50           1.71          -0.21  (VIOLATED)
       PIN :   khu_sensor_top/ads1292_filter/iir_notch/U225/A
                                1.50           1.71          -0.21  (VIOLATED)
       PIN :   khu_sensor_top/ads1292_filter/iir_notch/U224/A
                                1.50           1.71          -0.21  (VIOLATED)
       PIN :   khu_sensor_top/ads1292_filter/iir_notch/U223/A
                                1.50           1.71          -0.21  (VIOLATED)
       PIN :   khu_sensor_top/ads1292_filter/iir_notch/U222/A
                                1.50           1.71          -0.21  (VIOLATED)
       PIN :   khu_sensor_top/ads1292_filter/iir_notch/U221/A
                                1.50           1.71          -0.21  (VIOLATED)
       PIN :   khu_sensor_top/ads1292_filter/iir_notch/U220/A
                                1.50           1.71          -0.21  (VIOLATED)
       PIN :   khu_sensor_top/ads1292_filter/iir_notch/U219/A
                                1.50           1.71          -0.21  (VIOLATED)
       PIN :   khu_sensor_top/ads1292_filter/iir_notch/U216/A
                                1.50           1.71          -0.21  (VIOLATED)
       PIN :   khu_sensor_top/ads1292_filter/iir_notch/U215/A
                                1.50           1.71          -0.21  (VIOLATED)
       PIN :   khu_sensor_top/ads1292_filter/iir_notch/U214/A
                                1.50           1.71          -0.21  (VIOLATED)
       PIN :   khu_sensor_top/ads1292_filter/iir_notch/U213/A
                                1.50           1.71          -0.21  (VIOLATED)
       PIN :   khu_sensor_top/ads1292_filter/iir_notch/U212/A
                                1.50           1.71          -0.21  (VIOLATED)
       PIN :   khu_sensor_top/ads1292_filter/iir_notch/U210/A
                                1.50           1.71          -0.21  (VIOLATED)
       PIN :   khu_sensor_top/ads1292_filter/iir_notch/U209/A
                                1.50           1.71          -0.21  (VIOLATED)
       PIN :   khu_sensor_top/ads1292_filter/iir_notch/U208/A
                                1.50           1.71          -0.21  (VIOLATED)
       PIN :   khu_sensor_top/ads1292_filter/iir_notch/U207/A
                                1.50           1.71          -0.21  (VIOLATED)
       PIN :   khu_sensor_top/ads1292_filter/iir_notch/U206/A
                                1.50           1.71          -0.21  (VIOLATED)
       PIN :   khu_sensor_top/ads1292_filter/iir_notch/U203/A
                                1.50           1.71          -0.21  (VIOLATED)
       PIN :   khu_sensor_top/ads1292_filter/iir_notch/U354/A
                                1.50           1.71          -0.21  (VIOLATED)
       PIN :   khu_sensor_top/ads1292_filter/iir_notch/U341/A
                                1.50           1.71          -0.21  (VIOLATED)
       PIN :   khu_sensor_top/ads1292_filter/iir_notch/U340/A
                                1.50           1.71          -0.21  (VIOLATED)
       PIN :   khu_sensor_top/ads1292_filter/iir_notch/U334/A
                                1.50           1.71          -0.21  (VIOLATED)
       PIN :   khu_sensor_top/ads1292_filter/iir_notch/U317/A
                                1.50           1.71          -0.21  (VIOLATED)
       PIN :   khu_sensor_top/ads1292_filter/iir_notch/U316/A
                                1.50           1.71          -0.21  (VIOLATED)
       PIN :   khu_sensor_top/ads1292_filter/iir_notch/U315/A
                                1.50           1.71          -0.21  (VIOLATED)
       PIN :   khu_sensor_top/ads1292_filter/iir_notch/U314/A
                                1.50           1.71          -0.21  (VIOLATED)
       PIN :   khu_sensor_top/ads1292_filter/iir_notch/U313/A
                                1.50           1.71          -0.21  (VIOLATED)
       PIN :   khu_sensor_top/ads1292_filter/iir_notch/U276/A
                                1.50           1.71          -0.21  (VIOLATED)
       PIN :   khu_sensor_top/ads1292_filter/iir_notch/U262/A
                                1.50           1.71          -0.21  (VIOLATED)
       PIN :   khu_sensor_top/ads1292_filter/iir_notch/U259/A
                                1.50           1.71          -0.21  (VIOLATED)
       PIN :   khu_sensor_top/ads1292_filter/iir_notch/U333/A
                                1.50           1.71          -0.21  (VIOLATED)
       PIN :   khu_sensor_top/ads1292_filter/iir_notch/U205/A
                                1.50           1.71          -0.21  (VIOLATED)
       PIN :   khu_sensor_top/ads1292_filter/iir_notch/U204/A
                                1.50           1.71          -0.21  (VIOLATED)
       PIN :   khu_sensor_top/ads1292_filter/iir_notch/U195/A
                                1.50           1.71          -0.21  (VIOLATED)
       PIN :   khu_sensor_top/ads1292_filter/iir_notch/U196/A
                                1.50           1.71          -0.21  (VIOLATED)
       PIN :   khu_sensor_top/ads1292_filter/iir_notch/U197/A
                                1.50           1.71          -0.21  (VIOLATED)
       PIN :   khu_sensor_top/ads1292_filter/iir_notch/U198/A
                                1.50           1.71          -0.21  (VIOLATED)
       PIN :   khu_sensor_top/ads1292_filter/iir_notch/U200/A
                                1.50           1.71          -0.21  (VIOLATED)
       PIN :   khu_sensor_top/ads1292_filter/iir_notch/U201/A
                                1.50           1.71          -0.21  (VIOLATED)
       PIN :   khu_sensor_top/ads1292_filter/iir_notch/U202/A
                                1.50           1.71          -0.21  (VIOLATED)
       PIN :   khu_sensor_top/ads1292_filter/iir_notch/U335/A
                                1.50           1.71          -0.21  (VIOLATED)
       PIN :   khu_sensor_top/ads1292_filter/iir_notch/U199/A
                                1.50           1.71          -0.21  (VIOLATED)
       PIN :   khu_sensor_top/ads1292_filter/iir_notch/U47/A
                                1.50           1.71          -0.21  (VIOLATED)
       PIN :   khu_sensor_top/ads1292_filter/iir_notch/U46/A
                                1.50           1.71          -0.21  (VIOLATED)
       PIN :   khu_sensor_top/ads1292_filter/iir_notch/U43/A
                                1.50           1.71          -0.21  (VIOLATED)
       PIN :   khu_sensor_top/ads1292_filter/iir_notch/U41/A
                                1.50           1.71          -0.21  (VIOLATED)
       PIN :   khu_sensor_top/ads1292_filter/iir_notch/U91/A
                                1.50           1.71          -0.21  (VIOLATED)
       PIN :   khu_sensor_top/ads1292_filter/iir_notch/U89/A
                                1.50           1.71          -0.21  (VIOLATED)
       PIN :   khu_sensor_top/ads1292_filter/iir_notch/U88/A
                                1.50           1.71          -0.21  (VIOLATED)
       PIN :   khu_sensor_top/ads1292_filter/iir_notch/U85/A
                                1.50           1.71          -0.21  (VIOLATED)
       PIN :   khu_sensor_top/ads1292_filter/iir_notch/U83/A
                                1.50           1.71          -0.21  (VIOLATED)
       PIN :   khu_sensor_top/ads1292_filter/iir_notch/U82/A
                                1.50           1.71          -0.21  (VIOLATED)
       PIN :   khu_sensor_top/ads1292_filter/iir_notch/U79/A
                                1.50           1.71          -0.21  (VIOLATED)
       PIN :   khu_sensor_top/ads1292_filter/iir_notch/U77/A
                                1.50           1.71          -0.21  (VIOLATED)
       PIN :   khu_sensor_top/ads1292_filter/iir_notch/U76/A
                                1.50           1.71          -0.21  (VIOLATED)
       PIN :   khu_sensor_top/ads1292_filter/iir_notch/U13/A
                                1.50           1.71          -0.21  (VIOLATED)
       PIN :   khu_sensor_top/ads1292_filter/iir_notch/U11/A
                                1.50           1.71          -0.21  (VIOLATED)
       PIN :   khu_sensor_top/ads1292_filter/iir_notch/U10/A
                                1.50           1.71          -0.21  (VIOLATED)
       PIN :   khu_sensor_top/ads1292_filter/iir_notch/U7/A
                                1.50           1.71          -0.21  (VIOLATED)
       PIN :   khu_sensor_top/ads1292_filter/iir_notch/U5/A
                                1.50           1.71          -0.21  (VIOLATED)
       PIN :   khu_sensor_top/ads1292_filter/iir_notch/U73/A
                                1.50           1.71          -0.21  (VIOLATED)
       PIN :   khu_sensor_top/ads1292_filter/iir_notch/U71/A
                                1.50           1.71          -0.21  (VIOLATED)
       PIN :   khu_sensor_top/ads1292_filter/iir_notch/U70/A
                                1.50           1.71          -0.21  (VIOLATED)
       PIN :   khu_sensor_top/ads1292_filter/iir_notch/U1107/Y
                                1.50           1.71          -0.21  (VIOLATED)

    Net: khu_sensor_top/ads1292_filter/iir_notch/n1091

    max_transition         1.50
  - Transition Time        1.69
  ------------------------------
    Slack                 -0.19  (VIOLATED)

    List of pins on net "khu_sensor_top/ads1292_filter/iir_notch/n1091" with transition violations :
   -----------------------------------------------------------------
                             Required        Actual
                            Transition     Transition       Slack
   -----------------------------------------------------------------
       PIN :   khu_sensor_top/ads1292_filter/iir_notch/U291/D
                                1.50           1.69          -0.19  (VIOLATED)
       PIN :   khu_sensor_top/ads1292_filter/iir_notch/U218/D
                                1.50           1.69          -0.19  (VIOLATED)
       PIN :   khu_sensor_top/ads1292_filter/iir_notch/U217/D
                                1.50           1.69          -0.19  (VIOLATED)
       PIN :   khu_sensor_top/ads1292_filter/iir_notch/U331/D
                                1.50           1.69          -0.19  (VIOLATED)
       PIN :   khu_sensor_top/ads1292_filter/iir_notch/U326/D
                                1.50           1.69          -0.19  (VIOLATED)
       PIN :   khu_sensor_top/ads1292_filter/iir_notch/U253/D
                                1.50           1.69          -0.19  (VIOLATED)
       PIN :   khu_sensor_top/ads1292_filter/iir_notch/U321/D
                                1.50           1.69          -0.19  (VIOLATED)
       PIN :   khu_sensor_top/ads1292_filter/iir_notch/U258/D
                                1.50           1.69          -0.19  (VIOLATED)
       PIN :   khu_sensor_top/ads1292_filter/iir_notch/U220/D
                                1.50           1.69          -0.19  (VIOLATED)
       PIN :   khu_sensor_top/ads1292_filter/iir_notch/U219/D
                                1.50           1.69          -0.19  (VIOLATED)
       PIN :   khu_sensor_top/ads1292_filter/iir_notch/U216/D
                                1.50           1.69          -0.19  (VIOLATED)
       PIN :   khu_sensor_top/ads1292_filter/iir_notch/U215/D
                                1.50           1.69          -0.19  (VIOLATED)
       PIN :   khu_sensor_top/ads1292_filter/iir_notch/U214/D
                                1.50           1.69          -0.19  (VIOLATED)
       PIN :   khu_sensor_top/ads1292_filter/iir_notch/U213/D
                                1.50           1.69          -0.19  (VIOLATED)
       PIN :   khu_sensor_top/ads1292_filter/iir_notch/U212/D
                                1.50           1.69          -0.19  (VIOLATED)
       PIN :   khu_sensor_top/ads1292_filter/iir_notch/U210/D
                                1.50           1.69          -0.19  (VIOLATED)
       PIN :   khu_sensor_top/ads1292_filter/iir_notch/U209/D
                                1.50           1.69          -0.19  (VIOLATED)
       PIN :   khu_sensor_top/ads1292_filter/iir_notch/U208/D
                                1.50           1.69          -0.19  (VIOLATED)
       PIN :   khu_sensor_top/ads1292_filter/iir_notch/U207/D
                                1.50           1.69          -0.19  (VIOLATED)
       PIN :   khu_sensor_top/ads1292_filter/iir_notch/U206/D
                                1.50           1.69          -0.19  (VIOLATED)
       PIN :   khu_sensor_top/ads1292_filter/iir_notch/U203/D
                                1.50           1.69          -0.19  (VIOLATED)
       PIN :   khu_sensor_top/ads1292_filter/iir_notch/U282/D
                                1.50           1.69          -0.19  (VIOLATED)
       PIN :   khu_sensor_top/ads1292_filter/iir_notch/U296/D
                                1.50           1.69          -0.19  (VIOLATED)
       PIN :   khu_sensor_top/ads1292_filter/iir_notch/U348/D
                                1.50           1.69          -0.19  (VIOLATED)
       PIN :   khu_sensor_top/ads1292_filter/iir_notch/U163/D
                                1.50           1.69          -0.19  (VIOLATED)
       PIN :   khu_sensor_top/ads1292_filter/iir_notch/U179/D
                                1.50           1.69          -0.19  (VIOLATED)
       PIN :   khu_sensor_top/ads1292_filter/iir_notch/U190/D
                                1.50           1.69          -0.19  (VIOLATED)
       PIN :   khu_sensor_top/ads1292_filter/iir_notch/U157/D
                                1.50           1.69          -0.19  (VIOLATED)
       PIN :   khu_sensor_top/ads1292_filter/iir_notch/U125/D
                                1.50           1.69          -0.19  (VIOLATED)
       PIN :   khu_sensor_top/ads1292_filter/iir_notch/U127/D
                                1.50           1.69          -0.19  (VIOLATED)
       PIN :   khu_sensor_top/ads1292_filter/iir_notch/U130/D
                                1.50           1.69          -0.19  (VIOLATED)
       PIN :   khu_sensor_top/ads1292_filter/iir_notch/U139/D
                                1.50           1.69          -0.19  (VIOLATED)
       PIN :   khu_sensor_top/ads1292_filter/iir_notch/U76/D
                                1.50           1.69          -0.19  (VIOLATED)
       PIN :   khu_sensor_top/ads1292_filter/iir_notch/U83/D
                                1.50           1.69          -0.19  (VIOLATED)
       PIN :   khu_sensor_top/ads1292_filter/iir_notch/U95/D
                                1.50           1.69          -0.19  (VIOLATED)
       PIN :   khu_sensor_top/ads1292_filter/iir_notch/U7/D
                                1.50           1.69          -0.19  (VIOLATED)
       PIN :   khu_sensor_top/ads1292_filter/iir_notch/U61/D
                                1.50           1.69          -0.19  (VIOLATED)
       PIN :   khu_sensor_top/ads1292_filter/iir_notch/U67/D
                                1.50           1.69          -0.19  (VIOLATED)
       PIN :   khu_sensor_top/ads1292_filter/iir_notch/U47/D
                                1.50           1.69          -0.19  (VIOLATED)
       PIN :   khu_sensor_top/ads1292_filter/iir_notch/U1135/Y
                                1.50           1.69          -0.19  (VIOLATED)

    Net: khu_sensor_top/ads1292_filter/iir_notch/n1089

    max_transition         1.50
  - Transition Time        1.65
  ------------------------------
    Slack                 -0.15  (VIOLATED)

    List of pins on net "khu_sensor_top/ads1292_filter/iir_notch/n1089" with transition violations :
   -----------------------------------------------------------------
                             Required        Actual
                            Transition     Transition       Slack
   -----------------------------------------------------------------
       PIN :   khu_sensor_top/ads1292_filter/iir_notch/U328/D
                                1.50           1.65          -0.15  (VIOLATED)
       PIN :   khu_sensor_top/ads1292_filter/iir_notch/U323/D
                                1.50           1.65          -0.15  (VIOLATED)
       PIN :   khu_sensor_top/ads1292_filter/iir_notch/U250/D
                                1.50           1.65          -0.15  (VIOLATED)
       PIN :   khu_sensor_top/ads1292_filter/iir_notch/U249/D
                                1.50           1.65          -0.15  (VIOLATED)
       PIN :   khu_sensor_top/ads1292_filter/iir_notch/U248/D
                                1.50           1.65          -0.15  (VIOLATED)
       PIN :   khu_sensor_top/ads1292_filter/iir_notch/U247/D
                                1.50           1.65          -0.15  (VIOLATED)
       PIN :   khu_sensor_top/ads1292_filter/iir_notch/U246/D
                                1.50           1.65          -0.15  (VIOLATED)
       PIN :   khu_sensor_top/ads1292_filter/iir_notch/U245/D
                                1.50           1.65          -0.15  (VIOLATED)
       PIN :   khu_sensor_top/ads1292_filter/iir_notch/U244/D
                                1.50           1.65          -0.15  (VIOLATED)
       PIN :   khu_sensor_top/ads1292_filter/iir_notch/U243/D
                                1.50           1.65          -0.15  (VIOLATED)
       PIN :   khu_sensor_top/ads1292_filter/iir_notch/U241/D
                                1.50           1.65          -0.15  (VIOLATED)
       PIN :   khu_sensor_top/ads1292_filter/iir_notch/U240/D
                                1.50           1.65          -0.15  (VIOLATED)
       PIN :   khu_sensor_top/ads1292_filter/iir_notch/U318/D
                                1.50           1.65          -0.15  (VIOLATED)
       PIN :   khu_sensor_top/ads1292_filter/iir_notch/U254/D
                                1.50           1.65          -0.15  (VIOLATED)
       PIN :   khu_sensor_top/ads1292_filter/iir_notch/U252/D
                                1.50           1.65          -0.15  (VIOLATED)
       PIN :   khu_sensor_top/ads1292_filter/iir_notch/U298/D
                                1.50           1.65          -0.15  (VIOLATED)
       PIN :   khu_sensor_top/ads1292_filter/iir_notch/U350/D
                                1.50           1.65          -0.15  (VIOLATED)
       PIN :   khu_sensor_top/ads1292_filter/iir_notch/U295/D
                                1.50           1.65          -0.15  (VIOLATED)
       PIN :   khu_sensor_top/ads1292_filter/iir_notch/U349/D
                                1.50           1.65          -0.15  (VIOLATED)
       PIN :   khu_sensor_top/ads1292_filter/iir_notch/U148/D
                                1.50           1.65          -0.15  (VIOLATED)
       PIN :   khu_sensor_top/ads1292_filter/iir_notch/U172/D
                                1.50           1.65          -0.15  (VIOLATED)
       PIN :   khu_sensor_top/ads1292_filter/iir_notch/U181/D
                                1.50           1.65          -0.15  (VIOLATED)
       PIN :   khu_sensor_top/ads1292_filter/iir_notch/U191/D
                                1.50           1.65          -0.15  (VIOLATED)
       PIN :   khu_sensor_top/ads1292_filter/iir_notch/U149/D
                                1.50           1.65          -0.15  (VIOLATED)
       PIN :   khu_sensor_top/ads1292_filter/iir_notch/U161/D
                                1.50           1.65          -0.15  (VIOLATED)
       PIN :   khu_sensor_top/ads1292_filter/iir_notch/U131/D
                                1.50           1.65          -0.15  (VIOLATED)
       PIN :   khu_sensor_top/ads1292_filter/iir_notch/U142/D
                                1.50           1.65          -0.15  (VIOLATED)
       PIN :   khu_sensor_top/ads1292_filter/iir_notch/U82/D
                                1.50           1.65          -0.15  (VIOLATED)
       PIN :   khu_sensor_top/ads1292_filter/iir_notch/U88/D
                                1.50           1.65          -0.15  (VIOLATED)
       PIN :   khu_sensor_top/ads1292_filter/iir_notch/U59/D
                                1.50           1.65          -0.15  (VIOLATED)
       PIN :   khu_sensor_top/ads1292_filter/iir_notch/U64/D
                                1.50           1.65          -0.15  (VIOLATED)
       PIN :   khu_sensor_top/ads1292_filter/iir_notch/U70/D
                                1.50           1.65          -0.15  (VIOLATED)
       PIN :   khu_sensor_top/ads1292_filter/iir_notch/U31/D
                                1.50           1.65          -0.15  (VIOLATED)
       PIN :   khu_sensor_top/ads1292_filter/iir_notch/U73/D
                                1.50           1.65          -0.15  (VIOLATED)
       PIN :   khu_sensor_top/ads1292_filter/iir_notch/U236/D
                                1.50           1.65          -0.15  (VIOLATED)
       PIN :   khu_sensor_top/ads1292_filter/iir_notch/U237/D
                                1.50           1.65          -0.15  (VIOLATED)
       PIN :   khu_sensor_top/ads1292_filter/iir_notch/U238/D
                                1.50           1.65          -0.15  (VIOLATED)
       PIN :   khu_sensor_top/ads1292_filter/iir_notch/U239/D
                                1.50           1.65          -0.15  (VIOLATED)
       PIN :   khu_sensor_top/ads1292_filter/iir_notch/U242/D
                                1.50           1.65          -0.15  (VIOLATED)
       PIN :   khu_sensor_top/ads1292_filter/iir_notch/U1133/Y
                                1.50           1.65          -0.15  (VIOLATED)

    Net: khu_sensor_top/ads1292_filter/iir_notch/n1090

    max_transition         1.50
  - Transition Time        1.65
  ------------------------------
    Slack                 -0.15  (VIOLATED)

    List of pins on net "khu_sensor_top/ads1292_filter/iir_notch/n1090" with transition violations :
   -----------------------------------------------------------------
                             Required        Actual
                            Transition     Transition       Slack
   -----------------------------------------------------------------
       PIN :   khu_sensor_top/ads1292_filter/iir_notch/U293/D
                                1.50           1.65          -0.15  (VIOLATED)
       PIN :   khu_sensor_top/ads1292_filter/iir_notch/U332/D
                                1.50           1.65          -0.15  (VIOLATED)
       PIN :   khu_sensor_top/ads1292_filter/iir_notch/U327/D
                                1.50           1.65          -0.15  (VIOLATED)
       PIN :   khu_sensor_top/ads1292_filter/iir_notch/U322/D
                                1.50           1.65          -0.15  (VIOLATED)
       PIN :   khu_sensor_top/ads1292_filter/iir_notch/U300/D
                                1.50           1.65          -0.15  (VIOLATED)
       PIN :   khu_sensor_top/ads1292_filter/iir_notch/U227/D
                                1.50           1.65          -0.15  (VIOLATED)
       PIN :   khu_sensor_top/ads1292_filter/iir_notch/U352/D
                                1.50           1.65          -0.15  (VIOLATED)
       PIN :   khu_sensor_top/ads1292_filter/iir_notch/U271/D
                                1.50           1.65          -0.15  (VIOLATED)
       PIN :   khu_sensor_top/ads1292_filter/iir_notch/U261/D
                                1.50           1.65          -0.15  (VIOLATED)
       PIN :   khu_sensor_top/ads1292_filter/iir_notch/U256/D
                                1.50           1.65          -0.15  (VIOLATED)
       PIN :   khu_sensor_top/ads1292_filter/iir_notch/U226/D
                                1.50           1.65          -0.15  (VIOLATED)
       PIN :   khu_sensor_top/ads1292_filter/iir_notch/U225/D
                                1.50           1.65          -0.15  (VIOLATED)
       PIN :   khu_sensor_top/ads1292_filter/iir_notch/U224/D
                                1.50           1.65          -0.15  (VIOLATED)
       PIN :   khu_sensor_top/ads1292_filter/iir_notch/U223/D
                                1.50           1.65          -0.15  (VIOLATED)
       PIN :   khu_sensor_top/ads1292_filter/iir_notch/U222/D
                                1.50           1.65          -0.15  (VIOLATED)
       PIN :   khu_sensor_top/ads1292_filter/iir_notch/U221/D
                                1.50           1.65          -0.15  (VIOLATED)
       PIN :   khu_sensor_top/ads1292_filter/iir_notch/U160/D
                                1.50           1.65          -0.15  (VIOLATED)
       PIN :   khu_sensor_top/ads1292_filter/iir_notch/U178/D
                                1.50           1.65          -0.15  (VIOLATED)
       PIN :   khu_sensor_top/ads1292_filter/iir_notch/U187/D
                                1.50           1.65          -0.15  (VIOLATED)
       PIN :   khu_sensor_top/ads1292_filter/iir_notch/U154/D
                                1.50           1.65          -0.15  (VIOLATED)
       PIN :   khu_sensor_top/ads1292_filter/iir_notch/U166/D
                                1.50           1.65          -0.15  (VIOLATED)
       PIN :   khu_sensor_top/ads1292_filter/iir_notch/U169/D
                                1.50           1.65          -0.15  (VIOLATED)
       PIN :   khu_sensor_top/ads1292_filter/iir_notch/U124/D
                                1.50           1.65          -0.15  (VIOLATED)
       PIN :   khu_sensor_top/ads1292_filter/iir_notch/U137/D
                                1.50           1.65          -0.15  (VIOLATED)
       PIN :   khu_sensor_top/ads1292_filter/iir_notch/U77/D
                                1.50           1.65          -0.15  (VIOLATED)
       PIN :   khu_sensor_top/ads1292_filter/iir_notch/U79/D
                                1.50           1.65          -0.15  (VIOLATED)
       PIN :   khu_sensor_top/ads1292_filter/iir_notch/U109/D
                                1.50           1.65          -0.15  (VIOLATED)
       PIN :   khu_sensor_top/ads1292_filter/iir_notch/U91/D
                                1.50           1.65          -0.15  (VIOLATED)
       PIN :   khu_sensor_top/ads1292_filter/iir_notch/U53/D
                                1.50           1.65          -0.15  (VIOLATED)
       PIN :   khu_sensor_top/ads1292_filter/iir_notch/U65/D
                                1.50           1.65          -0.15  (VIOLATED)
       PIN :   khu_sensor_top/ads1292_filter/iir_notch/U71/D
                                1.50           1.65          -0.15  (VIOLATED)
       PIN :   khu_sensor_top/ads1292_filter/iir_notch/U228/D
                                1.50           1.65          -0.15  (VIOLATED)
       PIN :   khu_sensor_top/ads1292_filter/iir_notch/U229/D
                                1.50           1.65          -0.15  (VIOLATED)
       PIN :   khu_sensor_top/ads1292_filter/iir_notch/U230/D
                                1.50           1.65          -0.15  (VIOLATED)
       PIN :   khu_sensor_top/ads1292_filter/iir_notch/U231/D
                                1.50           1.65          -0.15  (VIOLATED)
       PIN :   khu_sensor_top/ads1292_filter/iir_notch/U232/D
                                1.50           1.65          -0.15  (VIOLATED)
       PIN :   khu_sensor_top/ads1292_filter/iir_notch/U233/D
                                1.50           1.65          -0.15  (VIOLATED)
       PIN :   khu_sensor_top/ads1292_filter/iir_notch/U234/D
                                1.50           1.65          -0.15  (VIOLATED)
       PIN :   khu_sensor_top/ads1292_filter/iir_notch/U235/D
                                1.50           1.65          -0.15  (VIOLATED)
       PIN :   khu_sensor_top/ads1292_filter/iir_notch/U1134/Y
                                1.50           1.65          -0.15  (VIOLATED)

    Net: khu_sensor_top/ads1292_filter/n7

    max_transition         1.50
  - Transition Time        1.64
  ------------------------------
    Slack                 -0.14  (VIOLATED)

    List of pins on net "khu_sensor_top/ads1292_filter/n7" with transition violations :
   -----------------------------------------------------------------
                             Required        Actual
                            Transition     Transition       Slack
   -----------------------------------------------------------------
       PIN :   khu_sensor_top/ads1292_filter/U36/A
                                1.50           1.64          -0.14  (VIOLATED)
       PIN :   khu_sensor_top/ads1292_filter/U35/A
                                1.50           1.64          -0.14  (VIOLATED)
       PIN :   khu_sensor_top/ads1292_filter/U34/A
                                1.50           1.64          -0.14  (VIOLATED)
       PIN :   khu_sensor_top/ads1292_filter/U33/A
                                1.50           1.64          -0.14  (VIOLATED)
       PIN :   khu_sensor_top/ads1292_filter/U32/A
                                1.50           1.64          -0.14  (VIOLATED)
       PIN :   khu_sensor_top/ads1292_filter/U31/A
                                1.50           1.64          -0.14  (VIOLATED)
       PIN :   khu_sensor_top/ads1292_filter/U30/A
                                1.50           1.64          -0.14  (VIOLATED)
       PIN :   khu_sensor_top/ads1292_filter/U29/A
                                1.50           1.64          -0.14  (VIOLATED)
       PIN :   khu_sensor_top/ads1292_filter/U28/A
                                1.50           1.64          -0.14  (VIOLATED)
       PIN :   khu_sensor_top/ads1292_filter/U27/A
                                1.50           1.64          -0.14  (VIOLATED)
       PIN :   khu_sensor_top/ads1292_filter/U26/A
                                1.50           1.64          -0.14  (VIOLATED)
       PIN :   khu_sensor_top/ads1292_filter/U25/A
                                1.50           1.64          -0.14  (VIOLATED)
       PIN :   khu_sensor_top/ads1292_filter/U24/A
                                1.50           1.64          -0.14  (VIOLATED)
       PIN :   khu_sensor_top/ads1292_filter/U23/A
                                1.50           1.64          -0.14  (VIOLATED)
       PIN :   khu_sensor_top/ads1292_filter/U22/A
                                1.50           1.64          -0.14  (VIOLATED)
       PIN :   khu_sensor_top/ads1292_filter/U21/A
                                1.50           1.64          -0.14  (VIOLATED)
       PIN :   khu_sensor_top/ads1292_filter/U20/A
                                1.50           1.64          -0.14  (VIOLATED)
       PIN :   khu_sensor_top/ads1292_filter/U19/A
                                1.50           1.64          -0.14  (VIOLATED)
       PIN :   khu_sensor_top/ads1292_filter/U18/A
                                1.50           1.64          -0.14  (VIOLATED)
       PIN :   khu_sensor_top/ads1292_filter/U17/A
                                1.50           1.64          -0.14  (VIOLATED)
       PIN :   khu_sensor_top/ads1292_filter/U16/A
                                1.50           1.64          -0.14  (VIOLATED)
       PIN :   khu_sensor_top/ads1292_filter/U15/A
                                1.50           1.64          -0.14  (VIOLATED)
       PIN :   khu_sensor_top/ads1292_filter/U14/A
                                1.50           1.64          -0.14  (VIOLATED)
       PIN :   khu_sensor_top/ads1292_filter/U13/A
                                1.50           1.64          -0.14  (VIOLATED)
       PIN :   khu_sensor_top/ads1292_filter/U152/D
                                1.50           1.64          -0.14  (VIOLATED)
       PIN :   khu_sensor_top/ads1292_filter/U37/A
                                1.50           1.64          -0.14  (VIOLATED)
       PIN :   khu_sensor_top/ads1292_filter/U153/Y
                                1.50           1.64          -0.14  (VIOLATED)

    Net: khu_sensor_top/ads1292_filter/iir_notch/mult_1/N7

    max_transition         1.50
  - Transition Time        1.51
  ------------------------------
    Slack                 -0.01  (VIOLATED)

    List of pins on net "khu_sensor_top/ads1292_filter/iir_notch/mult_1/N7" with transition violations :
   -----------------------------------------------------------------
                             Required        Actual
                            Transition     Transition       Slack
   -----------------------------------------------------------------
       PIN :   khu_sensor_top/ads1292_filter/iir_notch/mult_1/U4/C
                                1.50           1.51          -0.01  (VIOLATED)
       PIN :   khu_sensor_top/ads1292_filter/iir_notch/mult_1/U5/C
                                1.50           1.51          -0.01  (VIOLATED)
       PIN :   khu_sensor_top/ads1292_filter/iir_notch/mult_1/U15/C
                                1.50           1.51          -0.01  (VIOLATED)
       PIN :   khu_sensor_top/ads1292_filter/iir_notch/mult_1/U16/C
                                1.50           1.51          -0.01  (VIOLATED)
       PIN :   khu_sensor_top/ads1292_filter/iir_notch/mult_1/U17/C
                                1.50           1.51          -0.01  (VIOLATED)
       PIN :   khu_sensor_top/ads1292_filter/iir_notch/mult_1/U18/C
                                1.50           1.51          -0.01  (VIOLATED)
       PIN :   khu_sensor_top/ads1292_filter/iir_notch/mult_1/U19/C
                                1.50           1.51          -0.01  (VIOLATED)
       PIN :   khu_sensor_top/ads1292_filter/iir_notch/mult_1/U20/C
                                1.50           1.51          -0.01  (VIOLATED)
       PIN :   khu_sensor_top/ads1292_filter/iir_notch/mult_1/U21/C
                                1.50           1.51          -0.01  (VIOLATED)
       PIN :   khu_sensor_top/ads1292_filter/iir_notch/mult_1/U22/C
                                1.50           1.51          -0.01  (VIOLATED)
       PIN :   khu_sensor_top/ads1292_filter/iir_notch/mult_1/U23/C
                                1.50           1.51          -0.01  (VIOLATED)
       PIN :   khu_sensor_top/ads1292_filter/iir_notch/mult_1/U24/C
                                1.50           1.51          -0.01  (VIOLATED)
       PIN :   khu_sensor_top/ads1292_filter/iir_notch/mult_1/U25/C
                                1.50           1.51          -0.01  (VIOLATED)
       PIN :   khu_sensor_top/ads1292_filter/iir_notch/mult_1/U26/C
                                1.50           1.51          -0.01  (VIOLATED)
       PIN :   khu_sensor_top/ads1292_filter/iir_notch/mult_1/U27/C
                                1.50           1.51          -0.01  (VIOLATED)
       PIN :   khu_sensor_top/ads1292_filter/iir_notch/mult_1/U28/C
                                1.50           1.51          -0.01  (VIOLATED)
       PIN :   khu_sensor_top/ads1292_filter/iir_notch/mult_1/U29/C
                                1.50           1.51          -0.01  (VIOLATED)
       PIN :   khu_sensor_top/ads1292_filter/iir_notch/mult_1/U30/C
                                1.50           1.51          -0.01  (VIOLATED)
       PIN :   khu_sensor_top/ads1292_filter/iir_notch/mult_1/a_s_reg/E
                                1.50           1.51          -0.01  (VIOLATED)
       PIN :   khu_sensor_top/ads1292_filter/iir_notch/mult_1/b_s_reg/E
                                1.50           1.51          -0.01  (VIOLATED)
       PIN :   khu_sensor_top/ads1292_filter/iir_notch/mult_1/U220/A
                                1.50           1.51          -0.01  (VIOLATED)
       PIN :   khu_sensor_top/ads1292_filter/iir_notch/mult_1/U222/C
                                1.50           1.51          -0.01  (VIOLATED)
       PIN :   khu_sensor_top/ads1292_filter/iir_notch/mult_1/U224/C
                                1.50           1.51          -0.01  (VIOLATED)
       PIN :   khu_sensor_top/ads1292_filter/iir_notch/mult_1/U226/C
                                1.50           1.51          -0.01  (VIOLATED)
       PIN :   khu_sensor_top/ads1292_filter/iir_notch/mult_1/U228/C
                                1.50           1.51          -0.01  (VIOLATED)
       PIN :   khu_sensor_top/ads1292_filter/iir_notch/mult_1/U230/C
                                1.50           1.51          -0.01  (VIOLATED)
       PIN :   khu_sensor_top/ads1292_filter/iir_notch/mult_1/U232/C
                                1.50           1.51          -0.01  (VIOLATED)
       PIN :   khu_sensor_top/ads1292_filter/iir_notch/mult_1/U234/C
                                1.50           1.51          -0.01  (VIOLATED)
       PIN :   khu_sensor_top/ads1292_filter/iir_notch/mult_1/U236/C
                                1.50           1.51          -0.01  (VIOLATED)
       PIN :   khu_sensor_top/ads1292_filter/iir_notch/mult_1/U238/C
                                1.50           1.51          -0.01  (VIOLATED)
       PIN :   khu_sensor_top/ads1292_filter/iir_notch/mult_1/U240/C
                                1.50           1.51          -0.01  (VIOLATED)
       PIN :   khu_sensor_top/ads1292_filter/iir_notch/mult_1/U242/C
                                1.50           1.51          -0.01  (VIOLATED)
       PIN :   khu_sensor_top/ads1292_filter/iir_notch/mult_1/U244/C
                                1.50           1.51          -0.01  (VIOLATED)
       PIN :   khu_sensor_top/ads1292_filter/iir_notch/mult_1/U246/C
                                1.50           1.51          -0.01  (VIOLATED)
       PIN :   khu_sensor_top/ads1292_filter/iir_notch/mult_1/U248/C
                                1.50           1.51          -0.01  (VIOLATED)
       PIN :   khu_sensor_top/ads1292_filter/iir_notch/mult_1/U250/C
                                1.50           1.51          -0.01  (VIOLATED)
       PIN :   khu_sensor_top/ads1292_filter/iir_notch/mult_1/U252/C
                                1.50           1.51          -0.01  (VIOLATED)
       PIN :   khu_sensor_top/ads1292_filter/iir_notch/mult_1/U254/C
                                1.50           1.51          -0.01  (VIOLATED)
       PIN :   khu_sensor_top/ads1292_filter/iir_notch/mult_1/U256/C
                                1.50           1.51          -0.01  (VIOLATED)
       PIN :   khu_sensor_top/ads1292_filter/iir_notch/mult_1/U258/C
                                1.50           1.51          -0.01  (VIOLATED)
       PIN :   khu_sensor_top/ads1292_filter/iir_notch/mult_1/U260/C
                                1.50           1.51          -0.01  (VIOLATED)
       PIN :   khu_sensor_top/ads1292_filter/iir_notch/mult_1/U262/C
                                1.50           1.51          -0.01  (VIOLATED)
       PIN :   khu_sensor_top/ads1292_filter/iir_notch/mult_1/U285/A
                                1.50           1.51          -0.01  (VIOLATED)
       PIN :   khu_sensor_top/ads1292_filter/iir_notch/mult_1/U287/C
                                1.50           1.51          -0.01  (VIOLATED)
       PIN :   khu_sensor_top/ads1292_filter/iir_notch/mult_1/U289/C
                                1.50           1.51          -0.01  (VIOLATED)
       PIN :   khu_sensor_top/ads1292_filter/iir_notch/mult_1/U291/C
                                1.50           1.51          -0.01  (VIOLATED)
       PIN :   khu_sensor_top/ads1292_filter/iir_notch/mult_1/U293/C
                                1.50           1.51          -0.01  (VIOLATED)
       PIN :   khu_sensor_top/ads1292_filter/iir_notch/mult_1/U295/C
                                1.50           1.51          -0.01  (VIOLATED)
       PIN :   khu_sensor_top/ads1292_filter/iir_notch/mult_1/U297/C
                                1.50           1.51          -0.01  (VIOLATED)
       PIN :   khu_sensor_top/ads1292_filter/iir_notch/mult_1/U299/C
                                1.50           1.51          -0.01  (VIOLATED)
       PIN :   khu_sensor_top/ads1292_filter/iir_notch/mult_1/U301/C
                                1.50           1.51          -0.01  (VIOLATED)
       PIN :   khu_sensor_top/ads1292_filter/iir_notch/mult_1/U303/C
                                1.50           1.51          -0.01  (VIOLATED)
       PIN :   khu_sensor_top/ads1292_filter/iir_notch/mult_1/U305/C
                                1.50           1.51          -0.01  (VIOLATED)
       PIN :   khu_sensor_top/ads1292_filter/iir_notch/mult_1/U307/C
                                1.50           1.51          -0.01  (VIOLATED)
       PIN :   khu_sensor_top/ads1292_filter/iir_notch/mult_1/U309/C
                                1.50           1.51          -0.01  (VIOLATED)
       PIN :   khu_sensor_top/ads1292_filter/iir_notch/mult_1/U311/C
                                1.50           1.51          -0.01  (VIOLATED)
       PIN :   khu_sensor_top/ads1292_filter/iir_notch/mult_1/U313/C
                                1.50           1.51          -0.01  (VIOLATED)
       PIN :   khu_sensor_top/ads1292_filter/iir_notch/mult_1/U315/C
                                1.50           1.51          -0.01  (VIOLATED)
       PIN :   khu_sensor_top/ads1292_filter/iir_notch/mult_1/U317/C
                                1.50           1.51          -0.01  (VIOLATED)
       PIN :   khu_sensor_top/ads1292_filter/iir_notch/mult_1/U319/C
                                1.50           1.51          -0.01  (VIOLATED)
       PIN :   khu_sensor_top/ads1292_filter/iir_notch/mult_1/U321/C
                                1.50           1.51          -0.01  (VIOLATED)
       PIN :   khu_sensor_top/ads1292_filter/iir_notch/mult_1/U323/C
                                1.50           1.51          -0.01  (VIOLATED)
       PIN :   khu_sensor_top/ads1292_filter/iir_notch/mult_1/U325/C
                                1.50           1.51          -0.01  (VIOLATED)
       PIN :   khu_sensor_top/ads1292_filter/iir_notch/mult_1/U327/C
                                1.50           1.51          -0.01  (VIOLATED)
       PIN :   khu_sensor_top/ads1292_filter/iir_notch/mult_1/U31/Y
                                1.50           1.51          -0.01  (VIOLATED)

    Net: khu_sensor_top/ads1292_filter/iir_notch/n1097

    max_capacitance        0.17
  - Capacitance            0.20
  ------------------------------
    Slack                 -0.02  (VIOLATED)


    Net: khu_sensor_top/ads1292_filter/iir_notch/n1096

    max_capacitance        0.08
  - Capacitance            0.10
  ------------------------------
    Slack                 -0.01  (VIOLATED)


    Net: khu_sensor_top/sensor_core/n135

    max_capacitance        0.08
  - Capacitance            0.10
  ------------------------------
    Slack                 -0.01  (VIOLATED)


    Net: khu_sensor_top/ads1292_filter/iir_notch/n1091

    max_capacitance        0.08
  - Capacitance            0.09
  ------------------------------
    Slack                 -0.01  (VIOLATED)


    Net: khu_sensor_top/ads1292_filter/iir_notch/n1089

    max_capacitance        0.08
  - Capacitance            0.09
  ------------------------------
    Slack                 -0.01  (VIOLATED)


    Net: khu_sensor_top/ads1292_filter/iir_notch/n1090

    max_capacitance        0.08
  - Capacitance            0.09
  ------------------------------
    Slack                 -0.01  (VIOLATED)


    Net: khu_sensor_top/sensor_core/n11

    max_capacitance        0.08
  - Capacitance            0.09
  ------------------------------
    Slack                  0.00  (VIOLATED: increase significant digits)


    Design: khu_sensor_pad

    max_area               0.00
  - Current Area       90630.59
  ------------------------------
    Slack              -90630.59  (VIOLATED)


    Design: khu_sensor_pad

    max_leakage_power          0.00
  - Current Leakage Power      0.15
  ----------------------------------
    Slack                     -0.15  (VIOLATED)


1
