 
****************************************
check_design summary:
Version:     F-2011.09-SP5-3
Date:        Thu Sep  3 02:17:45 2020
****************************************

                   Name                                            Total
--------------------------------------------------------------------------------
Inputs/Outputs                                                    168
    Multiply driven inputs (LINT-6)                                 1
    Unconnected ports (LINT-28)                                   167

Cells                                                             329
    Cells do not drive (LINT-1)                                   196
    Connected to power or ground (LINT-32)                        124
    Nets connected to multiple pins on same cell (LINT-33)          9
--------------------------------------------------------------------------------

Warning: In design 'khu_sensor_pad', cell 'pad1' does not drive any nets. (LINT-1)
Warning: In design 'khu_sensor_pad', cell 'pad2' does not drive any nets. (LINT-1)
Warning: In design 'khu_sensor_pad', cell 'pad3' does not drive any nets. (LINT-1)
Warning: In design 'khu_sensor_pad', cell 'pad4' does not drive any nets. (LINT-1)
Warning: In design 'khu_sensor_pad', cell 'pad5' does not drive any nets. (LINT-1)
Warning: In design 'khu_sensor_pad', cell 'pad6' does not drive any nets. (LINT-1)
Warning: In design 'khu_sensor_pad', cell 'pad7' does not drive any nets. (LINT-1)
Warning: In design 'khu_sensor_pad', cell 'pad8' does not drive any nets. (LINT-1)
Warning: In design 'khu_sensor_pad', cell 'pad9' does not drive any nets. (LINT-1)
Warning: In design 'khu_sensor_pad', cell 'pad10' does not drive any nets. (LINT-1)
Warning: In design 'khu_sensor_pad', cell 'pad11' does not drive any nets. (LINT-1)
Warning: In design 'khu_sensor_pad', cell 'pad12' does not drive any nets. (LINT-1)
Warning: In design 'khu_sensor_pad', cell 'pad13' does not drive any nets. (LINT-1)
Warning: In design 'khu_sensor_pad', cell 'pad14' does not drive any nets. (LINT-1)
Warning: In design 'khu_sensor_pad', cell 'pad15' does not drive any nets. (LINT-1)
Warning: In design 'khu_sensor_pad', cell 'pad16' does not drive any nets. (LINT-1)
Warning: In design 'khu_sensor_pad', cell 'pad18' does not drive any nets. (LINT-1)
Warning: In design 'khu_sensor_pad', cell 'pad19' does not drive any nets. (LINT-1)
Warning: In design 'khu_sensor_pad', cell 'pad20' does not drive any nets. (LINT-1)
Warning: In design 'khu_sensor_pad', cell 'pad21' does not drive any nets. (LINT-1)
Warning: In design 'khu_sensor_pad', cell 'pad22' does not drive any nets. (LINT-1)
Warning: In design 'khu_sensor_pad', cell 'pad23' does not drive any nets. (LINT-1)
Warning: In design 'khu_sensor_pad', cell 'pad24' does not drive any nets. (LINT-1)
Warning: In design 'khu_sensor_pad', cell 'pad25' does not drive any nets. (LINT-1)
Warning: In design 'khu_sensor_pad', cell 'pad26' does not drive any nets. (LINT-1)
Warning: In design 'khu_sensor_pad', cell 'pad27' does not drive any nets. (LINT-1)
Warning: In design 'khu_sensor_pad', cell 'pad28' does not drive any nets. (LINT-1)
Warning: In design 'khu_sensor_pad', cell 'pad30' does not drive any nets. (LINT-1)
Warning: In design 'khu_sensor_pad', cell 'pad31' does not drive any nets. (LINT-1)
Warning: In design 'khu_sensor_pad', cell 'pad32' does not drive any nets. (LINT-1)
Warning: In design 'khu_sensor_pad', cell 'pad33' does not drive any nets. (LINT-1)
Warning: In design 'khu_sensor_pad', cell 'pad34' does not drive any nets. (LINT-1)
Warning: In design 'khu_sensor_pad', cell 'pad35' does not drive any nets. (LINT-1)
Warning: In design 'khu_sensor_pad', cell 'pad36' does not drive any nets. (LINT-1)
Warning: In design 'khu_sensor_pad', cell 'pad37' does not drive any nets. (LINT-1)
Warning: In design 'khu_sensor_pad', cell 'pad38' does not drive any nets. (LINT-1)
Warning: In design 'khu_sensor_pad', cell 'pad39' does not drive any nets. (LINT-1)
Warning: In design 'khu_sensor_pad', cell 'pad40' does not drive any nets. (LINT-1)
Warning: In design 'khu_sensor_pad', cell 'pad41' does not drive any nets. (LINT-1)
Warning: In design 'khu_sensor_pad', cell 'pad42' does not drive any nets. (LINT-1)
Warning: In design 'khu_sensor_pad', cell 'pad43' does not drive any nets. (LINT-1)
Warning: In design 'khu_sensor_pad', cell 'pad44' does not drive any nets. (LINT-1)
Warning: In design 'khu_sensor_pad', cell 'pad45' does not drive any nets. (LINT-1)
Warning: In design 'khu_sensor_pad', cell 'pad46' does not drive any nets. (LINT-1)
Warning: In design 'khu_sensor_pad', cell 'pad47' does not drive any nets. (LINT-1)
Warning: In design 'khu_sensor_pad', cell 'pad48' does not drive any nets. (LINT-1)
Warning: In design 'khu_sensor_pad', cell 'pad49' does not drive any nets. (LINT-1)
Warning: In design 'khu_sensor_pad', cell 'pad50' does not drive any nets. (LINT-1)
Warning: In design 'khu_sensor_pad', cell 'pad51' does not drive any nets. (LINT-1)
Warning: In design 'khu_sensor_pad', cell 'pad52' does not drive any nets. (LINT-1)
Warning: In design 'khu_sensor_pad', cell 'pad53' does not drive any nets. (LINT-1)
Warning: In design 'khu_sensor_pad', cell 'pad54' does not drive any nets. (LINT-1)
Warning: In design 'khu_sensor_pad', cell 'pad55' does not drive any nets. (LINT-1)
Warning: In design 'khu_sensor_pad', cell 'pad56' does not drive any nets. (LINT-1)
Warning: In design 'khu_sensor_pad', cell 'pad57' does not drive any nets. (LINT-1)
Warning: In design 'khu_sensor_pad', cell 'pad58' does not drive any nets. (LINT-1)
Warning: In design 'khu_sensor_pad', cell 'pad59' does not drive any nets. (LINT-1)
Warning: In design 'khu_sensor_pad', cell 'pad60' does not drive any nets. (LINT-1)
Warning: In design 'khu_sensor_pad', cell 'pad61' does not drive any nets. (LINT-1)
Warning: In design 'khu_sensor_pad', cell 'pad62' does not drive any nets. (LINT-1)
Warning: In design 'khu_sensor_pad', cell 'pad63' does not drive any nets. (LINT-1)
Warning: In design 'khu_sensor_pad', cell 'pad64' does not drive any nets. (LINT-1)
Warning: In design 'khu_sensor_pad', cell 'pad65' does not drive any nets. (LINT-1)
Warning: In design 'khu_sensor_pad', cell 'pad66' does not drive any nets. (LINT-1)
Warning: In design 'khu_sensor_pad', cell 'pad68' does not drive any nets. (LINT-1)
Warning: In design 'khu_sensor_pad', cell 'pad69' does not drive any nets. (LINT-1)
Warning: In design 'khu_sensor_pad', cell 'pad71' does not drive any nets. (LINT-1)
Warning: In design 'khu_sensor_pad', cell 'pad72' does not drive any nets. (LINT-1)
Warning: In design 'khu_sensor_pad', cell 'pad73' does not drive any nets. (LINT-1)
Warning: In design 'khu_sensor_pad', cell 'pad74' does not drive any nets. (LINT-1)
Warning: In design 'khu_sensor_pad', cell 'pad75' does not drive any nets. (LINT-1)
Warning: In design 'khu_sensor_pad', cell 'pad76' does not drive any nets. (LINT-1)
Warning: In design 'khu_sensor_pad', cell 'pad77' does not drive any nets. (LINT-1)
Warning: In design 'khu_sensor_pad', cell 'pad78' does not drive any nets. (LINT-1)
Warning: In design 'khu_sensor_pad', cell 'pad79' does not drive any nets. (LINT-1)
Warning: In design 'khu_sensor_pad', cell 'pad80' does not drive any nets. (LINT-1)
Warning: In design 'khu_sensor_pad', cell 'pad81' does not drive any nets. (LINT-1)
Warning: In design 'khu_sensor_pad', cell 'pad83' does not drive any nets. (LINT-1)
Warning: In design 'khu_sensor_pad', cell 'pad84' does not drive any nets. (LINT-1)
Warning: In design 'khu_sensor_pad', cell 'pad85' does not drive any nets. (LINT-1)
Warning: In design 'khu_sensor_pad', cell 'pad86' does not drive any nets. (LINT-1)
Warning: In design 'khu_sensor_pad', cell 'pad87' does not drive any nets. (LINT-1)
Warning: In design 'khu_sensor_pad', cell 'pad88' does not drive any nets. (LINT-1)
Warning: In design 'khu_sensor_pad', cell 'pad89' does not drive any nets. (LINT-1)
Warning: In design 'khu_sensor_pad', cell 'pad90' does not drive any nets. (LINT-1)
Warning: In design 'khu_sensor_pad', cell 'pad91' does not drive any nets. (LINT-1)
Warning: In design 'khu_sensor_pad', cell 'pad92' does not drive any nets. (LINT-1)
Warning: In design 'khu_sensor_pad', cell 'pad93' does not drive any nets. (LINT-1)
Warning: In design 'khu_sensor_pad', cell 'pad94' does not drive any nets. (LINT-1)
Warning: In design 'khu_sensor_pad', cell 'pad95' does not drive any nets. (LINT-1)
Warning: In design 'khu_sensor_pad', cell 'pad96' does not drive any nets. (LINT-1)
Warning: In design 'khu_sensor_pad', cell 'pad97' does not drive any nets. (LINT-1)
Warning: In design 'khu_sensor_pad', cell 'pad98' does not drive any nets. (LINT-1)
Warning: In design 'khu_sensor_pad', cell 'pad99' does not drive any nets. (LINT-1)
Warning: In design 'khu_sensor_pad', cell 'pad100' does not drive any nets. (LINT-1)
Warning: In design 'khu_sensor_pad', cell 'pad101' does not drive any nets. (LINT-1)
Warning: In design 'khu_sensor_pad', cell 'pad102' does not drive any nets. (LINT-1)
Warning: In design 'khu_sensor_pad', cell 'pad103' does not drive any nets. (LINT-1)
Warning: In design 'khu_sensor_pad', cell 'pad104' does not drive any nets. (LINT-1)
Warning: In design 'khu_sensor_pad', cell 'pad105' does not drive any nets. (LINT-1)
Warning: In design 'khu_sensor_pad', cell 'pad106' does not drive any nets. (LINT-1)
Warning: In design 'khu_sensor_pad', cell 'pad107' does not drive any nets. (LINT-1)
Warning: In design 'khu_sensor_pad', cell 'pad108' does not drive any nets. (LINT-1)
Warning: In design 'khu_sensor_pad', cell 'pad109' does not drive any nets. (LINT-1)
Warning: In design 'khu_sensor_pad', cell 'pad110' does not drive any nets. (LINT-1)
Warning: In design 'khu_sensor_pad', cell 'pad111' does not drive any nets. (LINT-1)
Warning: In design 'khu_sensor_pad', cell 'pad112' does not drive any nets. (LINT-1)
Warning: In design 'khu_sensor_pad', cell 'pad113' does not drive any nets. (LINT-1)
Warning: In design 'khu_sensor_pad', cell 'pad114' does not drive any nets. (LINT-1)
Warning: In design 'khu_sensor_pad', cell 'pad115' does not drive any nets. (LINT-1)
Warning: In design 'khu_sensor_pad', cell 'pad116' does not drive any nets. (LINT-1)
Warning: In design 'khu_sensor_pad', cell 'pad117' does not drive any nets. (LINT-1)
Warning: In design 'khu_sensor_pad', cell 'pad118' does not drive any nets. (LINT-1)
Warning: In design 'khu_sensor_pad', cell 'pad119' does not drive any nets. (LINT-1)
Warning: In design 'khu_sensor_pad', cell 'pad120' does not drive any nets. (LINT-1)
Warning: In design 'khu_sensor_pad', cell 'pad122' does not drive any nets. (LINT-1)
Warning: In design 'khu_sensor_pad', cell 'pad123' does not drive any nets. (LINT-1)
Warning: In design 'khu_sensor_pad', cell 'pad124' does not drive any nets. (LINT-1)
Warning: In design 'khu_sensor_pad', cell 'pad125' does not drive any nets. (LINT-1)
Warning: In design 'khu_sensor_pad', cell 'pad126' does not drive any nets. (LINT-1)
Warning: In design 'khu_sensor_pad', cell 'pad127' does not drive any nets. (LINT-1)
Warning: In design 'khu_sensor_pad', cell 'pad128' does not drive any nets. (LINT-1)
Warning: In design 'khu_sensor_pad', cell 'pad129' does not drive any nets. (LINT-1)
Warning: In design 'khu_sensor_pad', cell 'pad130' does not drive any nets. (LINT-1)
Warning: In design 'khu_sensor_pad', cell 'pad131' does not drive any nets. (LINT-1)
Warning: In design 'khu_sensor_pad', cell 'pad132' does not drive any nets. (LINT-1)
Warning: In design 'khu_sensor_pad', cell 'pad134' does not drive any nets. (LINT-1)
Warning: In design 'khu_sensor_pad', cell 'pad135' does not drive any nets. (LINT-1)
Warning: In design 'khu_sensor_pad', cell 'pad136' does not drive any nets. (LINT-1)
Warning: In design 'khu_sensor_pad', cell 'pad137' does not drive any nets. (LINT-1)
Warning: In design 'khu_sensor_pad', cell 'pad138' does not drive any nets. (LINT-1)
Warning: In design 'khu_sensor_pad', cell 'pad139' does not drive any nets. (LINT-1)
Warning: In design 'khu_sensor_pad', cell 'pad140' does not drive any nets. (LINT-1)
Warning: In design 'khu_sensor_pad', cell 'pad141' does not drive any nets. (LINT-1)
Warning: In design 'khu_sensor_pad', cell 'pad142' does not drive any nets. (LINT-1)
Warning: In design 'khu_sensor_pad', cell 'pad143' does not drive any nets. (LINT-1)
Warning: In design 'khu_sensor_pad', cell 'pad144' does not drive any nets. (LINT-1)
Warning: In design 'khu_sensor_pad', cell 'pad145' does not drive any nets. (LINT-1)
Warning: In design 'khu_sensor_pad', cell 'pad146' does not drive any nets. (LINT-1)
Warning: In design 'khu_sensor_pad', cell 'pad147' does not drive any nets. (LINT-1)
Warning: In design 'khu_sensor_pad', cell 'pad148' does not drive any nets. (LINT-1)
Warning: In design 'khu_sensor_pad', cell 'pad149' does not drive any nets. (LINT-1)
Warning: In design 'khu_sensor_pad', cell 'pad150' does not drive any nets. (LINT-1)
Warning: In design 'khu_sensor_pad', cell 'pad151' does not drive any nets. (LINT-1)
Warning: In design 'khu_sensor_pad', cell 'pad152' does not drive any nets. (LINT-1)
Warning: In design 'khu_sensor_pad', cell 'pad153' does not drive any nets. (LINT-1)
Warning: In design 'khu_sensor_pad', cell 'pad154' does not drive any nets. (LINT-1)
Warning: In design 'khu_sensor_pad', cell 'pad155' does not drive any nets. (LINT-1)
Warning: In design 'khu_sensor_pad', cell 'pad156' does not drive any nets. (LINT-1)
Warning: In design 'khu_sensor_pad', cell 'pad157' does not drive any nets. (LINT-1)
Warning: In design 'khu_sensor_pad', cell 'pad158' does not drive any nets. (LINT-1)
Warning: In design 'khu_sensor_pad', cell 'pad159' does not drive any nets. (LINT-1)
Warning: In design 'khu_sensor_pad', cell 'pad160' does not drive any nets. (LINT-1)
Warning: In design 'khu_sensor_pad', cell 'pad161' does not drive any nets. (LINT-1)
Warning: In design 'khu_sensor_pad', cell 'pad162' does not drive any nets. (LINT-1)
Warning: In design 'khu_sensor_pad', cell 'pad163' does not drive any nets. (LINT-1)
Warning: In design 'khu_sensor_pad', cell 'pad164' does not drive any nets. (LINT-1)
Warning: In design 'khu_sensor_pad', cell 'pad166' does not drive any nets. (LINT-1)
Warning: In design 'khu_sensor_pad', cell 'pad167' does not drive any nets. (LINT-1)
Warning: In design 'khu_sensor_pad', cell 'pad168' does not drive any nets. (LINT-1)
Warning: In design 'khu_sensor_pad', cell 'pad169' does not drive any nets. (LINT-1)
Warning: In design 'khu_sensor_pad', cell 'pad170' does not drive any nets. (LINT-1)
Warning: In design 'khu_sensor_pad', cell 'pad172' does not drive any nets. (LINT-1)
Warning: In design 'khu_sensor_pad', cell 'pad173' does not drive any nets. (LINT-1)
Warning: In design 'khu_sensor_pad', cell 'pad174' does not drive any nets. (LINT-1)
Warning: In design 'khu_sensor_pad', cell 'pad175' does not drive any nets. (LINT-1)
Warning: In design 'khu_sensor_pad', cell 'pad177' does not drive any nets. (LINT-1)
Warning: In design 'khu_sensor_pad', cell 'pad178' does not drive any nets. (LINT-1)
Warning: In design 'khu_sensor_pad', cell 'pad179' does not drive any nets. (LINT-1)
Warning: In design 'khu_sensor_pad', cell 'pad180' does not drive any nets. (LINT-1)
Warning: In design 'khu_sensor_pad', cell 'pad181' does not drive any nets. (LINT-1)
Warning: In design 'khu_sensor_pad', cell 'pad182' does not drive any nets. (LINT-1)
Warning: In design 'khu_sensor_pad', cell 'pad183' does not drive any nets. (LINT-1)
Warning: In design 'khu_sensor_pad', cell 'pad184' does not drive any nets. (LINT-1)
Warning: In design 'khu_sensor_pad', cell 'pad185' does not drive any nets. (LINT-1)
Warning: In design 'khu_sensor_pad', cell 'pad187' does not drive any nets. (LINT-1)
Warning: In design 'khu_sensor_pad', cell 'pad188' does not drive any nets. (LINT-1)
Warning: In design 'khu_sensor_pad', cell 'pad189' does not drive any nets. (LINT-1)
Warning: In design 'khu_sensor_pad', cell 'pad190' does not drive any nets. (LINT-1)
Warning: In design 'khu_sensor_pad', cell 'pad191' does not drive any nets. (LINT-1)
Warning: In design 'khu_sensor_pad', cell 'pad192' does not drive any nets. (LINT-1)
Warning: In design 'khu_sensor_pad', cell 'pad193' does not drive any nets. (LINT-1)
Warning: In design 'khu_sensor_pad', cell 'pad194' does not drive any nets. (LINT-1)
Warning: In design 'khu_sensor_pad', cell 'pad195' does not drive any nets. (LINT-1)
Warning: In design 'khu_sensor_pad', cell 'pad199' does not drive any nets. (LINT-1)
Warning: In design 'khu_sensor_pad', cell 'pad200' does not drive any nets. (LINT-1)
Warning: In design 'khu_sensor_pad', cell 'pad201' does not drive any nets. (LINT-1)
Warning: In design 'khu_sensor_pad', cell 'pad202' does not drive any nets. (LINT-1)
Warning: In design 'khu_sensor_pad', cell 'pad203' does not drive any nets. (LINT-1)
Warning: In design 'khu_sensor_pad', cell 'pad204' does not drive any nets. (LINT-1)
Warning: In design 'khu_sensor_pad', cell 'pad205' does not drive any nets. (LINT-1)
Warning: In design 'khu_sensor_pad', cell 'pad206' does not drive any nets. (LINT-1)
Warning: In design 'khu_sensor_pad', cell 'pad207' does not drive any nets. (LINT-1)
Warning: In design 'khu_sensor_pad', cell 'pad208' does not drive any nets. (LINT-1)
Warning: In design 'async_rstn_synchronizer', cell 'I_0' does not drive any nets. (LINT-1)
Warning: In design 'async_rst_synchronizer', cell 'I_0' does not drive any nets. (LINT-1)
Warning: In design 'khu_sensor_pad', input port 'i_CLK' drives wired logic; the port direction may have been specified incorrectly. (LINT-6)
Warning: In design 'uart_controller', port 'i_UART_DATA_TX[52]' is not connected to any nets. (LINT-28)
Warning: In design 'uart_controller', port 'i_UART_DATA_TX[23]' is not connected to any nets. (LINT-28)
Warning: In design 'uart_controller', port 'i_UART_DATA_TX[22]' is not connected to any nets. (LINT-28)
Warning: In design 'uart_controller', port 'i_UART_DATA_TX[21]' is not connected to any nets. (LINT-28)
Warning: In design 'uart_controller', port 'i_UART_DATA_TX[20]' is not connected to any nets. (LINT-28)
Warning: In design 'uart_controller', port 'i_UART_DATA_TX[6]' is not connected to any nets. (LINT-28)
Warning: In design 'uart_controller', port 'i_UART_DATA_TX[2]' is not connected to any nets. (LINT-28)
Warning: In design 'uart_controller', port 'i_CORE_BUSY' is not connected to any nets. (LINT-28)
Warning: In design 'sensor_core', port 'o_UART_DATA_TX[52]' is not connected to any nets. (LINT-28)
Warning: In design 'sensor_core', port 'o_UART_DATA_TX[23]' is not connected to any nets. (LINT-28)
Warning: In design 'sensor_core', port 'o_UART_DATA_TX[22]' is not connected to any nets. (LINT-28)
Warning: In design 'sensor_core', port 'o_UART_DATA_TX[21]' is not connected to any nets. (LINT-28)
Warning: In design 'sensor_core', port 'o_UART_DATA_TX[20]' is not connected to any nets. (LINT-28)
Warning: In design 'sensor_core', port 'o_UART_DATA_TX[6]' is not connected to any nets. (LINT-28)
Warning: In design 'sensor_core', port 'o_UART_DATA_TX[2]' is not connected to any nets. (LINT-28)
Warning: In design 'sensor_core', port 'o_MPR121_DATA_IN[5]' is not connected to any nets. (LINT-28)
Warning: In design 'sensor_core', port 'o_MPR121_ERROR' is not connected to any nets. (LINT-28)
Warning: In design 'mpr121_controller', port 'i_MPR121_DATA_IN[5]' is not connected to any nets. (LINT-28)
Warning: In design 'i2c_master', port 'cmd_ready' is not connected to any nets. (LINT-28)
Warning: In design 'i2c_master', port 'data_out_last' is not connected to any nets. (LINT-28)
Warning: In design 'i2c_master', port 'busy' is not connected to any nets. (LINT-28)
Warning: In design 'i2c_master', port 'bus_control' is not connected to any nets. (LINT-28)
Warning: In design 'i2c_master', port 'bus_active' is not connected to any nets. (LINT-28)
Warning: In design 'converter_i2f', port 'i_A[7]' is not connected to any nets. (LINT-28)
Warning: In design 'converter_i2f', port 'i_A[6]' is not connected to any nets. (LINT-28)
Warning: In design 'converter_i2f', port 'i_A[5]' is not connected to any nets. (LINT-28)
Warning: In design 'converter_i2f', port 'i_A[4]' is not connected to any nets. (LINT-28)
Warning: In design 'converter_i2f', port 'i_A[3]' is not connected to any nets. (LINT-28)
Warning: In design 'converter_i2f', port 'i_A[2]' is not connected to any nets. (LINT-28)
Warning: In design 'converter_i2f', port 'i_A[1]' is not connected to any nets. (LINT-28)
Warning: In design 'converter_i2f', port 'i_A[0]' is not connected to any nets. (LINT-28)
Warning: In design 'converter_f2i', port 'o_Z[7]' is not connected to any nets. (LINT-28)
Warning: In design 'converter_f2i', port 'o_Z[6]' is not connected to any nets. (LINT-28)
Warning: In design 'converter_f2i', port 'o_Z[5]' is not connected to any nets. (LINT-28)
Warning: In design 'converter_f2i', port 'o_Z[4]' is not connected to any nets. (LINT-28)
Warning: In design 'converter_f2i', port 'o_Z[3]' is not connected to any nets. (LINT-28)
Warning: In design 'converter_f2i', port 'o_Z[2]' is not connected to any nets. (LINT-28)
Warning: In design 'converter_f2i', port 'o_Z[1]' is not connected to any nets. (LINT-28)
Warning: In design 'converter_f2i', port 'o_Z[0]' is not connected to any nets. (LINT-28)
Warning: In design 'float_multiplier_5', port 'i_A[31]' is not connected to any nets. (LINT-28)
Warning: In design 'float_multiplier_5', port 'i_A[30]' is not connected to any nets. (LINT-28)
Warning: In design 'float_multiplier_5', port 'i_A[21]' is not connected to any nets. (LINT-28)
Warning: In design 'float_multiplier_5', port 'i_A[18]' is not connected to any nets. (LINT-28)
Warning: In design 'float_multiplier_5', port 'i_A[13]' is not connected to any nets. (LINT-28)
Warning: In design 'float_multiplier_4', port 'i_A[30]' is not connected to any nets. (LINT-28)
Warning: In design 'float_multiplier_4', port 'i_A[23]' is not connected to any nets. (LINT-28)
Warning: In design 'float_multiplier_4', port 'i_A[18]' is not connected to any nets. (LINT-28)
Warning: In design 'float_multiplier_4', port 'i_A[15]' is not connected to any nets. (LINT-28)
Warning: In design 'float_multiplier_4', port 'i_A[12]' is not connected to any nets. (LINT-28)
Warning: In design 'float_multiplier_4', port 'i_A[9]' is not connected to any nets. (LINT-28)
Warning: In design 'float_multiplier_2', port 'i_A[30]' is not connected to any nets. (LINT-28)
Warning: In design 'float_multiplier_2', port 'i_A[23]' is not connected to any nets. (LINT-28)
Warning: In design 'float_multiplier_2', port 'i_A[16]' is not connected to any nets. (LINT-28)
Warning: In design 'float_multiplier_2', port 'i_A[11]' is not connected to any nets. (LINT-28)
Warning: In design 'float_multiplier_2', port 'i_A[2]' is not connected to any nets. (LINT-28)
Warning: In design 'float_multiplier_1', port 'i_A[30]' is not connected to any nets. (LINT-28)
Warning: In design 'float_multiplier_0', port 'i_A[31]' is not connected to any nets. (LINT-28)
Warning: In design 'float_multiplier_0', port 'i_A[30]' is not connected to any nets. (LINT-28)
Warning: In design 'float_multiplier_0', port 'i_A[23]' is not connected to any nets. (LINT-28)
Warning: In design 'float_multiplier_0', port 'i_A[20]' is not connected to any nets. (LINT-28)
Warning: In design 'float_multiplier_0', port 'i_A[19]' is not connected to any nets. (LINT-28)
Warning: In design 'float_multiplier_0', port 'i_A[18]' is not connected to any nets. (LINT-28)
Warning: In design 'float_multiplier_0', port 'i_A[15]' is not connected to any nets. (LINT-28)
Warning: In design 'float_multiplier_0', port 'i_A[12]' is not connected to any nets. (LINT-28)
Warning: In design 'float_multiplier_0', port 'i_A[10]' is not connected to any nets. (LINT-28)
Warning: In design 'float_multiplier_0', port 'i_A[4]' is not connected to any nets. (LINT-28)
Warning: In design 'float_multiplier_0', port 'i_A[3]' is not connected to any nets. (LINT-28)
Warning: In design 'float_multiplier_0', port 'i_A[2]' is not connected to any nets. (LINT-28)
Warning: In design 'float_adder_3_DW_cmp_6', port 'TC' is not connected to any nets. (LINT-28)
Warning: In design 'float_adder_3_DW_cmp_6', port 'GE_LT' is not connected to any nets. (LINT-28)
Warning: In design 'float_adder_3_DW_cmp_6', port 'GE_GT_EQ' is not connected to any nets. (LINT-28)
Warning: In design 'float_adder_3_DW_cmp_6', port 'EQ_NE' is not connected to any nets. (LINT-28)
Warning: In design 'float_adder_2_DW_cmp_6', port 'TC' is not connected to any nets. (LINT-28)
Warning: In design 'float_adder_2_DW_cmp_6', port 'GE_LT' is not connected to any nets. (LINT-28)
Warning: In design 'float_adder_2_DW_cmp_6', port 'GE_GT_EQ' is not connected to any nets. (LINT-28)
Warning: In design 'float_adder_2_DW_cmp_6', port 'EQ_NE' is not connected to any nets. (LINT-28)
Warning: In design 'float_adder_1_DW_cmp_6', port 'TC' is not connected to any nets. (LINT-28)
Warning: In design 'float_adder_1_DW_cmp_6', port 'GE_LT' is not connected to any nets. (LINT-28)
Warning: In design 'float_adder_1_DW_cmp_6', port 'GE_GT_EQ' is not connected to any nets. (LINT-28)
Warning: In design 'float_adder_1_DW_cmp_6', port 'EQ_NE' is not connected to any nets. (LINT-28)
Warning: In design 'float_adder_0_DW_cmp_6', port 'TC' is not connected to any nets. (LINT-28)
Warning: In design 'float_adder_0_DW_cmp_6', port 'GE_LT' is not connected to any nets. (LINT-28)
Warning: In design 'float_adder_0_DW_cmp_6', port 'GE_GT_EQ' is not connected to any nets. (LINT-28)
Warning: In design 'float_adder_0_DW_cmp_6', port 'EQ_NE' is not connected to any nets. (LINT-28)
Warning: In design 'converter_i2f_DW01_sub_3', port 'A[31]' is not connected to any nets. (LINT-28)
Warning: In design 'converter_i2f_DW01_sub_3', port 'A[30]' is not connected to any nets. (LINT-28)
Warning: In design 'converter_i2f_DW01_sub_3', port 'A[29]' is not connected to any nets. (LINT-28)
Warning: In design 'converter_i2f_DW01_sub_3', port 'A[28]' is not connected to any nets. (LINT-28)
Warning: In design 'converter_i2f_DW01_sub_3', port 'A[27]' is not connected to any nets. (LINT-28)
Warning: In design 'converter_i2f_DW01_sub_3', port 'A[26]' is not connected to any nets. (LINT-28)
Warning: In design 'converter_i2f_DW01_sub_3', port 'A[25]' is not connected to any nets. (LINT-28)
Warning: In design 'converter_i2f_DW01_sub_3', port 'A[24]' is not connected to any nets. (LINT-28)
Warning: In design 'converter_i2f_DW01_sub_3', port 'A[23]' is not connected to any nets. (LINT-28)
Warning: In design 'converter_i2f_DW01_sub_3', port 'A[22]' is not connected to any nets. (LINT-28)
Warning: In design 'converter_i2f_DW01_sub_3', port 'A[21]' is not connected to any nets. (LINT-28)
Warning: In design 'converter_i2f_DW01_sub_3', port 'A[20]' is not connected to any nets. (LINT-28)
Warning: In design 'converter_i2f_DW01_sub_3', port 'A[19]' is not connected to any nets. (LINT-28)
Warning: In design 'converter_i2f_DW01_sub_3', port 'A[18]' is not connected to any nets. (LINT-28)
Warning: In design 'converter_i2f_DW01_sub_3', port 'A[17]' is not connected to any nets. (LINT-28)
Warning: In design 'converter_i2f_DW01_sub_3', port 'A[16]' is not connected to any nets. (LINT-28)
Warning: In design 'converter_i2f_DW01_sub_3', port 'A[15]' is not connected to any nets. (LINT-28)
Warning: In design 'converter_i2f_DW01_sub_3', port 'A[14]' is not connected to any nets. (LINT-28)
Warning: In design 'converter_i2f_DW01_sub_3', port 'A[13]' is not connected to any nets. (LINT-28)
Warning: In design 'converter_i2f_DW01_sub_3', port 'A[12]' is not connected to any nets. (LINT-28)
Warning: In design 'converter_i2f_DW01_sub_3', port 'A[11]' is not connected to any nets. (LINT-28)
Warning: In design 'converter_i2f_DW01_sub_3', port 'A[10]' is not connected to any nets. (LINT-28)
Warning: In design 'converter_i2f_DW01_sub_3', port 'A[9]' is not connected to any nets. (LINT-28)
Warning: In design 'converter_i2f_DW01_sub_3', port 'A[8]' is not connected to any nets. (LINT-28)
Warning: In design 'converter_i2f_DW01_sub_3', port 'A[7]' is not connected to any nets. (LINT-28)
Warning: In design 'converter_i2f_DW01_sub_3', port 'A[6]' is not connected to any nets. (LINT-28)
Warning: In design 'converter_i2f_DW01_sub_3', port 'A[5]' is not connected to any nets. (LINT-28)
Warning: In design 'converter_i2f_DW01_sub_3', port 'A[4]' is not connected to any nets. (LINT-28)
Warning: In design 'converter_i2f_DW01_sub_3', port 'A[3]' is not connected to any nets. (LINT-28)
Warning: In design 'converter_i2f_DW01_sub_3', port 'A[2]' is not connected to any nets. (LINT-28)
Warning: In design 'converter_i2f_DW01_sub_3', port 'A[1]' is not connected to any nets. (LINT-28)
Warning: In design 'converter_i2f_DW01_sub_3', port 'A[0]' is not connected to any nets. (LINT-28)
Warning: In design 'converter_i2f_DW01_sub_3', port 'CI' is not connected to any nets. (LINT-28)
Warning: In design 'converter_i2f_DW01_sub_3', port 'DIFF[7]' is not connected to any nets. (LINT-28)
Warning: In design 'converter_i2f_DW01_sub_3', port 'DIFF[6]' is not connected to any nets. (LINT-28)
Warning: In design 'converter_i2f_DW01_sub_3', port 'DIFF[5]' is not connected to any nets. (LINT-28)
Warning: In design 'converter_i2f_DW01_sub_3', port 'DIFF[4]' is not connected to any nets. (LINT-28)
Warning: In design 'converter_i2f_DW01_sub_3', port 'DIFF[3]' is not connected to any nets. (LINT-28)
Warning: In design 'converter_i2f_DW01_sub_3', port 'DIFF[2]' is not connected to any nets. (LINT-28)
Warning: In design 'converter_i2f_DW01_sub_3', port 'DIFF[1]' is not connected to any nets. (LINT-28)
Warning: In design 'converter_i2f_DW01_sub_3', port 'CO' is not connected to any nets. (LINT-28)
Warning: In design 'converter_f2i_DW01_sub_3', port 'A[31]' is not connected to any nets. (LINT-28)
Warning: In design 'converter_f2i_DW01_sub_3', port 'A[30]' is not connected to any nets. (LINT-28)
Warning: In design 'converter_f2i_DW01_sub_3', port 'A[29]' is not connected to any nets. (LINT-28)
Warning: In design 'converter_f2i_DW01_sub_3', port 'A[28]' is not connected to any nets. (LINT-28)
Warning: In design 'converter_f2i_DW01_sub_3', port 'A[27]' is not connected to any nets. (LINT-28)
Warning: In design 'converter_f2i_DW01_sub_3', port 'A[26]' is not connected to any nets. (LINT-28)
Warning: In design 'converter_f2i_DW01_sub_3', port 'A[25]' is not connected to any nets. (LINT-28)
Warning: In design 'converter_f2i_DW01_sub_3', port 'A[24]' is not connected to any nets. (LINT-28)
Warning: In design 'converter_f2i_DW01_sub_3', port 'A[23]' is not connected to any nets. (LINT-28)
Warning: In design 'converter_f2i_DW01_sub_3', port 'A[22]' is not connected to any nets. (LINT-28)
Warning: In design 'converter_f2i_DW01_sub_3', port 'A[21]' is not connected to any nets. (LINT-28)
Warning: In design 'converter_f2i_DW01_sub_3', port 'A[20]' is not connected to any nets. (LINT-28)
Warning: In design 'converter_f2i_DW01_sub_3', port 'A[19]' is not connected to any nets. (LINT-28)
Warning: In design 'converter_f2i_DW01_sub_3', port 'A[18]' is not connected to any nets. (LINT-28)
Warning: In design 'converter_f2i_DW01_sub_3', port 'A[17]' is not connected to any nets. (LINT-28)
Warning: In design 'converter_f2i_DW01_sub_3', port 'A[16]' is not connected to any nets. (LINT-28)
Warning: In design 'converter_f2i_DW01_sub_3', port 'A[15]' is not connected to any nets. (LINT-28)
Warning: In design 'converter_f2i_DW01_sub_3', port 'A[14]' is not connected to any nets. (LINT-28)
Warning: In design 'converter_f2i_DW01_sub_3', port 'A[13]' is not connected to any nets. (LINT-28)
Warning: In design 'converter_f2i_DW01_sub_3', port 'A[12]' is not connected to any nets. (LINT-28)
Warning: In design 'converter_f2i_DW01_sub_3', port 'A[11]' is not connected to any nets. (LINT-28)
Warning: In design 'converter_f2i_DW01_sub_3', port 'A[10]' is not connected to any nets. (LINT-28)
Warning: In design 'converter_f2i_DW01_sub_3', port 'A[9]' is not connected to any nets. (LINT-28)
Warning: In design 'converter_f2i_DW01_sub_3', port 'A[8]' is not connected to any nets. (LINT-28)
Warning: In design 'converter_f2i_DW01_sub_3', port 'A[7]' is not connected to any nets. (LINT-28)
Warning: In design 'converter_f2i_DW01_sub_3', port 'A[6]' is not connected to any nets. (LINT-28)
Warning: In design 'converter_f2i_DW01_sub_3', port 'A[5]' is not connected to any nets. (LINT-28)
Warning: In design 'converter_f2i_DW01_sub_3', port 'A[4]' is not connected to any nets. (LINT-28)
Warning: In design 'converter_f2i_DW01_sub_3', port 'A[3]' is not connected to any nets. (LINT-28)
Warning: In design 'converter_f2i_DW01_sub_3', port 'A[2]' is not connected to any nets. (LINT-28)
Warning: In design 'converter_f2i_DW01_sub_3', port 'A[1]' is not connected to any nets. (LINT-28)
Warning: In design 'converter_f2i_DW01_sub_3', port 'A[0]' is not connected to any nets. (LINT-28)
Warning: In design 'converter_f2i_DW01_sub_3', port 'CI' is not connected to any nets. (LINT-28)
Warning: In design 'converter_f2i_DW01_sub_3', port 'DIFF[7]' is not connected to any nets. (LINT-28)
Warning: In design 'converter_f2i_DW01_sub_3', port 'DIFF[6]' is not connected to any nets. (LINT-28)
Warning: In design 'converter_f2i_DW01_sub_3', port 'DIFF[5]' is not connected to any nets. (LINT-28)
Warning: In design 'converter_f2i_DW01_sub_3', port 'DIFF[4]' is not connected to any nets. (LINT-28)
Warning: In design 'converter_f2i_DW01_sub_3', port 'DIFF[3]' is not connected to any nets. (LINT-28)
Warning: In design 'converter_f2i_DW01_sub_3', port 'DIFF[2]' is not connected to any nets. (LINT-28)
Warning: In design 'converter_f2i_DW01_sub_3', port 'DIFF[1]' is not connected to any nets. (LINT-28)
Warning: In design 'converter_f2i_DW01_sub_3', port 'DIFF[0]' is not connected to any nets. (LINT-28)
Warning: In design 'converter_f2i_DW01_sub_3', port 'CO' is not connected to any nets. (LINT-28)
Warning: In design 'khu_sensor_top', a pin on submodule 'uart_controller' is connected to logic 1 or logic 0. (LINT-32)
   Pin 'i_UART_DATA_TX[52]' is connected to logic 0. 
Warning: In design 'khu_sensor_top', a pin on submodule 'uart_controller' is connected to logic 1 or logic 0. (LINT-32)
   Pin 'i_UART_DATA_TX[23]' is connected to logic 0. 
Warning: In design 'khu_sensor_top', a pin on submodule 'uart_controller' is connected to logic 1 or logic 0. (LINT-32)
   Pin 'i_UART_DATA_TX[22]' is connected to logic 0. 
Warning: In design 'khu_sensor_top', a pin on submodule 'uart_controller' is connected to logic 1 or logic 0. (LINT-32)
   Pin 'i_UART_DATA_TX[21]' is connected to logic 0. 
Warning: In design 'khu_sensor_top', a pin on submodule 'uart_controller' is connected to logic 1 or logic 0. (LINT-32)
   Pin 'i_UART_DATA_TX[20]' is connected to logic 0. 
Warning: In design 'khu_sensor_top', a pin on submodule 'uart_controller' is connected to logic 1 or logic 0. (LINT-32)
   Pin 'i_UART_DATA_TX[6]' is connected to logic 0. 
Warning: In design 'khu_sensor_top', a pin on submodule 'uart_controller' is connected to logic 1 or logic 0. (LINT-32)
   Pin 'i_UART_DATA_TX[2]' is connected to logic 0. 
Warning: In design 'khu_sensor_top', a pin on submodule 'uart_controller' is connected to logic 1 or logic 0. (LINT-32)
   Pin 'i_CORE_BUSY' is connected to logic 0. 
Warning: In design 'khu_sensor_top', a pin on submodule 'mpr121_controller' is connected to logic 1 or logic 0. (LINT-32)
   Pin 'i_MPR121_DATA_IN[5]' is connected to logic 0. 
Warning: In design 'ads1292_filter', a pin on submodule 'converter_i2f' is connected to logic 1 or logic 0. (LINT-32)
   Pin 'i_A[7]' is connected to logic 0. 
Warning: In design 'ads1292_filter', a pin on submodule 'converter_i2f' is connected to logic 1 or logic 0. (LINT-32)
   Pin 'i_A[6]' is connected to logic 0. 
Warning: In design 'ads1292_filter', a pin on submodule 'converter_i2f' is connected to logic 1 or logic 0. (LINT-32)
   Pin 'i_A[5]' is connected to logic 0. 
Warning: In design 'ads1292_filter', a pin on submodule 'converter_i2f' is connected to logic 1 or logic 0. (LINT-32)
   Pin 'i_A[4]' is connected to logic 0. 
Warning: In design 'ads1292_filter', a pin on submodule 'converter_i2f' is connected to logic 1 or logic 0. (LINT-32)
   Pin 'i_A[3]' is connected to logic 0. 
Warning: In design 'ads1292_filter', a pin on submodule 'converter_i2f' is connected to logic 1 or logic 0. (LINT-32)
   Pin 'i_A[2]' is connected to logic 0. 
Warning: In design 'ads1292_filter', a pin on submodule 'converter_i2f' is connected to logic 1 or logic 0. (LINT-32)
   Pin 'i_A[1]' is connected to logic 0. 
Warning: In design 'ads1292_filter', a pin on submodule 'converter_i2f' is connected to logic 1 or logic 0. (LINT-32)
   Pin 'i_A[0]' is connected to logic 0. 
Warning: In design 'converter_i2f', a pin on submodule 'sub_x_1' is connected to logic 1 or logic 0. (LINT-32)
   Pin 'A[31]' is connected to logic 0. 
Warning: In design 'converter_i2f', a pin on submodule 'sub_x_1' is connected to logic 1 or logic 0. (LINT-32)
   Pin 'A[30]' is connected to logic 0. 
Warning: In design 'converter_i2f', a pin on submodule 'sub_x_1' is connected to logic 1 or logic 0. (LINT-32)
   Pin 'A[29]' is connected to logic 0. 
Warning: In design 'converter_i2f', a pin on submodule 'sub_x_1' is connected to logic 1 or logic 0. (LINT-32)
   Pin 'A[28]' is connected to logic 0. 
Warning: In design 'converter_i2f', a pin on submodule 'sub_x_1' is connected to logic 1 or logic 0. (LINT-32)
   Pin 'A[27]' is connected to logic 0. 
Warning: In design 'converter_i2f', a pin on submodule 'sub_x_1' is connected to logic 1 or logic 0. (LINT-32)
   Pin 'A[26]' is connected to logic 0. 
Warning: In design 'converter_i2f', a pin on submodule 'sub_x_1' is connected to logic 1 or logic 0. (LINT-32)
   Pin 'A[25]' is connected to logic 0. 
Warning: In design 'converter_i2f', a pin on submodule 'sub_x_1' is connected to logic 1 or logic 0. (LINT-32)
   Pin 'A[24]' is connected to logic 0. 
Warning: In design 'converter_i2f', a pin on submodule 'sub_x_1' is connected to logic 1 or logic 0. (LINT-32)
   Pin 'A[23]' is connected to logic 0. 
Warning: In design 'converter_i2f', a pin on submodule 'sub_x_1' is connected to logic 1 or logic 0. (LINT-32)
   Pin 'A[22]' is connected to logic 0. 
Warning: In design 'converter_i2f', a pin on submodule 'sub_x_1' is connected to logic 1 or logic 0. (LINT-32)
   Pin 'A[21]' is connected to logic 0. 
Warning: In design 'converter_i2f', a pin on submodule 'sub_x_1' is connected to logic 1 or logic 0. (LINT-32)
   Pin 'A[20]' is connected to logic 0. 
Warning: In design 'converter_i2f', a pin on submodule 'sub_x_1' is connected to logic 1 or logic 0. (LINT-32)
   Pin 'A[19]' is connected to logic 0. 
Warning: In design 'converter_i2f', a pin on submodule 'sub_x_1' is connected to logic 1 or logic 0. (LINT-32)
   Pin 'A[18]' is connected to logic 0. 
Warning: In design 'converter_i2f', a pin on submodule 'sub_x_1' is connected to logic 1 or logic 0. (LINT-32)
   Pin 'A[17]' is connected to logic 0. 
Warning: In design 'converter_i2f', a pin on submodule 'sub_x_1' is connected to logic 1 or logic 0. (LINT-32)
   Pin 'A[16]' is connected to logic 0. 
Warning: In design 'converter_i2f', a pin on submodule 'sub_x_1' is connected to logic 1 or logic 0. (LINT-32)
   Pin 'A[15]' is connected to logic 0. 
Warning: In design 'converter_i2f', a pin on submodule 'sub_x_1' is connected to logic 1 or logic 0. (LINT-32)
   Pin 'A[14]' is connected to logic 0. 
Warning: In design 'converter_i2f', a pin on submodule 'sub_x_1' is connected to logic 1 or logic 0. (LINT-32)
   Pin 'A[13]' is connected to logic 0. 
Warning: In design 'converter_i2f', a pin on submodule 'sub_x_1' is connected to logic 1 or logic 0. (LINT-32)
   Pin 'A[12]' is connected to logic 0. 
Warning: In design 'converter_i2f', a pin on submodule 'sub_x_1' is connected to logic 1 or logic 0. (LINT-32)
   Pin 'A[11]' is connected to logic 0. 
Warning: In design 'converter_i2f', a pin on submodule 'sub_x_1' is connected to logic 1 or logic 0. (LINT-32)
   Pin 'A[10]' is connected to logic 0. 
Warning: In design 'converter_i2f', a pin on submodule 'sub_x_1' is connected to logic 1 or logic 0. (LINT-32)
   Pin 'A[9]' is connected to logic 0. 
Warning: In design 'converter_i2f', a pin on submodule 'sub_x_1' is connected to logic 1 or logic 0. (LINT-32)
   Pin 'A[8]' is connected to logic 0. 
Warning: In design 'converter_i2f', a pin on submodule 'sub_x_1' is connected to logic 1 or logic 0. (LINT-32)
   Pin 'A[7]' is connected to logic 0. 
Warning: In design 'converter_i2f', a pin on submodule 'sub_x_1' is connected to logic 1 or logic 0. (LINT-32)
   Pin 'A[6]' is connected to logic 0. 
Warning: In design 'converter_i2f', a pin on submodule 'sub_x_1' is connected to logic 1 or logic 0. (LINT-32)
   Pin 'A[5]' is connected to logic 0. 
Warning: In design 'converter_i2f', a pin on submodule 'sub_x_1' is connected to logic 1 or logic 0. (LINT-32)
   Pin 'A[4]' is connected to logic 0. 
Warning: In design 'converter_i2f', a pin on submodule 'sub_x_1' is connected to logic 1 or logic 0. (LINT-32)
   Pin 'A[3]' is connected to logic 0. 
Warning: In design 'converter_i2f', a pin on submodule 'sub_x_1' is connected to logic 1 or logic 0. (LINT-32)
   Pin 'A[2]' is connected to logic 0. 
Warning: In design 'converter_i2f', a pin on submodule 'sub_x_1' is connected to logic 1 or logic 0. (LINT-32)
   Pin 'A[1]' is connected to logic 0. 
Warning: In design 'converter_i2f', a pin on submodule 'sub_x_1' is connected to logic 1 or logic 0. (LINT-32)
   Pin 'A[0]' is connected to logic 0. 
Warning: In design 'converter_i2f', a pin on submodule 'sub_x_1' is connected to logic 1 or logic 0. (LINT-32)
   Pin 'CI' is connected to logic 0. 
Warning: In design 'iir_lpf', a pin on submodule 'mult_1' is connected to logic 1 or logic 0. (LINT-32)
   Pin 'i_A[31]' is connected to logic 0. 
Warning: In design 'iir_lpf', a pin on submodule 'mult_1' is connected to logic 1 or logic 0. (LINT-32)
   Pin 'i_A[30]' is connected to logic 0. 
Warning: In design 'iir_lpf', a pin on submodule 'mult_1' is connected to logic 1 or logic 0. (LINT-32)
   Pin 'i_A[21]' is connected to logic 0. 
Warning: In design 'iir_lpf', a pin on submodule 'mult_1' is connected to logic 1 or logic 0. (LINT-32)
   Pin 'i_A[18]' is connected to logic 0. 
Warning: In design 'iir_lpf', a pin on submodule 'mult_1' is connected to logic 1 or logic 0. (LINT-32)
   Pin 'i_A[13]' is connected to logic 0. 
Warning: In design 'iir_lpf', a pin on submodule 'mult_2' is connected to logic 1 or logic 0. (LINT-32)
   Pin 'i_A[30]' is connected to logic 0. 
Warning: In design 'iir_lpf', a pin on submodule 'mult_2' is connected to logic 1 or logic 0. (LINT-32)
   Pin 'i_A[23]' is connected to logic 0. 
Warning: In design 'iir_lpf', a pin on submodule 'mult_2' is connected to logic 1 or logic 0. (LINT-32)
   Pin 'i_A[18]' is connected to logic 0. 
Warning: In design 'iir_lpf', a pin on submodule 'mult_2' is connected to logic 1 or logic 0. (LINT-32)
   Pin 'i_A[15]' is connected to logic 0. 
Warning: In design 'iir_lpf', a pin on submodule 'mult_2' is connected to logic 1 or logic 0. (LINT-32)
   Pin 'i_A[12]' is connected to logic 0. 
Warning: In design 'iir_lpf', a pin on submodule 'mult_2' is connected to logic 1 or logic 0. (LINT-32)
   Pin 'i_A[9]' is connected to logic 0. 
Warning: In design 'iir_notch', a pin on submodule 'mult_2' is connected to logic 1 or logic 0. (LINT-32)
   Pin 'i_A[30]' is connected to logic 0. 
Warning: In design 'iir_notch', a pin on submodule 'mult_2' is connected to logic 1 or logic 0. (LINT-32)
   Pin 'i_A[23]' is connected to logic 0. 
Warning: In design 'iir_notch', a pin on submodule 'mult_2' is connected to logic 1 or logic 0. (LINT-32)
   Pin 'i_A[16]' is connected to logic 0. 
Warning: In design 'iir_notch', a pin on submodule 'mult_2' is connected to logic 1 or logic 0. (LINT-32)
   Pin 'i_A[11]' is connected to logic 0. 
Warning: In design 'iir_notch', a pin on submodule 'mult_2' is connected to logic 1 or logic 0. (LINT-32)
   Pin 'i_A[2]' is connected to logic 0. 
Warning: In design 'iir_notch', a pin on submodule 'mult_3' is connected to logic 1 or logic 0. (LINT-32)
   Pin 'i_A[30]' is connected to logic 0. 
Warning: In design 'iir_hpf', a pin on submodule 'mult' is connected to logic 1 or logic 0. (LINT-32)
   Pin 'i_A[31]' is connected to logic 0. 
Warning: In design 'iir_hpf', a pin on submodule 'mult' is connected to logic 1 or logic 0. (LINT-32)
   Pin 'i_A[30]' is connected to logic 0. 
Warning: In design 'iir_hpf', a pin on submodule 'mult' is connected to logic 1 or logic 0. (LINT-32)
   Pin 'i_A[23]' is connected to logic 0. 
Warning: In design 'iir_hpf', a pin on submodule 'mult' is connected to logic 1 or logic 0. (LINT-32)
   Pin 'i_A[20]' is connected to logic 0. 
Warning: In design 'iir_hpf', a pin on submodule 'mult' is connected to logic 1 or logic 0. (LINT-32)
   Pin 'i_A[19]' is connected to logic 0. 
Warning: In design 'iir_hpf', a pin on submodule 'mult' is connected to logic 1 or logic 0. (LINT-32)
   Pin 'i_A[18]' is connected to logic 0. 
Warning: In design 'iir_hpf', a pin on submodule 'mult' is connected to logic 1 or logic 0. (LINT-32)
   Pin 'i_A[15]' is connected to logic 0. 
Warning: In design 'iir_hpf', a pin on submodule 'mult' is connected to logic 1 or logic 0. (LINT-32)
   Pin 'i_A[12]' is connected to logic 0. 
Warning: In design 'iir_hpf', a pin on submodule 'mult' is connected to logic 1 or logic 0. (LINT-32)
   Pin 'i_A[10]' is connected to logic 0. 
Warning: In design 'iir_hpf', a pin on submodule 'mult' is connected to logic 1 or logic 0. (LINT-32)
   Pin 'i_A[4]' is connected to logic 0. 
Warning: In design 'iir_hpf', a pin on submodule 'mult' is connected to logic 1 or logic 0. (LINT-32)
   Pin 'i_A[3]' is connected to logic 0. 
Warning: In design 'iir_hpf', a pin on submodule 'mult' is connected to logic 1 or logic 0. (LINT-32)
   Pin 'i_A[2]' is connected to logic 0. 
Warning: In design 'converter_f2i', a pin on submodule 'sub_x_3' is connected to logic 1 or logic 0. (LINT-32)
   Pin 'A[31]' is connected to logic 0. 
Warning: In design 'converter_f2i', a pin on submodule 'sub_x_3' is connected to logic 1 or logic 0. (LINT-32)
   Pin 'A[30]' is connected to logic 0. 
Warning: In design 'converter_f2i', a pin on submodule 'sub_x_3' is connected to logic 1 or logic 0. (LINT-32)
   Pin 'A[29]' is connected to logic 0. 
Warning: In design 'converter_f2i', a pin on submodule 'sub_x_3' is connected to logic 1 or logic 0. (LINT-32)
   Pin 'A[28]' is connected to logic 0. 
Warning: In design 'converter_f2i', a pin on submodule 'sub_x_3' is connected to logic 1 or logic 0. (LINT-32)
   Pin 'A[27]' is connected to logic 0. 
Warning: In design 'converter_f2i', a pin on submodule 'sub_x_3' is connected to logic 1 or logic 0. (LINT-32)
   Pin 'A[26]' is connected to logic 0. 
Warning: In design 'converter_f2i', a pin on submodule 'sub_x_3' is connected to logic 1 or logic 0. (LINT-32)
   Pin 'A[25]' is connected to logic 0. 
Warning: In design 'converter_f2i', a pin on submodule 'sub_x_3' is connected to logic 1 or logic 0. (LINT-32)
   Pin 'A[24]' is connected to logic 0. 
Warning: In design 'converter_f2i', a pin on submodule 'sub_x_3' is connected to logic 1 or logic 0. (LINT-32)
   Pin 'A[23]' is connected to logic 0. 
Warning: In design 'converter_f2i', a pin on submodule 'sub_x_3' is connected to logic 1 or logic 0. (LINT-32)
   Pin 'A[22]' is connected to logic 0. 
Warning: In design 'converter_f2i', a pin on submodule 'sub_x_3' is connected to logic 1 or logic 0. (LINT-32)
   Pin 'A[21]' is connected to logic 0. 
Warning: In design 'converter_f2i', a pin on submodule 'sub_x_3' is connected to logic 1 or logic 0. (LINT-32)
   Pin 'A[20]' is connected to logic 0. 
Warning: In design 'converter_f2i', a pin on submodule 'sub_x_3' is connected to logic 1 or logic 0. (LINT-32)
   Pin 'A[19]' is connected to logic 0. 
Warning: In design 'converter_f2i', a pin on submodule 'sub_x_3' is connected to logic 1 or logic 0. (LINT-32)
   Pin 'A[18]' is connected to logic 0. 
Warning: In design 'converter_f2i', a pin on submodule 'sub_x_3' is connected to logic 1 or logic 0. (LINT-32)
   Pin 'A[17]' is connected to logic 0. 
Warning: In design 'converter_f2i', a pin on submodule 'sub_x_3' is connected to logic 1 or logic 0. (LINT-32)
   Pin 'A[16]' is connected to logic 0. 
Warning: In design 'converter_f2i', a pin on submodule 'sub_x_3' is connected to logic 1 or logic 0. (LINT-32)
   Pin 'A[15]' is connected to logic 0. 
Warning: In design 'converter_f2i', a pin on submodule 'sub_x_3' is connected to logic 1 or logic 0. (LINT-32)
   Pin 'A[14]' is connected to logic 0. 
Warning: In design 'converter_f2i', a pin on submodule 'sub_x_3' is connected to logic 1 or logic 0. (LINT-32)
   Pin 'A[13]' is connected to logic 0. 
Warning: In design 'converter_f2i', a pin on submodule 'sub_x_3' is connected to logic 1 or logic 0. (LINT-32)
   Pin 'A[12]' is connected to logic 0. 
Warning: In design 'converter_f2i', a pin on submodule 'sub_x_3' is connected to logic 1 or logic 0. (LINT-32)
   Pin 'A[11]' is connected to logic 0. 
Warning: In design 'converter_f2i', a pin on submodule 'sub_x_3' is connected to logic 1 or logic 0. (LINT-32)
   Pin 'A[10]' is connected to logic 0. 
Warning: In design 'converter_f2i', a pin on submodule 'sub_x_3' is connected to logic 1 or logic 0. (LINT-32)
   Pin 'A[9]' is connected to logic 0. 
Warning: In design 'converter_f2i', a pin on submodule 'sub_x_3' is connected to logic 1 or logic 0. (LINT-32)
   Pin 'A[8]' is connected to logic 0. 
Warning: In design 'converter_f2i', a pin on submodule 'sub_x_3' is connected to logic 1 or logic 0. (LINT-32)
   Pin 'A[7]' is connected to logic 0. 
Warning: In design 'converter_f2i', a pin on submodule 'sub_x_3' is connected to logic 1 or logic 0. (LINT-32)
   Pin 'A[6]' is connected to logic 0. 
Warning: In design 'converter_f2i', a pin on submodule 'sub_x_3' is connected to logic 1 or logic 0. (LINT-32)
   Pin 'A[5]' is connected to logic 0. 
Warning: In design 'converter_f2i', a pin on submodule 'sub_x_3' is connected to logic 1 or logic 0. (LINT-32)
   Pin 'A[4]' is connected to logic 0. 
Warning: In design 'converter_f2i', a pin on submodule 'sub_x_3' is connected to logic 1 or logic 0. (LINT-32)
   Pin 'A[3]' is connected to logic 0. 
Warning: In design 'converter_f2i', a pin on submodule 'sub_x_3' is connected to logic 1 or logic 0. (LINT-32)
   Pin 'A[2]' is connected to logic 0. 
Warning: In design 'converter_f2i', a pin on submodule 'sub_x_3' is connected to logic 1 or logic 0. (LINT-32)
   Pin 'A[1]' is connected to logic 0. 
Warning: In design 'converter_f2i', a pin on submodule 'sub_x_3' is connected to logic 1 or logic 0. (LINT-32)
   Pin 'A[0]' is connected to logic 0. 
Warning: In design 'converter_f2i', a pin on submodule 'sub_x_3' is connected to logic 1 or logic 0. (LINT-32)
   Pin 'CI' is connected to logic 0. 
Warning: In design 'float_adder_3', a pin on submodule 'gte_x_3' is connected to logic 1 or logic 0. (LINT-32)
   Pin 'TC' is connected to logic 0. 
Warning: In design 'float_adder_3', a pin on submodule 'gte_x_3' is connected to logic 1 or logic 0. (LINT-32)
   Pin 'GE_LT' is connected to logic 1. 
Warning: In design 'float_adder_3', a pin on submodule 'gte_x_3' is connected to logic 1 or logic 0. (LINT-32)
   Pin 'GE_GT_EQ' is connected to logic 1. 
Warning: In design 'float_adder_2', a pin on submodule 'gte_x_3' is connected to logic 1 or logic 0. (LINT-32)
   Pin 'TC' is connected to logic 0. 
Warning: In design 'float_adder_2', a pin on submodule 'gte_x_3' is connected to logic 1 or logic 0. (LINT-32)
   Pin 'GE_LT' is connected to logic 1. 
Warning: In design 'float_adder_2', a pin on submodule 'gte_x_3' is connected to logic 1 or logic 0. (LINT-32)
   Pin 'GE_GT_EQ' is connected to logic 1. 
Warning: In design 'float_adder_1', a pin on submodule 'gte_x_3' is connected to logic 1 or logic 0. (LINT-32)
   Pin 'TC' is connected to logic 0. 
Warning: In design 'float_adder_1', a pin on submodule 'gte_x_3' is connected to logic 1 or logic 0. (LINT-32)
   Pin 'GE_LT' is connected to logic 1. 
Warning: In design 'float_adder_1', a pin on submodule 'gte_x_3' is connected to logic 1 or logic 0. (LINT-32)
   Pin 'GE_GT_EQ' is connected to logic 1. 
Warning: In design 'float_adder_0', a pin on submodule 'gte_x_3' is connected to logic 1 or logic 0. (LINT-32)
   Pin 'TC' is connected to logic 0. 
Warning: In design 'float_adder_0', a pin on submodule 'gte_x_3' is connected to logic 1 or logic 0. (LINT-32)
   Pin 'GE_LT' is connected to logic 1. 
Warning: In design 'float_adder_0', a pin on submodule 'gte_x_3' is connected to logic 1 or logic 0. (LINT-32)
   Pin 'GE_GT_EQ' is connected to logic 1. 
Warning: In design 'khu_sensor_top', the same net is connected to more than one pin on submodule 'uart_controller'. (LINT-33)
   Net 'n2' is connected to pins 'i_UART_DATA_TX[52]', 'i_UART_DATA_TX[6]'', 'i_UART_DATA_TX[2]'.
Warning: In design 'khu_sensor_top', the same net is connected to more than one pin on submodule 'uart_controller'. (LINT-33)
   Net 'n1' is connected to pins 'i_UART_DATA_TX[23]', 'i_UART_DATA_TX[22]'', 'i_UART_DATA_TX[21]', 'i_UART_DATA_TX[20]'.
Warning: In design 'converter_i2f', the same net is connected to more than one pin on submodule 'sub_x_1'. (LINT-33)
   Net 'n216' is connected to pins 'A[31]', 'A[30]'', 'A[29]', 'A[28]', 'A[27]', 'A[26]', 'A[25]', 'A[24]', 'A[23]', 'A[22]', 'A[21]', 'A[20]', 'A[19]', 'A[18]', 'A[17]', 'A[16]', 'A[15]', 'A[14]', 'A[13]', 'A[12]', 'A[11]', 'A[10]', 'A[9]', 'A[8]', 'A[7]', 'A[6]', 'A[5]', 'A[4]', 'A[3]', 'A[2]', 'A[1]', 'CI'.
Warning: In design 'converter_i2f', the same net is connected to more than one pin on submodule 'sub_x_1'. (LINT-33)
   Net 'a[0]' is connected to pins 'B[7]', 'B[6]'', 'B[5]', 'B[4]', 'B[3]', 'B[2]', 'B[1]', 'B[0]'.
Warning: In design 'converter_f2i', the same net is connected to more than one pin on submodule 'sub_x_3'. (LINT-33)
   Net 'n199' is connected to pins 'A[31]', 'A[30]'', 'A[29]', 'A[28]', 'A[27]', 'A[26]', 'A[25]', 'A[24]', 'A[23]', 'A[22]', 'A[21]', 'A[20]', 'A[19]', 'A[18]', 'A[17]', 'A[16]', 'A[15]', 'A[14]', 'A[13]', 'A[12]', 'A[11]', 'A[10]', 'A[9]', 'A[8]', 'A[7]', 'A[6]', 'A[5]', 'A[4]', 'A[3]', 'A[2]', 'A[1]', 'CI'.
Warning: In design 'float_adder_3', the same net is connected to more than one pin on submodule 'gte_x_3'. (LINT-33)
   Net 'n481' is connected to pins 'GE_LT', 'GE_GT_EQ''.
Warning: In design 'float_adder_2', the same net is connected to more than one pin on submodule 'gte_x_3'. (LINT-33)
   Net 'n481' is connected to pins 'GE_LT', 'GE_GT_EQ''.
Warning: In design 'float_adder_1', the same net is connected to more than one pin on submodule 'gte_x_3'. (LINT-33)
   Net 'n481' is connected to pins 'GE_LT', 'GE_GT_EQ''.
Warning: In design 'float_adder_0', the same net is connected to more than one pin on submodule 'gte_x_3'. (LINT-33)
   Net 'n481' is connected to pins 'GE_LT', 'GE_GT_EQ''.
1
