 
****************************************
Report : clock_gating
        -style
Design : khu_sensor_pad
Version: N-2017.09
Date   : Thu Nov 19 08:08:25 2020
****************************************



 Information:  No Clock Gating Cell Found


                             Clock Gating Summary
          ------------------------------------------------------------
          |    Number of Clock gating elements    |        0         |
          |                                       |                  |
          |    Number of Gated registers          |     0 (0.00%)    |
          |                                       |                  |
          |    Number of Ungated registers        |  5213 (100.00%)  |
          |                                       |                  |
          |    Total number of registers          |     5213         |
          ------------------------------------------------------------



1
 
****************************************
Report : clock gating check
Design : khu_sensor_pad
Scenario(s): func1_wst
Version: N-2017.09
Date   : Thu Nov 19 08:08:25 2020
****************************************

                                    Rise            Fall
    Cell     Enable  Clock     Setup   Hold    Setup  Hold     Low/High  Attr
--------------------------------------------------------------------------------

    khu_sensor_top/ads1292_controller/clk_gate_o_ADS1292_BUSY_reg/latch
             EN      CK        0.0787    -     0.0199   -      -         i l
    khu_sensor_top/ads1292_controller/clk_gate_o_ADS1292_BUSY_reg/latch
             EN      CK          -     0.0100    -    0.0392   -         i l
    khu_sensor_top/ads1292_controller/clk_gate_o_ADS1292_REG_DATA_OUT_reg_0/latch
             EN      CK        0.1060    -     0.0176   -      -         i l
    khu_sensor_top/ads1292_controller/clk_gate_o_ADS1292_REG_DATA_OUT_reg_0/latch
             EN      CK          -     0.0100    -    0.0407   -         i l
    khu_sensor_top/ads1292_controller/clk_gate_r_ads_command_reg_0/latch
             EN      CK        0.0799    -     0.0159   -      -         i l
    khu_sensor_top/ads1292_controller/clk_gate_r_ads_command_reg_0/latch
             EN      CK          -     0.0100    -    0.0371   -         i l
    khu_sensor_top/ads1292_controller/clk_gate_r_spi_data_in_reg_0/latch
             EN      CK        0.0844    -     0.0164   -      -         i l
    khu_sensor_top/ads1292_controller/clk_gate_r_spi_data_in_reg_0/latch
             EN      CK          -     0.0100    -    0.0335   -         i l
    khu_sensor_top/ads1292_controller/clk_gate_r_ads_reg_addr_reg/latch
             EN      CK        0.1323    -     0.0488   -      -         i l
    khu_sensor_top/ads1292_controller/clk_gate_r_ads_reg_addr_reg/latch
             EN      CK          -     0.0100    -    0.0240   -         i l
    khu_sensor_top/ads1292_controller/clk_gate_o_ADS1292_DATA_OUT_reg_0/latch
             EN      CK        0.1238    -     0.0246   -      -         i l
    khu_sensor_top/ads1292_controller/clk_gate_o_ADS1292_DATA_OUT_reg_0/latch
             EN      CK          -     0.0100    -    0.0332   -         i l
    khu_sensor_top/ads1292_controller/clk_gate_r_ads_data_out_reg_0/latch
             EN      CK        0.1373    -     0.0339   -      -         i l
    khu_sensor_top/ads1292_controller/clk_gate_r_ads_data_out_reg_0/latch
             EN      CK          -     0.0100    -    0.0280   -         i l
    khu_sensor_top/ads1292_controller/clk_gate_r_clk_counter_reg_0/latch
             EN      CK        0.0791    -     0.0182   -      -         i l
    khu_sensor_top/ads1292_controller/clk_gate_r_clk_counter_reg_0/latch
             EN      CK          -     0.0100    -    0.0376   -         i l
    khu_sensor_top/ads1292_filter/clk_gate_r_converter_f2i_a_stb_reg/latch
             EN      CK        0.0896    -     0.0194   -      -         i l
    khu_sensor_top/ads1292_filter/clk_gate_r_converter_f2i_a_stb_reg/latch
             EN      CK          -     0.0100    -    0.0366   -         i l
    khu_sensor_top/ads1292_filter/clk_gate_r_counter_reg_0/latch
             EN      CK        0.0697    -     0.0166   -      -         i l
    khu_sensor_top/ads1292_filter/clk_gate_r_counter_reg_0/latch
             EN      CK          -     0.0100    -    0.0323   -         i l
    khu_sensor_top/ads1292_filter/clk_gate_o_ADS1292_FILTERED_DATA_reg_0/latch
             EN      CK        0.1217    -     0.0260   -      -         i l
    khu_sensor_top/ads1292_filter/clk_gate_o_ADS1292_FILTERED_DATA_reg_0/latch
             EN      CK          -     0.0100    -    0.0325   -         i l
    khu_sensor_top/ads1292_filter/clk_gate_r_converter_i2f_a_reg_0/latch
             EN      CK        0.0997    -     0.0210   -      -         i l
    khu_sensor_top/ads1292_filter/clk_gate_r_converter_i2f_a_reg_0/latch
             EN      CK          -     0.0100    -    0.0288   -         i l
    khu_sensor_top/ads1292_filter/clk_gate_r_converter_f2i_a_reg_0/latch
             EN      CK        0.1045    -     0.0333   -      -         i l
    khu_sensor_top/ads1292_filter/clk_gate_r_converter_f2i_a_reg_0/latch
             EN      CK          -     0.0100    -    0.0314   -         i l
    khu_sensor_top/ads1292_filter/clk_gate_r_iir_hpf_x_reg_0/latch
             EN      CK        0.1113    -     0.0274   -      -         i l
    khu_sensor_top/ads1292_filter/clk_gate_r_iir_hpf_x_reg_0/latch
             EN      CK          -     0.0100    -    0.0310   -         i l
    khu_sensor_top/ads1292_filter/clk_gate_r_iir_lpf_x_reg_0/latch
             EN      CK        0.1218    -     0.0435   -      -         i l
    khu_sensor_top/ads1292_filter/clk_gate_r_iir_lpf_x_reg_0/latch
             EN      CK          -     0.0100    -    0.0291   -         i l
    khu_sensor_top/ads1292_filter/clk_gate_r_iir_notch_x_reg_0/latch
             EN      CK        0.1103    -     0.0265   -      -         i l
    khu_sensor_top/ads1292_filter/clk_gate_r_iir_notch_x_reg_0/latch
             EN      CK          -     0.0100    -    0.0334   -         i l
    khu_sensor_top/mpr121_controller/clk_gate_r_i2c_write_reg/latch
             EN      CK        0.0709    -     0.0150   -      -         i l
    khu_sensor_top/mpr121_controller/clk_gate_r_i2c_write_reg/latch
             EN      CK          -     0.0100    -    0.0384   -         i l
    khu_sensor_top/mpr121_controller/clk_gate_o_MPR121_DATA_OUT_reg_0/latch
             EN      CK        0.0941    -     0.0186   -      -         i l
    khu_sensor_top/mpr121_controller/clk_gate_o_MPR121_DATA_OUT_reg_0/latch
             EN      CK          -     0.0100    -    0.0288   -         i l
    khu_sensor_top/mpr121_controller/clk_gate_r_i2c_data_in_reg_0/latch
             EN      CK        0.1013    -     0.0262   -      -         i l
    khu_sensor_top/mpr121_controller/clk_gate_r_i2c_data_in_reg_0/latch
             EN      CK          -     0.0100    -    0.0275   -         i l
    khu_sensor_top/mpr121_controller/clk_gate_o_MPR121_INIT_SET_reg/latch
             EN      CK        0.0761    -     0.0145   -      -         i l
    khu_sensor_top/mpr121_controller/clk_gate_o_MPR121_INIT_SET_reg/latch
             EN      CK          -     0.0100    -    0.0437   -         i l
    khu_sensor_top/mpr121_controller/clk_gate_r_i2c_reg_data_in_reg_0/latch
             EN      CK        0.0619    -     0.0133   -      -         i l
    khu_sensor_top/mpr121_controller/clk_gate_r_i2c_reg_data_in_reg_0/latch
             EN      CK          -     0.0100    -    0.0460   -         i l
    khu_sensor_top/sensor_core/clk_gate_r_mpr_read_reg_done_reg/latch
             EN      CK        0.1096    -     0.0274   -      -         i l
    khu_sensor_top/sensor_core/clk_gate_r_mpr_read_reg_done_reg/latch
             EN      CK          -     0.0100    -    0.0256   -         i l
    khu_sensor_top/sensor_core/clk_gate_r_mpr_touch_status_reg_0/latch
             EN      CK        0.0830    -     0.0163   -      -         i l
    khu_sensor_top/sensor_core/clk_gate_r_mpr_touch_status_reg_0/latch
             EN      CK          -     0.0100    -    0.0326   -         i l
    khu_sensor_top/sensor_core/clk_gate_r_ads_second_param_reg_0/latch
             EN      CK        0.0730    -     0.0154   -      -         i l
    khu_sensor_top/sensor_core/clk_gate_r_ads_second_param_reg_0/latch
             EN      CK          -     0.0100    -    0.0352   -         i l
    khu_sensor_top/sensor_core/clk_gate_r_uart_clk_counter_reg/latch
             EN      CK        0.0669    -     0.0144   -      -         i l
    khu_sensor_top/sensor_core/clk_gate_r_uart_clk_counter_reg/latch
             EN      CK          -     0.0100    -    0.0349   -         i l
    khu_sensor_top/sensor_core/clk_gate_r_ads_ch2_data_out_reg_0/latch
             EN      CK        0.0908    -     0.0177   -      -         i l
    khu_sensor_top/sensor_core/clk_gate_r_ads_ch2_data_out_reg_0/latch
             EN      CK          -     0.0100    -    0.0283   -         i l
    khu_sensor_top/sensor_core/clk_gate_o_UART_DATA_TX_reg_0/latch
             EN      CK        0.1017    -     0.0258   -      -         i l
    khu_sensor_top/sensor_core/clk_gate_o_UART_DATA_TX_reg_0/latch
             EN      CK          -     0.0100    -    0.0263   -         i l
    khu_sensor_top/sensor_core/clk_gate_o_ADS1292_DATA_IN_reg_0/latch
             EN      CK        0.1237    -     0.0229   -      -         i l
    khu_sensor_top/sensor_core/clk_gate_o_ADS1292_DATA_IN_reg_0/latch
             EN      CK          -     0.0100    -    0.0244   -         i l
    khu_sensor_top/sensor_core/clk_gate_o_ADS1292_REG_ADDR_reg_0/latch
             EN      CK        0.0930    -     0.0214   -      -         i l
    khu_sensor_top/sensor_core/clk_gate_o_ADS1292_REG_ADDR_reg_0/latch
             EN      CK          -     0.0100    -    0.0247   -         i l
    khu_sensor_top/sensor_core/clk_gate_o_MPR121_REG_ADDR_reg_0/latch
             EN      CK        0.0880    -     0.0171   -      -         i l
    khu_sensor_top/sensor_core/clk_gate_o_MPR121_REG_ADDR_reg_0/latch
             EN      CK          -     0.0100    -    0.0296   -         i l
    khu_sensor_top/sensor_core/clk_gate_r_ads_reg_addr_reg_0/latch
             EN      CK        0.0834    -     0.0194   -      -         i l
    khu_sensor_top/sensor_core/clk_gate_r_ads_reg_addr_reg_0/latch
             EN      CK          -     0.0100    -    0.0291   -         i l
    khu_sensor_top/sensor_core/clk_gate_r_mpr_first_param_reg_0/latch
             EN      CK        0.0877    -     0.0191   -      -         i l
    khu_sensor_top/sensor_core/clk_gate_r_mpr_first_param_reg_0/latch
             EN      CK          -     0.0100    -    0.0320   -         i l
    khu_sensor_top/sensor_core/clk_gate_r_mpr_reg_addr_reg_0/latch
             EN      CK        0.1266    -     0.0473   -      -         i l
    khu_sensor_top/sensor_core/clk_gate_r_mpr_reg_addr_reg_0/latch
             EN      CK          -     0.0100    -    0.0213   -         i l
    khu_sensor_top/sensor_core/clk_gate_r_mpr_touch_status_0_reg_0/latch
             EN      CK        0.0822    -     0.0166   -      -         i l
    khu_sensor_top/sensor_core/clk_gate_r_mpr_touch_status_0_reg_0/latch
             EN      CK          -     0.0100    -    0.0336   -         i l
    khu_sensor_top/sensor_core/clk_gate_r_ads_read_reg_done_reg/latch
             EN      CK        0.0869    -     0.0167   -      -         i l
    khu_sensor_top/sensor_core/clk_gate_r_ads_read_reg_done_reg/latch
             EN      CK          -     0.0100    -    0.0296   -         i l
    khu_sensor_top/sensor_core/clk_gate_r_ads_clk_counter_reg_0/latch
             EN      CK        0.1070    -     0.0374   -      -         i l
    khu_sensor_top/sensor_core/clk_gate_r_ads_clk_counter_reg_0/latch
             EN      CK          -     0.0100    -    0.0249   -         i l
    khu_sensor_top/sensor_core/clk_gate_o_ADS1292_FILTERED_DATA_ACK_reg/latch
             EN      CK        0.0983    -     0.0304   -      -         i l
    khu_sensor_top/sensor_core/clk_gate_o_ADS1292_FILTERED_DATA_ACK_reg/latch
             EN      CK          -     0.0100    -    0.0264   -         i l
    khu_sensor_top/sensor_core/clk_gate_r_mpr_chip_set_done_reg/latch
             EN      CK        0.0589    -     0.0138   -      -         i l
    khu_sensor_top/sensor_core/clk_gate_r_mpr_chip_set_done_reg/latch
             EN      CK          -     0.0100    -    0.0389   -         i l
    khu_sensor_top/sensor_core/clk_gate_r_ads_run_set_done_reg/latch
             EN      CK        0.0957    -     0.0224   -      -         i l
    khu_sensor_top/sensor_core/clk_gate_r_ads_run_set_done_reg/latch
             EN      CK          -     0.0100    -    0.0266   -         i l
    khu_sensor_top/sensor_core/clk_gate_r_mpr_lstate_reg_0/latch
             EN      CK        0.0612    -     0.0146   -      -         i l
    khu_sensor_top/sensor_core/clk_gate_r_mpr_lstate_reg_0/latch
             EN      CK          -     0.0100    -    0.0363   -         i l
    khu_sensor_top/sensor_core/clk_gate_r_mpr_touch_status_1_reg_0/latch
             EN      CK        0.0746    -     0.0156   -      -         i l
    khu_sensor_top/sensor_core/clk_gate_r_mpr_touch_status_1_reg_0/latch
             EN      CK          -     0.0100    -    0.0355   -         i l
    khu_sensor_top/sensor_core/clk_gate_o_MPR121_DATA_IN_reg_0/latch
             EN      CK        0.0739    -     0.0146   -      -         i l
    khu_sensor_top/sensor_core/clk_gate_o_MPR121_DATA_IN_reg_0/latch
             EN      CK          -     0.0100    -    0.0370   -         i l
    khu_sensor_top/sensor_core/clk_gate_r_mpr_second_param_reg_0/latch
             EN      CK        0.0784    -     0.0165   -      -         i l
    khu_sensor_top/sensor_core/clk_gate_r_mpr_second_param_reg_0/latch
             EN      CK          -     0.0100    -    0.0360   -         i l
    khu_sensor_top/uart_controller/clk_gate_o_UART_DATA_RX_reg_1/latch
             EN      CK        0.0676    -     0.0144   -      -         i l
    khu_sensor_top/uart_controller/clk_gate_o_UART_DATA_RX_reg_1/latch
             EN      CK          -     0.0100    -    0.0348   -         i l
    khu_sensor_top/uart_controller/clk_gate_o_UART_DATA_RX_reg_2/latch
             EN      CK        0.1054    -     0.0178   -      -         i l
    khu_sensor_top/uart_controller/clk_gate_o_UART_DATA_RX_reg_2/latch
             EN      CK          -     0.0100    -    0.0279   -         i l
    khu_sensor_top/uart_controller/clk_gate_r_uart_data_tx_valid_reg/latch
             EN      CK        0.0786    -     0.0155   -      -         i l
    khu_sensor_top/uart_controller/clk_gate_r_uart_data_tx_valid_reg/latch
             EN      CK          -     0.0100    -    0.0322   -         i l
    khu_sensor_top/uart_controller/clk_gate_r_uart_data_tx_shift_reg_0/latch
             EN      CK        0.1099    -     0.0298   -      -         i l
    khu_sensor_top/uart_controller/clk_gate_r_uart_data_tx_shift_reg_0/latch
             EN      CK          -     0.0100    -    0.0250   -         i l
    khu_sensor_top/ads1292_controller/spi_master/clk_gate_r_SPI_Clk_Edges_reg_0/latch
             EN      CK        0.0796    -     0.0158   -      -         i l
    khu_sensor_top/ads1292_controller/spi_master/clk_gate_r_SPI_Clk_Edges_reg_0/latch
             EN      CK          -     0.0100    -    0.0354   -         i l
    khu_sensor_top/ads1292_controller/spi_master/clk_gate_o_RX_Byte_reg/latch
             EN      CK        0.0720    -     0.0146   -      -         i l
    khu_sensor_top/ads1292_controller/spi_master/clk_gate_o_RX_Byte_reg/latch
             EN      CK          -     0.0100    -    0.0381   -         i l
    khu_sensor_top/ads1292_controller/spi_master/clk_gate_r_SPI_Clk_Count_reg_0/latch
             EN      CK        0.0816    -     0.0161   -      -         i l
    khu_sensor_top/ads1292_controller/spi_master/clk_gate_r_SPI_Clk_Count_reg_0/latch
             EN      CK          -     0.0100    -    0.0341   -         i l
    khu_sensor_top/ads1292_controller/spi_master/clk_gate_r_TX_Byte_reg_0/latch
             EN      CK        0.1282    -     0.0348   -      -         i l
    khu_sensor_top/ads1292_controller/spi_master/clk_gate_r_TX_Byte_reg_0/latch
             EN      CK          -     0.0100    -    0.0262   -         i l
    khu_sensor_top/ads1292_filter/converter_f2i/clk_gate_o_Z_reg_0/latch
             EN      CK        0.0823    -     0.0153   -      -         i l
    khu_sensor_top/ads1292_filter/converter_f2i/clk_gate_o_Z_reg_0/latch
             EN      CK          -     0.0100    -    0.0396   -         i l
    khu_sensor_top/ads1292_filter/converter_f2i/clk_gate_z_reg_0/latch
             EN      CK        0.0839    -     0.0163   -      -         i l
    khu_sensor_top/ads1292_filter/converter_f2i/clk_gate_z_reg_0/latch
             EN      CK          -     0.0100    -    0.0387   -         i l
    khu_sensor_top/ads1292_filter/converter_f2i/clk_gate_a_reg_0/latch
             EN      CK        0.1219    -     0.0214   -      -         i l
    khu_sensor_top/ads1292_filter/converter_f2i/clk_gate_a_reg_0/latch
             EN      CK          -     0.0100    -    0.0326   -         i l
    khu_sensor_top/ads1292_filter/converter_f2i/clk_gate_a_s_reg/latch
             EN      CK        0.1209    -     0.0341   -      -         i l
    khu_sensor_top/ads1292_filter/converter_f2i/clk_gate_a_s_reg/latch
             EN      CK          -     0.0100    -    0.0321   -         i l
    khu_sensor_top/ads1292_filter/iir_hpf/clk_gate_o_Y_DATA_reg_0/latch
             EN      CK        0.0638    -     0.0137   -      -         i l
    khu_sensor_top/ads1292_filter/iir_hpf/clk_gate_o_Y_DATA_reg_0/latch
             EN      CK          -     0.0100    -    0.0445   -         i l
    khu_sensor_top/ads1292_filter/iir_hpf/clk_gate_r_mult_A_reg/latch
             EN      CK        0.1336    -     0.0368   -      -         i l
    khu_sensor_top/ads1292_filter/iir_hpf/clk_gate_r_mult_A_reg/latch
             EN      CK          -     0.0100    -    0.0258   -         i l
    khu_sensor_top/ads1292_filter/iir_hpf/clk_gate_r_add_B_reg_0/latch
             EN      CK        0.1179    -     0.0259   -      -         i l
    khu_sensor_top/ads1292_filter/iir_hpf/clk_gate_r_add_B_reg_0/latch
             EN      CK          -     0.0100    -    0.0307   -         i l
    khu_sensor_top/ads1292_filter/iir_hpf/clk_gate_r_y_data_reg/latch
             EN      CK        0.1156    -     0.0289   -      -         i l
    khu_sensor_top/ads1292_filter/iir_hpf/clk_gate_r_y_data_reg/latch
             EN      CK          -     0.0100    -    0.0290   -         i l
    khu_sensor_top/ads1292_filter/iir_notch/clk_gate_r_mult_1_A_reg/latch
             EN      CK        0.0992    -     0.0228   -      -         i l
    khu_sensor_top/ads1292_filter/iir_notch/clk_gate_r_mult_1_A_reg/latch
             EN      CK          -     0.0100    -    0.0310   -         i l
    khu_sensor_top/ads1292_filter/iir_notch/clk_gate_r_mult_3_AB_STB_reg/latch
             EN      CK        0.0781    -     0.0158   -      -         i l
    khu_sensor_top/ads1292_filter/iir_notch/clk_gate_r_mult_3_AB_STB_reg/latch
             EN      CK          -     0.0100    -    0.0376   -         i l
    khu_sensor_top/ads1292_filter/iir_notch/clk_gate_o_Y_DATA_reg_0/latch
             EN      CK        0.1153    -     0.0303   -      -         i l
    khu_sensor_top/ads1292_filter/iir_notch/clk_gate_o_Y_DATA_reg_0/latch
             EN      CK          -     0.0100    -    0.0303   -         i l
    khu_sensor_top/ads1292_filter/iir_notch/clk_gate_r_mult_3_A_reg_0/latch
             EN      CK        0.1314    -     0.0325   -      -         i l
    khu_sensor_top/ads1292_filter/iir_notch/clk_gate_r_mult_3_A_reg_0/latch
             EN      CK          -     0.0100    -    0.0298   -         i l
    khu_sensor_top/ads1292_filter/iir_notch/clk_gate_r_add_1_B_reg/latch
             EN      CK        0.1007    -     0.0225   -      -         i l
    khu_sensor_top/ads1292_filter/iir_notch/clk_gate_r_add_1_B_reg/latch
             EN      CK          -     0.0100    -    0.0310   -         i l
    khu_sensor_top/ads1292_filter/iir_notch/clk_gate_r_add_2_A_reg/latch
             EN      CK        0.0812    -     0.0157   -      -         i l
    khu_sensor_top/ads1292_filter/iir_notch/clk_gate_r_add_2_A_reg/latch
             EN      CK          -     0.0100    -    0.0377   -         i l
    khu_sensor_top/ads1292_filter/iir_notch/clk_gate_r_x_data_reg_1/latch
             EN      CK        0.1079    -     0.0247   -      -         i l
    khu_sensor_top/ads1292_filter/iir_notch/clk_gate_r_x_data_reg_1/latch
             EN      CK          -     0.0100    -    0.0314   -         i l
    khu_sensor_top/ads1292_filter/iir_notch/clk_gate_r_y_data_reg_0/latch
             EN      CK        0.1087    -     0.0253   -      -         i l
    khu_sensor_top/ads1292_filter/iir_notch/clk_gate_r_y_data_reg_0/latch
             EN      CK          -     0.0100    -    0.0296   -         i l
    khu_sensor_top/ads1292_filter/iir_notch/clk_gate_r_x_data_reg_2/latch
             EN      CK        0.1087    -     0.0253   -      -         i l
    khu_sensor_top/ads1292_filter/iir_notch/clk_gate_r_x_data_reg_2/latch
             EN      CK          -     0.0100    -    0.0296   -         i l
    khu_sensor_top/ads1292_filter/iir_lpf/clk_gate_o_Y_DATA_reg_0/latch
             EN      CK        0.1297    -     0.0395   -      -         i l
    khu_sensor_top/ads1292_filter/iir_lpf/clk_gate_o_Y_DATA_reg_0/latch
             EN      CK          -     0.0100    -    0.0297   -         i l
    khu_sensor_top/ads1292_filter/iir_lpf/clk_gate_r_add_B_reg/latch
             EN      CK        0.1241    -     0.0335   -      -         i l
    khu_sensor_top/ads1292_filter/iir_lpf/clk_gate_r_add_B_reg/latch
             EN      CK          -     0.0100    -    0.0329   -         i l
    khu_sensor_top/ads1292_filter/iir_lpf/clk_gate_r_y_data_reg_0/latch
             EN      CK        0.1384    -     0.0392   -      -         i l
    khu_sensor_top/ads1292_filter/iir_lpf/clk_gate_r_y_data_reg_0/latch
             EN      CK          -     0.0100    -    0.0286   -         i l
    khu_sensor_top/ads1292_filter/iir_lpf/clk_gate_r_x_data_reg_0/latch
             EN      CK        0.1384    -     0.0392   -      -         i l
    khu_sensor_top/ads1292_filter/iir_lpf/clk_gate_r_x_data_reg_0/latch
             EN      CK          -     0.0100    -    0.0286   -         i l
    khu_sensor_top/ads1292_filter/iir_lpf/clk_gate_r_mult_2_A_reg/latch
             EN      CK        0.1065    -     0.0235   -      -         i l
    khu_sensor_top/ads1292_filter/iir_lpf/clk_gate_r_mult_2_A_reg/latch
             EN      CK          -     0.0100    -    0.0333   -         i l
    khu_sensor_top/ads1292_filter/converter_i2f/clk_gate_a_reg_0/latch
             EN      CK        0.1119    -     0.0244   -      -         i l
    khu_sensor_top/ads1292_filter/converter_i2f/clk_gate_a_reg_0/latch
             EN      CK          -     0.0100    -    0.0292   -         i l
    khu_sensor_top/ads1292_filter/converter_i2f/clk_gate_value_reg_0/latch
             EN      CK        0.0930    -     0.0171   -      -         i l
    khu_sensor_top/ads1292_filter/converter_i2f/clk_gate_value_reg_0/latch
             EN      CK          -     0.0100    -    0.0317   -         i l
    khu_sensor_top/ads1292_filter/converter_i2f/clk_gate_z_e_reg/latch
             EN      CK        0.0938    -     0.0168   -      -         i l
    khu_sensor_top/ads1292_filter/converter_i2f/clk_gate_z_e_reg/latch
             EN      CK          -     0.0100    -    0.0343   -         i l
    khu_sensor_top/ads1292_filter/converter_i2f/clk_gate_o_Z_reg_0/latch
             EN      CK        0.1230    -     0.0287   -      -         i l
    khu_sensor_top/ads1292_filter/converter_i2f/clk_gate_o_Z_reg_0/latch
             EN      CK          -     0.0100    -    0.0309   -         i l
    khu_sensor_top/ads1292_filter/converter_i2f/clk_gate_z_reg_0/latch
             EN      CK        0.1240    -     0.0261   -      -         i l
    khu_sensor_top/ads1292_filter/converter_i2f/clk_gate_z_reg_0/latch
             EN      CK          -     0.0100    -    0.0287   -         i l
    khu_sensor_top/mpr121_controller/i2c_master/clk_gate_phy_rx_data_reg_reg_0/latch
             EN      CK        0.0832    -     0.0233   -      -         i l
    khu_sensor_top/mpr121_controller/i2c_master/clk_gate_phy_rx_data_reg_reg_0/latch
             EN      CK          -     0.0100    -    0.0399   -         i l
    khu_sensor_top/mpr121_controller/i2c_master/clk_gate_data_out_reg_reg_0/latch
             EN      CK        0.0934    -     0.0178   -      -         i l
    khu_sensor_top/mpr121_controller/i2c_master/clk_gate_data_out_reg_reg_0/latch
             EN      CK          -     0.0100    -    0.0330   -         i l
    khu_sensor_top/mpr121_controller/i2c_master/clk_gate_last_reg_reg/latch
             EN      CK        0.1155    -     0.0237   -      -         i l
    khu_sensor_top/mpr121_controller/i2c_master/clk_gate_last_reg_reg/latch
             EN      CK          -     0.0100    -    0.0374   -         i l
    khu_sensor_top/uart_controller/uart_rx/clk_gate_r_Bit_Index_reg/latch
             EN      CK        0.0832    -     0.0176   -      -         i l
    khu_sensor_top/uart_controller/uart_rx/clk_gate_r_Bit_Index_reg/latch
             EN      CK          -     0.0100    -    0.0313   -         i l
    khu_sensor_top/uart_controller/uart_tx/clk_gate_o_Tx_Serial_reg/latch
             EN      CK        0.0736    -     0.0180   -      -         i l
    khu_sensor_top/uart_controller/uart_tx/clk_gate_o_Tx_Serial_reg/latch
             EN      CK          -     0.0100    -    0.0369   -         i l
    khu_sensor_top/uart_controller/uart_tx/clk_gate_r_Tx_Data_reg_0/latch
             EN      CK        0.0585    -     0.0133   -      -         i l
    khu_sensor_top/uart_controller/uart_tx/clk_gate_r_Tx_Data_reg_0/latch
             EN      CK          -     0.0100    -    0.0376   -         i l
    khu_sensor_top/ads1292_filter/iir_hpf/mult/clk_gate_b_reg/latch
             EN      CK        0.1115    -     0.0364   -      -         i l
    khu_sensor_top/ads1292_filter/iir_hpf/mult/clk_gate_b_reg/latch
             EN      CK          -     0.0100    -    0.0265   -         i l
    khu_sensor_top/ads1292_filter/iir_hpf/mult/clk_gate_a_e_reg/latch
             EN      CK        0.0808    -     0.0163   -      -         i l
    khu_sensor_top/ads1292_filter/iir_hpf/mult/clk_gate_a_e_reg/latch
             EN      CK          -     0.0100    -    0.0373   -         i l
    khu_sensor_top/ads1292_filter/iir_hpf/mult/clk_gate_z_e_reg_0/latch
             EN      CK        0.1153    -     0.0293   -      -         i l
    khu_sensor_top/ads1292_filter/iir_hpf/mult/clk_gate_z_e_reg_0/latch
             EN      CK          -     0.0100    -    0.0277   -         i l
    khu_sensor_top/ads1292_filter/iir_hpf/mult/clk_gate_guard_reg/latch
             EN      CK        0.1016    -     0.0258   -      -         i l
    khu_sensor_top/ads1292_filter/iir_hpf/mult/clk_gate_guard_reg/latch
             EN      CK          -     0.0100    -    0.0279   -         i l
    khu_sensor_top/ads1292_filter/iir_hpf/mult/clk_gate_a_e_reg_0/latch
             EN      CK        0.1174    -     0.0292   -      -         i l
    khu_sensor_top/ads1292_filter/iir_hpf/mult/clk_gate_a_e_reg_0/latch
             EN      CK          -     0.0100    -    0.0279   -         i l
    khu_sensor_top/ads1292_filter/iir_hpf/mult/clk_gate_b_e_reg/latch
             EN      CK        0.0992    -     0.0227   -      -         i l
    khu_sensor_top/ads1292_filter/iir_hpf/mult/clk_gate_b_e_reg/latch
             EN      CK          -     0.0100    -    0.0332   -         i l
    khu_sensor_top/ads1292_filter/iir_hpf/mult/clk_gate_R_39/latch
             EN      CK        0.1395    -     0.0541   -      -         i l
    khu_sensor_top/ads1292_filter/iir_hpf/mult/clk_gate_R_39/latch
             EN      CK          -     0.0100    -    0.0229   -         i l
    khu_sensor_top/ads1292_filter/iir_hpf/mult/clk_gate_o_Z_reg_0/latch
             EN      CK        0.0798    -     0.0163   -      -         i l
    khu_sensor_top/ads1292_filter/iir_hpf/mult/clk_gate_o_Z_reg_0/latch
             EN      CK          -     0.0100    -    0.0355   -         i l
    khu_sensor_top/ads1292_filter/iir_hpf/mult/clk_gate_z_reg_0/latch
             EN      CK        0.0971    -     0.0188   -      -         i l
    khu_sensor_top/ads1292_filter/iir_hpf/mult/clk_gate_z_reg_0/latch
             EN      CK          -     0.0100    -    0.0291   -         i l
    khu_sensor_top/ads1292_filter/iir_hpf/add/clk_gate_b_reg/latch
             EN      CK        0.1066    -     0.0371   -      -         i l
    khu_sensor_top/ads1292_filter/iir_hpf/add/clk_gate_b_reg/latch
             EN      CK          -     0.0100    -    0.0301   -         i l
    khu_sensor_top/ads1292_filter/iir_hpf/add/clk_gate_a_e_reg_1/latch
             EN      CK        0.1012    -     0.0213   -      -         i l
    khu_sensor_top/ads1292_filter/iir_hpf/add/clk_gate_a_e_reg_1/latch
             EN      CK          -     0.0100    -    0.0363   -         i l
    khu_sensor_top/ads1292_filter/iir_hpf/add/clk_gate_z_e_reg_0/latch
             EN      CK        0.1320    -     0.0401   -      -         i l
    khu_sensor_top/ads1292_filter/iir_hpf/add/clk_gate_z_e_reg_0/latch
             EN      CK          -     0.0100    -    0.0279   -         i l
    khu_sensor_top/ads1292_filter/iir_hpf/add/clk_gate_sticky_reg/latch
             EN      CK        0.1167    -     0.0237   -      -         i l
    khu_sensor_top/ads1292_filter/iir_hpf/add/clk_gate_sticky_reg/latch
             EN      CK          -     0.0100    -    0.0315   -         i l
    khu_sensor_top/ads1292_filter/iir_hpf/add/clk_gate_b_s_reg/latch
             EN      CK        0.0985    -     0.0224   -      -         i l
    khu_sensor_top/ads1292_filter/iir_hpf/add/clk_gate_b_s_reg/latch
             EN      CK          -     0.0100    -    0.0311   -         i l
    khu_sensor_top/ads1292_filter/iir_hpf/add/clk_gate_b_m_reg_0/latch
             EN      CK        0.0908    -     0.0191   -      -         i l
    khu_sensor_top/ads1292_filter/iir_hpf/add/clk_gate_b_m_reg_0/latch
             EN      CK          -     0.0100    -    0.0317   -         i l
    khu_sensor_top/ads1292_filter/iir_hpf/add/clk_gate_sum_reg_0/latch
             EN      CK        0.1064    -     0.0203   -      -         i l
    khu_sensor_top/ads1292_filter/iir_hpf/add/clk_gate_sum_reg_0/latch
             EN      CK          -     0.0100    -    0.0338   -         i l
    khu_sensor_top/ads1292_filter/iir_hpf/add/clk_gate_o_Z_reg_0/latch
             EN      CK        0.1405    -     0.0331   -      -         i l
    khu_sensor_top/ads1292_filter/iir_hpf/add/clk_gate_o_Z_reg_0/latch
             EN      CK          -     0.0100    -    0.0312   -         i l
    khu_sensor_top/ads1292_filter/iir_hpf/add/clk_gate_z_reg_0/latch
             EN      CK        0.0951    -     0.0203   -      -         i l
    khu_sensor_top/ads1292_filter/iir_hpf/add/clk_gate_z_reg_0/latch
             EN      CK          -     0.0100    -    0.0329   -         i l
    khu_sensor_top/ads1292_filter/iir_notch/mult_3/clk_gate_R_43/latch
             EN      CK        0.1322    -     0.0248   -      -         i l
    khu_sensor_top/ads1292_filter/iir_notch/mult_3/clk_gate_R_43/latch
             EN      CK          -     0.0100    -    0.0311   -         i l
    khu_sensor_top/ads1292_filter/iir_notch/mult_3/clk_gate_a_e_reg/latch
             EN      CK        0.1079    -     0.0230   -      -         i l
    khu_sensor_top/ads1292_filter/iir_notch/mult_3/clk_gate_a_e_reg/latch
             EN      CK          -     0.0100    -    0.0319   -         i l
    khu_sensor_top/ads1292_filter/iir_notch/mult_3/clk_gate_z_e_reg_0/latch
             EN      CK        0.1099    -     0.0261   -      -         i l
    khu_sensor_top/ads1292_filter/iir_notch/mult_3/clk_gate_z_e_reg_0/latch
             EN      CK          -     0.0100    -    0.0301   -         i l
    khu_sensor_top/ads1292_filter/iir_notch/mult_3/clk_gate_guard_reg/latch
             EN      CK        0.0970    -     0.0231   -      -         i l
    khu_sensor_top/ads1292_filter/iir_notch/mult_3/clk_gate_guard_reg/latch
             EN      CK          -     0.0100    -    0.0319   -         i l
    khu_sensor_top/ads1292_filter/iir_notch/mult_3/clk_gate_a_e_reg_0/latch
             EN      CK        0.1032    -     0.0254   -      -         i l
    khu_sensor_top/ads1292_filter/iir_notch/mult_3/clk_gate_a_e_reg_0/latch
             EN      CK          -     0.0100    -    0.0313   -         i l
    khu_sensor_top/ads1292_filter/iir_notch/mult_3/clk_gate_R_23/latch
             EN      CK        0.1085    -     0.0282   -      -         i l
    khu_sensor_top/ads1292_filter/iir_notch/mult_3/clk_gate_R_23/latch
             EN      CK          -     0.0100    -    0.0320   -         i l
    khu_sensor_top/ads1292_filter/iir_notch/mult_3/clk_gate_R_38/latch
             EN      CK        0.1405    -     0.0529   -      -         i l
    khu_sensor_top/ads1292_filter/iir_notch/mult_3/clk_gate_R_38/latch
             EN      CK          -     0.0100    -    0.0249   -         i l
    khu_sensor_top/ads1292_filter/iir_notch/mult_3/clk_gate_o_Z_reg_0/latch
             EN      CK        0.0894    -     0.0164   -      -         i l
    khu_sensor_top/ads1292_filter/iir_notch/mult_3/clk_gate_o_Z_reg_0/latch
             EN      CK          -     0.0100    -    0.0355   -         i l
    khu_sensor_top/ads1292_filter/iir_notch/mult_3/clk_gate_z_reg_0/latch
             EN      CK        0.1009    -     0.0214   -      -         i l
    khu_sensor_top/ads1292_filter/iir_notch/mult_3/clk_gate_z_reg_0/latch
             EN      CK          -     0.0100    -    0.0321   -         i l
    khu_sensor_top/ads1292_filter/iir_notch/mult_2/clk_gate_R_42/latch
             EN      CK        0.1323    -     0.0257   -      -         i l
    khu_sensor_top/ads1292_filter/iir_notch/mult_2/clk_gate_R_42/latch
             EN      CK          -     0.0100    -    0.0308   -         i l
    khu_sensor_top/ads1292_filter/iir_notch/mult_2/clk_gate_a_e_reg/latch
             EN      CK        0.0817    -     0.0166   -      -         i l
    khu_sensor_top/ads1292_filter/iir_notch/mult_2/clk_gate_a_e_reg/latch
             EN      CK          -     0.0100    -    0.0407   -         i l
    khu_sensor_top/ads1292_filter/iir_notch/mult_2/clk_gate_z_e_reg_0/latch
             EN      CK        0.1169    -     0.0301   -      -         i l
    khu_sensor_top/ads1292_filter/iir_notch/mult_2/clk_gate_z_e_reg_0/latch
             EN      CK          -     0.0100    -    0.0292   -         i l
    khu_sensor_top/ads1292_filter/iir_notch/mult_2/clk_gate_guard_reg/latch
             EN      CK        0.0977    -     0.0233   -      -         i l
    khu_sensor_top/ads1292_filter/iir_notch/mult_2/clk_gate_guard_reg/latch
             EN      CK          -     0.0100    -    0.0310   -         i l
    khu_sensor_top/ads1292_filter/iir_notch/mult_2/clk_gate_a_e_reg_0/latch
             EN      CK        0.1250    -     0.0375   -      -         i l
    khu_sensor_top/ads1292_filter/iir_notch/mult_2/clk_gate_a_e_reg_0/latch
             EN      CK          -     0.0100    -    0.0297   -         i l
    khu_sensor_top/ads1292_filter/iir_notch/mult_2/clk_gate_R_17/latch
             EN      CK        0.1041    -     0.0305   -      -         i l
    khu_sensor_top/ads1292_filter/iir_notch/mult_2/clk_gate_R_17/latch
             EN      CK          -     0.0100    -    0.0329   -         i l
    khu_sensor_top/ads1292_filter/iir_notch/mult_2/clk_gate_R_37/latch
             EN      CK        0.1423    -     0.0547   -      -         i l
    khu_sensor_top/ads1292_filter/iir_notch/mult_2/clk_gate_R_37/latch
             EN      CK          -     0.0100    -    0.0248   -         i l
    khu_sensor_top/ads1292_filter/iir_notch/mult_2/clk_gate_o_Z_reg_0/latch
             EN      CK        0.0828    -     0.0181   -      -         i l
    khu_sensor_top/ads1292_filter/iir_notch/mult_2/clk_gate_o_Z_reg_0/latch
             EN      CK          -     0.0100    -    0.0310   -         i l
    khu_sensor_top/ads1292_filter/iir_notch/mult_2/clk_gate_z_reg_0/latch
             EN      CK        0.0895    -     0.0166   -      -         i l
    khu_sensor_top/ads1292_filter/iir_notch/mult_2/clk_gate_z_reg_0/latch
             EN      CK          -     0.0100    -    0.0344   -         i l
    khu_sensor_top/ads1292_filter/iir_notch/mult_1/clk_gate_R_41/latch
             EN      CK        0.1202    -     0.0214   -      -         i l
    khu_sensor_top/ads1292_filter/iir_notch/mult_1/clk_gate_R_41/latch
             EN      CK          -     0.0100    -    0.0310   -         i l
    khu_sensor_top/ads1292_filter/iir_notch/mult_1/clk_gate_a_e_reg/latch
             EN      CK        0.0903    -     0.0204   -      -         i l
    khu_sensor_top/ads1292_filter/iir_notch/mult_1/clk_gate_a_e_reg/latch
             EN      CK          -     0.0100    -    0.0313   -         i l
    khu_sensor_top/ads1292_filter/iir_notch/mult_1/clk_gate_z_e_reg_0/latch
             EN      CK        0.1223    -     0.0324   -      -         i l
    khu_sensor_top/ads1292_filter/iir_notch/mult_1/clk_gate_z_e_reg_0/latch
             EN      CK          -     0.0100    -    0.0286   -         i l
    khu_sensor_top/ads1292_filter/iir_notch/mult_1/clk_gate_guard_reg/latch
             EN      CK        0.1073    -     0.0291   -      -         i l
    khu_sensor_top/ads1292_filter/iir_notch/mult_1/clk_gate_guard_reg/latch
             EN      CK          -     0.0100    -    0.0289   -         i l
    khu_sensor_top/ads1292_filter/iir_notch/mult_1/clk_gate_a_e_reg_0/latch
             EN      CK        0.1076    -     0.0281   -      -         i l
    khu_sensor_top/ads1292_filter/iir_notch/mult_1/clk_gate_a_e_reg_0/latch
             EN      CK          -     0.0100    -    0.0308   -         i l
    khu_sensor_top/ads1292_filter/iir_notch/mult_1/clk_gate_R_11/latch
             EN      CK        0.1130    -     0.0303   -      -         i l
    khu_sensor_top/ads1292_filter/iir_notch/mult_1/clk_gate_R_11/latch
             EN      CK          -     0.0100    -    0.0303   -         i l
    khu_sensor_top/ads1292_filter/iir_notch/mult_1/clk_gate_R_36/latch
             EN      CK        0.1100    -     0.0251   -      -         i l
    khu_sensor_top/ads1292_filter/iir_notch/mult_1/clk_gate_R_36/latch
             EN      CK          -     0.0100    -    0.0304   -         i l
    khu_sensor_top/ads1292_filter/iir_notch/mult_1/clk_gate_o_Z_reg_0/latch
             EN      CK        0.0834    -     0.0157   -      -         i l
    khu_sensor_top/ads1292_filter/iir_notch/mult_1/clk_gate_o_Z_reg_0/latch
             EN      CK          -     0.0100    -    0.0371   -         i l
    khu_sensor_top/ads1292_filter/iir_notch/mult_1/clk_gate_z_reg_0/latch
             EN      CK        0.0865    -     0.0177   -      -         i l
    khu_sensor_top/ads1292_filter/iir_notch/mult_1/clk_gate_z_reg_0/latch
             EN      CK          -     0.0100    -    0.0312   -         i l
    khu_sensor_top/ads1292_filter/iir_notch/add_2/clk_gate_b_reg/latch
             EN      CK        0.1326    -     0.0519   -      -         i l
    khu_sensor_top/ads1292_filter/iir_notch/add_2/clk_gate_b_reg/latch
             EN      CK          -     0.0100    -    0.0270   -         i l
    khu_sensor_top/ads1292_filter/iir_notch/add_2/clk_gate_a_e_reg_1/latch
             EN      CK        0.0733    -     0.0152   -      -         i l
    khu_sensor_top/ads1292_filter/iir_notch/add_2/clk_gate_a_e_reg_1/latch
             EN      CK          -     0.0100    -    0.0420   -         i l
    khu_sensor_top/ads1292_filter/iir_notch/add_2/clk_gate_z_e_reg_0/latch
             EN      CK        0.1205    -     0.0349   -      -         i l
    khu_sensor_top/ads1292_filter/iir_notch/add_2/clk_gate_z_e_reg_0/latch
             EN      CK          -     0.0100    -    0.0301   -         i l
    khu_sensor_top/ads1292_filter/iir_notch/add_2/clk_gate_sticky_reg/latch
             EN      CK        0.1049    -     0.0211   -      -         i l
    khu_sensor_top/ads1292_filter/iir_notch/add_2/clk_gate_sticky_reg/latch
             EN      CK          -     0.0100    -    0.0326   -         i l
    khu_sensor_top/ads1292_filter/iir_notch/add_2/clk_gate_a_s_reg/latch
             EN      CK        0.1203    -     0.0275   -      -         i l
    khu_sensor_top/ads1292_filter/iir_notch/add_2/clk_gate_a_s_reg/latch
             EN      CK          -     0.0100    -    0.0316   -         i l
    khu_sensor_top/ads1292_filter/iir_notch/add_2/clk_gate_b_m_reg_0/latch
             EN      CK        0.1195    -     0.0288   -      -         i l
    khu_sensor_top/ads1292_filter/iir_notch/add_2/clk_gate_b_m_reg_0/latch
             EN      CK          -     0.0100    -    0.0305   -         i l
    khu_sensor_top/ads1292_filter/iir_notch/add_2/clk_gate_sum_reg_0/latch
             EN      CK        0.1388    -     0.0523   -      -         i l
    khu_sensor_top/ads1292_filter/iir_notch/add_2/clk_gate_sum_reg_0/latch
             EN      CK          -     0.0100    -    0.0257   -         i l
    khu_sensor_top/ads1292_filter/iir_notch/add_2/clk_gate_o_Z_reg_0/latch
             EN      CK        0.1460    -     0.0319   -      -         i l
    khu_sensor_top/ads1292_filter/iir_notch/add_2/clk_gate_o_Z_reg_0/latch
             EN      CK          -     0.0100    -    0.0301   -         i l
    khu_sensor_top/ads1292_filter/iir_notch/add_2/clk_gate_z_reg_0/latch
             EN      CK        0.1241    -     0.0323   -      -         i l
    khu_sensor_top/ads1292_filter/iir_notch/add_2/clk_gate_z_reg_0/latch
             EN      CK          -     0.0100    -    0.0309   -         i l
    khu_sensor_top/ads1292_filter/iir_notch/add_1/clk_gate_b_reg/latch
             EN      CK        0.1077    -     0.0349   -      -         i l
    khu_sensor_top/ads1292_filter/iir_notch/add_1/clk_gate_b_reg/latch
             EN      CK          -     0.0100    -    0.0294   -         i l
    khu_sensor_top/ads1292_filter/iir_notch/add_1/clk_gate_a_e_reg_1/latch
             EN      CK        0.0867    -     0.0156   -      -         i l
    khu_sensor_top/ads1292_filter/iir_notch/add_1/clk_gate_a_e_reg_1/latch
             EN      CK          -     0.0100    -    0.0417   -         i l
    khu_sensor_top/ads1292_filter/iir_notch/add_1/clk_gate_z_e_reg_0/latch
             EN      CK        0.1001    -     0.0256   -      -         i l
    khu_sensor_top/ads1292_filter/iir_notch/add_1/clk_gate_z_e_reg_0/latch
             EN      CK          -     0.0100    -    0.0316   -         i l
    khu_sensor_top/ads1292_filter/iir_notch/add_1/clk_gate_sticky_reg/latch
             EN      CK        0.1063    -     0.0210   -      -         i l
    khu_sensor_top/ads1292_filter/iir_notch/add_1/clk_gate_sticky_reg/latch
             EN      CK          -     0.0100    -    0.0316   -         i l
    khu_sensor_top/ads1292_filter/iir_notch/add_1/clk_gate_b_s_reg/latch
             EN      CK        0.1162    -     0.0303   -      -         i l
    khu_sensor_top/ads1292_filter/iir_notch/add_1/clk_gate_b_s_reg/latch
             EN      CK          -     0.0100    -    0.0295   -         i l
    khu_sensor_top/ads1292_filter/iir_notch/add_1/clk_gate_b_m_reg_0/latch
             EN      CK        0.0976    -     0.0240   -      -         i l
    khu_sensor_top/ads1292_filter/iir_notch/add_1/clk_gate_b_m_reg_0/latch
             EN      CK          -     0.0100    -    0.0307   -         i l
    khu_sensor_top/ads1292_filter/iir_notch/add_1/clk_gate_sum_reg_0/latch
             EN      CK        0.1425    -     0.0534   -      -         i l
    khu_sensor_top/ads1292_filter/iir_notch/add_1/clk_gate_sum_reg_0/latch
             EN      CK          -     0.0100    -    0.0244   -         i l
    khu_sensor_top/ads1292_filter/iir_notch/add_1/clk_gate_o_Z_reg_0/latch
             EN      CK        0.1042    -     0.0331   -      -         i l
    khu_sensor_top/ads1292_filter/iir_notch/add_1/clk_gate_o_Z_reg_0/latch
             EN      CK          -     0.0100    -    0.0309   -         i l
    khu_sensor_top/ads1292_filter/iir_notch/add_1/clk_gate_z_reg_0/latch
             EN      CK        0.1173    -     0.0287   -      -         i l
    khu_sensor_top/ads1292_filter/iir_notch/add_1/clk_gate_z_reg_0/latch
             EN      CK          -     0.0100    -    0.0304   -         i l
    khu_sensor_top/ads1292_filter/iir_lpf/mult_2/clk_gate_R_40/latch
             EN      CK        0.1205    -     0.0197   -      -         i l
    khu_sensor_top/ads1292_filter/iir_lpf/mult_2/clk_gate_R_40/latch
             EN      CK          -     0.0100    -    0.0345   -         i l
    khu_sensor_top/ads1292_filter/iir_lpf/mult_2/clk_gate_a_e_reg/latch
             EN      CK        0.0965    -     0.0184   -      -         i l
    khu_sensor_top/ads1292_filter/iir_lpf/mult_2/clk_gate_a_e_reg/latch
             EN      CK          -     0.0100    -    0.0393   -         i l
    khu_sensor_top/ads1292_filter/iir_lpf/mult_2/clk_gate_z_e_reg_0/latch
             EN      CK        0.1182    -     0.0307   -      -         i l
    khu_sensor_top/ads1292_filter/iir_lpf/mult_2/clk_gate_z_e_reg_0/latch
             EN      CK          -     0.0100    -    0.0292   -         i l
    khu_sensor_top/ads1292_filter/iir_lpf/mult_2/clk_gate_guard_reg/latch
             EN      CK        0.1009    -     0.0250   -      -         i l
    khu_sensor_top/ads1292_filter/iir_lpf/mult_2/clk_gate_guard_reg/latch
             EN      CK          -     0.0100    -    0.0330   -         i l
    khu_sensor_top/ads1292_filter/iir_lpf/mult_2/clk_gate_a_e_reg_0/latch
             EN      CK        0.1233    -     0.0310   -      -         i l
    khu_sensor_top/ads1292_filter/iir_lpf/mult_2/clk_gate_a_e_reg_0/latch
             EN      CK          -     0.0100    -    0.0326   -         i l
    khu_sensor_top/ads1292_filter/iir_lpf/mult_2/clk_gate_R_5/latch
             EN      CK        0.0965    -     0.0226   -      -         i l
    khu_sensor_top/ads1292_filter/iir_lpf/mult_2/clk_gate_R_5/latch
             EN      CK          -     0.0100    -    0.0397   -         i l
    khu_sensor_top/ads1292_filter/iir_lpf/mult_2/clk_gate_R_35/latch
             EN      CK        0.1315    -     0.0460   -      -         i l
    khu_sensor_top/ads1292_filter/iir_lpf/mult_2/clk_gate_R_35/latch
             EN      CK          -     0.0100    -    0.0280   -         i l
    khu_sensor_top/ads1292_filter/iir_lpf/mult_2/clk_gate_o_Z_reg_0/latch
             EN      CK        0.0872    -     0.0156   -      -         i l
    khu_sensor_top/ads1292_filter/iir_lpf/mult_2/clk_gate_o_Z_reg_0/latch
             EN      CK          -     0.0100    -    0.0393   -         i l
    khu_sensor_top/ads1292_filter/iir_lpf/mult_2/clk_gate_z_reg_0/latch
             EN      CK        0.0887    -     0.0161   -      -         i l
    khu_sensor_top/ads1292_filter/iir_lpf/mult_2/clk_gate_z_reg_0/latch
             EN      CK          -     0.0100    -    0.0373   -         i l
    khu_sensor_top/ads1292_filter/iir_lpf/mult_1/clk_gate_b_reg/latch
             EN      CK        0.1417    -     0.0277   -      -         i l
    khu_sensor_top/ads1292_filter/iir_lpf/mult_1/clk_gate_b_reg/latch
             EN      CK          -     0.0100    -    0.0328   -         i l
    khu_sensor_top/ads1292_filter/iir_lpf/mult_1/clk_gate_a_e_reg/latch
             EN      CK        0.0774    -     0.0149   -      -         i l
    khu_sensor_top/ads1292_filter/iir_lpf/mult_1/clk_gate_a_e_reg/latch
             EN      CK          -     0.0100    -    0.0452   -         i l
    khu_sensor_top/ads1292_filter/iir_lpf/mult_1/clk_gate_z_e_reg_0/latch
             EN      CK        0.1102    -     0.0259   -      -         i l
    khu_sensor_top/ads1292_filter/iir_lpf/mult_1/clk_gate_z_e_reg_0/latch
             EN      CK          -     0.0100    -    0.0333   -         i l
    khu_sensor_top/ads1292_filter/iir_lpf/mult_1/clk_gate_guard_reg/latch
             EN      CK        0.0960    -     0.0222   -      -         i l
    khu_sensor_top/ads1292_filter/iir_lpf/mult_1/clk_gate_guard_reg/latch
             EN      CK          -     0.0100    -    0.0339   -         i l
    khu_sensor_top/ads1292_filter/iir_lpf/mult_1/clk_gate_a_e_reg_0/latch
             EN      CK        0.1026    -     0.0251   -      -         i l
    khu_sensor_top/ads1292_filter/iir_lpf/mult_1/clk_gate_a_e_reg_0/latch
             EN      CK          -     0.0100    -    0.0345   -         i l
    khu_sensor_top/ads1292_filter/iir_lpf/mult_1/clk_gate_b_e_reg/latch
             EN      CK        0.0961    -     0.0228   -      -         i l
    khu_sensor_top/ads1292_filter/iir_lpf/mult_1/clk_gate_b_e_reg/latch
             EN      CK          -     0.0100    -    0.0409   -         i l
    khu_sensor_top/ads1292_filter/iir_lpf/mult_1/clk_gate_z_s_reg/latch
             EN      CK        0.1296    -     0.0473   -      -         i l
    khu_sensor_top/ads1292_filter/iir_lpf/mult_1/clk_gate_z_s_reg/latch
             EN      CK          -     0.0100    -    0.0275   -         i l
    khu_sensor_top/ads1292_filter/iir_lpf/mult_1/clk_gate_o_Z_reg_0/latch
             EN      CK        0.0924    -     0.0164   -      -         i l
    khu_sensor_top/ads1292_filter/iir_lpf/mult_1/clk_gate_o_Z_reg_0/latch
             EN      CK          -     0.0100    -    0.0364   -         i l
    khu_sensor_top/ads1292_filter/iir_lpf/mult_1/clk_gate_z_reg_0/latch
             EN      CK        0.0889    -     0.0161   -      -         i l
    khu_sensor_top/ads1292_filter/iir_lpf/mult_1/clk_gate_z_reg_0/latch
             EN      CK          -     0.0100    -    0.0370   -         i l
    khu_sensor_top/ads1292_filter/iir_lpf/add/clk_gate_b_reg/latch
             EN      CK        0.1269    -     0.0249   -      -         i l
    khu_sensor_top/ads1292_filter/iir_lpf/add/clk_gate_b_reg/latch
             EN      CK          -     0.0100    -    0.0326   -         i l
    khu_sensor_top/ads1292_filter/iir_lpf/add/clk_gate_a_e_reg_1/latch
             EN      CK        0.0831    -     0.0159   -      -         i l
    khu_sensor_top/ads1292_filter/iir_lpf/add/clk_gate_a_e_reg_1/latch
             EN      CK          -     0.0100    -    0.0450   -         i l
    khu_sensor_top/ads1292_filter/iir_lpf/add/clk_gate_z_e_reg_0/latch
             EN      CK        0.1153    -     0.0327   -      -         i l
    khu_sensor_top/ads1292_filter/iir_lpf/add/clk_gate_z_e_reg_0/latch
             EN      CK          -     0.0100    -    0.0313   -         i l
    khu_sensor_top/ads1292_filter/iir_lpf/add/clk_gate_sticky_reg/latch
             EN      CK        0.1187    -     0.0254   -      -         i l
    khu_sensor_top/ads1292_filter/iir_lpf/add/clk_gate_sticky_reg/latch
             EN      CK          -     0.0100    -    0.0318   -         i l
    khu_sensor_top/ads1292_filter/iir_lpf/add/clk_gate_a_s_reg/latch
             EN      CK        0.0985    -     0.0228   -      -         i l
    khu_sensor_top/ads1292_filter/iir_lpf/add/clk_gate_a_s_reg/latch
             EN      CK          -     0.0100    -    0.0325   -         i l
    khu_sensor_top/ads1292_filter/iir_lpf/add/clk_gate_b_m_reg_0/latch
             EN      CK        0.0978    -     0.0203   -      -         i l
    khu_sensor_top/ads1292_filter/iir_lpf/add/clk_gate_b_m_reg_0/latch
             EN      CK          -     0.0100    -    0.0329   -         i l
    khu_sensor_top/ads1292_filter/iir_lpf/add/clk_gate_sum_reg_0/latch
             EN      CK        0.1408    -     0.0516   -      -         i l
    khu_sensor_top/ads1292_filter/iir_lpf/add/clk_gate_sum_reg_0/latch
             EN      CK          -     0.0100    -    0.0256   -         i l
    khu_sensor_top/ads1292_filter/iir_lpf/add/clk_gate_o_Z_reg_0/latch
             EN      CK        0.1107    -     0.0375   -      -         i l
    khu_sensor_top/ads1292_filter/iir_lpf/add/clk_gate_o_Z_reg_0/latch
             EN      CK          -     0.0100    -    0.0306   -         i l
    khu_sensor_top/ads1292_filter/iir_lpf/add/clk_gate_z_reg_0/latch
             EN      CK        0.1299    -     0.0328   -      -         i l
    khu_sensor_top/ads1292_filter/iir_lpf/add/clk_gate_z_reg_0/latch
             EN      CK          -     0.0100    -    0.0308   -         i l
Disabled:
    None

Attr: 
i:auto inferred, p:power compiler inserted, l:library cell defined
1
 
****************************************
Report : clock_gating
        -structure
Design : khu_sensor_pad
Scenario(s): func1_wst
Version: N-2017.09
Date   : Thu Nov 19 08:08:26 2020
****************************************



                             Clock Gating Summary
          ------------------------------------------------------------
          |    Number of Clock gating elements    |        0         |
          |                                       |                  |
          |    Number of Gated registers          |     0 (0.00%)    |
          |                                       |                  |
          |    Number of Ungated registers        |  5213 (100.00%)  |
          |                                       |                  |
          |    Maximum number of stages           |        -         |
          |                                       |                  |
          |    Total number of registers          |     5213         |
          ------------------------------------------------------------



1
