Information: Scenario funccts_wst either not exists or is inactive. report_constraint will skip it. (UID-1059)
Information: Updating graph... (UID-83)

************************************************************
SI options:
Delta Delay Computation:           true
Static Noise Computation:          true
Timing window analysis for SI:     false
Min Delta Delay for SI:            true
Analysis Effort:                   medium
Max Transition Mode:               normal_slew
Static Noise Thresholds:           0.35 (0.37V) above low
                                   0.35 (0.37V) below high
Route xtalk prevention:            true
Route xtalk prevention threshold:  0.25
************************************************************

Information: Updating design information... (UID-85)

************************************************************
SI options:
Delta Delay Computation:           true
Static Noise Computation:          true
Timing window analysis for SI:     false
Min Delta Delay for SI:            true
Analysis Effort:                   medium
Max Transition Mode:               normal_slew
Static Noise Thresholds:           0.35 (0.37V) above low
                                   0.35 (0.37V) below high
Route xtalk prevention:            true
Route xtalk prevention threshold:  0.25
************************************************************

Information: Input delay ('rise') on clock port 'clk' will be added to the clock's propagated skew. (TIM-112)
Information: Input delay ('fall') on clock port 'clk' will be added to the clock's propagated skew. (TIM-112)
Information: Input delay ('rise') on clock port 'clk_half' will be added to the clock's propagated skew. (TIM-112)
Information: Input delay ('fall') on clock port 'clk_half' will be added to the clock's propagated skew. (TIM-112)
Information: Input delay ('rise') on clock port 'clk' will be added to the clock's propagated skew. (TIM-112)
Information: Input delay ('fall') on clock port 'clk' will be added to the clock's propagated skew. (TIM-112)
Information: Input delay ('rise') on clock port 'clk_half' will be added to the clock's propagated skew. (TIM-112)
Information: Input delay ('fall') on clock port 'clk_half' will be added to the clock's propagated skew. (TIM-112)
 
****************************************
Report : constraint
        -all_violators
Design : khu_sensor_pad
Scenario(s): func1_wst funccts_wst
Version: N-2017.09
Date   : Tue Nov 17 19:17:06 2020
****************************************

	Scenario            : func1_wst
	Parasitic source    : LPE
	Parasitic mode      : RealRC
	Extraction mode     : MIN_MAX
	Extraction derating : 125/125

   min_delay/hold ('clk' group)

                             Required        Actual
   Endpoint                 Path Delay     Path Delay        Slack             Scenario
   -----------------------------------------------------------------
   khu_sensor_top/ads1292_filter/iir_lpf/r_x_data_reg_56_/D   3.6910   3.6295 f  -0.0614 (VIOLATED) func1_wst
   khu_sensor_top/ads1292_filter/iir_lpf/r_x_data_reg_59_/D   3.6915   3.6539 f  -0.0377 (VIOLATED) func1_wst
   khu_sensor_top/ads1292_filter/iir_lpf/mult_1/a_reg_3_/D   3.6710   3.6340 f  -0.0370 (VIOLATED) func1_wst
   khu_sensor_top/ads1292_filter/iir_lpf/mult_1/a_reg_14_/D   3.6698   3.6330 f  -0.0368 (VIOLATED) func1_wst
   khu_sensor_top/ads1292_filter/iir_lpf/mult_1/b_reg_15_/D   3.6670   3.6317 f  -0.0352 (VIOLATED) func1_wst
   khu_sensor_top/ads1292_filter/iir_lpf/r_x_data_reg_48_/D   3.7013   3.6678 f  -0.0335 (VIOLATED) func1_wst
   khu_sensor_top/ads1292_filter/iir_lpf/r_x_data_reg_39_/D   3.7044   3.6749 f  -0.0295 (VIOLATED) func1_wst
   khu_sensor_top/ads1292_filter/iir_lpf/mult_1/a_reg_7_/D   3.6710   3.6440 f  -0.0269 (VIOLATED) func1_wst
   khu_sensor_top/ads1292_filter/iir_lpf/mult_1/a_reg_4_/D   3.6710   3.6445 f  -0.0265 (VIOLATED) func1_wst
   khu_sensor_top/ads1292_filter/iir_lpf/mult_1/b_reg_12_/D   3.6669   3.6478 f  -0.0191 (VIOLATED) func1_wst
   khu_sensor_top/ads1292_filter/iir_hpf/mult/a_reg_26_/D   3.6889   3.6703 f  -0.0186 (VIOLATED) func1_wst
   khu_sensor_top/ads1292_filter/iir_notch/add_2/a_reg_12_/D   3.6485   3.6317 f  -0.0168 (VIOLATED) func1_wst
   khu_sensor_top/ads1292_filter/iir_lpf/mult_1/a_reg_11_/D   3.6706   3.6554 f  -0.0151 (VIOLATED) func1_wst
   khu_sensor_top/ads1292_filter/iir_lpf/r_x_data_reg_37_/D   3.7013   3.6873 f  -0.0140 (VIOLATED) func1_wst
   khu_sensor_top/ads1292_filter/iir_lpf/r_x_data_reg_45_/D   3.7042   3.6912 f  -0.0130 (VIOLATED) func1_wst
   khu_sensor_top/ads1292_filter/iir_notch/mult_3/b_reg_4_/D   3.6228   3.6103 f  -0.0125 (VIOLATED) func1_wst
   khu_sensor_top/ads1292_filter/iir_notch/mult_3/b_reg_13_/D   3.6236   3.6113 f  -0.0123 (VIOLATED) func1_wst
   khu_sensor_top/ads1292_filter/iir_notch/mult_3/b_reg_2_/D   3.6238   3.6129 f  -0.0109 (VIOLATED) func1_wst
   khu_sensor_top/ads1292_filter/iir_lpf/mult_1/b_reg_13_/D   3.6669   3.6564 f  -0.0106 (VIOLATED) func1_wst
   khu_sensor_top/ads1292_filter/iir_lpf/r_x_data_reg_55_/D   3.6912   3.6820 f  -0.0092 (VIOLATED) func1_wst
   khu_sensor_top/ads1292_filter/iir_notch/mult_1/a_reg_5_/D   3.6676   3.6585 f  -0.0090 (VIOLATED) func1_wst
   khu_sensor_top/ads1292_filter/converter_i2f/a_reg_14_/D   3.4958   3.4870 f  -0.0089 (VIOLATED) func1_wst
   khu_sensor_top/ads1292_filter/iir_hpf/mult/a_reg_28_/D   3.6886   3.6799 f  -0.0087 (VIOLATED) func1_wst
   khu_sensor_top/ads1292_filter/iir_notch/add_2/a_reg_15_/D   3.6486   3.6405 f  -0.0081 (VIOLATED) func1_wst
   khu_sensor_top/ads1292_filter/iir_notch/add_2/a_reg_17_/D   3.6483   3.6418 f  -0.0065 (VIOLATED) func1_wst
   khu_sensor_top/ads1292_filter/iir_notch/mult_1/a_reg_4_/D   3.6675   3.6615 f  -0.0060 (VIOLATED) func1_wst
   khu_sensor_top/ads1292_filter/iir_notch/mult_3/b_reg_3_/D   3.6237   3.6185 f  -0.0052 (VIOLATED) func1_wst
   khu_sensor_top/ads1292_filter/iir_notch/mult_1/a_reg_30_/D   3.6632   3.6583 f  -0.0050 (VIOLATED) func1_wst
   khu_sensor_top/ads1292_filter/iir_notch/mult_1/a_reg_25_/D   3.6631   3.6584 f  -0.0047 (VIOLATED) func1_wst
   khu_sensor_top/ads1292_filter/iir_lpf/mult_1/b_reg_2_/D   3.6668   3.6620 f  -0.0047 (VIOLATED) func1_wst
   khu_sensor_top/ads1292_filter/iir_notch/mult_3/a_reg_2_/D   3.6221   3.6180 f  -0.0041 (VIOLATED) func1_wst
   khu_sensor_top/ads1292_filter/iir_notch/mult_1/a_reg_26_/D   3.6631   3.6591 f  -0.0041 (VIOLATED) func1_wst
   khu_sensor_top/ads1292_filter/iir_notch/add_2/a_reg_8_/D   3.6487   3.6451 f  -0.0036 (VIOLATED) func1_wst
   khu_sensor_top/ads1292_filter/iir_notch/mult_3/a_reg_22_/D   3.6240   3.6216 f  -0.0024 (VIOLATED) func1_wst
   khu_sensor_top/ads1292_filter/iir_notch/add_2/b_reg_2_/D   3.6469   3.6448 f  -0.0022 (VIOLATED) func1_wst
   khu_sensor_top/ads1292_filter/r_iir_lpf_x_reg_13_/D   3.5241   3.5219 f  -0.0022 (VIOLATED) func1_wst
   khu_sensor_top/ads1292_filter/iir_notch/mult_1/a_reg_3_/D   3.6671   3.6651 f  -0.0020 (VIOLATED) func1_wst
   khu_sensor_top/ads1292_filter/iir_hpf/add/b_reg_4_/D   3.5998   3.5979 f  -0.0019 (VIOLATED) func1_wst
   khu_sensor_top/ads1292_filter/iir_lpf/r_x_data_reg_36_/D   3.6620   3.6608 f  -0.0013 (VIOLATED) func1_wst
   khu_sensor_top/ads1292_filter/iir_notch/mult_1/a_reg_29_/D   3.6631   3.6623 f  -0.0008 (VIOLATED) func1_wst
   khu_sensor_top/ads1292_filter/iir_lpf/r_x_data_reg_49_/D   3.7013   3.7005 f  -0.0007 (VIOLATED) func1_wst


   max_area

                             Required        Actual
   Design                      Area           Area           Slack
   -----------------------------------------------------------------
   khu_sensor_pad             0.0000       91656.7656     -91656.7656 (VIOLATED)


1
