 
****************************************
Report : net fanout
        -threshold 100
Design : khu_sensor_pad
Scenario(s): func1_wst
Version: N-2017.09
Date   : Tue Sep  8 19:20:47 2020
****************************************


Operating Conditions: V105WTP1250   Library: std150e_wst_105_p125
Wire Load Model Mode: enclosed

Design        Wire Load Model            Library
------------------------------------------------
async_rstn_glitch_synchronizer
                       l13_e_5000_4lm    std150e_wst_105_p125
sensor_core            l13_e_5000_4lm    std150e_wst_105_p125
divider_by_2           l13_e_5000_4lm    std150e_wst_105_p125
async_rstn_glitch_synchronizer_0
                       l13_e_5000_4lm    std150e_wst_105_p125
async_rstn_synchronizer
                       l13_e_5000_4lm    std150e_wst_105_p125
ads1292_controller_DW01_inc_3
                       l13_e_5000_4lm    std150e_wst_105_p125
async_rstn_synchronizer_1
                       l13_e_5000_4lm    std150e_wst_105_p125
ads1292_filter_DW01_inc_0
                       l13_e_5000_4lm    std150e_wst_105_p125
converter_f2i          l13_e_5000_4lm    std150e_wst_105_p125
async_rst_synchronizer_3
                       l13_e_5000_4lm    std150e_wst_105_p125
async_rstn_synchronizer_5
                       l13_e_5000_4lm    std150e_wst_105_p125
mpr121_controller_DW01_inc_0
                       l13_e_5000_4lm    std150e_wst_105_p125
async_rstn_synchronizer_7
                       l13_e_5000_4lm    std150e_wst_105_p125
async_rst_synchronizer_4
                       l13_e_5000_4lm    std150e_wst_105_p125
uart_rx                l13_e_5000_4lm    std150e_wst_105_p125
async_rstn_synchronizer_8
                       l13_e_5000_4lm    std150e_wst_105_p125
async_rst_synchronizer l13_e_5000_4lm    std150e_wst_105_p125
async_rstn_synchronizer_9
                       l13_e_5000_4lm    std150e_wst_105_p125
spi_master_DW01_inc_0  l13_e_5000_4lm    std150e_wst_105_p125
async_rstn_synchronizer_0
                       l13_e_5000_4lm    std150e_wst_105_p125
converter_f2i_DP_OP_16_126_7129_0
                       l13_e_5000_4lm    std150e_wst_105_p125
converter_f2i_DP_OP_15_125_6361_0
                       l13_e_5000_4lm    std150e_wst_105_p125
converter_f2i_DW01_sub_0
                       l13_e_5000_4lm    std150e_wst_105_p125
float_multiplier_0     l13_e_10k_4lm     std150e_wst_105_p125
float_adder_0          l13_e_5000_4lm    std150e_wst_105_p125
async_rst_synchronizer_0
                       l13_e_5000_4lm    std150e_wst_105_p125
async_rstn_synchronizer_2
                       l13_e_5000_4lm    std150e_wst_105_p125
float_multiplier_1     l13_e_10k_4lm     std150e_wst_105_p125
float_adder_2          l13_e_5000_4lm    std150e_wst_105_p125
async_rst_synchronizer_1
                       l13_e_5000_4lm    std150e_wst_105_p125
async_rstn_synchronizer_3
                       l13_e_5000_4lm    std150e_wst_105_p125
float_multiplier_4     l13_e_10k_4lm     std150e_wst_105_p125
float_multiplier_5     l13_e_10k_4lm     std150e_wst_105_p125
float_adder_3          l13_e_5000_4lm    std150e_wst_105_p125
async_rst_synchronizer_2
                       l13_e_5000_4lm    std150e_wst_105_p125
async_rstn_synchronizer_4
                       l13_e_5000_4lm    std150e_wst_105_p125
converter_i2f_DW01_sub_3
                       l13_e_5000_4lm    std150e_wst_105_p125
converter_i2f_DW01_inc_1
                       l13_e_5000_4lm    std150e_wst_105_p125
converter_i2f_DW01_inc_0
                       l13_e_5000_4lm    std150e_wst_105_p125
i2c_master_DW01_dec_0  l13_e_5000_4lm    std150e_wst_105_p125
async_rstn_synchronizer_6
                       l13_e_5000_4lm    std150e_wst_105_p125
uart_rx_DW01_inc_0     l13_e_5000_4lm    std150e_wst_105_p125
async_rst_synchronizer_5
                       l13_e_5000_4lm    std150e_wst_105_p125
uart_tx_DW01_inc_0     l13_e_5000_4lm    std150e_wst_105_p125
async_rst_synchronizer_6
                       l13_e_5000_4lm    std150e_wst_105_p125
float_multiplier_0_DP_OP_114_133_1607_0
                       l13_e_5000_4lm    std150e_wst_105_p125
float_multiplier_0_DW01_inc_0
                       l13_e_5000_4lm    std150e_wst_105_p125
float_adder_0_DW_cmp_6 l13_e_5000_4lm    std150e_wst_105_p125
float_adder_0_DP_OP_143_211_8882_0
                       l13_e_5000_4lm    std150e_wst_105_p125
float_adder_0_DP_OP_132_142_8221_0
                       l13_e_5000_4lm    std150e_wst_105_p125
float_adder_0_DP_OP_131_141_2669_0
                       l13_e_5000_4lm    std150e_wst_105_p125
float_adder_0_DP_OP_129_139_7556_0
                       l13_e_5000_4lm    std150e_wst_105_p125
float_adder_0_DP_OP_128_138_898_0
                       l13_e_5000_4lm    std150e_wst_105_p125
float_multiplier_1_DP_OP_114_149_2707_0
                       l13_e_5000_4lm    std150e_wst_105_p125
float_multiplier_1_DW01_inc_0
                       l13_e_5000_4lm    std150e_wst_105_p125
float_multiplier_2_DP_OP_114_159_8578_0
                       l13_e_5000_4lm    std150e_wst_105_p125
float_multiplier_2_DW01_inc_0
                       l13_e_5000_4lm    std150e_wst_105_p125
float_multiplier_3_DP_OP_114_169_7349_0
                       l13_e_5000_4lm    std150e_wst_105_p125
float_multiplier_3_DW01_inc_0
                       l13_e_5000_4lm    std150e_wst_105_p125
float_adder_1_DW_cmp_6 l13_e_5000_4lm    std150e_wst_105_p125
float_adder_1_DP_OP_143_214_9477_0
                       l13_e_5000_4lm    std150e_wst_105_p125
float_adder_1_DP_OP_132_178_6707_0
                       l13_e_5000_4lm    std150e_wst_105_p125
float_adder_1_DP_OP_131_177_7858_0
                       l13_e_5000_4lm    std150e_wst_105_p125
float_adder_1_DP_OP_129_175_564_0
                       l13_e_5000_4lm    std150e_wst_105_p125
float_adder_1_DP_OP_128_174_8668_0
                       l13_e_5000_4lm    std150e_wst_105_p125
float_adder_2_DW_cmp_6 l13_e_5000_4lm    std150e_wst_105_p125
float_adder_2_DP_OP_143_217_5633_0
                       l13_e_5000_4lm    std150e_wst_105_p125
float_adder_2_DP_OP_132_184_9028_0
                       l13_e_5000_4lm    std150e_wst_105_p125
float_adder_2_DP_OP_131_183_7810_0
                       l13_e_5000_4lm    std150e_wst_105_p125
float_adder_2_DP_OP_129_181_2885_0
                       l13_e_5000_4lm    std150e_wst_105_p125
float_adder_2_DP_OP_128_180_8620_0
                       l13_e_5000_4lm    std150e_wst_105_p125
float_multiplier_4_DP_OP_114_191_6440_0
                       l13_e_5000_4lm    std150e_wst_105_p125
float_multiplier_4_DW01_inc_0
                       l13_e_5000_4lm    std150e_wst_105_p125
float_multiplier_5_DP_OP_114_201_6986_0
                       l13_e_5000_4lm    std150e_wst_105_p125
float_multiplier_5_DW01_inc_0
                       l13_e_5000_4lm    std150e_wst_105_p125
float_adder_3_DW_cmp_6 l13_e_5000_4lm    std150e_wst_105_p125
float_adder_3_DP_OP_143_220_7930_0
                       l13_e_5000_4lm    std150e_wst_105_p125
float_adder_3_DP_OP_132_210_6037_0
                       l13_e_5000_4lm    std150e_wst_105_p125
float_adder_3_DP_OP_131_209_1709_0
                       l13_e_5000_4lm    std150e_wst_105_p125
float_adder_3_DP_OP_129_207_5372_0
                       l13_e_5000_4lm    std150e_wst_105_p125
float_adder_3_DP_OP_128_206_9905_0
                       l13_e_5000_4lm    std150e_wst_105_p125
float_adder_3_DW01_inc_0
                       l13_e_5000_4lm    std150e_wst_105_p125


Attributes:
   dr - drc disabled
    c - annotated capacitance
    d - dont_touch
    i - ideal_net
    I - ideal_network
    p - includes pin load
    r - annotated resistance
    h - high fanout

Net                 Fanout   Attributes   Capacitance   Driver
--------------------------------------------------------------------------------
khu_sensor_top/ads1292_controller/N102
                       115   c, d, I          0.00      khu_sensor_top/ads1292_controller/async_rstn_synchronizer/o_RSTN_reg/Q
khu_sensor_top/ads1292_controller/net12703
                       119                    0.73      khu_sensor_top/ads1292_controller/*cell*107/**logic_1**
khu_sensor_top/ads1292_filter/N32
                       215   c, d, I          0.00      khu_sensor_top/ads1292_filter/async_rstn_synchronizer/o_RSTN_reg/Q
khu_sensor_top/ads1292_filter/net12704
                       197                    2.83      khu_sensor_top/ads1292_filter/*cell*108/**logic_1**
khu_sensor_top/sensor_core/N142
                       273   c, d, I          0.00      khu_sensor_top/sensor_core/U650/Y
khu_sensor_top/sensor_core/net12706
                       261                    4.56      khu_sensor_top/sensor_core/*cell*110/**logic_1**
khu_sensor_top/ads1292_filter/iir_hpf/w_rstn
                       254   c, d, I          0.00      khu_sensor_top/ads1292_filter/iir_hpf/async_rstn_synchronizer/o_RSTN_reg/Q
khu_sensor_top/ads1292_filter/iir_hpf/net12713
                       253                    4.34      khu_sensor_top/ads1292_filter/iir_hpf/*cell*117/**logic_1**
khu_sensor_top/ads1292_filter/iir_notch/w_rstn
                       652   c, d, I          0.00      khu_sensor_top/ads1292_filter/iir_notch/async_rstn_synchronizer/o_RSTN_reg/Q
khu_sensor_top/ads1292_filter/iir_notch/net12714
                       651                   15.03      khu_sensor_top/ads1292_filter/iir_notch/*cell*118/**logic_1**
khu_sensor_top/ads1292_filter/iir_lpf/w_rstn
                       383   c, d, I          0.00      khu_sensor_top/ads1292_filter/iir_lpf/async_rstn_synchronizer/o_RSTN_reg/Q
khu_sensor_top/ads1292_filter/iir_lpf/net12715
                       383                    7.83      khu_sensor_top/ads1292_filter/iir_lpf/*cell*119/**logic_1**
khu_sensor_top/ads1292_filter/converter_i2f/net12716
                       124                    0.48      khu_sensor_top/ads1292_filter/converter_i2f/*cell*120/**logic_1**
1
