***********************************************
Report          : create_qor_snapshot (07_route_opt)
Design          : khu_sensor_pad
Version         : N-2017.09
Date            : Thu Nov 19 08:08:03 2020
Time unit       : 1.0e-09 Second(ns)
Capacitance unit: 1.0e-12 Farad(pF)
Voltage unit    : 1 Volt
Power unit      : 1.0e-03 Watt(mW)
Location        : /home/VLSI_graduated_2020/2015104027/khu_sensor/03_Physical_Synthesis/snapshot
***********************************************
No. of scenario = 1
s1 = func1_wst
--------------------------------------------------
WNS of each timing group:                       s1 
--------------------------------------------------
clk                                        -0.0227 
--------------------------------------------------
Setup WNS:                                 -0.0227 
Setup TNS:                                 -0.0562
Number of setup violations:                      4  
Hold WNS:                                  -0.0058  
Hold TNS:                                  -0.0180  
Number of hold violations:                       6  
Number of max trans violations:                  4  
Number of max cap violations:                    0  
Number of min pulse width violations:            0  
Route drc violations:                            4
--------------------------------------------------
Area:                                        92148
Cell count:                                  30264
Buf/inv cell count:                           7154
Std cell utilization:                       41.79%
CPU/ELAPSE(hr):                          0.24/0.27
Mem(Mb):                                      1103
Host name:                               vlsi-dist.khu.ac.kr
--------------------------------------------------
Histogram:             s1 
--------------------------------------------------
Max violations:         4 
   above ~ -0.7  ---    0 
    -0.6 ~ -0.7  ---    0 
    -0.5 ~ -0.6  ---    0 
    -0.4 ~ -0.5  ---    0 
    -0.3 ~ -0.4  ---    0 
    -0.2 ~ -0.3  ---    0 
    -0.1 ~ -0.2  ---    0 
       0 ~ -0.1  ---    4 
--------------------------------------------------
Min violations:         6 
  -0.06 ~ above  ---    0 
  -0.05 ~ -0.06  ---    0 
  -0.04 ~ -0.05  ---    0 
  -0.03 ~ -0.04  ---    0 
  -0.02 ~ -0.03  ---    0 
  -0.01 ~ -0.02  ---    0 
      0 ~ -0.01  ---    6 
--------------------------------------------------
Snapshot report (snap.rpt) is created and can be viewed using file "/home/VLSI_graduated_2020/2015104027/khu_sensor/03_Physical_Synthesis/snapshot/snap.rpt.html"
1
