 
****************************************
Report : clock_gating
        -style
Design : khu_sensor_pad
Version: N-2017.09
Date   : Tue Nov 17 18:52:57 2020
****************************************



 Information:  No Clock Gating Cell Found


                             Clock Gating Summary
          ------------------------------------------------------------
          |    Number of Clock gating elements    |        0         |
          |                                       |                  |
          |    Number of Gated registers          |     0 (0.00%)    |
          |                                       |                  |
          |    Number of Ungated registers        |  5213 (100.00%)  |
          |                                       |                  |
          |    Total number of registers          |     5213         |
          ------------------------------------------------------------



1
 
****************************************
Report : clock gating check
Design : khu_sensor_pad
Scenario(s): func1_wst
Version: N-2017.09
Date   : Tue Nov 17 18:52:57 2020
****************************************

                                    Rise            Fall
    Cell     Enable  Clock     Setup   Hold    Setup  Hold     Low/High  Attr
--------------------------------------------------------------------------------

    khu_sensor_top/ads1292_controller/clk_gate_o_ADS1292_BUSY_reg/latch
             EN      CK        0.0684    -     0.0125   -      -         i l
    khu_sensor_top/ads1292_controller/clk_gate_o_ADS1292_BUSY_reg/latch
             EN      CK          -     0.0100    -    0.0809   -         i l
    khu_sensor_top/ads1292_controller/clk_gate_o_ADS1292_REG_DATA_OUT_reg_0/latch
             EN      CK        0.0796    -     0.0100   -      -         i l
    khu_sensor_top/ads1292_controller/clk_gate_o_ADS1292_REG_DATA_OUT_reg_0/latch
             EN      CK          -     0.0100    -    0.0952   -         i l
    khu_sensor_top/ads1292_controller/clk_gate_r_ads_command_reg_0/latch
             EN      CK        0.0506    -     0.0100   -      -         i l
    khu_sensor_top/ads1292_controller/clk_gate_r_ads_command_reg_0/latch
             EN      CK          -     0.0100    -    0.0932   -         i l
    khu_sensor_top/ads1292_controller/clk_gate_r_spi_data_in_reg_0/latch
             EN      CK        0.0611    -     0.0100   -      -         i l
    khu_sensor_top/ads1292_controller/clk_gate_r_spi_data_in_reg_0/latch
             EN      CK          -     0.0100    -    0.0851   -         i l
    khu_sensor_top/ads1292_controller/clk_gate_r_ads_reg_addr_reg/latch
             EN      CK        0.0951    -     0.0177   -      -         i l
    khu_sensor_top/ads1292_controller/clk_gate_r_ads_reg_addr_reg/latch
             EN      CK          -     0.0100    -    0.0602   -         i l
    khu_sensor_top/ads1292_controller/clk_gate_o_ADS1292_DATA_OUT_reg_0/latch
             EN      CK        0.0715    -     0.0100   -      -         i l
    khu_sensor_top/ads1292_controller/clk_gate_o_ADS1292_DATA_OUT_reg_0/latch
             EN      CK          -     0.0100    -    0.0968   -         i l
    khu_sensor_top/ads1292_controller/clk_gate_r_ads_data_out_reg_0/latch
             EN      CK        0.0861    -     0.0132   -      -         i l
    khu_sensor_top/ads1292_controller/clk_gate_r_ads_data_out_reg_0/latch
             EN      CK          -     0.0100    -    0.0794   -         i l
    khu_sensor_top/ads1292_controller/clk_gate_r_clk_counter_reg_0/latch
             EN      CK        0.0511    -     0.0100   -      -         i l
    khu_sensor_top/ads1292_controller/clk_gate_r_clk_counter_reg_0/latch
             EN      CK          -     0.0100    -    0.0889   -         i l
    khu_sensor_top/ads1292_filter/clk_gate_r_converter_f2i_a_stb_reg/latch
             EN      CK        0.0724    -     0.0104   -      -         i l
    khu_sensor_top/ads1292_filter/clk_gate_r_converter_f2i_a_stb_reg/latch
             EN      CK          -     0.0100    -    0.0861   -         i l
    khu_sensor_top/ads1292_filter/clk_gate_r_counter_reg_0/latch
             EN      CK        0.0471    -     0.0100   -      -         i l
    khu_sensor_top/ads1292_filter/clk_gate_r_counter_reg_0/latch
             EN      CK          -     0.0100    -    0.0825   -         i l
    khu_sensor_top/ads1292_filter/clk_gate_o_ADS1292_FILTERED_DATA_reg_0/latch
             EN      CK        0.0653    -     0.0100   -      -         i l
    khu_sensor_top/ads1292_filter/clk_gate_o_ADS1292_FILTERED_DATA_reg_0/latch
             EN      CK          -     0.0100    -    0.0810   -         i l
    khu_sensor_top/ads1292_filter/clk_gate_r_converter_i2f_a_reg_0/latch
             EN      CK        0.0672    -     0.0100   -      -         i l
    khu_sensor_top/ads1292_filter/clk_gate_r_converter_i2f_a_reg_0/latch
             EN      CK          -     0.0100    -    0.0813   -         i l
    khu_sensor_top/ads1292_filter/clk_gate_r_converter_f2i_a_reg_0/latch
             EN      CK        0.0645    -     0.0100   -      -         i l
    khu_sensor_top/ads1292_filter/clk_gate_r_converter_f2i_a_reg_0/latch
             EN      CK          -     0.0100    -    0.0881   -         i l
    khu_sensor_top/ads1292_filter/clk_gate_r_iir_hpf_x_reg_0/latch
             EN      CK        0.0718    -     0.0100   -      -         i l
    khu_sensor_top/ads1292_filter/clk_gate_r_iir_hpf_x_reg_0/latch
             EN      CK          -     0.0100    -    0.0915   -         i l
    khu_sensor_top/ads1292_filter/clk_gate_r_iir_lpf_x_reg_0/latch
             EN      CK        0.0716    -     0.0100   -      -         i l
    khu_sensor_top/ads1292_filter/clk_gate_r_iir_lpf_x_reg_0/latch
             EN      CK          -     0.0100    -    0.0905   -         i l
    khu_sensor_top/ads1292_filter/clk_gate_r_iir_notch_x_reg_0/latch
             EN      CK        0.0657    -     0.0100   -      -         i l
    khu_sensor_top/ads1292_filter/clk_gate_r_iir_notch_x_reg_0/latch
             EN      CK          -     0.0100    -    0.0873   -         i l
    khu_sensor_top/mpr121_controller/clk_gate_r_i2c_write_reg/latch
             EN      CK        0.0605    -     0.0100   -      -         i l
    khu_sensor_top/mpr121_controller/clk_gate_r_i2c_write_reg/latch
             EN      CK          -     0.0100    -    0.0841   -         i l
    khu_sensor_top/mpr121_controller/clk_gate_o_MPR121_DATA_OUT_reg_0/latch
             EN      CK        0.0489    -     0.0100   -      -         i l
    khu_sensor_top/mpr121_controller/clk_gate_o_MPR121_DATA_OUT_reg_0/latch
             EN      CK          -     0.0100    -    0.0905   -         i l
    khu_sensor_top/mpr121_controller/clk_gate_r_i2c_data_in_reg_0/latch
             EN      CK        0.0713    -     0.0101   -      -         i l
    khu_sensor_top/mpr121_controller/clk_gate_r_i2c_data_in_reg_0/latch
             EN      CK          -     0.0100    -    0.0726   -         i l
    khu_sensor_top/mpr121_controller/clk_gate_o_MPR121_INIT_SET_reg/latch
             EN      CK        0.0521    -     0.0100   -      -         i l
    khu_sensor_top/mpr121_controller/clk_gate_o_MPR121_INIT_SET_reg/latch
             EN      CK          -     0.0100    -    0.0911   -         i l
    khu_sensor_top/mpr121_controller/clk_gate_r_i2c_reg_data_in_reg_0/latch
             EN      CK        0.0456    -     0.0100   -      -         i l
    khu_sensor_top/mpr121_controller/clk_gate_r_i2c_reg_data_in_reg_0/latch
             EN      CK          -     0.0100    -    0.0921   -         i l
    khu_sensor_top/sensor_core/clk_gate_r_mpr_read_reg_done_reg/latch
             EN      CK        0.0893    -     0.0132   -      -         i l
    khu_sensor_top/sensor_core/clk_gate_r_mpr_read_reg_done_reg/latch
             EN      CK          -     0.0100    -    0.0654   -         i l
    khu_sensor_top/sensor_core/clk_gate_r_mpr_touch_status_reg_0/latch
             EN      CK        0.0524    -     0.0100   -      -         i l
    khu_sensor_top/sensor_core/clk_gate_r_mpr_touch_status_reg_0/latch
             EN      CK          -     0.0100    -    0.0884   -         i l
    khu_sensor_top/sensor_core/clk_gate_r_ads_second_param_reg_0/latch
             EN      CK        0.0544    -     0.0100   -      -         i l
    khu_sensor_top/sensor_core/clk_gate_r_ads_second_param_reg_0/latch
             EN      CK          -     0.0100    -    0.0909   -         i l
    khu_sensor_top/sensor_core/clk_gate_r_uart_clk_counter_reg/latch
             EN      CK        0.0502    -     0.0100   -      -         i l
    khu_sensor_top/sensor_core/clk_gate_r_uart_clk_counter_reg/latch
             EN      CK          -     0.0100    -    0.0893   -         i l
    khu_sensor_top/sensor_core/clk_gate_r_ads_ch2_data_out_reg_0/latch
             EN      CK        0.0470    -     0.0100   -      -         i l
    khu_sensor_top/sensor_core/clk_gate_r_ads_ch2_data_out_reg_0/latch
             EN      CK          -     0.0100    -    0.0911   -         i l
    khu_sensor_top/sensor_core/clk_gate_o_UART_DATA_TX_reg_0/latch
             EN      CK        0.0628    -     0.0100   -      -         i l
    khu_sensor_top/sensor_core/clk_gate_o_UART_DATA_TX_reg_0/latch
             EN      CK          -     0.0100    -    0.0835   -         i l
    khu_sensor_top/sensor_core/clk_gate_o_ADS1292_DATA_IN_reg_0/latch
             EN      CK        0.0850    -     0.0110   -      -         i l
    khu_sensor_top/sensor_core/clk_gate_o_ADS1292_DATA_IN_reg_0/latch
             EN      CK          -     0.0100    -    0.0768   -         i l
    khu_sensor_top/sensor_core/clk_gate_o_ADS1292_REG_ADDR_reg_0/latch
             EN      CK        0.0682    -     0.0100   -      -         i l
    khu_sensor_top/sensor_core/clk_gate_o_ADS1292_REG_ADDR_reg_0/latch
             EN      CK          -     0.0100    -    0.0790   -         i l
    khu_sensor_top/sensor_core/clk_gate_o_MPR121_REG_ADDR_reg_0/latch
             EN      CK        0.0536    -     0.0100   -      -         i l
    khu_sensor_top/sensor_core/clk_gate_o_MPR121_REG_ADDR_reg_0/latch
             EN      CK          -     0.0100    -    0.0871   -         i l
    khu_sensor_top/sensor_core/clk_gate_r_ads_reg_addr_reg_0/latch
             EN      CK        0.0641    -     0.0100   -      -         i l
    khu_sensor_top/sensor_core/clk_gate_r_ads_reg_addr_reg_0/latch
             EN      CK          -     0.0100    -    0.0796   -         i l
    khu_sensor_top/sensor_core/clk_gate_r_mpr_first_param_reg_0/latch
             EN      CK        0.0610    -     0.0100   -      -         i l
    khu_sensor_top/sensor_core/clk_gate_r_mpr_first_param_reg_0/latch
             EN      CK          -     0.0100    -    0.0890   -         i l
    khu_sensor_top/sensor_core/clk_gate_r_mpr_reg_addr_reg_0/latch
             EN      CK        0.1089    -     0.0231   -      -         i l
    khu_sensor_top/sensor_core/clk_gate_r_mpr_reg_addr_reg_0/latch
             EN      CK          -     0.0100    -    0.0549   -         i l
    khu_sensor_top/sensor_core/clk_gate_r_mpr_touch_status_0_reg_0/latch
             EN      CK        0.0578    -     0.0100   -      -         i l
    khu_sensor_top/sensor_core/clk_gate_r_mpr_touch_status_0_reg_0/latch
             EN      CK          -     0.0100    -    0.0891   -         i l
    khu_sensor_top/sensor_core/clk_gate_r_ads_read_reg_done_reg/latch
             EN      CK        0.0519    -     0.0100   -      -         i l
    khu_sensor_top/sensor_core/clk_gate_r_ads_read_reg_done_reg/latch
             EN      CK          -     0.0100    -    0.0912   -         i l
    khu_sensor_top/sensor_core/clk_gate_r_ads_clk_counter_reg_0/latch
             EN      CK        0.1114    -     0.0166   -      -         i l
    khu_sensor_top/sensor_core/clk_gate_r_ads_clk_counter_reg_0/latch
             EN      CK          -     0.0100    -    0.0659   -         i l
    khu_sensor_top/sensor_core/clk_gate_o_ADS1292_FILTERED_DATA_ACK_reg/latch
             EN      CK        0.0766    -     0.0140   -      -         i l
    khu_sensor_top/sensor_core/clk_gate_o_ADS1292_FILTERED_DATA_ACK_reg/latch
             EN      CK          -     0.0100    -    0.0719   -         i l
    khu_sensor_top/sensor_core/clk_gate_r_mpr_chip_set_done_reg/latch
             EN      CK        0.0597    -     0.0100   -      -         i l
    khu_sensor_top/sensor_core/clk_gate_r_mpr_chip_set_done_reg/latch
             EN      CK          -     0.0100    -    0.0844   -         i l
    khu_sensor_top/sensor_core/clk_gate_r_ads_run_set_done_reg/latch
             EN      CK        0.0733    -     0.0100   -      -         i l
    khu_sensor_top/sensor_core/clk_gate_r_ads_run_set_done_reg/latch
             EN      CK          -     0.0100    -    0.0808   -         i l
    khu_sensor_top/sensor_core/clk_gate_r_mpr_lstate_reg_0/latch
             EN      CK        0.0538    -     0.0100   -      -         i l
    khu_sensor_top/sensor_core/clk_gate_r_mpr_lstate_reg_0/latch
             EN      CK          -     0.0100    -    0.0831   -         i l
    khu_sensor_top/sensor_core/clk_gate_r_mpr_touch_status_1_reg_0/latch
             EN      CK        0.0500    -     0.0100   -      -         i l
    khu_sensor_top/sensor_core/clk_gate_r_mpr_touch_status_1_reg_0/latch
             EN      CK          -     0.0100    -    0.0896   -         i l
    khu_sensor_top/sensor_core/clk_gate_o_MPR121_DATA_IN_reg_0/latch
             EN      CK        0.0557    -     0.0100   -      -         i l
    khu_sensor_top/sensor_core/clk_gate_o_MPR121_DATA_IN_reg_0/latch
             EN      CK          -     0.0100    -    0.0890   -         i l
    khu_sensor_top/sensor_core/clk_gate_r_mpr_second_param_reg_0/latch
             EN      CK        0.0561    -     0.0100   -      -         i l
    khu_sensor_top/sensor_core/clk_gate_r_mpr_second_param_reg_0/latch
             EN      CK          -     0.0100    -    0.0895   -         i l
    khu_sensor_top/uart_controller/clk_gate_o_UART_DATA_RX_reg_1/latch
             EN      CK        0.0493    -     0.0100   -      -         i l
    khu_sensor_top/uart_controller/clk_gate_o_UART_DATA_RX_reg_1/latch
             EN      CK          -     0.0100    -    0.0907   -         i l
    khu_sensor_top/uart_controller/clk_gate_o_UART_DATA_RX_reg_2/latch
             EN      CK        0.0776    -     0.0100   -      -         i l
    khu_sensor_top/uart_controller/clk_gate_o_UART_DATA_RX_reg_2/latch
             EN      CK          -     0.0100    -    0.0788   -         i l
    khu_sensor_top/uart_controller/clk_gate_r_uart_data_tx_valid_reg/latch
             EN      CK        0.0457    -     0.0100   -      -         i l
    khu_sensor_top/uart_controller/clk_gate_r_uart_data_tx_valid_reg/latch
             EN      CK          -     0.0100    -    0.0907   -         i l
    khu_sensor_top/uart_controller/clk_gate_r_uart_data_tx_shift_reg_0/latch
             EN      CK        0.0795    -     0.0115   -      -         i l
    khu_sensor_top/uart_controller/clk_gate_r_uart_data_tx_shift_reg_0/latch
             EN      CK          -     0.0100    -    0.0826   -         i l
    khu_sensor_top/ads1292_controller/spi_master/clk_gate_r_SPI_Clk_Edges_reg_0/latch
             EN      CK        0.0515    -     0.0100   -      -         i l
    khu_sensor_top/ads1292_controller/spi_master/clk_gate_r_SPI_Clk_Edges_reg_0/latch
             EN      CK          -     0.0100    -    0.0874   -         i l
    khu_sensor_top/ads1292_controller/spi_master/clk_gate_o_RX_Byte_reg/latch
             EN      CK        0.0458    -     0.0100   -      -         i l
    khu_sensor_top/ads1292_controller/spi_master/clk_gate_o_RX_Byte_reg/latch
             EN      CK          -     0.0100    -    0.0910   -         i l
    khu_sensor_top/ads1292_controller/spi_master/clk_gate_r_SPI_Clk_Count_reg_0/latch
             EN      CK        0.0667    -     0.0100   -      -         i l
    khu_sensor_top/ads1292_controller/spi_master/clk_gate_r_SPI_Clk_Count_reg_0/latch
             EN      CK          -     0.0100    -    0.0770   -         i l
    khu_sensor_top/ads1292_controller/spi_master/clk_gate_r_TX_Byte_reg_0/latch
             EN      CK        0.1136    -     0.0183   -      -         i l
    khu_sensor_top/ads1292_controller/spi_master/clk_gate_r_TX_Byte_reg_0/latch
             EN      CK          -     0.0100    -    0.0592   -         i l
    khu_sensor_top/ads1292_filter/converter_f2i/clk_gate_o_Z_reg_0/latch
             EN      CK        0.0567    -     0.0100   -      -         i l
    khu_sensor_top/ads1292_filter/converter_f2i/clk_gate_o_Z_reg_0/latch
             EN      CK          -     0.0100    -    0.0858   -         i l
    khu_sensor_top/ads1292_filter/converter_f2i/clk_gate_z_reg_0/latch
             EN      CK        0.0668    -     0.0100   -      -         i l
    khu_sensor_top/ads1292_filter/converter_f2i/clk_gate_z_reg_0/latch
             EN      CK          -     0.0100    -    0.0857   -         i l
    khu_sensor_top/ads1292_filter/converter_f2i/clk_gate_a_reg_0/latch
             EN      CK        0.0826    -     0.0100   -      -         i l
    khu_sensor_top/ads1292_filter/converter_f2i/clk_gate_a_reg_0/latch
             EN      CK          -     0.0100    -    0.0793   -         i l
    khu_sensor_top/ads1292_filter/converter_f2i/clk_gate_a_s_reg/latch
             EN      CK        0.0804    -     0.0135   -      -         i l
    khu_sensor_top/ads1292_filter/converter_f2i/clk_gate_a_s_reg/latch
             EN      CK          -     0.0100    -    0.0767   -         i l
    khu_sensor_top/ads1292_filter/iir_hpf/clk_gate_o_Y_DATA_reg_0/latch
             EN      CK        0.0515    -     0.0100   -      -         i l
    khu_sensor_top/ads1292_filter/iir_hpf/clk_gate_o_Y_DATA_reg_0/latch
             EN      CK          -     0.0100    -    0.0877   -         i l
    khu_sensor_top/ads1292_filter/iir_hpf/clk_gate_r_mult_A_reg/latch
             EN      CK        0.0505    -     0.0100   -      -         i l
    khu_sensor_top/ads1292_filter/iir_hpf/clk_gate_r_mult_A_reg/latch
             EN      CK          -     0.0100    -    0.0882   -         i l
    khu_sensor_top/ads1292_filter/iir_hpf/clk_gate_r_add_B_reg_0/latch
             EN      CK        0.0695    -     0.0100   -      -         i l
    khu_sensor_top/ads1292_filter/iir_hpf/clk_gate_r_add_B_reg_0/latch
             EN      CK          -     0.0100    -    0.0869   -         i l
    khu_sensor_top/ads1292_filter/iir_hpf/clk_gate_r_y_data_reg/latch
             EN      CK        0.0686    -     0.0100   -      -         i l
    khu_sensor_top/ads1292_filter/iir_hpf/clk_gate_r_y_data_reg/latch
             EN      CK          -     0.0100    -    0.0803   -         i l
    khu_sensor_top/ads1292_filter/iir_notch/clk_gate_r_mult_1_A_reg/latch
             EN      CK        0.0425    -     0.0100   -      -         i l
    khu_sensor_top/ads1292_filter/iir_notch/clk_gate_r_mult_1_A_reg/latch
             EN      CK          -     0.0100    -    0.0930   -         i l
    khu_sensor_top/ads1292_filter/iir_notch/clk_gate_r_mult_3_AB_STB_reg/latch
             EN      CK        0.0477    -     0.0100   -      -         i l
    khu_sensor_top/ads1292_filter/iir_notch/clk_gate_r_mult_3_AB_STB_reg/latch
             EN      CK          -     0.0100    -    0.0863   -         i l
    khu_sensor_top/ads1292_filter/iir_notch/clk_gate_o_Y_DATA_reg_0/latch
             EN      CK        0.0751    -     0.0100   -      -         i l
    khu_sensor_top/ads1292_filter/iir_notch/clk_gate_o_Y_DATA_reg_0/latch
             EN      CK          -     0.0100    -    0.0821   -         i l
    khu_sensor_top/ads1292_filter/iir_notch/clk_gate_r_mult_3_A_reg_0/latch
             EN      CK        0.0696    -     0.0100   -      -         i l
    khu_sensor_top/ads1292_filter/iir_notch/clk_gate_r_mult_3_A_reg_0/latch
             EN      CK          -     0.0100    -    0.0897   -         i l
    khu_sensor_top/ads1292_filter/iir_notch/clk_gate_r_add_1_B_reg/latch
             EN      CK        0.0495    -     0.0100   -      -         i l
    khu_sensor_top/ads1292_filter/iir_notch/clk_gate_r_add_1_B_reg/latch
             EN      CK          -     0.0100    -    0.0880   -         i l
    khu_sensor_top/ads1292_filter/iir_notch/clk_gate_r_add_2_A_reg/latch
             EN      CK        0.0439    -     0.0100   -      -         i l
    khu_sensor_top/ads1292_filter/iir_notch/clk_gate_r_add_2_A_reg/latch
             EN      CK          -     0.0100    -    0.0919   -         i l
    khu_sensor_top/ads1292_filter/iir_notch/clk_gate_r_x_data_reg_1/latch
             EN      CK        0.1048    -     0.0192   -      -         i l
    khu_sensor_top/ads1292_filter/iir_notch/clk_gate_r_x_data_reg_1/latch
             EN      CK          -     0.0100    -    0.0582   -         i l
    khu_sensor_top/ads1292_filter/iir_notch/clk_gate_r_y_data_reg_0/latch
             EN      CK        0.1304    -     0.0267   -      -         i l
    khu_sensor_top/ads1292_filter/iir_notch/clk_gate_r_y_data_reg_0/latch
             EN      CK          -     0.0100    -    0.0507   -         i l
    khu_sensor_top/ads1292_filter/iir_notch/clk_gate_r_y_data_reg_1/latch
             EN      CK        0.1304    -     0.0267   -      -         i l
    khu_sensor_top/ads1292_filter/iir_notch/clk_gate_r_y_data_reg_1/latch
             EN      CK          -     0.0100    -    0.0507   -         i l
    khu_sensor_top/ads1292_filter/iir_lpf/clk_gate_o_Y_DATA_reg_0/latch
             EN      CK        0.0795    -     0.0100   -      -         i l
    khu_sensor_top/ads1292_filter/iir_lpf/clk_gate_o_Y_DATA_reg_0/latch
             EN      CK          -     0.0100    -    0.0764   -         i l
    khu_sensor_top/ads1292_filter/iir_lpf/clk_gate_r_add_B_reg/latch
             EN      CK        0.0684    -     0.0117   -      -         i l
    khu_sensor_top/ads1292_filter/iir_lpf/clk_gate_r_add_B_reg/latch
             EN      CK          -     0.0100    -    0.0864   -         i l
    khu_sensor_top/ads1292_filter/iir_lpf/clk_gate_r_y_data_reg_0/latch
             EN      CK        0.0924    -     0.0129   -      -         i l
    khu_sensor_top/ads1292_filter/iir_lpf/clk_gate_r_y_data_reg_0/latch
             EN      CK          -     0.0100    -    0.0657   -         i l
    khu_sensor_top/ads1292_filter/iir_lpf/clk_gate_r_x_data_reg_0/latch
             EN      CK        0.0924    -     0.0129   -      -         i l
    khu_sensor_top/ads1292_filter/iir_lpf/clk_gate_r_x_data_reg_0/latch
             EN      CK          -     0.0100    -    0.0657   -         i l
    khu_sensor_top/ads1292_filter/iir_lpf/clk_gate_r_mult_2_A_reg/latch
             EN      CK        0.0484    -     0.0100   -      -         i l
    khu_sensor_top/ads1292_filter/iir_lpf/clk_gate_r_mult_2_A_reg/latch
             EN      CK          -     0.0100    -    0.0896   -         i l
    khu_sensor_top/ads1292_filter/converter_i2f/clk_gate_a_reg_0/latch
             EN      CK        0.0902    -     0.0100   -      -         i l
    khu_sensor_top/ads1292_filter/converter_i2f/clk_gate_a_reg_0/latch
             EN      CK          -     0.0100    -    0.0732   -         i l
    khu_sensor_top/ads1292_filter/converter_i2f/clk_gate_value_reg_0/latch
             EN      CK        0.0634    -     0.0100   -      -         i l
    khu_sensor_top/ads1292_filter/converter_i2f/clk_gate_value_reg_0/latch
             EN      CK          -     0.0100    -    0.0878   -         i l
    khu_sensor_top/ads1292_filter/converter_i2f/clk_gate_z_e_reg/latch
             EN      CK        0.0663    -     0.0100   -      -         i l
    khu_sensor_top/ads1292_filter/converter_i2f/clk_gate_z_e_reg/latch
             EN      CK          -     0.0100    -    0.0891   -         i l
    khu_sensor_top/ads1292_filter/converter_i2f/clk_gate_o_Z_reg_0/latch
             EN      CK        0.0758    -     0.0100   -      -         i l
    khu_sensor_top/ads1292_filter/converter_i2f/clk_gate_o_Z_reg_0/latch
             EN      CK          -     0.0100    -    0.0762   -         i l
    khu_sensor_top/ads1292_filter/converter_i2f/clk_gate_z_reg_0/latch
             EN      CK        0.0822    -     0.0105   -      -         i l
    khu_sensor_top/ads1292_filter/converter_i2f/clk_gate_z_reg_0/latch
             EN      CK          -     0.0100    -    0.0805   -         i l
    khu_sensor_top/mpr121_controller/i2c_master/clk_gate_phy_rx_data_reg_reg_0/latch
             EN      CK        0.0689    -     0.0126   -      -         i l
    khu_sensor_top/mpr121_controller/i2c_master/clk_gate_phy_rx_data_reg_reg_0/latch
             EN      CK          -     0.0100    -    0.0834   -         i l
    khu_sensor_top/mpr121_controller/i2c_master/clk_gate_data_out_reg_reg_0/latch
             EN      CK        0.0612    -     0.0100   -      -         i l
    khu_sensor_top/mpr121_controller/i2c_master/clk_gate_data_out_reg_reg_0/latch
             EN      CK          -     0.0100    -    0.0865   -         i l
    khu_sensor_top/mpr121_controller/i2c_master/clk_gate_last_reg_reg/latch
             EN      CK        0.0833    -     0.0123   -      -         i l
    khu_sensor_top/mpr121_controller/i2c_master/clk_gate_last_reg_reg/latch
             EN      CK          -     0.0100    -    0.0835   -         i l
    khu_sensor_top/uart_controller/uart_rx/clk_gate_r_Bit_Index_reg/latch
             EN      CK        0.0697    -     0.0100   -      -         i l
    khu_sensor_top/uart_controller/uart_rx/clk_gate_r_Bit_Index_reg/latch
             EN      CK          -     0.0100    -    0.0782   -         i l
    khu_sensor_top/uart_controller/uart_tx/clk_gate_o_Tx_Serial_reg/latch
             EN      CK        0.0599    -     0.0100   -      -         i l
    khu_sensor_top/uart_controller/uart_tx/clk_gate_o_Tx_Serial_reg/latch
             EN      CK          -     0.0100    -    0.0923   -         i l
    khu_sensor_top/uart_controller/uart_tx/clk_gate_r_Tx_Data_reg_0/latch
             EN      CK        0.0404    -     0.0100   -      -         i l
    khu_sensor_top/uart_controller/uart_tx/clk_gate_r_Tx_Data_reg_0/latch
             EN      CK          -     0.0100    -    0.0960   -         i l
    khu_sensor_top/ads1292_filter/iir_hpf/mult/clk_gate_b_reg/latch
             EN      CK        0.1132    -     0.0134   -      -         i l
    khu_sensor_top/ads1292_filter/iir_hpf/mult/clk_gate_b_reg/latch
             EN      CK          -     0.0100    -    0.0662   -         i l
    khu_sensor_top/ads1292_filter/iir_hpf/mult/clk_gate_a_e_reg/latch
             EN      CK        0.0729    -     0.0102   -      -         i l
    khu_sensor_top/ads1292_filter/iir_hpf/mult/clk_gate_a_e_reg/latch
             EN      CK          -     0.0100    -    0.0839   -         i l
    khu_sensor_top/ads1292_filter/iir_hpf/mult/clk_gate_z_e_reg_0/latch
             EN      CK        0.0918    -     0.0130   -      -         i l
    khu_sensor_top/ads1292_filter/iir_hpf/mult/clk_gate_z_e_reg_0/latch
             EN      CK          -     0.0100    -    0.0669   -         i l
    khu_sensor_top/ads1292_filter/iir_hpf/mult/clk_gate_guard_reg/latch
             EN      CK        0.0754    -     0.0105   -      -         i l
    khu_sensor_top/ads1292_filter/iir_hpf/mult/clk_gate_guard_reg/latch
             EN      CK          -     0.0100    -    0.0688   -         i l
    khu_sensor_top/ads1292_filter/iir_hpf/mult/clk_gate_a_e_reg_0/latch
             EN      CK        0.0889    -     0.0152   -      -         i l
    khu_sensor_top/ads1292_filter/iir_hpf/mult/clk_gate_a_e_reg_0/latch
             EN      CK          -     0.0100    -    0.0723   -         i l
    khu_sensor_top/ads1292_filter/iir_hpf/mult/clk_gate_b_e_reg/latch
             EN      CK        0.0841    -     0.0126   -      -         i l
    khu_sensor_top/ads1292_filter/iir_hpf/mult/clk_gate_b_e_reg/latch
             EN      CK          -     0.0100    -    0.0770   -         i l
    khu_sensor_top/ads1292_filter/iir_hpf/mult/clk_gate_R_39/latch
             EN      CK        0.0844    -     0.0107   -      -         i l
    khu_sensor_top/ads1292_filter/iir_hpf/mult/clk_gate_R_39/latch
             EN      CK          -     0.0100    -    0.0689   -         i l
    khu_sensor_top/ads1292_filter/iir_hpf/mult/clk_gate_o_Z_reg_0/latch
             EN      CK        0.0585    -     0.0100   -      -         i l
    khu_sensor_top/ads1292_filter/iir_hpf/mult/clk_gate_o_Z_reg_0/latch
             EN      CK          -     0.0100    -    0.0818   -         i l
    khu_sensor_top/ads1292_filter/iir_hpf/mult/clk_gate_z_reg_0/latch
             EN      CK        0.0589    -     0.0100   -      -         i l
    khu_sensor_top/ads1292_filter/iir_hpf/mult/clk_gate_z_reg_0/latch
             EN      CK          -     0.0100    -    0.0856   -         i l
    khu_sensor_top/ads1292_filter/iir_hpf/add/clk_gate_b_reg/latch
             EN      CK        0.1022    -     0.0131   -      -         i l
    khu_sensor_top/ads1292_filter/iir_hpf/add/clk_gate_b_reg/latch
             EN      CK          -     0.0100    -    0.0658   -         i l
    khu_sensor_top/ads1292_filter/iir_hpf/add/clk_gate_a_e_reg_1/latch
             EN      CK        0.0646    -     0.0100   -      -         i l
    khu_sensor_top/ads1292_filter/iir_hpf/add/clk_gate_a_e_reg_1/latch
             EN      CK          -     0.0100    -    0.0898   -         i l
    khu_sensor_top/ads1292_filter/iir_hpf/add/clk_gate_z_e_reg_0/latch
             EN      CK        0.0879    -     0.0137   -      -         i l
    khu_sensor_top/ads1292_filter/iir_hpf/add/clk_gate_z_e_reg_0/latch
             EN      CK          -     0.0100    -    0.0673   -         i l
    khu_sensor_top/ads1292_filter/iir_hpf/add/clk_gate_sticky_reg/latch
             EN      CK        0.0900    -     0.0109   -      -         i l
    khu_sensor_top/ads1292_filter/iir_hpf/add/clk_gate_sticky_reg/latch
             EN      CK          -     0.0100    -    0.0682   -         i l
    khu_sensor_top/ads1292_filter/iir_hpf/add/clk_gate_b_s_reg/latch
             EN      CK        0.0701    -     0.0105   -      -         i l
    khu_sensor_top/ads1292_filter/iir_hpf/add/clk_gate_b_s_reg/latch
             EN      CK          -     0.0100    -    0.0687   -         i l
    khu_sensor_top/ads1292_filter/iir_hpf/add/clk_gate_b_m_reg_0/latch
             EN      CK        0.0705    -     0.0100   -      -         i l
    khu_sensor_top/ads1292_filter/iir_hpf/add/clk_gate_b_m_reg_0/latch
             EN      CK          -     0.0100    -    0.0747   -         i l
    khu_sensor_top/ads1292_filter/iir_hpf/add/clk_gate_sum_reg_0/latch
             EN      CK        0.1152    -     0.0239   -      -         i l
    khu_sensor_top/ads1292_filter/iir_hpf/add/clk_gate_sum_reg_0/latch
             EN      CK          -     0.0100    -    0.0527   -         i l
    khu_sensor_top/ads1292_filter/iir_hpf/add/clk_gate_o_Z_reg_0/latch
             EN      CK        0.1347    -     0.0178   -      -         i l
    khu_sensor_top/ads1292_filter/iir_hpf/add/clk_gate_o_Z_reg_0/latch
             EN      CK          -     0.0100    -    0.0625   -         i l
    khu_sensor_top/ads1292_filter/iir_hpf/add/clk_gate_z_reg_0/latch
             EN      CK        0.0781    -     0.0108   -      -         i l
    khu_sensor_top/ads1292_filter/iir_hpf/add/clk_gate_z_reg_0/latch
             EN      CK          -     0.0100    -    0.0778   -         i l
    khu_sensor_top/ads1292_filter/iir_notch/mult_3/clk_gate_R_43/latch
             EN      CK        0.0894    -     0.0101   -      -         i l
    khu_sensor_top/ads1292_filter/iir_notch/mult_3/clk_gate_R_43/latch
             EN      CK          -     0.0100    -    0.0782   -         i l
    khu_sensor_top/ads1292_filter/iir_notch/mult_3/clk_gate_a_e_reg/latch
             EN      CK        0.0658    -     0.0100   -      -         i l
    khu_sensor_top/ads1292_filter/iir_notch/mult_3/clk_gate_a_e_reg/latch
             EN      CK          -     0.0100    -    0.0835   -         i l
    khu_sensor_top/ads1292_filter/iir_notch/mult_3/clk_gate_z_e_reg_0/latch
             EN      CK        0.1262    -     0.0220   -      -         i l
    khu_sensor_top/ads1292_filter/iir_notch/mult_3/clk_gate_z_e_reg_0/latch
             EN      CK          -     0.0100    -    0.0558   -         i l
    khu_sensor_top/ads1292_filter/iir_notch/mult_3/clk_gate_guard_reg/latch
             EN      CK        0.0753    -     0.0104   -      -         i l
    khu_sensor_top/ads1292_filter/iir_notch/mult_3/clk_gate_guard_reg/latch
             EN      CK          -     0.0100    -    0.0688   -         i l
    khu_sensor_top/ads1292_filter/iir_notch/mult_3/clk_gate_a_e_reg_0/latch
             EN      CK        0.0849    -     0.0123   -      -         i l
    khu_sensor_top/ads1292_filter/iir_notch/mult_3/clk_gate_a_e_reg_0/latch
             EN      CK          -     0.0100    -    0.0716   -         i l
    khu_sensor_top/ads1292_filter/iir_notch/mult_3/clk_gate_R_28/latch
             EN      CK        0.0804    -     0.0118   -      -         i l
    khu_sensor_top/ads1292_filter/iir_notch/mult_3/clk_gate_R_28/latch
             EN      CK          -     0.0100    -    0.0795   -         i l
    khu_sensor_top/ads1292_filter/iir_notch/mult_3/clk_gate_R_38/latch
             EN      CK        0.1136    -     0.0244   -      -         i l
    khu_sensor_top/ads1292_filter/iir_notch/mult_3/clk_gate_R_38/latch
             EN      CK          -     0.0100    -    0.0526   -         i l
    khu_sensor_top/ads1292_filter/iir_notch/mult_3/clk_gate_o_Z_reg_0/latch
             EN      CK        0.0669    -     0.0109   -      -         i l
    khu_sensor_top/ads1292_filter/iir_notch/mult_3/clk_gate_o_Z_reg_0/latch
             EN      CK          -     0.0100    -    0.0680   -         i l
    khu_sensor_top/ads1292_filter/iir_notch/mult_3/clk_gate_z_reg_0/latch
             EN      CK        0.0548    -     0.0100   -      -         i l
    khu_sensor_top/ads1292_filter/iir_notch/mult_3/clk_gate_z_reg_0/latch
             EN      CK          -     0.0100    -    0.0860   -         i l
    khu_sensor_top/ads1292_filter/iir_notch/mult_2/clk_gate_R_42/latch
             EN      CK        0.0889    -     0.0100   -      -         i l
    khu_sensor_top/ads1292_filter/iir_notch/mult_2/clk_gate_R_42/latch
             EN      CK          -     0.0100    -    0.0779   -         i l
    khu_sensor_top/ads1292_filter/iir_notch/mult_2/clk_gate_a_e_reg/latch
             EN      CK        0.0647    -     0.0100   -      -         i l
    khu_sensor_top/ads1292_filter/iir_notch/mult_2/clk_gate_a_e_reg/latch
             EN      CK          -     0.0100    -    0.0880   -         i l
    khu_sensor_top/ads1292_filter/iir_notch/mult_2/clk_gate_z_e_reg_0/latch
             EN      CK        0.1041    -     0.0164   -      -         i l
    khu_sensor_top/ads1292_filter/iir_notch/mult_2/clk_gate_z_e_reg_0/latch
             EN      CK          -     0.0100    -    0.0628   -         i l
    khu_sensor_top/ads1292_filter/iir_notch/mult_2/clk_gate_guard_reg/latch
             EN      CK        0.0741    -     0.0101   -      -         i l
    khu_sensor_top/ads1292_filter/iir_notch/mult_2/clk_gate_guard_reg/latch
             EN      CK          -     0.0100    -    0.0702   -         i l
    khu_sensor_top/ads1292_filter/iir_notch/mult_2/clk_gate_a_e_reg_0/latch
             EN      CK        0.0867    -     0.0130   -      -         i l
    khu_sensor_top/ads1292_filter/iir_notch/mult_2/clk_gate_a_e_reg_0/latch
             EN      CK          -     0.0100    -    0.0680   -         i l
    khu_sensor_top/ads1292_filter/iir_notch/mult_2/clk_gate_R_22/latch
             EN      CK        0.0873    -     0.0138   -      -         i l
    khu_sensor_top/ads1292_filter/iir_notch/mult_2/clk_gate_R_22/latch
             EN      CK          -     0.0100    -    0.0753   -         i l
    khu_sensor_top/ads1292_filter/iir_notch/mult_2/clk_gate_R_37/latch
             EN      CK        0.0846    -     0.0125   -      -         i l
    khu_sensor_top/ads1292_filter/iir_notch/mult_2/clk_gate_R_37/latch
             EN      CK          -     0.0100    -    0.0677   -         i l
    khu_sensor_top/ads1292_filter/iir_notch/mult_2/clk_gate_o_Z_reg_0/latch
             EN      CK        0.0583    -     0.0100   -      -         i l
    khu_sensor_top/ads1292_filter/iir_notch/mult_2/clk_gate_o_Z_reg_0/latch
             EN      CK          -     0.0100    -    0.0792   -         i l
    khu_sensor_top/ads1292_filter/iir_notch/mult_2/clk_gate_z_reg_0/latch
             EN      CK        0.0581    -     0.0100   -      -         i l
    khu_sensor_top/ads1292_filter/iir_notch/mult_2/clk_gate_z_reg_0/latch
             EN      CK          -     0.0100    -    0.0857   -         i l
    khu_sensor_top/ads1292_filter/iir_notch/mult_1/clk_gate_R_41/latch
             EN      CK        0.1062    -     0.0121   -      -         i l
    khu_sensor_top/ads1292_filter/iir_notch/mult_1/clk_gate_R_41/latch
             EN      CK          -     0.0100    -    0.0672   -         i l
    khu_sensor_top/ads1292_filter/iir_notch/mult_1/clk_gate_a_e_reg/latch
             EN      CK        0.0629    -     0.0100   -      -         i l
    khu_sensor_top/ads1292_filter/iir_notch/mult_1/clk_gate_a_e_reg/latch
             EN      CK          -     0.0100    -    0.0886   -         i l
    khu_sensor_top/ads1292_filter/iir_notch/mult_1/clk_gate_z_e_reg_0/latch
             EN      CK        0.1355    -     0.0250   -      -         i l
    khu_sensor_top/ads1292_filter/iir_notch/mult_1/clk_gate_z_e_reg_0/latch
             EN      CK          -     0.0100    -    0.0526   -         i l
    khu_sensor_top/ads1292_filter/iir_notch/mult_1/clk_gate_guard_reg/latch
             EN      CK        0.0755    -     0.0105   -      -         i l
    khu_sensor_top/ads1292_filter/iir_notch/mult_1/clk_gate_guard_reg/latch
             EN      CK          -     0.0100    -    0.0688   -         i l
    khu_sensor_top/ads1292_filter/iir_notch/mult_1/clk_gate_a_e_reg_0/latch
             EN      CK        0.0931    -     0.0183   -      -         i l
    khu_sensor_top/ads1292_filter/iir_notch/mult_1/clk_gate_a_e_reg_0/latch
             EN      CK          -     0.0100    -    0.0700   -         i l
    khu_sensor_top/ads1292_filter/iir_notch/mult_1/clk_gate_R_16/latch
             EN      CK        0.0828    -     0.0125   -      -         i l
    khu_sensor_top/ads1292_filter/iir_notch/mult_1/clk_gate_R_16/latch
             EN      CK          -     0.0100    -    0.0770   -         i l
    khu_sensor_top/ads1292_filter/iir_notch/mult_1/clk_gate_R_36/latch
             EN      CK        0.1155    -     0.0250   -      -         i l
    khu_sensor_top/ads1292_filter/iir_notch/mult_1/clk_gate_R_36/latch
             EN      CK          -     0.0100    -    0.0519   -         i l
    khu_sensor_top/ads1292_filter/iir_notch/mult_1/clk_gate_o_Z_reg_0/latch
             EN      CK        0.0568    -     0.0100   -      -         i l
    khu_sensor_top/ads1292_filter/iir_notch/mult_1/clk_gate_o_Z_reg_0/latch
             EN      CK          -     0.0100    -    0.0808   -         i l
    khu_sensor_top/ads1292_filter/iir_notch/mult_1/clk_gate_z_reg_0/latch
             EN      CK        0.0620    -     0.0100   -      -         i l
    khu_sensor_top/ads1292_filter/iir_notch/mult_1/clk_gate_z_reg_0/latch
             EN      CK          -     0.0100    -    0.0839   -         i l
    khu_sensor_top/ads1292_filter/iir_notch/add_2/clk_gate_b_reg/latch
             EN      CK        0.0901    -     0.0103   -      -         i l
    khu_sensor_top/ads1292_filter/iir_notch/add_2/clk_gate_b_reg/latch
             EN      CK          -     0.0100    -    0.0731   -         i l
    khu_sensor_top/ads1292_filter/iir_notch/add_2/clk_gate_a_e_reg_1/latch
             EN      CK        0.0696    -     0.0100   -      -         i l
    khu_sensor_top/ads1292_filter/iir_notch/add_2/clk_gate_a_e_reg_1/latch
             EN      CK          -     0.0100    -    0.0796   -         i l
    khu_sensor_top/ads1292_filter/iir_notch/add_2/clk_gate_z_e_reg_0/latch
             EN      CK        0.0881    -     0.0135   -      -         i l
    khu_sensor_top/ads1292_filter/iir_notch/add_2/clk_gate_z_e_reg_0/latch
             EN      CK          -     0.0100    -    0.0670   -         i l
    khu_sensor_top/ads1292_filter/iir_notch/add_2/clk_gate_sticky_reg/latch
             EN      CK        0.0878    -     0.0108   -      -         i l
    khu_sensor_top/ads1292_filter/iir_notch/add_2/clk_gate_sticky_reg/latch
             EN      CK          -     0.0100    -    0.0701   -         i l
    khu_sensor_top/ads1292_filter/iir_notch/add_2/clk_gate_b_s_reg/latch
             EN      CK        0.0701    -     0.0100   -      -         i l
    khu_sensor_top/ads1292_filter/iir_notch/add_2/clk_gate_b_s_reg/latch
             EN      CK          -     0.0100    -    0.0708   -         i l
    khu_sensor_top/ads1292_filter/iir_notch/add_2/clk_gate_b_m_reg_0/latch
             EN      CK        0.0679    -     0.0100   -      -         i l
    khu_sensor_top/ads1292_filter/iir_notch/add_2/clk_gate_b_m_reg_0/latch
             EN      CK          -     0.0100    -    0.0760   -         i l
    khu_sensor_top/ads1292_filter/iir_notch/add_2/clk_gate_sum_reg_0/latch
             EN      CK        0.1168    -     0.0244   -      -         i l
    khu_sensor_top/ads1292_filter/iir_notch/add_2/clk_gate_sum_reg_0/latch
             EN      CK          -     0.0100    -    0.0521   -         i l
    khu_sensor_top/ads1292_filter/iir_notch/add_2/clk_gate_o_Z_reg_0/latch
             EN      CK        0.1623    -     0.0219   -      -         i l
    khu_sensor_top/ads1292_filter/iir_notch/add_2/clk_gate_o_Z_reg_0/latch
             EN      CK          -     0.0100    -    0.0576   -         i l
    khu_sensor_top/ads1292_filter/iir_notch/add_2/clk_gate_z_reg_0/latch
             EN      CK        0.0830    -     0.0116   -      -         i l
    khu_sensor_top/ads1292_filter/iir_notch/add_2/clk_gate_z_reg_0/latch
             EN      CK          -     0.0100    -    0.0732   -         i l
    khu_sensor_top/ads1292_filter/iir_notch/add_1/clk_gate_z_reg_0/latch
             EN      CK        0.0845    -     0.0121   -      -         i l
    khu_sensor_top/ads1292_filter/iir_notch/add_1/clk_gate_z_reg_0/latch
             EN      CK          -     0.0100    -    0.0696   -         i l
    khu_sensor_top/ads1292_filter/iir_notch/add_1/clk_gate_b_reg/latch
             EN      CK        0.1265    -     0.0160   -      -         i l
    khu_sensor_top/ads1292_filter/iir_notch/add_1/clk_gate_b_reg/latch
             EN      CK          -     0.0100    -    0.0632   -         i l
    khu_sensor_top/ads1292_filter/iir_notch/add_1/clk_gate_a_e_reg_1/latch
             EN      CK        0.0709    -     0.0100   -      -         i l
    khu_sensor_top/ads1292_filter/iir_notch/add_1/clk_gate_a_e_reg_1/latch
             EN      CK          -     0.0100    -    0.0806   -         i l
    khu_sensor_top/ads1292_filter/iir_notch/add_1/clk_gate_z_e_reg_0/latch
             EN      CK        0.0883    -     0.0144   -      -         i l
    khu_sensor_top/ads1292_filter/iir_notch/add_1/clk_gate_z_e_reg_0/latch
             EN      CK          -     0.0100    -    0.0670   -         i l
    khu_sensor_top/ads1292_filter/iir_notch/add_1/clk_gate_sticky_reg/latch
             EN      CK        0.0822    -     0.0100   -      -         i l
    khu_sensor_top/ads1292_filter/iir_notch/add_1/clk_gate_sticky_reg/latch
             EN      CK          -     0.0100    -    0.0746   -         i l
    khu_sensor_top/ads1292_filter/iir_notch/add_1/clk_gate_b_s_reg/latch
             EN      CK        0.0697    -     0.0100   -      -         i l
    khu_sensor_top/ads1292_filter/iir_notch/add_1/clk_gate_b_s_reg/latch
             EN      CK          -     0.0100    -    0.0727   -         i l
    khu_sensor_top/ads1292_filter/iir_notch/add_1/clk_gate_b_m_reg_0/latch
             EN      CK        0.0665    -     0.0100   -      -         i l
    khu_sensor_top/ads1292_filter/iir_notch/add_1/clk_gate_b_m_reg_0/latch
             EN      CK          -     0.0100    -    0.0754   -         i l
    khu_sensor_top/ads1292_filter/iir_notch/add_1/clk_gate_sum_reg_0/latch
             EN      CK        0.1146    -     0.0238   -      -         i l
    khu_sensor_top/ads1292_filter/iir_notch/add_1/clk_gate_sum_reg_0/latch
             EN      CK          -     0.0100    -    0.0528   -         i l
    khu_sensor_top/ads1292_filter/iir_notch/add_1/clk_gate_o_Z_reg_0/latch
             EN      CK        0.2158    -     0.0303   -      -         i l
    khu_sensor_top/ads1292_filter/iir_notch/add_1/clk_gate_o_Z_reg_0/latch
             EN      CK          -     0.0100    -    0.0475   -         i l
    khu_sensor_top/ads1292_filter/iir_lpf/mult_2/clk_gate_R_40/latch
             EN      CK        0.1141    -     0.0128   -      -         i l
    khu_sensor_top/ads1292_filter/iir_lpf/mult_2/clk_gate_R_40/latch
             EN      CK          -     0.0100    -    0.0661   -         i l
    khu_sensor_top/ads1292_filter/iir_lpf/mult_2/clk_gate_a_e_reg/latch
             EN      CK        0.0717    -     0.0100   -      -         i l
    khu_sensor_top/ads1292_filter/iir_lpf/mult_2/clk_gate_a_e_reg/latch
             EN      CK          -     0.0100    -    0.0860   -         i l
    khu_sensor_top/ads1292_filter/iir_lpf/mult_2/clk_gate_z_e_reg_0/latch
             EN      CK        0.0936    -     0.0133   -      -         i l
    khu_sensor_top/ads1292_filter/iir_lpf/mult_2/clk_gate_z_e_reg_0/latch
             EN      CK          -     0.0100    -    0.0664   -         i l
    khu_sensor_top/ads1292_filter/iir_lpf/mult_2/clk_gate_guard_reg/latch
             EN      CK        0.0775    -     0.0111   -      -         i l
    khu_sensor_top/ads1292_filter/iir_lpf/mult_2/clk_gate_guard_reg/latch
             EN      CK          -     0.0100    -    0.0681   -         i l
    khu_sensor_top/ads1292_filter/iir_lpf/mult_2/clk_gate_a_e_reg_0/latch
             EN      CK        0.0883    -     0.0137   -      -         i l
    khu_sensor_top/ads1292_filter/iir_lpf/mult_2/clk_gate_a_e_reg_0/latch
             EN      CK          -     0.0100    -    0.0699   -         i l
    khu_sensor_top/ads1292_filter/iir_lpf/mult_2/clk_gate_R_10/latch
             EN      CK        0.0850    -     0.0145   -      -         i l
    khu_sensor_top/ads1292_filter/iir_lpf/mult_2/clk_gate_R_10/latch
             EN      CK          -     0.0100    -    0.0778   -         i l
    khu_sensor_top/ads1292_filter/iir_lpf/mult_2/clk_gate_R_35/latch
             EN      CK        0.1134    -     0.0243   -      -         i l
    khu_sensor_top/ads1292_filter/iir_lpf/mult_2/clk_gate_R_35/latch
             EN      CK          -     0.0100    -    0.0534   -         i l
    khu_sensor_top/ads1292_filter/iir_lpf/mult_2/clk_gate_o_Z_reg_0/latch
             EN      CK        0.0582    -     0.0100   -      -         i l
    khu_sensor_top/ads1292_filter/iir_lpf/mult_2/clk_gate_o_Z_reg_0/latch
             EN      CK          -     0.0100    -    0.0837   -         i l
    khu_sensor_top/ads1292_filter/iir_lpf/mult_2/clk_gate_z_reg_0/latch
             EN      CK        0.0622    -     0.0100   -      -         i l
    khu_sensor_top/ads1292_filter/iir_lpf/mult_2/clk_gate_z_reg_0/latch
             EN      CK          -     0.0100    -    0.0839   -         i l
    khu_sensor_top/ads1292_filter/iir_lpf/mult_1/clk_gate_b_reg/latch
             EN      CK        0.1313    -     0.0183   -      -         i l
    khu_sensor_top/ads1292_filter/iir_lpf/mult_1/clk_gate_b_reg/latch
             EN      CK          -     0.0100    -    0.0597   -         i l
    khu_sensor_top/ads1292_filter/iir_lpf/mult_1/clk_gate_a_e_reg/latch
             EN      CK        0.0649    -     0.0100   -      -         i l
    khu_sensor_top/ads1292_filter/iir_lpf/mult_1/clk_gate_a_e_reg/latch
             EN      CK          -     0.0100    -    0.0877   -         i l
    khu_sensor_top/ads1292_filter/iir_lpf/mult_1/clk_gate_z_e_reg_0/latch
             EN      CK        0.1263    -     0.0224   -      -         i l
    khu_sensor_top/ads1292_filter/iir_lpf/mult_1/clk_gate_z_e_reg_0/latch
             EN      CK          -     0.0100    -    0.0556   -         i l
    khu_sensor_top/ads1292_filter/iir_lpf/mult_1/clk_gate_guard_reg/latch
             EN      CK        0.0754    -     0.0105   -      -         i l
    khu_sensor_top/ads1292_filter/iir_lpf/mult_1/clk_gate_guard_reg/latch
             EN      CK          -     0.0100    -    0.0690   -         i l
    khu_sensor_top/ads1292_filter/iir_lpf/mult_1/clk_gate_a_e_reg_0/latch
             EN      CK        0.0852    -     0.0126   -      -         i l
    khu_sensor_top/ads1292_filter/iir_lpf/mult_1/clk_gate_a_e_reg_0/latch
             EN      CK          -     0.0100    -    0.0676   -         i l
    khu_sensor_top/ads1292_filter/iir_lpf/mult_1/clk_gate_b_e_reg/latch
             EN      CK        0.0819    -     0.0123   -      -         i l
    khu_sensor_top/ads1292_filter/iir_lpf/mult_1/clk_gate_b_e_reg/latch
             EN      CK          -     0.0100    -    0.0785   -         i l
    khu_sensor_top/ads1292_filter/iir_lpf/mult_1/clk_gate_z_s_reg/latch
             EN      CK        0.1108    -     0.0234   -      -         i l
    khu_sensor_top/ads1292_filter/iir_lpf/mult_1/clk_gate_z_s_reg/latch
             EN      CK          -     0.0100    -    0.0535   -         i l
    khu_sensor_top/ads1292_filter/iir_lpf/mult_1/clk_gate_o_Z_reg_0/latch
             EN      CK        0.0623    -     0.0100   -      -         i l
    khu_sensor_top/ads1292_filter/iir_lpf/mult_1/clk_gate_o_Z_reg_0/latch
             EN      CK          -     0.0100    -    0.0738   -         i l
    khu_sensor_top/ads1292_filter/iir_lpf/mult_1/clk_gate_z_reg_0/latch
             EN      CK        0.0612    -     0.0100   -      -         i l
    khu_sensor_top/ads1292_filter/iir_lpf/mult_1/clk_gate_z_reg_0/latch
             EN      CK          -     0.0100    -    0.0866   -         i l
    khu_sensor_top/ads1292_filter/iir_lpf/add/clk_gate_b_reg/latch
             EN      CK        0.0957    -     0.0127   -      -         i l
    khu_sensor_top/ads1292_filter/iir_lpf/add/clk_gate_b_reg/latch
             EN      CK          -     0.0100    -    0.0683   -         i l
    khu_sensor_top/ads1292_filter/iir_lpf/add/clk_gate_a_e_reg_1/latch
             EN      CK        0.0637    -     0.0100   -      -         i l
    khu_sensor_top/ads1292_filter/iir_lpf/add/clk_gate_a_e_reg_1/latch
             EN      CK          -     0.0100    -    0.0886   -         i l
    khu_sensor_top/ads1292_filter/iir_lpf/add/clk_gate_z_e_reg_0/latch
             EN      CK        0.0991    -     0.0153   -      -         i l
    khu_sensor_top/ads1292_filter/iir_lpf/add/clk_gate_z_e_reg_0/latch
             EN      CK          -     0.0100    -    0.0634   -         i l
    khu_sensor_top/ads1292_filter/iir_lpf/add/clk_gate_sticky_reg/latch
             EN      CK        0.0787    -     0.0100   -      -         i l
    khu_sensor_top/ads1292_filter/iir_lpf/add/clk_gate_sticky_reg/latch
             EN      CK          -     0.0100    -    0.0794   -         i l
    khu_sensor_top/ads1292_filter/iir_lpf/add/clk_gate_b_s_reg/latch
             EN      CK        0.0677    -     0.0100   -      -         i l
    khu_sensor_top/ads1292_filter/iir_lpf/add/clk_gate_b_s_reg/latch
             EN      CK          -     0.0100    -    0.0750   -         i l
    khu_sensor_top/ads1292_filter/iir_lpf/add/clk_gate_b_m_reg_0/latch
             EN      CK        0.0675    -     0.0100   -      -         i l
    khu_sensor_top/ads1292_filter/iir_lpf/add/clk_gate_b_m_reg_0/latch
             EN      CK          -     0.0100    -    0.0765   -         i l
    khu_sensor_top/ads1292_filter/iir_lpf/add/clk_gate_sum_reg_0/latch
             EN      CK        0.0867    -     0.0110   -      -         i l
    khu_sensor_top/ads1292_filter/iir_lpf/add/clk_gate_sum_reg_0/latch
             EN      CK          -     0.0100    -    0.0713   -         i l
    khu_sensor_top/ads1292_filter/iir_lpf/add/clk_gate_o_Z_reg_0/latch
             EN      CK        0.1202    -     0.0166   -      -         i l
    khu_sensor_top/ads1292_filter/iir_lpf/add/clk_gate_o_Z_reg_0/latch
             EN      CK          -     0.0100    -    0.0650   -         i l
    khu_sensor_top/ads1292_filter/iir_lpf/add/clk_gate_z_reg_0/latch
             EN      CK        0.0801    -     0.0106   -      -         i l
    khu_sensor_top/ads1292_filter/iir_lpf/add/clk_gate_z_reg_0/latch
             EN      CK          -     0.0100    -    0.0719   -         i l
Disabled:
    None

Attr: 
i:auto inferred, p:power compiler inserted, l:library cell defined
1
 
****************************************
Report : clock_gating
        -structure
Design : khu_sensor_pad
Scenario(s): func1_wst
Version: N-2017.09
Date   : Tue Nov 17 18:52:58 2020
****************************************



                             Clock Gating Summary
          ------------------------------------------------------------
          |    Number of Clock gating elements    |        0         |
          |                                       |                  |
          |    Number of Gated registers          |     0 (0.00%)    |
          |                                       |                  |
          |    Number of Ungated registers        |  5213 (100.00%)  |
          |                                       |                  |
          |    Maximum number of stages           |        -         |
          |                                       |                  |
          |    Total number of registers          |     5213         |
          ------------------------------------------------------------



1
