 
****************************************
Report : timing
        -path full
        -delay max
        -physical
        -derate
        -input_pins
        -nets
        -slack_lesser_than 0.0100
        -max_paths 100
        -transition_time
        -capacitance
Design : khu_sensor_pad
Scenario(s): func1_wst
Version: N-2017.09
Date   : Sat Sep  5 05:50:43 2020
****************************************

 * Some/all delay information is back-annotated.
	Scenario            : func1_wst
	Parasitic source    : LPE
	Parasitic mode      : RealRVirtualC
	Extraction mode     : MIN_MAX
	Extraction derating : 125/125

Information: Percent of Arnoldi-based delays =  0.00% on scenario func1_wst
No paths.

1
