Information: Scenario funccts_wst either not exists or is inactive. report_qor will skip it. (UID-1059)
 
****************************************
Report : qor
Design : khu_sensor_pad
Scenario(s): func1_wst funccts_wst
Version: N-2017.09
Date   : Sat Sep  5 05:50:39 2020
****************************************


  Scenario 'func1_wst'
  Timing Path Group 'REGIN'
  -----------------------------------
  Levels of Logic:             1.0000
  Critical Path Length:        1.6197
  Critical Path Slack:         3.5370
  Critical Path Clk Period:   12.0000
  Total Negative Slack:        0.0000
  No. of Violating Paths:      0.0000
  Worst Hold Violation:        0.0000
  Total Hold Violation:        0.0000
  No. of Hold Violations:      0.0000
  -----------------------------------

  Scenario 'func1_wst'
  Timing Path Group 'REGOUT'
  -----------------------------------
  Levels of Logic:             3.0000
  Critical Path Length:        4.0104
  Critical Path Slack:         1.2496
  Critical Path Clk Period:    6.0000
  Total Negative Slack:        0.0000
  No. of Violating Paths:      0.0000
  Worst Hold Violation:        0.0000
  Total Hold Violation:        0.0000
  No. of Hold Violations:      0.0000
  -----------------------------------

  Scenario 'func1_wst'
  Timing Path Group 'clk_half'
  -----------------------------------
  Levels of Logic:            13.0000
  Critical Path Length:        4.6735
  Critical Path Slack:         6.8365
  Critical Path Clk Period:   12.0000
  Total Negative Slack:        0.0000
  No. of Violating Paths:      0.0000
  Worst Hold Violation:       -0.2114
  Total Hold Violation:       -1.7126
  No. of Hold Violations:      9.0000
  -----------------------------------


  Cell Count
  -----------------------------------
  Hierarchical Cell Count:        110
  Hierarchical Port Count:       5189
  Leaf Cell Count:              23031
  Buf/Inv Cell Count:            2625
  Buf Cell Count:                  16
  Inv Cell Count:                2609
  CT Buf/Inv Cell Count:            0
  Combinational Cell Count:     17651
  Sequential Cell Count:         5380
  Macro Count:                      0
  -----------------------------------


  Area
  -----------------------------------
  Combinational Area:      46935.3452
  Noncombinational Area:   36134.3234
  Buf/Inv Area:             1925.3406
  Total Buffer Area:          22.0000
  Total Inverter Area:      1903.3406
  Macro/Black Box Area:        0.0000
  Net Area:                  806.9671
  Net XLength        :   9715822.0000
  Net YLength        :   8793208.0000
  -----------------------------------
  Cell Area:               83069.6686
  Design Area:             83876.6357
  Net Length        :   18509030.0000


  Design Rules
  -----------------------------------
  Total Number of Nets:         25552
  Nets With Violations:          6777
  Max Trans Violations:            18
  Max Cap Violations:              92
  Max Net Length Violations:     6710
  -----------------------------------


  Hostname: vlsi-dist.khu.ac.kr

  Compile CPU Statistics
  -----------------------------------------
  Resource Sharing:                  0.0000
  Logic Optimization:                0.0000
  Mapping Optimization:             31.5522
  -----------------------------------------
  Overall Compile Time:             32.2051
  Overall Compile Wall Clock Time:  32.3059

  --------------------------------------------------------------------

  Scenario: func1_wst   WNS: 0.0000  TNS: 0.0000  Number of Violating Paths: 0
  Design  WNS: 0.0000  TNS: 0.0000  Number of Violating Paths: 0


  Scenario: func1_wst  (Hold)  WNS: 0.2114  TNS: 1.7126  Number of Violating Paths: 9
  Design (Hold)  WNS: 0.2114  TNS: 1.7126  Number of Violating Paths: 9

  --------------------------------------------------------------------


1
