***********************************************
Report          : create_qor_snapshot (03_place_opt)
Design          : khu_sensor_pad
Version         : N-2017.09
Date            : Tue Nov 17 18:52:51 2020
Time unit       : 1.0e-09 Second(ns)
Capacitance unit: 1.0e-12 Farad(pF)
Voltage unit    : 1 Volt
Power unit      : 1.0e-03 Watt(mW)
Location        : /home/VLSI_graduated_2020/2015104027/khu_sensor/03_Physical_Synthesis/snapshot
***********************************************
No. of scenario = 1
s1 = func1_wst
--------------------------------------------------
WNS of each timing group:                       s1 
--------------------------------------------------
default                                    -2.0866 
--------------------------------------------------
Setup WNS:                                 -2.0866 
Setup TNS:                               -2188.2461
Number of setup violations:                   4927  
Hold WNS:                                   0.0000  
Hold TNS:                                   0.0000  
Number of hold violations:                       0  
Number of max trans violations:               1129  
Number of max cap violations:                  360  
Number of min pulse width violations:            0  
Route drc violations:                            0
--------------------------------------------------
Area:                                        87637
Cell count:                                  27165
Buf/inv cell count:                           4015
Std cell utilization:                       39.75%
CPU/ELAPSE(hr):                          0.09/0.12
Mem(Mb):                                      1058
Host name:                               vlsi-dist.khu.ac.kr
--------------------------------------------------
Histogram:             s1 
--------------------------------------------------
Max violations:      4927 
   above ~ -0.7  ---  668 
    -0.6 ~ -0.7  ---  144 
    -0.5 ~ -0.6  ---  540 
    -0.4 ~ -0.5  --- 1917 
    -0.3 ~ -0.4  ---  434 
    -0.2 ~ -0.3  ---   16 
    -0.1 ~ -0.2  ---    0 
       0 ~ -0.1  --- 1208 
--------------------------------------------------
Min violations:         0 
  -0.06 ~ above  ---    0 
  -0.05 ~ -0.06  ---    0 
  -0.04 ~ -0.05  ---    0 
  -0.03 ~ -0.04  ---    0 
  -0.02 ~ -0.03  ---    0 
  -0.01 ~ -0.02  ---    0 
      0 ~ -0.01  ---    0 
--------------------------------------------------
Snapshot report (snap.rpt) is created and can be viewed using file "/home/VLSI_graduated_2020/2015104027/khu_sensor/03_Physical_Synthesis/snapshot/snap.rpt.html"
1
